
Running N4 for 3-dimensional images.

Mask not read.  Using the entire image as the mask.

Original intensity range:  [0, 923]

***********************************************************
Warning:  Your input image contains nonpositive values
which could cause failure or problematic results.  A
possible workaround would be to:
   1. rescale your image to positive values e.g., [10,100].
   2. run N4 on your rescaled image.
   3. (optional) rescale the N4 output to the original
      intensity range.
***********************************************************

Specified spline distance: 200mm
  original image size:  [192, 256, 256]
  padded image size:  [201, 401, 401]
  number of control points:  [4, 5, 5]

Current level = 1
  Iteration 1 (of 50).   Current convergence value = 0.000370016 (threshold = 1e-08)
  Iteration 2 (of 50).   Current convergence value = 0.000329433 (threshold = 1e-08)
  Iteration 3 (of 50).   Current convergence value = 0.000301741 (threshold = 1e-08)
  Iteration 4 (of 50).   Current convergence value = 0.000253889 (threshold = 1e-08)
  Iteration 5 (of 50).   Current convergence value = 0.00019331 (threshold = 1e-08)
  Iteration 6 (of 50).   Current convergence value = 0.000147024 (threshold = 1e-08)
  Iteration 7 (of 50).   Current convergence value = 0.000114336 (threshold = 1e-08)
  Iteration 8 (of 50).   Current convergence value = 9.13221e-05 (threshold = 1e-08)
  Iteration 9 (of 50).   Current convergence value = 7.5945e-05 (threshold = 1e-08)
  Iteration 10 (of 50).   Current convergence value = 6.53859e-05 (threshold = 1e-08)
  Iteration 11 (of 50).   Current convergence value = 5.83411e-05 (threshold = 1e-08)
  Iteration 12 (of 50).   Current convergence value = 5.35648e-05 (threshold = 1e-08)
  Iteration 13 (of 50).   Current convergence value = 5.00951e-05 (threshold = 1e-08)
  Iteration 14 (of 50).   Current convergence value = 4.74656e-05 (threshold = 1e-08)
  Iteration 15 (of 50).   Current convergence value = 4.52705e-05 (threshold = 1e-08)
  Iteration 16 (of 50).   Current convergence value = 4.34111e-05 (threshold = 1e-08)
  Iteration 17 (of 50).   Current convergence value = 4.1753e-05 (threshold = 1e-08)
  Iteration 18 (of 50).   Current convergence value = 4.01944e-05 (threshold = 1e-08)
  Iteration 19 (of 50).   Current convergence value = 3.87553e-05 (threshold = 1e-08)
  Iteration 20 (of 50).   Current convergence value = 3.74393e-05 (threshold = 1e-08)
  Iteration 21 (of 50).   Current convergence value = 3.62002e-05 (threshold = 1e-08)
  Iteration 22 (of 50).   Current convergence value = 3.50598e-05 (threshold = 1e-08)
  Iteration 23 (of 50).   Current convergence value = 3.40041e-05 (threshold = 1e-08)
  Iteration 24 (of 50).   Current convergence value = 3.30406e-05 (threshold = 1e-08)
  Iteration 25 (of 50).   Current convergence value = 3.22134e-05 (threshold = 1e-08)
  Iteration 26 (of 50).   Current convergence value = 3.14773e-05 (threshold = 1e-08)
  Iteration 27 (of 50).   Current convergence value = 3.08425e-05 (threshold = 1e-08)
  Iteration 28 (of 50).   Current convergence value = 3.03205e-05 (threshold = 1e-08)
  Iteration 29 (of 50).   Current convergence value = 2.98781e-05 (threshold = 1e-08)
  Iteration 30 (of 50).   Current convergence value = 2.95285e-05 (threshold = 1e-08)
  Iteration 31 (of 50).   Current convergence value = 2.92542e-05 (threshold = 1e-08)
  Iteration 32 (of 50).   Current convergence value = 2.9065e-05 (threshold = 1e-08)
  Iteration 33 (of 50).   Current convergence value = 2.89816e-05 (threshold = 1e-08)
  Iteration 34 (of 50).   Current convergence value = 2.89838e-05 (threshold = 1e-08)
  Iteration 35 (of 50).   Current convergence value = 2.90348e-05 (threshold = 1e-08)
  Iteration 36 (of 50).   Current convergence value = 2.91073e-05 (threshold = 1e-08)
  Iteration 37 (of 50).   Current convergence value = 2.91796e-05 (threshold = 1e-08)
  Iteration 38 (of 50).   Current convergence value = 2.94135e-05 (threshold = 1e-08)
  Iteration 39 (of 50).   Current convergence value = 2.96195e-05 (threshold = 1e-08)
  Iteration 40 (of 50).   Current convergence value = 2.98927e-05 (threshold = 1e-08)
  Iteration 41 (of 50).   Current convergence value = 3.01649e-05 (threshold = 1e-08)
  Iteration 42 (of 50).   Current convergence value = 3.0412e-05 (threshold = 1e-08)
  Iteration 43 (of 50).   Current convergence value = 3.07911e-05 (threshold = 1e-08)
  Iteration 44 (of 50).   Current convergence value = 3.11794e-05 (threshold = 1e-08)
  Iteration 45 (of 50).   Current convergence value = 3.15069e-05 (threshold = 1e-08)
  Iteration 46 (of 50).   Current convergence value = 3.18386e-05 (threshold = 1e-08)
  Iteration 47 (of 50).   Current convergence value = 3.22736e-05 (threshold = 1e-08)
  Iteration 48 (of 50).   Current convergence value = 3.26667e-05 (threshold = 1e-08)
  Iteration 49 (of 50).   Current convergence value = 3.3063e-05 (threshold = 1e-08)
  Iteration 50 (of 50).   Current convergence value = 3.34003e-05 (threshold = 1e-08)
Current level = 2
  Iteration 1 (of 50).   Current convergence value = 0.00048994 (threshold = 1e-08)
  Iteration 2 (of 50).   Current convergence value = 0.000464625 (threshold = 1e-08)
  Iteration 3 (of 50).   Current convergence value = 0.000454726 (threshold = 1e-08)
  Iteration 4 (of 50).   Current convergence value = 0.000447864 (threshold = 1e-08)
  Iteration 5 (of 50).   Current convergence value = 0.000436628 (threshold = 1e-08)
  Iteration 6 (of 50).   Current convergence value = 0.000424665 (threshold = 1e-08)
  Iteration 7 (of 50).   Current convergence value = 0.000409247 (threshold = 1e-08)
  Iteration 8 (of 50).   Current convergence value = 0.000391191 (threshold = 1e-08)
  Iteration 9 (of 50).   Current convergence value = 0.00036807 (threshold = 1e-08)
  Iteration 10 (of 50).   Current convergence value = 0.00034552 (threshold = 1e-08)
  Iteration 11 (of 50).   Current convergence value = 0.00032555 (threshold = 1e-08)
  Iteration 12 (of 50).   Current convergence value = 0.000308944 (threshold = 1e-08)
  Iteration 13 (of 50).   Current convergence value = 0.000295527 (threshold = 1e-08)
  Iteration 14 (of 50).   Current convergence value = 0.000284394 (threshold = 1e-08)
  Iteration 15 (of 50).   Current convergence value = 0.000275182 (threshold = 1e-08)
  Iteration 16 (of 50).   Current convergence value = 0.000241231 (threshold = 1e-08)
  Iteration 17 (of 50).   Current convergence value = 0.000229793 (threshold = 1e-08)
  Iteration 18 (of 50).   Current convergence value = 0.000217211 (threshold = 1e-08)
  Iteration 19 (of 50).   Current convergence value = 0.000204872 (threshold = 1e-08)
  Iteration 20 (of 50).   Current convergence value = 0.000193812 (threshold = 1e-08)
  Iteration 21 (of 50).   Current convergence value = 0.000184071 (threshold = 1e-08)
  Iteration 22 (of 50).   Current convergence value = 0.000175541 (threshold = 1e-08)
  Iteration 23 (of 50).   Current convergence value = 0.000168081 (threshold = 1e-08)
  Iteration 24 (of 50).   Current convergence value = 0.000161394 (threshold = 1e-08)
  Iteration 25 (of 50).   Current convergence value = 0.000155471 (threshold = 1e-08)
  Iteration 26 (of 50).   Current convergence value = 0.000150162 (threshold = 1e-08)
  Iteration 27 (of 50).   Current convergence value = 0.000145426 (threshold = 1e-08)
  Iteration 28 (of 50).   Current convergence value = 0.000140932 (threshold = 1e-08)
  Iteration 29 (of 50).   Current convergence value = 0.000137162 (threshold = 1e-08)
  Iteration 30 (of 50).   Current convergence value = 0.000133368 (threshold = 1e-08)
  Iteration 31 (of 50).   Current convergence value = 0.000130205 (threshold = 1e-08)
  Iteration 32 (of 50).   Current convergence value = 0.000127182 (threshold = 1e-08)
  Iteration 33 (of 50).   Current convergence value = 0.000124279 (threshold = 1e-08)
  Iteration 34 (of 50).   Current convergence value = 0.000121589 (threshold = 1e-08)
  Iteration 35 (of 50).   Current convergence value = 0.000119047 (threshold = 1e-08)
  Iteration 36 (of 50).   Current convergence value = 0.000116908 (threshold = 1e-08)
  Iteration 37 (of 50).   Current convergence value = 0.000114736 (threshold = 1e-08)
  Iteration 38 (of 50).   Current convergence value = 0.000112651 (threshold = 1e-08)
  Iteration 39 (of 50).   Current convergence value = 0.00010665 (threshold = 1e-08)
  Iteration 40 (of 50).   Current convergence value = 0.000104533 (threshold = 1e-08)
  Iteration 41 (of 50).   Current convergence value = 0.000103961 (threshold = 1e-08)
  Iteration 42 (of 50).   Current convergence value = 0.000104066 (threshold = 1e-08)
  Iteration 43 (of 50).   Current convergence value = 0.000104519 (threshold = 1e-08)
  Iteration 44 (of 50).   Current convergence value = 0.000104969 (threshold = 1e-08)
  Iteration 45 (of 50).   Current convergence value = 0.000105333 (threshold = 1e-08)
  Iteration 46 (of 50).   Current convergence value = 0.000105447 (threshold = 1e-08)
  Iteration 47 (of 50).   Current convergence value = 0.000105255 (threshold = 1e-08)
  Iteration 48 (of 50).   Current convergence value = 0.000105293 (threshold = 1e-08)
  Iteration 49 (of 50).   Current convergence value = 0.000105315 (threshold = 1e-08)
  Iteration 50 (of 50).   Current convergence value = 0.000105163 (threshold = 1e-08)
Current level = 3
  Iteration 1 (of 40).   Current convergence value = 0.00126113 (threshold = 1e-08)
  Iteration 2 (of 40).   Current convergence value = 0.000870215 (threshold = 1e-08)
  Iteration 3 (of 40).   Current convergence value = 0.00080449 (threshold = 1e-08)
  Iteration 4 (of 40).   Current convergence value = 0.000835612 (threshold = 1e-08)
  Iteration 5 (of 40).   Current convergence value = 0.000853519 (threshold = 1e-08)
  Iteration 6 (of 40).   Current convergence value = 0.000825371 (threshold = 1e-08)
  Iteration 7 (of 40).   Current convergence value = 0.000794487 (threshold = 1e-08)
  Iteration 8 (of 40).   Current convergence value = 0.000768642 (threshold = 1e-08)
  Iteration 9 (of 40).   Current convergence value = 0.000745954 (threshold = 1e-08)
  Iteration 10 (of 40).   Current convergence value = 0.000708177 (threshold = 1e-08)
  Iteration 11 (of 40).   Current convergence value = 0.000668338 (threshold = 1e-08)
  Iteration 12 (of 40).   Current convergence value = 0.00063638 (threshold = 1e-08)
  Iteration 13 (of 40).   Current convergence value = 0.000609758 (threshold = 1e-08)
  Iteration 14 (of 40).   Current convergence value = 0.000586829 (threshold = 1e-08)
  Iteration 15 (of 40).   Current convergence value = 0.000566477 (threshold = 1e-08)
  Iteration 16 (of 40).   Current convergence value = 0.000547812 (threshold = 1e-08)
  Iteration 17 (of 40).   Current convergence value = 0.000521322 (threshold = 1e-08)
  Iteration 18 (of 40).   Current convergence value = 0.000494491 (threshold = 1e-08)
  Iteration 19 (of 40).   Current convergence value = 0.000471496 (threshold = 1e-08)
  Iteration 20 (of 40).   Current convergence value = 0.000451548 (threshold = 1e-08)
  Iteration 21 (of 40).   Current convergence value = 0.000434192 (threshold = 1e-08)
  Iteration 22 (of 40).   Current convergence value = 0.000419053 (threshold = 1e-08)
  Iteration 23 (of 40).   Current convergence value = 0.00040182 (threshold = 1e-08)
  Iteration 24 (of 40).   Current convergence value = 0.000385631 (threshold = 1e-08)
  Iteration 25 (of 40).   Current convergence value = 0.000370866 (threshold = 1e-08)
  Iteration 26 (of 40).   Current convergence value = 0.000357237 (threshold = 1e-08)
  Iteration 27 (of 40).   Current convergence value = 0.000344869 (threshold = 1e-08)
  Iteration 28 (of 40).   Current convergence value = 0.0003336 (threshold = 1e-08)
  Iteration 29 (of 40).   Current convergence value = 0.000323121 (threshold = 1e-08)
  Iteration 30 (of 40).   Current convergence value = 0.00031353 (threshold = 1e-08)
  Iteration 31 (of 40).   Current convergence value = 0.00030466 (threshold = 1e-08)
  Iteration 32 (of 40).   Current convergence value = 0.000296408 (threshold = 1e-08)
  Iteration 33 (of 40).   Current convergence value = 0.000288831 (threshold = 1e-08)
  Iteration 34 (of 40).   Current convergence value = 0.000281886 (threshold = 1e-08)
  Iteration 35 (of 40).   Current convergence value = 0.000274576 (threshold = 1e-08)
  Iteration 36 (of 40).   Current convergence value = 0.000268139 (threshold = 1e-08)
  Iteration 37 (of 40).   Current convergence value = 0.000262483 (threshold = 1e-08)
  Iteration 38 (of 40).   Current convergence value = 0.000257363 (threshold = 1e-08)
  Iteration 39 (of 40).   Current convergence value = 0.000252729 (threshold = 1e-08)
  Iteration 40 (of 40).   Current convergence value = 0.00024894 (threshold = 1e-08)
Current level = 4
  Iteration 1 (of 30).   Current convergence value = 0.00194543 (threshold = 1e-08)
  Iteration 2 (of 30).   Current convergence value = 0.0017596 (threshold = 1e-08)
  Iteration 3 (of 30).   Current convergence value = 0.00169677 (threshold = 1e-08)
  Iteration 4 (of 30).   Current convergence value = 0.00166034 (threshold = 1e-08)
  Iteration 5 (of 30).   Current convergence value = 0.0016445 (threshold = 1e-08)
  Iteration 6 (of 30).   Current convergence value = 0.00163807 (threshold = 1e-08)
  Iteration 7 (of 30).   Current convergence value = 0.00163134 (threshold = 1e-08)
  Iteration 8 (of 30).   Current convergence value = 0.00162653 (threshold = 1e-08)
  Iteration 9 (of 30).   Current convergence value = 0.0016163 (threshold = 1e-08)
  Iteration 10 (of 30).   Current convergence value = 0.00159445 (threshold = 1e-08)
  Iteration 11 (of 30).   Current convergence value = 0.00157247 (threshold = 1e-08)
  Iteration 12 (of 30).   Current convergence value = 0.00155988 (threshold = 1e-08)
  Iteration 13 (of 30).   Current convergence value = 0.00153677 (threshold = 1e-08)
  Iteration 14 (of 30).   Current convergence value = 0.00150034 (threshold = 1e-08)
  Iteration 15 (of 30).   Current convergence value = 0.00142343 (threshold = 1e-08)
  Iteration 16 (of 30).   Current convergence value = 0.00127718 (threshold = 1e-08)
  Iteration 17 (of 30).   Current convergence value = 0.00116499 (threshold = 1e-08)
  Iteration 18 (of 30).   Current convergence value = 0.00114234 (threshold = 1e-08)
  Iteration 19 (of 30).   Current convergence value = 0.00111405 (threshold = 1e-08)
  Iteration 20 (of 30).   Current convergence value = 0.00107475 (threshold = 1e-08)
  Iteration 21 (of 30).   Current convergence value = 0.0010268 (threshold = 1e-08)
  Iteration 22 (of 30).   Current convergence value = 0.000970523 (threshold = 1e-08)
  Iteration 23 (of 30).   Current convergence value = 0.000908201 (threshold = 1e-08)
  Iteration 24 (of 30).   Current convergence value = 0.000849807 (threshold = 1e-08)
  Iteration 25 (of 30).   Current convergence value = 0.000813915 (threshold = 1e-08)
  Iteration 26 (of 30).   Current convergence value = 0.000798435 (threshold = 1e-08)
  Iteration 27 (of 30).   Current convergence value = 0.000812697 (threshold = 1e-08)
  Iteration 28 (of 30).   Current convergence value = 0.000858043 (threshold = 1e-08)
  Iteration 29 (of 30).   Current convergence value = 0.000880416 (threshold = 1e-08)
  Iteration 30 (of 30).   Current convergence value = 0.000887078 (threshold = 1e-08)
   N4BiasFieldCorrectionImageFilter (0x55dc89626e20)
     RTTI typeinfo:   itk::N4BiasFieldCorrectionImageFilter<itk::Image<float, 3u>, itk::Image<float, 3u>, itk::Image<float, 3u> >
     Reference Count: 1
     Modified Time: 565
     Debug: Off
     Object Name: 
     Observers: 
       IterationEvent(Command)
     Inputs: 
       ConfidenceImage: (0)
       MaskImage: (0x55dc896515e0)
       Primary: (0x55dc8964cae0) *
     Indexed Inputs: 
       0: Primary (0x55dc8964cae0)
       1: MaskImage (0x55dc896515e0)
       2: ConfidenceImage (0)
     Required Input Names: Primary
     NumberOfRequiredInputs: 1
     Outputs: 
       Primary: (0x55dc89636ef0)
     Indexed Outputs: 
       0: Primary (0x55dc89636ef0)
     NumberOfRequiredOutputs: 1
     Number Of Work Units: 32
     ReleaseDataFlag: Off
     ReleaseDataBeforeUpdateFlag: Off
     AbortGenerateData: Off
     Progress: 0
     Multithreader: 
       RTTI typeinfo:   itk::PoolMultiThreader
       Reference Count: 1
       Modified Time: 144
       Debug: Off
       Object Name: 
       Observers: 
         none
       Number of Work Units: 32
       Number of Threads: 8
       Global Maximum Number Of Threads: 128
       Global Default Number Of Threads: 8
       Global Default Threader Type: itk::MultiThreaderBaseEnums::Threader::Pool
       SingleMethod: 0
       SingleData: 0
     DynamicMultiThreading: On
     CoordinateTolerance: 1e-06
     DirectionTolerance: 1e-06
     Use Mask Label: 0
     Mask label: 1
     Number of histogram bins: 200
     Wiener filter noise: 0.01
     Bias field FWHM: 0.15
     Maximum number of iterations: [50, 50, 40, 30]
     Convergence threshold: 1e-08
     Spline order: 3
     Number of fitting levels: [4, 4, 4]
     Number of control points: [4, 5, 5]
     CurrentConvergenceMeasurement: 0.000887078
     CurrentLevel: 4
     ElapsedIterations: 31
     LogBiasFieldControlPointLattice: 
       Image (0x55dc949c5160)
         RTTI typeinfo:   itk::Image<itk::Vector<float, 1u>, 3u>
         Reference Count: 1
         Modified Time: 343560
         Debug: Off
         Object Name: 
         Observers: 
           none
         Source: (none)
         Source output name: (none)
         Release Data: Off
         Data Released: False
         Global Release Data: Off
         PipelineMTime: 0
         UpdateMTime: 0
         RealTimeStamp: 0 seconds 
         LargestPossibleRegion: 
           Dimension: 3
           Index: [0, 0, 0]
           Size: [11, 19, 19]
         BufferedRegion: 
           Dimension: 3
           Index: [0, 0, 0]
           Size: [11, 19, 19]
         RequestedRegion: 
           Dimension: 3
           Index: [0, 0, 0]
           Size: [11, 19, 19]
         Spacing: [24.75, 24.875, 24.875]
         Origin: [23.4566, 22.0087, -28.557]
         Direction: 
-0.999129 0.0403126 0.0108169
-0.0383639 -0.989057 0.142458
0.0164414 0.141919 0.989742

         IndexToPointMatrix: 
-24.7284 1.00278 0.26907
-0.949508 -24.6028 3.54364
0.406924 3.53024 24.6198

         PointToIndexMatrix: 
-0.0403688 -0.00155006 0.000664298
0.00162061 -0.0397611 0.00570528
0.00043485 0.00572696 0.0397886

         Inverse Direction: 
-0.999129 -0.0383639 0.0164414
0.0403126 -0.989057 0.141919
0.0108169 0.142458 0.989742

         PixelContainer: 
           ImportImageContainer (0x55dc955cac30)
             RTTI typeinfo:   itk::ImportImageContainer<unsigned long, itk::Vector<float, 1u> >
             Reference Count: 1
             Modified Time: 343561
             Debug: Off
             Object Name: 
             Observers: 
               none
             Pointer: 0x55dc937efb20
             Container manages memory: true
             Size: 3971
             Capacity: 3971
Elapsed time: 317.622
All_Command_lines_OK
Using single precision for computations.
=============================================================================
The composite transform comprises the following transforms (in order): 
  1. Center of mass alignment using fixed image: /home/mpib/nemecz/Projects/miniTRK/Results/01_MRI/GroupTempl/T1w/T_template0.nii.gz and moving image: /home/mpib/nemecz/Projects/miniTRK/Analysis/01_MRI/Preproc/GroupTempl/T1w/sub-378141_T1w.nii.gz (type = Euler3DTransform)
=============================================================================
  number of levels = 4
  number of levels = 4
  number of levels = 4
  fixed image: /home/mpib/nemecz/Projects/miniTRK/Results/01_MRI/GroupTempl/T1w/T_template0.nii.gz
  moving image: /home/mpib/nemecz/Projects/miniTRK/Results/01_MRI/GroupTempl/T1w/T_template0sub-378141_T1wRepaired.nii.gz
  fixed image: /home/mpib/nemecz/Projects/miniTRK/Results/01_MRI/GroupTempl/T1w/T_template0.nii.gz
  moving image: /home/mpib/nemecz/Projects/miniTRK/Results/01_MRI/GroupTempl/T1w/T_template0sub-378141_T1wRepaired.nii.gz
  fixed image: /home/mpib/nemecz/Projects/miniTRK/Results/01_MRI/GroupTempl/T1w/T_template0.nii.gz
  moving image: /home/mpib/nemecz/Projects/miniTRK/Results/01_MRI/GroupTempl/T1w/T_template0sub-378141_T1wRepaired.nii.gz
Dimension = 3
Number of stages = 3
Use Histogram Matching true
Winsorize image intensities true
Lower quantile = 0.01
Upper quantile = 0.99
Stage 1 State
   Image metric = Mattes
     Fixed image = Image (0x55568e067ad0)
  RTTI typeinfo:   itk::Image<float, 3u>
  Reference Count: 2
  Modified Time: 1721
  Debug: Off
  Object Name: 
  Observers: 
    none
  Source: (none)
  Source output name: (none)
  Release Data: Off
  Data Released: False
  Global Release Data: Off
  PipelineMTime: 0
  UpdateMTime: 1506
  RealTimeStamp: 0 seconds 
  LargestPossibleRegion: 
    Dimension: 3
    Index: [0, 0, 0]
    Size: [192, 256, 256]
  BufferedRegion: 
    Dimension: 3
    Index: [0, 0, 0]
    Size: [192, 256, 256]
  RequestedRegion: 
    Dimension: 3
    Index: [0, 0, 0]
    Size: [192, 256, 256]
  Spacing: [1, 1, 1]
  Origin: [95.0313, 100.538, -154.123]
  Direction: 
-0.999853 -0.014134 -0.00966312
0.014129 -0.9999 0.000586045
-0.00967044 0.000449429 0.999953

  IndexToPointMatrix: 
-0.999853 -0.014134 -0.00966312
0.014129 -0.9999 0.000586045
-0.00967044 0.000449429 0.999953

  PointToIndexMatrix: 
-0.999853 0.014129 -0.00967044
-0.014134 -0.9999 0.000449429
-0.00966312 0.000586045 0.999953

  Inverse Direction: 
-0.999853 0.014129 -0.00967044
-0.014134 -0.9999 0.000449429
-0.00966312 0.000586045 0.999953

  PixelContainer: 
    ImportImageContainer (0x55568e06fc80)
      RTTI typeinfo:   itk::ImportImageContainer<unsigned long, float>
      Reference Count: 1
      Modified Time: 1503
      Debug: Off
      Object Name: 
      Observers: 
        none
      Pointer: 0x7f21d5c16010
      Container manages memory: true
      Size: 12582912
      Capacity: 12582912

     Moving image = Image (0x55568e068bc0)
  RTTI typeinfo:   itk::Image<float, 3u>
  Reference Count: 2
  Modified Time: 1722
  Debug: Off
  Object Name: 
  Observers: 
    none
  Source: (none)
  Source output name: (none)
  Release Data: Off
  Data Released: False
  Global Release Data: Off
  PipelineMTime: 0
  UpdateMTime: 1719
  RealTimeStamp: 0 seconds 
  LargestPossibleRegion: 
    Dimension: 3
    Index: [0, 0, 0]
    Size: [192, 256, 256]
  BufferedRegion: 
    Dimension: 3
    Index: [0, 0, 0]
    Size: [192, 256, 256]
  RequestedRegion: 
    Dimension: 3
    Index: [0, 0, 0]
    Size: [192, 256, 256]
  Spacing: [1, 1, 1]
  Origin: [86.9801, 83.5423, -170.776]
  Direction: 
-0.999129 0.0403126 0.0108169
-0.0383639 -0.989057 0.142458
0.0164414 0.141919 0.989742

  IndexToPointMatrix: 
-0.999129 0.0403126 0.0108169
-0.0383639 -0.989057 0.142458
0.0164414 0.141919 0.989742

  PointToIndexMatrix: 
-0.999129 -0.0383639 0.0164414
0.0403126 -0.989057 0.141919
0.0108169 0.142458 0.989742

  Inverse Direction: 
-0.999129 -0.0383639 0.0164414
0.0403126 -0.989057 0.141919
0.0108169 0.142458 0.989742

  PixelContainer: 
    ImportImageContainer (0x55568e074100)
      RTTI typeinfo:   itk::ImportImageContainer<unsigned long, float>
      Reference Count: 1
      Modified Time: 1716
      Debug: Off
      Object Name: 
      Observers: 
        none
      Pointer: 0x7f21d2c15010
      Container manages memory: true
      Size: 12582912
      Capacity: 12582912

     Weighting = 1
     Sampling strategy = regular
     Number of bins = 32
     Radius = 4
     Sampling percentage  = 0.25
   Transform = Rigid
     Gradient step = 0.1
     Update field sigma (voxel space) = 0
     Total field sigma (voxel space) = 0
     Update field time sigma = 0
     Total field time sigma  = 0
     Number of time indices = 0
     Number of time point samples = 0
Stage 2 State
   Image metric = Mattes
     Fixed image = Image (0x55568e080870)
  RTTI typeinfo:   itk::Image<float, 3u>
  Reference Count: 2
  Modified Time: 2149
  Debug: Off
  Object Name: 
  Observers: 
    none
  Source: (none)
  Source output name: (none)
  Release Data: Off
  Data Released: False
  Global Release Data: Off
  PipelineMTime: 0
  UpdateMTime: 1934
  RealTimeStamp: 0 seconds 
  LargestPossibleRegion: 
    Dimension: 3
    Index: [0, 0, 0]
    Size: [192, 256, 256]
  BufferedRegion: 
    Dimension: 3
    Index: [0, 0, 0]
    Size: [192, 256, 256]
  RequestedRegion: 
    Dimension: 3
    Index: [0, 0, 0]
    Size: [192, 256, 256]
  Spacing: [1, 1, 1]
  Origin: [95.0313, 100.538, -154.123]
  Direction: 
-0.999853 -0.014134 -0.00966312
0.014129 -0.9999 0.000586045
-0.00967044 0.000449429 0.999953

  IndexToPointMatrix: 
-0.999853 -0.014134 -0.00966312
0.014129 -0.9999 0.000586045
-0.00967044 0.000449429 0.999953

  PointToIndexMatrix: 
-0.999853 0.014129 -0.00967044
-0.014134 -0.9999 0.000449429
-0.00966312 0.000586045 0.999953

  Inverse Direction: 
-0.999853 0.014129 -0.00967044
-0.014134 -0.9999 0.000449429
-0.00966312 0.000586045 0.999953

  PixelContainer: 
    ImportImageContainer (0x55568e06b6d0)
      RTTI typeinfo:   itk::ImportImageContainer<unsigned long, float>
      Reference Count: 1
      Modified Time: 1931
      Debug: Off
      Object Name: 
      Observers: 
        none
      Pointer: 0x7f21cfc14010
      Container manages memory: true
      Size: 12582912
      Capacity: 12582912

     Moving image = Image (0x55568e0804c0)
  RTTI typeinfo:   itk::Image<float, 3u>
  Reference Count: 2
  Modified Time: 2150
  Debug: Off
  Object Name: 
  Observers: 
    none
  Source: (none)
  Source output name: (none)
  Release Data: Off
  Data Released: False
  Global Release Data: Off
  PipelineMTime: 0
  UpdateMTime: 2147
  RealTimeStamp: 0 seconds 
  LargestPossibleRegion: 
    Dimension: 3
    Index: [0, 0, 0]
    Size: [192, 256, 256]
  BufferedRegion: 
    Dimension: 3
    Index: [0, 0, 0]
    Size: [192, 256, 256]
  RequestedRegion: 
    Dimension: 3
    Index: [0, 0, 0]
    Size: [192, 256, 256]
  Spacing: [1, 1, 1]
  Origin: [86.9801, 83.5423, -170.776]
  Direction: 
-0.999129 0.0403126 0.0108169
-0.0383639 -0.989057 0.142458
0.0164414 0.141919 0.989742

  IndexToPointMatrix: 
-0.999129 0.0403126 0.0108169
-0.0383639 -0.989057 0.142458
0.0164414 0.141919 0.989742

  PointToIndexMatrix: 
-0.999129 -0.0383639 0.0164414
0.0403126 -0.989057 0.141919
0.0108169 0.142458 0.989742

  Inverse Direction: 
-0.999129 -0.0383639 0.0164414
0.0403126 -0.989057 0.141919
0.0108169 0.142458 0.989742

  PixelContainer: 
    ImportImageContainer (0x55568e0818c0)
      RTTI typeinfo:   itk::ImportImageContainer<unsigned long, float>
      Reference Count: 1
      Modified Time: 2144
      Debug: Off
      Object Name: 
      Observers: 
        none
      Pointer: 0x7f21ccc13010
      Container manages memory: true
      Size: 12582912
      Capacity: 12582912

     Weighting = 1
     Sampling strategy = regular
     Number of bins = 32
     Radius = 4
     Sampling percentage  = 0.25
   Transform = Affine
     Gradient step = 0.1
     Update field sigma (voxel space) = 0
     Total field sigma (voxel space) = 0
     Update field time sigma = 0
     Total field time sigma  = 0
     Number of time indices = 0
     Number of time point samples = 0
Stage 3 State
   Image metric = CC
     Fixed image = Image (0x55568e087960)
  RTTI typeinfo:   itk::Image<float, 3u>
  Reference Count: 2
  Modified Time: 2577
  Debug: Off
  Object Name: 
  Observers: 
    none
  Source: (none)
  Source output name: (none)
  Release Data: Off
  Data Released: False
  Global Release Data: Off
  PipelineMTime: 0
  UpdateMTime: 2362
  RealTimeStamp: 0 seconds 
  LargestPossibleRegion: 
    Dimension: 3
    Index: [0, 0, 0]
    Size: [192, 256, 256]
  BufferedRegion: 
    Dimension: 3
    Index: [0, 0, 0]
    Size: [192, 256, 256]
  RequestedRegion: 
    Dimension: 3
    Index: [0, 0, 0]
    Size: [192, 256, 256]
  Spacing: [1, 1, 1]
  Origin: [95.0313, 100.538, -154.123]
  Direction: 
-0.999853 -0.014134 -0.00966312
0.014129 -0.9999 0.000586045
-0.00967044 0.000449429 0.999953

  IndexToPointMatrix: 
-0.999853 -0.014134 -0.00966312
0.014129 -0.9999 0.000586045
-0.00967044 0.000449429 0.999953

  PointToIndexMatrix: 
-0.999853 0.014129 -0.00967044
-0.014134 -0.9999 0.000449429
-0.00966312 0.000586045 0.999953

  Inverse Direction: 
-0.999853 0.014129 -0.00967044
-0.014134 -0.9999 0.000449429
-0.00966312 0.000586045 0.999953

  PixelContainer: 
    ImportImageContainer (0x55568e068660)
      RTTI typeinfo:   itk::ImportImageContainer<unsigned long, float>
      Reference Count: 1
      Modified Time: 2359
      Debug: Off
      Object Name: 
      Observers: 
        none
      Pointer: 0x7f21c9c12010
      Container manages memory: true
      Size: 12582912
      Capacity: 12582912

     Moving image = Image (0x55568e089840)
  RTTI typeinfo:   itk::Image<float, 3u>
  Reference Count: 2
  Modified Time: 2578
  Debug: Off
  Object Name: 
  Observers: 
    none
  Source: (none)
  Source output name: (none)
  Release Data: Off
  Data Released: False
  Global Release Data: Off
  PipelineMTime: 0
  UpdateMTime: 2575
  RealTimeStamp: 0 seconds 
  LargestPossibleRegion: 
    Dimension: 3
    Index: [0, 0, 0]
    Size: [192, 256, 256]
  BufferedRegion: 
    Dimension: 3
    Index: [0, 0, 0]
    Size: [192, 256, 256]
  RequestedRegion: 
    Dimension: 3
    Index: [0, 0, 0]
    Size: [192, 256, 256]
  Spacing: [1, 1, 1]
  Origin: [86.9801, 83.5423, -170.776]
  Direction: 
-0.999129 0.0403126 0.0108169
-0.0383639 -0.989057 0.142458
0.0164414 0.141919 0.989742

  IndexToPointMatrix: 
-0.999129 0.0403126 0.0108169
-0.0383639 -0.989057 0.142458
0.0164414 0.141919 0.989742

  PointToIndexMatrix: 
-0.999129 -0.0383639 0.0164414
0.0403126 -0.989057 0.141919
0.0108169 0.142458 0.989742

  Inverse Direction: 
-0.999129 -0.0383639 0.0164414
0.0403126 -0.989057 0.141919
0.0108169 0.142458 0.989742

  PixelContainer: 
    ImportImageContainer (0x55568e086660)
      RTTI typeinfo:   itk::ImportImageContainer<unsigned long, float>
      Reference Count: 1
      Modified Time: 2572
      Debug: Off
      Object Name: 
      Observers: 
        none
      Pointer: 0x7f21c6c11010
      Container manages memory: true
      Size: 12582912
      Capacity: 12582912

     Weighting = 1
     Sampling strategy = none
     Number of bins = 32
     Radius = 4
     Sampling percentage  = 1
   Transform = SyN
     Gradient step = 0.1
     Update field sigma (voxel space) = 3
     Total field sigma (voxel space) = 0
     Update field time sigma = 0
     Total field time sigma  = 0
     Number of time indices = 0
     Number of time point samples = 0
Registration using 3 total stages.

Stage 0
  iterations = 1000x500x250x0
  convergence threshold = 1e-06
  convergence window size = 10
  number of levels = 4
  using the Mattes MI metric (number of bins = 32, weight = 1)
  preprocessing:  winsorizing the image intensities
  preprocessing:  histogram matching the images
  Shrink factors (level 1 out of 4): [6, 6, 6]
  Shrink factors (level 2 out of 4): [4, 4, 4]
  Shrink factors (level 3 out of 4): [2, 2, 2]
  Shrink factors (level 4 out of 4): [1, 1, 1]
  smoothing sigmas per level: [4, 2, 1, 0]
  regular sampling (percentage = 0.25)

*** Running Euler3DTransform registration ***

DIAGNOSTIC,Iteration,metricValue,convergenceValue,ITERATION_TIME_INDEX,SINCE_LAST
 2DIAGNOSTIC,     1, -9.432739019394e-01, inf, 7.0883e-01, 7.0883e-01, 
 2DIAGNOSTIC,     2, -9.454389810562e-01, inf, 7.1802e-01, 9.1901e-03, 
 2DIAGNOSTIC,     3, -9.481759071350e-01, inf, 7.2728e-01, 9.2609e-03, 
 2DIAGNOSTIC,     4, -9.517881870270e-01, inf, 7.3767e-01, 1.0390e-02, 
 2DIAGNOSTIC,     5, -9.553387165070e-01, inf, 7.4776e-01, 1.0087e-02, 
 2DIAGNOSTIC,     6, -9.572140574455e-01, inf, 7.5744e-01, 9.6850e-03, 
 2DIAGNOSTIC,     7, -9.584485888481e-01, inf, 7.6763e-01, 1.0190e-02, 
 2DIAGNOSTIC,     8, -9.602819681168e-01, inf, 7.7742e-01, 9.7861e-03, 
 2DIAGNOSTIC,     9, -9.620509743690e-01, inf, 7.8938e-01, 1.1957e-02, 
 2DIAGNOSTIC,    10, -9.646869897842e-01, 1.427535898983e-03, 8.1637e-01, 2.6994e-02, 
 2DIAGNOSTIC,    11, -9.646769762039e-01, 1.175805344246e-03, 8.2806e-01, 1.1687e-02, 
 2DIAGNOSTIC,    12, -9.646944999695e-01, 9.165800292976e-04, 8.3885e-01, 1.0794e-02, 
 2DIAGNOSTIC,    13, -9.647186398506e-01, 6.774829234928e-04, 8.5156e-01, 1.2713e-02, 
 2DIAGNOSTIC,    14, -9.647343158722e-01, 4.861838533543e-04, 8.6319e-01, 1.1627e-02, 
 2DIAGNOSTIC,    15, -9.647258520126e-01, 3.452842065599e-04, 8.7459e-01, 1.1402e-02, 
 2DIAGNOSTIC,    16, -9.647989869118e-01, 2.268916432513e-04, 8.8585e-01, 1.1252e-02, 
 2DIAGNOSTIC,    17, -9.648180007935e-01, 1.238409749931e-04, 8.9769e-01, 1.1848e-02, 
 2DIAGNOSTIC,    18, -9.648915529251e-01, 5.211677489569e-05, 9.0983e-01, 1.2132e-02, 
 2DIAGNOSTIC,    19, -9.648929238319e-01, 9.731350473885e-06, 9.2088e-01, 1.1055e-02, 
 2DIAGNOSTIC,    20, -9.649555683136e-01, 1.084571340471e-05, 9.3356e-01, 1.2682e-02, 
 2DIAGNOSTIC,    21, -9.650009870529e-01, 1.146586964751e-05, 9.4348e-01, 9.9130e-03, 
 2DIAGNOSTIC,    22, -9.651214480400e-01, 1.293010154768e-05, 9.5320e-01, 9.7229e-03, 
 2DIAGNOSTIC,    23, -9.652560949326e-01, 1.520277510281e-05, 9.6293e-01, 9.7308e-03, 
 2DIAGNOSTIC,    24, -9.655094742775e-01, 1.929762038344e-05, 9.7697e-01, 1.4042e-02, 
 2DIAGNOSTIC,    25, -9.655785560608e-01, 2.202790346928e-05, 9.8689e-01, 9.9139e-03, 
 2DIAGNOSTIC,    26, -9.656032919884e-01, 2.373397182964e-05, 9.9675e-01, 9.8660e-03, 
 2DIAGNOSTIC,    27, -9.661602973938e-01, 2.950611451524e-05, 1.0090e+00, 1.2272e-02, 
 2DIAGNOSTIC,    28, -9.665348529816e-01, 3.674683466670e-05, 1.0209e+00, 1.1918e-02, 
 2DIAGNOSTIC,    29, -9.665089249611e-01, 3.979261600762e-05, 1.0306e+00, 9.6500e-03, 
 2DIAGNOSTIC,    30, -9.665132761002e-01, 3.977904270869e-05, 1.0415e+00, 1.0949e-02, 
 2DIAGNOSTIC,    31, -9.665164351463e-01, 3.661481969175e-05, 1.0510e+00, 9.4979e-03, 
 2DIAGNOSTIC,    32, -9.664850831032e-01, 3.099871537415e-05, 1.0618e+00, 1.0796e-02, 
 2DIAGNOSTIC,    33, -9.664899110794e-01, 2.400840094197e-05, 1.0736e+00, 1.1767e-02, 
 2DIAGNOSTIC,    34, -9.664213657379e-01, 1.690128920018e-05, 1.0865e+00, 1.2898e-02, 
 2DIAGNOSTIC,    35, -9.664226770401e-01, 9.394470907864e-06, 1.0980e+00, 1.1545e-02, 
 2DIAGNOSTIC,    36, -9.664233326912e-01, 1.604644808140e-06, 1.1106e+00, 1.2543e-02, 
DIAGNOSTIC,Iteration,metricValue,convergenceValue,ITERATION_TIME_INDEX,SINCE_LAST
 2DIAGNOSTIC,     1, -7.686411142349e-01, inf, 1.6690e+00, 5.5838e-01, 
 2DIAGNOSTIC,     2, -7.693618535995e-01, inf, 1.7139e+00, 4.4891e-02, 
 2DIAGNOSTIC,     3, -7.700831890106e-01, inf, 1.7658e+00, 5.1935e-02, 
 2DIAGNOSTIC,     4, -7.707437276840e-01, inf, 1.8107e+00, 4.4933e-02, 
 2DIAGNOSTIC,     5, -7.712299227715e-01, inf, 1.8552e+00, 4.4469e-02, 
 2DIAGNOSTIC,     6, -7.718166708946e-01, inf, 1.8992e+00, 4.4007e-02, 
 2DIAGNOSTIC,     7, -7.723293304443e-01, inf, 1.9699e+00, 7.0673e-02, 
 2DIAGNOSTIC,     8, -7.724918723106e-01, inf, 2.0142e+00, 4.4295e-02, 
 2DIAGNOSTIC,     9, -7.726787924767e-01, inf, 2.0640e+00, 4.9831e-02, 
 2DIAGNOSTIC,    10, -7.729334235191e-01, 3.613167791627e-04, 2.1266e+00, 6.2636e-02, 
 2DIAGNOSTIC,    11, -7.729846239090e-01, 2.757125184871e-04, 2.1767e+00, 5.0098e-02, 
 2DIAGNOSTIC,    12, -7.730467319489e-01, 2.036192017840e-04, 2.2199e+00, 4.3129e-02, 
 2DIAGNOSTIC,    13, -7.731119990349e-01, 1.466129615437e-04, 2.2611e+00, 4.1252e-02, 
 2DIAGNOSTIC,    14, -7.731218934059e-01, 1.022155629471e-04, 2.3086e+00, 4.7511e-02, 
 2DIAGNOSTIC,    15, -7.731379270554e-01, 6.666695844615e-05, 2.3552e+00, 4.6563e-02, 
 2DIAGNOSTIC,    16, -7.731295228004e-01, 4.270566205378e-05, 2.3957e+00, 4.0524e-02, 
 2DIAGNOSTIC,    17, -7.731541395187e-01, 2.947317079816e-05, 2.4461e+00, 5.0342e-02, 
 2DIAGNOSTIC,    18, -7.731681466103e-01, 1.870523374237e-05, 2.4894e+00, 4.3392e-02, 
 2DIAGNOSTIC,    19, -7.731834053993e-01, 1.129614520323e-05, 2.5334e+00, 4.3968e-02, 
 2DIAGNOSTIC,    20, -7.731789350510e-01, 8.342583896592e-06, 2.5768e+00, 4.3399e-02, 
 2DIAGNOSTIC,    21, -7.732140421867e-01, 6.549119007104e-06, 2.6198e+00, 4.3011e-02, 
 2DIAGNOSTIC,    22, -7.732189893723e-01, 5.524975222215e-06, 2.6731e+00, 5.3301e-02, 
 2DIAGNOSTIC,    23, -7.732215523720e-01, 5.287320618663e-06, 2.7097e+00, 3.6594e-02, 
 2DIAGNOSTIC,    24, -7.732216715813e-01, 4.858830379817e-06, 2.7569e+00, 4.7164e-02, 
 2DIAGNOSTIC,    25, -7.732155323029e-01, 4.289839125704e-06, 2.7987e+00, 4.1790e-02, 
 2DIAGNOSTIC,    26, -7.732074856758e-01, 3.238809995310e-06, 2.8397e+00, 4.1002e-02, 
 2DIAGNOSTIC,    27, -7.732096314430e-01, 2.435830765535e-06, 2.8764e+00, 3.6706e-02, 
 2DIAGNOSTIC,    28, -7.732097506523e-01, 1.754222807904e-06, 2.9126e+00, 3.6218e-02, 
 2DIAGNOSTIC,    29, -7.732118964195e-01, 1.288980456593e-06, 2.9486e+00, 3.5989e-02, 
DIAGNOSTIC,Iteration,metricValue,convergenceValue,ITERATION_TIME_INDEX,SINCE_LAST
 2DIAGNOSTIC,     1, -6.693648695946e-01, inf, 3.9680e+00, 1.0194e+00, 
 2DIAGNOSTIC,     2, -6.697489023209e-01, inf, 4.2024e+00, 2.3436e-01, 
 2DIAGNOSTIC,     3, -6.699304580688e-01, inf, 4.4337e+00, 2.3129e-01, 
 2DIAGNOSTIC,     4, -6.700007915497e-01, inf, 4.6936e+00, 2.5989e-01, 
 2DIAGNOSTIC,     5, -6.700111627579e-01, inf, 4.9229e+00, 2.2928e-01, 
 2DIAGNOSTIC,     6, -6.700099706650e-01, inf, 5.1814e+00, 2.5856e-01, 
 2DIAGNOSTIC,     7, -6.700131893158e-01, inf, 5.4694e+00, 2.8794e-01, 
 2DIAGNOSTIC,     8, -6.700128912926e-01, inf, 5.7248e+00, 2.5547e-01, 
 2DIAGNOSTIC,     9, -6.700148582458e-01, inf, 5.9805e+00, 2.5568e-01, 
 2DIAGNOSTIC,    10, -6.700118780136e-01, 4.317998536862e-05, 6.2391e+00, 2.5862e-01, 
 2DIAGNOSTIC,    11, -6.700120568275e-01, 1.621708543098e-05, 6.5830e+00, 3.4390e-01, 
 2DIAGNOSTIC,    12, -6.700105667114e-01, 5.927811798756e-06, 6.8412e+00, 2.5813e-01, 
 2DIAGNOSTIC,    13, -6.700099110603e-01, 2.766267016341e-06, 7.1197e+00, 2.7859e-01, 
 2DIAGNOSTIC,    14, -6.700096726418e-01, 2.143106485164e-06, 7.3713e+00, 2.5151e-01, 
 2DIAGNOSTIC,    15, -6.700084209442e-01, 1.875165935417e-06, 7.6226e+00, 2.5130e-01, 
 2DIAGNOSTIC,    16, -6.700078845024e-01, 1.616685381123e-06, 7.8729e+00, 2.5038e-01, 
 2DIAGNOSTIC,    17, -6.700071692467e-01, 1.485473262619e-06, 8.1205e+00, 2.4754e-01, 
 2DIAGNOSTIC,    18, -6.700072884560e-01, 1.398427571075e-06, 8.3725e+00, 2.5207e-01, 
 2DIAGNOSTIC,    19, -6.700081825256e-01, 1.419811383130e-06, 8.6029e+00, 2.3032e-01, 
 2DIAGNOSTIC,    20, -6.700087189674e-01, 1.409905735272e-06, 8.8331e+00, 2.3022e-01, 
 2DIAGNOSTIC,    21, -6.700078248978e-01, 1.404233557878e-06, 9.0642e+00, 2.3116e-01, 
 2DIAGNOSTIC,    22, -6.700071692467e-01, 1.369105802951e-06, 9.2990e+00, 2.3481e-01, 
 2DIAGNOSTIC,    23, -6.700062751770e-01, 1.315589770456e-06, 9.5385e+00, 2.3949e-01, 
 2DIAGNOSTIC,    24, -6.700067520142e-01, 1.277136561839e-06, 9.7871e+00, 2.4856e-01, 
 2DIAGNOSTIC,    25, -6.700070500374e-01, 1.229516556123e-06, 1.0049e+01, 2.6211e-01, 
 2DIAGNOSTIC,    26, -6.700075268745e-01, 1.189192971651e-06, 1.0301e+01, 2.5171e-01, 
 2DIAGNOSTIC,    27, -6.700076460838e-01, 1.146222189163e-06, 1.0532e+01, 2.3068e-01, 
 2DIAGNOSTIC,    28, -6.700067520142e-01, 1.097434960684e-06, 1.0807e+01, 2.7572e-01, 
 2DIAGNOSTIC,    29, -6.700063347816e-01, 1.062526507667e-06, 1.1077e+01, 2.6925e-01, 
 2DIAGNOSTIC,    30, -6.700064539909e-01, 1.042437816068e-06, 1.1391e+01, 3.1457e-01, 
 2DIAGNOSTIC,    31, -6.700062155724e-01, 1.009616312331e-06, 1.1632e+01, 2.4083e-01, 
DIAGNOSTIC,Iteration,metricValue,convergenceValue,ITERATION_TIME_INDEX,SINCE_LAST
 2DIAGNOSTIC,     1, -6.029564738274e-01, inf, 1.4195e+01, 2.5632e+00, 
  Elapsed time (stage 0): 1.5395e+01


Stage 1
  iterations = 1000x500x250x0
  convergence threshold = 1.0000e-06
  convergence window size = 10
  number of levels = 4
  using the Mattes MI metric (number of bins = 32, weight = 1.0000e+00)
  preprocessing:  winsorizing the image intensities
  preprocessing:  histogram matching the images
  Shrink factors (level 1 out of 4): [6, 6, 6]
  Shrink factors (level 2 out of 4): [4, 4, 4]
  Shrink factors (level 3 out of 4): [2, 2, 2]
  Shrink factors (level 4 out of 4): [1, 1, 1]
  smoothing sigmas per level: [4, 2, 1, 0]
  regular sampling (percentage = 2.5000e-01)

*** Running AffineTransform registration ***

DIAGNOSTIC,Iteration,metricValue,convergenceValue,ITERATION_TIME_INDEX,SINCE_LAST
 2DIAGNOSTIC,     1, -9.588716030121e-01, inf, 6.2077e-01, 6.2077e-01, 
 2DIAGNOSTIC,     2, -9.607877731323e-01, inf, 6.3176e-01, 1.0989e-02, 
 2DIAGNOSTIC,     3, -9.634947776794e-01, inf, 6.4283e-01, 1.1068e-02, 
 2DIAGNOSTIC,     4, -9.680780172348e-01, inf, 6.5358e-01, 1.0749e-02, 
 2DIAGNOSTIC,     5, -9.740071296692e-01, inf, 6.6417e-01, 1.0596e-02, 
 2DIAGNOSTIC,     6, -9.815169572830e-01, inf, 6.7532e-01, 1.1153e-02, 
 2DIAGNOSTIC,     7, -9.897328019142e-01, inf, 6.8641e-01, 1.1087e-02, 
 2DIAGNOSTIC,     8, -9.988690018654e-01, inf, 6.9862e-01, 1.2205e-02, 
 2DIAGNOSTIC,     9, -1.005548715591e+00, inf, 7.0997e-01, 1.1353e-02, 
 2DIAGNOSTIC,    10, -1.005951523781e+00, 3.549572546035e-03, 7.2175e-01, 1.1777e-02, 
 2DIAGNOSTIC,    11, -1.006029009819e+00, 3.199216909707e-03, 7.3458e-01, 1.2838e-02, 
 2DIAGNOSTIC,    12, -1.006108403206e+00, 2.670075045899e-03, 7.4514e-01, 1.0560e-02, 
 2DIAGNOSTIC,    13, -1.006223440170e+00, 2.042876556516e-03, 7.5541e-01, 1.0262e-02, 
 2DIAGNOSTIC,    14, -1.006270527840e+00, 1.415059436113e-03, 7.6706e-01, 1.1650e-02, 
 2DIAGNOSTIC,    15, -1.006292462349e+00, 8.576040272601e-04, 7.7860e-01, 1.1543e-02, 
 2DIAGNOSTIC,    16, -1.006244063377e+00, 4.261223657522e-04, 7.9031e-01, 1.1712e-02, 
 2DIAGNOSTIC,    17, -1.006229281425e+00, 1.425494119758e-04, 8.0338e-01, 1.3070e-02, 
 2DIAGNOSTIC,    18, -1.006167531013e+00, 1.939856520039e-05, 8.1336e-01, 9.9771e-03, 
 2DIAGNOSTIC,    19, -1.006145596504e+00, 7.923041266622e-06, 8.2313e-01, 9.7721e-03, 
 2DIAGNOSTIC,    20, -1.006165623665e+00, 3.078393319811e-06, 8.3512e-01, 1.1987e-02, 
DIAGNOSTIC,Iteration,metricValue,convergenceValue,ITERATION_TIME_INDEX,SINCE_LAST
 2DIAGNOSTIC,     1, -7.984501719475e-01, inf, 1.3777e+00, 5.4256e-01, 
 2DIAGNOSTIC,     2, -7.992076277733e-01, inf, 1.4167e+00, 3.9031e-02, 
 2DIAGNOSTIC,     3, -8.000288009644e-01, inf, 1.4525e+00, 3.5838e-02, 
 2DIAGNOSTIC,     4, -8.007383942604e-01, inf, 1.4884e+00, 3.5842e-02, 
 2DIAGNOSTIC,     5, -8.012509346008e-01, inf, 1.5252e+00, 3.6827e-02, 
 2DIAGNOSTIC,     6, -8.017832040787e-01, inf, 1.5820e+00, 5.6772e-02, 
 2DIAGNOSTIC,     7, -8.018573522568e-01, inf, 1.6482e+00, 6.6186e-02, 
 2DIAGNOSTIC,     8, -8.018418550491e-01, inf, 1.6839e+00, 3.5699e-02, 
 2DIAGNOSTIC,     9, -8.018396496773e-01, inf, 1.7255e+00, 4.1630e-02, 
 2DIAGNOSTIC,    10, -8.018379211426e-01, 2.718332689255e-04, 1.7672e+00, 4.1655e-02, 
 2DIAGNOSTIC,    11, -8.018358945847e-01, 1.728913775878e-04, 1.8043e+00, 3.7185e-02, 
 2DIAGNOSTIC,    12, -8.018372058868e-01, 9.735865023686e-05, 1.8411e+00, 3.6753e-02, 
 2DIAGNOSTIC,    13, -8.018587231636e-01, 4.775124034495e-05, 1.8903e+00, 4.9182e-02, 
 2DIAGNOSTIC,    14, -8.018633127213e-01, 1.902652911667e-05, 1.9402e+00, 4.9905e-02, 
 2DIAGNOSTIC,    15, -8.018652200699e-01, 4.430301487446e-06, 1.9766e+00, 3.6455e-02, 
 2DIAGNOSTIC,    16, -8.018540143967e-01, 2.956548541988e-06, 2.0147e+00, 3.8106e-02, 
 2DIAGNOSTIC,    17, -8.018600344658e-01, 3.254807097619e-06, 2.0512e+00, 3.6470e-02, 
 2DIAGNOSTIC,    18, -8.018621802330e-01, 3.116283551208e-06, 2.0881e+00, 3.6852e-02, 
 2DIAGNOSTIC,    19, -8.018757104874e-01, 3.073415427934e-06, 2.1247e+00, 3.6611e-02, 
 2DIAGNOSTIC,    20, -8.018787503242e-01, 2.930915798061e-06, 2.1613e+00, 3.6576e-02, 
 2DIAGNOSTIC,    21, -8.018949627876e-01, 2.926348997789e-06, 2.2026e+00, 4.1310e-02, 
 2DIAGNOSTIC,    22, -8.019168376923e-01, 3.151254531986e-06, 2.2439e+00, 4.1388e-02, 
 2DIAGNOSTIC,    23, -8.019165992737e-01, 3.513150204526e-06, 2.2856e+00, 4.1611e-02, 
 2DIAGNOSTIC,    24, -8.019108772278e-01, 3.631430672613e-06, 2.3282e+00, 4.2592e-02, 
 2DIAGNOSTIC,    25, -8.019229173660e-01, 3.732709728865e-06, 2.3648e+00, 3.6673e-02, 
 2DIAGNOSTIC,    26, -8.019431829453e-01, 3.708722260853e-06, 2.4052e+00, 4.0404e-02, 
 2DIAGNOSTIC,    27, -8.019713163376e-01, 3.890424522979e-06, 2.4426e+00, 3.7354e-02, 
 2DIAGNOSTIC,    28, -8.020439743996e-01, 4.744188117911e-06, 2.4838e+00, 4.1198e-02, 
 2DIAGNOSTIC,    29, -8.020569682121e-01, 5.511737981578e-06, 2.5398e+00, 5.6032e-02, 
 2DIAGNOSTIC,    30, -8.020570278168e-01, 5.853241418663e-06, 2.5763e+00, 3.6439e-02, 
 2DIAGNOSTIC,    31, -8.020581603050e-01, 5.918851911701e-06, 2.6179e+00, 4.1675e-02, 
 2DIAGNOSTIC,    32, -8.020728826523e-01, 5.916626378166e-06, 2.6549e+00, 3.7014e-02, 
 2DIAGNOSTIC,    33, -8.020653128624e-01, 5.351483196137e-06, 2.6967e+00, 4.1797e-02, 
 2DIAGNOSTIC,    34, -8.020660281181e-01, 4.353798885859e-06, 2.7381e+00, 4.1387e-02, 
 2DIAGNOSTIC,    35, -8.020829558372e-01, 3.392137614355e-06, 2.7746e+00, 3.6458e-02, 
 2DIAGNOSTIC,    36, -8.020814657211e-01, 2.428863581372e-06, 2.8157e+00, 4.1131e-02, 
 2DIAGNOSTIC,    37, -8.021288514137e-01, 2.076122427752e-06, 2.8726e+00, 5.6923e-02, 
 2DIAGNOSTIC,    38, -8.021342158318e-01, 2.341173967579e-06, 2.9221e+00, 4.9426e-02, 
 2DIAGNOSTIC,    39, -8.021351695061e-01, 2.581539547464e-06, 2.9636e+00, 4.1539e-02, 
 2DIAGNOSTIC,    40, -8.021349906921e-01, 2.645317863426e-06, 3.0202e+00, 5.6592e-02, 
 2DIAGNOSTIC,    41, -8.021355271339e-01, 2.538588432799e-06, 3.0611e+00, 4.0907e-02, 
 2DIAGNOSTIC,    42, -8.021349906921e-01, 2.385755578871e-06, 3.0974e+00, 3.6280e-02, 
 2DIAGNOSTIC,    43, -8.021351695061e-01, 2.022790567935e-06, 3.1388e+00, 4.1463e-02, 
 2DIAGNOSTIC,    44, -8.021355271339e-01, 1.564227090967e-06, 3.1807e+00, 4.1906e-02, 
 2DIAGNOSTIC,    45, -8.021239638329e-01, 1.093264927476e-06, 3.2174e+00, 3.6679e-02, 
DIAGNOSTIC,Iteration,metricValue,convergenceValue,ITERATION_TIME_INDEX,SINCE_LAST
 2DIAGNOSTIC,     1, -6.951085925102e-01, inf, 4.2154e+00, 9.9796e-01, 
 2DIAGNOSTIC,     2, -6.952434778214e-01, inf, 4.4589e+00, 2.4348e-01, 
 2DIAGNOSTIC,     3, -6.953119039536e-01, inf, 4.7316e+00, 2.7269e-01, 
 2DIAGNOSTIC,     4, -6.953163743019e-01, inf, 5.1143e+00, 3.8278e-01, 
 2DIAGNOSTIC,     5, -6.953160762787e-01, inf, 5.4043e+00, 2.9001e-01, 
 2DIAGNOSTIC,     6, -6.953158974648e-01, inf, 5.6633e+00, 2.5900e-01, 
 2DIAGNOSTIC,     7, -6.953153610229e-01, inf, 5.9868e+00, 3.2345e-01, 
 2DIAGNOSTIC,     8, -6.953161954880e-01, inf, 6.2841e+00, 2.9729e-01, 
 2DIAGNOSTIC,     9, -6.953144073486e-01, inf, 6.5551e+00, 2.7101e-01, 
 2DIAGNOSTIC,    10, -6.953147649765e-01, 1.424404399586e-05, 6.8233e+00, 2.6818e-01, 
 2DIAGNOSTIC,    11, -6.953149437904e-01, 5.587934992946e-06, 7.1038e+00, 2.8052e-01, 
 2DIAGNOSTIC,    12, -6.953148841858e-01, 2.659509391378e-06, 7.3734e+00, 2.6959e-01, 
 2DIAGNOSTIC,    13, -6.953151226044e-01, 2.335791577934e-06, 7.6546e+00, 2.8119e-01, 
 2DIAGNOSTIC,    14, -6.953145265579e-01, 2.182086291214e-06, 7.9240e+00, 2.6945e-01, 
 2DIAGNOSTIC,    15, -6.953144073486e-01, 2.046584086202e-06, 8.2437e+00, 3.1965e-01, 
 2DIAGNOSTIC,    16, -6.953138113022e-01, 1.914825361382e-06, 8.5312e+00, 2.8753e-01, 
 2DIAGNOSTIC,    17, -6.953138113022e-01, 1.791595991563e-06, 8.7960e+00, 2.6480e-01, 
 2DIAGNOSTIC,    18, -6.953138113022e-01, 1.709450430099e-06, 9.1012e+00, 3.0519e-01, 
 2DIAGNOSTIC,    19, -6.953138113022e-01, 1.602641532372e-06, 9.3666e+00, 2.6538e-01, 
 2DIAGNOSTIC,    20, -6.953138113022e-01, 1.520568844171e-06, 9.6500e+00, 2.8347e-01, 
 2DIAGNOSTIC,    21, -6.953137516975e-01, 1.455254505345e-06, 9.9163e+00, 2.6626e-01, 
 2DIAGNOSTIC,    22, -6.953136920929e-01, 1.398998051627e-06, 1.0213e+01, 2.9699e-01, 
 2DIAGNOSTIC,    23, -6.953137516975e-01, 1.357444034511e-06, 1.0479e+01, 2.6522e-01, 
 2DIAGNOSTIC,    24, -6.953137516975e-01, 1.311480900767e-06, 1.0744e+01, 2.6531e-01, 
 2DIAGNOSTIC,    25, -6.953136920929e-01, 1.267860398002e-06, 1.1046e+01, 3.0243e-01, 
 2DIAGNOSTIC,    26, -6.953138113022e-01, 1.220588615070e-06, 1.1310e+01, 2.6370e-01, 
 2DIAGNOSTIC,    27, -6.953136920929e-01, 1.175238594442e-06, 1.1588e+01, 2.7787e-01, 
 2DIAGNOSTIC,    28, -6.953136920929e-01, 1.133434466283e-06, 1.1853e+01, 2.6523e-01, 
 2DIAGNOSTIC,    29, -6.953136920929e-01, 1.094747062780e-06, 1.2118e+01, 2.6476e-01, 
 2DIAGNOSTIC,    30, -6.953137516975e-01, 1.059662963598e-06, 1.2382e+01, 2.6416e-01, 
 2DIAGNOSTIC,    31, -6.953136920929e-01, 1.025327037496e-06, 1.2646e+01, 2.6384e-01, 
DIAGNOSTIC,Iteration,metricValue,convergenceValue,ITERATION_TIME_INDEX,SINCE_LAST
 2DIAGNOSTIC,     1, -6.283441781998e-01, inf, 1.5457e+01, 2.8115e+00, 
  Elapsed time (stage 1): 1.6611e+01


Stage 2
  iterations = 100x100x70x20
  convergence threshold = 1.0000e-09
  convergence window size = 10
  number of levels = 4
  using the CC metric (radius = 4, weight = 1.0000e+00)
  preprocessing:  winsorizing the image intensities
  preprocessing:  histogram matching the images
  Shrink factors (level 1 out of 4): [6, 6, 6]
  Shrink factors (level 2 out of 4): [4, 4, 4]
  Shrink factors (level 3 out of 4): [2, 2, 2]
  Shrink factors (level 4 out of 4): [1, 1, 1]
  smoothing sigmas per level: [3, 2, 1, 0]
  Using default NONE metricSamplingStrategy 

*** Running SyN registration (varianceForUpdateField = 3.0000e+00, varianceForTotalField = 0.0000e+00) ***

XXDIAGNOSTIC,Iteration,metricValue,convergenceValue,ITERATION_TIME_INDEX,SINCE_LAST
 1DIAGNOSTIC,     1, -8.767929077148e-01, inf, 1.3419e+00, 1.3419e+00, 
 1DIAGNOSTIC,     2, -8.836475610733e-01, inf, 2.1271e+00, 7.8525e-01, 
 1DIAGNOSTIC,     3, -8.902209997177e-01, inf, 2.8707e+00, 7.4355e-01, 
 1DIAGNOSTIC,     4, -8.954210877419e-01, inf, 3.6675e+00, 7.9681e-01, 
 1DIAGNOSTIC,     5, -8.995399475098e-01, inf, 4.4340e+00, 7.6650e-01, 
 1DIAGNOSTIC,     6, -9.031410217285e-01, inf, 5.1911e+00, 7.5708e-01, 
 1DIAGNOSTIC,     7, -9.062315225601e-01, inf, 5.9940e+00, 8.0287e-01, 
 1DIAGNOSTIC,     8, -9.088837504387e-01, inf, 6.7651e+00, 7.7115e-01, 
 1DIAGNOSTIC,     9, -9.110305905342e-01, inf, 7.5508e+00, 7.8569e-01, 
 1DIAGNOSTIC,    10, -9.128901958466e-01, 2.493851818144e-03, 8.3822e+00, 8.3140e-01, 
 1DIAGNOSTIC,    11, -9.145148992538e-01, 1.911646220833e-03, 9.1616e+00, 7.7944e-01, 
 1DIAGNOSTIC,    12, -9.159465432167e-01, 1.471253111959e-03, 9.9776e+00, 8.1600e-01, 
 1DIAGNOSTIC,    13, -9.172140359879e-01, 1.154632656835e-03, 1.0780e+01, 8.0244e-01, 
 1DIAGNOSTIC,    14, -9.183343648911e-01, 9.197057224810e-04, 1.1558e+01, 7.7766e-01, 
 1DIAGNOSTIC,    15, -9.193394184113e-01, 7.388563826680e-04, 1.2396e+01, 8.3782e-01, 
 1DIAGNOSTIC,    16, -9.202438592911e-01, 6.006823386997e-04, 1.3153e+01, 7.5772e-01, 
 1DIAGNOSTIC,    17, -9.210616946220e-01, 4.950543516316e-04, 1.3986e+01, 8.3313e-01, 
 1DIAGNOSTIC,    18, -9.218066334724e-01, 4.142136021983e-04, 1.4804e+01, 8.1788e-01, 
 1DIAGNOSTIC,    19, -9.224827885628e-01, 3.497292054817e-04, 1.5577e+01, 7.7286e-01, 
 1DIAGNOSTIC,    20, -9.231010079384e-01, 2.977229887620e-04, 1.6394e+01, 8.1652e-01, 
 1DIAGNOSTIC,    21, -9.236681461334e-01, 2.553745289333e-04, 1.7173e+01, 7.7952e-01, 
 1DIAGNOSTIC,    22, -9.241926670074e-01, 2.206558856415e-04, 1.7971e+01, 7.9771e-01, 
 1DIAGNOSTIC,    23, -9.246655702591e-01, 1.918147463584e-04, 1.8758e+01, 7.8696e-01, 
 1DIAGNOSTIC,    24, -9.251146912575e-01, 1.677091786405e-04, 1.9563e+01, 8.0503e-01, 
 1DIAGNOSTIC,    25, -9.255312681198e-01, 1.474414311815e-04, 2.0370e+01, 8.0739e-01, 
 1DIAGNOSTIC,    26, -9.259161353111e-01, 1.302626769757e-04, 2.1156e+01, 7.8552e-01, 
 1DIAGNOSTIC,    27, -9.262771606445e-01, 1.156463331426e-04, 2.1985e+01, 8.2932e-01, 
 1DIAGNOSTIC,    28, -9.266149401665e-01, 1.031781939673e-04, 2.2823e+01, 8.3785e-01, 
 1DIAGNOSTIC,    29, -9.269270896912e-01, 9.241297084372e-05, 2.3595e+01, 7.7253e-01, 
 1DIAGNOSTIC,    30, -9.272230863571e-01, 8.309722034028e-05, 2.4403e+01, 8.0755e-01, 
 1DIAGNOSTIC,    31, -9.275016784668e-01, 7.499627827201e-05, 2.5205e+01, 8.0205e-01, 
 1DIAGNOSTIC,    32, -9.277633428574e-01, 6.793849752285e-05, 2.5994e+01, 7.8904e-01, 
 1DIAGNOSTIC,    33, -9.280098676682e-01, 6.164761725813e-05, 2.6805e+01, 8.1111e-01, 
 1DIAGNOSTIC,    34, -9.282425045967e-01, 5.611690357910e-05, 2.7568e+01, 7.6246e-01, 
 1DIAGNOSTIC,    35, -9.284627437592e-01, 5.123863229528e-05, 2.8391e+01, 8.2342e-01, 
 1DIAGNOSTIC,    36, -9.286701083183e-01, 4.688629633165e-05, 2.9210e+01, 8.1926e-01, 
 1DIAGNOSTIC,    37, -9.288672804832e-01, 4.301284934627e-05, 2.9991e+01, 7.8043e-01, 
 1DIAGNOSTIC,    38, -9.290516972542e-01, 3.953782652388e-05, 3.0825e+01, 8.3372e-01, 
 1DIAGNOSTIC,    39, -9.292289018631e-01, 3.639415081125e-05, 3.1616e+01, 7.9111e-01, 
 1DIAGNOSTIC,    40, -9.293965697289e-01, 3.356167144375e-05, 3.2441e+01, 8.2552e-01, 
 1DIAGNOSTIC,    41, -9.295569658279e-01, 3.101618858636e-05, 3.3237e+01, 7.9584e-01, 
 1DIAGNOSTIC,    42, -9.297062754631e-01, 2.869681702578e-05, 3.4013e+01, 7.7641e-01, 
 1DIAGNOSTIC,    43, -9.298475384712e-01, 2.657383993210e-05, 3.4815e+01, 8.0143e-01, 
 1DIAGNOSTIC,    44, -9.299860000610e-01, 2.465634133841e-05, 3.5616e+01, 8.0107e-01, 
 1DIAGNOSTIC,    45, -9.301178455353e-01, 2.292518183822e-05, 3.6431e+01, 8.1548e-01, 
 1DIAGNOSTIC,    46, -9.302444458008e-01, 2.136059265467e-05, 3.7217e+01, 7.8558e-01, 
 1DIAGNOSTIC,    47, -9.303649067879e-01, 1.994856756937e-05, 3.8014e+01, 7.9750e-01, 
 1DIAGNOSTIC,    48, -9.304697513580e-01, 1.858916766651e-05, 3.8867e+01, 8.5267e-01, 
 1DIAGNOSTIC,    49, -9.305801391602e-01, 1.736108060868e-05, 3.9657e+01, 7.9016e-01, 
 1DIAGNOSTIC,    50, -9.306858181953e-01, 1.624709511816e-05, 4.0444e+01, 7.8635e-01, 
 1DIAGNOSTIC,    51, -9.307874441147e-01, 1.524660638097e-05, 4.1273e+01, 8.2970e-01, 
 1DIAGNOSTIC,    52, -9.308838248253e-01, 1.432365115761e-05, 4.2049e+01, 7.7596e-01, 
 1DIAGNOSTIC,    53, -9.309772253036e-01, 1.347092256765e-05, 4.2847e+01, 7.9735e-01, 
 1DIAGNOSTIC,    54, -9.310669898987e-01, 1.270314623980e-05, 4.3637e+01, 7.9078e-01, 
 1DIAGNOSTIC,    55, -9.311527013779e-01, 1.200464885187e-05, 4.4401e+01, 7.6382e-01, 
 1DIAGNOSTIC,    56, -9.312357306480e-01, 1.137385061156e-05, 4.5203e+01, 8.0222e-01, 
 1DIAGNOSTIC,    57, -9.313163757324e-01, 1.080367383111e-05, 4.5991e+01, 7.8786e-01, 
 1DIAGNOSTIC,    58, -9.313940405846e-01, 1.022632932290e-05, 4.6783e+01, 7.9193e-01, 
 1DIAGNOSTIC,    59, -9.314625859261e-01, 9.661456715548e-06, 4.7574e+01, 7.9029e-01, 
 1DIAGNOSTIC,    60, -9.315348863602e-01, 9.142470844381e-06, 4.8354e+01, 7.8084e-01, 
 1DIAGNOSTIC,    61, -9.316046237946e-01, 8.667246220284e-06, 4.9120e+01, 7.6587e-01, 
 1DIAGNOSTIC,    62, -9.316711425781e-01, 8.222794349422e-06, 4.9915e+01, 7.9522e-01, 
 1DIAGNOSTIC,    63, -9.317369461060e-01, 7.819876373105e-06, 5.0721e+01, 8.0506e-01, 
 1DIAGNOSTIC,    64, -9.318004846573e-01, 7.454891601810e-06, 5.1505e+01, 7.8445e-01, 
 1DIAGNOSTIC,    65, -9.318581819534e-01, 7.102398285497e-06, 5.2310e+01, 8.0544e-01, 
 1DIAGNOSTIC,    66, -9.319187998772e-01, 6.785984624003e-06, 5.3078e+01, 7.6791e-01, 
 1DIAGNOSTIC,    67, -9.319771528244e-01, 6.502280939458e-06, 5.3934e+01, 8.5579e-01, 
 1DIAGNOSTIC,    68, -9.320343732834e-01, 6.250073965930e-06, 5.4733e+01, 7.9894e-01, 
 1DIAGNOSTIC,    69, -9.320905804634e-01, 5.997463176755e-06, 5.5523e+01, 7.8993e-01, 
 1DIAGNOSTIC,    70, -9.321440458298e-01, 5.764891284343e-06, 5.6348e+01, 8.2519e-01, 
 1DIAGNOSTIC,    71, -9.321958422661e-01, 5.547586624743e-06, 5.7113e+01, 7.6486e-01, 
 1DIAGNOSTIC,    72, -9.322481155396e-01, 5.345941190171e-06, 5.7979e+01, 8.6556e-01, 
 1DIAGNOSTIC,    73, -9.322993755341e-01, 5.163957212062e-06, 5.8814e+01, 8.3546e-01, 
 1DIAGNOSTIC,    74, -9.323496818542e-01, 4.998737949791e-06, 5.9607e+01, 7.9332e-01, 
 1DIAGNOSTIC,    75, -9.323905706406e-01, 4.795991117135e-06, 6.0475e+01, 8.6738e-01, 
 1DIAGNOSTIC,    76, -9.324361681938e-01, 4.602422905009e-06, 6.1284e+01, 8.0901e-01, 
 1DIAGNOSTIC,    77, -9.324788451195e-01, 4.408369477460e-06, 6.2054e+01, 7.7056e-01, 
 1DIAGNOSTIC,    78, -9.325191378593e-01, 4.212807198201e-06, 6.2918e+01, 8.6336e-01, 
 1DIAGNOSTIC,    79, -9.325548410416e-01, 4.008277301182e-06, 6.3720e+01, 8.0271e-01, 
 1DIAGNOSTIC,    80, -9.325910210609e-01, 3.801888396993e-06, 6.4534e+01, 8.1334e-01, 
 1DIAGNOSTIC,    81, -9.326236844063e-01, 3.588402933019e-06, 6.5343e+01, 8.0897e-01, 
 1DIAGNOSTIC,    82, -9.326553940773e-01, 3.382110662642e-06, 6.6086e+01, 7.4328e-01, 
 1DIAGNOSTIC,    83, -9.326852560043e-01, 3.188021764799e-06, 6.6878e+01, 7.9237e-01, 
 1DIAGNOSTIC,    84, -9.327148795128e-01, 3.017397148142e-06, 6.7645e+01, 7.6612e-01, 
 1DIAGNOSTIC,    85, -9.327405691147e-01, 2.833159442162e-06, 6.8427e+01, 7.8202e-01, 
 1DIAGNOSTIC,    86, -9.327673912048e-01, 2.671432639545e-06, 6.9211e+01, 7.8411e-01, 
 1DIAGNOSTIC,    87, -9.327933192253e-01, 2.530300662329e-06, 7.0005e+01, 7.9452e-01, 
 1DIAGNOSTIC,    88, -9.328169822693e-01, 2.403803819107e-06, 7.0802e+01, 7.9684e-01, 
 1DIAGNOSTIC,    89, -9.328407049179e-01, 2.285338268848e-06, 7.1561e+01, 7.5908e-01, 
 1DIAGNOSTIC,    90, -9.328636527061e-01, 2.182712250942e-06, 7.2359e+01, 7.9779e-01, 
 1DIAGNOSTIC,    91, -9.328851699829e-01, 2.086115046041e-06, 7.3157e+01, 7.9851e-01, 
 1DIAGNOSTIC,    92, -9.329059123993e-01, 1.996714672714e-06, 7.3976e+01, 8.1850e-01, 
 1DIAGNOSTIC,    93, -9.329259395599e-01, 1.912295829243e-06, 7.4793e+01, 8.1677e-01, 
 1DIAGNOSTIC,    94, -9.329438805580e-01, 1.831543727349e-06, 7.5589e+01, 7.9639e-01, 
 1DIAGNOSTIC,    95, -9.329627156258e-01, 1.750276851453e-06, 7.6426e+01, 8.3742e-01, 
 1DIAGNOSTIC,    96, -9.329791069031e-01, 1.670200390436e-06, 7.7239e+01, 8.1296e-01, 
 1DIAGNOSTIC,    97, -9.329950213432e-01, 1.593296701685e-06, 7.8038e+01, 7.9816e-01, 
 1DIAGNOSTIC,    98, -9.330117702484e-01, 1.520715159131e-06, 7.8872e+01, 8.3393e-01, 
 1DIAGNOSTIC,    99, -9.330275058746e-01, 1.454678681512e-06, 7.9674e+01, 8.0275e-01, 
 1DIAGNOSTIC,   100, -9.330428838730e-01, 1.396575044055e-06, 8.0470e+01, 7.9568e-01, 
XXDIAGNOSTIC,Iteration,metricValue,convergenceValue,ITERATION_TIME_INDEX,SINCE_LAST
 1DIAGNOSTIC,     1, -8.522053956985e-01, inf, 8.3674e+01, 3.2038e+00, 
 1DIAGNOSTIC,     2, -8.531835079193e-01, inf, 8.6302e+01, 2.6279e+00, 
 1DIAGNOSTIC,     3, -8.543217778206e-01, inf, 8.8962e+01, 2.6605e+00, 
 1DIAGNOSTIC,     4, -8.554469943047e-01, inf, 9.1617e+01, 2.6549e+00, 
 1DIAGNOSTIC,     5, -8.564054369926e-01, inf, 9.4252e+01, 2.6351e+00, 
 1DIAGNOSTIC,     6, -8.573389649391e-01, inf, 9.6900e+01, 2.6473e+00, 
 1DIAGNOSTIC,     7, -8.582332134247e-01, inf, 9.9534e+01, 2.6347e+00, 
 1DIAGNOSTIC,     8, -8.590221405029e-01, inf, 1.0213e+02, 2.5944e+00, 
 1DIAGNOSTIC,     9, -8.598644733429e-01, inf, 1.0476e+02, 2.6341e+00, 
 1DIAGNOSTIC,    10, -8.605082035065e-01, 6.300395471044e-04, 1.0742e+02, 2.6606e+00, 
 1DIAGNOSTIC,    11, -8.611848354340e-01, 5.418097716756e-04, 1.1007e+02, 2.6419e+00, 
 1DIAGNOSTIC,    12, -8.617279529572e-01, 4.614126519300e-04, 1.1270e+02, 2.6353e+00, 
 1DIAGNOSTIC,    13, -8.622249364853e-01, 3.931294486392e-04, 1.1538e+02, 2.6829e+00, 
 1DIAGNOSTIC,    14, -8.626804947853e-01, 3.361361450516e-04, 1.1799e+02, 2.6110e+00, 
 1DIAGNOSTIC,    15, -8.631086349487e-01, 2.865097776521e-04, 1.2068e+02, 2.6841e+00, 
 1DIAGNOSTIC,    16, -8.635017871857e-01, 2.441322430968e-04, 1.2330e+02, 2.6190e+00, 
 1DIAGNOSTIC,    17, -8.638624548912e-01, 2.086212480208e-04, 1.2590e+02, 2.6054e+00, 
 1DIAGNOSTIC,    18, -8.642023205757e-01, 1.784231135389e-04, 1.2852e+02, 2.6149e+00, 
 1DIAGNOSTIC,    19, -8.645132184029e-01, 1.549185399199e-04, 1.3113e+02, 2.6099e+00, 
 1DIAGNOSTIC,    20, -8.647972941399e-01, 1.346391945845e-04, 1.3379e+02, 2.6593e+00, 
 1DIAGNOSTIC,    21, -8.650636672974e-01, 1.185802320833e-04, 1.3639e+02, 2.6020e+00, 
 1DIAGNOSTIC,    22, -8.653252124786e-01, 1.049964339472e-04, 1.3905e+02, 2.6637e+00, 
 1DIAGNOSTIC,    23, -8.655554652214e-01, 9.322087862529e-05, 1.4169e+02, 2.6410e+00, 
 1DIAGNOSTIC,    24, -8.657777309418e-01, 8.303477807203e-05, 1.4437e+02, 2.6736e+00, 
 1DIAGNOSTIC,    25, -8.659868836403e-01, 7.431001722580e-05, 1.4696e+02, 2.5960e+00, 
 1DIAGNOSTIC,    26, -8.661760687828e-01, 6.669120193692e-05, 1.4961e+02, 2.6477e+00, 
 1DIAGNOSTIC,    27, -8.663560152054e-01, 5.999632412568e-05, 1.5224e+02, 2.6325e+00, 
 1DIAGNOSTIC,    28, -8.665226101875e-01, 5.412791506387e-05, 1.5494e+02, 2.6919e+00, 
 1DIAGNOSTIC,    29, -8.666775822639e-01, 4.889743649983e-05, 1.5757e+02, 2.6312e+00, 
 1DIAGNOSTIC,    30, -8.668220639229e-01, 4.415095099830e-05, 1.6023e+02, 2.6653e+00, 
 1DIAGNOSTIC,    31, -8.669574260712e-01, 3.985027069575e-05, 1.6281e+02, 2.5765e+00, 
 1DIAGNOSTIC,    32, -8.670827746391e-01, 3.608073529904e-05, 1.6542e+02, 2.6154e+00, 
 1DIAGNOSTIC,    33, -8.672041296959e-01, 3.268076034146e-05, 1.6807e+02, 2.6477e+00, 
 1DIAGNOSTIC,    34, -8.673183917999e-01, 2.969097840833e-05, 1.7075e+02, 2.6764e+00, 
 1DIAGNOSTIC,    35, -8.674275875092e-01, 2.710181615839e-05, 1.7341e+02, 2.6575e+00, 
 1DIAGNOSTIC,    36, -8.675301074982e-01, 2.480233888491e-05, 1.7606e+02, 2.6542e+00, 
 1DIAGNOSTIC,    37, -8.676278591156e-01, 2.279378713865e-05, 1.7872e+02, 2.6642e+00, 
 1DIAGNOSTIC,    38, -8.677189350128e-01, 2.100806341332e-05, 1.8136e+02, 2.6376e+00, 
 1DIAGNOSTIC,    39, -8.678048253059e-01, 1.940050606208e-05, 1.8394e+02, 2.5780e+00, 
 1DIAGNOSTIC,    40, -8.678798675537e-01, 1.788541703718e-05, 1.8658e+02, 2.6456e+00, 
 1DIAGNOSTIC,    41, -8.679592609406e-01, 1.651907950873e-05, 1.8923e+02, 2.6427e+00, 
 1DIAGNOSTIC,    42, -8.680324554443e-01, 1.525031620986e-05, 1.9185e+02, 2.6177e+00, 
 1DIAGNOSTIC,    43, -8.681025505066e-01, 1.410326422047e-05, 1.9444e+02, 2.5950e+00, 
 1DIAGNOSTIC,    44, -8.681762814522e-01, 1.312098902417e-05, 1.9708e+02, 2.6396e+00, 
 1DIAGNOSTIC,    45, -8.682398796082e-01, 1.224424340762e-05, 1.9975e+02, 2.6722e+00, 
 1DIAGNOSTIC,    46, -8.682982325554e-01, 1.143847475760e-05, 2.0242e+02, 2.6651e+00, 
 1DIAGNOSTIC,    47, -8.683552742004e-01, 1.070908729162e-05, 2.0504e+02, 2.6230e+00, 
 1DIAGNOSTIC,    48, -8.684086799622e-01, 1.002679255180e-05, 2.0768e+02, 2.6376e+00, 
 1DIAGNOSTIC,    49, -8.684656023979e-01, 9.423088158655e-06, 2.1024e+02, 2.5654e+00, 
 1DIAGNOSTIC,    50, -8.685165047646e-01, 8.818897185847e-06, 2.1284e+02, 2.5923e+00, 
 1DIAGNOSTIC,    51, -8.685647845268e-01, 8.268310011772e-06, 2.1542e+02, 2.5860e+00, 
 1DIAGNOSTIC,    52, -8.686105012894e-01, 7.749501492071e-06, 2.1805e+02, 2.6310e+00, 
 1DIAGNOSTIC,    53, -8.686541318893e-01, 7.261004157044e-06, 2.2066e+02, 2.6083e+00, 
 1DIAGNOSTIC,    54, -8.686965107918e-01, 6.849463716208e-06, 2.2323e+02, 2.5672e+00, 
 1DIAGNOSTIC,    55, -8.687360286713e-01, 6.460414624598e-06, 2.2591e+02, 2.6791e+00, 
 1DIAGNOSTIC,    56, -8.687791824341e-01, 6.109500191087e-06, 2.2841e+02, 2.5006e+00, 
 1DIAGNOSTIC,    57, -8.688157796860e-01, 5.771647010988e-06, 2.3095e+02, 2.5385e+00, 
 1DIAGNOSTIC,    58, -8.688534498215e-01, 5.453885933093e-06, 2.3359e+02, 2.6408e+00, 
 1DIAGNOSTIC,    59, -8.688846230507e-01, 5.160033197171e-06, 2.3621e+02, 2.6181e+00, 
 1DIAGNOSTIC,    60, -8.689187169075e-01, 4.892024207948e-06, 2.3886e+02, 2.6513e+00, 
 1DIAGNOSTIC,    61, -8.689495921135e-01, 4.633833668777e-06, 2.4138e+02, 2.5229e+00, 
 1DIAGNOSTIC,    62, -8.689780235291e-01, 4.376149263408e-06, 2.4401e+02, 2.6293e+00, 
 1DIAGNOSTIC,    63, -8.690078258514e-01, 4.133686161367e-06, 2.4661e+02, 2.6023e+00, 
 1DIAGNOSTIC,    64, -8.690355420113e-01, 3.905188350473e-06, 2.4926e+02, 2.6486e+00, 
 1DIAGNOSTIC,    65, -8.690621256828e-01, 3.684871899168e-06, 2.5183e+02, 2.5672e+00, 
 1DIAGNOSTIC,    66, -8.690875172615e-01, 3.500817911117e-06, 2.5447e+02, 2.6396e+00, 
 1DIAGNOSTIC,    67, -8.691165447235e-01, 3.349280632392e-06, 2.5711e+02, 2.6438e+00, 
 1DIAGNOSTIC,    68, -8.691387772560e-01, 3.210865770598e-06, 2.5974e+02, 2.6305e+00, 
 1DIAGNOSTIC,    69, -8.691613674164e-01, 3.064791599172e-06, 2.6240e+02, 2.6607e+00, 
 1DIAGNOSTIC,    70, -8.691840171814e-01, 2.935339580290e-06, 2.6498e+02, 2.5777e+00, 
 1DIAGNOSTIC,    71, -8.692062497139e-01, 2.813029595927e-06, 2.6761e+02, 2.6274e+00, 
 1DIAGNOSTIC,    72, -8.692266941071e-01, 2.685625531740e-06, 2.7026e+02, 2.6562e+00, 
 1DIAGNOSTIC,    73, -8.692469596863e-01, 2.567985120550e-06, 2.7286e+02, 2.5982e+00, 
 1DIAGNOSTIC,    74, -8.692654967308e-01, 2.450904503348e-06, 2.7545e+02, 2.5898e+00, 
 1DIAGNOSTIC,    75, -8.692843317986e-01, 2.338578724448e-06, 2.7805e+02, 2.6042e+00, 
 1DIAGNOSTIC,    76, -8.692999482155e-01, 2.218588178948e-06, 2.8073e+02, 2.6727e+00, 
 1DIAGNOSTIC,    77, -8.693175315857e-01, 2.124995035047e-06, 2.8333e+02, 2.6025e+00, 
 1DIAGNOSTIC,    78, -8.693335652351e-01, 2.027535629168e-06, 2.8598e+02, 2.6513e+00, 
 1DIAGNOSTIC,    79, -8.693499565125e-01, 1.936134367497e-06, 2.8863e+02, 2.6461e+00, 
 1DIAGNOSTIC,    80, -8.693602085114e-01, 1.831984377532e-06, 2.9127e+02, 2.6383e+00, 
 1DIAGNOSTIC,    81, -8.693749904633e-01, 1.740831294228e-06, 2.9389e+02, 2.6205e+00, 
 1DIAGNOSTIC,    82, -8.693907260895e-01, 1.664577553129e-06, 2.9652e+02, 2.6321e+00, 
 1DIAGNOSTIC,    83, -8.694034218788e-01, 1.595053390702e-06, 2.9925e+02, 2.7277e+00, 
 1DIAGNOSTIC,    84, -8.694159984589e-01, 1.530277472739e-06, 3.0185e+02, 2.6040e+00, 
 1DIAGNOSTIC,    85, -8.694286346436e-01, 1.476492457186e-06, 3.0446e+02, 2.6128e+00, 
 1DIAGNOSTIC,    86, -8.694383502007e-01, 1.412665483258e-06, 3.0702e+02, 2.5535e+00, 
 1DIAGNOSTIC,    87, -8.694499135017e-01, 1.358068516311e-06, 3.0970e+02, 2.6859e+00, 
 1DIAGNOSTIC,    88, -8.694588541985e-01, 1.300353460465e-06, 3.1230e+02, 2.5981e+00, 
 1DIAGNOSTIC,    89, -8.694676756859e-01, 1.245728185495e-06, 3.1493e+02, 2.6311e+00, 
 1DIAGNOSTIC,    90, -8.694791197777e-01, 1.184570578516e-06, 3.1759e+02, 2.6608e+00, 
 1DIAGNOSTIC,    91, -8.694896101952e-01, 1.134044850915e-06, 3.2026e+02, 2.6688e+00, 
 1DIAGNOSTIC,    92, -8.695001602173e-01, 1.101515636037e-06, 3.2298e+02, 2.7198e+00, 
 1DIAGNOSTIC,    93, -8.695099949837e-01, 1.075192813005e-06, 3.2564e+02, 2.6560e+00, 
 1DIAGNOSTIC,    94, -8.695194721222e-01, 1.054614358509e-06, 3.2821e+02, 2.5748e+00, 
 1DIAGNOSTIC,    95, -8.695271015167e-01, 1.034395722854e-06, 3.3083e+02, 2.6228e+00, 
 1DIAGNOSTIC,    96, -8.695343136787e-01, 1.003853185466e-06, 3.3345e+02, 2.6124e+00, 
 1DIAGNOSTIC,    97, -8.695430755615e-01, 9.770604947335e-07, 3.3609e+02, 2.6429e+00, 
 1DIAGNOSTIC,    98, -8.695467710495e-01, 9.296073244514e-07, 3.3874e+02, 2.6491e+00, 
 1DIAGNOSTIC,    99, -8.695539832115e-01, 8.772879027674e-07, 3.4142e+02, 2.6790e+00, 
 1DIAGNOSTIC,   100, -8.695617914200e-01, 8.346752906618e-07, 3.4400e+02, 2.5848e+00, 
XXDIAGNOSTIC,Iteration,metricValue,convergenceValue,ITERATION_TIME_INDEX,SINCE_LAST
 1DIAGNOSTIC,     1, -7.161651253700e-01, inf, 3.6534e+02, 2.1338e+01, 
 1DIAGNOSTIC,     2, -7.180064320564e-01, inf, 3.8574e+02, 2.0398e+01, 
 1DIAGNOSTIC,     3, -7.199580669403e-01, inf, 4.0634e+02, 2.0601e+01, 
 1DIAGNOSTIC,     4, -7.217826843262e-01, inf, 4.2698e+02, 2.0637e+01, 
 1DIAGNOSTIC,     5, -7.234399914742e-01, inf, 4.4765e+02, 2.0669e+01, 
 1DIAGNOSTIC,     6, -7.249436974525e-01, inf, 4.6822e+02, 2.0573e+01, 
 1DIAGNOSTIC,     7, -7.263102531433e-01, inf, 4.8905e+02, 2.0828e+01, 
 1DIAGNOSTIC,     8, -7.275565862656e-01, inf, 5.0953e+02, 2.0487e+01, 
 1DIAGNOSTIC,     9, -7.286330461502e-01, inf, 5.3024e+02, 2.0703e+01, 
 1DIAGNOSTIC,    10, -7.296878695488e-01, 1.201188424602e-03, 5.5088e+02, 2.0646e+01, 
 1DIAGNOSTIC,    11, -7.306041121483e-01, 1.003701938316e-03, 5.7174e+02, 2.0861e+01, 
 1DIAGNOSTIC,    12, -7.314457893372e-01, 8.361262152903e-04, 5.9253e+02, 2.0787e+01, 
 1DIAGNOSTIC,    13, -7.321369647980e-01, 6.979245808907e-04, 6.1339e+02, 2.0863e+01, 
 1DIAGNOSTIC,    14, -7.327731847763e-01, 5.844909464940e-04, 6.3411e+02, 2.0719e+01, 
 1DIAGNOSTIC,    15, -7.333841323853e-01, 4.916074685752e-04, 6.5512e+02, 2.1011e+01, 
 1DIAGNOSTIC,    16, -7.339422702789e-01, 4.152671608608e-04, 6.7546e+02, 2.0338e+01, 
 1DIAGNOSTIC,    17, -7.344776391983e-01, 3.531143593136e-04, 6.9599e+02, 2.0523e+01, 
 1DIAGNOSTIC,    18, -7.349743843079e-01, 3.028943610843e-04, 7.1696e+02, 2.0976e+01, 
 1DIAGNOSTIC,    19, -7.354541420937e-01, 2.616746351123e-04, 7.3773e+02, 2.0768e+01, 
 1DIAGNOSTIC,    20, -7.358965873718e-01, 2.293018769706e-04, 7.5856e+02, 2.0830e+01, 
 1DIAGNOSTIC,    21, -7.363203167915e-01, 2.033802884398e-04, 7.7910e+02, 2.0544e+01, 
 1DIAGNOSTIC,    22, -7.367244958878e-01, 1.828136446420e-04, 7.9964e+02, 2.0537e+01, 
 1DIAGNOSTIC,    23, -7.371046543121e-01, 1.650087506277e-04, 8.2029e+02, 2.0645e+01, 
 1DIAGNOSTIC,    24, -7.374690175056e-01, 1.493935851613e-04, 8.4102e+02, 2.0734e+01, 
 1DIAGNOSTIC,    25, -7.378072142601e-01, 1.357358996756e-04, 8.6170e+02, 2.0678e+01, 
 1DIAGNOSTIC,    26, -7.381324768066e-01, 1.235503004864e-04, 8.8209e+02, 2.0388e+01, 
 1DIAGNOSTIC,    27, -7.384430170059e-01, 1.127914729295e-04, 9.0277e+02, 2.0680e+01, 
 1DIAGNOSTIC,    28, -7.387378215790e-01, 1.031310021062e-04, 9.2345e+02, 2.0681e+01, 
 1DIAGNOSTIC,    29, -7.390168309212e-01, 9.455714462092e-05, 9.4407e+02, 2.0627e+01, 
 1DIAGNOSTIC,    30, -7.392852902412e-01, 8.681786857778e-05, 9.6454e+02, 2.0471e+01, 
 1DIAGNOSTIC,    31, -7.395352721214e-01, 7.980012014741e-05, 9.8525e+02, 2.0706e+01, 
 1DIAGNOSTIC,    32, -7.397729754448e-01, 7.345344783971e-05, 1.0059e+03, 2.0614e+01, 
 1DIAGNOSTIC,    33, -7.399981021881e-01, 6.765213765902e-05, 1.0266e+03, 2.0711e+01, 
 1DIAGNOSTIC,    34, -7.402163147926e-01, 6.243303505471e-05, 1.0474e+03, 2.0831e+01, 
 1DIAGNOSTIC,    35, -7.404202222824e-01, 5.760331623605e-05, 1.0680e+03, 2.0567e+01, 
 1DIAGNOSTIC,    36, -7.406211495399e-01, 5.325210804585e-05, 1.0884e+03, 2.0445e+01, 
 1DIAGNOSTIC,    37, -7.408148646355e-01, 4.937301491736e-05, 1.1091e+03, 2.0634e+01, 
 1DIAGNOSTIC,    38, -7.409965395927e-01, 4.587871808326e-05, 1.1296e+03, 2.0498e+01, 
 1DIAGNOSTIC,    39, -7.411642074585e-01, 4.265434108675e-05, 1.1502e+03, 2.0630e+01, 
 1DIAGNOSTIC,    40, -7.413308620453e-01, 3.976743391831e-05, 1.1708e+03, 2.0572e+01, 
 1DIAGNOSTIC,    41, -7.414872646332e-01, 3.709339580382e-05, 1.1913e+03, 2.0529e+01, 
 1DIAGNOSTIC,    42, -7.416418194771e-01, 3.465102417977e-05, 1.2117e+03, 2.0401e+01, 
 1DIAGNOSTIC,    43, -7.417905926704e-01, 3.240847581765e-05, 1.2323e+03, 2.0617e+01, 
 1DIAGNOSTIC,    44, -7.419334053993e-01, 3.037993155885e-05, 1.2531e+03, 2.0792e+01, 
 1DIAGNOSTIC,    45, -7.420687675476e-01, 2.848670374078e-05, 1.2734e+03, 2.0326e+01, 
 1DIAGNOSTIC,    46, -7.422002553940e-01, 2.677872726053e-05, 1.2940e+03, 2.0548e+01, 
 1DIAGNOSTIC,    47, -7.423273921013e-01, 2.525403397158e-05, 1.3146e+03, 2.0586e+01, 
 1DIAGNOSTIC,    48, -7.424468994141e-01, 2.383605533396e-05, 1.3350e+03, 2.0465e+01, 
 1DIAGNOSTIC,    49, -7.425643801689e-01, 2.247771772090e-05, 1.3554e+03, 2.0413e+01, 
 1DIAGNOSTIC,    50, -7.426758408546e-01, 2.120600765920e-05, 1.3760e+03, 2.0609e+01, 
 1DIAGNOSTIC,    51, -7.427854537964e-01, 2.000269887503e-05, 1.3965e+03, 2.0412e+01, 
 1DIAGNOSTIC,    52, -7.428860068321e-01, 1.885823621706e-05, 1.4168e+03, 2.0334e+01, 
 1DIAGNOSTIC,    53, -7.429854273796e-01, 1.779369813448e-05, 1.4373e+03, 2.0517e+01, 
 1DIAGNOSTIC,    54, -7.430775165558e-01, 1.677781801845e-05, 1.4577e+03, 2.0351e+01, 
 1DIAGNOSTIC,    55, -7.431704401970e-01, 1.582779077580e-05, 1.4780e+03, 2.0319e+01, 
 1DIAGNOSTIC,    56, -7.432566285133e-01, 1.492832416261e-05, 1.4985e+03, 2.0508e+01, 
 1DIAGNOSTIC,    57, -7.433406710625e-01, 1.409409560438e-05, 1.5188e+03, 2.0270e+01, 
 1DIAGNOSTIC,    58, -7.434244155884e-01, 1.332394640485e-05, 1.5395e+03, 2.0730e+01, 
 1DIAGNOSTIC,    59, -7.435053586960e-01, 1.263349622604e-05, 1.5600e+03, 2.0561e+01, 
 1DIAGNOSTIC,    60, -7.435823082924e-01, 1.199887901748e-05, 1.5805e+03, 2.0487e+01, 
 1DIAGNOSTIC,    61, -7.436555624008e-01, 1.142492328654e-05, 1.6009e+03, 2.0357e+01, 
 1DIAGNOSTIC,    62, -7.437260746956e-01, 1.087160126190e-05, 1.6215e+03, 2.0577e+01, 
 1DIAGNOSTIC,    63, -7.437944412231e-01, 1.035385866999e-05, 1.6420e+03, 2.0512e+01, 
 1DIAGNOSTIC,    64, -7.438643574715e-01, 9.867619155557e-06, 1.6627e+03, 2.0702e+01, 
 1DIAGNOSTIC,    65, -7.439293265343e-01, 9.418968147656e-06, 1.6835e+03, 2.0775e+01, 
 1DIAGNOSTIC,    66, -7.439944744110e-01, 8.997677468869e-06, 1.7040e+03, 2.0575e+01, 
 1DIAGNOSTIC,    67, -7.440547943115e-01, 8.588773198426e-06, 1.7246e+03, 2.0553e+01, 
 1DIAGNOSTIC,    68, -7.441120743752e-01, 8.199555850297e-06, 1.7455e+03, 2.0968e+01, 
 1DIAGNOSTIC,    69, -7.441684007645e-01, 7.833757081244e-06, 1.7659e+03, 2.0342e+01, 
 1DIAGNOSTIC,    70, -7.442245483398e-01, 7.491265932913e-06, 1.7865e+03, 2.0642e+01, 
XXDIAGNOSTIC,Iteration,metricValue,convergenceValue,ITERATION_TIME_INDEX,SINCE_LAST
 1DIAGNOSTIC,     1, -4.500163197517e-01, inf, 1.9553e+03, 1.6878e+02, 
 1DIAGNOSTIC,     2, -4.511645436287e-01, inf, 2.1212e+03, 1.6584e+02, 
 1DIAGNOSTIC,     3, -4.525056481361e-01, inf, 2.2856e+03, 1.6442e+02, 
 1DIAGNOSTIC,     4, -4.541205167770e-01, inf, 2.4522e+03, 1.6665e+02, 
 1DIAGNOSTIC,     5, -4.555224180222e-01, inf, 2.6180e+03, 1.6576e+02, 
 1DIAGNOSTIC,     6, -4.567745923996e-01, inf, 2.7829e+03, 1.6490e+02, 
 1DIAGNOSTIC,     7, -4.578802883625e-01, inf, 2.9501e+03, 1.6720e+02, 
 1DIAGNOSTIC,     8, -4.588977694511e-01, inf, 3.1148e+03, 1.6471e+02, 
 1DIAGNOSTIC,     9, -4.598837196827e-01, inf, 3.2810e+03, 1.6618e+02, 
 1DIAGNOSTIC,    10, -4.608400762081e-01, 1.555371913128e-03, 3.4492e+03, 1.6822e+02, 
 1DIAGNOSTIC,    11, -4.618064761162e-01, 1.346414559521e-03, 3.6145e+03, 1.6527e+02, 
 1DIAGNOSTIC,    12, -4.628254473209e-01, 1.163268228993e-03, 3.7806e+03, 1.6611e+02, 
 1DIAGNOSTIC,    13, -4.639389812946e-01, 1.019388204440e-03, 3.9476e+03, 1.6703e+02, 
 1DIAGNOSTIC,    14, -4.651333093643e-01, 9.268939029425e-04, 4.1154e+03, 1.6777e+02, 
 1DIAGNOSTIC,    15, -4.664863348007e-01, 8.748915861361e-04, 4.2818e+03, 1.6644e+02, 
 1DIAGNOSTIC,    16, -4.677622318268e-01, 8.459461969323e-04, 4.4499e+03, 1.6805e+02, 
 1DIAGNOSTIC,    17, -4.688816964626e-01, 8.226826321334e-04, 4.6178e+03, 1.6789e+02, 
 1DIAGNOSTIC,    18, -4.699505269527e-01, 7.970135193318e-04, 4.7837e+03, 1.6597e+02, 
 1DIAGNOSTIC,    19, -4.710023403168e-01, 7.657472742721e-04, 4.9506e+03, 1.6689e+02, 
 1DIAGNOSTIC,    20, -4.719438552856e-01, 7.242676219903e-04, 5.1174e+03, 1.6677e+02, 
  Elapsed time (stage 2): 5119


Total elapsed time: 5151
Using single precision for computations.
Input scalar image: /home/mpib/nemecz/Projects/miniTRK/Results/01_MRI/GroupTempl/T1w/T_template0sub-378141_T1wRepaired.nii.gz
Reference image: /home/mpib/nemecz/Projects/miniTRK/Results/01_MRI/GroupTempl/T1w/T_template0.nii.gz
=============================================================================
The composite transform comprises the following transforms (in order): 
  1. /home/mpib/nemecz/Projects/miniTRK/Results/01_MRI/GroupTempl/T1w/T_sub-378141_T1w90GenericAffine.mat (type = AffineTransform)
  2. /home/mpib/nemecz/Projects/miniTRK/Results/01_MRI/GroupTempl/T1w/T_sub-378141_T1w91Warp.nii.gz (type = DisplacementFieldTransform)
=============================================================================
Default pixel value: 0
Interpolation type: LinearInterpolateImageFunction
Output warped image: /home/mpib/nemecz/Projects/miniTRK/Results/01_MRI/GroupTempl/T1w/T_template0sub-378141_T1w9WarpedToTemplate.nii.gz
