
Running N4 for 3-dimensional images.

Mask not read.  Using the entire image as the mask.

Original intensity range:  [0, 1062]

***********************************************************
Warning:  Your input image contains nonpositive values
which could cause failure or problematic results.  A
possible workaround would be to:
   1. rescale your image to positive values e.g., [10,100].
   2. run N4 on your rescaled image.
   3. (optional) rescale the N4 output to the original
      intensity range.
***********************************************************

Specified spline distance: 200mm
  original image size:  [192, 256, 256]
  padded image size:  [201, 401, 401]
  number of control points:  [4, 5, 5]

Current level = 1
  Iteration 1 (of 50).   Current convergence value = 0.000471157 (threshold = 1e-08)
  Iteration 2 (of 50).   Current convergence value = 0.000295553 (threshold = 1e-08)
  Iteration 3 (of 50).   Current convergence value = 0.000226765 (threshold = 1e-08)
  Iteration 4 (of 50).   Current convergence value = 0.000174537 (threshold = 1e-08)
  Iteration 5 (of 50).   Current convergence value = 0.00013617 (threshold = 1e-08)
  Iteration 6 (of 50).   Current convergence value = 0.000110738 (threshold = 1e-08)
  Iteration 7 (of 50).   Current convergence value = 9.46768e-05 (threshold = 1e-08)
  Iteration 8 (of 50).   Current convergence value = 8.48457e-05 (threshold = 1e-08)
  Iteration 9 (of 50).   Current convergence value = 7.88654e-05 (threshold = 1e-08)
  Iteration 10 (of 50).   Current convergence value = 7.50288e-05 (threshold = 1e-08)
  Iteration 11 (of 50).   Current convergence value = 7.22396e-05 (threshold = 1e-08)
  Iteration 12 (of 50).   Current convergence value = 6.9635e-05 (threshold = 1e-08)
  Iteration 13 (of 50).   Current convergence value = 6.69984e-05 (threshold = 1e-08)
  Iteration 14 (of 50).   Current convergence value = 6.43227e-05 (threshold = 1e-08)
  Iteration 15 (of 50).   Current convergence value = 6.14957e-05 (threshold = 1e-08)
  Iteration 16 (of 50).   Current convergence value = 5.8709e-05 (threshold = 1e-08)
  Iteration 17 (of 50).   Current convergence value = 5.6095e-05 (threshold = 1e-08)
  Iteration 18 (of 50).   Current convergence value = 5.3767e-05 (threshold = 1e-08)
  Iteration 19 (of 50).   Current convergence value = 5.13931e-05 (threshold = 1e-08)
  Iteration 20 (of 50).   Current convergence value = 4.93185e-05 (threshold = 1e-08)
  Iteration 21 (of 50).   Current convergence value = 4.71519e-05 (threshold = 1e-08)
  Iteration 22 (of 50).   Current convergence value = 4.48972e-05 (threshold = 1e-08)
  Iteration 23 (of 50).   Current convergence value = 4.26761e-05 (threshold = 1e-08)
  Iteration 24 (of 50).   Current convergence value = 4.06838e-05 (threshold = 1e-08)
  Iteration 25 (of 50).   Current convergence value = 3.88305e-05 (threshold = 1e-08)
  Iteration 26 (of 50).   Current convergence value = 3.69003e-05 (threshold = 1e-08)
  Iteration 27 (of 50).   Current convergence value = 3.51889e-05 (threshold = 1e-08)
  Iteration 28 (of 50).   Current convergence value = 3.35354e-05 (threshold = 1e-08)
  Iteration 29 (of 50).   Current convergence value = 3.19316e-05 (threshold = 1e-08)
  Iteration 30 (of 50).   Current convergence value = 3.04439e-05 (threshold = 1e-08)
  Iteration 31 (of 50).   Current convergence value = 2.91287e-05 (threshold = 1e-08)
  Iteration 32 (of 50).   Current convergence value = 2.79152e-05 (threshold = 1e-08)
  Iteration 33 (of 50).   Current convergence value = 2.68126e-05 (threshold = 1e-08)
  Iteration 34 (of 50).   Current convergence value = 2.58758e-05 (threshold = 1e-08)
  Iteration 35 (of 50).   Current convergence value = 2.50141e-05 (threshold = 1e-08)
  Iteration 36 (of 50).   Current convergence value = 2.42999e-05 (threshold = 1e-08)
  Iteration 37 (of 50).   Current convergence value = 2.36708e-05 (threshold = 1e-08)
  Iteration 38 (of 50).   Current convergence value = 2.31664e-05 (threshold = 1e-08)
  Iteration 39 (of 50).   Current convergence value = 2.27756e-05 (threshold = 1e-08)
  Iteration 40 (of 50).   Current convergence value = 2.25003e-05 (threshold = 1e-08)
  Iteration 41 (of 50).   Current convergence value = 2.23425e-05 (threshold = 1e-08)
  Iteration 42 (of 50).   Current convergence value = 2.22701e-05 (threshold = 1e-08)
  Iteration 43 (of 50).   Current convergence value = 2.22614e-05 (threshold = 1e-08)
  Iteration 44 (of 50).   Current convergence value = 2.23379e-05 (threshold = 1e-08)
  Iteration 45 (of 50).   Current convergence value = 2.24978e-05 (threshold = 1e-08)
  Iteration 46 (of 50).   Current convergence value = 2.26741e-05 (threshold = 1e-08)
  Iteration 47 (of 50).   Current convergence value = 2.29128e-05 (threshold = 1e-08)
  Iteration 48 (of 50).   Current convergence value = 2.32378e-05 (threshold = 1e-08)
  Iteration 49 (of 50).   Current convergence value = 2.3573e-05 (threshold = 1e-08)
  Iteration 50 (of 50).   Current convergence value = 2.3953e-05 (threshold = 1e-08)
Current level = 2
  Iteration 1 (of 50).   Current convergence value = 0.000405551 (threshold = 1e-08)
  Iteration 2 (of 50).   Current convergence value = 0.000389617 (threshold = 1e-08)
  Iteration 3 (of 50).   Current convergence value = 0.000386328 (threshold = 1e-08)
  Iteration 4 (of 50).   Current convergence value = 0.000384995 (threshold = 1e-08)
  Iteration 5 (of 50).   Current convergence value = 0.000382405 (threshold = 1e-08)
  Iteration 6 (of 50).   Current convergence value = 0.000376593 (threshold = 1e-08)
  Iteration 7 (of 50).   Current convergence value = 0.000368165 (threshold = 1e-08)
  Iteration 8 (of 50).   Current convergence value = 0.000357966 (threshold = 1e-08)
  Iteration 9 (of 50).   Current convergence value = 0.000346805 (threshold = 1e-08)
  Iteration 10 (of 50).   Current convergence value = 0.000335217 (threshold = 1e-08)
  Iteration 11 (of 50).   Current convergence value = 0.000324068 (threshold = 1e-08)
  Iteration 12 (of 50).   Current convergence value = 0.000313766 (threshold = 1e-08)
  Iteration 13 (of 50).   Current convergence value = 0.000304132 (threshold = 1e-08)
  Iteration 14 (of 50).   Current convergence value = 0.000295559 (threshold = 1e-08)
  Iteration 15 (of 50).   Current convergence value = 0.000287704 (threshold = 1e-08)
  Iteration 16 (of 50).   Current convergence value = 0.000280673 (threshold = 1e-08)
  Iteration 17 (of 50).   Current convergence value = 0.000273609 (threshold = 1e-08)
  Iteration 18 (of 50).   Current convergence value = 0.000267244 (threshold = 1e-08)
  Iteration 19 (of 50).   Current convergence value = 0.000261285 (threshold = 1e-08)
  Iteration 20 (of 50).   Current convergence value = 0.000255586 (threshold = 1e-08)
  Iteration 21 (of 50).   Current convergence value = 0.000250444 (threshold = 1e-08)
  Iteration 22 (of 50).   Current convergence value = 0.000245512 (threshold = 1e-08)
  Iteration 23 (of 50).   Current convergence value = 0.000240974 (threshold = 1e-08)
  Iteration 24 (of 50).   Current convergence value = 0.000236393 (threshold = 1e-08)
  Iteration 25 (of 50).   Current convergence value = 0.000231891 (threshold = 1e-08)
  Iteration 26 (of 50).   Current convergence value = 0.000227955 (threshold = 1e-08)
  Iteration 27 (of 50).   Current convergence value = 0.000224111 (threshold = 1e-08)
  Iteration 28 (of 50).   Current convergence value = 0.00022072 (threshold = 1e-08)
  Iteration 29 (of 50).   Current convergence value = 0.000217139 (threshold = 1e-08)
  Iteration 30 (of 50).   Current convergence value = 0.000213431 (threshold = 1e-08)
  Iteration 31 (of 50).   Current convergence value = 0.000209941 (threshold = 1e-08)
  Iteration 32 (of 50).   Current convergence value = 0.000206616 (threshold = 1e-08)
  Iteration 33 (of 50).   Current convergence value = 0.000203415 (threshold = 1e-08)
  Iteration 34 (of 50).   Current convergence value = 0.000200407 (threshold = 1e-08)
  Iteration 35 (of 50).   Current convergence value = 0.000197594 (threshold = 1e-08)
  Iteration 36 (of 50).   Current convergence value = 0.00019485 (threshold = 1e-08)
  Iteration 37 (of 50).   Current convergence value = 0.00019233 (threshold = 1e-08)
  Iteration 38 (of 50).   Current convergence value = 0.000189846 (threshold = 1e-08)
  Iteration 39 (of 50).   Current convergence value = 0.000187352 (threshold = 1e-08)
  Iteration 40 (of 50).   Current convergence value = 0.000184911 (threshold = 1e-08)
  Iteration 41 (of 50).   Current convergence value = 0.000182483 (threshold = 1e-08)
  Iteration 42 (of 50).   Current convergence value = 0.000178837 (threshold = 1e-08)
  Iteration 43 (of 50).   Current convergence value = 0.000175489 (threshold = 1e-08)
  Iteration 44 (of 50).   Current convergence value = 0.000172386 (threshold = 1e-08)
  Iteration 45 (of 50).   Current convergence value = 0.000169565 (threshold = 1e-08)
  Iteration 46 (of 50).   Current convergence value = 0.000166966 (threshold = 1e-08)
  Iteration 47 (of 50).   Current convergence value = 0.000164527 (threshold = 1e-08)
  Iteration 48 (of 50).   Current convergence value = 0.000162305 (threshold = 1e-08)
  Iteration 49 (of 50).   Current convergence value = 0.000160269 (threshold = 1e-08)
  Iteration 50 (of 50).   Current convergence value = 0.000158305 (threshold = 1e-08)
Current level = 3
  Iteration 1 (of 40).   Current convergence value = 0.00130921 (threshold = 1e-08)
  Iteration 2 (of 40).   Current convergence value = 0.00123244 (threshold = 1e-08)
  Iteration 3 (of 40).   Current convergence value = 0.00119777 (threshold = 1e-08)
  Iteration 4 (of 40).   Current convergence value = 0.00117294 (threshold = 1e-08)
  Iteration 5 (of 40).   Current convergence value = 0.00116196 (threshold = 1e-08)
  Iteration 6 (of 40).   Current convergence value = 0.00112291 (threshold = 1e-08)
  Iteration 7 (of 40).   Current convergence value = 0.00107498 (threshold = 1e-08)
  Iteration 8 (of 40).   Current convergence value = 0.000949881 (threshold = 1e-08)
  Iteration 9 (of 40).   Current convergence value = 0.000857006 (threshold = 1e-08)
  Iteration 10 (of 40).   Current convergence value = 0.000799124 (threshold = 1e-08)
  Iteration 11 (of 40).   Current convergence value = 0.000760627 (threshold = 1e-08)
  Iteration 12 (of 40).   Current convergence value = 0.000728246 (threshold = 1e-08)
  Iteration 13 (of 40).   Current convergence value = 0.000705315 (threshold = 1e-08)
  Iteration 14 (of 40).   Current convergence value = 0.000684304 (threshold = 1e-08)
  Iteration 15 (of 40).   Current convergence value = 0.000665326 (threshold = 1e-08)
  Iteration 16 (of 40).   Current convergence value = 0.000648309 (threshold = 1e-08)
  Iteration 17 (of 40).   Current convergence value = 0.000632797 (threshold = 1e-08)
  Iteration 18 (of 40).   Current convergence value = 0.000615445 (threshold = 1e-08)
  Iteration 19 (of 40).   Current convergence value = 0.000579498 (threshold = 1e-08)
  Iteration 20 (of 40).   Current convergence value = 0.00055037 (threshold = 1e-08)
  Iteration 21 (of 40).   Current convergence value = 0.000525331 (threshold = 1e-08)
  Iteration 22 (of 40).   Current convergence value = 0.000503482 (threshold = 1e-08)
  Iteration 23 (of 40).   Current convergence value = 0.000484198 (threshold = 1e-08)
  Iteration 24 (of 40).   Current convergence value = 0.000467 (threshold = 1e-08)
  Iteration 25 (of 40).   Current convergence value = 0.000451679 (threshold = 1e-08)
  Iteration 26 (of 40).   Current convergence value = 0.000437851 (threshold = 1e-08)
  Iteration 27 (of 40).   Current convergence value = 0.000424332 (threshold = 1e-08)
  Iteration 28 (of 40).   Current convergence value = 0.000407793 (threshold = 1e-08)
  Iteration 29 (of 40).   Current convergence value = 0.000394793 (threshold = 1e-08)
  Iteration 30 (of 40).   Current convergence value = 0.000383517 (threshold = 1e-08)
  Iteration 31 (of 40).   Current convergence value = 0.000373865 (threshold = 1e-08)
  Iteration 32 (of 40).   Current convergence value = 0.000365462 (threshold = 1e-08)
  Iteration 33 (of 40).   Current convergence value = 0.000357973 (threshold = 1e-08)
  Iteration 34 (of 40).   Current convergence value = 0.000351215 (threshold = 1e-08)
  Iteration 35 (of 40).   Current convergence value = 0.000345276 (threshold = 1e-08)
  Iteration 36 (of 40).   Current convergence value = 0.000339945 (threshold = 1e-08)
  Iteration 37 (of 40).   Current convergence value = 0.000335328 (threshold = 1e-08)
  Iteration 38 (of 40).   Current convergence value = 0.00033111 (threshold = 1e-08)
  Iteration 39 (of 40).   Current convergence value = 0.00032735 (threshold = 1e-08)
  Iteration 40 (of 40).   Current convergence value = 0.000323659 (threshold = 1e-08)
Current level = 4
  Iteration 1 (of 30).   Current convergence value = 0.00192666 (threshold = 1e-08)
  Iteration 2 (of 30).   Current convergence value = 0.00194478 (threshold = 1e-08)
  Iteration 3 (of 30).   Current convergence value = 0.00171862 (threshold = 1e-08)
  Iteration 4 (of 30).   Current convergence value = 0.00159375 (threshold = 1e-08)
  Iteration 5 (of 30).   Current convergence value = 0.00147261 (threshold = 1e-08)
  Iteration 6 (of 30).   Current convergence value = 0.00136107 (threshold = 1e-08)
  Iteration 7 (of 30).   Current convergence value = 0.00129252 (threshold = 1e-08)
  Iteration 8 (of 30).   Current convergence value = 0.00123245 (threshold = 1e-08)
  Iteration 9 (of 30).   Current convergence value = 0.0011799 (threshold = 1e-08)
  Iteration 10 (of 30).   Current convergence value = 0.00113427 (threshold = 1e-08)
  Iteration 11 (of 30).   Current convergence value = 0.00109484 (threshold = 1e-08)
  Iteration 12 (of 30).   Current convergence value = 0.00106061 (threshold = 1e-08)
  Iteration 13 (of 30).   Current convergence value = 0.00100175 (threshold = 1e-08)
  Iteration 14 (of 30).   Current convergence value = 0.000920482 (threshold = 1e-08)
  Iteration 15 (of 30).   Current convergence value = 0.000855942 (threshold = 1e-08)
  Iteration 16 (of 30).   Current convergence value = 0.000800809 (threshold = 1e-08)
  Iteration 17 (of 30).   Current convergence value = 0.000752749 (threshold = 1e-08)
  Iteration 18 (of 30).   Current convergence value = 0.000709981 (threshold = 1e-08)
  Iteration 19 (of 30).   Current convergence value = 0.000671597 (threshold = 1e-08)
  Iteration 20 (of 30).   Current convergence value = 0.000636841 (threshold = 1e-08)
  Iteration 21 (of 30).   Current convergence value = 0.000605458 (threshold = 1e-08)
  Iteration 22 (of 30).   Current convergence value = 0.000577142 (threshold = 1e-08)
  Iteration 23 (of 30).   Current convergence value = 0.000551757 (threshold = 1e-08)
  Iteration 24 (of 30).   Current convergence value = 0.000528692 (threshold = 1e-08)
  Iteration 25 (of 30).   Current convergence value = 0.000508044 (threshold = 1e-08)
  Iteration 26 (of 30).   Current convergence value = 0.00048958 (threshold = 1e-08)
  Iteration 27 (of 30).   Current convergence value = 0.000473241 (threshold = 1e-08)
  Iteration 28 (of 30).   Current convergence value = 0.000458898 (threshold = 1e-08)
  Iteration 29 (of 30).   Current convergence value = 0.000446527 (threshold = 1e-08)
  Iteration 30 (of 30).   Current convergence value = 0.000431813 (threshold = 1e-08)
   N4BiasFieldCorrectionImageFilter (0x55ac28bcae20)
     RTTI typeinfo:   itk::N4BiasFieldCorrectionImageFilter<itk::Image<float, 3u>, itk::Image<float, 3u>, itk::Image<float, 3u> >
     Reference Count: 1
     Modified Time: 565
     Debug: Off
     Object Name: 
     Observers: 
       IterationEvent(Command)
     Inputs: 
       ConfidenceImage: (0)
       MaskImage: (0x55ac28bf55d0)
       Primary: (0x55ac28bf0a80) *
     Indexed Inputs: 
       0: Primary (0x55ac28bf0a80)
       1: MaskImage (0x55ac28bf55d0)
       2: ConfidenceImage (0)
     Required Input Names: Primary
     NumberOfRequiredInputs: 1
     Outputs: 
       Primary: (0x55ac28bdaef0)
     Indexed Outputs: 
       0: Primary (0x55ac28bdaef0)
     NumberOfRequiredOutputs: 1
     Number Of Work Units: 32
     ReleaseDataFlag: Off
     ReleaseDataBeforeUpdateFlag: Off
     AbortGenerateData: Off
     Progress: 0
     Multithreader: 
       RTTI typeinfo:   itk::PoolMultiThreader
       Reference Count: 1
       Modified Time: 144
       Debug: Off
       Object Name: 
       Observers: 
         none
       Number of Work Units: 32
       Number of Threads: 8
       Global Maximum Number Of Threads: 128
       Global Default Number Of Threads: 8
       Global Default Threader Type: itk::MultiThreaderBaseEnums::Threader::Pool
       SingleMethod: 0
       SingleData: 0
     DynamicMultiThreading: On
     CoordinateTolerance: 1e-06
     DirectionTolerance: 1e-06
     Use Mask Label: 0
     Mask label: 1
     Number of histogram bins: 200
     Wiener filter noise: 0.01
     Bias field FWHM: 0.15
     Maximum number of iterations: [50, 50, 40, 30]
     Convergence threshold: 1e-08
     Spline order: 3
     Number of fitting levels: [4, 4, 4]
     Number of control points: [4, 5, 5]
     CurrentConvergenceMeasurement: 0.000431813
     CurrentLevel: 4
     ElapsedIterations: 31
     LogBiasFieldControlPointLattice: 
       Image (0x55ac2f6d1fb0)
         RTTI typeinfo:   itk::Image<itk::Vector<float, 1u>, 3u>
         Reference Count: 1
         Modified Time: 343560
         Debug: Off
         Object Name: 
         Observers: 
           none
         Source: (none)
         Source output name: (none)
         Release Data: Off
         Data Released: False
         Global Release Data: Off
         PipelineMTime: 0
         UpdateMTime: 0
         RealTimeStamp: 0 seconds 
         LargestPossibleRegion: 
           Dimension: 3
           Index: [0, 0, 0]
           Size: [11, 19, 19]
         BufferedRegion: 
           Dimension: 3
           Index: [0, 0, 0]
           Size: [11, 19, 19]
         RequestedRegion: 
           Dimension: 3
           Index: [0, 0, 0]
           Size: [11, 19, 19]
         Spacing: [24.75, 24.875, 24.875]
         Origin: [25.8285, 16.9604, -29.9221]
         Direction: 
-0.998332 -0.05657 0.0115551
0.057707 -0.971049 0.231807
-0.00189275 0.232087 0.972693

         IndexToPointMatrix: 
-24.7087 -1.40718 0.287433
1.42825 -24.1548 5.7662
-0.0468457 5.77316 24.1957

         PointToIndexMatrix: 
-0.0403366 0.0023316 -7.64749e-05
-0.00227417 -0.0390371 0.00933014
0.000464526 0.00931887 0.0391032

         Inverse Direction: 
-0.998332 0.057707 -0.00189275
-0.05657 -0.971049 0.232087
0.0115551 0.231807 0.972693

         PixelContainer: 
           ImportImageContainer (0x55ac33f695f0)
             RTTI typeinfo:   itk::ImportImageContainer<unsigned long, itk::Vector<float, 1u> >
             Reference Count: 1
             Modified Time: 343561
             Debug: Off
             Object Name: 
             Observers: 
               none
             Pointer: 0x55ac32d65ce0
             Container manages memory: true
             Size: 3971
             Capacity: 3971
Elapsed time: 295.816
All_Command_lines_OK
Using single precision for computations.
=============================================================================
The composite transform comprises the following transforms (in order): 
  1. Center of mass alignment using fixed image: /home/mpib/nemecz/Projects/miniTRK/Results/01_MRI/GroupTempl/T1w/T_template0.nii.gz and moving image: /home/mpib/nemecz/Projects/miniTRK/Analysis/01_MRI/Preproc/GroupTempl/T1w/sub-526477_T1w.nii.gz (type = Euler3DTransform)
=============================================================================
  number of levels = 4
  number of levels = 4
  number of levels = 4
  fixed image: /home/mpib/nemecz/Projects/miniTRK/Results/01_MRI/GroupTempl/T1w/T_template0.nii.gz
  moving image: /home/mpib/nemecz/Projects/miniTRK/Results/01_MRI/GroupTempl/T1w/T_template0sub-526477_T1wRepaired.nii.gz
  fixed image: /home/mpib/nemecz/Projects/miniTRK/Results/01_MRI/GroupTempl/T1w/T_template0.nii.gz
  moving image: /home/mpib/nemecz/Projects/miniTRK/Results/01_MRI/GroupTempl/T1w/T_template0sub-526477_T1wRepaired.nii.gz
  fixed image: /home/mpib/nemecz/Projects/miniTRK/Results/01_MRI/GroupTempl/T1w/T_template0.nii.gz
  moving image: /home/mpib/nemecz/Projects/miniTRK/Results/01_MRI/GroupTempl/T1w/T_template0sub-526477_T1wRepaired.nii.gz
Dimension = 3
Number of stages = 3
Use Histogram Matching true
Winsorize image intensities true
Lower quantile = 0.01
Upper quantile = 0.99
Stage 1 State
   Image metric = Mattes
     Fixed image = Image (0x5641a15c1ad0)
  RTTI typeinfo:   itk::Image<float, 3u>
  Reference Count: 2
  Modified Time: 1721
  Debug: Off
  Object Name: 
  Observers: 
    none
  Source: (none)
  Source output name: (none)
  Release Data: Off
  Data Released: False
  Global Release Data: Off
  PipelineMTime: 0
  UpdateMTime: 1506
  RealTimeStamp: 0 seconds 
  LargestPossibleRegion: 
    Dimension: 3
    Index: [0, 0, 0]
    Size: [192, 256, 256]
  BufferedRegion: 
    Dimension: 3
    Index: [0, 0, 0]
    Size: [192, 256, 256]
  RequestedRegion: 
    Dimension: 3
    Index: [0, 0, 0]
    Size: [192, 256, 256]
  Spacing: [1, 1, 1]
  Origin: [95.0313, 100.538, -154.123]
  Direction: 
-0.999853 -0.014134 -0.00966312
0.014129 -0.9999 0.000586045
-0.00967044 0.000449429 0.999953

  IndexToPointMatrix: 
-0.999853 -0.014134 -0.00966312
0.014129 -0.9999 0.000586045
-0.00967044 0.000449429 0.999953

  PointToIndexMatrix: 
-0.999853 0.014129 -0.00967044
-0.014134 -0.9999 0.000449429
-0.00966312 0.000586045 0.999953

  Inverse Direction: 
-0.999853 0.014129 -0.00967044
-0.014134 -0.9999 0.000449429
-0.00966312 0.000586045 0.999953

  PixelContainer: 
    ImportImageContainer (0x5641a15c9c80)
      RTTI typeinfo:   itk::ImportImageContainer<unsigned long, float>
      Reference Count: 1
      Modified Time: 1503
      Debug: Off
      Object Name: 
      Observers: 
        none
      Pointer: 0x7f33b5c16010
      Container manages memory: true
      Size: 12582912
      Capacity: 12582912

     Moving image = Image (0x5641a15c2bc0)
  RTTI typeinfo:   itk::Image<float, 3u>
  Reference Count: 2
  Modified Time: 1722
  Debug: Off
  Object Name: 
  Observers: 
    none
  Source: (none)
  Source output name: (none)
  Release Data: Off
  Data Released: False
  Global Release Data: Off
  PipelineMTime: 0
  UpdateMTime: 1719
  RealTimeStamp: 0 seconds 
  LargestPossibleRegion: 
    Dimension: 3
    Index: [0, 0, 0]
    Size: [192, 256, 256]
  BufferedRegion: 
    Dimension: 3
    Index: [0, 0, 0]
    Size: [192, 256, 256]
  RequestedRegion: 
    Dimension: 3
    Index: [0, 0, 0]
    Size: [192, 256, 256]
  Spacing: [1, 1, 1]
  Origin: [97.1242, 56.5596, -178.766]
  Direction: 
-0.998332 -0.05657 0.0115551
0.057707 -0.971049 0.231807
-0.00189275 0.232087 0.972693

  IndexToPointMatrix: 
-0.998332 -0.05657 0.0115551
0.057707 -0.971049 0.231807
-0.00189275 0.232087 0.972693

  PointToIndexMatrix: 
-0.998332 0.057707 -0.00189275
-0.05657 -0.971049 0.232087
0.0115551 0.231807 0.972693

  Inverse Direction: 
-0.998332 0.057707 -0.00189275
-0.05657 -0.971049 0.232087
0.0115551 0.231807 0.972693

  PixelContainer: 
    ImportImageContainer (0x5641a15ce100)
      RTTI typeinfo:   itk::ImportImageContainer<unsigned long, float>
      Reference Count: 1
      Modified Time: 1716
      Debug: Off
      Object Name: 
      Observers: 
        none
      Pointer: 0x7f33b2c15010
      Container manages memory: true
      Size: 12582912
      Capacity: 12582912

     Weighting = 1
     Sampling strategy = regular
     Number of bins = 32
     Radius = 4
     Sampling percentage  = 0.25
   Transform = Rigid
     Gradient step = 0.1
     Update field sigma (voxel space) = 0
     Total field sigma (voxel space) = 0
     Update field time sigma = 0
     Total field time sigma  = 0
     Number of time indices = 0
     Number of time point samples = 0
Stage 2 State
   Image metric = Mattes
     Fixed image = Image (0x5641a15da870)
  RTTI typeinfo:   itk::Image<float, 3u>
  Reference Count: 2
  Modified Time: 2149
  Debug: Off
  Object Name: 
  Observers: 
    none
  Source: (none)
  Source output name: (none)
  Release Data: Off
  Data Released: False
  Global Release Data: Off
  PipelineMTime: 0
  UpdateMTime: 1934
  RealTimeStamp: 0 seconds 
  LargestPossibleRegion: 
    Dimension: 3
    Index: [0, 0, 0]
    Size: [192, 256, 256]
  BufferedRegion: 
    Dimension: 3
    Index: [0, 0, 0]
    Size: [192, 256, 256]
  RequestedRegion: 
    Dimension: 3
    Index: [0, 0, 0]
    Size: [192, 256, 256]
  Spacing: [1, 1, 1]
  Origin: [95.0313, 100.538, -154.123]
  Direction: 
-0.999853 -0.014134 -0.00966312
0.014129 -0.9999 0.000586045
-0.00967044 0.000449429 0.999953

  IndexToPointMatrix: 
-0.999853 -0.014134 -0.00966312
0.014129 -0.9999 0.000586045
-0.00967044 0.000449429 0.999953

  PointToIndexMatrix: 
-0.999853 0.014129 -0.00967044
-0.014134 -0.9999 0.000449429
-0.00966312 0.000586045 0.999953

  Inverse Direction: 
-0.999853 0.014129 -0.00967044
-0.014134 -0.9999 0.000449429
-0.00966312 0.000586045 0.999953

  PixelContainer: 
    ImportImageContainer (0x5641a15c56d0)
      RTTI typeinfo:   itk::ImportImageContainer<unsigned long, float>
      Reference Count: 1
      Modified Time: 1931
      Debug: Off
      Object Name: 
      Observers: 
        none
      Pointer: 0x7f33afc14010
      Container manages memory: true
      Size: 12582912
      Capacity: 12582912

     Moving image = Image (0x5641a15da4c0)
  RTTI typeinfo:   itk::Image<float, 3u>
  Reference Count: 2
  Modified Time: 2150
  Debug: Off
  Object Name: 
  Observers: 
    none
  Source: (none)
  Source output name: (none)
  Release Data: Off
  Data Released: False
  Global Release Data: Off
  PipelineMTime: 0
  UpdateMTime: 2147
  RealTimeStamp: 0 seconds 
  LargestPossibleRegion: 
    Dimension: 3
    Index: [0, 0, 0]
    Size: [192, 256, 256]
  BufferedRegion: 
    Dimension: 3
    Index: [0, 0, 0]
    Size: [192, 256, 256]
  RequestedRegion: 
    Dimension: 3
    Index: [0, 0, 0]
    Size: [192, 256, 256]
  Spacing: [1, 1, 1]
  Origin: [97.1242, 56.5596, -178.766]
  Direction: 
-0.998332 -0.05657 0.0115551
0.057707 -0.971049 0.231807
-0.00189275 0.232087 0.972693

  IndexToPointMatrix: 
-0.998332 -0.05657 0.0115551
0.057707 -0.971049 0.231807
-0.00189275 0.232087 0.972693

  PointToIndexMatrix: 
-0.998332 0.057707 -0.00189275
-0.05657 -0.971049 0.232087
0.0115551 0.231807 0.972693

  Inverse Direction: 
-0.998332 0.057707 -0.00189275
-0.05657 -0.971049 0.232087
0.0115551 0.231807 0.972693

  PixelContainer: 
    ImportImageContainer (0x5641a15db8c0)
      RTTI typeinfo:   itk::ImportImageContainer<unsigned long, float>
      Reference Count: 1
      Modified Time: 2144
      Debug: Off
      Object Name: 
      Observers: 
        none
      Pointer: 0x7f33acc13010
      Container manages memory: true
      Size: 12582912
      Capacity: 12582912

     Weighting = 1
     Sampling strategy = regular
     Number of bins = 32
     Radius = 4
     Sampling percentage  = 0.25
   Transform = Affine
     Gradient step = 0.1
     Update field sigma (voxel space) = 0
     Total field sigma (voxel space) = 0
     Update field time sigma = 0
     Total field time sigma  = 0
     Number of time indices = 0
     Number of time point samples = 0
Stage 3 State
   Image metric = CC
     Fixed image = Image (0x5641a15e1960)
  RTTI typeinfo:   itk::Image<float, 3u>
  Reference Count: 2
  Modified Time: 2577
  Debug: Off
  Object Name: 
  Observers: 
    none
  Source: (none)
  Source output name: (none)
  Release Data: Off
  Data Released: False
  Global Release Data: Off
  PipelineMTime: 0
  UpdateMTime: 2362
  RealTimeStamp: 0 seconds 
  LargestPossibleRegion: 
    Dimension: 3
    Index: [0, 0, 0]
    Size: [192, 256, 256]
  BufferedRegion: 
    Dimension: 3
    Index: [0, 0, 0]
    Size: [192, 256, 256]
  RequestedRegion: 
    Dimension: 3
    Index: [0, 0, 0]
    Size: [192, 256, 256]
  Spacing: [1, 1, 1]
  Origin: [95.0313, 100.538, -154.123]
  Direction: 
-0.999853 -0.014134 -0.00966312
0.014129 -0.9999 0.000586045
-0.00967044 0.000449429 0.999953

  IndexToPointMatrix: 
-0.999853 -0.014134 -0.00966312
0.014129 -0.9999 0.000586045
-0.00967044 0.000449429 0.999953

  PointToIndexMatrix: 
-0.999853 0.014129 -0.00967044
-0.014134 -0.9999 0.000449429
-0.00966312 0.000586045 0.999953

  Inverse Direction: 
-0.999853 0.014129 -0.00967044
-0.014134 -0.9999 0.000449429
-0.00966312 0.000586045 0.999953

  PixelContainer: 
    ImportImageContainer (0x5641a15c2660)
      RTTI typeinfo:   itk::ImportImageContainer<unsigned long, float>
      Reference Count: 1
      Modified Time: 2359
      Debug: Off
      Object Name: 
      Observers: 
        none
      Pointer: 0x7f33a9c12010
      Container manages memory: true
      Size: 12582912
      Capacity: 12582912

     Moving image = Image (0x5641a15e3840)
  RTTI typeinfo:   itk::Image<float, 3u>
  Reference Count: 2
  Modified Time: 2578
  Debug: Off
  Object Name: 
  Observers: 
    none
  Source: (none)
  Source output name: (none)
  Release Data: Off
  Data Released: False
  Global Release Data: Off
  PipelineMTime: 0
  UpdateMTime: 2575
  RealTimeStamp: 0 seconds 
  LargestPossibleRegion: 
    Dimension: 3
    Index: [0, 0, 0]
    Size: [192, 256, 256]
  BufferedRegion: 
    Dimension: 3
    Index: [0, 0, 0]
    Size: [192, 256, 256]
  RequestedRegion: 
    Dimension: 3
    Index: [0, 0, 0]
    Size: [192, 256, 256]
  Spacing: [1, 1, 1]
  Origin: [97.1242, 56.5596, -178.766]
  Direction: 
-0.998332 -0.05657 0.0115551
0.057707 -0.971049 0.231807
-0.00189275 0.232087 0.972693

  IndexToPointMatrix: 
-0.998332 -0.05657 0.0115551
0.057707 -0.971049 0.231807
-0.00189275 0.232087 0.972693

  PointToIndexMatrix: 
-0.998332 0.057707 -0.00189275
-0.05657 -0.971049 0.232087
0.0115551 0.231807 0.972693

  Inverse Direction: 
-0.998332 0.057707 -0.00189275
-0.05657 -0.971049 0.232087
0.0115551 0.231807 0.972693

  PixelContainer: 
    ImportImageContainer (0x5641a15e0660)
      RTTI typeinfo:   itk::ImportImageContainer<unsigned long, float>
      Reference Count: 1
      Modified Time: 2572
      Debug: Off
      Object Name: 
      Observers: 
        none
      Pointer: 0x7f33a6c11010
      Container manages memory: true
      Size: 12582912
      Capacity: 12582912

     Weighting = 1
     Sampling strategy = none
     Number of bins = 32
     Radius = 4
     Sampling percentage  = 1
   Transform = SyN
     Gradient step = 0.1
     Update field sigma (voxel space) = 3
     Total field sigma (voxel space) = 0
     Update field time sigma = 0
     Total field time sigma  = 0
     Number of time indices = 0
     Number of time point samples = 0
Registration using 3 total stages.

Stage 0
  iterations = 1000x500x250x0
  convergence threshold = 1e-06
  convergence window size = 10
  number of levels = 4
  using the Mattes MI metric (number of bins = 32, weight = 1)
  preprocessing:  winsorizing the image intensities
  preprocessing:  histogram matching the images
  Shrink factors (level 1 out of 4): [6, 6, 6]
  Shrink factors (level 2 out of 4): [4, 4, 4]
  Shrink factors (level 3 out of 4): [2, 2, 2]
  Shrink factors (level 4 out of 4): [1, 1, 1]
  smoothing sigmas per level: [4, 2, 1, 0]
  regular sampling (percentage = 0.25)

*** Running Euler3DTransform registration ***

DIAGNOSTIC,Iteration,metricValue,convergenceValue,ITERATION_TIME_INDEX,SINCE_LAST
 2DIAGNOSTIC,     1, -9.718289971352e-01, inf, 7.9405e-01, 7.9405e-01, 
 2DIAGNOSTIC,     2, -9.739167690277e-01, inf, 8.0202e-01, 7.9741e-03, 
 2DIAGNOSTIC,     3, -9.770816564560e-01, inf, 8.0991e-01, 7.8869e-03, 
 2DIAGNOSTIC,     4, -9.808881878853e-01, inf, 8.1766e-01, 7.7541e-03, 
 2DIAGNOSTIC,     5, -9.850837588310e-01, inf, 8.2562e-01, 7.9591e-03, 
 2DIAGNOSTIC,     6, -9.893353581429e-01, inf, 8.3370e-01, 8.0750e-03, 
 2DIAGNOSTIC,     7, -9.944121241570e-01, inf, 8.4162e-01, 7.9250e-03, 
 2DIAGNOSTIC,     8, -1.006850719452e+00, inf, 8.5121e-01, 9.5930e-03, 
 2DIAGNOSTIC,     9, -1.027651667595e+00, inf, 8.6353e-01, 1.2312e-02, 
 2DIAGNOSTIC,    10, -1.028069019318e+00, 3.753492143005e-03, 8.7226e-01, 8.7330e-03, 
 2DIAGNOSTIC,    11, -1.028315544128e+00, 3.704183502123e-03, 8.8475e-01, 1.2495e-02, 
 2DIAGNOSTIC,    12, -1.028968453407e+00, 3.402138361707e-03, 8.9379e-01, 9.0339e-03, 
 2DIAGNOSTIC,    13, -1.029964685440e+00, 2.925523323938e-03, 9.0584e-01, 1.2055e-02, 
 2DIAGNOSTIC,    14, -1.030168056488e+00, 2.326752990484e-03, 9.1565e-01, 9.8078e-03, 
 2DIAGNOSTIC,    15, -1.030146837234e+00, 1.677974942140e-03, 9.2445e-01, 8.7988e-03, 
 2DIAGNOSTIC,    16, -1.030098199844e+00, 1.039110822603e-03, 9.3325e-01, 8.8000e-03, 
 2DIAGNOSTIC,    17, -1.030063390732e+00, 4.634393553715e-04, 9.4307e-01, 9.8162e-03, 
 2DIAGNOSTIC,    18, -1.030085563660e+00, 9.581803897163e-05, 9.5224e-01, 9.1720e-03, 
 2DIAGNOSTIC,    19, -1.030026555061e+00, 6.581316119991e-05, 9.6034e-01, 8.0988e-03, 
 2DIAGNOSTIC,    20, -1.030016303062e+00, 3.888625724358e-05, 9.6804e-01, 7.7012e-03, 
 2DIAGNOSTIC,    21, -1.030060529709e+00, 1.495334072388e-05, 9.7685e-01, 8.8089e-03, 
DIAGNOSTIC,Iteration,metricValue,convergenceValue,ITERATION_TIME_INDEX,SINCE_LAST
 2DIAGNOSTIC,     1, -8.058832287788e-01, inf, 1.6767e+00, 6.9983e-01, 
 2DIAGNOSTIC,     2, -8.069283366203e-01, inf, 1.7070e+00, 3.0355e-02, 
 2DIAGNOSTIC,     3, -8.081027269363e-01, inf, 1.7388e+00, 3.1807e-02, 
 2DIAGNOSTIC,     4, -8.091670274734e-01, inf, 1.7688e+00, 2.9987e-02, 
 2DIAGNOSTIC,     5, -8.100437521935e-01, inf, 1.7988e+00, 2.9964e-02, 
 2DIAGNOSTIC,     6, -8.109338283539e-01, inf, 1.8299e+00, 3.1140e-02, 
 2DIAGNOSTIC,     7, -8.131582736969e-01, inf, 1.8644e+00, 3.4468e-02, 
 2DIAGNOSTIC,     8, -8.134199380875e-01, inf, 1.9142e+00, 4.9777e-02, 
 2DIAGNOSTIC,     9, -8.134778738022e-01, inf, 1.9434e+00, 2.9260e-02, 
 2DIAGNOSTIC,    10, -8.135775327682e-01, 6.750583997928e-04, 1.9730e+00, 2.9576e-02, 
 2DIAGNOSTIC,    11, -8.137062191963e-01, 5.297065945342e-04, 2.0026e+00, 2.9580e-02, 
 2DIAGNOSTIC,    12, -8.137685656548e-01, 3.923202457372e-04, 2.0333e+00, 3.0741e-02, 
 2DIAGNOSTIC,    13, -8.139063715935e-01, 2.758632472251e-04, 2.0641e+00, 3.0729e-02, 
 2DIAGNOSTIC,    14, -8.140130639076e-01, 1.810224930523e-04, 2.0953e+00, 3.1216e-02, 
 2DIAGNOSTIC,    15, -8.141607046127e-01, 1.065282340278e-04, 2.1449e+00, 4.9621e-02, 
 2DIAGNOSTIC,    16, -8.141799569130e-01, 5.031665568822e-05, 2.1801e+00, 3.5212e-02, 
 2DIAGNOSTIC,    17, -8.141835331917e-01, 4.207818710711e-05, 2.2141e+00, 3.3999e-02, 
 2DIAGNOSTIC,    18, -8.141739964485e-01, 3.597024624469e-05, 2.2448e+00, 3.0667e-02, 
 2DIAGNOSTIC,    19, -8.141846060753e-01, 2.855399907276e-05, 2.2796e+00, 3.4848e-02, 
 2DIAGNOSTIC,    20, -8.141917586327e-01, 2.118246993632e-05, 2.3131e+00, 3.3475e-02, 
 2DIAGNOSTIC,    21, -8.141912817955e-01, 1.483412324887e-05, 2.3470e+00, 3.3914e-02, 
 2DIAGNOSTIC,    22, -8.141835331917e-01, 8.687858098710e-06, 2.3852e+00, 3.8213e-02, 
 2DIAGNOSTIC,    23, -8.141798973083e-01, 4.432452897163e-06, 2.4190e+00, 3.3762e-02, 
 2DIAGNOSTIC,    24, -8.141741752625e-01, 1.658383894210e-06, 2.4496e+00, 3.0616e-02, 
 2DIAGNOSTIC,    25, -8.141702413559e-01, 1.074413034985e-06, 2.4806e+00, 3.0985e-02, 
DIAGNOSTIC,Iteration,metricValue,convergenceValue,ITERATION_TIME_INDEX,SINCE_LAST
 2DIAGNOSTIC,     1, -7.098895311356e-01, inf, 3.6512e+00, 1.1706e+00, 
 2DIAGNOSTIC,     2, -7.101019024849e-01, inf, 3.9151e+00, 2.6389e-01, 
 2DIAGNOSTIC,     3, -7.101020216942e-01, inf, 4.2599e+00, 3.4481e-01, 
 2DIAGNOSTIC,     4, -7.101024389267e-01, inf, 4.5704e+00, 3.1045e-01, 
 2DIAGNOSTIC,     5, -7.101013064384e-01, inf, 4.8617e+00, 2.9131e-01, 
 2DIAGNOSTIC,     6, -7.101009488106e-01, inf, 5.1882e+00, 3.2655e-01, 
 2DIAGNOSTIC,     7, -7.101011872292e-01, inf, 5.4464e+00, 2.5820e-01, 
 2DIAGNOSTIC,     8, -7.101009488106e-01, inf, 5.6828e+00, 2.3639e-01, 
 2DIAGNOSTIC,     9, -7.101007699966e-01, inf, 5.9152e+00, 2.3236e-01, 
 2DIAGNOSTIC,    10, -7.100996971130e-01, 1.149751187768e-05, 6.1524e+00, 2.3726e-01, 
 2DIAGNOSTIC,    11, -7.101001739502e-01, 2.707821749937e-06, 6.3873e+00, 2.3488e-01, 
 2DIAGNOSTIC,    12, -7.100999951363e-01, 2.475510655131e-06, 6.6336e+00, 2.4626e-01, 
 2DIAGNOSTIC,    13, -7.100999355316e-01, 2.295554850207e-06, 6.8734e+00, 2.3983e-01, 
 2DIAGNOSTIC,    14, -7.100990414619e-01, 2.142782705050e-06, 7.1570e+00, 2.8357e-01, 
 2DIAGNOSTIC,    15, -7.100992202759e-01, 1.998031166295e-06, 7.3879e+00, 2.3093e-01, 
 2DIAGNOSTIC,    16, -7.100991606712e-01, 1.871364815997e-06, 7.6469e+00, 2.5902e-01, 
 2DIAGNOSTIC,    17, -7.100990414619e-01, 1.772639052433e-06, 7.8855e+00, 2.3861e-01, 
 2DIAGNOSTIC,    18, -7.100989222527e-01, 1.686272412371e-06, 8.1230e+00, 2.3746e-01, 
 2DIAGNOSTIC,    19, -7.100990414619e-01, 1.616281906536e-06, 8.3590e+00, 2.3596e-01, 
 2DIAGNOSTIC,    20, -7.100990414619e-01, 1.536743752695e-06, 8.5937e+00, 2.3474e-01, 
 2DIAGNOSTIC,    21, -7.100989818573e-01, 1.477553610130e-06, 8.8330e+00, 2.3926e-01, 
 2DIAGNOSTIC,    22, -7.100989818573e-01, 1.423970047654e-06, 9.0689e+00, 2.3599e-01, 
 2DIAGNOSTIC,    23, -7.100991010666e-01, 1.378626393489e-06, 9.3063e+00, 2.3736e-01, 
 2DIAGNOSTIC,    24, -7.100991010666e-01, 1.322337311649e-06, 9.5393e+00, 2.3301e-01, 
 2DIAGNOSTIC,    25, -7.100991010666e-01, 1.273697080251e-06, 9.7807e+00, 2.4142e-01, 
 2DIAGNOSTIC,    26, -7.100991010666e-01, 1.227865595865e-06, 1.0014e+01, 2.3327e-01, 
 2DIAGNOSTIC,    27, -7.100990414619e-01, 1.182433152280e-06, 1.0249e+01, 2.3510e-01, 
 2DIAGNOSTIC,    28, -7.100989222527e-01, 1.136367473009e-06, 1.0483e+01, 2.3390e-01, 
 2DIAGNOSTIC,    29, -7.100990414619e-01, 1.096762957786e-06, 1.0720e+01, 2.3681e-01, 
 2DIAGNOSTIC,    30, -7.100989222527e-01, 1.058192992787e-06, 1.0958e+01, 2.3844e-01, 
 2DIAGNOSTIC,    31, -7.100991606712e-01, 1.024681978379e-06, 1.1221e+01, 2.6295e-01, 
DIAGNOSTIC,Iteration,metricValue,convergenceValue,ITERATION_TIME_INDEX,SINCE_LAST
 2DIAGNOSTIC,     1, -6.358249783516e-01, inf, 1.3650e+01, 2.4292e+00, 
  Elapsed time (stage 0): 1.4803e+01


Stage 1
  iterations = 1000x500x250x0
  convergence threshold = 1.0000e-06
  convergence window size = 10
  number of levels = 4
  using the Mattes MI metric (number of bins = 32, weight = 1.0000e+00)
  preprocessing:  winsorizing the image intensities
  preprocessing:  histogram matching the images
  Shrink factors (level 1 out of 4): [6, 6, 6]
  Shrink factors (level 2 out of 4): [4, 4, 4]
  Shrink factors (level 3 out of 4): [2, 2, 2]
  Shrink factors (level 4 out of 4): [1, 1, 1]
  smoothing sigmas per level: [4, 2, 1, 0]
  regular sampling (percentage = 2.5000e-01)

*** Running AffineTransform registration ***

DIAGNOSTIC,Iteration,metricValue,convergenceValue,ITERATION_TIME_INDEX,SINCE_LAST
 2DIAGNOSTIC,     1, -1.023309946060e+00, inf, 7.8168e-01, 7.8168e-01, 
 2DIAGNOSTIC,     2, -1.024726510048e+00, inf, 7.9053e-01, 8.8539e-03, 
 2DIAGNOSTIC,     3, -1.026039242744e+00, inf, 7.9938e-01, 8.8520e-03, 
 2DIAGNOSTIC,     4, -1.027578473091e+00, inf, 8.0825e-01, 8.8701e-03, 
 2DIAGNOSTIC,     5, -1.028806209564e+00, inf, 8.1707e-01, 8.8151e-03, 
 2DIAGNOSTIC,     6, -1.030175924301e+00, inf, 8.2605e-01, 8.9810e-03, 
 2DIAGNOSTIC,     7, -1.032475948334e+00, inf, 8.3617e-01, 1.0119e-02, 
 2DIAGNOSTIC,     8, -1.035169839859e+00, inf, 8.5072e-01, 1.4549e-02, 
 2DIAGNOSTIC,     9, -1.035229563713e+00, inf, 8.6021e-01, 9.4910e-03, 
 2DIAGNOSTIC,    10, -1.035175800323e+00, 8.301189518534e-04, 8.6886e-01, 8.6482e-03, 
 2DIAGNOSTIC,    11, -1.035271883011e+00, 6.862112204544e-04, 8.7834e-01, 9.4800e-03, 
 2DIAGNOSTIC,    12, -1.035358786583e+00, 5.384139367379e-04, 8.8790e-01, 9.5642e-03, 
 2DIAGNOSTIC,    13, -1.035360574722e+00, 3.916153218597e-04, 8.9782e-01, 9.9230e-03, 
 2DIAGNOSTIC,    14, -1.035353302956e+00, 2.608894428704e-04, 9.0651e-01, 8.6892e-03, 
 2DIAGNOSTIC,    15, -1.035367250443e+00, 1.474867895013e-04, 9.1648e-01, 9.9709e-03, 
 2DIAGNOSTIC,    16, -1.035330057144e+00, 5.732030331274e-05, 9.2628e-01, 9.7961e-03, 
 2DIAGNOSTIC,    17, -1.035233974457e+00, 7.136040494515e-06, 9.3462e-01, 8.3430e-03, 
 2DIAGNOSTIC,    18, -1.035266280174e+00, 3.778213113037e-06, 9.4420e-01, 9.5749e-03, 
 2DIAGNOSTIC,    19, -1.035292983055e+00, 1.862765429905e-06, 9.5365e-01, 9.4481e-03, 
DIAGNOSTIC,Iteration,metricValue,convergenceValue,ITERATION_TIME_INDEX,SINCE_LAST
 2DIAGNOSTIC,     1, -8.157206177711e-01, inf, 1.6528e+00, 6.9913e-01, 
 2DIAGNOSTIC,     2, -8.169918060303e-01, inf, 1.6862e+00, 3.3458e-02, 
 2DIAGNOSTIC,     3, -8.183683753014e-01, inf, 1.7202e+00, 3.3942e-02, 
 2DIAGNOSTIC,     4, -8.193829059601e-01, inf, 1.7534e+00, 3.3241e-02, 
 2DIAGNOSTIC,     5, -8.200355172157e-01, inf, 1.7869e+00, 3.3439e-02, 
 2DIAGNOSTIC,     6, -8.206285834312e-01, inf, 1.8201e+00, 3.3256e-02, 
 2DIAGNOSTIC,     7, -8.211820125580e-01, inf, 1.8575e+00, 3.7422e-02, 
 2DIAGNOSTIC,     8, -8.213673830032e-01, inf, 1.9052e+00, 4.7655e-02, 
 2DIAGNOSTIC,     9, -8.215566873550e-01, inf, 1.9414e+00, 3.6238e-02, 
 2DIAGNOSTIC,    10, -8.216179609299e-01, 4.514621105045e-04, 1.9795e+00, 3.8033e-02, 
 2DIAGNOSTIC,    11, -8.216967582703e-01, 3.112033591606e-04, 2.0134e+00, 3.3902e-02, 
 2DIAGNOSTIC,    12, -8.218114376068e-01, 2.059664984699e-04, 2.0477e+00, 3.4336e-02, 
 2DIAGNOSTIC,    13, -8.219605684280e-01, 1.387639640598e-04, 2.0988e+00, 5.1100e-02, 
 2DIAGNOSTIC,    14, -8.220155239105e-01, 9.506456990493e-05, 2.1326e+00, 3.3804e-02, 
 2DIAGNOSTIC,    15, -8.220068812370e-01, 6.343781569740e-05, 2.1660e+00, 3.3371e-02, 
 2DIAGNOSTIC,    16, -8.220864534378e-01, 4.451185304788e-05, 2.1991e+00, 3.3129e-02, 
 2DIAGNOSTIC,    17, -8.222700357437e-01, 3.878816278302e-05, 2.2492e+00, 5.0112e-02, 
 2DIAGNOSTIC,    18, -8.223325610161e-01, 3.484941044007e-05, 2.2829e+00, 3.3646e-02, 
 2DIAGNOSTIC,    19, -8.223429918289e-01, 3.192517760908e-05, 2.3170e+00, 3.4118e-02, 
 2DIAGNOSTIC,    20, -8.223883509636e-01, 2.840955130523e-05, 2.3552e+00, 3.8192e-02, 
 2DIAGNOSTIC,    21, -8.224251866341e-01, 2.459228926455e-05, 2.4016e+00, 4.6477e-02, 
 2DIAGNOSTIC,    22, -8.224444389343e-01, 2.095415584336e-05, 2.4393e+00, 3.7679e-02, 
 2DIAGNOSTIC,    23, -8.224471807480e-01, 1.807053922676e-05, 2.4771e+00, 3.7785e-02, 
 2DIAGNOSTIC,    24, -8.224475383759e-01, 1.472441272199e-05, 2.5193e+00, 4.2155e-02, 
 2DIAGNOSTIC,    25, -8.224475979805e-01, 1.027441157930e-05, 2.5525e+00, 3.3199e-02, 
 2DIAGNOSTIC,    26, -8.224477767944e-01, 6.313647645584e-06, 2.5857e+00, 3.3254e-02, 
 2DIAGNOSTIC,    27, -8.224671483040e-01, 4.750683729071e-06, 2.6236e+00, 3.7860e-02, 
 2DIAGNOSTIC,    28, -8.224681019783e-01, 3.749415100174e-06, 2.6576e+00, 3.3978e-02, 
 2DIAGNOSTIC,    29, -8.224685788155e-01, 2.696606088648e-06, 2.6907e+00, 3.3142e-02, 
 2DIAGNOSTIC,    30, -8.224799633026e-01, 2.211992068624e-06, 2.7241e+00, 3.3374e-02, 
 2DIAGNOSTIC,    31, -8.225108981133e-01, 2.396189074716e-06, 2.7586e+00, 3.4545e-02, 
 2DIAGNOSTIC,    32, -8.225391507149e-01, 2.940386139016e-06, 2.7934e+00, 3.4776e-02, 
 2DIAGNOSTIC,    33, -8.226202130318e-01, 4.141958925175e-06, 2.8458e+00, 5.2394e-02, 
 2DIAGNOSTIC,    34, -8.226283192635e-01, 5.044954832556e-06, 2.9134e+00, 6.7574e-02, 
 2DIAGNOSTIC,    35, -8.226286172867e-01, 5.520726972463e-06, 2.9514e+00, 3.8080e-02, 
 2DIAGNOSTIC,    36, -8.226292133331e-01, 5.540975053009e-06, 2.9862e+00, 3.4780e-02, 
 2DIAGNOSTIC,    37, -8.226280212402e-01, 5.281200628815e-06, 3.0245e+00, 3.8313e-02, 
 2DIAGNOSTIC,    38, -8.226290941238e-01, 4.625017027138e-06, 3.0583e+00, 3.3805e-02, 
 2DIAGNOSTIC,    39, -8.226286172867e-01, 3.641872126536e-06, 3.0984e+00, 4.0092e-02, 
 2DIAGNOSTIC,    40, -8.226287364960e-01, 2.544412836869e-06, 3.1397e+00, 4.1242e-02, 
 2DIAGNOSTIC,    41, -8.226289153099e-01, 1.598721723894e-06, 3.1868e+00, 4.7096e-02, 
DIAGNOSTIC,Iteration,metricValue,convergenceValue,ITERATION_TIME_INDEX,SINCE_LAST
 2DIAGNOSTIC,     1, -7.143433094025e-01, inf, 4.3326e+00, 1.1458e+00, 
 2DIAGNOSTIC,     2, -7.145150899887e-01, inf, 4.5638e+00, 2.3117e-01, 
 2DIAGNOSTIC,     3, -7.145666480064e-01, inf, 4.9588e+00, 3.9507e-01, 
 2DIAGNOSTIC,     4, -7.145705223083e-01, inf, 5.2326e+00, 2.7374e-01, 
 2DIAGNOSTIC,     5, -7.145680189133e-01, inf, 5.5249e+00, 2.9230e-01, 
 2DIAGNOSTIC,     6, -7.145673632622e-01, inf, 5.8132e+00, 2.8830e-01, 
 2DIAGNOSTIC,     7, -7.145652770996e-01, inf, 6.1610e+00, 3.4787e-01, 
 2DIAGNOSTIC,     8, -7.145656943321e-01, inf, 6.4849e+00, 3.2381e-01, 
 2DIAGNOSTIC,     9, -7.145658135414e-01, inf, 6.7570e+00, 2.7218e-01, 
 2DIAGNOSTIC,    10, -7.145660519600e-01, 1.367479853798e-05, 7.0209e+00, 2.6381e-01, 
 2DIAGNOSTIC,    11, -7.145659923553e-01, 4.542401256913e-06, 7.2833e+00, 2.6249e-01, 
 2DIAGNOSTIC,    12, -7.145653367043e-01, 2.408816499155e-06, 7.6078e+00, 3.2441e-01, 
 2DIAGNOSTIC,    13, -7.145653963089e-01, 2.200675680797e-06, 7.8695e+00, 2.6172e-01, 
 2DIAGNOSTIC,    14, -7.145653367043e-01, 2.153440846087e-06, 8.1639e+00, 2.9444e-01, 
 2DIAGNOSTIC,    15, -7.145652770996e-01, 2.055064214801e-06, 8.3962e+00, 2.3228e-01, 
 2DIAGNOSTIC,    16, -7.145653367043e-01, 1.961961515917e-06, 8.6873e+00, 2.9111e-01, 
 2DIAGNOSTIC,    17, -7.145653367043e-01, 1.833438659560e-06, 8.9650e+00, 2.7772e-01, 
 2DIAGNOSTIC,    18, -7.145652770996e-01, 1.730586632220e-06, 9.2314e+00, 2.6635e-01, 
 2DIAGNOSTIC,    19, -7.145652770996e-01, 1.644149733693e-06, 9.5030e+00, 2.7162e-01, 
 2DIAGNOSTIC,    20, -7.145652174950e-01, 1.572610585754e-06, 9.7361e+00, 2.3309e-01, 
 2DIAGNOSTIC,    21, -7.145652770996e-01, 1.509904109298e-06, 1.0001e+01, 2.6457e-01, 
 2DIAGNOSTIC,    22, -7.145652770996e-01, 1.441394942958e-06, 1.0265e+01, 2.6484e-01, 
 2DIAGNOSTIC,    23, -7.145653963089e-01, 1.382406480843e-06, 1.0527e+01, 2.6134e-01, 
 2DIAGNOSTIC,    24, -7.145652174950e-01, 1.324451545770e-06, 1.0793e+01, 2.6600e-01, 
 2DIAGNOSTIC,    25, -7.145653367043e-01, 1.272247345696e-06, 1.1060e+01, 2.6720e-01, 
 2DIAGNOSTIC,    26, -7.145653963089e-01, 1.225820028594e-06, 1.1325e+01, 2.6454e-01, 
 2DIAGNOSTIC,    27, -7.145653367043e-01, 1.181687025564e-06, 1.1591e+01, 2.6672e-01, 
 2DIAGNOSTIC,    28, -7.145653367043e-01, 1.139573782893e-06, 1.1856e+01, 2.6434e-01, 
 2DIAGNOSTIC,    29, -7.145653963089e-01, 1.100918552766e-06, 1.2118e+01, 2.6196e-01, 
 2DIAGNOSTIC,    30, -7.145655155182e-01, 1.065198262040e-06, 1.2389e+01, 2.7189e-01, 
 2DIAGNOSTIC,    31, -7.145653367043e-01, 1.029724330692e-06, 1.2680e+01, 2.9066e-01, 
DIAGNOSTIC,Iteration,metricValue,convergenceValue,ITERATION_TIME_INDEX,SINCE_LAST
 2DIAGNOSTIC,     1, -6.350172758102e-01, inf, 1.5376e+01, 2.6955e+00, 
  Elapsed time (stage 1): 1.6485e+01


Stage 2
  iterations = 100x100x70x20
  convergence threshold = 1.0000e-09
  convergence window size = 10
  number of levels = 4
  using the CC metric (radius = 4, weight = 1.0000e+00)
  preprocessing:  winsorizing the image intensities
  preprocessing:  histogram matching the images
  Shrink factors (level 1 out of 4): [6, 6, 6]
  Shrink factors (level 2 out of 4): [4, 4, 4]
  Shrink factors (level 3 out of 4): [2, 2, 2]
  Shrink factors (level 4 out of 4): [1, 1, 1]
  smoothing sigmas per level: [3, 2, 1, 0]
  Using default NONE metricSamplingStrategy 

*** Running SyN registration (varianceForUpdateField = 3.0000e+00, varianceForTotalField = 0.0000e+00) ***

XXDIAGNOSTIC,Iteration,metricValue,convergenceValue,ITERATION_TIME_INDEX,SINCE_LAST
 1DIAGNOSTIC,     1, -8.810629844666e-01, inf, 1.5101e+00, 1.5101e+00, 
 1DIAGNOSTIC,     2, -8.892116546631e-01, inf, 2.2520e+00, 7.4189e-01, 
 1DIAGNOSTIC,     3, -8.979849815369e-01, inf, 2.9706e+00, 7.1858e-01, 
 1DIAGNOSTIC,     4, -9.050049781799e-01, inf, 3.7458e+00, 7.7524e-01, 
 1DIAGNOSTIC,     5, -9.109190702438e-01, inf, 4.5076e+00, 7.6178e-01, 
 1DIAGNOSTIC,     6, -9.155659675598e-01, inf, 5.2598e+00, 7.5220e-01, 
 1DIAGNOSTIC,     7, -9.193966388702e-01, inf, 5.9924e+00, 7.3264e-01, 
 1DIAGNOSTIC,     8, -9.227460026741e-01, inf, 6.7299e+00, 7.3747e-01, 
 1DIAGNOSTIC,     9, -9.257235527039e-01, inf, 7.4889e+00, 7.5897e-01, 
 1DIAGNOSTIC,    10, -9.283404350281e-01, 3.254176117480e-03, 8.2293e+00, 7.4046e-01, 
 1DIAGNOSTIC,    11, -9.305747747421e-01, 2.513855928555e-03, 8.9787e+00, 7.4938e-01, 
 1DIAGNOSTIC,    12, -9.325855970383e-01, 1.933836610988e-03, 9.7178e+00, 7.3906e-01, 
 1DIAGNOSTIC,    13, -9.344311952591e-01, 1.521293423139e-03, 1.0475e+01, 7.5701e-01, 
 1DIAGNOSTIC,    14, -9.359377026558e-01, 1.217308687046e-03, 1.1232e+01, 7.5723e-01, 
 1DIAGNOSTIC,    15, -9.372398853302e-01, 9.910538792610e-04, 1.1975e+01, 7.4338e-01, 
 1DIAGNOSTIC,    16, -9.383972883224e-01, 8.139476994984e-04, 1.2715e+01, 7.3950e-01, 
 1DIAGNOSTIC,    17, -9.394068717957e-01, 6.702457321808e-04, 1.3472e+01, 7.5684e-01, 
 1DIAGNOSTIC,    18, -9.403513669968e-01, 5.537574761547e-04, 1.4224e+01, 7.5240e-01, 
 1DIAGNOSTIC,    19, -9.410765767097e-01, 4.579188826028e-04, 1.4970e+01, 7.4591e-01, 
 1DIAGNOSTIC,    20, -9.417006373405e-01, 3.788301255554e-04, 1.5732e+01, 7.6226e-01, 
 1DIAGNOSTIC,    21, -9.422444701195e-01, 3.125006915070e-04, 1.6477e+01, 7.4492e-01, 
 1DIAGNOSTIC,    22, -9.427251219749e-01, 2.576066763140e-04, 1.7239e+01, 7.6164e-01, 
 1DIAGNOSTIC,    23, -9.431443214417e-01, 2.134748356184e-04, 1.7994e+01, 7.5525e-01, 
 1DIAGNOSTIC,    24, -9.435225725174e-01, 1.770201779436e-04, 1.8754e+01, 7.6001e-01, 
 1DIAGNOSTIC,    25, -9.438378810883e-01, 1.466453395551e-04, 1.9500e+01, 7.4547e-01, 
 1DIAGNOSTIC,    26, -9.441445469856e-01, 1.220336926053e-04, 2.0256e+01, 7.5668e-01, 
 1DIAGNOSTIC,    27, -9.444143176079e-01, 1.021951611619e-04, 2.1017e+01, 7.6041e-01, 
 1DIAGNOSTIC,    28, -9.446513056755e-01, 8.703415369382e-05, 2.1768e+01, 7.5140e-01, 
 1DIAGNOSTIC,    29, -9.448651075363e-01, 7.460972119588e-05, 2.2524e+01, 7.5613e-01, 
 1DIAGNOSTIC,    30, -9.450619220734e-01, 6.434177339543e-05, 2.3253e+01, 7.2840e-01, 
 1DIAGNOSTIC,    31, -9.452575445175e-01, 5.595486800303e-05, 2.4007e+01, 7.5405e-01, 
 1DIAGNOSTIC,    32, -9.454542398453e-01, 4.927695408696e-05, 2.4763e+01, 7.5679e-01, 
 1DIAGNOSTIC,    33, -9.455965757370e-01, 4.355149212643e-05, 2.5500e+01, 7.3632e-01, 
 1DIAGNOSTIC,    34, -9.457213878632e-01, 3.859732169076e-05, 2.6240e+01, 7.4061e-01, 
 1DIAGNOSTIC,    35, -9.458964467049e-01, 3.457965794951e-05, 2.6988e+01, 7.4748e-01, 
 1DIAGNOSTIC,    36, -9.461853504181e-01, 3.256688432884e-05, 2.7718e+01, 7.3063e-01, 
 1DIAGNOSTIC,    37, -9.461628198624e-01, 2.960667188745e-05, 2.8471e+01, 7.5264e-01, 
 1DIAGNOSTIC,    38, -9.465095400810e-01, 2.876736652979e-05, 2.9200e+01, 7.2876e-01, 
 1DIAGNOSTIC,    39, -9.463921785355e-01, 2.599539402581e-05, 2.9958e+01, 7.5798e-01, 
 1DIAGNOSTIC,    40, -9.467343091965e-01, 2.507647150196e-05, 3.0706e+01, 7.4785e-01, 
 1DIAGNOSTIC,    41, -9.466845989227e-01, 2.287447750859e-05, 3.1433e+01, 7.2733e-01, 
 1DIAGNOSTIC,    42, -9.467622041702e-01, 2.066956403723e-05, 3.2181e+01, 7.4834e-01, 
 1DIAGNOSTIC,    43, -9.467495083809e-01, 1.758879261615e-05, 3.2914e+01, 7.3305e-01, 
 1DIAGNOSTIC,    44, -9.468561410904e-01, 1.462477939640e-05, 3.3669e+01, 7.5455e-01, 
 1DIAGNOSTIC,    45, -9.468531012535e-01, 1.155960853794e-05, 3.4401e+01, 7.3159e-01, 
 1DIAGNOSTIC,    46, -9.468979835510e-01, 9.817654245126e-06, 3.5163e+01, 7.6280e-01, 
 1DIAGNOSTIC,    47, -9.469785690308e-01, 7.611447017553e-06, 3.5891e+01, 7.2772e-01, 
 1DIAGNOSTIC,    48, -9.470238089561e-01, 7.341468062805e-06, 3.6650e+01, 7.5867e-01, 
 1DIAGNOSTIC,    49, -9.470177888870e-01, 5.614496330963e-06, 3.7390e+01, 7.3997e-01, 
 1DIAGNOSTIC,    50, -9.471234083176e-01, 6.221501280379e-06, 3.8143e+01, 7.5311e-01, 
 1DIAGNOSTIC,    51, -9.471347928047e-01, 6.017595751473e-06, 3.8900e+01, 7.5760e-01, 
 1DIAGNOSTIC,    52, -9.471791982651e-01, 6.020897217240e-06, 3.9649e+01, 7.4888e-01, 
 1DIAGNOSTIC,    53, -9.471845626831e-01, 5.447625426314e-06, 4.0410e+01, 7.6022e-01, 
 1DIAGNOSTIC,    54, -9.472676515579e-01, 5.507700279850e-06, 4.1148e+01, 7.3818e-01, 
 1DIAGNOSTIC,    55, -9.472966194153e-01, 5.220406819717e-06, 4.1910e+01, 7.6186e-01, 
 1DIAGNOSTIC,    56, -9.473034143448e-01, 4.765053290612e-06, 4.2652e+01, 7.4244e-01, 
 1DIAGNOSTIC,    57, -9.473661780357e-01, 4.690694368037e-06, 4.3413e+01, 7.6117e-01, 
 1DIAGNOSTIC,    58, -9.473773837090e-01, 4.516146873357e-06, 4.4137e+01, 7.2356e-01, 
 1DIAGNOSTIC,    59, -9.474255442619e-01, 4.166774942860e-06, 4.4900e+01, 7.6284e-01, 
 1DIAGNOSTIC,    60, -9.474548101425e-01, 4.157825969742e-06, 4.5657e+01, 7.5739e-01, 
 1DIAGNOSTIC,    61, -9.474505186081e-01, 3.833975370071e-06, 4.6406e+01, 7.4924e-01, 
 1DIAGNOSTIC,    62, -9.475369453430e-01, 3.848344476864e-06, 4.7165e+01, 7.5904e-01, 
 1DIAGNOSTIC,    63, -9.475243091583e-01, 3.484775788820e-06, 4.7927e+01, 7.6199e-01, 
 1DIAGNOSTIC,    64, -9.475523233414e-01, 3.374686230018e-06, 4.8654e+01, 7.2648e-01, 
 1DIAGNOSTIC,    65, -9.476108551025e-01, 3.401216190468e-06, 4.9400e+01, 7.4616e-01, 
 1DIAGNOSTIC,    66, -9.476011395454e-01, 3.120732799289e-06, 5.0136e+01, 7.3625e-01, 
 1DIAGNOSTIC,    67, -9.476219415665e-01, 2.975748657263e-06, 5.0889e+01, 7.5333e-01, 
 1DIAGNOSTIC,    68, -9.476790428162e-01, 2.893534428949e-06, 5.1621e+01, 7.3111e-01, 
 1DIAGNOSTIC,    69, -9.476667642593e-01, 2.730287633312e-06, 5.2343e+01, 7.2259e-01, 
 1DIAGNOSTIC,    70, -9.477182626724e-01, 2.707804696911e-06, 5.3085e+01, 7.4224e-01, 
 1DIAGNOSTIC,    71, -9.477250576019e-01, 2.466933665346e-06, 5.3827e+01, 7.4129e-01, 
 1DIAGNOSTIC,    72, -9.477365016937e-01, 2.455120011291e-06, 5.4582e+01, 7.5507e-01, 
 1DIAGNOSTIC,    73, -9.477765560150e-01, 2.360588496231e-06, 5.5338e+01, 7.5624e-01, 
 1DIAGNOSTIC,    74, -9.477726817131e-01, 2.171434061893e-06, 5.6087e+01, 7.4920e-01, 
 1DIAGNOSTIC,    75, -9.477922916412e-01, 2.140157903341e-06, 5.6823e+01, 7.3573e-01, 
 1DIAGNOSTIC,    76, -9.478234052658e-01, 2.027846676356e-06, 5.7568e+01, 7.4535e-01, 
 1DIAGNOSTIC,    77, -9.478402137756e-01, 1.903066618070e-06, 5.8317e+01, 7.4858e-01, 
 1DIAGNOSTIC,    78, -9.478519558907e-01, 1.906950728880e-06, 5.9078e+01, 7.6127e-01, 
 1DIAGNOSTIC,    79, -9.478449821472e-01, 1.688842530712e-06, 5.9823e+01, 7.4457e-01, 
 1DIAGNOSTIC,    80, -9.479001760483e-01, 1.758126586537e-06, 6.0578e+01, 7.5542e-01, 
 1DIAGNOSTIC,    81, -9.478789567947e-01, 1.633153033254e-06, 6.1317e+01, 7.3842e-01, 
 1DIAGNOSTIC,    82, -9.479251503944e-01, 1.603390728633e-06, 6.2072e+01, 7.5550e-01, 
 1DIAGNOSTIC,    83, -9.479193687439e-01, 1.581684728080e-06, 6.2824e+01, 7.5201e-01, 
 1DIAGNOSTIC,    84, -9.479483366013e-01, 1.536340505481e-06, 6.3562e+01, 7.3825e-01, 
 1DIAGNOSTIC,    85, -9.479401707649e-01, 1.415884071321e-06, 6.4324e+01, 7.6121e-01, 
 1DIAGNOSTIC,    86, -9.479691386223e-01, 1.408785692547e-06, 6.5082e+01, 7.5859e-01, 
 1DIAGNOSTIC,    87, -9.479534029961e-01, 1.303121962337e-06, 6.5819e+01, 7.3706e-01, 
 1DIAGNOSTIC,    88, -9.479868412018e-01, 1.267893139811e-06, 6.6551e+01, 7.3172e-01, 
 1DIAGNOSTIC,    89, -9.479997754097e-01, 1.158815621238e-06, 6.7296e+01, 7.4525e-01, 
 1DIAGNOSTIC,    90, -9.479869604111e-01, 1.119611852118e-06, 6.8038e+01, 7.4191e-01, 
 1DIAGNOSTIC,    91, -9.480128288269e-01, 1.021970433612e-06, 6.8766e+01, 7.2755e-01, 
 1DIAGNOSTIC,    92, -9.480221271515e-01, 1.042789904204e-06, 6.9530e+01, 7.6412e-01, 
 1DIAGNOSTIC,    93, -9.480523467064e-01, 1.071427277566e-06, 7.0261e+01, 7.3143e-01, 
 1DIAGNOSTIC,    94, -9.480407238007e-01, 1.083811525859e-06, 7.1010e+01, 7.4886e-01, 
 1DIAGNOSTIC,    95, -9.480337500572e-01, 9.773298188520e-07, 7.1769e+01, 7.5900e-01, 
 1DIAGNOSTIC,    96, -9.480584859848e-01, 9.836401204666e-07, 7.2508e+01, 7.3936e-01, 
 1DIAGNOSTIC,    97, -9.481070637703e-01, 1.021682578539e-06, 7.3253e+01, 7.4413e-01, 
 1DIAGNOSTIC,    98, -9.480744600296e-01, 9.889890861814e-07, 7.4000e+01, 7.4777e-01, 
 1DIAGNOSTIC,    99, -9.480826854706e-01, 9.660205932960e-07, 7.4746e+01, 7.4613e-01, 
 1DIAGNOSTIC,   100, -9.481111764908e-01, 9.288497153648e-07, 7.5494e+01, 7.4782e-01, 
XXDIAGNOSTIC,Iteration,metricValue,convergenceValue,ITERATION_TIME_INDEX,SINCE_LAST
 1DIAGNOSTIC,     1, -8.707075119019e-01, inf, 7.8632e+01, 3.1380e+00, 
 1DIAGNOSTIC,     2, -8.713327050209e-01, inf, 8.1005e+01, 2.3731e+00, 
 1DIAGNOSTIC,     3, -8.725466728210e-01, inf, 8.3386e+01, 2.3809e+00, 
 1DIAGNOSTIC,     4, -8.738147616386e-01, inf, 8.5752e+01, 2.3659e+00, 
 1DIAGNOSTIC,     5, -8.750495314598e-01, inf, 8.8132e+01, 2.3795e+00, 
 1DIAGNOSTIC,     6, -8.762333393097e-01, inf, 9.0486e+01, 2.3549e+00, 
 1DIAGNOSTIC,     7, -8.773114681244e-01, inf, 9.2864e+01, 2.3774e+00, 
 1DIAGNOSTIC,     8, -8.783154487610e-01, inf, 9.5250e+01, 2.3862e+00, 
 1DIAGNOSTIC,     9, -8.792492747307e-01, inf, 9.7630e+01, 2.3802e+00, 
 1DIAGNOSTIC,    10, -8.798667192459e-01, 7.158957887441e-04, 1.0003e+02, 2.4046e+00, 
 1DIAGNOSTIC,    11, -8.803873062134e-01, 6.214103195816e-04, 1.0244e+02, 2.4022e+00, 
 1DIAGNOSTIC,    12, -8.808526992798e-01, 5.162786110304e-04, 1.0481e+02, 2.3694e+00, 
 1DIAGNOSTIC,    13, -8.812710642815e-01, 4.211440973449e-04, 1.0719e+02, 2.3794e+00, 
 1DIAGNOSTIC,    14, -8.816361427307e-01, 3.389063349459e-04, 1.0958e+02, 2.3935e+00, 
 1DIAGNOSTIC,    15, -8.819571733475e-01, 2.701639314182e-04, 1.1198e+02, 2.3996e+00, 
 1DIAGNOSTIC,    16, -8.822550177574e-01, 2.151766675524e-04, 1.1434e+02, 2.3618e+00, 
 1DIAGNOSTIC,    17, -8.825149536133e-01, 1.722135202726e-04, 1.1671e+02, 2.3717e+00, 
 1DIAGNOSTIC,    18, -8.827546238899e-01, 1.403207133990e-04, 1.1911e+02, 2.3935e+00, 
 1DIAGNOSTIC,    19, -8.829522728920e-01, 1.180332037620e-04, 1.2154e+02, 2.4344e+00, 
 1DIAGNOSTIC,    20, -8.831437230110e-01, 1.001120908768e-04, 1.2394e+02, 2.3953e+00, 
 1DIAGNOSTIC,    21, -8.833089470863e-01, 8.515561785316e-05, 1.2632e+02, 2.3813e+00, 
 1DIAGNOSTIC,    22, -8.834607005119e-01, 7.270946662175e-05, 1.2871e+02, 2.3937e+00, 
 1DIAGNOSTIC,    23, -8.835960626602e-01, 6.237146590138e-05, 1.3109e+02, 2.3836e+00, 
 1DIAGNOSTIC,    24, -8.837175369263e-01, 5.365801189328e-05, 1.3349e+02, 2.3916e+00, 
 1DIAGNOSTIC,    25, -8.838266730309e-01, 4.622050255421e-05, 1.3586e+02, 2.3747e+00, 
 1DIAGNOSTIC,    26, -8.839358687401e-01, 4.012780846097e-05, 1.3835e+02, 2.4883e+00, 
 1DIAGNOSTIC,    27, -8.840398788452e-01, 3.511986869853e-05, 1.4073e+02, 2.3812e+00, 
 1DIAGNOSTIC,    28, -8.841239809990e-01, 3.096011278103e-05, 1.4316e+02, 2.4290e+00, 
 1DIAGNOSTIC,    29, -8.841929435730e-01, 2.720340853557e-05, 1.4553e+02, 2.3706e+00, 
 1DIAGNOSTIC,    30, -8.842669129372e-01, 2.405770283076e-05, 1.4792e+02, 2.3883e+00, 
 1DIAGNOSTIC,    31, -8.843247890472e-01, 2.122809746652e-05, 1.5036e+02, 2.4406e+00, 
 1DIAGNOSTIC,    32, -8.843798637390e-01, 1.872042776085e-05, 1.5282e+02, 2.4579e+00, 
 1DIAGNOSTIC,    33, -8.844344615936e-01, 1.652120045037e-05, 1.5532e+02, 2.5064e+00, 
 1DIAGNOSTIC,    34, -8.844772577286e-01, 1.451686694054e-05, 1.5784e+02, 2.5131e+00, 
 1DIAGNOSTIC,    35, -8.845215439796e-01, 1.273411271541e-05, 1.6035e+02, 2.5185e+00, 
 1DIAGNOSTIC,    36, -8.845663070679e-01, 1.128674193751e-05, 1.6292e+02, 2.5624e+00, 
 1DIAGNOSTIC,    37, -8.845875263214e-01, 1.000440079224e-05, 1.6542e+02, 2.5076e+00, 
 1DIAGNOSTIC,    38, -8.846330642700e-01, 9.012864211400e-06, 1.6793e+02, 2.5049e+00, 
 1DIAGNOSTIC,    39, -8.846700787544e-01, 8.153759154084e-06, 1.7044e+02, 2.5093e+00, 
 1DIAGNOSTIC,    40, -8.846845030785e-01, 7.339960575337e-06, 1.7299e+02, 2.5506e+00, 
 1DIAGNOSTIC,    41, -8.846998810768e-01, 6.514276265079e-06, 1.7538e+02, 2.3922e+00, 
 1DIAGNOSTIC,    42, -8.847363591194e-01, 5.877852345293e-06, 1.7777e+02, 2.3920e+00, 
 1DIAGNOSTIC,    43, -8.847444057465e-01, 5.240035079623e-06, 1.8016e+02, 2.3908e+00, 
 1DIAGNOSTIC,    44, -8.847740292549e-01, 4.726230145025e-06, 1.8256e+02, 2.3965e+00, 
 1DIAGNOSTIC,    45, -8.847810626030e-01, 4.213972260914e-06, 1.8496e+02, 2.4041e+00, 
 1DIAGNOSTIC,    46, -8.848007321358e-01, 3.842794740194e-06, 1.8736e+02, 2.3984e+00, 
 1DIAGNOSTIC,    47, -8.848132491112e-01, 3.408257043702e-06, 1.8974e+02, 2.3777e+00, 
 1DIAGNOSTIC,    48, -8.848171830177e-01, 3.055712568312e-06, 1.9217e+02, 2.4250e+00, 
 1DIAGNOSTIC,    49, -8.848322033882e-01, 2.831801111824e-06, 1.9457e+02, 2.4001e+00, 
 1DIAGNOSTIC,    50, -8.848509788513e-01, 2.619516408231e-06, 1.9695e+02, 2.3879e+00, 
 1DIAGNOSTIC,    51, -8.848469257355e-01, 2.289780468345e-06, 1.9936e+02, 2.4086e+00, 
 1DIAGNOSTIC,    52, -8.848590850830e-01, 2.117712710969e-06, 2.0177e+02, 2.4106e+00, 
 1DIAGNOSTIC,    53, -8.848702907562e-01, 1.920541990330e-06, 2.0417e+02, 2.3956e+00, 
 1DIAGNOSTIC,    54, -8.848740458488e-01, 1.801195367079e-06, 2.0659e+02, 2.4217e+00, 
 1DIAGNOSTIC,    55, -8.848682641983e-01, 1.574476414135e-06, 2.0898e+02, 2.3853e+00, 
 1DIAGNOSTIC,    56, -8.848800659180e-01, 1.442950519959e-06, 2.1139e+02, 2.4097e+00, 
 1DIAGNOSTIC,    57, -8.848778605461e-01, 1.289245233238e-06, 2.1382e+02, 2.4349e+00, 
 1DIAGNOSTIC,    58, -8.848820328712e-01, 1.113460371016e-06, 2.1623e+02, 2.4073e+00, 
 1DIAGNOSTIC,    59, -8.848921656609e-01, 1.024428797791e-06, 2.1865e+02, 2.4222e+00, 
 1DIAGNOSTIC,    60, -8.848885297775e-01, 9.742147994984e-07, 2.2107e+02, 2.4153e+00, 
 1DIAGNOSTIC,    61, -8.848946094513e-01, 8.936162885220e-07, 2.2346e+02, 2.3980e+00, 
 1DIAGNOSTIC,    62, -8.848835229874e-01, 7.832005621822e-07, 2.2588e+02, 2.4196e+00, 
 1DIAGNOSTIC,    63, -8.848983049393e-01, 7.844930678402e-07, 2.2831e+02, 2.4281e+00, 
 1DIAGNOSTIC,    64, -8.848777413368e-01, 6.725925345563e-07, 2.3074e+02, 2.4268e+00, 
 1DIAGNOSTIC,    65, -8.848963379860e-01, 6.122541549303e-07, 2.3314e+02, 2.3994e+00, 
 1DIAGNOSTIC,    66, -8.848791718483e-01, 5.143664338902e-07, 2.3553e+02, 2.3938e+00, 
 1DIAGNOSTIC,    67, -8.848896026611e-01, 4.579899837154e-07, 2.3791e+02, 2.3821e+00, 
 1DIAGNOSTIC,    68, -8.848724365234e-01, 3.408031545860e-07, 2.4030e+02, 2.3884e+00, 
 1DIAGNOSTIC,    69, -8.848817348480e-01, 3.326056230435e-07, 2.4270e+02, 2.3973e+00, 
 1DIAGNOSTIC,    70, -8.848851919174e-01, 3.338125793562e-07, 2.4507e+02, 2.3712e+00, 
 1DIAGNOSTIC,    71, -8.848829269409e-01, 3.643474428827e-07, 2.4748e+02, 2.4096e+00, 
 1DIAGNOSTIC,    72, -8.848733901978e-01, 3.092993381415e-07, 2.4989e+02, 2.4135e+00, 
 1DIAGNOSTIC,    73, -8.848810195923e-01, 3.720880101810e-07, 2.5237e+02, 2.4764e+00, 
 1DIAGNOSTIC,    74, -8.848811984062e-01, 3.461979076747e-07, 2.5477e+02, 2.4011e+00, 
 1DIAGNOSTIC,    75, -8.848615288734e-01, 3.253541365211e-07, 2.5719e+02, 2.4151e+00, 
 1DIAGNOSTIC,    76, -8.848788142204e-01, 3.168567275225e-07, 2.5965e+02, 2.4613e+00, 
 1DIAGNOSTIC,    77, -8.848718404770e-01, 3.332380345000e-07, 2.6205e+02, 2.4036e+00, 
 1DIAGNOSTIC,    78, -8.848671913147e-01, 2.658750588580e-07, 2.6446e+02, 2.4113e+00, 
 1DIAGNOSTIC,    79, -8.848588466644e-01, 2.182652707461e-07, 2.6694e+02, 2.4733e+00, 
 1DIAGNOSTIC,    80, -8.848654627800e-01, 2.319013105989e-07, 2.6932e+02, 2.3886e+00, 
 1DIAGNOSTIC,    81, -8.848679661751e-01, 2.614830236780e-07, 2.7171e+02, 2.3874e+00, 
 1DIAGNOSTIC,    82, -8.848568797112e-01, 2.198268305165e-07, 2.7410e+02, 2.3931e+00, 
 1DIAGNOSTIC,    83, -8.848512172699e-01, 2.055634666931e-07, 2.7651e+02, 2.4091e+00, 
 1DIAGNOSTIC,    84, -8.848421573639e-01, 1.781622103181e-07, 2.7892e+02, 2.4066e+00, 
 1DIAGNOSTIC,    85, -8.848417401314e-01, 9.203372286493e-08, 2.8135e+02, 2.4300e+00, 
 1DIAGNOSTIC,    86, -8.848525881767e-01, 1.397447846330e-07, 2.8377e+02, 2.4249e+00, 
 1DIAGNOSTIC,    87, -8.848364353180e-01, 1.226866856996e-07, 2.8618e+02, 2.4078e+00, 
 1DIAGNOSTIC,    88, -8.848361968994e-01, 1.157859799150e-07, 2.8861e+02, 2.4235e+00, 
 1DIAGNOSTIC,    89, -8.848321437836e-01, 8.740848045363e-08, 2.9103e+02, 2.4235e+00, 
 1DIAGNOSTIC,    90, -8.848260641098e-01, 8.615634783382e-08, 2.9345e+02, 2.4193e+00, 
 1DIAGNOSTIC,    91, -8.848230838776e-01, 1.095237323057e-07, 2.9585e+02, 2.4060e+00, 
 1DIAGNOSTIC,    92, -8.848164081573e-01, 9.433304626327e-08, 2.9827e+02, 2.4136e+00, 
 1DIAGNOSTIC,    93, -8.848103880882e-01, 6.540292218915e-08, 3.0068e+02, 2.4128e+00, 
 1DIAGNOSTIC,    94, -8.848134279251e-01, 4.335958792012e-08, 3.0312e+02, 2.4380e+00, 
 1DIAGNOSTIC,    95, -8.848264217377e-01, 9.077967177973e-08, 3.0557e+02, 2.4550e+00, 
 1DIAGNOSTIC,    96, -8.848075866699e-01, 1.343218372085e-07, 3.0804e+02, 2.4641e+00, 
 1DIAGNOSTIC,    97, -8.847997784615e-01, 1.191085630126e-07, 3.1043e+02, 2.3882e+00, 
 1DIAGNOSTIC,    98, -8.847951889038e-01, 1.096680932733e-07, 3.1284e+02, 2.4165e+00, 
 1DIAGNOSTIC,    99, -8.847886919975e-01, 8.596271072747e-08, 3.1527e+02, 2.4311e+00, 
 1DIAGNOSTIC,   100, -8.847921490669e-01, 7.632900178578e-08, 3.1768e+02, 2.4014e+00, 
XXDIAGNOSTIC,Iteration,metricValue,convergenceValue,ITERATION_TIME_INDEX,SINCE_LAST
 1DIAGNOSTIC,     1, -7.518732547760e-01, inf, 3.3817e+02, 2.0490e+01, 
 1DIAGNOSTIC,     2, -7.542626261711e-01, inf, 3.5763e+02, 1.9467e+01, 
 1DIAGNOSTIC,     3, -7.564485073090e-01, inf, 3.7684e+02, 1.9209e+01, 
 1DIAGNOSTIC,     4, -7.586017847061e-01, inf, 3.9617e+02, 1.9325e+01, 
 1DIAGNOSTIC,     5, -7.608692646027e-01, inf, 4.1562e+02, 1.9450e+01, 
 1DIAGNOSTIC,     6, -7.631500959396e-01, inf, 4.3506e+02, 1.9445e+01, 
 1DIAGNOSTIC,     7, -7.653951048851e-01, inf, 4.5451e+02, 1.9451e+01, 
 1DIAGNOSTIC,     8, -7.672702670097e-01, inf, 4.7393e+02, 1.9421e+01, 
 1DIAGNOSTIC,     9, -7.689146995544e-01, inf, 4.9326e+02, 1.9322e+01, 
 1DIAGNOSTIC,    10, -7.704027295113e-01, 1.588030601852e-03, 5.1268e+02, 1.9422e+01, 
 1DIAGNOSTIC,    11, -7.717578411102e-01, 1.367741613649e-03, 5.3256e+02, 1.9885e+01, 
 1DIAGNOSTIC,    12, -7.728530168533e-01, 1.168816466816e-03, 5.5270e+02, 2.0143e+01, 
 1DIAGNOSTIC,    13, -7.738480567932e-01, 9.855701355264e-04, 5.7242e+02, 1.9720e+01, 
 1DIAGNOSTIC,    14, -7.747669219971e-01, 8.201350574382e-04, 5.9256e+02, 2.0138e+01, 
 1DIAGNOSTIC,    15, -7.756147384644e-01, 6.784547003917e-04, 6.1297e+02, 2.0408e+01, 
 1DIAGNOSTIC,    16, -7.763974666595e-01, 5.626713973470e-04, 6.3310e+02, 2.0129e+01, 
 1DIAGNOSTIC,    17, -7.771129608154e-01, 4.728600906674e-04, 6.5332e+02, 2.0225e+01, 
 1DIAGNOSTIC,    18, -7.777776718140e-01, 4.013104189653e-04, 6.7355e+02, 2.0229e+01, 
 1DIAGNOSTIC,    19, -7.783948183060e-01, 3.438587882556e-04, 6.9377e+02, 2.0221e+01, 
 1DIAGNOSTIC,    20, -7.789681553841e-01, 2.980261924677e-04, 7.1411e+02, 2.0340e+01, 
 1DIAGNOSTIC,    21, -7.795013189316e-01, 2.618510625325e-04, 7.3450e+02, 2.0390e+01, 
 1DIAGNOSTIC,    22, -7.799911499023e-01, 2.309847768629e-04, 7.5490e+02, 2.0396e+01, 
 1DIAGNOSTIC,    23, -7.804505228996e-01, 2.044178982032e-04, 7.7504e+02, 2.0138e+01, 
 1DIAGNOSTIC,    24, -7.808909416199e-01, 1.816976728151e-04, 7.9521e+02, 2.0174e+01, 
 1DIAGNOSTIC,    25, -7.812888622284e-01, 1.620181719773e-04, 8.1542e+02, 2.0204e+01, 
 1DIAGNOSTIC,    26, -7.816684842110e-01, 1.450304553146e-04, 8.3579e+02, 2.0372e+01, 
 1DIAGNOSTIC,    27, -7.820303440094e-01, 1.302903692704e-04, 8.5635e+02, 2.0560e+01, 
 1DIAGNOSTIC,    28, -7.823676466942e-01, 1.174481512862e-04, 8.7660e+02, 2.0254e+01, 
 1DIAGNOSTIC,    29, -7.826796174049e-01, 1.061591319740e-04, 8.9689e+02, 2.0285e+01, 
 1DIAGNOSTIC,    30, -7.829748392105e-01, 9.621740173316e-05, 9.1713e+02, 2.0244e+01, 
 1DIAGNOSTIC,    31, -7.832518815994e-01, 8.741149940761e-05, 9.3739e+02, 2.0259e+01, 
 1DIAGNOSTIC,    32, -7.835195660591e-01, 7.956899207784e-05, 9.5774e+02, 2.0347e+01, 
 1DIAGNOSTIC,    33, -7.837622165680e-01, 7.246625318658e-05, 9.7808e+02, 2.0343e+01, 
 1DIAGNOSTIC,    34, -7.839939594269e-01, 6.617462349823e-05, 9.9818e+02, 2.0097e+01, 
 1DIAGNOSTIC,    35, -7.842227220535e-01, 6.054194818716e-05, 1.0183e+03, 2.0152e+01, 
 1DIAGNOSTIC,    36, -7.844251990318e-01, 5.540949860006e-05, 1.0385e+03, 2.0215e+01, 
 1DIAGNOSTIC,    37, -7.846214771271e-01, 5.083495125291e-05, 1.0586e+03, 2.0063e+01, 
 1DIAGNOSTIC,    38, -7.848097085953e-01, 4.675572927226e-05, 1.0790e+03, 2.0385e+01, 
 1DIAGNOSTIC,    39, -7.849819660187e-01, 4.300606815377e-05, 1.0993e+03, 2.0315e+01, 
 1DIAGNOSTIC,    40, -7.851548194885e-01, 3.965901487391e-05, 1.1195e+03, 2.0153e+01, 
 1DIAGNOSTIC,    41, -7.853179574013e-01, 3.665051190183e-05, 1.1397e+03, 2.0260e+01, 
 1DIAGNOSTIC,    42, -7.854679822922e-01, 3.396096872166e-05, 1.1601e+03, 2.0383e+01, 
 1DIAGNOSTIC,    43, -7.856152057648e-01, 3.150637712679e-05, 1.1802e+03, 2.0084e+01, 
 1DIAGNOSTIC,    44, -7.857587337494e-01, 2.930509253929e-05, 1.2003e+03, 2.0160e+01, 
 1DIAGNOSTIC,    45, -7.858878374100e-01, 2.734380905167e-05, 1.2207e+03, 2.0395e+01, 
 1DIAGNOSTIC,    46, -7.860132455826e-01, 2.549577038735e-05, 1.2410e+03, 2.0275e+01, 
 1DIAGNOSTIC,    47, -7.861312031746e-01, 2.376830161666e-05, 1.2613e+03, 2.0289e+01, 
 1DIAGNOSTIC,    48, -7.862398028374e-01, 2.213681727881e-05, 1.2815e+03, 2.0210e+01, 
 1DIAGNOSTIC,    49, -7.863516807556e-01, 2.060824590444e-05, 1.3019e+03, 2.0386e+01, 
 1DIAGNOSTIC,    50, -7.864601016045e-01, 1.925830838445e-05, 1.3220e+03, 2.0121e+01, 
 1DIAGNOSTIC,    51, -7.865579724312e-01, 1.802366932679e-05, 1.3422e+03, 2.0151e+01, 
 1DIAGNOSTIC,    52, -7.866483926773e-01, 1.683702430455e-05, 1.3630e+03, 2.0780e+01, 
 1DIAGNOSTIC,    53, -7.867373824120e-01, 1.574723683007e-05, 1.3831e+03, 2.0103e+01, 
 1DIAGNOSTIC,    54, -7.868249416351e-01, 1.478814283473e-05, 1.4033e+03, 2.0283e+01, 
 1DIAGNOSTIC,    55, -7.869160771370e-01, 1.394335777150e-05, 1.4234e+03, 2.0104e+01, 
 1DIAGNOSTIC,    56, -7.869956493378e-01, 1.316381440120e-05, 1.4439e+03, 2.0410e+01, 
 1DIAGNOSTIC,    57, -7.870766520500e-01, 1.246318515769e-05, 1.4645e+03, 2.0617e+01, 
 1DIAGNOSTIC,    58, -7.871537804604e-01, 1.179669925477e-05, 1.4849e+03, 2.0443e+01, 
 1DIAGNOSTIC,    59, -7.872257232666e-01, 1.119282478612e-05, 1.5052e+03, 2.0287e+01, 
 1DIAGNOSTIC,    60, -7.872993946075e-01, 1.067839002644e-05, 1.5256e+03, 2.0381e+01, 
 1DIAGNOSTIC,    61, -7.873651981354e-01, 1.017127033265e-05, 1.5457e+03, 2.0147e+01, 
 1DIAGNOSTIC,    62, -7.874283790588e-01, 9.645297723182e-06, 1.5661e+03, 2.0357e+01, 
 1DIAGNOSTIC,    63, -7.874865531921e-01, 9.098721420742e-06, 1.5863e+03, 2.0252e+01, 
 1DIAGNOSTIC,    64, -7.875502109528e-01, 8.592538506491e-06, 1.6068e+03, 2.0431e+01, 
 1DIAGNOSTIC,    65, -7.876045703888e-01, 8.127973160299e-06, 1.6272e+03, 2.0399e+01, 
 1DIAGNOSTIC,    66, -7.876615524292e-01, 7.686834578635e-06, 1.6476e+03, 2.0404e+01, 
 1DIAGNOSTIC,    67, -7.877116799355e-01, 7.269491106854e-06, 1.6678e+03, 2.0277e+01, 
 1DIAGNOSTIC,    68, -7.877563238144e-01, 6.854842467874e-06, 1.6881e+03, 2.0208e+01, 
 1DIAGNOSTIC,    69, -7.878041267395e-01, 6.461065822805e-06, 1.7081e+03, 2.0036e+01, 
 1DIAGNOSTIC,    70, -7.878459095955e-01, 6.093080173741e-06, 1.7287e+03, 2.0606e+01, 
XXDIAGNOSTIC,Iteration,metricValue,convergenceValue,ITERATION_TIME_INDEX,SINCE_LAST
 1DIAGNOSTIC,     1, -4.725079536438e-01, inf, 1.8939e+03, 1.6518e+02, 
 1DIAGNOSTIC,     2, -4.733094573021e-01, inf, 2.0582e+03, 1.6432e+02, 
 1DIAGNOSTIC,     3, -4.746449291706e-01, inf, 2.2247e+03, 1.6653e+02, 
 1DIAGNOSTIC,     4, -4.763730168343e-01, inf, 2.3909e+03, 1.6618e+02, 
 1DIAGNOSTIC,     5, -4.782135486603e-01, inf, 2.5545e+03, 1.6356e+02, 
 1DIAGNOSTIC,     6, -4.799424409866e-01, inf, 2.7190e+03, 1.6455e+02, 
 1DIAGNOSTIC,     7, -4.816467761993e-01, inf, 2.8828e+03, 1.6372e+02, 
 1DIAGNOSTIC,     8, -4.832511842251e-01, inf, 3.0469e+03, 1.6420e+02, 
 1DIAGNOSTIC,     9, -4.847661256790e-01, inf, 3.2126e+03, 1.6562e+02, 
 1DIAGNOSTIC,    10, -4.862257540226e-01, 1.932169659995e-03, 3.3798e+03, 1.6720e+02, 
 1DIAGNOSTIC,    11, -4.875868558884e-01, 1.775457989424e-03, 3.5488e+03, 1.6899e+02, 
 1DIAGNOSTIC,    12, -4.888405501842e-01, 1.586233382113e-03, 3.7150e+03, 1.6624e+02, 
 1DIAGNOSTIC,    13, -4.899680316448e-01, 1.393879181705e-03, 3.8822e+03, 1.6719e+02, 
 1DIAGNOSTIC,    14, -4.908991158009e-01, 1.213562674820e-03, 4.0492e+03, 1.6703e+02, 
 1DIAGNOSTIC,    15, -4.918914437294e-01, 1.057116198353e-03, 4.2166e+03, 1.6738e+02, 
 1DIAGNOSTIC,    16, -4.926924705505e-01, 9.154955041595e-04, 4.3845e+03, 1.6794e+02, 
 1DIAGNOSTIC,    17, -4.935261905193e-01, 7.934111636132e-04, 4.5539e+03, 1.6934e+02, 
 1DIAGNOSTIC,    18, -4.943578243256e-01, 6.904972833581e-04, 4.7204e+03, 1.6650e+02, 
 1DIAGNOSTIC,    19, -4.951715767384e-01, 6.057358696125e-04, 4.8872e+03, 1.6678e+02, 
 1DIAGNOSTIC,    20, -4.959578514099e-01, 5.384013638832e-04, 5.0514e+03, 1.6426e+02, 
  Elapsed time (stage 2): 5053


Total elapsed time: 5085
Using single precision for computations.
Input scalar image: /home/mpib/nemecz/Projects/miniTRK/Results/01_MRI/GroupTempl/T1w/T_template0sub-526477_T1wRepaired.nii.gz
Reference image: /home/mpib/nemecz/Projects/miniTRK/Results/01_MRI/GroupTempl/T1w/T_template0.nii.gz
=============================================================================
The composite transform comprises the following transforms (in order): 
  1. /home/mpib/nemecz/Projects/miniTRK/Results/01_MRI/GroupTempl/T1w/T_sub-526477_T1w150GenericAffine.mat (type = AffineTransform)
  2. /home/mpib/nemecz/Projects/miniTRK/Results/01_MRI/GroupTempl/T1w/T_sub-526477_T1w151Warp.nii.gz (type = DisplacementFieldTransform)
=============================================================================
Default pixel value: 0
Interpolation type: LinearInterpolateImageFunction
Output warped image: /home/mpib/nemecz/Projects/miniTRK/Results/01_MRI/GroupTempl/T1w/T_template0sub-526477_T1w15WarpedToTemplate.nii.gz
