
Running N4 for 3-dimensional images.

Mask not read.  Using the entire image as the mask.

Original intensity range:  [0, 994]

***********************************************************
Warning:  Your input image contains nonpositive values
which could cause failure or problematic results.  A
possible workaround would be to:
   1. rescale your image to positive values e.g., [10,100].
   2. run N4 on your rescaled image.
   3. (optional) rescale the N4 output to the original
      intensity range.
***********************************************************

Specified spline distance: 200mm
  original image size:  [192, 256, 256]
  padded image size:  [201, 401, 401]
  number of control points:  [4, 5, 5]

Current level = 1
  Iteration 1 (of 50).   Current convergence value = 0.000142981 (threshold = 1e-08)
  Iteration 2 (of 50).   Current convergence value = 0.00010713 (threshold = 1e-08)
  Iteration 3 (of 50).   Current convergence value = 8.82846e-05 (threshold = 1e-08)
  Iteration 4 (of 50).   Current convergence value = 8.648e-05 (threshold = 1e-08)
  Iteration 5 (of 50).   Current convergence value = 8.83463e-05 (threshold = 1e-08)
  Iteration 6 (of 50).   Current convergence value = 9.03821e-05 (threshold = 1e-08)
  Iteration 7 (of 50).   Current convergence value = 9.27011e-05 (threshold = 1e-08)
  Iteration 8 (of 50).   Current convergence value = 9.45436e-05 (threshold = 1e-08)
  Iteration 9 (of 50).   Current convergence value = 9.5868e-05 (threshold = 1e-08)
  Iteration 10 (of 50).   Current convergence value = 9.65353e-05 (threshold = 1e-08)
  Iteration 11 (of 50).   Current convergence value = 9.6644e-05 (threshold = 1e-08)
  Iteration 12 (of 50).   Current convergence value = 9.60511e-05 (threshold = 1e-08)
  Iteration 13 (of 50).   Current convergence value = 9.51707e-05 (threshold = 1e-08)
  Iteration 14 (of 50).   Current convergence value = 9.39231e-05 (threshold = 1e-08)
  Iteration 15 (of 50).   Current convergence value = 9.26572e-05 (threshold = 1e-08)
  Iteration 16 (of 50).   Current convergence value = 9.13727e-05 (threshold = 1e-08)
  Iteration 17 (of 50).   Current convergence value = 9.00896e-05 (threshold = 1e-08)
  Iteration 18 (of 50).   Current convergence value = 8.88352e-05 (threshold = 1e-08)
  Iteration 19 (of 50).   Current convergence value = 8.74789e-05 (threshold = 1e-08)
  Iteration 20 (of 50).   Current convergence value = 8.61322e-05 (threshold = 1e-08)
  Iteration 21 (of 50).   Current convergence value = 8.48321e-05 (threshold = 1e-08)
  Iteration 22 (of 50).   Current convergence value = 8.33191e-05 (threshold = 1e-08)
  Iteration 23 (of 50).   Current convergence value = 8.1859e-05 (threshold = 1e-08)
  Iteration 24 (of 50).   Current convergence value = 8.06251e-05 (threshold = 1e-08)
  Iteration 25 (of 50).   Current convergence value = 7.91139e-05 (threshold = 1e-08)
  Iteration 26 (of 50).   Current convergence value = 7.76153e-05 (threshold = 1e-08)
  Iteration 27 (of 50).   Current convergence value = 7.64148e-05 (threshold = 1e-08)
  Iteration 28 (of 50).   Current convergence value = 7.51412e-05 (threshold = 1e-08)
  Iteration 29 (of 50).   Current convergence value = 7.39264e-05 (threshold = 1e-08)
  Iteration 30 (of 50).   Current convergence value = 7.26507e-05 (threshold = 1e-08)
  Iteration 31 (of 50).   Current convergence value = 7.16589e-05 (threshold = 1e-08)
  Iteration 32 (of 50).   Current convergence value = 7.02483e-05 (threshold = 1e-08)
  Iteration 33 (of 50).   Current convergence value = 6.9108e-05 (threshold = 1e-08)
  Iteration 34 (of 50).   Current convergence value = 6.80309e-05 (threshold = 1e-08)
  Iteration 35 (of 50).   Current convergence value = 6.68874e-05 (threshold = 1e-08)
  Iteration 36 (of 50).   Current convergence value = 6.58749e-05 (threshold = 1e-08)
  Iteration 37 (of 50).   Current convergence value = 6.47532e-05 (threshold = 1e-08)
  Iteration 38 (of 50).   Current convergence value = 6.36818e-05 (threshold = 1e-08)
  Iteration 39 (of 50).   Current convergence value = 6.27829e-05 (threshold = 1e-08)
  Iteration 40 (of 50).   Current convergence value = 6.17152e-05 (threshold = 1e-08)
  Iteration 41 (of 50).   Current convergence value = 6.07447e-05 (threshold = 1e-08)
  Iteration 42 (of 50).   Current convergence value = 5.98171e-05 (threshold = 1e-08)
  Iteration 43 (of 50).   Current convergence value = 5.8802e-05 (threshold = 1e-08)
  Iteration 44 (of 50).   Current convergence value = 5.8081e-05 (threshold = 1e-08)
  Iteration 45 (of 50).   Current convergence value = 5.71619e-05 (threshold = 1e-08)
  Iteration 46 (of 50).   Current convergence value = 5.62134e-05 (threshold = 1e-08)
  Iteration 47 (of 50).   Current convergence value = 5.53182e-05 (threshold = 1e-08)
  Iteration 48 (of 50).   Current convergence value = 5.45315e-05 (threshold = 1e-08)
  Iteration 49 (of 50).   Current convergence value = 5.37107e-05 (threshold = 1e-08)
  Iteration 50 (of 50).   Current convergence value = 5.30026e-05 (threshold = 1e-08)
Current level = 2
  Iteration 1 (of 50).   Current convergence value = 0.000296654 (threshold = 1e-08)
  Iteration 2 (of 50).   Current convergence value = 0.000238343 (threshold = 1e-08)
  Iteration 3 (of 50).   Current convergence value = 0.000195442 (threshold = 1e-08)
  Iteration 4 (of 50).   Current convergence value = 0.000170195 (threshold = 1e-08)
  Iteration 5 (of 50).   Current convergence value = 0.000158056 (threshold = 1e-08)
  Iteration 6 (of 50).   Current convergence value = 0.000156334 (threshold = 1e-08)
  Iteration 7 (of 50).   Current convergence value = 0.000149975 (threshold = 1e-08)
  Iteration 8 (of 50).   Current convergence value = 0.000137091 (threshold = 1e-08)
  Iteration 9 (of 50).   Current convergence value = 0.000125485 (threshold = 1e-08)
  Iteration 10 (of 50).   Current convergence value = 0.000114639 (threshold = 1e-08)
  Iteration 11 (of 50).   Current convergence value = 0.000105926 (threshold = 1e-08)
  Iteration 12 (of 50).   Current convergence value = 9.8773e-05 (threshold = 1e-08)
  Iteration 13 (of 50).   Current convergence value = 0.000101004 (threshold = 1e-08)
  Iteration 14 (of 50).   Current convergence value = 0.000104314 (threshold = 1e-08)
  Iteration 15 (of 50).   Current convergence value = 0.000107741 (threshold = 1e-08)
  Iteration 16 (of 50).   Current convergence value = 0.00011114 (threshold = 1e-08)
  Iteration 17 (of 50).   Current convergence value = 0.000114293 (threshold = 1e-08)
  Iteration 18 (of 50).   Current convergence value = 0.000117406 (threshold = 1e-08)
  Iteration 19 (of 50).   Current convergence value = 0.000120407 (threshold = 1e-08)
  Iteration 20 (of 50).   Current convergence value = 0.000123013 (threshold = 1e-08)
  Iteration 21 (of 50).   Current convergence value = 0.000125525 (threshold = 1e-08)
  Iteration 22 (of 50).   Current convergence value = 0.000127712 (threshold = 1e-08)
  Iteration 23 (of 50).   Current convergence value = 0.000129813 (threshold = 1e-08)
  Iteration 24 (of 50).   Current convergence value = 0.000131584 (threshold = 1e-08)
  Iteration 25 (of 50).   Current convergence value = 0.000133221 (threshold = 1e-08)
  Iteration 26 (of 50).   Current convergence value = 0.000134535 (threshold = 1e-08)
  Iteration 27 (of 50).   Current convergence value = 0.000136294 (threshold = 1e-08)
  Iteration 28 (of 50).   Current convergence value = 0.000140376 (threshold = 1e-08)
  Iteration 29 (of 50).   Current convergence value = 0.000142984 (threshold = 1e-08)
  Iteration 30 (of 50).   Current convergence value = 0.000144733 (threshold = 1e-08)
  Iteration 31 (of 50).   Current convergence value = 0.000146013 (threshold = 1e-08)
  Iteration 32 (of 50).   Current convergence value = 0.000146662 (threshold = 1e-08)
  Iteration 33 (of 50).   Current convergence value = 0.000146771 (threshold = 1e-08)
  Iteration 34 (of 50).   Current convergence value = 0.000146425 (threshold = 1e-08)
  Iteration 35 (of 50).   Current convergence value = 0.000145775 (threshold = 1e-08)
  Iteration 36 (of 50).   Current convergence value = 0.000144934 (threshold = 1e-08)
  Iteration 37 (of 50).   Current convergence value = 0.000144108 (threshold = 1e-08)
  Iteration 38 (of 50).   Current convergence value = 0.000142915 (threshold = 1e-08)
  Iteration 39 (of 50).   Current convergence value = 0.000141811 (threshold = 1e-08)
  Iteration 40 (of 50).   Current convergence value = 0.000140699 (threshold = 1e-08)
  Iteration 41 (of 50).   Current convergence value = 0.000139638 (threshold = 1e-08)
  Iteration 42 (of 50).   Current convergence value = 0.000138394 (threshold = 1e-08)
  Iteration 43 (of 50).   Current convergence value = 0.000137097 (threshold = 1e-08)
  Iteration 44 (of 50).   Current convergence value = 0.000135963 (threshold = 1e-08)
  Iteration 45 (of 50).   Current convergence value = 0.000135006 (threshold = 1e-08)
  Iteration 46 (of 50).   Current convergence value = 0.000134173 (threshold = 1e-08)
  Iteration 47 (of 50).   Current convergence value = 0.000133085 (threshold = 1e-08)
  Iteration 48 (of 50).   Current convergence value = 0.000132135 (threshold = 1e-08)
  Iteration 49 (of 50).   Current convergence value = 0.000131331 (threshold = 1e-08)
  Iteration 50 (of 50).   Current convergence value = 0.000130772 (threshold = 1e-08)
Current level = 3
  Iteration 1 (of 40).   Current convergence value = 0.000731476 (threshold = 1e-08)
  Iteration 2 (of 40).   Current convergence value = 0.000640377 (threshold = 1e-08)
  Iteration 3 (of 40).   Current convergence value = 0.000591326 (threshold = 1e-08)
  Iteration 4 (of 40).   Current convergence value = 0.000560704 (threshold = 1e-08)
  Iteration 5 (of 40).   Current convergence value = 0.00054223 (threshold = 1e-08)
  Iteration 6 (of 40).   Current convergence value = 0.000533005 (threshold = 1e-08)
  Iteration 7 (of 40).   Current convergence value = 0.000529239 (threshold = 1e-08)
  Iteration 8 (of 40).   Current convergence value = 0.000529708 (threshold = 1e-08)
  Iteration 9 (of 40).   Current convergence value = 0.000534538 (threshold = 1e-08)
  Iteration 10 (of 40).   Current convergence value = 0.000542125 (threshold = 1e-08)
  Iteration 11 (of 40).   Current convergence value = 0.000550535 (threshold = 1e-08)
  Iteration 12 (of 40).   Current convergence value = 0.000559185 (threshold = 1e-08)
  Iteration 13 (of 40).   Current convergence value = 0.000567328 (threshold = 1e-08)
  Iteration 14 (of 40).   Current convergence value = 0.000578675 (threshold = 1e-08)
  Iteration 15 (of 40).   Current convergence value = 0.000583439 (threshold = 1e-08)
  Iteration 16 (of 40).   Current convergence value = 0.000600472 (threshold = 1e-08)
  Iteration 17 (of 40).   Current convergence value = 0.000621351 (threshold = 1e-08)
  Iteration 18 (of 40).   Current convergence value = 0.000640496 (threshold = 1e-08)
  Iteration 19 (of 40).   Current convergence value = 0.000661058 (threshold = 1e-08)
  Iteration 20 (of 40).   Current convergence value = 0.000682555 (threshold = 1e-08)
  Iteration 21 (of 40).   Current convergence value = 0.000707579 (threshold = 1e-08)
  Iteration 22 (of 40).   Current convergence value = 0.000723275 (threshold = 1e-08)
  Iteration 23 (of 40).   Current convergence value = 0.00073321 (threshold = 1e-08)
  Iteration 24 (of 40).   Current convergence value = 0.000753971 (threshold = 1e-08)
  Iteration 25 (of 40).   Current convergence value = 0.000775253 (threshold = 1e-08)
  Iteration 26 (of 40).   Current convergence value = 0.000798055 (threshold = 1e-08)
  Iteration 27 (of 40).   Current convergence value = 0.000828114 (threshold = 1e-08)
  Iteration 28 (of 40).   Current convergence value = 0.000858122 (threshold = 1e-08)
  Iteration 29 (of 40).   Current convergence value = 0.000897965 (threshold = 1e-08)
  Iteration 30 (of 40).   Current convergence value = 0.00093219 (threshold = 1e-08)
  Iteration 31 (of 40).   Current convergence value = 0.000930515 (threshold = 1e-08)
  Iteration 32 (of 40).   Current convergence value = 0.000916029 (threshold = 1e-08)
  Iteration 33 (of 40).   Current convergence value = 0.000909234 (threshold = 1e-08)
  Iteration 34 (of 40).   Current convergence value = 0.000900808 (threshold = 1e-08)
  Iteration 35 (of 40).   Current convergence value = 0.000893125 (threshold = 1e-08)
  Iteration 36 (of 40).   Current convergence value = 0.000891532 (threshold = 1e-08)
  Iteration 37 (of 40).   Current convergence value = 0.000884341 (threshold = 1e-08)
  Iteration 38 (of 40).   Current convergence value = 0.000855503 (threshold = 1e-08)
  Iteration 39 (of 40).   Current convergence value = 0.000807115 (threshold = 1e-08)
  Iteration 40 (of 40).   Current convergence value = 0.000766998 (threshold = 1e-08)
Current level = 4
  Iteration 1 (of 30).   Current convergence value = 0.00215784 (threshold = 1e-08)
  Iteration 2 (of 30).   Current convergence value = 0.00184778 (threshold = 1e-08)
  Iteration 3 (of 30).   Current convergence value = 0.00169515 (threshold = 1e-08)
  Iteration 4 (of 30).   Current convergence value = 0.00158255 (threshold = 1e-08)
  Iteration 5 (of 30).   Current convergence value = 0.0014812 (threshold = 1e-08)
  Iteration 6 (of 30).   Current convergence value = 0.00138618 (threshold = 1e-08)
  Iteration 7 (of 30).   Current convergence value = 0.00127049 (threshold = 1e-08)
  Iteration 8 (of 30).   Current convergence value = 0.00120991 (threshold = 1e-08)
  Iteration 9 (of 30).   Current convergence value = 0.0011579 (threshold = 1e-08)
  Iteration 10 (of 30).   Current convergence value = 0.00111527 (threshold = 1e-08)
  Iteration 11 (of 30).   Current convergence value = 0.00107349 (threshold = 1e-08)
  Iteration 12 (of 30).   Current convergence value = 0.00103832 (threshold = 1e-08)
  Iteration 13 (of 30).   Current convergence value = 0.00100762 (threshold = 1e-08)
  Iteration 14 (of 30).   Current convergence value = 0.000977341 (threshold = 1e-08)
  Iteration 15 (of 30).   Current convergence value = 0.000986993 (threshold = 1e-08)
  Iteration 16 (of 30).   Current convergence value = 0.00120785 (threshold = 1e-08)
  Iteration 17 (of 30).   Current convergence value = 0.00132703 (threshold = 1e-08)
  Iteration 18 (of 30).   Current convergence value = 0.00141189 (threshold = 1e-08)
  Iteration 19 (of 30).   Current convergence value = 0.00147162 (threshold = 1e-08)
  Iteration 20 (of 30).   Current convergence value = 0.00139563 (threshold = 1e-08)
  Iteration 21 (of 30).   Current convergence value = 0.00132806 (threshold = 1e-08)
  Iteration 22 (of 30).   Current convergence value = 0.0012806 (threshold = 1e-08)
  Iteration 23 (of 30).   Current convergence value = 0.00124022 (threshold = 1e-08)
  Iteration 24 (of 30).   Current convergence value = 0.00121213 (threshold = 1e-08)
  Iteration 25 (of 30).   Current convergence value = 0.00123507 (threshold = 1e-08)
  Iteration 26 (of 30).   Current convergence value = 0.00125589 (threshold = 1e-08)
  Iteration 27 (of 30).   Current convergence value = 0.00127043 (threshold = 1e-08)
  Iteration 28 (of 30).   Current convergence value = 0.00128485 (threshold = 1e-08)
  Iteration 29 (of 30).   Current convergence value = 0.00129328 (threshold = 1e-08)
  Iteration 30 (of 30).   Current convergence value = 0.00129952 (threshold = 1e-08)
   N4BiasFieldCorrectionImageFilter (0x55a8dabcbe20)
     RTTI typeinfo:   itk::N4BiasFieldCorrectionImageFilter<itk::Image<float, 3u>, itk::Image<float, 3u>, itk::Image<float, 3u> >
     Reference Count: 1
     Modified Time: 565
     Debug: Off
     Object Name: 
     Observers: 
       IterationEvent(Command)
     Inputs: 
       ConfidenceImage: (0)
       MaskImage: (0x55a8dabf6520)
       Primary: (0x55a8dabf1950) *
     Indexed Inputs: 
       0: Primary (0x55a8dabf1950)
       1: MaskImage (0x55a8dabf6520)
       2: ConfidenceImage (0)
     Required Input Names: Primary
     NumberOfRequiredInputs: 1
     Outputs: 
       Primary: (0x55a8dabdbef0)
     Indexed Outputs: 
       0: Primary (0x55a8dabdbef0)
     NumberOfRequiredOutputs: 1
     Number Of Work Units: 32
     ReleaseDataFlag: Off
     ReleaseDataBeforeUpdateFlag: Off
     AbortGenerateData: Off
     Progress: 0
     Multithreader: 
       RTTI typeinfo:   itk::PoolMultiThreader
       Reference Count: 1
       Modified Time: 144
       Debug: Off
       Object Name: 
       Observers: 
         none
       Number of Work Units: 32
       Number of Threads: 8
       Global Maximum Number Of Threads: 128
       Global Default Number Of Threads: 8
       Global Default Threader Type: itk::MultiThreaderBaseEnums::Threader::Pool
       SingleMethod: 0
       SingleData: 0
     DynamicMultiThreading: On
     CoordinateTolerance: 1e-06
     DirectionTolerance: 1e-06
     Use Mask Label: 0
     Mask label: 1
     Number of histogram bins: 200
     Wiener filter noise: 0.01
     Bias field FWHM: 0.15
     Maximum number of iterations: [50, 50, 40, 30]
     Convergence threshold: 1e-08
     Spline order: 3
     Number of fitting levels: [4, 4, 4]
     Number of control points: [4, 5, 5]
     CurrentConvergenceMeasurement: 0.00129952
     CurrentLevel: 4
     ElapsedIterations: 31
     LogBiasFieldControlPointLattice: 
       Image (0x55a8e16d7a50)
         RTTI typeinfo:   itk::Image<itk::Vector<float, 1u>, 3u>
         Reference Count: 1
         Modified Time: 343560
         Debug: Off
         Object Name: 
         Observers: 
           none
         Source: (none)
         Source output name: (none)
         Release Data: Off
         Data Released: False
         Global Release Data: Off
         PipelineMTime: 0
         UpdateMTime: 0
         RealTimeStamp: 0 seconds 
         LargestPossibleRegion: 
           Dimension: 3
           Index: [0, 0, 0]
           Size: [11, 19, 19]
         BufferedRegion: 
           Dimension: 3
           Index: [0, 0, 0]
           Size: [11, 19, 19]
         RequestedRegion: 
           Dimension: 3
           Index: [0, 0, 0]
           Size: [11, 19, 19]
         Spacing: [24.75, 24.875, 24.875]
         Origin: [24.6694, 20.6993, -28.5141]
         Direction: 
-0.999997 0.00139142 0.00184665
-0.00108505 -0.98766 0.156609
0.00204177 0.156606 0.987659

         IndexToPointMatrix: 
-24.7499 0.0346116 0.0459354
-0.026855 -24.568 3.89565
0.0505338 3.89558 24.568

         PointToIndexMatrix: 
-0.0404039 -4.38405e-05 8.24958e-05
5.59365e-05 -0.0397049 0.00629574
7.42372e-05 0.00629582 0.0397049

         Inverse Direction: 
-0.999997 -0.00108505 0.00204177
0.00139142 -0.98766 0.156607
0.00184665 0.156608 0.987659

         PixelContainer: 
           ImportImageContainer (0x55a8e6b75b70)
             RTTI typeinfo:   itk::ImportImageContainer<unsigned long, itk::Vector<float, 1u> >
             Reference Count: 1
             Modified Time: 343561
             Debug: Off
             Object Name: 
             Observers: 
               none
             Pointer: 0x55a8e4d689d0
             Container manages memory: true
             Size: 3971
             Capacity: 3971
Elapsed time: 309.895
All_Command_lines_OK
Using single precision for computations.
=============================================================================
The composite transform comprises the following transforms (in order): 
  1. Center of mass alignment using fixed image: /home/mpib/nemecz/Projects/miniTRK/Results/01_MRI/GroupTempl/T1w/T_template0.nii.gz and moving image: /home/mpib/nemecz/Projects/miniTRK/Analysis/01_MRI/Preproc/GroupTempl/T1w/sub-766406_T1w.nii.gz (type = Euler3DTransform)
=============================================================================
  number of levels = 4
  number of levels = 4
  number of levels = 4
  fixed image: /home/mpib/nemecz/Projects/miniTRK/Results/01_MRI/GroupTempl/T1w/T_template0.nii.gz
  moving image: /home/mpib/nemecz/Projects/miniTRK/Results/01_MRI/GroupTempl/T1w/T_template0sub-766406_T1wRepaired.nii.gz
  fixed image: /home/mpib/nemecz/Projects/miniTRK/Results/01_MRI/GroupTempl/T1w/T_template0.nii.gz
  moving image: /home/mpib/nemecz/Projects/miniTRK/Results/01_MRI/GroupTempl/T1w/T_template0sub-766406_T1wRepaired.nii.gz
  fixed image: /home/mpib/nemecz/Projects/miniTRK/Results/01_MRI/GroupTempl/T1w/T_template0.nii.gz
  moving image: /home/mpib/nemecz/Projects/miniTRK/Results/01_MRI/GroupTempl/T1w/T_template0sub-766406_T1wRepaired.nii.gz
Dimension = 3
Number of stages = 3
Use Histogram Matching true
Winsorize image intensities true
Lower quantile = 0.01
Upper quantile = 0.99
Stage 1 State
   Image metric = Mattes
     Fixed image = Image (0x5622e5787ad0)
  RTTI typeinfo:   itk::Image<float, 3u>
  Reference Count: 2
  Modified Time: 1721
  Debug: Off
  Object Name: 
  Observers: 
    none
  Source: (none)
  Source output name: (none)
  Release Data: Off
  Data Released: False
  Global Release Data: Off
  PipelineMTime: 0
  UpdateMTime: 1506
  RealTimeStamp: 0 seconds 
  LargestPossibleRegion: 
    Dimension: 3
    Index: [0, 0, 0]
    Size: [192, 256, 256]
  BufferedRegion: 
    Dimension: 3
    Index: [0, 0, 0]
    Size: [192, 256, 256]
  RequestedRegion: 
    Dimension: 3
    Index: [0, 0, 0]
    Size: [192, 256, 256]
  Spacing: [1, 1, 1]
  Origin: [95.0313, 100.538, -154.123]
  Direction: 
-0.999853 -0.014134 -0.00966312
0.014129 -0.9999 0.000586045
-0.00967044 0.000449429 0.999953

  IndexToPointMatrix: 
-0.999853 -0.014134 -0.00966312
0.014129 -0.9999 0.000586045
-0.00967044 0.000449429 0.999953

  PointToIndexMatrix: 
-0.999853 0.014129 -0.00967044
-0.014134 -0.9999 0.000449429
-0.00966312 0.000586045 0.999953

  Inverse Direction: 
-0.999853 0.014129 -0.00967044
-0.014134 -0.9999 0.000449429
-0.00966312 0.000586045 0.999953

  PixelContainer: 
    ImportImageContainer (0x5622e578fc80)
      RTTI typeinfo:   itk::ImportImageContainer<unsigned long, float>
      Reference Count: 1
      Modified Time: 1503
      Debug: Off
      Object Name: 
      Observers: 
        none
      Pointer: 0x7fa800616010
      Container manages memory: true
      Size: 12582912
      Capacity: 12582912

     Moving image = Image (0x5622e5793e40)
  RTTI typeinfo:   itk::Image<float, 3u>
  Reference Count: 2
  Modified Time: 1722
  Debug: Off
  Object Name: 
  Observers: 
    none
  Source: (none)
  Source output name: (none)
  Release Data: Off
  Data Released: False
  Global Release Data: Off
  PipelineMTime: 0
  UpdateMTime: 1719
  RealTimeStamp: 0 seconds 
  LargestPossibleRegion: 
    Dimension: 3
    Index: [0, 0, 0]
    Size: [192, 256, 256]
  BufferedRegion: 
    Dimension: 3
    Index: [0, 0, 0]
    Size: [192, 256, 256]
  RequestedRegion: 
    Dimension: 3
    Index: [0, 0, 0]
    Size: [192, 256, 256]
  Spacing: [1, 1, 1]
  Origin: [93.1986, 80.3133, -166.595]
  Direction: 
-0.999997 0.00139142 0.00184665
-0.00108505 -0.98766 0.156609
0.00204177 0.156606 0.987659

  IndexToPointMatrix: 
-0.999997 0.00139142 0.00184665
-0.00108505 -0.98766 0.156609
0.00204177 0.156606 0.987659

  PointToIndexMatrix: 
-0.999997 -0.00108505 0.00204177
0.00139142 -0.98766 0.156606
0.00184665 0.156609 0.987659

  Inverse Direction: 
-0.999997 -0.00108505 0.00204177
0.00139142 -0.98766 0.156606
0.00184665 0.156609 0.987659

  PixelContainer: 
    ImportImageContainer (0x5622e578b2d0)
      RTTI typeinfo:   itk::ImportImageContainer<unsigned long, float>
      Reference Count: 1
      Modified Time: 1716
      Debug: Off
      Object Name: 
      Observers: 
        none
      Pointer: 0x7fa7fd615010
      Container manages memory: true
      Size: 12582912
      Capacity: 12582912

     Weighting = 1
     Sampling strategy = regular
     Number of bins = 32
     Radius = 4
     Sampling percentage  = 0.25
   Transform = Rigid
     Gradient step = 0.1
     Update field sigma (voxel space) = 0
     Total field sigma (voxel space) = 0
     Update field time sigma = 0
     Total field time sigma  = 0
     Number of time indices = 0
     Number of time point samples = 0
Stage 2 State
   Image metric = Mattes
     Fixed image = Image (0x5622e57a08d0)
  RTTI typeinfo:   itk::Image<float, 3u>
  Reference Count: 2
  Modified Time: 2149
  Debug: Off
  Object Name: 
  Observers: 
    none
  Source: (none)
  Source output name: (none)
  Release Data: Off
  Data Released: False
  Global Release Data: Off
  PipelineMTime: 0
  UpdateMTime: 1934
  RealTimeStamp: 0 seconds 
  LargestPossibleRegion: 
    Dimension: 3
    Index: [0, 0, 0]
    Size: [192, 256, 256]
  BufferedRegion: 
    Dimension: 3
    Index: [0, 0, 0]
    Size: [192, 256, 256]
  RequestedRegion: 
    Dimension: 3
    Index: [0, 0, 0]
    Size: [192, 256, 256]
  Spacing: [1, 1, 1]
  Origin: [95.0313, 100.538, -154.123]
  Direction: 
-0.999853 -0.014134 -0.00966312
0.014129 -0.9999 0.000586045
-0.00967044 0.000449429 0.999953

  IndexToPointMatrix: 
-0.999853 -0.014134 -0.00966312
0.014129 -0.9999 0.000586045
-0.00967044 0.000449429 0.999953

  PointToIndexMatrix: 
-0.999853 0.014129 -0.00967044
-0.014134 -0.9999 0.000449429
-0.00966312 0.000586045 0.999953

  Inverse Direction: 
-0.999853 0.014129 -0.00967044
-0.014134 -0.9999 0.000449429
-0.00966312 0.000586045 0.999953

  PixelContainer: 
    ImportImageContainer (0x5622e57906a0)
      RTTI typeinfo:   itk::ImportImageContainer<unsigned long, float>
      Reference Count: 1
      Modified Time: 1931
      Debug: Off
      Object Name: 
      Observers: 
        none
      Pointer: 0x7fa7fa614010
      Container manages memory: true
      Size: 12582912
      Capacity: 12582912

     Moving image = Image (0x5622e57a0530)
  RTTI typeinfo:   itk::Image<float, 3u>
  Reference Count: 2
  Modified Time: 2150
  Debug: Off
  Object Name: 
  Observers: 
    none
  Source: (none)
  Source output name: (none)
  Release Data: Off
  Data Released: False
  Global Release Data: Off
  PipelineMTime: 0
  UpdateMTime: 2147
  RealTimeStamp: 0 seconds 
  LargestPossibleRegion: 
    Dimension: 3
    Index: [0, 0, 0]
    Size: [192, 256, 256]
  BufferedRegion: 
    Dimension: 3
    Index: [0, 0, 0]
    Size: [192, 256, 256]
  RequestedRegion: 
    Dimension: 3
    Index: [0, 0, 0]
    Size: [192, 256, 256]
  Spacing: [1, 1, 1]
  Origin: [93.1986, 80.3133, -166.595]
  Direction: 
-0.999997 0.00139142 0.00184665
-0.00108505 -0.98766 0.156609
0.00204177 0.156606 0.987659

  IndexToPointMatrix: 
-0.999997 0.00139142 0.00184665
-0.00108505 -0.98766 0.156609
0.00204177 0.156606 0.987659

  PointToIndexMatrix: 
-0.999997 -0.00108505 0.00204177
0.00139142 -0.98766 0.156606
0.00184665 0.156609 0.987659

  Inverse Direction: 
-0.999997 -0.00108505 0.00204177
0.00139142 -0.98766 0.156606
0.00184665 0.156609 0.987659

  PixelContainer: 
    ImportImageContainer (0x5622e57a18a0)
      RTTI typeinfo:   itk::ImportImageContainer<unsigned long, float>
      Reference Count: 1
      Modified Time: 2144
      Debug: Off
      Object Name: 
      Observers: 
        none
      Pointer: 0x7fa7f7613010
      Container manages memory: true
      Size: 12582912
      Capacity: 12582912

     Weighting = 1
     Sampling strategy = regular
     Number of bins = 32
     Radius = 4
     Sampling percentage  = 0.25
   Transform = Affine
     Gradient step = 0.1
     Update field sigma (voxel space) = 0
     Total field sigma (voxel space) = 0
     Update field time sigma = 0
     Total field time sigma  = 0
     Number of time indices = 0
     Number of time point samples = 0
Stage 3 State
   Image metric = CC
     Fixed image = Image (0x5622e57a7a00)
  RTTI typeinfo:   itk::Image<float, 3u>
  Reference Count: 2
  Modified Time: 2577
  Debug: Off
  Object Name: 
  Observers: 
    none
  Source: (none)
  Source output name: (none)
  Release Data: Off
  Data Released: False
  Global Release Data: Off
  PipelineMTime: 0
  UpdateMTime: 2362
  RealTimeStamp: 0 seconds 
  LargestPossibleRegion: 
    Dimension: 3
    Index: [0, 0, 0]
    Size: [192, 256, 256]
  BufferedRegion: 
    Dimension: 3
    Index: [0, 0, 0]
    Size: [192, 256, 256]
  RequestedRegion: 
    Dimension: 3
    Index: [0, 0, 0]
    Size: [192, 256, 256]
  Spacing: [1, 1, 1]
  Origin: [95.0313, 100.538, -154.123]
  Direction: 
-0.999853 -0.014134 -0.00966312
0.014129 -0.9999 0.000586045
-0.00967044 0.000449429 0.999953

  IndexToPointMatrix: 
-0.999853 -0.014134 -0.00966312
0.014129 -0.9999 0.000586045
-0.00967044 0.000449429 0.999953

  PointToIndexMatrix: 
-0.999853 0.014129 -0.00967044
-0.014134 -0.9999 0.000449429
-0.00966312 0.000586045 0.999953

  Inverse Direction: 
-0.999853 0.014129 -0.00967044
-0.014134 -0.9999 0.000449429
-0.00966312 0.000586045 0.999953

  PixelContainer: 
    ImportImageContainer (0x5622e5789b50)
      RTTI typeinfo:   itk::ImportImageContainer<unsigned long, float>
      Reference Count: 1
      Modified Time: 2359
      Debug: Off
      Object Name: 
      Observers: 
        none
      Pointer: 0x7fa7f4612010
      Container manages memory: true
      Size: 12582912
      Capacity: 12582912

     Moving image = Image (0x5622e57a4d50)
  RTTI typeinfo:   itk::Image<float, 3u>
  Reference Count: 2
  Modified Time: 2578
  Debug: Off
  Object Name: 
  Observers: 
    none
  Source: (none)
  Source output name: (none)
  Release Data: Off
  Data Released: False
  Global Release Data: Off
  PipelineMTime: 0
  UpdateMTime: 2575
  RealTimeStamp: 0 seconds 
  LargestPossibleRegion: 
    Dimension: 3
    Index: [0, 0, 0]
    Size: [192, 256, 256]
  BufferedRegion: 
    Dimension: 3
    Index: [0, 0, 0]
    Size: [192, 256, 256]
  RequestedRegion: 
    Dimension: 3
    Index: [0, 0, 0]
    Size: [192, 256, 256]
  Spacing: [1, 1, 1]
  Origin: [93.1986, 80.3133, -166.595]
  Direction: 
-0.999997 0.00139142 0.00184665
-0.00108505 -0.98766 0.156609
0.00204177 0.156606 0.987659

  IndexToPointMatrix: 
-0.999997 0.00139142 0.00184665
-0.00108505 -0.98766 0.156609
0.00204177 0.156606 0.987659

  PointToIndexMatrix: 
-0.999997 -0.00108505 0.00204177
0.00139142 -0.98766 0.156606
0.00184665 0.156609 0.987659

  Inverse Direction: 
-0.999997 -0.00108505 0.00204177
0.00139142 -0.98766 0.156606
0.00184665 0.156609 0.987659

  PixelContainer: 
    ImportImageContainer (0x5622e57a3b00)
      RTTI typeinfo:   itk::ImportImageContainer<unsigned long, float>
      Reference Count: 1
      Modified Time: 2572
      Debug: Off
      Object Name: 
      Observers: 
        none
      Pointer: 0x7fa7f1611010
      Container manages memory: true
      Size: 12582912
      Capacity: 12582912

     Weighting = 1
     Sampling strategy = none
     Number of bins = 32
     Radius = 4
     Sampling percentage  = 1
   Transform = SyN
     Gradient step = 0.1
     Update field sigma (voxel space) = 3
     Total field sigma (voxel space) = 0
     Update field time sigma = 0
     Total field time sigma  = 0
     Number of time indices = 0
     Number of time point samples = 0
Registration using 3 total stages.

Stage 0
  iterations = 1000x500x250x0
  convergence threshold = 1e-06
  convergence window size = 10
  number of levels = 4
  using the Mattes MI metric (number of bins = 32, weight = 1)
  preprocessing:  winsorizing the image intensities
  preprocessing:  histogram matching the images
  Shrink factors (level 1 out of 4): [6, 6, 6]
  Shrink factors (level 2 out of 4): [4, 4, 4]
  Shrink factors (level 3 out of 4): [2, 2, 2]
  Shrink factors (level 4 out of 4): [1, 1, 1]
  smoothing sigmas per level: [4, 2, 1, 0]
  regular sampling (percentage = 0.25)

*** Running Euler3DTransform registration ***

DIAGNOSTIC,Iteration,metricValue,convergenceValue,ITERATION_TIME_INDEX,SINCE_LAST
 2DIAGNOSTIC,     1, -7.246891856194e-01, inf, 8.5022e-01, 8.5022e-01, 
 2DIAGNOSTIC,     2, -7.297888398170e-01, inf, 8.6476e-01, 1.4541e-02, 
 2DIAGNOSTIC,     3, -7.387231588364e-01, inf, 8.7526e-01, 1.0502e-02, 
 2DIAGNOSTIC,     4, -7.542073726654e-01, inf, 8.8575e-01, 1.0481e-02, 
 2DIAGNOSTIC,     5, -7.803258895874e-01, inf, 8.9526e-01, 9.5170e-03, 
 2DIAGNOSTIC,     6, -8.174134492874e-01, inf, 9.0548e-01, 1.0215e-02, 
 2DIAGNOSTIC,     7, -8.578122854233e-01, inf, 9.1554e-01, 1.0059e-02, 
 2DIAGNOSTIC,     8, -8.764790296555e-01, inf, 9.2803e-01, 1.2497e-02, 
 2DIAGNOSTIC,     9, -8.826152682304e-01, inf, 9.4074e-01, 1.2709e-02, 
 2DIAGNOSTIC,    10, -8.847078680992e-01, 1.571150124073e-02, 9.5294e-01, 1.2202e-02, 
 2DIAGNOSTIC,    11, -8.864264488220e-01, 1.355274394155e-02, 9.6378e-01, 1.0835e-02, 
 2DIAGNOSTIC,    12, -8.881988525391e-01, 1.076169870794e-02, 9.7443e-01, 1.0654e-02, 
 2DIAGNOSTIC,    13, -8.900812864304e-01, 7.753931451589e-03, 9.8530e-01, 1.0864e-02, 
 2DIAGNOSTIC,    14, -8.951062560081e-01, 5.012095905840e-03, 9.9848e-01, 1.3181e-02, 
 2DIAGNOSTIC,    15, -8.951519131660e-01, 2.792995655909e-03, 1.0105e+00, 1.1988e-02, 
 2DIAGNOSTIC,    16, -8.956469297409e-01, 1.396263134666e-03, 1.0251e+00, 1.4659e-02, 
 2DIAGNOSTIC,    17, -8.963840603828e-01, 8.566798642278e-04, 1.0369e+00, 1.1820e-02, 
 2DIAGNOSTIC,    18, -8.984072208405e-01, 6.854922976345e-04, 1.0473e+00, 1.0327e-02, 
 2DIAGNOSTIC,    19, -9.015646576881e-01, 6.317852530628e-04, 1.0609e+00, 1.3580e-02, 
 2DIAGNOSTIC,    20, -9.017961621284e-01, 5.630637751892e-04, 1.0721e+00, 1.1229e-02, 
 2DIAGNOSTIC,    21, -9.018680453300e-01, 4.792515828740e-04, 1.0833e+00, 1.1192e-02, 
 2DIAGNOSTIC,    22, -9.018820524216e-01, 3.865767212119e-04, 1.0948e+00, 1.1525e-02, 
 2DIAGNOSTIC,    23, -9.018479585648e-01, 2.905146393459e-04, 1.1075e+00, 1.2653e-02, 
 2DIAGNOSTIC,    24, -9.017868041992e-01, 2.437110233586e-04, 1.1191e+00, 1.1644e-02, 
 2DIAGNOSTIC,    25, -9.017615914345e-01, 1.785692438716e-04, 1.1292e+00, 1.0147e-02, 
 2DIAGNOSTIC,    26, -9.017428755760e-01, 1.087340788217e-04, 1.1392e+00, 9.9139e-03, 
 2DIAGNOSTIC,    27, -9.017953872681e-01, 4.361573883216e-05, 1.1490e+00, 9.8090e-03, 
 2DIAGNOSTIC,    28, -9.018229246140e-01, 2.398197011644e-06, 1.1603e+00, 1.1353e-02, 
DIAGNOSTIC,Iteration,metricValue,convergenceValue,ITERATION_TIME_INDEX,SINCE_LAST
 2DIAGNOSTIC,     1, -6.972059607506e-01, inf, 1.9289e+00, 7.6854e-01, 
 2DIAGNOSTIC,     2, -6.973943710327e-01, inf, 1.9665e+00, 3.7649e-02, 
 2DIAGNOSTIC,     3, -6.976640820503e-01, inf, 2.0042e+00, 3.7643e-02, 
 2DIAGNOSTIC,     4, -6.982061266899e-01, inf, 2.0427e+00, 3.8530e-02, 
 2DIAGNOSTIC,     5, -6.989552974701e-01, inf, 2.0813e+00, 3.8585e-02, 
 2DIAGNOSTIC,     6, -6.997899413109e-01, inf, 2.1191e+00, 3.7794e-02, 
 2DIAGNOSTIC,     7, -7.010879516602e-01, inf, 2.1682e+00, 4.9142e-02, 
 2DIAGNOSTIC,     8, -7.011739611626e-01, inf, 2.2271e+00, 5.8892e-02, 
 2DIAGNOSTIC,     9, -7.012167572975e-01, inf, 2.2649e+00, 3.7813e-02, 
 2DIAGNOSTIC,    10, -7.013028860092e-01, 4.657755489461e-04, 2.3083e+00, 4.3428e-02, 
 2DIAGNOSTIC,    11, -7.013645172119e-01, 3.911707317457e-04, 2.3460e+00, 3.7706e-02, 
 2DIAGNOSTIC,    12, -7.013810873032e-01, 3.006740007550e-04, 2.3879e+00, 4.1846e-02, 
 2DIAGNOSTIC,    13, -7.014279961586e-01, 2.071876224363e-04, 2.4299e+00, 4.1995e-02, 
 2DIAGNOSTIC,    14, -7.014454007149e-01, 1.249555061804e-04, 2.4677e+00, 3.7821e-02, 
 2DIAGNOSTIC,    15, -7.014623284340e-01, 6.301808753051e-05, 2.5164e+00, 4.8742e-02, 
 2DIAGNOSTIC,    16, -7.014836072922e-01, 2.404458609817e-05, 2.5844e+00, 6.7990e-02, 
 2DIAGNOSTIC,    17, -7.014878988266e-01, 1.869463449111e-05, 2.6296e+00, 4.5134e-02, 
 2DIAGNOSTIC,    18, -7.014825940132e-01, 1.421295019099e-05, 2.6701e+00, 4.0498e-02, 
 2DIAGNOSTIC,    19, -7.014712095261e-01, 9.690984370536e-06, 2.7106e+00, 4.0566e-02, 
 2DIAGNOSTIC,    20, -7.014669179916e-01, 6.519294402096e-06, 2.7482e+00, 3.7530e-02, 
 2DIAGNOSTIC,    21, -7.014724612236e-01, 4.485877525440e-06, 2.7913e+00, 4.3179e-02, 
 2DIAGNOSTIC,    22, -7.014687061310e-01, 2.571120603534e-06, 2.8295e+00, 3.8184e-02, 
 2DIAGNOSTIC,    23, -7.014680504799e-01, 1.538645733490e-06, 2.8842e+00, 5.4705e-02, 
DIAGNOSTIC,Iteration,metricValue,convergenceValue,ITERATION_TIME_INDEX,SINCE_LAST
 2DIAGNOSTIC,     1, -6.216815114021e-01, inf, 4.1855e+00, 1.3013e+00, 
 2DIAGNOSTIC,     2, -6.217544078827e-01, inf, 4.4146e+00, 2.2912e-01, 
 2DIAGNOSTIC,     3, -6.218742728233e-01, inf, 4.6379e+00, 2.2330e-01, 
 2DIAGNOSTIC,     4, -6.219925880432e-01, inf, 4.8628e+00, 2.2485e-01, 
 2DIAGNOSTIC,     5, -6.220286488533e-01, inf, 5.1303e+00, 2.6756e-01, 
 2DIAGNOSTIC,     6, -6.221354007721e-01, inf, 5.5593e+00, 4.2894e-01, 
 2DIAGNOSTIC,     7, -6.221317648888e-01, inf, 5.8203e+00, 2.6105e-01, 
 2DIAGNOSTIC,     8, -6.221258640289e-01, inf, 6.0796e+00, 2.5932e-01, 
 2DIAGNOSTIC,     9, -6.221233010292e-01, inf, 6.3384e+00, 2.5880e-01, 
 2DIAGNOSTIC,    10, -6.221184730530e-01, 4.971936141374e-05, 6.7475e+00, 4.0909e-01, 
 2DIAGNOSTIC,    11, -6.221195459366e-01, 3.259302684455e-05, 7.0050e+00, 2.5748e-01, 
 2DIAGNOSTIC,    12, -6.221197843552e-01, 1.837197305576e-05, 7.4340e+00, 4.2904e-01, 
 2DIAGNOSTIC,    13, -6.221198439598e-01, 9.093660992221e-06, 7.6820e+00, 2.4798e-01, 
 2DIAGNOSTIC,    14, -6.221197843552e-01, 4.406410425872e-06, 7.9898e+00, 3.0777e-01, 
 2DIAGNOSTIC,    15, -6.221197247505e-01, 1.151310812020e-06, 8.2367e+00, 2.4692e-01, 
 2DIAGNOSTIC,    16, -6.221196651459e-01, 1.438573235646e-06, 8.4974e+00, 2.6068e-01, 
 2DIAGNOSTIC,    17, -6.221196055412e-01, 1.644709186621e-06, 8.7691e+00, 2.7173e-01, 
 2DIAGNOSTIC,    18, -6.221195459366e-01, 1.698375740489e-06, 9.0809e+00, 3.1182e-01, 
 2DIAGNOSTIC,    19, -6.221194863319e-01, 1.693483568488e-06, 9.3730e+00, 2.9210e-01, 
 2DIAGNOSTIC,    20, -6.221194863319e-01, 1.576431941430e-06, 9.6410e+00, 2.6800e-01, 
 2DIAGNOSTIC,    21, -6.221194863319e-01, 1.495036713095e-06, 9.8841e+00, 2.4301e-01, 
 2DIAGNOSTIC,    22, -6.221194863319e-01, 1.427787083230e-06, 1.0124e+01, 2.4021e-01, 
 2DIAGNOSTIC,    23, -6.221194863319e-01, 1.369306346533e-06, 1.0372e+01, 2.4793e-01, 
 2DIAGNOSTIC,    24, -6.221195459366e-01, 1.317021656178e-06, 1.0612e+01, 2.4007e-01, 
 2DIAGNOSTIC,    25, -6.221195459366e-01, 1.268602204618e-06, 1.0856e+01, 2.4352e-01, 
 2DIAGNOSTIC,    26, -6.221195459366e-01, 1.223239678438e-06, 1.1106e+01, 2.5023e-01, 
 2DIAGNOSTIC,    27, -6.221194267273e-01, 1.178274374070e-06, 1.1363e+01, 2.5661e-01, 
 2DIAGNOSTIC,    28, -6.221194267273e-01, 1.135624302151e-06, 1.1620e+01, 2.5703e-01, 
 2DIAGNOSTIC,    29, -6.221194267273e-01, 1.094987965189e-06, 1.1846e+01, 2.2644e-01, 
 2DIAGNOSTIC,    30, -6.221194863319e-01, 1.058122734321e-06, 1.2099e+01, 2.5333e-01, 
 2DIAGNOSTIC,    31, -6.221194267273e-01, 1.022969172482e-06, 1.2345e+01, 2.4550e-01, 
DIAGNOSTIC,Iteration,metricValue,convergenceValue,ITERATION_TIME_INDEX,SINCE_LAST
 2DIAGNOSTIC,     1, -5.629447698593e-01, inf, 1.5141e+01, 2.7965e+00, 
  Elapsed time (stage 0): 1.6298e+01


Stage 1
  iterations = 1000x500x250x0
  convergence threshold = 1.0000e-06
  convergence window size = 10
  number of levels = 4
  using the Mattes MI metric (number of bins = 32, weight = 1.0000e+00)
  preprocessing:  winsorizing the image intensities
  preprocessing:  histogram matching the images
  Shrink factors (level 1 out of 4): [6, 6, 6]
  Shrink factors (level 2 out of 4): [4, 4, 4]
  Shrink factors (level 3 out of 4): [2, 2, 2]
  Shrink factors (level 4 out of 4): [1, 1, 1]
  smoothing sigmas per level: [4, 2, 1, 0]
  regular sampling (percentage = 2.5000e-01)

*** Running AffineTransform registration ***

DIAGNOSTIC,Iteration,metricValue,convergenceValue,ITERATION_TIME_INDEX,SINCE_LAST
 2DIAGNOSTIC,     1, -8.878682255745e-01, inf, 8.6589e-01, 8.6589e-01, 
 2DIAGNOSTIC,     2, -8.914097547531e-01, inf, 8.7693e-01, 1.1038e-02, 
 2DIAGNOSTIC,     3, -8.972652554512e-01, inf, 8.8808e-01, 1.1153e-02, 
 2DIAGNOSTIC,     4, -9.067531824112e-01, inf, 8.9969e-01, 1.1604e-02, 
 2DIAGNOSTIC,     5, -9.223339557648e-01, inf, 9.1109e-01, 1.1404e-02, 
 2DIAGNOSTIC,     6, -9.474002122879e-01, inf, 9.2278e-01, 1.1692e-02, 
 2DIAGNOSTIC,     7, -9.857100248337e-01, inf, 9.3526e-01, 1.2481e-02, 
 2DIAGNOSTIC,     8, -1.010226368904e+00, inf, 9.5089e-01, 1.5628e-02, 
 2DIAGNOSTIC,     9, -1.012611746788e+00, inf, 9.6876e-01, 1.7864e-02, 
 2DIAGNOSTIC,    10, -1.012967109680e+00, 1.054112054408e-02, 9.8000e-01, 1.1240e-02, 
 2DIAGNOSTIC,    11, -1.014664053917e+00, 9.378476999700e-03, 9.9071e-01, 1.0715e-02, 
 2DIAGNOSTIC,    12, -1.016531109810e+00, 7.701379712671e-03, 1.0015e+00, 1.0772e-02, 
 2DIAGNOSTIC,    13, -1.017252564430e+00, 5.747495219111e-03, 1.0124e+00, 1.0896e-02, 
 2DIAGNOSTIC,    14, -1.018536210060e+00, 3.801098093390e-03, 1.0234e+00, 1.1034e-02, 
 2DIAGNOSTIC,    15, -1.020516157150e+00, 2.126351231709e-03, 1.0353e+00, 1.1871e-02, 
 2DIAGNOSTIC,    16, -1.021031737328e+00, 9.282081155106e-04, 1.0555e+00, 2.0205e-02, 
 2DIAGNOSTIC,    17, -1.021064519882e+00, 4.370802198537e-04, 1.0679e+00, 1.2388e-02, 
 2DIAGNOSTIC,    18, -1.021116018295e+00, 3.585515078157e-04, 1.0809e+00, 1.2984e-02, 
 2DIAGNOSTIC,    19, -1.021123647690e+00, 2.923645370174e-04, 1.0927e+00, 1.1791e-02, 
 2DIAGNOSTIC,    20, -1.021154880524e+00, 2.109104534611e-04, 1.1051e+00, 1.2442e-02, 
 2DIAGNOSTIC,    21, -1.021212577820e+00, 1.415913429810e-04, 1.1173e+00, 1.2255e-02, 
 2DIAGNOSTIC,    22, -1.021295309067e+00, 9.157074237010e-05, 1.1309e+00, 1.3588e-02, 
 2DIAGNOSTIC,    23, -1.021345973015e+00, 4.719983553514e-05, 1.1442e+00, 1.3233e-02, 
 2DIAGNOSTIC,    24, -1.021417975426e+00, 1.798283665266e-05, 1.1560e+00, 1.1873e-02, 
 2DIAGNOSTIC,    25, -1.021609783173e+00, 1.436554885004e-05, 1.1679e+00, 1.1887e-02, 
 2DIAGNOSTIC,    26, -1.021959781647e+00, 1.928526580741e-05, 1.1796e+00, 1.1675e-02, 
 2DIAGNOSTIC,    27, -1.021996021271e+00, 2.276795021317e-05, 1.1927e+00, 1.3120e-02, 
 2DIAGNOSTIC,    28, -1.022140383720e+00, 2.602402128105e-05, 1.2066e+00, 1.3878e-02, 
 2DIAGNOSTIC,    29, -1.022111773491e+00, 2.650787428138e-05, 1.2192e+00, 1.2642e-02, 
 2DIAGNOSTIC,    30, -1.022175908089e+00, 2.545339884819e-05, 1.2328e+00, 1.3576e-02, 
 2DIAGNOSTIC,    31, -1.022199749947e+00, 2.284800029884e-05, 1.2435e+00, 1.0675e-02, 
 2DIAGNOSTIC,    32, -1.022211313248e+00, 1.918232919706e-05, 1.2556e+00, 1.2136e-02, 
 2DIAGNOSTIC,    33, -1.022247433662e+00, 1.480976607127e-05, 1.2675e+00, 1.1855e-02, 
 2DIAGNOSTIC,    34, -1.022310376167e+00, 1.050525588653e-05, 1.2795e+00, 1.1993e-02, 
 2DIAGNOSTIC,    35, -1.022287726402e+00, 6.842302809673e-06, 1.2903e+00, 1.0847e-02, 
 2DIAGNOSTIC,    36, -1.022292137146e+00, 5.634011813527e-06, 1.3038e+00, 1.3520e-02, 
 2DIAGNOSTIC,    37, -1.022280097008e+00, 4.203287517157e-06, 1.3165e+00, 1.2655e-02, 
 2DIAGNOSTIC,    38, -1.022223114967e+00, 3.193732936779e-06, 1.3292e+00, 1.2714e-02, 
 2DIAGNOSTIC,    39, -1.022248029709e+00, 1.980577735594e-06, 1.3420e+00, 1.2775e-02, 
 2DIAGNOSTIC,    40, -1.022230267525e+00, 1.038315076585e-06, 1.3551e+00, 1.3155e-02, 
DIAGNOSTIC,Iteration,metricValue,convergenceValue,ITERATION_TIME_INDEX,SINCE_LAST
 2DIAGNOSTIC,     1, -8.328772187233e-01, inf, 2.1189e+00, 7.6374e-01, 
 2DIAGNOSTIC,     2, -8.343065977097e-01, inf, 2.1616e+00, 4.2690e-02, 
 2DIAGNOSTIC,     3, -8.361924290657e-01, inf, 2.2017e+00, 4.0106e-02, 
 2DIAGNOSTIC,     4, -8.383451700211e-01, inf, 2.2424e+00, 4.0740e-02, 
 2DIAGNOSTIC,     5, -8.406724929810e-01, inf, 2.2838e+00, 4.1340e-02, 
 2DIAGNOSTIC,     6, -8.426362872124e-01, inf, 2.3306e+00, 4.6792e-02, 
 2DIAGNOSTIC,     7, -8.436967134476e-01, inf, 2.3890e+00, 5.8462e-02, 
 2DIAGNOSTIC,     8, -8.440121412277e-01, inf, 2.4346e+00, 4.5570e-02, 
 2DIAGNOSTIC,     9, -8.442355394363e-01, inf, 2.5014e+00, 6.6773e-02, 
 2DIAGNOSTIC,    10, -8.442828059196e-01, 9.636942413636e-04, 2.5412e+00, 3.9834e-02, 
 2DIAGNOSTIC,    11, -8.444159030914e-01, 7.113618194126e-04, 2.5821e+00, 4.0956e-02, 
 2DIAGNOSTIC,    12, -8.445219993591e-01, 4.805531643797e-04, 2.6245e+00, 4.2388e-02, 
 2DIAGNOSTIC,    13, -8.445855975151e-01, 2.926050801761e-04, 2.6660e+00, 4.1499e-02, 
 2DIAGNOSTIC,    14, -8.446459174156e-01, 1.579520467203e-04, 2.7082e+00, 4.2210e-02, 
 2DIAGNOSTIC,    15, -8.447210788727e-01, 8.030175376916e-05, 2.7535e+00, 4.5233e-02, 
 2DIAGNOSTIC,    16, -8.447407484055e-01, 4.652564166463e-05, 2.8035e+00, 5.0063e-02, 
 2DIAGNOSTIC,    17, -8.447921872139e-01, 3.457973070908e-05, 2.8833e+00, 7.9798e-02, 
 2DIAGNOSTIC,    18, -8.447911143303e-01, 2.673797644093e-05, 2.9307e+00, 4.7404e-02, 
 2DIAGNOSTIC,    19, -8.447950482368e-01, 2.147342456738e-05, 2.9719e+00, 4.1110e-02, 
 2DIAGNOSTIC,    20, -8.447901606560e-01, 1.557288123877e-05, 3.0132e+00, 4.1306e-02, 
 2DIAGNOSTIC,    21, -8.447963595390e-01, 1.114041788242e-05, 3.0534e+00, 4.0230e-02, 
 2DIAGNOSTIC,    22, -8.447927832603e-01, 7.770464435453e-06, 3.0994e+00, 4.5963e-02, 
 2DIAGNOSTIC,    23, -8.447981476784e-01, 5.105425771035e-06, 3.1394e+00, 4.0014e-02, 
 2DIAGNOSTIC,    24, -8.447933793068e-01, 3.077846713495e-06, 3.1809e+00, 4.1499e-02, 
 2DIAGNOSTIC,    25, -8.447914719582e-01, 2.039657601927e-06, 3.2224e+00, 4.1562e-02, 
 2DIAGNOSTIC,    26, -8.448105454445e-01, 1.493700210631e-06, 3.2713e+00, 4.8861e-02, 
 2DIAGNOSTIC,    27, -8.448186516762e-01, 1.698689061413e-06, 3.3152e+00, 4.3867e-02, 
 2DIAGNOSTIC,    28, -8.448286056519e-01, 1.945103122125e-06, 3.3571e+00, 4.1915e-02, 
 2DIAGNOSTIC,    29, -8.448602557182e-01, 2.515943378967e-06, 3.4200e+00, 6.2925e-02, 
 2DIAGNOSTIC,    30, -8.448712825775e-01, 2.974580411319e-06, 3.4679e+00, 4.7881e-02, 
 2DIAGNOSTIC,    31, -8.448717594147e-01, 3.294857151559e-06, 3.5097e+00, 4.1825e-02, 
 2DIAGNOSTIC,    32, -8.448748588562e-01, 3.376815811862e-06, 3.5516e+00, 4.1937e-02, 
 2DIAGNOSTIC,    33, -8.448866605759e-01, 3.405357574593e-06, 3.5920e+00, 4.0344e-02, 
 2DIAGNOSTIC,    34, -8.449106216431e-01, 3.385981017345e-06, 3.6815e+00, 8.9542e-02, 
 2DIAGNOSTIC,    35, -8.449100852013e-01, 3.101059292021e-06, 3.7280e+00, 4.6464e-02, 
 2DIAGNOSTIC,    36, -8.449010848999e-01, 2.725814510995e-06, 3.7771e+00, 4.9092e-02, 
 2DIAGNOSTIC,    37, -8.449011445045e-01, 2.277527300976e-06, 3.8188e+00, 4.1728e-02, 
 2DIAGNOSTIC,    38, -8.448917865753e-01, 1.712744392535e-06, 3.8659e+00, 4.7086e-02, 
 2DIAGNOSTIC,    39, -8.448915481567e-01, 1.359943667012e-06, 3.9112e+00, 4.5257e-02, 
 2DIAGNOSTIC,    40, -8.448917269707e-01, 1.067938228516e-06, 3.9563e+00, 4.5116e-02, 
DIAGNOSTIC,Iteration,metricValue,convergenceValue,ITERATION_TIME_INDEX,SINCE_LAST
 2DIAGNOSTIC,     1, -7.419509887695e-01, inf, 5.2029e+00, 1.2466e+00, 
 2DIAGNOSTIC,     2, -7.422752976418e-01, inf, 5.4695e+00, 2.6659e-01, 
 2DIAGNOSTIC,     3, -7.425464391708e-01, inf, 5.7368e+00, 2.6735e-01, 
 2DIAGNOSTIC,     4, -7.427780032158e-01, inf, 6.0096e+00, 2.7276e-01, 
 2DIAGNOSTIC,     5, -7.429892420769e-01, inf, 6.4683e+00, 4.5868e-01, 
 2DIAGNOSTIC,     6, -7.430025339127e-01, inf, 6.7910e+00, 3.2277e-01, 
 2DIAGNOSTIC,     7, -7.430362701416e-01, inf, 7.0877e+00, 2.9662e-01, 
 2DIAGNOSTIC,     8, -7.430714368820e-01, inf, 7.3884e+00, 3.0078e-01, 
 2DIAGNOSTIC,     9, -7.430880069733e-01, inf, 7.7059e+00, 3.1742e-01, 
 2DIAGNOSTIC,    10, -7.431113123894e-01, 9.354577923659e-05, 7.9676e+00, 2.6174e-01, 
 2DIAGNOSTIC,    11, -7.431255578995e-01, 5.873089685338e-05, 8.2572e+00, 2.8957e-01, 
 2DIAGNOSTIC,    12, -7.431346178055e-01, 3.527462467900e-05, 8.5642e+00, 3.0709e-01, 
 2DIAGNOSTIC,    13, -7.431368231773e-01, 2.039886021521e-05, 8.8355e+00, 2.7125e-01, 
 2DIAGNOSTIC,    14, -7.431459426880e-01, 1.244343457074e-05, 9.1322e+00, 2.9673e-01, 
 2DIAGNOSTIC,    15, -7.431557178497e-01, 1.025751862471e-05, 9.4278e+00, 2.9556e-01, 
 2DIAGNOSTIC,    16, -7.431578636169e-01, 7.949565770105e-06, 9.7276e+00, 2.9981e-01, 
 2DIAGNOSTIC,    17, -7.431606054306e-01, 6.175467206049e-06, 1.0021e+01, 2.9314e-01, 
 2DIAGNOSTIC,    18, -7.431632280350e-01, 5.004921149521e-06, 1.0302e+01, 2.8156e-01, 
 2DIAGNOSTIC,    19, -7.431624531746e-01, 3.964495135733e-06, 1.0580e+01, 2.7802e-01, 
 2DIAGNOSTIC,    20, -7.431659102440e-01, 3.320117002659e-06, 1.0840e+01, 2.6014e-01, 
 2DIAGNOSTIC,    21, -7.431672215462e-01, 2.855166258087e-06, 1.1105e+01, 2.6474e-01, 
 2DIAGNOSTIC,    22, -7.431743741035e-01, 2.591586962808e-06, 1.1420e+01, 3.1470e-01, 
 2DIAGNOSTIC,    23, -7.431762814522e-01, 2.307305294380e-06, 1.1694e+01, 2.7429e-01, 
 2DIAGNOSTIC,    24, -7.431778311729e-01, 2.127502284566e-06, 1.1995e+01, 3.0116e-01, 
 2DIAGNOSTIC,    25, -7.431825399399e-01, 2.109159140673e-06, 1.2262e+01, 2.6625e-01, 
 2DIAGNOSTIC,    26, -7.431905269623e-01, 2.159581754313e-06, 1.2563e+01, 3.0133e-01, 
 2DIAGNOSTIC,    27, -7.431891560555e-01, 2.133187990694e-06, 1.2858e+01, 2.9539e-01, 
 2DIAGNOSTIC,    28, -7.431965470314e-01, 2.158589040846e-06, 1.3267e+01, 4.0867e-01, 
 2DIAGNOSTIC,    29, -7.431972622871e-01, 2.083383833451e-06, 1.3552e+01, 2.8460e-01, 
 2DIAGNOSTIC,    30, -7.431951761246e-01, 1.937554998221e-06, 1.3845e+01, 2.9380e-01, 
 2DIAGNOSTIC,    31, -7.431964874268e-01, 1.749054717948e-06, 1.4167e+01, 3.2184e-01, 
 2DIAGNOSTIC,    32, -7.431954741478e-01, 1.576699901307e-06, 1.4461e+01, 2.9348e-01, 
 2DIAGNOSTIC,    33, -7.431946992874e-01, 1.373035843244e-06, 1.4753e+01, 2.9254e-01, 
 2DIAGNOSTIC,    34, -7.431949377060e-01, 1.161953605333e-06, 1.5074e+01, 3.2098e-01, 
DIAGNOSTIC,Iteration,metricValue,convergenceValue,ITERATION_TIME_INDEX,SINCE_LAST
 2DIAGNOSTIC,     1, -6.639347672462e-01, inf, 1.7923e+01, 2.8485e+00, 
  Elapsed time (stage 1): 1.9062e+01


Stage 2
  iterations = 100x100x70x20
  convergence threshold = 1.0000e-09
  convergence window size = 10
  number of levels = 4
  using the CC metric (radius = 4, weight = 1.0000e+00)
  preprocessing:  winsorizing the image intensities
  preprocessing:  histogram matching the images
  Shrink factors (level 1 out of 4): [6, 6, 6]
  Shrink factors (level 2 out of 4): [4, 4, 4]
  Shrink factors (level 3 out of 4): [2, 2, 2]
  Shrink factors (level 4 out of 4): [1, 1, 1]
  smoothing sigmas per level: [3, 2, 1, 0]
  Using default NONE metricSamplingStrategy 

*** Running SyN registration (varianceForUpdateField = 3.0000e+00, varianceForTotalField = 0.0000e+00) ***

XXDIAGNOSTIC,Iteration,metricValue,convergenceValue,ITERATION_TIME_INDEX,SINCE_LAST
 1DIAGNOSTIC,     1, -8.986553549767e-01, inf, 1.5704e+00, 1.5704e+00, 
 1DIAGNOSTIC,     2, -9.086785316467e-01, inf, 2.3850e+00, 8.1454e-01, 
 1DIAGNOSTIC,     3, -9.191095829010e-01, inf, 3.1661e+00, 7.8108e-01, 
 1DIAGNOSTIC,     4, -9.273449182510e-01, inf, 3.9460e+00, 7.7996e-01, 
 1DIAGNOSTIC,     5, -9.339951872826e-01, inf, 4.7197e+00, 7.7365e-01, 
 1DIAGNOSTIC,     6, -9.384919404984e-01, inf, 5.5376e+00, 8.1797e-01, 
 1DIAGNOSTIC,     7, -9.422380328178e-01, inf, 6.3395e+00, 8.0187e-01, 
 1DIAGNOSTIC,     8, -9.452969431877e-01, inf, 7.1375e+00, 7.9796e-01, 
 1DIAGNOSTIC,     9, -9.476163983345e-01, inf, 7.9361e+00, 7.9864e-01, 
 1DIAGNOSTIC,    10, -9.493378400803e-01, 3.384764539078e-03, 8.7339e+00, 7.9783e-01, 
 1DIAGNOSTIC,    11, -9.505652189255e-01, 2.451956272125e-03, 9.5074e+00, 7.7350e-01, 
 1DIAGNOSTIC,    12, -9.515668153763e-01, 1.733343233354e-03, 1.0343e+01, 8.3537e-01, 
 1DIAGNOSTIC,    13, -9.523372054100e-01, 1.229409826919e-03, 1.1116e+01, 7.7315e-01, 
 1DIAGNOSTIC,    14, -9.530028104782e-01, 8.775013848208e-04, 1.1916e+01, 8.0022e-01, 
 1DIAGNOSTIC,    15, -9.536013603210e-01, 6.384268053807e-04, 1.2707e+01, 7.9069e-01, 
 1DIAGNOSTIC,    16, -9.540184736252e-01, 4.632061463781e-04, 1.3507e+01, 8.0037e-01, 
 1DIAGNOSTIC,    17, -9.545013904572e-01, 3.408051561564e-04, 1.4322e+01, 8.1493e-01, 
 1DIAGNOSTIC,    18, -9.548677802086e-01, 2.576605766080e-04, 1.5122e+01, 8.0003e-01, 
 1DIAGNOSTIC,    19, -9.551556110382e-01, 2.006008435274e-04, 1.5935e+01, 8.1258e-01, 
 1DIAGNOSTIC,    20, -9.554892182350e-01, 1.615328073967e-04, 1.6742e+01, 8.0733e-01, 
 1DIAGNOSTIC,    21, -9.557735919952e-01, 1.327594945906e-04, 1.7549e+01, 8.0683e-01, 
 1DIAGNOSTIC,    22, -9.560152292252e-01, 1.112091413233e-04, 1.8333e+01, 7.8444e-01, 
 1DIAGNOSTIC,    23, -9.562334418297e-01, 9.407349716639e-05, 1.9114e+01, 7.8040e-01, 
 1DIAGNOSTIC,    24, -9.564028978348e-01, 8.003831317183e-05, 1.9899e+01, 7.8556e-01, 
 1DIAGNOSTIC,    25, -9.566022157669e-01, 6.927544745849e-05, 2.0681e+01, 7.8159e-01, 
 1DIAGNOSTIC,    26, -9.567996263504e-01, 5.992625665385e-05, 2.1478e+01, 7.9659e-01, 
 1DIAGNOSTIC,    27, -9.569253921509e-01, 5.243544728728e-05, 2.2288e+01, 8.1045e-01, 
 1DIAGNOSTIC,    28, -9.570745229721e-01, 4.615342913894e-05, 2.3070e+01, 7.8194e-01, 
 1DIAGNOSTIC,    29, -9.571886062622e-01, 4.015732702101e-05, 2.3852e+01, 7.8173e-01, 
 1DIAGNOSTIC,    30, -9.573633670807e-01, 3.590093183448e-05, 2.4650e+01, 7.9850e-01, 
 1DIAGNOSTIC,    31, -9.574611186981e-01, 3.225348336855e-05, 2.5459e+01, 8.0891e-01, 
 1DIAGNOSTIC,    32, -9.575845003128e-01, 2.926969864347e-05, 2.6259e+01, 7.9969e-01, 
 1DIAGNOSTIC,    33, -9.576628208160e-01, 2.646259963512e-05, 2.7061e+01, 8.0213e-01, 
 1DIAGNOSTIC,    34, -9.577498435974e-01, 2.363216299273e-05, 2.7852e+01, 7.9157e-01, 
 1DIAGNOSTIC,    35, -9.578103423119e-01, 2.099122684740e-05, 2.8615e+01, 7.6288e-01, 
 1DIAGNOSTIC,    36, -9.579238295555e-01, 1.915896427818e-05, 2.9424e+01, 8.0894e-01, 
 1DIAGNOSTIC,    37, -9.579589366913e-01, 1.695908576949e-05, 3.0205e+01, 7.8022e-01, 
 1DIAGNOSTIC,    38, -9.580360054970e-01, 1.512327344244e-05, 3.0982e+01, 7.7713e-01, 
 1DIAGNOSTIC,    39, -9.581076502800e-01, 1.341854112979e-05, 3.1783e+01, 8.0125e-01, 
 1DIAGNOSTIC,    40, -9.581587314606e-01, 1.227065786225e-05, 3.2587e+01, 8.0402e-01, 
 1DIAGNOSTIC,    41, -9.582261443138e-01, 1.126986717281e-05, 3.3350e+01, 7.6275e-01, 
 1DIAGNOSTIC,    42, -9.582513570786e-01, 1.036233970808e-05, 3.4155e+01, 8.0539e-01, 
 1DIAGNOSTIC,    43, -9.583019614220e-01, 9.472299097979e-06, 3.4947e+01, 7.9174e-01, 
 1DIAGNOSTIC,    44, -9.583657383919e-01, 8.803354830889e-06, 3.5736e+01, 7.8932e-01, 
 1DIAGNOSTIC,    45, -9.583973884583e-01, 7.979413567227e-06, 3.6527e+01, 7.9054e-01, 
 1DIAGNOSTIC,    46, -9.584552049637e-01, 7.611693490617e-06, 3.7335e+01, 8.0856e-01, 
 1DIAGNOSTIC,    47, -9.584678411484e-01, 6.891171778989e-06, 3.8142e+01, 8.0690e-01, 
 1DIAGNOSTIC,    48, -9.585049152374e-01, 6.312594905467e-06, 3.8940e+01, 7.9758e-01, 
 1DIAGNOSTIC,    49, -9.585627913475e-01, 5.996953404974e-06, 3.9710e+01, 7.7080e-01, 
 1DIAGNOSTIC,    50, -9.585733413696e-01, 5.533409421332e-06, 4.0489e+01, 7.7888e-01, 
 1DIAGNOSTIC,    51, -9.586036205292e-01, 5.195737685426e-06, 4.1267e+01, 7.7783e-01, 
 1DIAGNOSTIC,    52, -9.586610198021e-01, 4.904361958324e-06, 4.2049e+01, 7.8187e-01, 
 1DIAGNOSTIC,    53, -9.586706161499e-01, 4.537624135992e-06, 4.2846e+01, 7.9688e-01, 
 1DIAGNOSTIC,    54, -9.586900472641e-01, 4.265634288458e-06, 4.3643e+01, 7.9756e-01, 
 1DIAGNOSTIC,    55, -9.587318897247e-01, 4.044832621730e-06, 4.4435e+01, 7.9106e-01, 
 1DIAGNOSTIC,    56, -9.587463140488e-01, 3.881484644808e-06, 4.5219e+01, 7.8468e-01, 
 1DIAGNOSTIC,    57, -9.587811827660e-01, 3.649865902844e-06, 4.6018e+01, 7.9908e-01, 
 1DIAGNOSTIC,    58, -9.587991237640e-01, 3.404102926652e-06, 4.6786e+01, 7.6795e-01, 
 1DIAGNOSTIC,    59, -9.588488340378e-01, 3.439675538175e-06, 4.7581e+01, 7.9503e-01, 
 1DIAGNOSTIC,    60, -9.588479995728e-01, 3.236334350731e-06, 4.8351e+01, 7.6940e-01, 
 1DIAGNOSTIC,    61, -9.588685631752e-01, 3.024245415872e-06, 4.9153e+01, 8.0193e-01, 
 1DIAGNOSTIC,    62, -9.589164853096e-01, 3.085862999797e-06, 4.9933e+01, 7.8084e-01, 
 1DIAGNOSTIC,    63, -9.588980078697e-01, 2.848691110557e-06, 5.0722e+01, 7.8813e-01, 
 1DIAGNOSTIC,    64, -9.589512944221e-01, 2.732804659900e-06, 5.1536e+01, 8.1447e-01, 
 1DIAGNOSTIC,    65, -9.589547514915e-01, 2.609086095617e-06, 5.2344e+01, 8.0814e-01, 
 1DIAGNOSTIC,    66, -9.589741230011e-01, 2.436752993162e-06, 5.3120e+01, 7.7560e-01, 
 1DIAGNOSTIC,    67, -9.590176343918e-01, 2.428548441458e-06, 5.3900e+01, 7.8061e-01, 
 1DIAGNOSTIC,    68, -9.590118527412e-01, 2.276565965076e-06, 5.4687e+01, 7.8703e-01, 
 1DIAGNOSTIC,    69, -9.590297937393e-01, 2.252420244986e-06, 5.5488e+01, 8.0046e-01, 
 1DIAGNOSTIC,    70, -9.590720534325e-01, 2.230675363535e-06, 5.6297e+01, 8.0942e-01, 
 1DIAGNOSTIC,    71, -9.590524435043e-01, 2.032789325312e-06, 5.7062e+01, 7.6487e-01, 
 1DIAGNOSTIC,    72, -9.590810537338e-01, 2.012045797528e-06, 5.7853e+01, 7.9099e-01, 
 1DIAGNOSTIC,    73, -9.591183662415e-01, 1.910690116347e-06, 5.8637e+01, 7.8339e-01, 
 1DIAGNOSTIC,    74, -9.591042995453e-01, 1.825355411711e-06, 5.9437e+01, 8.0064e-01, 
 1DIAGNOSTIC,    75, -9.591498374939e-01, 1.804412704587e-06, 6.0224e+01, 7.8687e-01, 
 1DIAGNOSTIC,    76, -9.591439962387e-01, 1.696904064374e-06, 6.1008e+01, 7.8399e-01, 
 1DIAGNOSTIC,    77, -9.591747522354e-01, 1.760215695867e-06, 6.1782e+01, 7.7417e-01, 
 1DIAGNOSTIC,    78, -9.591598510742e-01, 1.608413413123e-06, 6.2582e+01, 8.0018e-01, 
 1DIAGNOSTIC,    79, -9.591929912567e-01, 1.535977389722e-06, 6.3387e+01, 8.0468e-01, 
 1DIAGNOSTIC,    80, -9.592061638832e-01, 1.563194814480e-06, 6.4157e+01, 7.6980e-01, 
 1DIAGNOSTIC,    81, -9.592225551605e-01, 1.461791043766e-06, 6.4961e+01, 8.0393e-01, 
 1DIAGNOSTIC,    82, -9.592242240906e-01, 1.367166305499e-06, 6.5745e+01, 7.8389e-01, 
 1DIAGNOSTIC,    83, -9.592355489731e-01, 1.359306111226e-06, 6.6533e+01, 7.8811e-01, 
 1DIAGNOSTIC,    84, -9.592709541321e-01, 1.327930135631e-06, 6.7315e+01, 7.8247e-01, 
 1DIAGNOSTIC,    85, -9.592341780663e-01, 1.233051420968e-06, 6.8128e+01, 8.1271e-01, 
 1DIAGNOSTIC,    86, -9.592922329903e-01, 1.241088284587e-06, 6.8926e+01, 7.9823e-01, 
 1DIAGNOSTIC,    87, -9.592591524124e-01, 1.154821006821e-06, 6.9706e+01, 7.7989e-01, 
 1DIAGNOSTIC,    88, -9.592928886414e-01, 1.058734255821e-06, 7.0468e+01, 7.6220e-01, 
 1DIAGNOSTIC,    89, -9.592912197113e-01, 9.992269269787e-07, 7.1258e+01, 7.8971e-01, 
 1DIAGNOSTIC,    90, -9.593075513840e-01, 9.764361266207e-07, 7.2039e+01, 7.8137e-01, 
 1DIAGNOSTIC,    91, -9.593073129654e-01, 9.469162023379e-07, 7.2831e+01, 7.9182e-01, 
 1DIAGNOSTIC,    92, -9.593400955200e-01, 9.714979114506e-07, 7.3636e+01, 8.0474e-01, 
 1DIAGNOSTIC,    93, -9.593114852905e-01, 8.746483786126e-07, 7.4428e+01, 7.9208e-01, 
 1DIAGNOSTIC,    94, -9.593429565430e-01, 9.473637874180e-07, 7.5210e+01, 7.8216e-01, 
 1DIAGNOSTIC,    95, -9.593237042427e-01, 7.764461997795e-07, 7.6019e+01, 8.0893e-01, 
 1DIAGNOSTIC,    96, -9.593616724014e-01, 8.691282573636e-07, 7.6820e+01, 8.0053e-01, 
 1DIAGNOSTIC,    97, -9.593514800072e-01, 7.691916152908e-07, 7.7615e+01, 7.9554e-01, 
 1DIAGNOSTIC,    98, -9.593749046326e-01, 8.050480460042e-07, 7.8427e+01, 8.1151e-01, 
 1DIAGNOSTIC,    99, -9.593539237976e-01, 7.243427830872e-07, 7.9222e+01, 7.9480e-01, 
 1DIAGNOSTIC,   100, -9.593951702118e-01, 7.797875127835e-07, 8.0014e+01, 7.9208e-01, 
XXDIAGNOSTIC,Iteration,metricValue,convergenceValue,ITERATION_TIME_INDEX,SINCE_LAST
 1DIAGNOSTIC,     1, -9.197716712952e-01, inf, 8.3369e+01, 3.3553e+00, 
 1DIAGNOSTIC,     2, -9.211935997009e-01, inf, 8.5966e+01, 2.5971e+00, 
 1DIAGNOSTIC,     3, -9.225677251816e-01, inf, 8.8544e+01, 2.5782e+00, 
 1DIAGNOSTIC,     4, -9.237416982651e-01, inf, 9.1056e+01, 2.5116e+00, 
 1DIAGNOSTIC,     5, -9.247549176216e-01, inf, 9.3558e+01, 2.5020e+00, 
 1DIAGNOSTIC,     6, -9.256181120872e-01, inf, 9.6158e+01, 2.5997e+00, 
 1DIAGNOSTIC,     7, -9.263759255409e-01, inf, 9.8681e+01, 2.5232e+00, 
 1DIAGNOSTIC,     8, -9.268901944160e-01, inf, 1.0123e+02, 2.5470e+00, 
 1DIAGNOSTIC,     9, -9.273424148560e-01, inf, 1.0375e+02, 2.5212e+00, 
 1DIAGNOSTIC,    10, -9.277659058571e-01, 5.495030200109e-04, 1.0631e+02, 2.5566e+00, 
 1DIAGNOSTIC,    11, -9.281142950058e-01, 4.250415076967e-04, 1.0883e+02, 2.5262e+00, 
 1DIAGNOSTIC,    12, -9.284324645996e-01, 3.274658229202e-04, 1.1139e+02, 2.5591e+00, 
 1DIAGNOSTIC,    13, -9.287161827087e-01, 2.543485315982e-04, 1.1401e+02, 2.6174e+00, 
 1DIAGNOSTIC,    14, -9.289785027504e-01, 1.999784144573e-04, 1.1655e+02, 2.5400e+00, 
 1DIAGNOSTIC,    15, -9.292265772820e-01, 1.603098789928e-04, 1.1908e+02, 2.5356e+00, 
 1DIAGNOSTIC,    16, -9.294401407242e-01, 1.314536639256e-04, 1.2165e+02, 2.5664e+00, 
 1DIAGNOSTIC,    17, -9.296431541443e-01, 1.112642203225e-04, 1.2425e+02, 2.6015e+00, 
 1DIAGNOSTIC,    18, -9.298307895660e-01, 9.503987530479e-05, 1.2703e+02, 2.7738e+00, 
 1DIAGNOSTIC,    19, -9.299985170364e-01, 8.175426046364e-05, 1.2956e+02, 2.5336e+00, 
 1DIAGNOSTIC,    20, -9.301342368126e-01, 7.083146192599e-05, 1.3210e+02, 2.5387e+00, 
 1DIAGNOSTIC,    21, -9.302691221237e-01, 6.147739622975e-05, 1.3463e+02, 2.5326e+00, 
 1DIAGNOSTIC,    22, -9.303984642029e-01, 5.353917003958e-05, 1.3718e+02, 2.5522e+00, 
 1DIAGNOSTIC,    23, -9.305210709572e-01, 4.676159369410e-05, 1.3983e+02, 2.6456e+00, 
 1DIAGNOSTIC,    24, -9.306359291077e-01, 4.104914842173e-05, 1.4238e+02, 2.5534e+00, 
 1DIAGNOSTIC,    25, -9.307345747948e-01, 3.626895340858e-05, 1.4493e+02, 2.5529e+00, 
 1DIAGNOSTIC,    26, -9.308101534843e-01, 3.193187149009e-05, 1.4747e+02, 2.5401e+00, 
 1DIAGNOSTIC,    27, -9.309203624725e-01, 2.853992373275e-05, 1.5001e+02, 2.5389e+00, 
 1DIAGNOSTIC,    28, -9.309797286987e-01, 2.546223004174e-05, 1.5256e+02, 2.5429e+00, 
 1DIAGNOSTIC,    29, -9.310729503632e-01, 2.303422843397e-05, 1.5508e+02, 2.5212e+00, 
 1DIAGNOSTIC,    30, -9.311218261719e-01, 2.054985452560e-05, 1.5768e+02, 2.6058e+00, 
 1DIAGNOSTIC,    31, -9.312087297440e-01, 1.855517803051e-05, 1.6022e+02, 2.5398e+00, 
 1DIAGNOSTIC,    32, -9.312448501587e-01, 1.657662505750e-05, 1.6277e+02, 2.5467e+00, 
 1DIAGNOSTIC,    33, -9.313238859177e-01, 1.509412140877e-05, 1.6530e+02, 2.5254e+00, 
 1DIAGNOSTIC,    34, -9.313580989838e-01, 1.367734603264e-05, 1.6783e+02, 2.5334e+00, 
 1DIAGNOSTIC,    35, -9.314299225807e-01, 1.261489160242e-05, 1.7036e+02, 2.5332e+00, 
 1DIAGNOSTIC,    36, -9.314597249031e-01, 1.136850096373e-05, 1.7293e+02, 2.5687e+00, 
 1DIAGNOSTIC,    37, -9.314872026443e-01, 1.032714044413e-05, 1.7551e+02, 2.5815e+00, 
 1DIAGNOSTIC,    38, -9.315688610077e-01, 9.562589184497e-06, 1.7809e+02, 2.5757e+00, 
 1DIAGNOSTIC,    39, -9.315724372864e-01, 8.746365892875e-06, 1.8062e+02, 2.5372e+00, 
 1DIAGNOSTIC,    40, -9.316467642784e-01, 8.150415851560e-06, 1.8315e+02, 2.5286e+00, 
 1DIAGNOSTIC,    41, -9.316460490227e-01, 7.516442565247e-06, 1.8572e+02, 2.5631e+00, 
 1DIAGNOSTIC,    42, -9.316961169243e-01, 6.892729288666e-06, 1.8826e+02, 2.5466e+00, 
 1DIAGNOSTIC,    43, -9.317326545715e-01, 6.524627679028e-06, 1.9081e+02, 2.5474e+00, 
 1DIAGNOSTIC,    44, -9.317649006844e-01, 6.066130936233e-06, 1.9334e+02, 2.5313e+00, 
 1DIAGNOSTIC,    45, -9.318008422852e-01, 5.848803994013e-06, 1.9588e+02, 2.5421e+00, 
 1DIAGNOSTIC,    46, -9.318063259125e-01, 5.382086328609e-06, 1.9859e+02, 2.7032e+00, 
 1DIAGNOSTIC,    47, -9.318493604660e-01, 4.936959612678e-06, 2.0119e+02, 2.6033e+00, 
 1DIAGNOSTIC,    48, -9.318780899048e-01, 4.801187060366e-06, 2.0376e+02, 2.5651e+00, 
 1DIAGNOSTIC,    49, -9.318656921387e-01, 4.204875949654e-06, 2.0628e+02, 2.5256e+00, 
 1DIAGNOSTIC,    50, -9.319425225258e-01, 4.227553745295e-06, 2.0894e+02, 2.6580e+00, 
 1DIAGNOSTIC,    51, -9.319148063660e-01, 3.718269908859e-06, 2.1155e+02, 2.6061e+00, 
 1DIAGNOSTIC,    52, -9.319317936897e-01, 3.329592345835e-06, 2.1412e+02, 2.5720e+00, 
 1DIAGNOSTIC,    53, -9.319725036621e-01, 3.137206022075e-06, 2.1663e+02, 2.5158e+00, 
 1DIAGNOSTIC,    54, -9.320064783096e-01, 3.072862227782e-06, 2.1919e+02, 2.5553e+00, 
 1DIAGNOSTIC,    55, -9.320166110992e-01, 3.025656951650e-06, 2.2179e+02, 2.6002e+00, 
 1DIAGNOSTIC,    56, -9.320127964020e-01, 2.753234412012e-06, 2.2445e+02, 2.6594e+00, 
 1DIAGNOSTIC,    57, -9.320263266563e-01, 2.587752533145e-06, 2.2701e+02, 2.5606e+00, 
 1DIAGNOSTIC,    58, -9.320600032806e-01, 2.560189614087e-06, 2.2957e+02, 2.5643e+00, 
 1DIAGNOSTIC,    59, -9.320530891418e-01, 2.220077249149e-06, 2.3210e+02, 2.5316e+00, 
 1DIAGNOSTIC,    60, -9.320866465569e-01, 2.303248948010e-06, 2.3466e+02, 2.5597e+00, 
 1DIAGNOSTIC,    61, -9.320995807648e-01, 2.139354592146e-06, 2.3722e+02, 2.5569e+00, 
 1DIAGNOSTIC,    62, -9.320967197418e-01, 1.889815621325e-06, 2.3977e+02, 2.5441e+00, 
 1DIAGNOSTIC,    63, -9.321329593658e-01, 1.885525762191e-06, 2.4228e+02, 2.5176e+00, 
 1DIAGNOSTIC,    64, -9.321268796921e-01, 1.876421720226e-06, 2.4481e+02, 2.5304e+00, 
 1DIAGNOSTIC,    65, -9.321572780609e-01, 1.929127847689e-06, 2.4735e+02, 2.5381e+00, 
 1DIAGNOSTIC,    66, -9.321483373642e-01, 1.778983346412e-06, 2.4998e+02, 2.6264e+00, 
 1DIAGNOSTIC,    67, -9.321596622467e-01, 1.621272303964e-06, 2.5250e+02, 2.5219e+00, 
 1DIAGNOSTIC,    68, -9.321877956390e-01, 1.636872752897e-06, 2.5504e+02, 2.5438e+00, 
 1DIAGNOSTIC,    69, -9.321748018265e-01, 1.443237351850e-06, 2.5757e+02, 2.5230e+00, 
 1DIAGNOSTIC,    70, -9.322028160095e-01, 1.431980649613e-06, 2.6012e+02, 2.5532e+00, 
 1DIAGNOSTIC,    71, -9.321877956390e-01, 1.317520400335e-06, 2.6264e+02, 2.5222e+00, 
 1DIAGNOSTIC,    72, -9.321874380112e-01, 1.107431216951e-06, 2.6515e+02, 2.5126e+00, 
 1DIAGNOSTIC,    73, -9.322033524513e-01, 1.058117049979e-06, 2.6765e+02, 2.4958e+00, 
 1DIAGNOSTIC,    74, -9.322122335434e-01, 9.555747055856e-07, 2.7019e+02, 2.5373e+00, 
 1DIAGNOSTIC,    75, -9.322382807732e-01, 1.036707317326e-06, 2.7273e+02, 2.5394e+00, 
 1DIAGNOSTIC,    76, -9.322251081467e-01, 9.660604973760e-07, 2.7524e+02, 2.5121e+00, 
 1DIAGNOSTIC,    77, -9.322521686554e-01, 9.980515187635e-07, 2.7781e+02, 2.5748e+00, 
 1DIAGNOSTIC,    78, -9.322091341019e-01, 9.131286446973e-07, 2.8038e+02, 2.5635e+00, 
 1DIAGNOSTIC,    79, -9.322631955147e-01, 9.405719652023e-07, 2.8298e+02, 2.6011e+00, 
 1DIAGNOSTIC,    80, -9.322483539581e-01, 9.605444120098e-07, 2.8554e+02, 2.5638e+00, 
 1DIAGNOSTIC,    81, -9.322556853294e-01, 8.995216376206e-07, 2.8807e+02, 2.5275e+00, 
 1DIAGNOSTIC,    82, -9.322818517685e-01, 8.884194926395e-07, 2.9061e+02, 2.5365e+00, 
 1DIAGNOSTIC,    83, -9.322413802147e-01, 7.365900955847e-07, 2.9315e+02, 2.5442e+00, 
 1DIAGNOSTIC,    84, -9.322929382324e-01, 7.756078730381e-07, 2.9573e+02, 2.5833e+00, 
 1DIAGNOSTIC,    85, -9.322569370270e-01, 7.342076173700e-07, 2.9826e+02, 2.5216e+00, 
 1DIAGNOSTIC,    86, -9.323012828827e-01, 7.711852276771e-07, 3.0077e+02, 2.5127e+00, 
 1DIAGNOSTIC,    87, -9.323053956032e-01, 8.796318411441e-07, 3.0328e+02, 2.5122e+00, 
 1DIAGNOSTIC,    88, -9.322640895844e-01, 6.384693165273e-07, 3.0580e+02, 2.5185e+00, 
 1DIAGNOSTIC,    89, -9.322936534882e-01, 6.708676210110e-07, 3.0832e+02, 2.5182e+00, 
 1DIAGNOSTIC,    90, -9.323194026947e-01, 7.039129741315e-07, 3.1084e+02, 2.5278e+00, 
 1DIAGNOSTIC,    91, -9.323030710220e-01, 6.652098250015e-07, 3.1336e+02, 2.5176e+00, 
 1DIAGNOSTIC,    92, -9.322983622551e-01, 6.759659072486e-07, 3.1589e+02, 2.5246e+00, 
 1DIAGNOSTIC,    93, -9.323092103004e-01, 5.564685920945e-07, 3.1854e+02, 2.6499e+00, 
 1DIAGNOSTIC,    94, -9.323325753212e-01, 6.640160563620e-07, 3.2114e+02, 2.6029e+00, 
 1DIAGNOSTIC,    95, -9.323140978813e-01, 5.531153988159e-07, 3.2368e+02, 2.5426e+00, 
 1DIAGNOSTIC,    96, -9.323124885559e-01, 5.627166501654e-07, 3.2624e+02, 2.5538e+00, 
 1DIAGNOSTIC,    97, -9.323038458824e-01, 5.426470579550e-07, 3.2875e+02, 2.5190e+00, 
 1DIAGNOSTIC,    98, -9.323452711105e-01, 4.990943125449e-07, 3.3134e+02, 2.5882e+00, 
 1DIAGNOSTIC,    99, -9.323243498802e-01, 4.579300139085e-07, 3.3390e+02, 2.5551e+00, 
 1DIAGNOSTIC,   100, -9.323227405548e-01, 4.835304707740e-07, 3.3640e+02, 2.5053e+00, 
XXDIAGNOSTIC,Iteration,metricValue,convergenceValue,ITERATION_TIME_INDEX,SINCE_LAST
 1DIAGNOSTIC,     1, -8.490729928017e-01, inf, 3.5781e+02, 2.1405e+01, 
 1DIAGNOSTIC,     2, -8.517456650734e-01, inf, 3.7825e+02, 2.0445e+01, 
 1DIAGNOSTIC,     3, -8.545175194740e-01, inf, 3.9905e+02, 2.0793e+01, 
 1DIAGNOSTIC,     4, -8.566992282867e-01, inf, 4.1967e+02, 2.0624e+01, 
 1DIAGNOSTIC,     5, -8.586323857307e-01, inf, 4.4036e+02, 2.0689e+01, 
 1DIAGNOSTIC,     6, -8.603360652924e-01, inf, 4.6095e+02, 2.0595e+01, 
 1DIAGNOSTIC,     7, -8.618388772011e-01, inf, 4.8166e+02, 2.0702e+01, 
 1DIAGNOSTIC,     8, -8.630920052528e-01, inf, 5.0207e+02, 2.0413e+01, 
 1DIAGNOSTIC,     9, -8.641273975372e-01, inf, 5.2273e+02, 2.0665e+01, 
 1DIAGNOSTIC,    10, -8.650466799736e-01, 1.178130856715e-03, 5.4324e+02, 2.0505e+01, 
 1DIAGNOSTIC,    11, -8.658778071404e-01, 9.314032504335e-04, 5.6398e+02, 2.0740e+01, 
 1DIAGNOSTIC,    12, -8.666334152222e-01, 7.357940194197e-04, 5.8480e+02, 2.0820e+01, 
 1DIAGNOSTIC,    13, -8.673235177994e-01, 5.912965280004e-04, 6.0538e+02, 2.0584e+01, 
 1DIAGNOSTIC,    14, -8.679558038712e-01, 4.796958237421e-04, 6.2598e+02, 2.0596e+01, 
 1DIAGNOSTIC,    15, -8.685391545296e-01, 3.941970935557e-04, 6.4648e+02, 2.0503e+01, 
 1DIAGNOSTIC,    16, -8.690716624260e-01, 3.290060849395e-04, 6.6687e+02, 2.0392e+01, 
 1DIAGNOSTIC,    17, -8.695598244667e-01, 2.795636246447e-04, 6.8762e+02, 2.0744e+01, 
 1DIAGNOSTIC,    18, -8.700140118599e-01, 2.408910804661e-04, 7.0821e+02, 2.0591e+01, 
 1DIAGNOSTIC,    19, -8.704315423965e-01, 2.090367343044e-04, 7.2897e+02, 2.0759e+01, 
 1DIAGNOSTIC,    20, -8.708181977272e-01, 1.823529455578e-04, 7.4993e+02, 2.0958e+01, 
 1DIAGNOSTIC,    21, -8.711796998978e-01, 1.598494127393e-04, 7.7055e+02, 2.0629e+01, 
 1DIAGNOSTIC,    22, -8.715172410011e-01, 1.407671516063e-04, 7.9109e+02, 2.0539e+01, 
 1DIAGNOSTIC,    23, -8.718385696411e-01, 1.246032043127e-04, 8.1149e+02, 2.0398e+01, 
 1DIAGNOSTIC,    24, -8.721309304237e-01, 1.107485077227e-04, 8.3241e+02, 2.0914e+01, 
 1DIAGNOSTIC,    25, -8.724043369293e-01, 9.885945473798e-05, 8.5297e+02, 2.0569e+01, 
 1DIAGNOSTIC,    26, -8.726648092270e-01, 8.861073729349e-05, 8.7357e+02, 2.0593e+01, 
 1DIAGNOSTIC,    27, -8.729027509689e-01, 7.961320079630e-05, 8.9419e+02, 2.0621e+01, 
 1DIAGNOSTIC,    28, -8.731269836426e-01, 7.172039477155e-05, 9.1453e+02, 2.0340e+01, 
 1DIAGNOSTIC,    29, -8.733370304108e-01, 6.472496170318e-05, 9.3504e+02, 2.0509e+01, 
 1DIAGNOSTIC,    30, -8.735402822495e-01, 5.855607741978e-05, 9.5569e+02, 2.0649e+01, 
 1DIAGNOSTIC,    31, -8.737339973450e-01, 5.314640293363e-05, 9.7649e+02, 2.0802e+01, 
 1DIAGNOSTIC,    32, -8.739152550697e-01, 4.838592212764e-05, 9.9710e+02, 2.0609e+01, 
 1DIAGNOSTIC,    33, -8.740857243538e-01, 4.424866347108e-05, 1.0178e+03, 2.0732e+01, 
 1DIAGNOSTIC,    34, -8.742454051971e-01, 4.055188765051e-05, 1.0383e+03, 2.0506e+01, 
 1DIAGNOSTIC,    35, -8.743996024132e-01, 3.725600618054e-05, 1.0588e+03, 2.0496e+01, 
 1DIAGNOSTIC,    36, -8.745462298393e-01, 3.434628160903e-05, 1.0795e+03, 2.0698e+01, 
 1DIAGNOSTIC,    37, -8.746861815453e-01, 3.171368734911e-05, 1.1002e+03, 2.0629e+01, 
 1DIAGNOSTIC,    38, -8.748139739037e-01, 2.927886635007e-05, 1.1208e+03, 2.0646e+01, 
 1DIAGNOSTIC,    39, -8.749364018440e-01, 2.701655466808e-05, 1.1415e+03, 2.0656e+01, 
 1DIAGNOSTIC,    40, -8.750532865524e-01, 2.495646549505e-05, 1.1618e+03, 2.0360e+01, 
 1DIAGNOSTIC,    41, -8.751637339592e-01, 2.308884904778e-05, 1.1824e+03, 2.0587e+01, 
 1DIAGNOSTIC,    42, -8.752644062042e-01, 2.134887472494e-05, 1.2031e+03, 2.0713e+01, 
 1DIAGNOSTIC,    43, -8.753654956818e-01, 1.976568455575e-05, 1.2240e+03, 2.0847e+01, 
 1DIAGNOSTIC,    44, -8.754588365555e-01, 1.829339089454e-05, 1.2445e+03, 2.0501e+01, 
 1DIAGNOSTIC,    45, -8.755524754524e-01, 1.698545202089e-05, 1.2649e+03, 2.0439e+01, 
 1DIAGNOSTIC,    46, -8.756402730942e-01, 1.582195363881e-05, 1.2856e+03, 2.0703e+01, 
 1DIAGNOSTIC,    47, -8.757221102715e-01, 1.478448302805e-05, 1.3060e+03, 2.0371e+01, 
 1DIAGNOSTIC,    48, -8.758039474487e-01, 1.385021460010e-05, 1.3265e+03, 2.0545e+01, 
 1DIAGNOSTIC,    49, -8.758804798126e-01, 1.300066378462e-05, 1.3470e+03, 2.0471e+01, 
 1DIAGNOSTIC,    50, -8.759498596191e-01, 1.220305512106e-05, 1.3675e+03, 2.0494e+01, 
 1DIAGNOSTIC,    51, -8.760161995888e-01, 1.144768066297e-05, 1.3881e+03, 2.0608e+01, 
 1DIAGNOSTIC,    52, -8.760833740234e-01, 1.072488430509e-05, 1.4086e+03, 2.0548e+01, 
 1DIAGNOSTIC,    53, -8.761529326439e-01, 1.009814241115e-05, 1.4293e+03, 2.0681e+01, 
 1DIAGNOSTIC,    54, -8.762131929398e-01, 9.498607141722e-06, 1.4500e+03, 2.0687e+01, 
 1DIAGNOSTIC,    55, -8.762724399567e-01, 8.963337677415e-06, 1.4708e+03, 2.0791e+01, 
 1DIAGNOSTIC,    56, -8.763275146484e-01, 8.465891369269e-06, 1.4915e+03, 2.0691e+01, 
 1DIAGNOSTIC,    57, -8.763853907585e-01, 8.017140316952e-06, 1.5120e+03, 2.0463e+01, 
 1DIAGNOSTIC,    58, -8.764350414276e-01, 7.596253453812e-06, 1.5327e+03, 2.0745e+01, 
 1DIAGNOSTIC,    59, -8.764865398407e-01, 7.212734999484e-06, 1.5534e+03, 2.0701e+01, 
 1DIAGNOSTIC,    60, -8.765323162079e-01, 6.819646841905e-06, 1.5741e+03, 2.0651e+01, 
 1DIAGNOSTIC,    61, -8.765802383423e-01, 6.438692707889e-06, 1.5949e+03, 2.0842e+01, 
 1DIAGNOSTIC,    62, -8.766103386879e-01, 6.004171154927e-06, 1.6155e+03, 2.0635e+01, 
 1DIAGNOSTIC,    63, -8.766567707062e-01, 5.651203537127e-06, 1.6361e+03, 2.0545e+01, 
 1DIAGNOSTIC,    64, -8.766982555389e-01, 5.325033725967e-06, 1.6567e+03, 2.0588e+01, 
 1DIAGNOSTIC,    65, -8.767443299294e-01, 5.065963250672e-06, 1.6772e+03, 2.0525e+01, 
 1DIAGNOSTIC,    66, -8.767802715302e-01, 4.817155058845e-06, 1.6979e+03, 2.0715e+01, 
 1DIAGNOSTIC,    67, -8.768186569214e-01, 4.623421773431e-06, 1.7187e+03, 2.0786e+01, 
 1DIAGNOSTIC,    68, -8.768512606621e-01, 4.424970484251e-06, 1.7395e+03, 2.0798e+01, 
 1DIAGNOSTIC,    69, -8.768866062164e-01, 4.255918156559e-06, 1.7601e+03, 2.0632e+01, 
 1DIAGNOSTIC,    70, -8.769180774689e-01, 4.079739937879e-06, 1.7806e+03, 2.0469e+01, 
XXDIAGNOSTIC,Iteration,metricValue,convergenceValue,ITERATION_TIME_INDEX,SINCE_LAST
 1DIAGNOSTIC,     1, -7.047372460365e-01, inf, 1.9493e+03, 1.6874e+02, 
 1DIAGNOSTIC,     2, -7.067599892616e-01, inf, 2.1143e+03, 1.6494e+02, 
 1DIAGNOSTIC,     3, -7.087102532387e-01, inf, 2.2808e+03, 1.6650e+02, 
 1DIAGNOSTIC,     4, -7.106718420982e-01, inf, 2.4466e+03, 1.6584e+02, 
 1DIAGNOSTIC,     5, -7.127566337585e-01, inf, 2.6115e+03, 1.6488e+02, 
 1DIAGNOSTIC,     6, -7.145141363144e-01, inf, 2.7779e+03, 1.6645e+02, 
 1DIAGNOSTIC,     7, -7.161632776260e-01, inf, 2.9438e+03, 1.6585e+02, 
 1DIAGNOSTIC,     8, -7.176648378372e-01, inf, 3.1080e+03, 1.6420e+02, 
 1DIAGNOSTIC,     9, -7.190284729004e-01, inf, 3.2737e+03, 1.6575e+02, 
 1DIAGNOSTIC,    10, -7.202765941620e-01, 1.413944992237e-03, 3.4411e+03, 1.6736e+02, 
 1DIAGNOSTIC,    11, -7.214224338531e-01, 1.204419764690e-03, 3.6077e+03, 1.6657e+02, 
 1DIAGNOSTIC,    12, -7.224900722504e-01, 1.023703138344e-03, 3.7742e+03, 1.6651e+02, 
 1DIAGNOSTIC,    13, -7.234001159668e-01, 8.652232354507e-04, 3.9407e+03, 1.6655e+02, 
 1DIAGNOSTIC,    14, -7.242535948753e-01, 7.299701683223e-04, 4.1074e+03, 1.6662e+02, 
 1DIAGNOSTIC,    15, -7.250699400902e-01, 6.223776726983e-04, 4.2752e+03, 1.6787e+02, 
 1DIAGNOSTIC,    16, -7.257509231567e-01, 5.311014247127e-04, 4.4436e+03, 1.6835e+02, 
 1DIAGNOSTIC,    17, -7.265024185181e-01, 4.572635516524e-04, 4.6106e+03, 1.6698e+02, 
 1DIAGNOSTIC,    18, -7.271294593811e-01, 3.958526940551e-04, 4.7778e+03, 1.6726e+02, 
 1DIAGNOSTIC,    19, -7.278368473053e-01, 3.470944648143e-04, 4.9455e+03, 1.6773e+02, 
 1DIAGNOSTIC,    20, -7.284117341042e-01, 3.067091747653e-04, 5.1081e+03, 1.6254e+02, 
  Elapsed time (stage 2): 5110


Total elapsed time: 5145
Using single precision for computations.
Input scalar image: /home/mpib/nemecz/Projects/miniTRK/Results/01_MRI/GroupTempl/T1w/T_template0sub-766406_T1wRepaired.nii.gz
Reference image: /home/mpib/nemecz/Projects/miniTRK/Results/01_MRI/GroupTempl/T1w/T_template0.nii.gz
=============================================================================
The composite transform comprises the following transforms (in order): 
  1. /home/mpib/nemecz/Projects/miniTRK/Results/01_MRI/GroupTempl/T1w/T_sub-766406_T1w290GenericAffine.mat (type = AffineTransform)
  2. /home/mpib/nemecz/Projects/miniTRK/Results/01_MRI/GroupTempl/T1w/T_sub-766406_T1w291Warp.nii.gz (type = DisplacementFieldTransform)
=============================================================================
Default pixel value: 0
Interpolation type: LinearInterpolateImageFunction
Output warped image: /home/mpib/nemecz/Projects/miniTRK/Results/01_MRI/GroupTempl/T1w/T_template0sub-766406_T1w29WarpedToTemplate.nii.gz
