
Running N4 for 3-dimensional images.

Mask not read.  Using the entire image as the mask.

Original intensity range:  [0, 976]

***********************************************************
Warning:  Your input image contains nonpositive values
which could cause failure or problematic results.  A
possible workaround would be to:
   1. rescale your image to positive values e.g., [10,100].
   2. run N4 on your rescaled image.
   3. (optional) rescale the N4 output to the original
      intensity range.
***********************************************************

Specified spline distance: 200mm
  original image size:  [192, 256, 256]
  padded image size:  [201, 401, 401]
  number of control points:  [4, 5, 5]

Current level = 1
  Iteration 1 (of 50).   Current convergence value = 0.000531802 (threshold = 1e-08)
  Iteration 2 (of 50).   Current convergence value = 0.000494191 (threshold = 1e-08)
  Iteration 3 (of 50).   Current convergence value = 0.000395001 (threshold = 1e-08)
  Iteration 4 (of 50).   Current convergence value = 0.000313375 (threshold = 1e-08)
  Iteration 5 (of 50).   Current convergence value = 0.000249241 (threshold = 1e-08)
  Iteration 6 (of 50).   Current convergence value = 0.000199973 (threshold = 1e-08)
  Iteration 7 (of 50).   Current convergence value = 0.000162356 (threshold = 1e-08)
  Iteration 8 (of 50).   Current convergence value = 0.000132707 (threshold = 1e-08)
  Iteration 9 (of 50).   Current convergence value = 0.000109525 (threshold = 1e-08)
  Iteration 10 (of 50).   Current convergence value = 9.10113e-05 (threshold = 1e-08)
  Iteration 11 (of 50).   Current convergence value = 7.6215e-05 (threshold = 1e-08)
  Iteration 12 (of 50).   Current convergence value = 6.47117e-05 (threshold = 1e-08)
  Iteration 13 (of 50).   Current convergence value = 5.64801e-05 (threshold = 1e-08)
  Iteration 14 (of 50).   Current convergence value = 5.02927e-05 (threshold = 1e-08)
  Iteration 15 (of 50).   Current convergence value = 4.58731e-05 (threshold = 1e-08)
  Iteration 16 (of 50).   Current convergence value = 4.24119e-05 (threshold = 1e-08)
  Iteration 17 (of 50).   Current convergence value = 3.95777e-05 (threshold = 1e-08)
  Iteration 18 (of 50).   Current convergence value = 3.72891e-05 (threshold = 1e-08)
  Iteration 19 (of 50).   Current convergence value = 3.54772e-05 (threshold = 1e-08)
  Iteration 20 (of 50).   Current convergence value = 3.4136e-05 (threshold = 1e-08)
  Iteration 21 (of 50).   Current convergence value = 3.32474e-05 (threshold = 1e-08)
  Iteration 22 (of 50).   Current convergence value = 3.25725e-05 (threshold = 1e-08)
  Iteration 23 (of 50).   Current convergence value = 3.19259e-05 (threshold = 1e-08)
  Iteration 24 (of 50).   Current convergence value = 3.15036e-05 (threshold = 1e-08)
  Iteration 25 (of 50).   Current convergence value = 3.11166e-05 (threshold = 1e-08)
  Iteration 26 (of 50).   Current convergence value = 3.07482e-05 (threshold = 1e-08)
  Iteration 27 (of 50).   Current convergence value = 3.04362e-05 (threshold = 1e-08)
  Iteration 28 (of 50).   Current convergence value = 3.00898e-05 (threshold = 1e-08)
  Iteration 29 (of 50).   Current convergence value = 2.9879e-05 (threshold = 1e-08)
  Iteration 30 (of 50).   Current convergence value = 2.97234e-05 (threshold = 1e-08)
  Iteration 31 (of 50).   Current convergence value = 2.96613e-05 (threshold = 1e-08)
  Iteration 32 (of 50).   Current convergence value = 2.97041e-05 (threshold = 1e-08)
  Iteration 33 (of 50).   Current convergence value = 2.9726e-05 (threshold = 1e-08)
  Iteration 34 (of 50).   Current convergence value = 2.97725e-05 (threshold = 1e-08)
  Iteration 35 (of 50).   Current convergence value = 2.98852e-05 (threshold = 1e-08)
  Iteration 36 (of 50).   Current convergence value = 2.99357e-05 (threshold = 1e-08)
  Iteration 37 (of 50).   Current convergence value = 3.006e-05 (threshold = 1e-08)
  Iteration 38 (of 50).   Current convergence value = 3.01841e-05 (threshold = 1e-08)
  Iteration 39 (of 50).   Current convergence value = 3.02282e-05 (threshold = 1e-08)
  Iteration 40 (of 50).   Current convergence value = 3.05632e-05 (threshold = 1e-08)
  Iteration 41 (of 50).   Current convergence value = 3.07869e-05 (threshold = 1e-08)
  Iteration 42 (of 50).   Current convergence value = 3.11497e-05 (threshold = 1e-08)
  Iteration 43 (of 50).   Current convergence value = 3.13361e-05 (threshold = 1e-08)
  Iteration 44 (of 50).   Current convergence value = 3.1639e-05 (threshold = 1e-08)
  Iteration 45 (of 50).   Current convergence value = 3.1793e-05 (threshold = 1e-08)
  Iteration 46 (of 50).   Current convergence value = 3.208e-05 (threshold = 1e-08)
  Iteration 47 (of 50).   Current convergence value = 3.23479e-05 (threshold = 1e-08)
  Iteration 48 (of 50).   Current convergence value = 3.26535e-05 (threshold = 1e-08)
  Iteration 49 (of 50).   Current convergence value = 3.29007e-05 (threshold = 1e-08)
  Iteration 50 (of 50).   Current convergence value = 3.30893e-05 (threshold = 1e-08)
Current level = 2
  Iteration 1 (of 50).   Current convergence value = 0.000376621 (threshold = 1e-08)
  Iteration 2 (of 50).   Current convergence value = 0.00035982 (threshold = 1e-08)
  Iteration 3 (of 50).   Current convergence value = 0.00034862 (threshold = 1e-08)
  Iteration 4 (of 50).   Current convergence value = 0.000340255 (threshold = 1e-08)
  Iteration 5 (of 50).   Current convergence value = 0.000333443 (threshold = 1e-08)
  Iteration 6 (of 50).   Current convergence value = 0.000327138 (threshold = 1e-08)
  Iteration 7 (of 50).   Current convergence value = 0.000321211 (threshold = 1e-08)
  Iteration 8 (of 50).   Current convergence value = 0.000315978 (threshold = 1e-08)
  Iteration 9 (of 50).   Current convergence value = 0.000310521 (threshold = 1e-08)
  Iteration 10 (of 50).   Current convergence value = 0.000305254 (threshold = 1e-08)
  Iteration 11 (of 50).   Current convergence value = 0.0003003 (threshold = 1e-08)
  Iteration 12 (of 50).   Current convergence value = 0.000295515 (threshold = 1e-08)
  Iteration 13 (of 50).   Current convergence value = 0.00029054 (threshold = 1e-08)
  Iteration 14 (of 50).   Current convergence value = 0.000285866 (threshold = 1e-08)
  Iteration 15 (of 50).   Current convergence value = 0.00028174 (threshold = 1e-08)
  Iteration 16 (of 50).   Current convergence value = 0.00027796 (threshold = 1e-08)
  Iteration 17 (of 50).   Current convergence value = 0.000274034 (threshold = 1e-08)
  Iteration 18 (of 50).   Current convergence value = 0.000270582 (threshold = 1e-08)
  Iteration 19 (of 50).   Current convergence value = 0.000267266 (threshold = 1e-08)
  Iteration 20 (of 50).   Current convergence value = 0.000264121 (threshold = 1e-08)
  Iteration 21 (of 50).   Current convergence value = 0.000261079 (threshold = 1e-08)
  Iteration 22 (of 50).   Current convergence value = 0.000258152 (threshold = 1e-08)
  Iteration 23 (of 50).   Current convergence value = 0.000255425 (threshold = 1e-08)
  Iteration 24 (of 50).   Current convergence value = 0.000252362 (threshold = 1e-08)
  Iteration 25 (of 50).   Current convergence value = 0.000249111 (threshold = 1e-08)
  Iteration 26 (of 50).   Current convergence value = 0.000245976 (threshold = 1e-08)
  Iteration 27 (of 50).   Current convergence value = 0.000242906 (threshold = 1e-08)
  Iteration 28 (of 50).   Current convergence value = 0.000239814 (threshold = 1e-08)
  Iteration 29 (of 50).   Current convergence value = 0.000236782 (threshold = 1e-08)
  Iteration 30 (of 50).   Current convergence value = 0.000233977 (threshold = 1e-08)
  Iteration 31 (of 50).   Current convergence value = 0.000231276 (threshold = 1e-08)
  Iteration 32 (of 50).   Current convergence value = 0.000228756 (threshold = 1e-08)
  Iteration 33 (of 50).   Current convergence value = 0.00022628 (threshold = 1e-08)
  Iteration 34 (of 50).   Current convergence value = 0.000223899 (threshold = 1e-08)
  Iteration 35 (of 50).   Current convergence value = 0.000221423 (threshold = 1e-08)
  Iteration 36 (of 50).   Current convergence value = 0.000219115 (threshold = 1e-08)
  Iteration 37 (of 50).   Current convergence value = 0.00021672 (threshold = 1e-08)
  Iteration 38 (of 50).   Current convergence value = 0.000214358 (threshold = 1e-08)
  Iteration 39 (of 50).   Current convergence value = 0.000212297 (threshold = 1e-08)
  Iteration 40 (of 50).   Current convergence value = 0.000210254 (threshold = 1e-08)
  Iteration 41 (of 50).   Current convergence value = 0.000208205 (threshold = 1e-08)
  Iteration 42 (of 50).   Current convergence value = 0.000206128 (threshold = 1e-08)
  Iteration 43 (of 50).   Current convergence value = 0.000204238 (threshold = 1e-08)
  Iteration 44 (of 50).   Current convergence value = 0.000202377 (threshold = 1e-08)
  Iteration 45 (of 50).   Current convergence value = 0.00020061 (threshold = 1e-08)
  Iteration 46 (of 50).   Current convergence value = 0.000198896 (threshold = 1e-08)
  Iteration 47 (of 50).   Current convergence value = 0.000197279 (threshold = 1e-08)
  Iteration 48 (of 50).   Current convergence value = 0.000195528 (threshold = 1e-08)
  Iteration 49 (of 50).   Current convergence value = 0.000193908 (threshold = 1e-08)
  Iteration 50 (of 50).   Current convergence value = 0.00019234 (threshold = 1e-08)
Current level = 3
  Iteration 1 (of 40).   Current convergence value = 0.00127021 (threshold = 1e-08)
  Iteration 2 (of 40).   Current convergence value = 0.00120193 (threshold = 1e-08)
  Iteration 3 (of 40).   Current convergence value = 0.00118744 (threshold = 1e-08)
  Iteration 4 (of 40).   Current convergence value = 0.00119531 (threshold = 1e-08)
  Iteration 5 (of 40).   Current convergence value = 0.00121763 (threshold = 1e-08)
  Iteration 6 (of 40).   Current convergence value = 0.00123563 (threshold = 1e-08)
  Iteration 7 (of 40).   Current convergence value = 0.00124125 (threshold = 1e-08)
  Iteration 8 (of 40).   Current convergence value = 0.00123197 (threshold = 1e-08)
  Iteration 9 (of 40).   Current convergence value = 0.00122203 (threshold = 1e-08)
  Iteration 10 (of 40).   Current convergence value = 0.00121232 (threshold = 1e-08)
  Iteration 11 (of 40).   Current convergence value = 0.00120179 (threshold = 1e-08)
  Iteration 12 (of 40).   Current convergence value = 0.00118833 (threshold = 1e-08)
  Iteration 13 (of 40).   Current convergence value = 0.00115233 (threshold = 1e-08)
  Iteration 14 (of 40).   Current convergence value = 0.00112085 (threshold = 1e-08)
  Iteration 15 (of 40).   Current convergence value = 0.00109171 (threshold = 1e-08)
  Iteration 16 (of 40).   Current convergence value = 0.00106849 (threshold = 1e-08)
  Iteration 17 (of 40).   Current convergence value = 0.00105119 (threshold = 1e-08)
  Iteration 18 (of 40).   Current convergence value = 0.00103919 (threshold = 1e-08)
  Iteration 19 (of 40).   Current convergence value = 0.00103151 (threshold = 1e-08)
  Iteration 20 (of 40).   Current convergence value = 0.00102775 (threshold = 1e-08)
  Iteration 21 (of 40).   Current convergence value = 0.00102698 (threshold = 1e-08)
  Iteration 22 (of 40).   Current convergence value = 0.00102731 (threshold = 1e-08)
  Iteration 23 (of 40).   Current convergence value = 0.00101051 (threshold = 1e-08)
  Iteration 24 (of 40).   Current convergence value = 0.000974293 (threshold = 1e-08)
  Iteration 25 (of 40).   Current convergence value = 0.000913884 (threshold = 1e-08)
  Iteration 26 (of 40).   Current convergence value = 0.000864464 (threshold = 1e-08)
  Iteration 27 (of 40).   Current convergence value = 0.000823664 (threshold = 1e-08)
  Iteration 28 (of 40).   Current convergence value = 0.000789956 (threshold = 1e-08)
  Iteration 29 (of 40).   Current convergence value = 0.000761376 (threshold = 1e-08)
  Iteration 30 (of 40).   Current convergence value = 0.000737747 (threshold = 1e-08)
  Iteration 31 (of 40).   Current convergence value = 0.000718081 (threshold = 1e-08)
  Iteration 32 (of 40).   Current convergence value = 0.00070198 (threshold = 1e-08)
  Iteration 33 (of 40).   Current convergence value = 0.000689356 (threshold = 1e-08)
  Iteration 34 (of 40).   Current convergence value = 0.000679384 (threshold = 1e-08)
  Iteration 35 (of 40).   Current convergence value = 0.000671917 (threshold = 1e-08)
  Iteration 36 (of 40).   Current convergence value = 0.000666839 (threshold = 1e-08)
  Iteration 37 (of 40).   Current convergence value = 0.000663414 (threshold = 1e-08)
  Iteration 38 (of 40).   Current convergence value = 0.000661843 (threshold = 1e-08)
  Iteration 39 (of 40).   Current convergence value = 0.000661615 (threshold = 1e-08)
  Iteration 40 (of 40).   Current convergence value = 0.000662803 (threshold = 1e-08)
Current level = 4
  Iteration 1 (of 30).   Current convergence value = 0.00218229 (threshold = 1e-08)
  Iteration 2 (of 30).   Current convergence value = 0.00197827 (threshold = 1e-08)
  Iteration 3 (of 30).   Current convergence value = 0.00176069 (threshold = 1e-08)
  Iteration 4 (of 30).   Current convergence value = 0.00158782 (threshold = 1e-08)
  Iteration 5 (of 30).   Current convergence value = 0.0014387 (threshold = 1e-08)
  Iteration 6 (of 30).   Current convergence value = 0.00132536 (threshold = 1e-08)
  Iteration 7 (of 30).   Current convergence value = 0.0012369 (threshold = 1e-08)
  Iteration 8 (of 30).   Current convergence value = 0.00116153 (threshold = 1e-08)
  Iteration 9 (of 30).   Current convergence value = 0.00109849 (threshold = 1e-08)
  Iteration 10 (of 30).   Current convergence value = 0.00104313 (threshold = 1e-08)
  Iteration 11 (of 30).   Current convergence value = 0.000993362 (threshold = 1e-08)
  Iteration 12 (of 30).   Current convergence value = 0.000948274 (threshold = 1e-08)
  Iteration 13 (of 30).   Current convergence value = 0.000907293 (threshold = 1e-08)
  Iteration 14 (of 30).   Current convergence value = 0.000870141 (threshold = 1e-08)
  Iteration 15 (of 30).   Current convergence value = 0.000836668 (threshold = 1e-08)
  Iteration 16 (of 30).   Current convergence value = 0.000806692 (threshold = 1e-08)
  Iteration 17 (of 30).   Current convergence value = 0.000780792 (threshold = 1e-08)
  Iteration 18 (of 30).   Current convergence value = 0.000758657 (threshold = 1e-08)
  Iteration 19 (of 30).   Current convergence value = 0.000741767 (threshold = 1e-08)
  Iteration 20 (of 30).   Current convergence value = 0.000725687 (threshold = 1e-08)
  Iteration 21 (of 30).   Current convergence value = 0.000712904 (threshold = 1e-08)
  Iteration 22 (of 30).   Current convergence value = 0.000703847 (threshold = 1e-08)
  Iteration 23 (of 30).   Current convergence value = 0.000665179 (threshold = 1e-08)
  Iteration 24 (of 30).   Current convergence value = 0.000623987 (threshold = 1e-08)
  Iteration 25 (of 30).   Current convergence value = 0.000589326 (threshold = 1e-08)
  Iteration 26 (of 30).   Current convergence value = 0.00056178 (threshold = 1e-08)
  Iteration 27 (of 30).   Current convergence value = 0.000536854 (threshold = 1e-08)
  Iteration 28 (of 30).   Current convergence value = 0.000515022 (threshold = 1e-08)
  Iteration 29 (of 30).   Current convergence value = 0.000495834 (threshold = 1e-08)
  Iteration 30 (of 30).   Current convergence value = 0.000478648 (threshold = 1e-08)
   N4BiasFieldCorrectionImageFilter (0x556c3a6c8e20)
     RTTI typeinfo:   itk::N4BiasFieldCorrectionImageFilter<itk::Image<float, 3u>, itk::Image<float, 3u>, itk::Image<float, 3u> >
     Reference Count: 1
     Modified Time: 565
     Debug: Off
     Object Name: 
     Observers: 
       IterationEvent(Command)
     Inputs: 
       ConfidenceImage: (0)
       MaskImage: (0x556c3a6f3580)
       Primary: (0x556c3a6ee9e0) *
     Indexed Inputs: 
       0: Primary (0x556c3a6ee9e0)
       1: MaskImage (0x556c3a6f3580)
       2: ConfidenceImage (0)
     Required Input Names: Primary
     NumberOfRequiredInputs: 1
     Outputs: 
       Primary: (0x556c3a6d8ef0)
     Indexed Outputs: 
       0: Primary (0x556c3a6d8ef0)
     NumberOfRequiredOutputs: 1
     Number Of Work Units: 32
     ReleaseDataFlag: Off
     ReleaseDataBeforeUpdateFlag: Off
     AbortGenerateData: Off
     Progress: 0
     Multithreader: 
       RTTI typeinfo:   itk::PoolMultiThreader
       Reference Count: 1
       Modified Time: 144
       Debug: Off
       Object Name: 
       Observers: 
         none
       Number of Work Units: 32
       Number of Threads: 8
       Global Maximum Number Of Threads: 128
       Global Default Number Of Threads: 8
       Global Default Threader Type: itk::MultiThreaderBaseEnums::Threader::Pool
       SingleMethod: 0
       SingleData: 0
     DynamicMultiThreading: On
     CoordinateTolerance: 1e-06
     DirectionTolerance: 1e-06
     Use Mask Label: 0
     Mask label: 1
     Number of histogram bins: 200
     Wiener filter noise: 0.01
     Bias field FWHM: 0.15
     Maximum number of iterations: [50, 50, 40, 30]
     Convergence threshold: 1e-08
     Spline order: 3
     Number of fitting levels: [4, 4, 4]
     Number of control points: [4, 5, 5]
     CurrentConvergenceMeasurement: 0.000478648
     CurrentLevel: 4
     ElapsedIterations: 31
     LogBiasFieldControlPointLattice: 
       Image (0x556c45a68b90)
         RTTI typeinfo:   itk::Image<itk::Vector<float, 1u>, 3u>
         Reference Count: 1
         Modified Time: 343560
         Debug: Off
         Object Name: 
         Observers: 
           none
         Source: (none)
         Source output name: (none)
         Release Data: Off
         Data Released: False
         Global Release Data: Off
         PipelineMTime: 0
         UpdateMTime: 0
         RealTimeStamp: 0 seconds 
         LargestPossibleRegion: 
           Dimension: 3
           Index: [0, 0, 0]
           Size: [11, 19, 19]
         BufferedRegion: 
           Dimension: 3
           Index: [0, 0, 0]
           Size: [11, 19, 19]
         RequestedRegion: 
           Dimension: 3
           Index: [0, 0, 0]
           Size: [11, 19, 19]
         Spacing: [24.75, 24.875, 24.875]
         Origin: [23.9501, 21.9976, -28.153]
         Direction: 
-0.999708 0.00972689 0.0221373
-0.00709597 -0.993228 0.115964
0.0231153 0.115773 0.993007

         IndexToPointMatrix: 
-24.7428 0.241956 0.550665
-0.175625 -24.7065 2.8846
0.572105 2.87985 24.701

         PointToIndexMatrix: 
-0.0403922 -0.000286706 0.000933953
0.000391031 -0.0399288 0.00465419
0.000889941 0.00466187 0.0399199

         Inverse Direction: 
-0.999708 -0.00709597 0.0231153
0.00972689 -0.993228 0.115773
0.0221373 0.115964 0.993007

         PixelContainer: 
           ImportImageContainer (0x556c411ca420)
             RTTI typeinfo:   itk::ImportImageContainer<unsigned long, itk::Vector<float, 1u> >
             Reference Count: 1
             Modified Time: 343561
             Debug: Off
             Object Name: 
             Observers: 
               none
             Pointer: 0x556c448946a0
             Container manages memory: true
             Size: 3971
             Capacity: 3971
Elapsed time: 282.745
All_Command_lines_OK
Using single precision for computations.
=============================================================================
The composite transform comprises the following transforms (in order): 
  1. Center of mass alignment using fixed image: /home/mpib/nemecz/Projects/miniTRK/Results/01_MRI/GroupTempl/T1w/T_template0.nii.gz and moving image: /home/mpib/nemecz/Projects/miniTRK/Analysis/01_MRI/Preproc/GroupTempl/T1w/sub-396248_T1w.nii.gz (type = Euler3DTransform)
=============================================================================
  number of levels = 4
  number of levels = 4
  number of levels = 4
  fixed image: /home/mpib/nemecz/Projects/miniTRK/Results/01_MRI/GroupTempl/T1w/T_template0.nii.gz
  moving image: /home/mpib/nemecz/Projects/miniTRK/Results/01_MRI/GroupTempl/T1w/T_template0sub-396248_T1wRepaired.nii.gz
  fixed image: /home/mpib/nemecz/Projects/miniTRK/Results/01_MRI/GroupTempl/T1w/T_template0.nii.gz
  moving image: /home/mpib/nemecz/Projects/miniTRK/Results/01_MRI/GroupTempl/T1w/T_template0sub-396248_T1wRepaired.nii.gz
  fixed image: /home/mpib/nemecz/Projects/miniTRK/Results/01_MRI/GroupTempl/T1w/T_template0.nii.gz
  moving image: /home/mpib/nemecz/Projects/miniTRK/Results/01_MRI/GroupTempl/T1w/T_template0sub-396248_T1wRepaired.nii.gz
Dimension = 3
Number of stages = 3
Use Histogram Matching true
Winsorize image intensities true
Lower quantile = 0.01
Upper quantile = 0.99
Stage 1 State
   Image metric = Mattes
     Fixed image = Image (0x55bca3904ad0)
  RTTI typeinfo:   itk::Image<float, 3u>
  Reference Count: 2
  Modified Time: 1721
  Debug: Off
  Object Name: 
  Observers: 
    none
  Source: (none)
  Source output name: (none)
  Release Data: Off
  Data Released: False
  Global Release Data: Off
  PipelineMTime: 0
  UpdateMTime: 1506
  RealTimeStamp: 0 seconds 
  LargestPossibleRegion: 
    Dimension: 3
    Index: [0, 0, 0]
    Size: [192, 256, 256]
  BufferedRegion: 
    Dimension: 3
    Index: [0, 0, 0]
    Size: [192, 256, 256]
  RequestedRegion: 
    Dimension: 3
    Index: [0, 0, 0]
    Size: [192, 256, 256]
  Spacing: [1, 1, 1]
  Origin: [95.0313, 100.538, -154.123]
  Direction: 
-0.999853 -0.014134 -0.00966312
0.014129 -0.9999 0.000586045
-0.00967044 0.000449429 0.999953

  IndexToPointMatrix: 
-0.999853 -0.014134 -0.00966312
0.014129 -0.9999 0.000586045
-0.00967044 0.000449429 0.999953

  PointToIndexMatrix: 
-0.999853 0.014129 -0.00967044
-0.014134 -0.9999 0.000449429
-0.00966312 0.000586045 0.999953

  Inverse Direction: 
-0.999853 0.014129 -0.00967044
-0.014134 -0.9999 0.000449429
-0.00966312 0.000586045 0.999953

  PixelContainer: 
    ImportImageContainer (0x55bca390cc80)
      RTTI typeinfo:   itk::ImportImageContainer<unsigned long, float>
      Reference Count: 1
      Modified Time: 1503
      Debug: Off
      Object Name: 
      Observers: 
        none
      Pointer: 0x7f576d816010
      Container manages memory: true
      Size: 12582912
      Capacity: 12582912

     Moving image = Image (0x55bca3910e40)
  RTTI typeinfo:   itk::Image<float, 3u>
  Reference Count: 2
  Modified Time: 1722
  Debug: Off
  Object Name: 
  Observers: 
    none
  Source: (none)
  Source output name: (none)
  Release Data: Off
  Data Released: False
  Global Release Data: Off
  PipelineMTime: 0
  UpdateMTime: 1719
  RealTimeStamp: 0 seconds 
  LargestPossibleRegion: 
    Dimension: 3
    Index: [0, 0, 0]
    Size: [192, 256, 256]
  BufferedRegion: 
    Dimension: 3
    Index: [0, 0, 0]
    Size: [192, 256, 256]
  RequestedRegion: 
    Dimension: 3
    Index: [0, 0, 0]
    Size: [192, 256, 256]
  Spacing: [1, 1, 1]
  Origin: [90.0925, 91.1377, -159.943]
  Direction: 
-0.999708 0.00972689 0.0221373
-0.00709597 -0.993228 0.115964
0.0231153 0.115773 0.993007

  IndexToPointMatrix: 
-0.999708 0.00972689 0.0221373
-0.00709597 -0.993228 0.115964
0.0231153 0.115773 0.993007

  PointToIndexMatrix: 
-0.999708 -0.00709597 0.0231153
0.00972689 -0.993228 0.115773
0.0221373 0.115964 0.993007

  Inverse Direction: 
-0.999708 -0.00709597 0.0231153
0.00972689 -0.993228 0.115773
0.0221373 0.115964 0.993007

  PixelContainer: 
    ImportImageContainer (0x55bca39082d0)
      RTTI typeinfo:   itk::ImportImageContainer<unsigned long, float>
      Reference Count: 1
      Modified Time: 1716
      Debug: Off
      Object Name: 
      Observers: 
        none
      Pointer: 0x7f576a815010
      Container manages memory: true
      Size: 12582912
      Capacity: 12582912

     Weighting = 1
     Sampling strategy = regular
     Number of bins = 32
     Radius = 4
     Sampling percentage  = 0.25
   Transform = Rigid
     Gradient step = 0.1
     Update field sigma (voxel space) = 0
     Total field sigma (voxel space) = 0
     Update field time sigma = 0
     Total field time sigma  = 0
     Number of time indices = 0
     Number of time point samples = 0
Stage 2 State
   Image metric = Mattes
     Fixed image = Image (0x55bca391d8d0)
  RTTI typeinfo:   itk::Image<float, 3u>
  Reference Count: 2
  Modified Time: 2149
  Debug: Off
  Object Name: 
  Observers: 
    none
  Source: (none)
  Source output name: (none)
  Release Data: Off
  Data Released: False
  Global Release Data: Off
  PipelineMTime: 0
  UpdateMTime: 1934
  RealTimeStamp: 0 seconds 
  LargestPossibleRegion: 
    Dimension: 3
    Index: [0, 0, 0]
    Size: [192, 256, 256]
  BufferedRegion: 
    Dimension: 3
    Index: [0, 0, 0]
    Size: [192, 256, 256]
  RequestedRegion: 
    Dimension: 3
    Index: [0, 0, 0]
    Size: [192, 256, 256]
  Spacing: [1, 1, 1]
  Origin: [95.0313, 100.538, -154.123]
  Direction: 
-0.999853 -0.014134 -0.00966312
0.014129 -0.9999 0.000586045
-0.00967044 0.000449429 0.999953

  IndexToPointMatrix: 
-0.999853 -0.014134 -0.00966312
0.014129 -0.9999 0.000586045
-0.00967044 0.000449429 0.999953

  PointToIndexMatrix: 
-0.999853 0.014129 -0.00967044
-0.014134 -0.9999 0.000449429
-0.00966312 0.000586045 0.999953

  Inverse Direction: 
-0.999853 0.014129 -0.00967044
-0.014134 -0.9999 0.000449429
-0.00966312 0.000586045 0.999953

  PixelContainer: 
    ImportImageContainer (0x55bca390d6a0)
      RTTI typeinfo:   itk::ImportImageContainer<unsigned long, float>
      Reference Count: 1
      Modified Time: 1931
      Debug: Off
      Object Name: 
      Observers: 
        none
      Pointer: 0x7f5767814010
      Container manages memory: true
      Size: 12582912
      Capacity: 12582912

     Moving image = Image (0x55bca391d530)
  RTTI typeinfo:   itk::Image<float, 3u>
  Reference Count: 2
  Modified Time: 2150
  Debug: Off
  Object Name: 
  Observers: 
    none
  Source: (none)
  Source output name: (none)
  Release Data: Off
  Data Released: False
  Global Release Data: Off
  PipelineMTime: 0
  UpdateMTime: 2147
  RealTimeStamp: 0 seconds 
  LargestPossibleRegion: 
    Dimension: 3
    Index: [0, 0, 0]
    Size: [192, 256, 256]
  BufferedRegion: 
    Dimension: 3
    Index: [0, 0, 0]
    Size: [192, 256, 256]
  RequestedRegion: 
    Dimension: 3
    Index: [0, 0, 0]
    Size: [192, 256, 256]
  Spacing: [1, 1, 1]
  Origin: [90.0925, 91.1377, -159.943]
  Direction: 
-0.999708 0.00972689 0.0221373
-0.00709597 -0.993228 0.115964
0.0231153 0.115773 0.993007

  IndexToPointMatrix: 
-0.999708 0.00972689 0.0221373
-0.00709597 -0.993228 0.115964
0.0231153 0.115773 0.993007

  PointToIndexMatrix: 
-0.999708 -0.00709597 0.0231153
0.00972689 -0.993228 0.115773
0.0221373 0.115964 0.993007

  Inverse Direction: 
-0.999708 -0.00709597 0.0231153
0.00972689 -0.993228 0.115773
0.0221373 0.115964 0.993007

  PixelContainer: 
    ImportImageContainer (0x55bca391e8a0)
      RTTI typeinfo:   itk::ImportImageContainer<unsigned long, float>
      Reference Count: 1
      Modified Time: 2144
      Debug: Off
      Object Name: 
      Observers: 
        none
      Pointer: 0x7f5764813010
      Container manages memory: true
      Size: 12582912
      Capacity: 12582912

     Weighting = 1
     Sampling strategy = regular
     Number of bins = 32
     Radius = 4
     Sampling percentage  = 0.25
   Transform = Affine
     Gradient step = 0.1
     Update field sigma (voxel space) = 0
     Total field sigma (voxel space) = 0
     Update field time sigma = 0
     Total field time sigma  = 0
     Number of time indices = 0
     Number of time point samples = 0
Stage 3 State
   Image metric = CC
     Fixed image = Image (0x55bca3924a00)
  RTTI typeinfo:   itk::Image<float, 3u>
  Reference Count: 2
  Modified Time: 2577
  Debug: Off
  Object Name: 
  Observers: 
    none
  Source: (none)
  Source output name: (none)
  Release Data: Off
  Data Released: False
  Global Release Data: Off
  PipelineMTime: 0
  UpdateMTime: 2362
  RealTimeStamp: 0 seconds 
  LargestPossibleRegion: 
    Dimension: 3
    Index: [0, 0, 0]
    Size: [192, 256, 256]
  BufferedRegion: 
    Dimension: 3
    Index: [0, 0, 0]
    Size: [192, 256, 256]
  RequestedRegion: 
    Dimension: 3
    Index: [0, 0, 0]
    Size: [192, 256, 256]
  Spacing: [1, 1, 1]
  Origin: [95.0313, 100.538, -154.123]
  Direction: 
-0.999853 -0.014134 -0.00966312
0.014129 -0.9999 0.000586045
-0.00967044 0.000449429 0.999953

  IndexToPointMatrix: 
-0.999853 -0.014134 -0.00966312
0.014129 -0.9999 0.000586045
-0.00967044 0.000449429 0.999953

  PointToIndexMatrix: 
-0.999853 0.014129 -0.00967044
-0.014134 -0.9999 0.000449429
-0.00966312 0.000586045 0.999953

  Inverse Direction: 
-0.999853 0.014129 -0.00967044
-0.014134 -0.9999 0.000449429
-0.00966312 0.000586045 0.999953

  PixelContainer: 
    ImportImageContainer (0x55bca3906b50)
      RTTI typeinfo:   itk::ImportImageContainer<unsigned long, float>
      Reference Count: 1
      Modified Time: 2359
      Debug: Off
      Object Name: 
      Observers: 
        none
      Pointer: 0x7f5761812010
      Container manages memory: true
      Size: 12582912
      Capacity: 12582912

     Moving image = Image (0x55bca3921d50)
  RTTI typeinfo:   itk::Image<float, 3u>
  Reference Count: 2
  Modified Time: 2578
  Debug: Off
  Object Name: 
  Observers: 
    none
  Source: (none)
  Source output name: (none)
  Release Data: Off
  Data Released: False
  Global Release Data: Off
  PipelineMTime: 0
  UpdateMTime: 2575
  RealTimeStamp: 0 seconds 
  LargestPossibleRegion: 
    Dimension: 3
    Index: [0, 0, 0]
    Size: [192, 256, 256]
  BufferedRegion: 
    Dimension: 3
    Index: [0, 0, 0]
    Size: [192, 256, 256]
  RequestedRegion: 
    Dimension: 3
    Index: [0, 0, 0]
    Size: [192, 256, 256]
  Spacing: [1, 1, 1]
  Origin: [90.0925, 91.1377, -159.943]
  Direction: 
-0.999708 0.00972689 0.0221373
-0.00709597 -0.993228 0.115964
0.0231153 0.115773 0.993007

  IndexToPointMatrix: 
-0.999708 0.00972689 0.0221373
-0.00709597 -0.993228 0.115964
0.0231153 0.115773 0.993007

  PointToIndexMatrix: 
-0.999708 -0.00709597 0.0231153
0.00972689 -0.993228 0.115773
0.0221373 0.115964 0.993007

  Inverse Direction: 
-0.999708 -0.00709597 0.0231153
0.00972689 -0.993228 0.115773
0.0221373 0.115964 0.993007

  PixelContainer: 
    ImportImageContainer (0x55bca3920b00)
      RTTI typeinfo:   itk::ImportImageContainer<unsigned long, float>
      Reference Count: 1
      Modified Time: 2572
      Debug: Off
      Object Name: 
      Observers: 
        none
      Pointer: 0x7f575e811010
      Container manages memory: true
      Size: 12582912
      Capacity: 12582912

     Weighting = 1
     Sampling strategy = none
     Number of bins = 32
     Radius = 4
     Sampling percentage  = 1
   Transform = SyN
     Gradient step = 0.1
     Update field sigma (voxel space) = 3
     Total field sigma (voxel space) = 0
     Update field time sigma = 0
     Total field time sigma  = 0
     Number of time indices = 0
     Number of time point samples = 0
Registration using 3 total stages.

Stage 0
  iterations = 1000x500x250x0
  convergence threshold = 1e-06
  convergence window size = 10
  number of levels = 4
  using the Mattes MI metric (number of bins = 32, weight = 1)
  preprocessing:  winsorizing the image intensities
  preprocessing:  histogram matching the images
  Shrink factors (level 1 out of 4): [6, 6, 6]
  Shrink factors (level 2 out of 4): [4, 4, 4]
  Shrink factors (level 3 out of 4): [2, 2, 2]
  Shrink factors (level 4 out of 4): [1, 1, 1]
  smoothing sigmas per level: [4, 2, 1, 0]
  regular sampling (percentage = 0.25)

*** Running Euler3DTransform registration ***

DIAGNOSTIC,Iteration,metricValue,convergenceValue,ITERATION_TIME_INDEX,SINCE_LAST
 2DIAGNOSTIC,     1, -8.701961040497e-01, inf, 1.2403e+00, 1.2403e+00, 
 2DIAGNOSTIC,     2, -8.709550499916e-01, inf, 1.2563e+00, 1.6048e-02, 
 2DIAGNOSTIC,     3, -8.717786073685e-01, inf, 1.2731e+00, 1.6760e-02, 
 2DIAGNOSTIC,     4, -8.725064992905e-01, inf, 1.2938e+00, 2.0727e-02, 
 2DIAGNOSTIC,     5, -8.728470802307e-01, inf, 1.3104e+00, 1.6561e-02, 
 2DIAGNOSTIC,     6, -8.731641769409e-01, inf, 1.3294e+00, 1.9056e-02, 
 2DIAGNOSTIC,     7, -8.733451366425e-01, inf, 1.3460e+00, 1.6620e-02, 
 2DIAGNOSTIC,     8, -8.734486103058e-01, inf, 1.3651e+00, 1.9061e-02, 
 2DIAGNOSTIC,     9, -8.737101554871e-01, inf, 1.3837e+00, 1.8569e-02, 
 2DIAGNOSTIC,    10, -8.737697005272e-01, 2.506242890377e-04, 1.4014e+00, 1.7707e-02, 
 2DIAGNOSTIC,    11, -8.738412261009e-01, 1.740611187415e-04, 1.4218e+00, 2.0414e-02, 
 2DIAGNOSTIC,    12, -8.740012645721e-01, 1.195660006488e-04, 1.4442e+00, 2.2457e-02, 
 2DIAGNOSTIC,    13, -8.739870786667e-01, 8.273740240838e-05, 1.4641e+00, 1.9812e-02, 
 2DIAGNOSTIC,    14, -8.740496039391e-01, 6.216006295290e-05, 1.4887e+00, 2.4623e-02, 
 2DIAGNOSTIC,    15, -8.740929961205e-01, 4.704756429419e-05, 1.5069e+00, 1.8185e-02, 
 2DIAGNOSTIC,    16, -8.740739822388e-01, 3.572195782908e-05, 1.5232e+00, 1.6308e-02, 
 2DIAGNOSTIC,    17, -8.740270137787e-01, 2.519686859159e-05, 1.5402e+00, 1.7071e-02, 
 2DIAGNOSTIC,    18, -8.740699291229e-01, 1.625526056159e-05, 1.5576e+00, 1.7371e-02, 
 2DIAGNOSTIC,    19, -8.740891814232e-01, 1.169755432784e-05, 1.5751e+00, 1.7534e-02, 
 2DIAGNOSTIC,    20, -8.741497397423e-01, 8.585757313995e-06, 1.5923e+00, 1.7164e-02, 
 2DIAGNOSTIC,    21, -8.741474151611e-01, 6.126282642072e-06, 1.6180e+00, 2.5735e-02, 
 2DIAGNOSTIC,    22, -8.741318583488e-01, 5.651716492139e-06, 1.6347e+00, 1.6695e-02, 
 2DIAGNOSTIC,    23, -8.741116523743e-01, 4.327259375714e-06, 1.6549e+00, 2.0174e-02, 
 2DIAGNOSTIC,    24, -8.741152286530e-01, 3.698312184497e-06, 1.6743e+00, 1.9426e-02, 
 2DIAGNOSTIC,    25, -8.741191029549e-01, 3.499101239868e-06, 1.6939e+00, 1.9558e-02, 
 2DIAGNOSTIC,    26, -8.740642666817e-01, 2.202411906183e-06, 1.7115e+00, 1.7583e-02, 
DIAGNOSTIC,Iteration,metricValue,convergenceValue,ITERATION_TIME_INDEX,SINCE_LAST
 2DIAGNOSTIC,     1, -6.727194786072e-01, inf, 2.9904e+00, 1.2789e+00, 
 2DIAGNOSTIC,     2, -6.732401251793e-01, inf, 3.0456e+00, 5.5241e-02, 
 2DIAGNOSTIC,     3, -6.739527583122e-01, inf, 3.0994e+00, 5.3820e-02, 
 2DIAGNOSTIC,     4, -6.745856404305e-01, inf, 3.1499e+00, 5.0512e-02, 
 2DIAGNOSTIC,     5, -6.749768257141e-01, inf, 3.1976e+00, 4.7637e-02, 
 2DIAGNOSTIC,     6, -6.752299666405e-01, inf, 3.2459e+00, 4.8337e-02, 
 2DIAGNOSTIC,     7, -6.755446195602e-01, inf, 3.3082e+00, 6.2310e-02, 
 2DIAGNOSTIC,     8, -6.756055355072e-01, inf, 3.3722e+00, 6.4039e-02, 
 2DIAGNOSTIC,     9, -6.757444143295e-01, inf, 3.4347e+00, 6.2484e-02, 
 2DIAGNOSTIC,    10, -6.759148240089e-01, 2.994184033014e-04, 3.4905e+00, 5.5794e-02, 
 2DIAGNOSTIC,    11, -6.759402751923e-01, 2.162695163861e-04, 3.5459e+00, 5.5390e-02, 
 2DIAGNOSTIC,    12, -6.759573221207e-01, 1.464100205339e-04, 3.5944e+00, 4.8533e-02, 
 2DIAGNOSTIC,    13, -6.759897470474e-01, 9.815878729569e-05, 3.6493e+00, 5.4819e-02, 
 2DIAGNOSTIC,    14, -6.760462522507e-01, 6.865030445624e-05, 3.7053e+00, 5.6019e-02, 
 2DIAGNOSTIC,    15, -6.760327816010e-01, 4.742832607008e-05, 3.7523e+00, 4.7060e-02, 
 2DIAGNOSTIC,    16, -6.760296225548e-01, 3.113802449661e-05, 3.8085e+00, 5.6116e-02, 
 2DIAGNOSTIC,    17, -6.760718822479e-01, 2.299506559211e-05, 3.8860e+00, 7.7545e-02, 
 2DIAGNOSTIC,    18, -6.760663986206e-01, 1.501393035142e-05, 3.9418e+00, 5.5766e-02, 
 2DIAGNOSTIC,    19, -6.760555505753e-01, 9.377927199239e-06, 3.9973e+00, 5.5558e-02, 
 2DIAGNOSTIC,    20, -6.760588288307e-01, 7.265182375704e-06, 4.0619e+00, 6.4568e-02, 
 2DIAGNOSTIC,    21, -6.760568022728e-01, 5.303862508299e-06, 4.1170e+00, 5.5112e-02, 
 2DIAGNOSTIC,    22, -6.760479211807e-01, 3.300074467916e-06, 4.1657e+00, 4.8689e-02, 
 2DIAGNOSTIC,    23, -6.760511994362e-01, 1.921615421452e-06, 4.2133e+00, 4.7586e-02, 
 2DIAGNOSTIC,    24, -6.760573387146e-01, 1.723401510390e-06, 4.2613e+00, 4.8013e-02, 
 2DIAGNOSTIC,    25, -6.760669350624e-01, 1.442333655177e-06, 4.3169e+00, 5.5618e-02, 
 2DIAGNOSTIC,    26, -6.760700941086e-01, 1.141983716479e-06, 4.3726e+00, 5.5716e-02, 
 2DIAGNOSTIC,    27, -6.760733127594e-01, 1.585740506016e-06, 4.4211e+00, 4.8471e-02, 
 2DIAGNOSTIC,    28, -6.760740876198e-01, 1.894302499750e-06, 4.4768e+00, 5.5669e-02, 
 2DIAGNOSTIC,    29, -6.760804057121e-01, 2.039285391220e-06, 4.5327e+00, 5.5963e-02, 
 2DIAGNOSTIC,    30, -6.760723590851e-01, 2.014342271650e-06, 4.6105e+00, 7.7800e-02, 
 2DIAGNOSTIC,    31, -6.760740280151e-01, 1.904220084725e-06, 4.6656e+00, 5.5088e-02, 
 2DIAGNOSTIC,    32, -6.760692000389e-01, 1.537975208521e-06, 4.7214e+00, 5.5747e-02, 
 2DIAGNOSTIC,    33, -6.760650873184e-01, 1.131383783104e-06, 4.7765e+00, 5.5158e-02, 
DIAGNOSTIC,Iteration,metricValue,convergenceValue,ITERATION_TIME_INDEX,SINCE_LAST
 2DIAGNOSTIC,     1, -5.945305228233e-01, inf, 6.5262e+00, 1.7497e+00, 
 2DIAGNOSTIC,     2, -5.945841670036e-01, inf, 6.8758e+00, 3.4961e-01, 
 2DIAGNOSTIC,     3, -5.945945978165e-01, inf, 7.2698e+00, 3.9404e-01, 
 2DIAGNOSTIC,     4, -5.945907235146e-01, inf, 7.7961e+00, 5.2621e-01, 
 2DIAGNOSTIC,     5, -5.945891141891e-01, inf, 8.3239e+00, 5.2782e-01, 
 2DIAGNOSTIC,     6, -5.945896506310e-01, inf, 8.7159e+00, 3.9204e-01, 
 2DIAGNOSTIC,     7, -5.945891737938e-01, inf, 9.0667e+00, 3.5081e-01, 
 2DIAGNOSTIC,     8, -5.945895314217e-01, inf, 9.3737e+00, 3.0696e-01, 
 2DIAGNOSTIC,     9, -5.945888161659e-01, inf, 9.7269e+00, 3.5321e-01, 
 2DIAGNOSTIC,    10, -5.945886373520e-01, 5.952603714832e-06, 1.0119e+01, 3.9240e-01, 
 2DIAGNOSTIC,    11, -5.945882797241e-01, 2.791134647850e-06, 1.0601e+01, 4.8187e-01, 
 2DIAGNOSTIC,    12, -5.945882797241e-01, 2.287650659127e-06, 1.0956e+01, 3.5467e-01, 
 2DIAGNOSTIC,    13, -5.945880413055e-01, 2.272556912430e-06, 1.1367e+01, 4.1143e-01, 
 2DIAGNOSTIC,    14, -5.945879220963e-01, 2.141062168448e-06, 1.1718e+01, 3.5050e-01, 
 2DIAGNOSTIC,    15, -5.945878624916e-01, 1.985639300983e-06, 1.2069e+01, 3.5099e-01, 
 2DIAGNOSTIC,    16, -5.945879220963e-01, 1.880114723463e-06, 1.2463e+01, 3.9434e-01, 
 2DIAGNOSTIC,    17, -5.945878028870e-01, 1.779517106115e-06, 1.2814e+01, 3.5083e-01, 
 2DIAGNOSTIC,    18, -5.945877432823e-01, 1.707014234853e-06, 1.3119e+01, 3.0461e-01, 
 2DIAGNOSTIC,    19, -5.945878624916e-01, 1.632858015910e-06, 1.3469e+01, 3.5053e-01, 
 2DIAGNOSTIC,    20, -5.945878624916e-01, 1.565723096064e-06, 1.3820e+01, 3.5129e-01, 
 2DIAGNOSTIC,    21, -5.945878028870e-01, 1.497686866969e-06, 1.4172e+01, 3.5173e-01, 
 2DIAGNOSTIC,    22, -5.945876836777e-01, 1.435059289179e-06, 1.4524e+01, 3.5158e-01, 
 2DIAGNOSTIC,    23, -5.945876836777e-01, 1.374091084472e-06, 1.4873e+01, 3.4953e-01, 
 2DIAGNOSTIC,    24, -5.945877432823e-01, 1.317781652688e-06, 1.5268e+01, 3.9453e-01, 
 2DIAGNOSTIC,    25, -5.945877432823e-01, 1.265401692763e-06, 1.5618e+01, 3.5076e-01, 
 2DIAGNOSTIC,    26, -5.945877432823e-01, 1.218930378855e-06, 1.5971e+01, 3.5278e-01, 
 2DIAGNOSTIC,    27, -5.945876240730e-01, 1.172219867840e-06, 1.6339e+01, 3.6803e-01, 
 2DIAGNOSTIC,    28, -5.945876836777e-01, 1.129391989707e-06, 1.6688e+01, 3.4877e-01, 
 2DIAGNOSTIC,    29, -5.945876836777e-01, 1.092001184588e-06, 1.7039e+01, 3.5051e-01, 
 2DIAGNOSTIC,    30, -5.945876240730e-01, 1.056597625393e-06, 1.7388e+01, 3.4967e-01, 
 2DIAGNOSTIC,    31, -5.945875644684e-01, 1.022109586302e-06, 1.7739e+01, 3.5095e-01, 
DIAGNOSTIC,Iteration,metricValue,convergenceValue,ITERATION_TIME_INDEX,SINCE_LAST
 2DIAGNOSTIC,     1, -5.483019948006e-01, inf, 2.0463e+01, 2.7238e+00, 
  Elapsed time (stage 0): 2.1748e+01


Stage 1
  iterations = 1000x500x250x0
  convergence threshold = 1.0000e-06
  convergence window size = 10
  number of levels = 4
  using the Mattes MI metric (number of bins = 32, weight = 1.0000e+00)
  preprocessing:  winsorizing the image intensities
  preprocessing:  histogram matching the images
  Shrink factors (level 1 out of 4): [6, 6, 6]
  Shrink factors (level 2 out of 4): [4, 4, 4]
  Shrink factors (level 3 out of 4): [2, 2, 2]
  Shrink factors (level 4 out of 4): [1, 1, 1]
  smoothing sigmas per level: [4, 2, 1, 0]
  regular sampling (percentage = 2.5000e-01)

*** Running AffineTransform registration ***

DIAGNOSTIC,Iteration,metricValue,convergenceValue,ITERATION_TIME_INDEX,SINCE_LAST
 2DIAGNOSTIC,     1, -8.714527487755e-01, inf, 1.2125e+00, 1.2125e+00, 
 2DIAGNOSTIC,     2, -8.750301599503e-01, inf, 1.2314e+00, 1.8908e-02, 
 2DIAGNOSTIC,     3, -8.812486529350e-01, inf, 1.2505e+00, 1.9110e-02, 
 2DIAGNOSTIC,     4, -8.917043805122e-01, inf, 1.2689e+00, 1.8404e-02, 
 2DIAGNOSTIC,     5, -9.089815616608e-01, inf, 1.2865e+00, 1.7623e-02, 
 2DIAGNOSTIC,     6, -9.364742636681e-01, inf, 1.3030e+00, 1.6466e-02, 
 2DIAGNOSTIC,     7, -9.783220887184e-01, inf, 1.3202e+00, 1.7222e-02, 
 2DIAGNOSTIC,     8, -1.031604647636e+00, inf, 1.3419e+00, 2.1671e-02, 
 2DIAGNOSTIC,     9, -1.044132351875e+00, inf, 1.3653e+00, 2.3456e-02, 
 2DIAGNOSTIC,    10, -1.049689888954e+00, 1.430624537170e-02, 1.3811e+00, 1.5713e-02, 
 2DIAGNOSTIC,    11, -1.053223013878e+00, 1.341477781534e-02, 1.3972e+00, 1.6095e-02, 
 2DIAGNOSTIC,    12, -1.058529019356e+00, 1.169081870466e-02, 1.4131e+00, 1.5923e-02, 
 2DIAGNOSTIC,    13, -1.063949704170e+00, 9.448592551053e-03, 1.4314e+00, 1.8310e-02, 
 2DIAGNOSTIC,    14, -1.071516871452e+00, 7.073016837239e-03, 1.4543e+00, 2.2887e-02, 
 2DIAGNOSTIC,    15, -1.072063326836e+00, 4.749658517540e-03, 1.4726e+00, 1.8316e-02, 
 2DIAGNOSTIC,    16, -1.072407722473e+00, 2.801003865898e-03, 1.4877e+00, 1.5151e-02, 
 2DIAGNOSTIC,    17, -1.072897315025e+00, 1.531677087769e-03, 1.5172e+00, 2.9422e-02, 
 2DIAGNOSTIC,    18, -1.072945237160e+00, 1.108751399443e-03, 1.5332e+00, 1.6073e-02, 
 2DIAGNOSTIC,    19, -1.072942376137e+00, 8.152553928085e-04, 1.5489e+00, 1.5658e-02, 
 2DIAGNOSTIC,    20, -1.072910308838e+00, 5.558999255300e-04, 1.5669e+00, 1.8045e-02, 
 2DIAGNOSTIC,    21, -1.072915196419e+00, 3.190533316229e-04, 1.5849e+00, 1.7916e-02, 
 2DIAGNOSTIC,    22, -1.072945713997e+00, 1.426260569133e-04, 1.6004e+00, 1.5501e-02, 
 2DIAGNOSTIC,    23, -1.072995185852e+00, 3.321330223116e-05, 1.6198e+00, 1.9425e-02, 
 2DIAGNOSTIC,    24, -1.073033690453e+00, 1.881571370177e-05, 1.6357e+00, 1.5876e-02, 
 2DIAGNOSTIC,    25, -1.073051691055e+00, 1.025403616950e-05, 1.6539e+00, 1.8290e-02, 
 2DIAGNOSTIC,    26, -1.073087096214e+00, 5.468779818329e-06, 1.6699e+00, 1.5934e-02, 
 2DIAGNOSTIC,    27, -1.073103547096e+00, 5.831392172695e-06, 1.6879e+00, 1.8031e-02, 
 2DIAGNOSTIC,    28, -1.073136568069e+00, 6.523965566885e-06, 1.7031e+00, 1.5223e-02, 
 2DIAGNOSTIC,    29, -1.073297858238e+00, 8.177758900274e-06, 1.7187e+00, 1.5538e-02, 
 2DIAGNOSTIC,    30, -1.073807716370e+00, 1.341707866231e-05, 1.7344e+00, 1.5698e-02, 
 2DIAGNOSTIC,    31, -1.074142575264e+00, 2.005074566114e-05, 1.7502e+00, 1.5783e-02, 
 2DIAGNOSTIC,    32, -1.074770092964e+00, 3.010045293195e-05, 1.7778e+00, 2.7600e-02, 
 2DIAGNOSTIC,    33, -1.074815392494e+00, 3.749346069526e-05, 1.7957e+00, 1.7970e-02, 
 2DIAGNOSTIC,    34, -1.074870824814e+00, 4.179078314337e-05, 1.8112e+00, 1.5489e-02, 
 2DIAGNOSTIC,    35, -1.075017571449e+00, 4.323794564698e-05, 1.8268e+00, 1.5580e-02, 
 2DIAGNOSTIC,    36, -1.075046658516e+00, 4.099737998331e-05, 1.8474e+00, 2.0588e-02, 
 2DIAGNOSTIC,    37, -1.075015187263e+00, 3.495394412312e-05, 1.8630e+00, 1.5608e-02, 
 2DIAGNOSTIC,    38, -1.075071930885e+00, 2.669700552360e-05, 1.8787e+00, 1.5670e-02, 
 2DIAGNOSTIC,    39, -1.075095057487e+00, 1.768566289684e-05, 1.8968e+00, 1.8175e-02, 
 2DIAGNOSTIC,    40, -1.075275778770e+00, 1.221780166816e-05, 1.9148e+00, 1.7934e-02, 
 2DIAGNOSTIC,    41, -1.075244545937e+00, 7.816534889571e-06, 1.9298e+00, 1.4992e-02, 
 2DIAGNOSTIC,    42, -1.075218439102e+00, 6.901193955855e-06, 1.9456e+00, 1.5862e-02, 
 2DIAGNOSTIC,    43, -1.075617551804e+00, 8.280244401249e-06, 1.9728e+00, 2.7204e-02, 
 2DIAGNOSTIC,    44, -1.075565934181e+00, 8.789505955065e-06, 1.9906e+00, 1.7757e-02, 
 2DIAGNOSTIC,    45, -1.075603842735e+00, 9.638368283049e-06, 2.0062e+00, 1.5668e-02, 
 2DIAGNOSTIC,    46, -1.075541734695e+00, 9.441669135413e-06, 2.0264e+00, 2.0174e-02, 
 2DIAGNOSTIC,    47, -1.075544953346e+00, 8.266798431578e-06, 2.0439e+00, 1.7444e-02, 
 2DIAGNOSTIC,    48, -1.075504660606e+00, 6.478646355390e-06, 2.0624e+00, 1.8524e-02, 
 2DIAGNOSTIC,    49, -1.075505375862e+00, 4.305855327402e-06, 2.0782e+00, 1.5803e-02, 
 2DIAGNOSTIC,    50, -1.075507164001e+00, 2.898636239479e-06, 2.0963e+00, 1.8145e-02, 
 2DIAGNOSTIC,    51, -1.075509309769e+00, 1.204290015266e-06, 2.1121e+00, 1.5800e-02, 
DIAGNOSTIC,Iteration,metricValue,convergenceValue,ITERATION_TIME_INDEX,SINCE_LAST
 2DIAGNOSTIC,     1, -8.701677322388e-01, inf, 3.4097e+00, 1.2976e+00, 
 2DIAGNOSTIC,     2, -8.706764578819e-01, inf, 3.4675e+00, 5.7798e-02, 
 2DIAGNOSTIC,     3, -8.710044622421e-01, inf, 3.5370e+00, 6.9434e-02, 
 2DIAGNOSTIC,     4, -8.710502982140e-01, inf, 3.5944e+00, 5.7466e-02, 
 2DIAGNOSTIC,     5, -8.710755109787e-01, inf, 3.6589e+00, 6.4516e-02, 
 2DIAGNOSTIC,     6, -8.710516095161e-01, inf, 3.7157e+00, 5.6792e-02, 
 2DIAGNOSTIC,     7, -8.710598349571e-01, inf, 3.7732e+00, 5.7481e-02, 
 2DIAGNOSTIC,     8, -8.710680603981e-01, inf, 3.8296e+00, 5.6372e-02, 
 2DIAGNOSTIC,     9, -8.710804581642e-01, inf, 3.8795e+00, 4.9886e-02, 
 2DIAGNOSTIC,    10, -8.711015582085e-01, 4.664470179705e-05, 3.9362e+00, 5.6756e-02, 
 2DIAGNOSTIC,    11, -8.711302280426e-01, 1.943515781022e-05, 3.9864e+00, 5.0133e-02, 
 2DIAGNOSTIC,    12, -8.711786866188e-01, 1.018787952489e-05, 4.0434e+00, 5.7088e-02, 
 2DIAGNOSTIC,    13, -8.712025880814e-01, 1.045806311595e-05, 4.1008e+00, 5.7405e-02, 
 2DIAGNOSTIC,    14, -8.711966276169e-01, 1.087213331630e-05, 4.1515e+00, 5.0648e-02, 
 2DIAGNOSTIC,    15, -8.711771368980e-01, 1.060644808604e-05, 4.2114e+00, 5.9885e-02, 
 2DIAGNOSTIC,    16, -8.712017536163e-01, 9.614393093216e-06, 4.2759e+00, 6.4494e-02, 
 2DIAGNOSTIC,    17, -8.712069988251e-01, 8.261155016953e-06, 4.3337e+00, 5.7802e-02, 
 2DIAGNOSTIC,    18, -8.711972236633e-01, 6.433287580876e-06, 4.3925e+00, 5.8858e-02, 
 2DIAGNOSTIC,    19, -8.711893558502e-01, 4.466637165024e-06, 4.4430e+00, 5.0417e-02, 
 2DIAGNOSTIC,    20, -8.712077736855e-01, 3.091741518801e-06, 4.4986e+00, 5.5621e-02, 
 2DIAGNOSTIC,    21, -8.712428212166e-01, 2.661558482941e-06, 4.5584e+00, 5.9812e-02, 
 2DIAGNOSTIC,    22, -8.712666034698e-01, 3.203238293281e-06, 4.6084e+00, 5.0000e-02, 
 2DIAGNOSTIC,    23, -8.712958097458e-01, 4.294623067835e-06, 4.6732e+00, 6.4767e-02, 
 2DIAGNOSTIC,    24, -8.713032603264e-01, 5.056851023255e-06, 4.7302e+00, 5.7048e-02, 
 2DIAGNOSTIC,    25, -8.712882399559e-01, 4.948356036039e-06, 4.7808e+00, 5.0618e-02, 
 2DIAGNOSTIC,    26, -8.712843656540e-01, 4.760892807099e-06, 4.8379e+00, 5.7079e-02, 
 2DIAGNOSTIC,    27, -8.712993860245e-01, 4.497739610088e-06, 4.8882e+00, 5.0309e-02, 
 2DIAGNOSTIC,    28, -8.713169097900e-01, 4.026945589430e-06, 4.9454e+00, 5.7219e-02, 
 2DIAGNOSTIC,    29, -8.713214993477e-01, 3.275596327512e-06, 4.9960e+00, 5.0575e-02, 
 2DIAGNOSTIC,    30, -8.713176846504e-01, 2.530682877477e-06, 5.0455e+00, 4.9540e-02, 
 2DIAGNOSTIC,    31, -8.713366389275e-01, 2.266219098601e-06, 5.1043e+00, 5.8768e-02, 
 2DIAGNOSTIC,    32, -8.713223934174e-01, 1.979575245059e-06, 5.1604e+00, 5.6071e-02, 
 2DIAGNOSTIC,    33, -8.713341951370e-01, 2.019748080784e-06, 5.2180e+00, 5.7651e-02, 
 2DIAGNOSTIC,    34, -8.713267445564e-01, 1.960221652553e-06, 5.2677e+00, 4.9675e-02, 
 2DIAGNOSTIC,    35, -8.713107705116e-01, 1.524163963040e-06, 5.3398e+00, 7.2105e-02, 
 2DIAGNOSTIC,    36, -8.713219165802e-01, 1.121209038502e-06, 5.3968e+00, 5.6976e-02, 
DIAGNOSTIC,Iteration,metricValue,convergenceValue,ITERATION_TIME_INDEX,SINCE_LAST
 2DIAGNOSTIC,     1, -7.728996276855e-01, inf, 7.0832e+00, 1.6864e+00, 
 2DIAGNOSTIC,     2, -7.734507322311e-01, inf, 7.4072e+00, 3.2406e-01, 
 2DIAGNOSTIC,     3, -7.739120721817e-01, inf, 7.7664e+00, 3.5921e-01, 
 2DIAGNOSTIC,     4, -7.743886113167e-01, inf, 8.3841e+00, 6.1765e-01, 
 2DIAGNOSTIC,     5, -7.743952870369e-01, inf, 8.7447e+00, 3.6062e-01, 
 2DIAGNOSTIC,     6, -7.743978500366e-01, inf, 9.1040e+00, 3.5929e-01, 
 2DIAGNOSTIC,     7, -7.743948698044e-01, inf, 9.4751e+00, 3.7113e-01, 
 2DIAGNOSTIC,     8, -7.743963599205e-01, inf, 9.8429e+00, 3.6774e-01, 
 2DIAGNOSTIC,     9, -7.743986845016e-01, inf, 1.0373e+01, 5.2993e-01, 
 2DIAGNOSTIC,    10, -7.743996977806e-01, 1.012684515445e-04, 1.0735e+01, 3.6235e-01, 
 2DIAGNOSTIC,    11, -7.743980884552e-01, 4.896434620605e-05, 1.1093e+01, 3.5822e-01, 
 2DIAGNOSTIC,    12, -7.743982076645e-01, 1.789184898371e-05, 1.1579e+01, 4.8604e-01, 
 2DIAGNOSTIC,    13, -7.743979096413e-01, 2.861467237381e-06, 1.1897e+01, 3.1767e-01, 
 2DIAGNOSTIC,    14, -7.743957638741e-01, 2.373641791564e-06, 1.2255e+01, 3.5766e-01, 
 2DIAGNOSTIC,    15, -7.743960618973e-01, 2.111230742230e-06, 1.2698e+01, 4.4278e-01, 
 2DIAGNOSTIC,    16, -7.743960618973e-01, 1.944215227923e-06, 1.3055e+01, 3.5708e-01, 
 2DIAGNOSTIC,    17, -7.743958234787e-01, 1.730909389153e-06, 1.3412e+01, 3.5717e-01, 
 2DIAGNOSTIC,    18, -7.743959426880e-01, 1.585975383023e-06, 1.3763e+01, 3.5138e-01, 
 2DIAGNOSTIC,    19, -7.743954658508e-01, 1.508507921244e-06, 1.4116e+01, 3.5255e-01, 
 2DIAGNOSTIC,    20, -7.743946909904e-01, 1.459638838242e-06, 1.4478e+01, 3.6189e-01, 
 2DIAGNOSTIC,    21, -7.743949294090e-01, 1.403262217536e-06, 1.4845e+01, 3.6704e-01, 
 2DIAGNOSTIC,    22, -7.743949294090e-01, 1.363888486594e-06, 1.5242e+01, 3.9715e-01, 
 2DIAGNOSTIC,    23, -7.743948101997e-01, 1.329871793132e-06, 1.5590e+01, 3.4807e-01, 
 2DIAGNOSTIC,    24, -7.743947505951e-01, 1.270047505386e-06, 1.5937e+01, 3.4728e-01, 
 2DIAGNOSTIC,    25, -7.743947505951e-01, 1.224799348165e-06, 1.6353e+01, 4.1552e-01, 
 2DIAGNOSTIC,    26, -7.743948101997e-01, 1.188322244161e-06, 1.6777e+01, 4.2401e-01, 
 2DIAGNOSTIC,    27, -7.743946909904e-01, 1.152672780336e-06, 1.7208e+01, 4.3135e-01, 
 2DIAGNOSTIC,    28, -7.743946313858e-01, 1.122960725297e-06, 1.7642e+01, 4.3441e-01, 
 2DIAGNOSTIC,    29, -7.743946313858e-01, 1.090866703635e-06, 1.8071e+01, 4.2872e-01, 
 2DIAGNOSTIC,    30, -7.743945717812e-01, 1.051145886777e-06, 1.8609e+01, 5.3804e-01, 
 2DIAGNOSTIC,    31, -7.743946313858e-01, 1.018372245198e-06, 1.9094e+01, 4.8468e-01, 
DIAGNOSTIC,Iteration,metricValue,convergenceValue,ITERATION_TIME_INDEX,SINCE_LAST
 2DIAGNOSTIC,     1, -7.001169323921e-01, inf, 2.2665e+01, 3.5712e+00, 
  Elapsed time (stage 1): 2.3929e+01


Stage 2
  iterations = 100x100x70x20
  convergence threshold = 1.0000e-09
  convergence window size = 10
  number of levels = 4
  using the CC metric (radius = 4, weight = 1.0000e+00)
  preprocessing:  winsorizing the image intensities
  preprocessing:  histogram matching the images
  Shrink factors (level 1 out of 4): [6, 6, 6]
  Shrink factors (level 2 out of 4): [4, 4, 4]
  Shrink factors (level 3 out of 4): [2, 2, 2]
  Shrink factors (level 4 out of 4): [1, 1, 1]
  smoothing sigmas per level: [3, 2, 1, 0]
  Using default NONE metricSamplingStrategy 

*** Running SyN registration (varianceForUpdateField = 3.0000e+00, varianceForTotalField = 0.0000e+00) ***

XXDIAGNOSTIC,Iteration,metricValue,convergenceValue,ITERATION_TIME_INDEX,SINCE_LAST
 1DIAGNOSTIC,     1, -9.130380749702e-01, inf, 2.0324e+00, 2.0324e+00, 
 1DIAGNOSTIC,     2, -9.228666424751e-01, inf, 2.8436e+00, 8.1119e-01, 
 1DIAGNOSTIC,     3, -9.323686361313e-01, inf, 3.6714e+00, 8.2786e-01, 
 1DIAGNOSTIC,     4, -9.402745962143e-01, inf, 4.5205e+00, 8.4904e-01, 
 1DIAGNOSTIC,     5, -9.459028840065e-01, inf, 5.3775e+00, 8.5707e-01, 
 1DIAGNOSTIC,     6, -9.506297111511e-01, inf, 6.2424e+00, 8.6482e-01, 
 1DIAGNOSTIC,     7, -9.537655115128e-01, inf, 7.0948e+00, 8.5245e-01, 
 1DIAGNOSTIC,     8, -9.564337134361e-01, inf, 7.9344e+00, 8.3960e-01, 
 1DIAGNOSTIC,     9, -9.586573243141e-01, inf, 8.8058e+00, 8.7137e-01, 
 1DIAGNOSTIC,    10, -9.605515003204e-01, 3.098666667938e-03, 9.6704e+00, 8.6461e-01, 
 1DIAGNOSTIC,    11, -9.622709155083e-01, 2.254495397210e-03, 1.0527e+01, 8.5611e-01, 
 1DIAGNOSTIC,    12, -9.637395143509e-01, 1.630312995985e-03, 1.1381e+01, 8.5496e-01, 
 1DIAGNOSTIC,    13, -9.649223685265e-01, 1.200114958920e-03, 1.2219e+01, 8.3737e-01, 
 1DIAGNOSTIC,    14, -9.658750891685e-01, 9.110635728575e-04, 1.3064e+01, 8.4467e-01, 
 1DIAGNOSTIC,    15, -9.666670560837e-01, 7.044580415823e-04, 1.3941e+01, 8.7725e-01, 
 1DIAGNOSTIC,    16, -9.672737121582e-01, 5.582688027062e-04, 1.4816e+01, 8.7511e-01, 
 1DIAGNOSTIC,    17, -9.677338004112e-01, 4.406663938425e-04, 1.5684e+01, 8.6767e-01, 
 1DIAGNOSTIC,    18, -9.681019186974e-01, 3.455310652498e-04, 1.6533e+01, 8.4935e-01, 
 1DIAGNOSTIC,    19, -9.684332609177e-01, 2.683350758161e-04, 1.7409e+01, 8.7562e-01, 
 1DIAGNOSTIC,    20, -9.686611294746e-01, 2.053538919427e-04, 1.8259e+01, 8.5042e-01, 
 1DIAGNOSTIC,    21, -9.689320921898e-01, 1.573371264385e-04, 1.9135e+01, 8.7578e-01, 
 1DIAGNOSTIC,    22, -9.691089987755e-01, 1.211589915329e-04, 1.9965e+01, 8.3050e-01, 
 1DIAGNOSTIC,    23, -9.693168997765e-01, 9.474081889493e-05, 2.0843e+01, 8.7732e-01, 
 1DIAGNOSTIC,    24, -9.694491624832e-01, 7.504117820645e-05, 2.1723e+01, 8.8000e-01, 
 1DIAGNOSTIC,    25, -9.695796966553e-01, 6.084612687118e-05, 2.2572e+01, 8.4944e-01, 
 1DIAGNOSTIC,    26, -9.697270393372e-01, 5.066437734058e-05, 2.3405e+01, 8.3330e-01, 
 1DIAGNOSTIC,    27, -9.697920680046e-01, 4.226860619383e-05, 2.4281e+01, 8.7550e-01, 
 1DIAGNOSTIC,    28, -9.699516892433e-01, 3.613896114985e-05, 2.5140e+01, 8.5900e-01, 
 1DIAGNOSTIC,    29, -9.699900150299e-01, 3.085557182203e-05, 2.5999e+01, 8.5927e-01, 
 1DIAGNOSTIC,    30, -9.701145887375e-01, 2.655940807017e-05, 2.6869e+01, 8.7029e-01, 
 1DIAGNOSTIC,    31, -9.701502323151e-01, 2.301968561369e-05, 2.7702e+01, 8.3313e-01, 
 1DIAGNOSTIC,    32, -9.702542424202e-01, 2.018734448939e-05, 2.8552e+01, 8.4982e-01, 
 1DIAGNOSTIC,    33, -9.702718853951e-01, 1.770060953277e-05, 2.9367e+01, 8.1464e-01, 
 1DIAGNOSTIC,    34, -9.703817367554e-01, 1.586855614732e-05, 3.0236e+01, 8.6949e-01, 
 1DIAGNOSTIC,    35, -9.703574776649e-01, 1.358463850920e-05, 3.1083e+01, 8.4700e-01, 
 1DIAGNOSTIC,    36, -9.704612493515e-01, 1.229866938957e-05, 3.1943e+01, 8.5934e-01, 
 1DIAGNOSTIC,    37, -9.704673886299e-01, 1.052188326867e-05, 3.2791e+01, 8.4838e-01, 
 1DIAGNOSTIC,    38, -9.704951047897e-01, 9.380939445691e-06, 3.3644e+01, 8.5324e-01, 
 1DIAGNOSTIC,    39, -9.705567359924e-01, 8.225154488173e-06, 3.4513e+01, 8.6896e-01, 
 1DIAGNOSTIC,    40, -9.705367088318e-01, 7.184754394984e-06, 3.5355e+01, 8.4209e-01, 
 1DIAGNOSTIC,    41, -9.706292152405e-01, 6.502853921120e-06, 3.6196e+01, 8.4034e-01, 
 1DIAGNOSTIC,    42, -9.706013798714e-01, 5.828469966218e-06, 3.7057e+01, 8.6175e-01, 
 1DIAGNOSTIC,    43, -9.706717729568e-01, 5.299964868755e-06, 3.7908e+01, 8.5050e-01, 
 1DIAGNOSTIC,    44, -9.706617593765e-01, 5.030847205489e-06, 3.8763e+01, 8.5472e-01, 
 1DIAGNOSTIC,    45, -9.707030653954e-01, 4.460923264560e-06, 3.9636e+01, 8.7307e-01, 
 1DIAGNOSTIC,    46, -9.706936478615e-01, 4.159978743701e-06, 4.0497e+01, 8.6153e-01, 
 1DIAGNOSTIC,    47, -9.707565307617e-01, 3.974028913944e-06, 4.1344e+01, 8.4717e-01, 
 1DIAGNOSTIC,    48, -9.707159399986e-01, 3.384427600395e-06, 4.2192e+01, 8.4757e-01, 
 1DIAGNOSTIC,    49, -9.707764387131e-01, 3.310142119517e-06, 4.3074e+01, 8.8193e-01, 
 1DIAGNOSTIC,    50, -9.707562923431e-01, 2.725826789174e-06, 4.3930e+01, 8.5582e-01, 
 1DIAGNOSTIC,    51, -9.708018302917e-01, 2.773393362077e-06, 4.4782e+01, 8.5195e-01, 
 1DIAGNOSTIC,    52, -9.707753658295e-01, 2.289165195180e-06, 4.5646e+01, 8.6399e-01, 
 1DIAGNOSTIC,    53, -9.708089828491e-01, 2.251206296933e-06, 4.6488e+01, 8.4204e-01, 
 1DIAGNOSTIC,    54, -9.708092212677e-01, 1.994476406253e-06, 4.7366e+01, 8.7828e-01, 
 1DIAGNOSTIC,    55, -9.708209633827e-01, 1.898165123748e-06, 4.8224e+01, 8.5757e-01, 
 1DIAGNOSTIC,    56, -9.708279371262e-01, 1.657175971559e-06, 4.9068e+01, 8.4391e-01, 
 1DIAGNOSTIC,    57, -9.708326458931e-01, 1.678225657997e-06, 4.9922e+01, 8.5405e-01, 
 1DIAGNOSTIC,    58, -9.708431959152e-01, 1.430726797480e-06, 5.0790e+01, 8.6842e-01, 
 1DIAGNOSTIC,    59, -9.707977771759e-01, 1.184376515084e-06, 5.1613e+01, 8.2322e-01, 
 1DIAGNOSTIC,    60, -9.708982110023e-01, 1.279510343011e-06, 5.2444e+01, 8.3084e-01, 
 1DIAGNOSTIC,    61, -9.708257913589e-01, 1.159084945357e-06, 5.3319e+01, 8.7489e-01, 
 1DIAGNOSTIC,    62, -9.708923101425e-01, 1.179389528261e-06, 5.4164e+01, 8.4479e-01, 
 1DIAGNOSTIC,    63, -9.708500504494e-01, 1.090547016247e-06, 5.5046e+01, 8.8225e-01, 
 1DIAGNOSTIC,    64, -9.708800315857e-01, 1.091964577427e-06, 5.5909e+01, 8.6263e-01, 
 1DIAGNOSTIC,    65, -9.708667397499e-01, 1.022486117108e-06, 5.6747e+01, 8.3873e-01, 
 1DIAGNOSTIC,    66, -9.708855152130e-01, 1.018378839035e-06, 5.7620e+01, 8.7243e-01, 
 1DIAGNOSTIC,    67, -9.708601832390e-01, 8.719002266844e-07, 5.8443e+01, 8.2353e-01, 
 1DIAGNOSTIC,    68, -9.709279537201e-01, 1.041068799168e-06, 5.9277e+01, 8.3333e-01, 
 1DIAGNOSTIC,    69, -9.708442091942e-01, 5.786243377770e-07, 6.0145e+01, 8.6875e-01, 
 1DIAGNOSTIC,    70, -9.709173440933e-01, 8.689643777871e-07, 6.0997e+01, 8.5127e-01, 
 1DIAGNOSTIC,    71, -9.708702564240e-01, 5.992021669954e-07, 6.1846e+01, 8.4981e-01, 
 1DIAGNOSTIC,    72, -9.708968400955e-01, 7.124588137231e-07, 6.2680e+01, 8.3324e-01, 
 1DIAGNOSTIC,    73, -9.708944559097e-01, 6.104385761319e-07, 6.3533e+01, 8.5368e-01, 
 1DIAGNOSTIC,    74, -9.708991646767e-01, 6.351872343657e-07, 6.4389e+01, 8.5582e-01, 
 1DIAGNOSTIC,    75, -9.708921909332e-01, 5.593653327196e-07, 6.5234e+01, 8.4433e-01, 
 1DIAGNOSTIC,    76, -9.708987474442e-01, 5.738598360949e-07, 6.6067e+01, 8.3374e-01, 
 1DIAGNOSTIC,    77, -9.708822369576e-01, 4.049036022025e-07, 6.6943e+01, 8.7528e-01, 
 1DIAGNOSTIC,    78, -9.709196686745e-01, 6.487121595455e-07, 6.7781e+01, 8.3887e-01, 
 1DIAGNOSTIC,    79, -9.708720445633e-01, 3.614949264374e-07, 6.8652e+01, 8.7045e-01, 
 1DIAGNOSTIC,    80, -9.709157943726e-01, 5.271601821732e-07, 6.9514e+01, 8.6162e-01, 
 1DIAGNOSTIC,    81, -9.708443880081e-01, 2.392075373336e-07, 7.0368e+01, 8.5450e-01, 
 1DIAGNOSTIC,    82, -9.709266424179e-01, 3.703722200044e-07, 7.1220e+01, 8.5211e-01, 
 1DIAGNOSTIC,    83, -9.708865880966e-01, 3.392869416530e-07, 7.2063e+01, 8.4239e-01, 
 1DIAGNOSTIC,    84, -9.708851575851e-01, 3.300009154827e-07, 7.2913e+01, 8.5064e-01, 
 1DIAGNOSTIC,    85, -9.708735942841e-01, 2.645720940109e-07, 7.3795e+01, 8.8196e-01, 
 1DIAGNOSTIC,    86, -9.708866477013e-01, 2.802827339110e-07, 7.4639e+01, 8.4386e-01, 
 1DIAGNOSTIC,    87, -9.708691835403e-01, 1.814290158109e-07, 7.5482e+01, 8.4263e-01, 
 1DIAGNOSTIC,    88, -9.709015488625e-01, 3.411274462906e-07, 7.6315e+01, 8.3377e-01, 
 1DIAGNOSTIC,    89, -9.708570837975e-01, 1.903631812183e-07, 7.7195e+01, 8.7922e-01, 
 1DIAGNOSTIC,    90, -9.709045886993e-01, 3.700047273014e-07, 7.8068e+01, 8.7321e-01, 
 1DIAGNOSTIC,    91, -9.708468317986e-01, 1.130951048367e-07, 7.8941e+01, 8.7280e-01, 
 1DIAGNOSTIC,    92, -9.709215760231e-01, 3.944427930946e-07, 7.9813e+01, 8.7253e-01, 
 1DIAGNOSTIC,    93, -9.708486199379e-01, 3.009505462614e-07, 8.0642e+01, 8.2873e-01, 
 1DIAGNOSTIC,    94, -9.709186553955e-01, 4.364283086034e-07, 8.1508e+01, 8.6663e-01, 
 1DIAGNOSTIC,    95, -9.708510637283e-01, 3.082700175128e-07, 8.2330e+01, 8.2159e-01, 
 1DIAGNOSTIC,    96, -9.708975553513e-01, 3.746497725388e-07, 8.3163e+01, 8.3318e-01, 
 1DIAGNOSTIC,    97, -9.708386659622e-01, 1.968794265395e-07, 8.4018e+01, 8.5435e-01, 
 1DIAGNOSTIC,    98, -9.709087014198e-01, 3.507138046643e-07, 8.4855e+01, 8.3714e-01, 
 1DIAGNOSTIC,    99, -9.708373546600e-01, 1.451365676530e-07, 8.5722e+01, 8.6765e-01, 
 1DIAGNOSTIC,   100, -9.708975553513e-01, 2.889750305712e-07, 8.6595e+01, 8.7215e-01, 
XXDIAGNOSTIC,Iteration,metricValue,convergenceValue,ITERATION_TIME_INDEX,SINCE_LAST
 1DIAGNOSTIC,     1, -9.344740509987e-01, inf, 9.0490e+01, 3.8958e+00, 
 1DIAGNOSTIC,     2, -9.357700347900e-01, inf, 9.3220e+01, 2.7299e+00, 
 1DIAGNOSTIC,     3, -9.372356534004e-01, inf, 9.5945e+01, 2.7244e+00, 
 1DIAGNOSTIC,     4, -9.383873939514e-01, inf, 9.8661e+01, 2.7169e+00, 
 1DIAGNOSTIC,     5, -9.393322467804e-01, inf, 1.0136e+02, 2.6981e+00, 
 1DIAGNOSTIC,     6, -9.401347637177e-01, inf, 1.0410e+02, 2.7381e+00, 
 1DIAGNOSTIC,     7, -9.408838748932e-01, inf, 1.0685e+02, 2.7513e+00, 
 1DIAGNOSTIC,     8, -9.415201544762e-01, inf, 1.0960e+02, 2.7533e+00, 
 1DIAGNOSTIC,     9, -9.420702457428e-01, inf, 1.1236e+02, 2.7547e+00, 
 1DIAGNOSTIC,    10, -9.424905776978e-01, 5.426150746644e-04, 1.1510e+02, 2.7427e+00, 
 1DIAGNOSTIC,    11, -9.428045749664e-01, 4.251825448591e-04, 1.1785e+02, 2.7499e+00, 
 1DIAGNOSTIC,    12, -9.431574344635e-01, 3.304241690785e-04, 1.2057e+02, 2.7229e+00, 
 1DIAGNOSTIC,    13, -9.434606432915e-01, 2.612831012812e-04, 1.2333e+02, 2.7563e+00, 
 1DIAGNOSTIC,    14, -9.437159299850e-01, 2.085360174533e-04, 1.2609e+02, 2.7569e+00, 
 1DIAGNOSTIC,    15, -9.439054131508e-01, 1.666282769293e-04, 1.2881e+02, 2.7220e+00, 
 1DIAGNOSTIC,    16, -9.441235065460e-01, 1.339645095868e-04, 1.3155e+02, 2.7463e+00, 
 1DIAGNOSTIC,    17, -9.442965388298e-01, 1.091627491405e-04, 1.3432e+02, 2.7618e+00, 
 1DIAGNOSTIC,    18, -9.444950819016e-01, 9.101475734496e-05, 1.3708e+02, 2.7691e+00, 
 1DIAGNOSTIC,    19, -9.446244835854e-01, 7.717275730101e-05, 1.3984e+02, 2.7574e+00, 
 1DIAGNOSTIC,    20, -9.448015689850e-01, 6.667176057817e-05, 1.4259e+02, 2.7446e+00, 
 1DIAGNOSTIC,    21, -9.448987841606e-01, 5.691262776963e-05, 1.4533e+02, 2.7402e+00, 
 1DIAGNOSTIC,    22, -9.450354576111e-01, 4.951007576892e-05, 1.4808e+02, 2.7555e+00, 
 1DIAGNOSTIC,    23, -9.451136589050e-01, 4.318396895542e-05, 1.5084e+02, 2.7615e+00, 
 1DIAGNOSTIC,    24, -9.452481865883e-01, 3.833606024273e-05, 1.5359e+02, 2.7425e+00, 
 1DIAGNOSTIC,    25, -9.453196525574e-01, 3.348506652401e-05, 1.5632e+02, 2.7337e+00, 
 1DIAGNOSTIC,    26, -9.453908205032e-01, 2.930634582299e-05, 1.5905e+02, 2.7330e+00, 
 1DIAGNOSTIC,    27, -9.454634189606e-01, 2.550107274146e-05, 1.6179e+02, 2.7381e+00, 
 1DIAGNOSTIC,    28, -9.455471634865e-01, 2.268876414746e-05, 1.6453e+02, 2.7377e+00, 
 1DIAGNOSTIC,    29, -9.456326961517e-01, 2.021970431088e-05, 1.6729e+02, 2.7585e+00, 
 1DIAGNOSTIC,    30, -9.456623196602e-01, 1.816400072130e-05, 1.7002e+02, 2.7335e+00, 
 1DIAGNOSTIC,    31, -9.457463026047e-01, 1.637493915041e-05, 1.7279e+02, 2.7642e+00, 
 1DIAGNOSTIC,    32, -9.457736611366e-01, 1.477086061641e-05, 1.7555e+02, 2.7636e+00, 
 1DIAGNOSTIC,    33, -9.458554387093e-01, 1.339018763247e-05, 1.7830e+02, 2.7560e+00, 
 1DIAGNOSTIC,    34, -9.458863139153e-01, 1.235518175235e-05, 1.8105e+02, 2.7423e+00, 
 1DIAGNOSTIC,    35, -9.459121227264e-01, 1.112876907428e-05, 1.8381e+02, 2.7656e+00, 
 1DIAGNOSTIC,    36, -9.459663629532e-01, 1.004573914543e-05, 1.8658e+02, 2.7672e+00, 
 1DIAGNOSTIC,    37, -9.459891915321e-01, 8.904637070373e-06, 1.8932e+02, 2.7374e+00, 
 1DIAGNOSTIC,    38, -9.460594654083e-01, 8.263644303952e-06, 1.9207e+02, 2.7523e+00, 
 1DIAGNOSTIC,    39, -9.460484981537e-01, 7.514970093325e-06, 1.9481e+02, 2.7363e+00, 
 1DIAGNOSTIC,    40, -9.460797905922e-01, 6.624070465477e-06, 1.9758e+02, 2.7718e+00, 
 1DIAGNOSTIC,    41, -9.461197257042e-01, 6.128970198915e-06, 2.0034e+02, 2.7665e+00, 
 1DIAGNOSTIC,    42, -9.461269974709e-01, 5.370868620957e-06, 2.0309e+02, 2.7456e+00, 
 1DIAGNOSTIC,    43, -9.461805224419e-01, 5.154129212315e-06, 2.0584e+02, 2.7544e+00, 
 1DIAGNOSTIC,    44, -9.462125301361e-01, 4.951012670062e-06, 2.0859e+02, 2.7492e+00, 
 1DIAGNOSTIC,    45, -9.462276101112e-01, 4.620173058356e-06, 2.1135e+02, 2.7604e+00, 
 1DIAGNOSTIC,    46, -9.462296962738e-01, 4.298301519157e-06, 2.1408e+02, 2.7220e+00, 
 1DIAGNOSTIC,    47, -9.462640285492e-01, 4.001788056485e-06, 2.1684e+02, 2.7690e+00, 
 1DIAGNOSTIC,    48, -9.462974667549e-01, 4.047221409564e-06, 2.1958e+02, 2.7379e+00, 
 1DIAGNOSTIC,    49, -9.462518692017e-01, 3.409302962609e-06, 2.2233e+02, 2.7438e+00, 
 1DIAGNOSTIC,    50, -9.463427066803e-01, 3.278024678366e-06, 2.2507e+02, 2.7465e+00, 
 1DIAGNOSTIC,    51, -9.463210105896e-01, 2.995369868586e-06, 2.2782e+02, 2.7456e+00, 
 1DIAGNOSTIC,    52, -9.463658332825e-01, 2.794036618070e-06, 2.3056e+02, 2.7402e+00, 
 1DIAGNOSTIC,    53, -9.463390111923e-01, 2.535375188017e-06, 2.3330e+02, 2.7437e+00, 
 1DIAGNOSTIC,    54, -9.464149475098e-01, 2.710122771532e-06, 2.3602e+02, 2.7152e+00, 
 1DIAGNOSTIC,    55, -9.463917016983e-01, 2.618531880216e-06, 2.3875e+02, 2.7300e+00, 
 1DIAGNOSTIC,    56, -9.464112520218e-01, 2.448862005622e-06, 2.4148e+02, 2.7356e+00, 
 1DIAGNOSTIC,    57, -9.464201331139e-01, 2.331620180485e-06, 2.4421e+02, 2.7272e+00, 
 1DIAGNOSTIC,    58, -9.464468955994e-01, 2.368958803345e-06, 2.4692e+02, 2.7059e+00, 
 1DIAGNOSTIC,    59, -9.464207291603e-01, 1.845882366069e-06, 2.4965e+02, 2.7375e+00, 
 1DIAGNOSTIC,    60, -9.464931488037e-01, 2.043336053248e-06, 2.5237e+02, 2.7179e+00, 
 1DIAGNOSTIC,    61, -9.464524984360e-01, 1.768492893461e-06, 2.5511e+02, 2.7332e+00, 
 1DIAGNOSTIC,    62, -9.464739561081e-01, 1.716852807476e-06, 2.5784e+02, 2.7320e+00, 
 1DIAGNOSTIC,    63, -9.465016722679e-01, 1.543649091218e-06, 2.6056e+02, 2.7245e+00, 
 1DIAGNOSTIC,    64, -9.464835524559e-01, 1.547372221467e-06, 2.6330e+02, 2.7399e+00, 
 1DIAGNOSTIC,    65, -9.465019106865e-01, 1.428286509508e-06, 2.6603e+02, 2.7326e+00, 
 1DIAGNOSTIC,    66, -9.464982748032e-01, 1.293557829740e-06, 2.6875e+02, 2.7111e+00, 
 1DIAGNOSTIC,    67, -9.465190172195e-01, 1.216925852532e-06, 2.7147e+02, 2.7273e+00, 
 1DIAGNOSTIC,    68, -9.465239644051e-01, 1.212031179421e-06, 2.7421e+02, 2.7359e+00, 
 1DIAGNOSTIC,    69, -9.465333223343e-01, 1.053462483469e-06, 2.7693e+02, 2.7207e+00, 
 1DIAGNOSTIC,    70, -9.465384483337e-01, 1.183281938211e-06, 2.7965e+02, 2.7215e+00, 
 1DIAGNOSTIC,    71, -9.465424418449e-01, 1.081314962903e-06, 2.8239e+02, 2.7438e+00, 
 1DIAGNOSTIC,    72, -9.464983940125e-01, 8.227650596382e-07, 2.8514e+02, 2.7429e+00, 
 1DIAGNOSTIC,    73, -9.465725421906e-01, 9.620810033084e-07, 2.8787e+02, 2.7321e+00, 
 1DIAGNOSTIC,    74, -9.465823173523e-01, 1.000744191515e-06, 2.9060e+02, 2.7337e+00, 
 1DIAGNOSTIC,    75, -9.465702176094e-01, 1.009231937132e-06, 2.9333e+02, 2.7255e+00, 
 1DIAGNOSTIC,    76, -9.465633034706e-01, 9.247573871107e-07, 2.9606e+02, 2.7276e+00, 
 1DIAGNOSTIC,    77, -9.465425014496e-01, 7.962408972162e-07, 2.9876e+02, 2.7062e+00, 
 1DIAGNOSTIC,    78, -9.466021656990e-01, 8.795651069704e-07, 3.0150e+02, 2.7424e+00, 
 1DIAGNOSTIC,    79, -9.465815424919e-01, 8.598954650552e-07, 3.0424e+02, 2.7316e+00, 
 1DIAGNOSTIC,    80, -9.465982913971e-01, 8.853407393872e-07, 3.0697e+02, 2.7383e+00, 
 1DIAGNOSTIC,    81, -9.465884566307e-01, 8.518235858901e-07, 3.0970e+02, 2.7297e+00, 
 1DIAGNOSTIC,    82, -9.465861320496e-01, 5.977630621601e-07, 3.1243e+02, 2.7273e+00, 
 1DIAGNOSTIC,    83, -9.465990066528e-01, 6.406869488274e-07, 3.1516e+02, 2.7327e+00, 
 1DIAGNOSTIC,    84, -9.466011524200e-01, 6.983958655837e-07, 3.1788e+02, 2.7202e+00, 
 1DIAGNOSTIC,    85, -9.466237425804e-01, 7.638700481039e-07, 3.2060e+02, 2.7182e+00, 
 1DIAGNOSTIC,    86, -9.465883374214e-01, 6.446193197007e-07, 3.2332e+02, 2.7148e+00, 
 1DIAGNOSTIC,    87, -9.466141462326e-01, 5.177337811801e-07, 3.2603e+02, 2.7131e+00, 
 1DIAGNOSTIC,    88, -9.466323852539e-01, 6.439822755056e-07, 3.2872e+02, 2.6933e+00, 
 1DIAGNOSTIC,    89, -9.466205239296e-01, 6.249834996197e-07, 3.3142e+02, 2.6942e+00, 
 1DIAGNOSTIC,    90, -9.466030597687e-01, 5.821611352985e-07, 3.3412e+02, 2.7045e+00, 
 1DIAGNOSTIC,    91, -9.466468691826e-01, 6.348406600409e-07, 3.3684e+02, 2.7143e+00, 
 1DIAGNOSTIC,    92, -9.466273784637e-01, 5.809840786242e-07, 3.3955e+02, 2.7152e+00, 
 1DIAGNOSTIC,    93, -9.466392993927e-01, 5.859787961526e-07, 3.4223e+02, 2.6812e+00, 
 1DIAGNOSTIC,    94, -9.466071128845e-01, 4.702070839357e-07, 3.4492e+02, 2.6814e+00, 
 1DIAGNOSTIC,    95, -9.466619491577e-01, 5.972601115900e-07, 3.4759e+02, 2.6719e+00, 
 1DIAGNOSTIC,    96, -9.466466307640e-01, 5.278197363623e-07, 3.5026e+02, 2.6756e+00, 
 1DIAGNOSTIC,    97, -9.466302990913e-01, 4.694175004261e-07, 3.5295e+02, 2.6839e+00, 
 1DIAGNOSTIC,    98, -9.466558098793e-01, 5.389512125475e-07, 3.5562e+02, 2.6733e+00, 
 1DIAGNOSTIC,    99, -9.466595053673e-01, 5.610417019852e-07, 3.5828e+02, 2.6650e+00, 
 1DIAGNOSTIC,   100, -9.466624259949e-01, 5.094578341414e-07, 3.6096e+02, 2.6712e+00, 
XXDIAGNOSTIC,Iteration,metricValue,convergenceValue,ITERATION_TIME_INDEX,SINCE_LAST
 1DIAGNOSTIC,     1, -8.730390071869e-01, inf, 3.8406e+02, 2.3107e+01, 
 1DIAGNOSTIC,     2, -8.754582405090e-01, inf, 4.0595e+02, 2.1888e+01, 
 1DIAGNOSTIC,     3, -8.776249289513e-01, inf, 4.2804e+02, 2.2087e+01, 
 1DIAGNOSTIC,     4, -8.795141577721e-01, inf, 4.5037e+02, 2.2333e+01, 
 1DIAGNOSTIC,     5, -8.812819123268e-01, inf, 4.7224e+02, 2.1864e+01, 
 1DIAGNOSTIC,     6, -8.826587200165e-01, inf, 4.9403e+02, 2.1795e+01, 
 1DIAGNOSTIC,     7, -8.838990330696e-01, inf, 5.1561e+02, 2.1582e+01, 
 1DIAGNOSTIC,     8, -8.849828839302e-01, inf, 5.3771e+02, 2.2097e+01, 
 1DIAGNOSTIC,     9, -8.859561085701e-01, inf, 5.5975e+02, 2.2037e+01, 
 1DIAGNOSTIC,    10, -8.868253231049e-01, 9.836796671152e-04, 5.8146e+02, 2.1713e+01, 
 1DIAGNOSTIC,    11, -8.876090645790e-01, 7.836582371965e-04, 6.0343e+02, 2.1967e+01, 
 1DIAGNOSTIC,    12, -8.883243799210e-01, 6.303327973001e-04, 6.2532e+02, 2.1893e+01, 
 1DIAGNOSTIC,    13, -8.889921307564e-01, 5.134330131114e-04, 6.4706e+02, 2.1737e+01, 
 1DIAGNOSTIC,    14, -8.896130323410e-01, 4.238155088387e-04, 6.6920e+02, 2.2146e+01, 
 1DIAGNOSTIC,    15, -8.901960849762e-01, 3.575886948965e-04, 6.9091e+02, 2.1705e+01, 
 1DIAGNOSTIC,    16, -8.907582759857e-01, 3.055752604268e-04, 7.1300e+02, 2.2096e+01, 
 1DIAGNOSTIC,    17, -8.913075327873e-01, 2.651928225532e-04, 7.3505e+02, 2.2047e+01, 
 1DIAGNOSTIC,    18, -8.918536901474e-01, 2.337256155442e-04, 7.5674e+02, 2.1693e+01, 
 1DIAGNOSTIC,    19, -8.923931717873e-01, 2.093426446663e-04, 7.7884e+02, 2.2093e+01, 
 1DIAGNOSTIC,    20, -8.929505348206e-01, 1.907338300953e-04, 8.0088e+02, 2.2042e+01, 
 1DIAGNOSTIC,    21, -8.934233188629e-01, 1.752316311467e-04, 8.2286e+02, 2.1983e+01, 
 1DIAGNOSTIC,    22, -8.940090537071e-01, 1.636942761252e-04, 8.4477e+02, 2.1905e+01, 
 1DIAGNOSTIC,    23, -8.944358825684e-01, 1.530078734504e-04, 8.6646e+02, 2.1697e+01, 
 1DIAGNOSTIC,    24, -8.950738906860e-01, 1.456561149098e-04, 8.8844e+02, 2.1980e+01, 
 1DIAGNOSTIC,    25, -8.955605626106e-01, 1.388274104102e-04, 9.0990e+02, 2.1458e+01, 
 1DIAGNOSTIC,    26, -8.960680961609e-01, 1.326175261056e-04, 9.3148e+02, 2.1581e+01, 
 1DIAGNOSTIC,    27, -8.966241478920e-01, 1.274602691410e-04, 9.5325e+02, 2.1765e+01, 
 1DIAGNOSTIC,    28, -8.970310688019e-01, 1.214870353579e-04, 9.7489e+02, 2.1644e+01, 
 1DIAGNOSTIC,    29, -8.974907398224e-01, 1.154554120149e-04, 9.9630e+02, 2.1404e+01, 
 1DIAGNOSTIC,    30, -8.978119492531e-01, 1.082615854102e-04, 1.0181e+03, 2.1780e+01, 
 1DIAGNOSTIC,    31, -8.981075286865e-01, 9.920143202180e-05, 1.0395e+03, 2.1380e+01, 
 1DIAGNOSTIC,    32, -8.983781337738e-01, 8.989664638648e-05, 1.0610e+03, 2.1494e+01, 
 1DIAGNOSTIC,    33, -8.986292481422e-01, 7.915878813947e-05, 1.0824e+03, 2.1436e+01, 
 1DIAGNOSTIC,    34, -8.988595008850e-01, 6.971189577598e-05, 1.1033e+03, 2.0905e+01, 
 1DIAGNOSTIC,    35, -8.990784883499e-01, 6.063343607821e-05, 1.1245e+03, 2.1231e+01, 
 1DIAGNOSTIC,    36, -8.992789983749e-01, 5.257215889287e-05, 1.1455e+03, 2.0997e+01, 
 1DIAGNOSTIC,    37, -8.994618654251e-01, 4.634485230781e-05, 1.1663e+03, 2.0795e+01, 
 1DIAGNOSTIC,    38, -8.996386528015e-01, 4.093405368621e-05, 1.1871e+03, 2.0779e+01, 
 1DIAGNOSTIC,    39, -8.998062610626e-01, 3.705860217451e-05, 1.2081e+03, 2.1044e+01, 
 1DIAGNOSTIC,    40, -8.999561071396e-01, 3.362873758306e-05, 1.2289e+03, 2.0751e+01, 
 1DIAGNOSTIC,    41, -9.000973105431e-01, 3.058991933358e-05, 1.2498e+03, 2.0925e+01, 
 1DIAGNOSTIC,    42, -9.002287387848e-01, 2.786449113046e-05, 1.2707e+03, 2.0927e+01, 
 1DIAGNOSTIC,    43, -9.003582000732e-01, 2.546344694565e-05, 1.2920e+03, 2.1241e+01, 
 1DIAGNOSTIC,    44, -9.004757404327e-01, 2.329315429961e-05, 1.3130e+03, 2.0999e+01, 
 1DIAGNOSTIC,    45, -9.005914926529e-01, 2.140270225937e-05, 1.3337e+03, 2.0730e+01, 
 1DIAGNOSTIC,    46, -9.006925821304e-01, 1.967807475012e-05, 1.3545e+03, 2.0832e+01, 
 1DIAGNOSTIC,    47, -9.007974863052e-01, 1.813634298742e-05, 1.3754e+03, 2.0872e+01, 
 1DIAGNOSTIC,    48, -9.008885025978e-01, 1.673887891229e-05, 1.3965e+03, 2.1119e+01, 
 1DIAGNOSTIC,    49, -9.009788036346e-01, 1.551422428747e-05, 1.4173e+03, 2.0749e+01, 
 1DIAGNOSTIC,    50, -9.010671377182e-01, 1.441167660232e-05, 1.4381e+03, 2.0780e+01, 
 1DIAGNOSTIC,    51, -9.011505246162e-01, 1.341572806268e-05, 1.4588e+03, 2.0744e+01, 
 1DIAGNOSTIC,    52, -9.012289643288e-01, 1.249854994967e-05, 1.4795e+03, 2.0731e+01, 
 1DIAGNOSTIC,    53, -9.013063311577e-01, 1.170258383354e-05, 1.5003e+03, 2.0749e+01, 
 1DIAGNOSTIC,    54, -9.013755321503e-01, 1.095578045351e-05, 1.5210e+03, 2.0740e+01, 
 1DIAGNOSTIC,    55, -9.014444947243e-01, 1.029697068589e-05, 1.5418e+03, 2.0766e+01, 
 1DIAGNOSTIC,    56, -9.015119075775e-01, 9.671756743046e-06, 1.5630e+03, 2.1184e+01, 
 1DIAGNOSTIC,    57, -9.015752673149e-01, 9.121372386289e-06, 1.5838e+03, 2.0821e+01, 
 1DIAGNOSTIC,    58, -9.016240239143e-01, 8.522732059646e-06, 1.6048e+03, 2.0955e+01, 
 1DIAGNOSTIC,    59, -9.016808271408e-01, 7.962270501594e-06, 1.6257e+03, 2.0896e+01, 
 1DIAGNOSTIC,    60, -9.017361402512e-01, 7.457722858817e-06, 1.6466e+03, 2.0940e+01, 
 1DIAGNOSTIC,    61, -9.017888307571e-01, 7.002268375800e-06, 1.6673e+03, 2.0756e+01, 
 1DIAGNOSTIC,    62, -9.018320441246e-01, 6.552870218002e-06, 1.6881e+03, 2.0762e+01, 
 1DIAGNOSTIC,    63, -9.018790721893e-01, 6.158648375276e-06, 1.7090e+03, 2.0846e+01, 
 1DIAGNOSTIC,    64, -9.019233584404e-01, 5.788675935037e-06, 1.7298e+03, 2.0820e+01, 
 1DIAGNOSTIC,    65, -9.019653797150e-01, 5.454586698761e-06, 1.7505e+03, 2.0725e+01, 
 1DIAGNOSTIC,    66, -9.020087122917e-01, 5.178338597034e-06, 1.7715e+03, 2.0969e+01, 
 1DIAGNOSTIC,    67, -9.020528793335e-01, 4.963217179466e-06, 1.7924e+03, 2.0961e+01, 
 1DIAGNOSTIC,    68, -9.020919799805e-01, 4.726289262180e-06, 1.8132e+03, 2.0760e+01, 
 1DIAGNOSTIC,    69, -9.021255970001e-01, 4.496386736719e-06, 1.8342e+03, 2.1029e+01, 
 1DIAGNOSTIC,    70, -9.021585583687e-01, 4.279795575712e-06, 1.8550e+03, 2.0775e+01, 
XXDIAGNOSTIC,Iteration,metricValue,convergenceValue,ITERATION_TIME_INDEX,SINCE_LAST
 1DIAGNOSTIC,     1, -7.359781265259e-01, inf, 2.0246e+03, 1.6956e+02, 
 1DIAGNOSTIC,     2, -7.375564575195e-01, inf, 2.1920e+03, 1.6744e+02, 
 1DIAGNOSTIC,     3, -7.396996617317e-01, inf, 2.3600e+03, 1.6803e+02, 
 1DIAGNOSTIC,     4, -7.417398095131e-01, inf, 2.5284e+03, 1.6835e+02, 
 1DIAGNOSTIC,     5, -7.432574033737e-01, inf, 2.6993e+03, 1.7090e+02, 
 1DIAGNOSTIC,     6, -7.445616722107e-01, inf, 2.8663e+03, 1.6705e+02, 
 1DIAGNOSTIC,     7, -7.456434369087e-01, inf, 3.0339e+03, 1.6752e+02, 
 1DIAGNOSTIC,     8, -7.466041445732e-01, inf, 3.2021e+03, 1.6827e+02, 
 1DIAGNOSTIC,     9, -7.475128173828e-01, inf, 3.3712e+03, 1.6907e+02, 
 1DIAGNOSTIC,    10, -7.484203577042e-01, 1.075074542314e-03, 3.5403e+03, 1.6911e+02, 
 1DIAGNOSTIC,    11, -7.493407726288e-01, 8.783246157691e-04, 3.7078e+03, 1.6747e+02, 
 1DIAGNOSTIC,    12, -7.501636743546e-01, 7.112554158084e-04, 3.8756e+03, 1.6785e+02, 
 1DIAGNOSTIC,    13, -7.510654926300e-01, 5.942977149971e-04, 4.0425e+03, 1.6692e+02, 
 1DIAGNOSTIC,    14, -7.519070506096e-01, 5.180101143196e-04, 4.2117e+03, 1.6912e+02, 
 1DIAGNOSTIC,    15, -7.527606487274e-01, 4.643588617910e-04, 4.3815e+03, 1.6986e+02, 
 1DIAGNOSTIC,    16, -7.536287307739e-01, 4.261686117388e-04, 4.5517e+03, 1.7016e+02, 
 1DIAGNOSTIC,    17, -7.544426918030e-01, 3.953835694119e-04, 4.7217e+03, 1.7005e+02, 
 1DIAGNOSTIC,    18, -7.550812363625e-01, 3.650677681435e-04, 4.8906e+03, 1.6888e+02, 
 1DIAGNOSTIC,    19, -7.556767463684e-01, 3.340788534842e-04, 5.0585e+03, 1.6784e+02, 
 1DIAGNOSTIC,    20, -7.562378644943e-01, 3.028838837054e-04, 5.2271e+03, 1.6861e+02, 
  Elapsed time (stage 2): 5229


Total elapsed time: 5275
Using single precision for computations.
Input scalar image: /home/mpib/nemecz/Projects/miniTRK/Results/01_MRI/GroupTempl/T1w/T_template0sub-396248_T1wRepaired.nii.gz
Reference image: /home/mpib/nemecz/Projects/miniTRK/Results/01_MRI/GroupTempl/T1w/T_template0.nii.gz
=============================================================================
The composite transform comprises the following transforms (in order): 
  1. /home/mpib/nemecz/Projects/miniTRK/Results/01_MRI/GroupTempl/T1w/T_sub-396248_T1w100GenericAffine.mat (type = AffineTransform)
  2. /home/mpib/nemecz/Projects/miniTRK/Results/01_MRI/GroupTempl/T1w/T_sub-396248_T1w101Warp.nii.gz (type = DisplacementFieldTransform)
=============================================================================
Default pixel value: 0
Interpolation type: LinearInterpolateImageFunction
Output warped image: /home/mpib/nemecz/Projects/miniTRK/Results/01_MRI/GroupTempl/T1w/T_template0sub-396248_T1w10WarpedToTemplate.nii.gz
