
Running N4 for 3-dimensional images.

Mask not read.  Using the entire image as the mask.

Original intensity range:  [0, 852]

***********************************************************
Warning:  Your input image contains nonpositive values
which could cause failure or problematic results.  A
possible workaround would be to:
   1. rescale your image to positive values e.g., [10,100].
   2. run N4 on your rescaled image.
   3. (optional) rescale the N4 output to the original
      intensity range.
***********************************************************

Specified spline distance: 200mm
  original image size:  [192, 256, 256]
  padded image size:  [201, 401, 401]
  number of control points:  [4, 5, 5]

Current level = 1
  Iteration 1 (of 50).   Current convergence value = 0.000197726 (threshold = 1e-08)
  Iteration 2 (of 50).   Current convergence value = 0.00014234 (threshold = 1e-08)
  Iteration 3 (of 50).   Current convergence value = 0.000112226 (threshold = 1e-08)
  Iteration 4 (of 50).   Current convergence value = 0.00010014 (threshold = 1e-08)
  Iteration 5 (of 50).   Current convergence value = 9.78699e-05 (threshold = 1e-08)
  Iteration 6 (of 50).   Current convergence value = 9.96576e-05 (threshold = 1e-08)
  Iteration 7 (of 50).   Current convergence value = 0.000102311 (threshold = 1e-08)
  Iteration 8 (of 50).   Current convergence value = 0.000104546 (threshold = 1e-08)
  Iteration 9 (of 50).   Current convergence value = 0.000106194 (threshold = 1e-08)
  Iteration 10 (of 50).   Current convergence value = 0.000107276 (threshold = 1e-08)
  Iteration 11 (of 50).   Current convergence value = 0.000107668 (threshold = 1e-08)
  Iteration 12 (of 50).   Current convergence value = 0.000107681 (threshold = 1e-08)
  Iteration 13 (of 50).   Current convergence value = 0.000107578 (threshold = 1e-08)
  Iteration 14 (of 50).   Current convergence value = 0.000107141 (threshold = 1e-08)
  Iteration 15 (of 50).   Current convergence value = 0.000106496 (threshold = 1e-08)
  Iteration 16 (of 50).   Current convergence value = 0.000106008 (threshold = 1e-08)
  Iteration 17 (of 50).   Current convergence value = 0.000105105 (threshold = 1e-08)
  Iteration 18 (of 50).   Current convergence value = 0.000104136 (threshold = 1e-08)
  Iteration 19 (of 50).   Current convergence value = 0.000103277 (threshold = 1e-08)
  Iteration 20 (of 50).   Current convergence value = 0.000102435 (threshold = 1e-08)
  Iteration 21 (of 50).   Current convergence value = 0.000101548 (threshold = 1e-08)
  Iteration 22 (of 50).   Current convergence value = 0.0001006 (threshold = 1e-08)
  Iteration 23 (of 50).   Current convergence value = 9.96208e-05 (threshold = 1e-08)
  Iteration 24 (of 50).   Current convergence value = 9.86315e-05 (threshold = 1e-08)
  Iteration 25 (of 50).   Current convergence value = 9.77734e-05 (threshold = 1e-08)
  Iteration 26 (of 50).   Current convergence value = 9.6938e-05 (threshold = 1e-08)
  Iteration 27 (of 50).   Current convergence value = 9.61343e-05 (threshold = 1e-08)
  Iteration 28 (of 50).   Current convergence value = 9.52733e-05 (threshold = 1e-08)
  Iteration 29 (of 50).   Current convergence value = 9.43357e-05 (threshold = 1e-08)
  Iteration 30 (of 50).   Current convergence value = 9.35169e-05 (threshold = 1e-08)
  Iteration 31 (of 50).   Current convergence value = 9.26769e-05 (threshold = 1e-08)
  Iteration 32 (of 50).   Current convergence value = 9.19437e-05 (threshold = 1e-08)
  Iteration 33 (of 50).   Current convergence value = 9.11718e-05 (threshold = 1e-08)
  Iteration 34 (of 50).   Current convergence value = 9.05665e-05 (threshold = 1e-08)
  Iteration 35 (of 50).   Current convergence value = 8.99581e-05 (threshold = 1e-08)
  Iteration 36 (of 50).   Current convergence value = 8.93106e-05 (threshold = 1e-08)
  Iteration 37 (of 50).   Current convergence value = 8.8779e-05 (threshold = 1e-08)
  Iteration 38 (of 50).   Current convergence value = 8.81735e-05 (threshold = 1e-08)
  Iteration 39 (of 50).   Current convergence value = 8.76333e-05 (threshold = 1e-08)
  Iteration 40 (of 50).   Current convergence value = 8.71436e-05 (threshold = 1e-08)
  Iteration 41 (of 50).   Current convergence value = 8.65592e-05 (threshold = 1e-08)
  Iteration 42 (of 50).   Current convergence value = 8.59538e-05 (threshold = 1e-08)
  Iteration 43 (of 50).   Current convergence value = 8.5394e-05 (threshold = 1e-08)
  Iteration 44 (of 50).   Current convergence value = 8.48936e-05 (threshold = 1e-08)
  Iteration 45 (of 50).   Current convergence value = 8.4453e-05 (threshold = 1e-08)
  Iteration 46 (of 50).   Current convergence value = 8.38389e-05 (threshold = 1e-08)
  Iteration 47 (of 50).   Current convergence value = 8.33364e-05 (threshold = 1e-08)
  Iteration 48 (of 50).   Current convergence value = 8.28547e-05 (threshold = 1e-08)
  Iteration 49 (of 50).   Current convergence value = 8.25027e-05 (threshold = 1e-08)
  Iteration 50 (of 50).   Current convergence value = 8.20964e-05 (threshold = 1e-08)
Current level = 2
  Iteration 1 (of 50).   Current convergence value = 0.000465772 (threshold = 1e-08)
  Iteration 2 (of 50).   Current convergence value = 0.000380566 (threshold = 1e-08)
  Iteration 3 (of 50).   Current convergence value = 0.000327253 (threshold = 1e-08)
  Iteration 4 (of 50).   Current convergence value = 0.000284272 (threshold = 1e-08)
  Iteration 5 (of 50).   Current convergence value = 0.000246816 (threshold = 1e-08)
  Iteration 6 (of 50).   Current convergence value = 0.000216596 (threshold = 1e-08)
  Iteration 7 (of 50).   Current convergence value = 0.00019301 (threshold = 1e-08)
  Iteration 8 (of 50).   Current convergence value = 0.000181862 (threshold = 1e-08)
  Iteration 9 (of 50).   Current convergence value = 0.000179054 (threshold = 1e-08)
  Iteration 10 (of 50).   Current convergence value = 0.00016782 (threshold = 1e-08)
  Iteration 11 (of 50).   Current convergence value = 0.000158153 (threshold = 1e-08)
  Iteration 12 (of 50).   Current convergence value = 0.000149453 (threshold = 1e-08)
  Iteration 13 (of 50).   Current convergence value = 0.000141504 (threshold = 1e-08)
  Iteration 14 (of 50).   Current convergence value = 0.000135 (threshold = 1e-08)
  Iteration 15 (of 50).   Current convergence value = 0.000129037 (threshold = 1e-08)
  Iteration 16 (of 50).   Current convergence value = 0.00012385 (threshold = 1e-08)
  Iteration 17 (of 50).   Current convergence value = 0.000118942 (threshold = 1e-08)
  Iteration 18 (of 50).   Current convergence value = 0.000114685 (threshold = 1e-08)
  Iteration 19 (of 50).   Current convergence value = 0.000110658 (threshold = 1e-08)
  Iteration 20 (of 50).   Current convergence value = 0.000108805 (threshold = 1e-08)
  Iteration 21 (of 50).   Current convergence value = 0.000109688 (threshold = 1e-08)
  Iteration 22 (of 50).   Current convergence value = 0.000110581 (threshold = 1e-08)
  Iteration 23 (of 50).   Current convergence value = 0.00011117 (threshold = 1e-08)
  Iteration 24 (of 50).   Current convergence value = 0.000111728 (threshold = 1e-08)
  Iteration 25 (of 50).   Current convergence value = 0.000111965 (threshold = 1e-08)
  Iteration 26 (of 50).   Current convergence value = 0.000112302 (threshold = 1e-08)
  Iteration 27 (of 50).   Current convergence value = 0.000112341 (threshold = 1e-08)
  Iteration 28 (of 50).   Current convergence value = 0.000112573 (threshold = 1e-08)
  Iteration 29 (of 50).   Current convergence value = 0.000112298 (threshold = 1e-08)
  Iteration 30 (of 50).   Current convergence value = 0.000112185 (threshold = 1e-08)
  Iteration 31 (of 50).   Current convergence value = 0.000111782 (threshold = 1e-08)
  Iteration 32 (of 50).   Current convergence value = 0.000111583 (threshold = 1e-08)
  Iteration 33 (of 50).   Current convergence value = 0.000111357 (threshold = 1e-08)
  Iteration 34 (of 50).   Current convergence value = 0.000110866 (threshold = 1e-08)
  Iteration 35 (of 50).   Current convergence value = 0.000110433 (threshold = 1e-08)
  Iteration 36 (of 50).   Current convergence value = 0.000109838 (threshold = 1e-08)
  Iteration 37 (of 50).   Current convergence value = 0.00010937 (threshold = 1e-08)
  Iteration 38 (of 50).   Current convergence value = 0.000108773 (threshold = 1e-08)
  Iteration 39 (of 50).   Current convergence value = 0.000108256 (threshold = 1e-08)
  Iteration 40 (of 50).   Current convergence value = 0.000107637 (threshold = 1e-08)
  Iteration 41 (of 50).   Current convergence value = 0.000107376 (threshold = 1e-08)
  Iteration 42 (of 50).   Current convergence value = 0.000106637 (threshold = 1e-08)
  Iteration 43 (of 50).   Current convergence value = 0.000106068 (threshold = 1e-08)
  Iteration 44 (of 50).   Current convergence value = 0.00010557 (threshold = 1e-08)
  Iteration 45 (of 50).   Current convergence value = 0.000105117 (threshold = 1e-08)
  Iteration 46 (of 50).   Current convergence value = 0.000104628 (threshold = 1e-08)
  Iteration 47 (of 50).   Current convergence value = 0.000104233 (threshold = 1e-08)
  Iteration 48 (of 50).   Current convergence value = 0.000103644 (threshold = 1e-08)
  Iteration 49 (of 50).   Current convergence value = 0.000103158 (threshold = 1e-08)
  Iteration 50 (of 50).   Current convergence value = 0.000102954 (threshold = 1e-08)
Current level = 3
  Iteration 1 (of 40).   Current convergence value = 0.0015593 (threshold = 1e-08)
  Iteration 2 (of 40).   Current convergence value = 0.00119608 (threshold = 1e-08)
  Iteration 3 (of 40).   Current convergence value = 0.00097847 (threshold = 1e-08)
  Iteration 4 (of 40).   Current convergence value = 0.000842059 (threshold = 1e-08)
  Iteration 5 (of 40).   Current convergence value = 0.000746016 (threshold = 1e-08)
  Iteration 6 (of 40).   Current convergence value = 0.000682064 (threshold = 1e-08)
  Iteration 7 (of 40).   Current convergence value = 0.000633934 (threshold = 1e-08)
  Iteration 8 (of 40).   Current convergence value = 0.000598286 (threshold = 1e-08)
  Iteration 9 (of 40).   Current convergence value = 0.00057304 (threshold = 1e-08)
  Iteration 10 (of 40).   Current convergence value = 0.000554408 (threshold = 1e-08)
  Iteration 11 (of 40).   Current convergence value = 0.000539718 (threshold = 1e-08)
  Iteration 12 (of 40).   Current convergence value = 0.000527645 (threshold = 1e-08)
  Iteration 13 (of 40).   Current convergence value = 0.000517422 (threshold = 1e-08)
  Iteration 14 (of 40).   Current convergence value = 0.000508394 (threshold = 1e-08)
  Iteration 15 (of 40).   Current convergence value = 0.000500362 (threshold = 1e-08)
  Iteration 16 (of 40).   Current convergence value = 0.000492981 (threshold = 1e-08)
  Iteration 17 (of 40).   Current convergence value = 0.000486142 (threshold = 1e-08)
  Iteration 18 (of 40).   Current convergence value = 0.000479573 (threshold = 1e-08)
  Iteration 19 (of 40).   Current convergence value = 0.000473314 (threshold = 1e-08)
  Iteration 20 (of 40).   Current convergence value = 0.000467193 (threshold = 1e-08)
  Iteration 21 (of 40).   Current convergence value = 0.000461199 (threshold = 1e-08)
  Iteration 22 (of 40).   Current convergence value = 0.000454151 (threshold = 1e-08)
  Iteration 23 (of 40).   Current convergence value = 0.000441069 (threshold = 1e-08)
  Iteration 24 (of 40).   Current convergence value = 0.00042892 (threshold = 1e-08)
  Iteration 25 (of 40).   Current convergence value = 0.000417584 (threshold = 1e-08)
  Iteration 26 (of 40).   Current convergence value = 0.000407038 (threshold = 1e-08)
  Iteration 27 (of 40).   Current convergence value = 0.000397328 (threshold = 1e-08)
  Iteration 28 (of 40).   Current convergence value = 0.000388235 (threshold = 1e-08)
  Iteration 29 (of 40).   Current convergence value = 0.000379743 (threshold = 1e-08)
  Iteration 30 (of 40).   Current convergence value = 0.000371704 (threshold = 1e-08)
  Iteration 31 (of 40).   Current convergence value = 0.000364217 (threshold = 1e-08)
  Iteration 32 (of 40).   Current convergence value = 0.000357139 (threshold = 1e-08)
  Iteration 33 (of 40).   Current convergence value = 0.000350404 (threshold = 1e-08)
  Iteration 34 (of 40).   Current convergence value = 0.000344115 (threshold = 1e-08)
  Iteration 35 (of 40).   Current convergence value = 0.000338132 (threshold = 1e-08)
  Iteration 36 (of 40).   Current convergence value = 0.0003325 (threshold = 1e-08)
  Iteration 37 (of 40).   Current convergence value = 0.000327149 (threshold = 1e-08)
  Iteration 38 (of 40).   Current convergence value = 0.000322074 (threshold = 1e-08)
  Iteration 39 (of 40).   Current convergence value = 0.000317214 (threshold = 1e-08)
  Iteration 40 (of 40).   Current convergence value = 0.000312577 (threshold = 1e-08)
Current level = 4
  Iteration 1 (of 30).   Current convergence value = 0.00224121 (threshold = 1e-08)
  Iteration 2 (of 30).   Current convergence value = 0.00209205 (threshold = 1e-08)
  Iteration 3 (of 30).   Current convergence value = 0.0019854 (threshold = 1e-08)
  Iteration 4 (of 30).   Current convergence value = 0.00187309 (threshold = 1e-08)
  Iteration 5 (of 30).   Current convergence value = 0.00178611 (threshold = 1e-08)
  Iteration 6 (of 30).   Current convergence value = 0.00172168 (threshold = 1e-08)
  Iteration 7 (of 30).   Current convergence value = 0.00166642 (threshold = 1e-08)
  Iteration 8 (of 30).   Current convergence value = 0.00161579 (threshold = 1e-08)
  Iteration 9 (of 30).   Current convergence value = 0.00157002 (threshold = 1e-08)
  Iteration 10 (of 30).   Current convergence value = 0.00152493 (threshold = 1e-08)
  Iteration 11 (of 30).   Current convergence value = 0.00147961 (threshold = 1e-08)
  Iteration 12 (of 30).   Current convergence value = 0.00143223 (threshold = 1e-08)
  Iteration 13 (of 30).   Current convergence value = 0.00131683 (threshold = 1e-08)
  Iteration 14 (of 30).   Current convergence value = 0.00122228 (threshold = 1e-08)
  Iteration 15 (of 30).   Current convergence value = 0.00114854 (threshold = 1e-08)
  Iteration 16 (of 30).   Current convergence value = 0.00109921 (threshold = 1e-08)
  Iteration 17 (of 30).   Current convergence value = 0.0010508 (threshold = 1e-08)
  Iteration 18 (of 30).   Current convergence value = 0.00100244 (threshold = 1e-08)
  Iteration 19 (of 30).   Current convergence value = 0.000955784 (threshold = 1e-08)
  Iteration 20 (of 30).   Current convergence value = 0.000910737 (threshold = 1e-08)
  Iteration 21 (of 30).   Current convergence value = 0.000867653 (threshold = 1e-08)
  Iteration 22 (of 30).   Current convergence value = 0.000826925 (threshold = 1e-08)
  Iteration 23 (of 30).   Current convergence value = 0.000788772 (threshold = 1e-08)
  Iteration 24 (of 30).   Current convergence value = 0.000752562 (threshold = 1e-08)
  Iteration 25 (of 30).   Current convergence value = 0.000718544 (threshold = 1e-08)
  Iteration 26 (of 30).   Current convergence value = 0.000686596 (threshold = 1e-08)
  Iteration 27 (of 30).   Current convergence value = 0.000656637 (threshold = 1e-08)
  Iteration 28 (of 30).   Current convergence value = 0.000628833 (threshold = 1e-08)
  Iteration 29 (of 30).   Current convergence value = 0.000602878 (threshold = 1e-08)
  Iteration 30 (of 30).   Current convergence value = 0.000578882 (threshold = 1e-08)
   N4BiasFieldCorrectionImageFilter (0x55ab632d8e20)
     RTTI typeinfo:   itk::N4BiasFieldCorrectionImageFilter<itk::Image<float, 3u>, itk::Image<float, 3u>, itk::Image<float, 3u> >
     Reference Count: 1
     Modified Time: 565
     Debug: Off
     Object Name: 
     Observers: 
       IterationEvent(Command)
     Inputs: 
       ConfidenceImage: (0)
       MaskImage: (0x55ab63303590)
       Primary: (0x55ab632fe9a0) *
     Indexed Inputs: 
       0: Primary (0x55ab632fe9a0)
       1: MaskImage (0x55ab63303590)
       2: ConfidenceImage (0)
     Required Input Names: Primary
     NumberOfRequiredInputs: 1
     Outputs: 
       Primary: (0x55ab632e8ef0)
     Indexed Outputs: 
       0: Primary (0x55ab632e8ef0)
     NumberOfRequiredOutputs: 1
     Number Of Work Units: 32
     ReleaseDataFlag: Off
     ReleaseDataBeforeUpdateFlag: Off
     AbortGenerateData: Off
     Progress: 0
     Multithreader: 
       RTTI typeinfo:   itk::PoolMultiThreader
       Reference Count: 1
       Modified Time: 144
       Debug: Off
       Object Name: 
       Observers: 
         none
       Number of Work Units: 32
       Number of Threads: 8
       Global Maximum Number Of Threads: 128
       Global Default Number Of Threads: 8
       Global Default Threader Type: itk::MultiThreaderBaseEnums::Threader::Pool
       SingleMethod: 0
       SingleData: 0
     DynamicMultiThreading: On
     CoordinateTolerance: 1e-06
     DirectionTolerance: 1e-06
     Use Mask Label: 0
     Mask label: 1
     Number of histogram bins: 200
     Wiener filter noise: 0.01
     Bias field FWHM: 0.15
     Maximum number of iterations: [50, 50, 40, 30]
     Convergence threshold: 1e-08
     Spline order: 3
     Number of fitting levels: [4, 4, 4]
     Number of control points: [4, 5, 5]
     CurrentConvergenceMeasurement: 0.000578882
     CurrentLevel: 4
     ElapsedIterations: 31
     LogBiasFieldControlPointLattice: 
       Image (0x55ab69de4a80)
         RTTI typeinfo:   itk::Image<itk::Vector<float, 1u>, 3u>
         Reference Count: 1
         Modified Time: 343560
         Debug: Off
         Object Name: 
         Observers: 
           none
         Source: (none)
         Source output name: (none)
         Release Data: Off
         Data Released: False
         Global Release Data: Off
         PipelineMTime: 0
         UpdateMTime: 0
         RealTimeStamp: 0 seconds 
         LargestPossibleRegion: 
           Dimension: 3
           Index: [0, 0, 0]
           Size: [11, 19, 19]
         BufferedRegion: 
           Dimension: 3
           Index: [0, 0, 0]
           Size: [11, 19, 19]
         RequestedRegion: 
           Dimension: 3
           Index: [0, 0, 0]
           Size: [11, 19, 19]
         Spacing: [24.75, 24.875, 24.875]
         Origin: [24.9483, 20.2455, -28.5971]
         Direction: 
-0.999954 -0.00945687 0.00143903
0.00956494 -0.986555 0.163147
-0.000123178 0.163154 0.986601

         IndexToPointMatrix: 
-24.7489 -0.23524 0.0357959
0.236732 -24.5406 4.05828
-0.00304865 4.05846 24.5417

         PointToIndexMatrix: 
-0.0404022 0.000386462 -4.97688e-06
-0.000380176 -0.0396605 0.00655892
5.78508e-05 0.0065587 0.0396623

         Inverse Direction: 
-0.999954 0.00956494 -0.000123178
-0.00945688 -0.986555 0.163153
0.00143904 0.163148 0.986601

         PixelContainer: 
           ImportImageContainer (0x55ab69de5700)
             RTTI typeinfo:   itk::ImportImageContainer<unsigned long, itk::Vector<float, 1u> >
             Reference Count: 1
             Modified Time: 343561
             Debug: Off
             Object Name: 
             Observers: 
               none
             Pointer: 0x55ab6d486670
             Container manages memory: true
             Size: 3971
             Capacity: 3971
Elapsed time: 270.314
All_Command_lines_OK
Using single precision for computations.
=============================================================================
The composite transform comprises the following transforms (in order): 
  1. Center of mass alignment using fixed image: /home/mpib/nemecz/Projects/miniTRK/Results/01_MRI/GroupTempl/T1w/T_template0.nii.gz and moving image: /home/mpib/nemecz/Projects/miniTRK/Analysis/01_MRI/Preproc/GroupTempl/T1w/sub-515928_T1w.nii.gz (type = Euler3DTransform)
=============================================================================
  number of levels = 4
  number of levels = 4
  number of levels = 4
  fixed image: /home/mpib/nemecz/Projects/miniTRK/Results/01_MRI/GroupTempl/T1w/T_template0.nii.gz
  moving image: /home/mpib/nemecz/Projects/miniTRK/Results/01_MRI/GroupTempl/T1w/T_template0sub-515928_T1wRepaired.nii.gz
  fixed image: /home/mpib/nemecz/Projects/miniTRK/Results/01_MRI/GroupTempl/T1w/T_template0.nii.gz
  moving image: /home/mpib/nemecz/Projects/miniTRK/Results/01_MRI/GroupTempl/T1w/T_template0sub-515928_T1wRepaired.nii.gz
  fixed image: /home/mpib/nemecz/Projects/miniTRK/Results/01_MRI/GroupTempl/T1w/T_template0.nii.gz
  moving image: /home/mpib/nemecz/Projects/miniTRK/Results/01_MRI/GroupTempl/T1w/T_template0sub-515928_T1wRepaired.nii.gz
Dimension = 3
Number of stages = 3
Use Histogram Matching true
Winsorize image intensities true
Lower quantile = 0.01
Upper quantile = 0.99
Stage 1 State
   Image metric = Mattes
     Fixed image = Image (0x55ea41feead0)
  RTTI typeinfo:   itk::Image<float, 3u>
  Reference Count: 2
  Modified Time: 1721
  Debug: Off
  Object Name: 
  Observers: 
    none
  Source: (none)
  Source output name: (none)
  Release Data: Off
  Data Released: False
  Global Release Data: Off
  PipelineMTime: 0
  UpdateMTime: 1506
  RealTimeStamp: 0 seconds 
  LargestPossibleRegion: 
    Dimension: 3
    Index: [0, 0, 0]
    Size: [192, 256, 256]
  BufferedRegion: 
    Dimension: 3
    Index: [0, 0, 0]
    Size: [192, 256, 256]
  RequestedRegion: 
    Dimension: 3
    Index: [0, 0, 0]
    Size: [192, 256, 256]
  Spacing: [1, 1, 1]
  Origin: [95.0313, 100.538, -154.123]
  Direction: 
-0.999853 -0.014134 -0.00966312
0.014129 -0.9999 0.000586045
-0.00967044 0.000449429 0.999953

  IndexToPointMatrix: 
-0.999853 -0.014134 -0.00966312
0.014129 -0.9999 0.000586045
-0.00967044 0.000449429 0.999953

  PointToIndexMatrix: 
-0.999853 0.014129 -0.00967044
-0.014134 -0.9999 0.000449429
-0.00966312 0.000586045 0.999953

  Inverse Direction: 
-0.999853 0.014129 -0.00967044
-0.014134 -0.9999 0.000449429
-0.00966312 0.000586045 0.999953

  PixelContainer: 
    ImportImageContainer (0x55ea41ff6c80)
      RTTI typeinfo:   itk::ImportImageContainer<unsigned long, float>
      Reference Count: 1
      Modified Time: 1503
      Debug: Off
      Object Name: 
      Observers: 
        none
      Pointer: 0x7f05f7816010
      Container manages memory: true
      Size: 12582912
      Capacity: 12582912

     Moving image = Image (0x55ea41ffae40)
  RTTI typeinfo:   itk::Image<float, 3u>
  Reference Count: 2
  Modified Time: 1722
  Debug: Off
  Object Name: 
  Observers: 
    none
  Source: (none)
  Source output name: (none)
  Release Data: Off
  Data Released: False
  Global Release Data: Off
  PipelineMTime: 0
  UpdateMTime: 1719
  RealTimeStamp: 0 seconds 
  LargestPossibleRegion: 
    Dimension: 3
    Index: [0, 0, 0]
    Size: [192, 256, 256]
  BufferedRegion: 
    Dimension: 3
    Index: [0, 0, 0]
    Size: [192, 256, 256]
  RequestedRegion: 
    Dimension: 3
    Index: [0, 0, 0]
    Size: [192, 256, 256]
  Spacing: [1, 1, 1]
  Origin: [95.0577, 73.9692, -175.817]
  Direction: 
-0.999954 -0.00945687 0.00143903
0.00956494 -0.986555 0.163147
-0.000123178 0.163154 0.986601

  IndexToPointMatrix: 
-0.999954 -0.00945687 0.00143903
0.00956494 -0.986555 0.163147
-0.000123178 0.163154 0.986601

  PointToIndexMatrix: 
-0.999954 0.00956494 -0.000123178
-0.00945687 -0.986555 0.163154
0.00143903 0.163147 0.986601

  Inverse Direction: 
-0.999954 0.00956494 -0.000123178
-0.00945687 -0.986555 0.163154
0.00143903 0.163147 0.986601

  PixelContainer: 
    ImportImageContainer (0x55ea41ff22d0)
      RTTI typeinfo:   itk::ImportImageContainer<unsigned long, float>
      Reference Count: 1
      Modified Time: 1716
      Debug: Off
      Object Name: 
      Observers: 
        none
      Pointer: 0x7f05f4815010
      Container manages memory: true
      Size: 12582912
      Capacity: 12582912

     Weighting = 1
     Sampling strategy = regular
     Number of bins = 32
     Radius = 4
     Sampling percentage  = 0.25
   Transform = Rigid
     Gradient step = 0.1
     Update field sigma (voxel space) = 0
     Total field sigma (voxel space) = 0
     Update field time sigma = 0
     Total field time sigma  = 0
     Number of time indices = 0
     Number of time point samples = 0
Stage 2 State
   Image metric = Mattes
     Fixed image = Image (0x55ea420078d0)
  RTTI typeinfo:   itk::Image<float, 3u>
  Reference Count: 2
  Modified Time: 2149
  Debug: Off
  Object Name: 
  Observers: 
    none
  Source: (none)
  Source output name: (none)
  Release Data: Off
  Data Released: False
  Global Release Data: Off
  PipelineMTime: 0
  UpdateMTime: 1934
  RealTimeStamp: 0 seconds 
  LargestPossibleRegion: 
    Dimension: 3
    Index: [0, 0, 0]
    Size: [192, 256, 256]
  BufferedRegion: 
    Dimension: 3
    Index: [0, 0, 0]
    Size: [192, 256, 256]
  RequestedRegion: 
    Dimension: 3
    Index: [0, 0, 0]
    Size: [192, 256, 256]
  Spacing: [1, 1, 1]
  Origin: [95.0313, 100.538, -154.123]
  Direction: 
-0.999853 -0.014134 -0.00966312
0.014129 -0.9999 0.000586045
-0.00967044 0.000449429 0.999953

  IndexToPointMatrix: 
-0.999853 -0.014134 -0.00966312
0.014129 -0.9999 0.000586045
-0.00967044 0.000449429 0.999953

  PointToIndexMatrix: 
-0.999853 0.014129 -0.00967044
-0.014134 -0.9999 0.000449429
-0.00966312 0.000586045 0.999953

  Inverse Direction: 
-0.999853 0.014129 -0.00967044
-0.014134 -0.9999 0.000449429
-0.00966312 0.000586045 0.999953

  PixelContainer: 
    ImportImageContainer (0x55ea41ff76a0)
      RTTI typeinfo:   itk::ImportImageContainer<unsigned long, float>
      Reference Count: 1
      Modified Time: 1931
      Debug: Off
      Object Name: 
      Observers: 
        none
      Pointer: 0x7f05f1814010
      Container manages memory: true
      Size: 12582912
      Capacity: 12582912

     Moving image = Image (0x55ea42007530)
  RTTI typeinfo:   itk::Image<float, 3u>
  Reference Count: 2
  Modified Time: 2150
  Debug: Off
  Object Name: 
  Observers: 
    none
  Source: (none)
  Source output name: (none)
  Release Data: Off
  Data Released: False
  Global Release Data: Off
  PipelineMTime: 0
  UpdateMTime: 2147
  RealTimeStamp: 0 seconds 
  LargestPossibleRegion: 
    Dimension: 3
    Index: [0, 0, 0]
    Size: [192, 256, 256]
  BufferedRegion: 
    Dimension: 3
    Index: [0, 0, 0]
    Size: [192, 256, 256]
  RequestedRegion: 
    Dimension: 3
    Index: [0, 0, 0]
    Size: [192, 256, 256]
  Spacing: [1, 1, 1]
  Origin: [95.0577, 73.9692, -175.817]
  Direction: 
-0.999954 -0.00945687 0.00143903
0.00956494 -0.986555 0.163147
-0.000123178 0.163154 0.986601

  IndexToPointMatrix: 
-0.999954 -0.00945687 0.00143903
0.00956494 -0.986555 0.163147
-0.000123178 0.163154 0.986601

  PointToIndexMatrix: 
-0.999954 0.00956494 -0.000123178
-0.00945687 -0.986555 0.163154
0.00143903 0.163147 0.986601

  Inverse Direction: 
-0.999954 0.00956494 -0.000123178
-0.00945687 -0.986555 0.163154
0.00143903 0.163147 0.986601

  PixelContainer: 
    ImportImageContainer (0x55ea420088a0)
      RTTI typeinfo:   itk::ImportImageContainer<unsigned long, float>
      Reference Count: 1
      Modified Time: 2144
      Debug: Off
      Object Name: 
      Observers: 
        none
      Pointer: 0x7f05ee813010
      Container manages memory: true
      Size: 12582912
      Capacity: 12582912

     Weighting = 1
     Sampling strategy = regular
     Number of bins = 32
     Radius = 4
     Sampling percentage  = 0.25
   Transform = Affine
     Gradient step = 0.1
     Update field sigma (voxel space) = 0
     Total field sigma (voxel space) = 0
     Update field time sigma = 0
     Total field time sigma  = 0
     Number of time indices = 0
     Number of time point samples = 0
Stage 3 State
   Image metric = CC
     Fixed image = Image (0x55ea4200ea00)
  RTTI typeinfo:   itk::Image<float, 3u>
  Reference Count: 2
  Modified Time: 2577
  Debug: Off
  Object Name: 
  Observers: 
    none
  Source: (none)
  Source output name: (none)
  Release Data: Off
  Data Released: False
  Global Release Data: Off
  PipelineMTime: 0
  UpdateMTime: 2362
  RealTimeStamp: 0 seconds 
  LargestPossibleRegion: 
    Dimension: 3
    Index: [0, 0, 0]
    Size: [192, 256, 256]
  BufferedRegion: 
    Dimension: 3
    Index: [0, 0, 0]
    Size: [192, 256, 256]
  RequestedRegion: 
    Dimension: 3
    Index: [0, 0, 0]
    Size: [192, 256, 256]
  Spacing: [1, 1, 1]
  Origin: [95.0313, 100.538, -154.123]
  Direction: 
-0.999853 -0.014134 -0.00966312
0.014129 -0.9999 0.000586045
-0.00967044 0.000449429 0.999953

  IndexToPointMatrix: 
-0.999853 -0.014134 -0.00966312
0.014129 -0.9999 0.000586045
-0.00967044 0.000449429 0.999953

  PointToIndexMatrix: 
-0.999853 0.014129 -0.00967044
-0.014134 -0.9999 0.000449429
-0.00966312 0.000586045 0.999953

  Inverse Direction: 
-0.999853 0.014129 -0.00967044
-0.014134 -0.9999 0.000449429
-0.00966312 0.000586045 0.999953

  PixelContainer: 
    ImportImageContainer (0x55ea41ff0b50)
      RTTI typeinfo:   itk::ImportImageContainer<unsigned long, float>
      Reference Count: 1
      Modified Time: 2359
      Debug: Off
      Object Name: 
      Observers: 
        none
      Pointer: 0x7f05eb812010
      Container manages memory: true
      Size: 12582912
      Capacity: 12582912

     Moving image = Image (0x55ea4200bd50)
  RTTI typeinfo:   itk::Image<float, 3u>
  Reference Count: 2
  Modified Time: 2578
  Debug: Off
  Object Name: 
  Observers: 
    none
  Source: (none)
  Source output name: (none)
  Release Data: Off
  Data Released: False
  Global Release Data: Off
  PipelineMTime: 0
  UpdateMTime: 2575
  RealTimeStamp: 0 seconds 
  LargestPossibleRegion: 
    Dimension: 3
    Index: [0, 0, 0]
    Size: [192, 256, 256]
  BufferedRegion: 
    Dimension: 3
    Index: [0, 0, 0]
    Size: [192, 256, 256]
  RequestedRegion: 
    Dimension: 3
    Index: [0, 0, 0]
    Size: [192, 256, 256]
  Spacing: [1, 1, 1]
  Origin: [95.0577, 73.9692, -175.817]
  Direction: 
-0.999954 -0.00945687 0.00143903
0.00956494 -0.986555 0.163147
-0.000123178 0.163154 0.986601

  IndexToPointMatrix: 
-0.999954 -0.00945687 0.00143903
0.00956494 -0.986555 0.163147
-0.000123178 0.163154 0.986601

  PointToIndexMatrix: 
-0.999954 0.00956494 -0.000123178
-0.00945687 -0.986555 0.163154
0.00143903 0.163147 0.986601

  Inverse Direction: 
-0.999954 0.00956494 -0.000123178
-0.00945687 -0.986555 0.163154
0.00143903 0.163147 0.986601

  PixelContainer: 
    ImportImageContainer (0x55ea4200ab00)
      RTTI typeinfo:   itk::ImportImageContainer<unsigned long, float>
      Reference Count: 1
      Modified Time: 2572
      Debug: Off
      Object Name: 
      Observers: 
        none
      Pointer: 0x7f05e8811010
      Container manages memory: true
      Size: 12582912
      Capacity: 12582912

     Weighting = 1
     Sampling strategy = none
     Number of bins = 32
     Radius = 4
     Sampling percentage  = 1
   Transform = SyN
     Gradient step = 0.1
     Update field sigma (voxel space) = 3
     Total field sigma (voxel space) = 0
     Update field time sigma = 0
     Total field time sigma  = 0
     Number of time indices = 0
     Number of time point samples = 0
Registration using 3 total stages.

Stage 0
  iterations = 1000x500x250x0
  convergence threshold = 1e-06
  convergence window size = 10
  number of levels = 4
  using the Mattes MI metric (number of bins = 32, weight = 1)
  preprocessing:  winsorizing the image intensities
  preprocessing:  histogram matching the images
  Shrink factors (level 1 out of 4): [6, 6, 6]
  Shrink factors (level 2 out of 4): [4, 4, 4]
  Shrink factors (level 3 out of 4): [2, 2, 2]
  Shrink factors (level 4 out of 4): [1, 1, 1]
  smoothing sigmas per level: [4, 2, 1, 0]
  regular sampling (percentage = 0.25)

*** Running Euler3DTransform registration ***

DIAGNOSTIC,Iteration,metricValue,convergenceValue,ITERATION_TIME_INDEX,SINCE_LAST
 2DIAGNOSTIC,     1, -9.808546900749e-01, inf, 7.8546e-01, 7.8546e-01, 
 2DIAGNOSTIC,     2, -9.832798242569e-01, inf, 7.9675e-01, 1.1284e-02, 
 2DIAGNOSTIC,     3, -9.866619706154e-01, inf, 8.0736e-01, 1.0617e-02, 
 2DIAGNOSTIC,     4, -9.910680651665e-01, inf, 8.1747e-01, 1.0109e-02, 
 2DIAGNOSTIC,     5, -9.953830838203e-01, inf, 8.2619e-01, 8.7121e-03, 
 2DIAGNOSTIC,     6, -9.993495941162e-01, inf, 8.3487e-01, 8.6880e-03, 
 2DIAGNOSTIC,     7, -1.003951191902e+00, inf, 8.4341e-01, 8.5342e-03, 
 2DIAGNOSTIC,     8, -1.012861609459e+00, inf, 8.5166e-01, 8.2550e-03, 
 2DIAGNOSTIC,     9, -1.021555423737e+00, inf, 8.6275e-01, 1.1091e-02, 
 2DIAGNOSTIC,    10, -1.024052023888e+00, 2.893881173804e-03, 8.8522e-01, 2.2464e-02, 
 2DIAGNOSTIC,    11, -1.024829745293e+00, 2.698089927435e-03, 8.9376e-01, 8.5421e-03, 
 2DIAGNOSTIC,    12, -1.028329133987e+00, 2.434621332213e-03, 9.0204e-01, 8.2791e-03, 
 2DIAGNOSTIC,    13, -1.033553004265e+00, 2.173868706450e-03, 9.1234e-01, 1.0303e-02, 
 2DIAGNOSTIC,    14, -1.034904122353e+00, 1.864418387413e-03, 9.2138e-01, 9.0392e-03, 
 2DIAGNOSTIC,    15, -1.036185503006e+00, 1.534044393338e-03, 9.3069e-01, 9.3110e-03, 
 2DIAGNOSTIC,    16, -1.036191940308e+00, 1.177998376079e-03, 9.3889e-01, 8.1999e-03, 
 2DIAGNOSTIC,    17, -1.036290645599e+00, 8.316538878717e-04, 9.4749e-01, 8.5950e-03, 
 2DIAGNOSTIC,    18, -1.036539912224e+00, 5.859811790287e-04, 9.5689e-01, 9.4018e-03, 
 2DIAGNOSTIC,    19, -1.036766648293e+00, 4.431052366272e-04, 9.6597e-01, 9.0859e-03, 
 2DIAGNOSTIC,    20, -1.036802649498e+00, 3.102781192865e-04, 9.7525e-01, 9.2790e-03, 
 2DIAGNOSTIC,    21, -1.036777257919e+00, 1.714141544653e-04, 9.8421e-01, 8.9600e-03, 
 2DIAGNOSTIC,    22, -1.036779403687e+00, 7.255157834152e-05, 9.9319e-01, 8.9769e-03, 
 2DIAGNOSTIC,    23, -1.036801815033e+00, 3.902620665031e-05, 1.0011e+00, 7.9360e-03, 
 2DIAGNOSTIC,    24, -1.036830067635e+00, 2.035018042079e-05, 1.0108e+00, 9.6300e-03, 
 2DIAGNOSTIC,    25, -1.036863923073e+00, 1.608935781405e-05, 1.0209e+00, 1.0128e-02, 
 2DIAGNOSTIC,    26, -1.036842823029e+00, 1.065511787601e-05, 1.0297e+00, 8.7941e-03, 
 2DIAGNOSTIC,    27, -1.036848425865e+00, 5.792732736154e-06, 1.0382e+00, 8.5599e-03, 
 2DIAGNOSTIC,    28, -1.036837697029e+00, 3.148826181132e-06, 1.0494e+00, 1.1143e-02, 
 2DIAGNOSTIC,    29, -1.036847233772e+00, 2.745602841969e-06, 1.0583e+00, 8.9059e-03, 
 2DIAGNOSTIC,    30, -1.036810755730e+00, 2.212735580542e-06, 1.0673e+00, 9.0361e-03, 
 2DIAGNOSTIC,    31, -1.036810755730e+00, 1.396253765051e-06, 1.0763e+00, 8.9331e-03, 
DIAGNOSTIC,Iteration,metricValue,convergenceValue,ITERATION_TIME_INDEX,SINCE_LAST
 2DIAGNOSTIC,     1, -7.938535213470e-01, inf, 1.7091e+00, 6.3286e-01, 
 2DIAGNOSTIC,     2, -7.944791316986e-01, inf, 1.7403e+00, 3.1181e-02, 
 2DIAGNOSTIC,     3, -7.949922680855e-01, inf, 1.7682e+00, 2.7863e-02, 
 2DIAGNOSTIC,     4, -7.952390909195e-01, inf, 1.7966e+00, 2.8426e-02, 
 2DIAGNOSTIC,     5, -7.954645156860e-01, inf, 1.8250e+00, 2.8392e-02, 
 2DIAGNOSTIC,     6, -7.957370877266e-01, inf, 1.8672e+00, 4.2261e-02, 
 2DIAGNOSTIC,     7, -7.958043813705e-01, inf, 1.9016e+00, 3.4364e-02, 
 2DIAGNOSTIC,     8, -7.958586812019e-01, inf, 1.9301e+00, 2.8456e-02, 
 2DIAGNOSTIC,     9, -7.959591746330e-01, inf, 1.9619e+00, 3.1803e-02, 
 2DIAGNOSTIC,    10, -7.960106730461e-01, 1.592466578586e-04, 1.9936e+00, 3.1707e-02, 
 2DIAGNOSTIC,    11, -7.960472106934e-01, 1.054901149473e-04, 2.0242e+00, 3.0601e-02, 
 2DIAGNOSTIC,    12, -7.960823178291e-01, 7.089880818967e-05, 2.0593e+00, 3.5101e-02, 
 2DIAGNOSTIC,    13, -7.961741089821e-01, 5.206301284488e-05, 2.0865e+00, 2.7251e-02, 
 2DIAGNOSTIC,    14, -7.961947917938e-01, 3.809246481978e-05, 2.1185e+00, 3.1991e-02, 
 2DIAGNOSTIC,    15, -7.962302565575e-01, 2.877628867282e-05, 2.1453e+00, 2.6739e-02, 
 2DIAGNOSTIC,    16, -7.962618470192e-01, 2.497525201761e-05, 2.1831e+00, 3.7867e-02, 
 2DIAGNOSTIC,    17, -7.963022589684e-01, 2.175350891775e-05, 2.2144e+00, 3.1310e-02, 
 2DIAGNOSTIC,    18, -7.963140010834e-01, 1.829205393733e-05, 2.2454e+00, 3.0960e-02, 
 2DIAGNOSTIC,    19, -7.963137626648e-01, 1.553690708533e-05, 2.2739e+00, 2.8536e-02, 
 2DIAGNOSTIC,    20, -7.963212728500e-01, 1.283894653170e-05, 2.3016e+00, 2.7711e-02, 
 2DIAGNOSTIC,    21, -7.963533401489e-01, 1.051011076925e-05, 2.3327e+00, 3.1031e-02, 
 2DIAGNOSTIC,    22, -7.963675260544e-01, 8.297020940518e-06, 2.3599e+00, 2.7234e-02, 
 2DIAGNOSTIC,    23, -7.963666319847e-01, 7.048529369058e-06, 2.3978e+00, 3.7886e-02, 
 2DIAGNOSTIC,    24, -7.963824272156e-01, 5.925930963713e-06, 2.4303e+00, 3.2479e-02, 
 2DIAGNOSTIC,    25, -7.963915467262e-01, 5.088033958600e-06, 2.4575e+00, 2.7246e-02, 
 2DIAGNOSTIC,    26, -7.963888049126e-01, 4.328301656642e-06, 2.4850e+00, 2.7468e-02, 
 2DIAGNOSTIC,    27, -7.964046001434e-01, 4.074139269505e-06, 2.5152e+00, 3.0211e-02, 
 2DIAGNOSTIC,    28, -7.963998317719e-01, 3.656371291072e-06, 2.5438e+00, 2.8632e-02, 
 2DIAGNOSTIC,    29, -7.964195013046e-01, 3.273471293141e-06, 2.5777e+00, 3.3833e-02, 
 2DIAGNOSTIC,    30, -7.964290380478e-01, 2.897438889704e-06, 2.6099e+00, 3.2218e-02, 
 2DIAGNOSTIC,    31, -7.964310646057e-01, 2.760819825198e-06, 2.6454e+00, 3.5523e-02, 
 2DIAGNOSTIC,    32, -7.964342832565e-01, 2.668238948900e-06, 2.6764e+00, 3.1007e-02, 
 2DIAGNOSTIC,    33, -7.964448332787e-01, 2.523170678614e-06, 2.7035e+00, 2.7118e-02, 
 2DIAGNOSTIC,    34, -7.964494228363e-01, 2.446240614518e-06, 2.7300e+00, 2.6481e-02, 
 2DIAGNOSTIC,    35, -7.964554429054e-01, 2.384615754636e-06, 2.7626e+00, 3.2606e-02, 
 2DIAGNOSTIC,    36, -7.964718937874e-01, 2.319917257410e-06, 2.7972e+00, 3.4538e-02, 
 2DIAGNOSTIC,    37, -7.964766025543e-01, 2.320918383703e-06, 2.8270e+00, 2.9877e-02, 
 2DIAGNOSTIC,    38, -7.964795231819e-01, 2.161044221793e-06, 2.8622e+00, 3.5149e-02, 
 2DIAGNOSTIC,    39, -7.964731454849e-01, 2.004038833547e-06, 2.8967e+00, 3.4484e-02, 
 2DIAGNOSTIC,    40, -7.964748740196e-01, 1.844507551141e-06, 2.9276e+00, 3.0899e-02, 
 2DIAGNOSTIC,    41, -7.964680790901e-01, 1.548655404804e-06, 2.9602e+00, 3.2627e-02, 
 2DIAGNOSTIC,    42, -7.964770197868e-01, 1.294872618018e-06, 2.9914e+00, 3.1217e-02, 
 2DIAGNOSTIC,    43, -7.964785695076e-01, 1.100844770008e-06, 3.0187e+00, 2.7307e-02, 
DIAGNOSTIC,Iteration,metricValue,convergenceValue,ITERATION_TIME_INDEX,SINCE_LAST
 2DIAGNOSTIC,     1, -7.004934549332e-01, inf, 4.1143e+00, 1.0956e+00, 
 2DIAGNOSTIC,     2, -7.010177969933e-01, inf, 4.3376e+00, 2.2334e-01, 
 2DIAGNOSTIC,     3, -7.012076973915e-01, inf, 4.5597e+00, 2.2209e-01, 
 2DIAGNOSTIC,     4, -7.012250423431e-01, inf, 4.8133e+00, 2.5358e-01, 
 2DIAGNOSTIC,     5, -7.012265324593e-01, inf, 5.0645e+00, 2.5118e-01, 
 2DIAGNOSTIC,     6, -7.012281417847e-01, inf, 5.2860e+00, 2.2154e-01, 
 2DIAGNOSTIC,     7, -7.012324333191e-01, inf, 5.5105e+00, 2.2444e-01, 
 2DIAGNOSTIC,     8, -7.012380957603e-01, inf, 5.7374e+00, 2.2689e-01, 
 2DIAGNOSTIC,     9, -7.012535333633e-01, inf, 5.9602e+00, 2.2281e-01, 
 2DIAGNOSTIC,    10, -7.012646198273e-01, 4.380394602777e-05, 6.1839e+00, 2.2372e-01, 
 2DIAGNOSTIC,    11, -7.012797594070e-01, 1.534001967229e-05, 6.4979e+00, 3.1404e-01, 
 2DIAGNOSTIC,    12, -7.012791633606e-01, 8.015064850042e-06, 6.7507e+00, 2.5273e-01, 
 2DIAGNOSTIC,    13, -7.012814283371e-01, 7.316991286643e-06, 7.0049e+00, 2.5427e-01, 
 2DIAGNOSTIC,    14, -7.012822628021e-01, 6.799737093388e-06, 7.3133e+00, 3.0834e-01, 
 2DIAGNOSTIC,    15, -7.012817859650e-01, 5.959846021142e-06, 7.6098e+00, 2.9655e-01, 
 2DIAGNOSTIC,    16, -7.012824416161e-01, 4.929359874950e-06, 7.8615e+00, 2.5167e-01, 
 2DIAGNOSTIC,    17, -7.012804150581e-01, 3.806674840234e-06, 8.1130e+00, 2.5151e-01, 
 2DIAGNOSTIC,    18, -7.012803554535e-01, 2.755156174317e-06, 8.3625e+00, 2.4943e-01, 
 2DIAGNOSTIC,    19, -7.012797594070e-01, 2.035616716967e-06, 8.6201e+00, 2.5767e-01, 
 2DIAGNOSTIC,    20, -7.012801170349e-01, 1.577907823958e-06, 8.8470e+00, 2.2690e-01, 
 2DIAGNOSTIC,    21, -7.012805938721e-01, 1.467121592214e-06, 9.1863e+00, 3.3927e-01, 
 2DIAGNOSTIC,    22, -7.012808918953e-01, 1.364461013509e-06, 9.4328e+00, 2.4647e-01, 
 2DIAGNOSTIC,    23, -7.012795209885e-01, 1.294028038501e-06, 9.6828e+00, 2.5004e-01, 
 2DIAGNOSTIC,    24, -7.012786269188e-01, 1.237625269823e-06, 9.9318e+00, 2.4896e-01, 
 2DIAGNOSTIC,    25, -7.012791037560e-01, 1.193406774291e-06, 1.0181e+01, 2.4889e-01, 
 2DIAGNOSTIC,    26, -7.012791037560e-01, 1.170100063064e-06, 1.0432e+01, 2.5085e-01, 
 2DIAGNOSTIC,    27, -7.012789249420e-01, 1.120297383750e-06, 1.0714e+01, 2.8256e-01, 
 2DIAGNOSTIC,    28, -7.012789845467e-01, 1.080492779693e-06, 1.0965e+01, 2.5095e-01, 
 2DIAGNOSTIC,    29, -7.012785077095e-01, 1.033904254655e-06, 1.1245e+01, 2.7978e-01, 
 2DIAGNOSTIC,    30, -7.012786865234e-01, 1.003285092338e-06, 1.1493e+01, 2.4815e-01, 
DIAGNOSTIC,Iteration,metricValue,convergenceValue,ITERATION_TIME_INDEX,SINCE_LAST
 2DIAGNOSTIC,     1, -6.317764520645e-01, inf, 1.4049e+01, 2.5564e+00, 
  Elapsed time (stage 0): 1.5395e+01


Stage 1
  iterations = 1000x500x250x0
  convergence threshold = 1.0000e-06
  convergence window size = 10
  number of levels = 4
  using the Mattes MI metric (number of bins = 32, weight = 1.0000e+00)
  preprocessing:  winsorizing the image intensities
  preprocessing:  histogram matching the images
  Shrink factors (level 1 out of 4): [6, 6, 6]
  Shrink factors (level 2 out of 4): [4, 4, 4]
  Shrink factors (level 3 out of 4): [2, 2, 2]
  Shrink factors (level 4 out of 4): [1, 1, 1]
  smoothing sigmas per level: [4, 2, 1, 0]
  regular sampling (percentage = 2.5000e-01)

*** Running AffineTransform registration ***

DIAGNOSTIC,Iteration,metricValue,convergenceValue,ITERATION_TIME_INDEX,SINCE_LAST
 2DIAGNOSTIC,     1, -1.028307557106e+00, inf, 7.7263e-01, 7.7263e-01, 
 2DIAGNOSTIC,     2, -1.030337691307e+00, inf, 7.8412e-01, 1.1491e-02, 
 2DIAGNOSTIC,     3, -1.033670783043e+00, inf, 7.9484e-01, 1.0720e-02, 
 2DIAGNOSTIC,     4, -1.038618326187e+00, inf, 8.0511e-01, 1.0277e-02, 
 2DIAGNOSTIC,     5, -1.046030998230e+00, inf, 8.1394e-01, 8.8229e-03, 
 2DIAGNOSTIC,     6, -1.055946350098e+00, inf, 8.2282e-01, 8.8792e-03, 
 2DIAGNOSTIC,     7, -1.067690014839e+00, inf, 8.3202e-01, 9.2020e-03, 
 2DIAGNOSTIC,     8, -1.078456401825e+00, inf, 8.4191e-01, 9.8870e-03, 
 2DIAGNOSTIC,     9, -1.079577922821e+00, inf, 8.5360e-01, 1.1691e-02, 
 2DIAGNOSTIC,    10, -1.080632209778e+00, 3.832381684333e-03, 8.6249e-01, 8.8971e-03, 
 2DIAGNOSTIC,    11, -1.081163287163e+00, 3.370439168066e-03, 8.7154e-01, 9.0480e-03, 
 2DIAGNOSTIC,    12, -1.081998825073e+00, 2.745806472376e-03, 8.8027e-01, 8.7280e-03, 
 2DIAGNOSTIC,    13, -1.082590103149e+00, 2.050307579339e-03, 8.9365e-01, 1.3383e-02, 
 2DIAGNOSTIC,    14, -1.082904219627e+00, 1.371632562950e-03, 9.0254e-01, 8.8890e-03, 
 2DIAGNOSTIC,    15, -1.083049535751e+00, 7.952885353006e-04, 9.1155e-01, 9.0070e-03, 
 2DIAGNOSTIC,    16, -1.083344936371e+00, 3.866830084007e-04, 9.2148e-01, 9.9280e-03, 
 2DIAGNOSTIC,    17, -1.083447694778e+00, 1.727256312734e-04, 9.3147e-01, 9.9900e-03, 
 2DIAGNOSTIC,    18, -1.083962678909e+00, 1.337998401141e-04, 9.4385e-01, 1.2381e-02, 
 2DIAGNOSTIC,    19, -1.084575653076e+00, 1.107316056732e-04, 9.5262e-01, 8.7762e-03, 
 2DIAGNOSTIC,    20, -1.084636926651e+00, 9.458478598390e-05, 9.6279e-01, 1.0167e-02, 
 2DIAGNOSTIC,    21, -1.084740400314e+00, 7.932831795188e-05, 9.7264e-01, 9.8510e-03, 
 2DIAGNOSTIC,    22, -1.084859609604e+00, 6.965145439608e-05, 9.8483e-01, 1.2194e-02, 
 2DIAGNOSTIC,    23, -1.085233926773e+00, 6.542160554091e-05, 9.9380e-01, 8.9650e-03, 
 2DIAGNOSTIC,    24, -1.085281252861e+00, 5.933606371400e-05, 1.0039e+00, 1.0081e-02, 
 2DIAGNOSTIC,    25, -1.085287809372e+00, 4.993825496058e-05, 1.0148e+00, 1.0892e-02, 
 2DIAGNOSTIC,    26, -1.085331559181e+00, 4.033216828248e-05, 1.0237e+00, 8.9061e-03, 
 2DIAGNOSTIC,    27, -1.085390925407e+00, 2.925190892711e-05, 1.0344e+00, 1.0722e-02, 
 2DIAGNOSTIC,    28, -1.085437059402e+00, 2.141396726074e-05, 1.0432e+00, 8.7838e-03, 
 2DIAGNOSTIC,    29, -1.085437893867e+00, 1.780558159226e-05, 1.0532e+00, 1.0020e-02, 
 2DIAGNOSTIC,    30, -1.085441708565e+00, 1.348576279270e-05, 1.0623e+00, 9.0618e-03, 
 2DIAGNOSTIC,    31, -1.085443735123e+00, 9.186024726660e-06, 1.0717e+00, 9.4788e-03, 
 2DIAGNOSTIC,    32, -1.085492253304e+00, 5.677485660271e-06, 1.0840e+00, 1.2259e-02, 
 2DIAGNOSTIC,    33, -1.085494279861e+00, 4.932175215799e-06, 1.0941e+00, 1.0049e-02, 
 2DIAGNOSTIC,    34, -1.085494995117e+00, 4.241717306286e-06, 1.1056e+00, 1.1594e-02, 
 2DIAGNOSTIC,    35, -1.085495352745e+00, 3.337071575515e-06, 1.1155e+00, 9.8810e-03, 
 2DIAGNOSTIC,    36, -1.085495352745e+00, 2.564266651461e-06, 1.1257e+00, 1.0217e-02, 
 2DIAGNOSTIC,    37, -1.085495471954e+00, 2.084211018882e-06, 1.1374e+00, 1.1683e-02, 
 2DIAGNOSTIC,    38, -1.085496544838e+00, 1.840592972258e-06, 1.1480e+00, 1.0612e-02, 
 2DIAGNOSTIC,    39, -1.085496068001e+00, 1.521477884125e-06, 1.1586e+00, 1.0575e-02, 
 2DIAGNOSTIC,    40, -1.085496306419e+00, 1.182341065942e-06, 1.1700e+00, 1.1406e-02, 
DIAGNOSTIC,Iteration,metricValue,convergenceValue,ITERATION_TIME_INDEX,SINCE_LAST
 2DIAGNOSTIC,     1, -8.303682804108e-01, inf, 1.8204e+00, 6.5041e-01, 
 2DIAGNOSTIC,     2, -8.315279483795e-01, inf, 1.8510e+00, 3.0562e-02, 
 2DIAGNOSTIC,     3, -8.327353000641e-01, inf, 1.8805e+00, 2.9509e-02, 
 2DIAGNOSTIC,     4, -8.335435390472e-01, inf, 1.9122e+00, 3.1664e-02, 
 2DIAGNOSTIC,     5, -8.340186476707e-01, inf, 1.9475e+00, 3.5333e-02, 
 2DIAGNOSTIC,     6, -8.341270089149e-01, inf, 1.9962e+00, 4.8670e-02, 
 2DIAGNOSTIC,     7, -8.341443538666e-01, inf, 2.0298e+00, 3.3678e-02, 
 2DIAGNOSTIC,     8, -8.341684937477e-01, inf, 2.0603e+00, 3.0445e-02, 
 2DIAGNOSTIC,     9, -8.341976404190e-01, inf, 2.0937e+00, 3.3367e-02, 
 2DIAGNOSTIC,    10, -8.342084884644e-01, 2.581991138868e-04, 2.1234e+00, 2.9729e-02, 
 2DIAGNOSTIC,    11, -8.342344760895e-01, 1.431985292584e-04, 2.1572e+00, 3.3771e-02, 
 2DIAGNOSTIC,    12, -8.342725634575e-01, 6.832621147623e-05, 2.1870e+00, 2.9878e-02, 
 2DIAGNOSTIC,    13, -8.343371152878e-01, 3.197169280611e-05, 2.2174e+00, 3.0332e-02, 
 2DIAGNOSTIC,    14, -8.343894481659e-01, 1.876004171208e-05, 2.2516e+00, 3.4191e-02, 
 2DIAGNOSTIC,    15, -8.344860672951e-01, 1.873270593933e-05, 2.2846e+00, 3.3078e-02, 
 2DIAGNOSTIC,    16, -8.345462083817e-01, 2.074516851280e-05, 2.3256e+00, 4.0926e-02, 
 2DIAGNOSTIC,    17, -8.345757722855e-01, 2.171759842895e-05, 2.3697e+00, 4.4184e-02, 
 2DIAGNOSTIC,    18, -8.345686793327e-01, 2.106667307089e-05, 2.4037e+00, 3.3913e-02, 
 2DIAGNOSTIC,    19, -8.345776796341e-01, 1.939252069860e-05, 2.4337e+00, 3.0065e-02, 
 2DIAGNOSTIC,    20, -8.345692753792e-01, 1.626177981962e-05, 2.4638e+00, 3.0028e-02, 
 2DIAGNOSTIC,    21, -8.345768451691e-01, 1.259585678781e-05, 2.4966e+00, 3.2876e-02, 
 2DIAGNOSTIC,    22, -8.345811963081e-01, 8.878430890036e-06, 2.5264e+00, 2.9733e-02, 
 2DIAGNOSTIC,    23, -8.345705270767e-01, 5.594264166575e-06, 2.5562e+00, 2.9860e-02, 
 2DIAGNOSTIC,    24, -8.345871567726e-01, 3.151816372338e-06, 2.5859e+00, 2.9632e-02, 
 2DIAGNOSTIC,    25, -8.345908522606e-01, 2.074443727906e-06, 2.6202e+00, 3.4381e-02, 
 2DIAGNOSTIC,    26, -8.346279263496e-01, 2.265928287670e-06, 2.6640e+00, 4.3736e-02, 
 2DIAGNOSTIC,    27, -8.346322178841e-01, 2.764407327049e-06, 2.6989e+00, 3.4942e-02, 
 2DIAGNOSTIC,    28, -8.346175551414e-01, 2.815998641381e-06, 2.7336e+00, 3.4648e-02, 
 2DIAGNOSTIC,    29, -8.346123099327e-01, 2.763954398688e-06, 2.7642e+00, 3.0685e-02, 
 2DIAGNOSTIC,    30, -8.345999121666e-01, 2.315205847481e-06, 2.7945e+00, 3.0279e-02, 
 2DIAGNOSTIC,    31, -8.346080780029e-01, 1.943216830114e-06, 2.8257e+00, 3.1189e-02, 
 2DIAGNOSTIC,    32, -8.346000909805e-01, 1.468317236686e-06, 2.8609e+00, 3.5227e-02, 
DIAGNOSTIC,Iteration,metricValue,convergenceValue,ITERATION_TIME_INDEX,SINCE_LAST
 2DIAGNOSTIC,     1, -7.249059081078e-01, inf, 3.9704e+00, 1.1095e+00, 
 2DIAGNOSTIC,     2, -7.253432869911e-01, inf, 4.2325e+00, 2.6211e-01, 
 2DIAGNOSTIC,     3, -7.258913516998e-01, inf, 4.4912e+00, 2.5870e-01, 
 2DIAGNOSTIC,     4, -7.264893651009e-01, inf, 4.7502e+00, 2.5899e-01, 
 2DIAGNOSTIC,     5, -7.269268631935e-01, inf, 5.0113e+00, 2.6109e-01, 
 2DIAGNOSTIC,     6, -7.271137237549e-01, inf, 5.4372e+00, 4.2586e-01, 
 2DIAGNOSTIC,     7, -7.271142601967e-01, inf, 5.7643e+00, 3.2708e-01, 
 2DIAGNOSTIC,     8, -7.271137237549e-01, inf, 6.0975e+00, 3.3325e-01, 
 2DIAGNOSTIC,     9, -7.271152138710e-01, inf, 6.4238e+00, 3.2628e-01, 
 2DIAGNOSTIC,    10, -7.271123528481e-01, 1.962483220268e-04, 6.7223e+00, 2.9847e-01, 
 2DIAGNOSTIC,    11, -7.271105647087e-01, 1.224016159540e-04, 7.0158e+00, 2.9357e-01, 
 2DIAGNOSTIC,    12, -7.271112203598e-01, 6.436766125262e-05, 7.3111e+00, 2.9526e-01, 
 2DIAGNOSTIC,    13, -7.271125912666e-01, 2.595804471639e-05, 7.6046e+00, 2.9352e-01, 
 2DIAGNOSTIC,    14, -7.271110415459e-01, 7.277040822373e-06, 7.9018e+00, 2.9719e-01, 
 2DIAGNOSTIC,    15, -7.271088361740e-01, 1.844060307121e-06, 8.2303e+00, 3.2848e-01, 
 2DIAGNOSTIC,    16, -7.271103858948e-01, 1.723840227896e-06, 8.5897e+00, 3.5941e-01, 
 2DIAGNOSTIC,    17, -7.271096110344e-01, 1.633973965909e-06, 8.9206e+00, 3.3090e-01, 
 2DIAGNOSTIC,    18, -7.271087765694e-01, 1.543675807625e-06, 9.2477e+00, 3.2711e-01, 
 2DIAGNOSTIC,    19, -7.271087765694e-01, 1.517231453363e-06, 9.5415e+00, 2.9375e-01, 
 2DIAGNOSTIC,    20, -7.271082401276e-01, 1.443537826162e-06, 9.9056e+00, 3.6410e-01, 
 2DIAGNOSTIC,    21, -7.271083593369e-01, 1.358781219096e-06, 1.0200e+01, 2.9474e-01, 
 2DIAGNOSTIC,    22, -7.271082401276e-01, 1.304224383603e-06, 1.0542e+01, 3.4204e-01, 
 2DIAGNOSTIC,    23, -7.271083593369e-01, 1.294008029618e-06, 1.0858e+01, 3.1586e-01, 
 2DIAGNOSTIC,    24, -7.271082401276e-01, 1.267010702577e-06, 1.1160e+01, 3.0163e-01, 
 2DIAGNOSTIC,    25, -7.271082401276e-01, 1.212333472722e-06, 1.1490e+01, 3.3040e-01, 
 2DIAGNOSTIC,    26, -7.271082401276e-01, 1.191054479932e-06, 1.1785e+01, 2.9489e-01, 
 2DIAGNOSTIC,    27, -7.271082997322e-01, 1.164290551969e-06, 1.2049e+01, 2.6369e-01, 
 2DIAGNOSTIC,    28, -7.271083593369e-01, 1.129856627813e-06, 1.2345e+01, 2.9627e-01, 
 2DIAGNOSTIC,    29, -7.271085381508e-01, 1.101035195461e-06, 1.2640e+01, 2.9512e-01, 
 2DIAGNOSTIC,    30, -7.271085381508e-01, 1.066705294761e-06, 1.2935e+01, 2.9438e-01, 
 2DIAGNOSTIC,    31, -7.271085381508e-01, 1.035591594700e-06, 1.3232e+01, 2.9791e-01, 
 2DIAGNOSTIC,    32, -7.271084785461e-01, 1.003328293336e-06, 1.3525e+01, 2.9291e-01, 
DIAGNOSTIC,Iteration,metricValue,convergenceValue,ITERATION_TIME_INDEX,SINCE_LAST
 2DIAGNOSTIC,     1, -6.475727558136e-01, inf, 1.6277e+01, 2.7513e+00, 
  Elapsed time (stage 1): 1.7549e+01


Stage 2
  iterations = 100x100x70x20
  convergence threshold = 1.0000e-09
  convergence window size = 10
  number of levels = 4
  using the CC metric (radius = 4, weight = 1.0000e+00)
  preprocessing:  winsorizing the image intensities
  preprocessing:  histogram matching the images
  Shrink factors (level 1 out of 4): [6, 6, 6]
  Shrink factors (level 2 out of 4): [4, 4, 4]
  Shrink factors (level 3 out of 4): [2, 2, 2]
  Shrink factors (level 4 out of 4): [1, 1, 1]
  smoothing sigmas per level: [3, 2, 1, 0]
  Using default NONE metricSamplingStrategy 

*** Running SyN registration (varianceForUpdateField = 3.0000e+00, varianceForTotalField = 0.0000e+00) ***

XXDIAGNOSTIC,Iteration,metricValue,convergenceValue,ITERATION_TIME_INDEX,SINCE_LAST
 1DIAGNOSTIC,     1, -8.989247083664e-01, inf, 1.5106e+00, 1.5106e+00, 
 1DIAGNOSTIC,     2, -9.043115377426e-01, inf, 2.3386e+00, 8.2803e-01, 
 1DIAGNOSTIC,     3, -9.101099967957e-01, inf, 3.1350e+00, 7.9631e-01, 
 1DIAGNOSTIC,     4, -9.146985411644e-01, inf, 3.9442e+00, 8.0927e-01, 
 1DIAGNOSTIC,     5, -9.183816909790e-01, inf, 4.7569e+00, 8.1272e-01, 
 1DIAGNOSTIC,     6, -9.216520190239e-01, inf, 5.5750e+00, 8.1805e-01, 
 1DIAGNOSTIC,     7, -9.244154691696e-01, inf, 6.3612e+00, 7.8624e-01, 
 1DIAGNOSTIC,     8, -9.266941547394e-01, inf, 7.1779e+00, 8.1669e-01, 
 1DIAGNOSTIC,     9, -9.286426305771e-01, inf, 8.0182e+00, 8.4032e-01, 
 1DIAGNOSTIC,    10, -9.303021430969e-01, 2.150791697204e-03, 8.8441e+00, 8.2587e-01, 
 1DIAGNOSTIC,    11, -9.317337870598e-01, 1.666850643232e-03, 9.6689e+00, 8.2476e-01, 
 1DIAGNOSTIC,    12, -9.329892992973e-01, 1.283617340960e-03, 1.0490e+01, 8.2129e-01, 
 1DIAGNOSTIC,    13, -9.341198205948e-01, 1.006967853755e-03, 1.1322e+01, 8.3222e-01, 
 1DIAGNOSTIC,    14, -9.351205825806e-01, 8.007978904061e-04, 1.2157e+01, 8.3507e-01, 
 1DIAGNOSTIC,    15, -9.360309839249e-01, 6.426797481254e-04, 1.2988e+01, 8.3027e-01, 
 1DIAGNOSTIC,    16, -9.368344545364e-01, 5.232080002315e-04, 1.3800e+01, 8.1276e-01, 
 1DIAGNOSTIC,    17, -9.375661611557e-01, 4.324477922637e-04, 1.4615e+01, 8.1496e-01, 
 1DIAGNOSTIC,    18, -9.382147789001e-01, 3.614591842052e-04, 1.5432e+01, 8.1681e-01, 
 1DIAGNOSTIC,    19, -9.388256072998e-01, 3.055522975046e-04, 1.6237e+01, 8.0521e-01, 
 1DIAGNOSTIC,    20, -9.393576979637e-01, 2.602633903734e-04, 1.7063e+01, 8.2594e-01, 
 1DIAGNOSTIC,    21, -9.398703575134e-01, 2.232893748442e-04, 1.7903e+01, 8.3963e-01, 
 1DIAGNOSTIC,    22, -9.403141140938e-01, 1.923737290781e-04, 1.8722e+01, 8.1945e-01, 
 1DIAGNOSTIC,    23, -9.407280683517e-01, 1.666302414378e-04, 1.9549e+01, 8.2666e-01, 
 1DIAGNOSTIC,    24, -9.411222934723e-01, 1.451327698305e-04, 2.0378e+01, 8.2877e-01, 
 1DIAGNOSTIC,    25, -9.414587020874e-01, 1.269307249459e-04, 2.1176e+01, 7.9847e-01, 
 1DIAGNOSTIC,    26, -9.417921900749e-01, 1.115340710385e-04, 2.1964e+01, 7.8763e-01, 
 1DIAGNOSTIC,    27, -9.420794248581e-01, 9.828940528678e-05, 2.2775e+01, 8.1112e-01, 
 1DIAGNOSTIC,    28, -9.423702955246e-01, 8.696298027644e-05, 2.3585e+01, 8.0990e-01, 
 1DIAGNOSTIC,    29, -9.426133632660e-01, 7.719679706497e-05, 2.4402e+01, 8.1712e-01, 
 1DIAGNOSTIC,    30, -9.428707361221e-01, 6.882414163556e-05, 2.5223e+01, 8.2037e-01, 
 1DIAGNOSTIC,    31, -9.430837631226e-01, 6.163554644445e-05, 2.6054e+01, 8.3109e-01, 
 1DIAGNOSTIC,    32, -9.432837367058e-01, 5.521714410861e-05, 2.6860e+01, 8.0601e-01, 
 1DIAGNOSTIC,    33, -9.434783458710e-01, 4.959916986991e-05, 2.7657e+01, 7.9722e-01, 
 1DIAGNOSTIC,    34, -9.436433911324e-01, 4.464929952519e-05, 2.8427e+01, 7.7013e-01, 
 1DIAGNOSTIC,    35, -9.438208341599e-01, 4.024692316307e-05, 2.9229e+01, 8.0195e-01, 
 1DIAGNOSTIC,    36, -9.439659714699e-01, 3.634866152424e-05, 3.0017e+01, 7.8817e-01, 
 1DIAGNOSTIC,    37, -9.441090822220e-01, 3.278412987129e-05, 3.0846e+01, 8.2925e-01, 
 1DIAGNOSTIC,    38, -9.442575573921e-01, 2.985118771903e-05, 3.1678e+01, 8.3183e-01, 
 1DIAGNOSTIC,    39, -9.443686008453e-01, 2.702174060687e-05, 3.2481e+01, 8.0332e-01, 
 1DIAGNOSTIC,    40, -9.444913864136e-01, 2.469834180374e-05, 3.3298e+01, 8.1628e-01, 
 1DIAGNOSTIC,    41, -9.446102380753e-01, 2.263954047521e-05, 3.4130e+01, 8.3253e-01, 
 1DIAGNOSTIC,    42, -9.447064399719e-01, 2.070482514682e-05, 3.4928e+01, 7.9785e-01, 
 1DIAGNOSTIC,    43, -9.448280334473e-01, 1.916907240229e-05, 3.5749e+01, 8.2066e-01, 
 1DIAGNOSTIC,    44, -9.448928833008e-01, 1.750059527694e-05, 3.6586e+01, 8.3765e-01, 
 1DIAGNOSTIC,    45, -9.449970126152e-01, 1.619142676645e-05, 3.7422e+01, 8.3581e-01, 
 1DIAGNOSTIC,    46, -9.450796246529e-01, 1.493868785474e-05, 3.8212e+01, 7.8996e-01, 
 1DIAGNOSTIC,    47, -9.451484084129e-01, 1.372258793708e-05, 3.9032e+01, 8.1973e-01, 
 1DIAGNOSTIC,    48, -9.452401399612e-01, 1.281691857002e-05, 3.9823e+01, 7.9116e-01, 
 1DIAGNOSTIC,    49, -9.453001022339e-01, 1.182561936730e-05, 4.0651e+01, 8.2809e-01, 
 1DIAGNOSTIC,    50, -9.453666210175e-01, 1.093973969546e-05, 4.1451e+01, 7.9974e-01, 
 1DIAGNOSTIC,    51, -9.454370737076e-01, 1.021568823489e-05, 4.2284e+01, 8.3268e-01, 
 1DIAGNOSTIC,    52, -9.454835057259e-01, 9.414189662493e-06, 4.3108e+01, 8.2388e-01, 
 1DIAGNOSTIC,    53, -9.455577731133e-01, 8.915647413232e-06, 4.3911e+01, 8.0324e-01, 
 1DIAGNOSTIC,    54, -9.455967545509e-01, 8.204708137782e-06, 4.4726e+01, 8.1570e-01, 
 1DIAGNOSTIC,    55, -9.456478953362e-01, 7.638576789759e-06, 4.5570e+01, 8.4305e-01, 
 1DIAGNOSTIC,    56, -9.456984996796e-01, 7.129123787308e-06, 4.6385e+01, 8.1525e-01, 
 1DIAGNOSTIC,    57, -9.457435011864e-01, 6.600136202906e-06, 4.7200e+01, 8.1516e-01, 
 1DIAGNOSTIC,    58, -9.457876682281e-01, 6.212933385541e-06, 4.8010e+01, 8.1001e-01, 
 1DIAGNOSTIC,    59, -9.458350539207e-01, 5.839134701091e-06, 4.8802e+01, 7.9158e-01, 
 1DIAGNOSTIC,    60, -9.458633065224e-01, 5.439252618089e-06, 4.9627e+01, 8.2579e-01, 
 1DIAGNOSTIC,    61, -9.459149837494e-01, 5.184429937799e-06, 5.0445e+01, 8.1739e-01, 
 1DIAGNOSTIC,    62, -9.459373354912e-01, 4.814266958419e-06, 5.1268e+01, 8.2360e-01, 
 1DIAGNOSTIC,    63, -9.459822773933e-01, 4.613676992449e-06, 5.2077e+01, 8.0870e-01, 
 1DIAGNOSTIC,    64, -9.460142850876e-01, 4.353526946943e-06, 5.2885e+01, 8.0833e-01, 
 1DIAGNOSTIC,    65, -9.460404515266e-01, 4.085561613465e-06, 5.3706e+01, 8.2101e-01, 
 1DIAGNOSTIC,    66, -9.460756182671e-01, 3.869960437441e-06, 5.4552e+01, 8.4536e-01, 
 1DIAGNOSTIC,    67, -9.460994005203e-01, 3.640292334239e-06, 5.5341e+01, 7.8908e-01, 
 1DIAGNOSTIC,    68, -9.461344480515e-01, 3.460904963504e-06, 5.6159e+01, 8.1817e-01, 
 1DIAGNOSTIC,    69, -9.461558461189e-01, 3.296812565168e-06, 5.6981e+01, 8.2217e-01, 
 1DIAGNOSTIC,    70, -9.461859464645e-01, 3.112343165412e-06, 5.7811e+01, 8.3007e-01, 
 1DIAGNOSTIC,    71, -9.462076425552e-01, 2.988074129462e-06, 5.8657e+01, 8.4604e-01, 
 1DIAGNOSTIC,    72, -9.462305307388e-01, 2.808242470564e-06, 5.9473e+01, 8.1623e-01, 
 1DIAGNOSTIC,    73, -9.462600946426e-01, 2.711198249017e-06, 6.0283e+01, 8.0956e-01, 
 1DIAGNOSTIC,    74, -9.462774991989e-01, 2.596362946861e-06, 6.1106e+01, 8.2289e-01, 
 1DIAGNOSTIC,    75, -9.463114738464e-01, 2.515923824831e-06, 6.1903e+01, 7.9720e-01, 
 1DIAGNOSTIC,    76, -9.463153481483e-01, 2.388310349488e-06, 6.2690e+01, 7.8651e-01, 
 1DIAGNOSTIC,    77, -9.463381171227e-01, 2.255934077766e-06, 6.3502e+01, 8.1205e-01, 
 1DIAGNOSTIC,    78, -9.463680982590e-01, 2.199023583671e-06, 6.4320e+01, 8.1817e-01, 
 1DIAGNOSTIC,    79, -9.463750720024e-01, 2.074506483041e-06, 6.5118e+01, 7.9818e-01, 
 1DIAGNOSTIC,    80, -9.463989734650e-01, 1.995988441195e-06, 6.5954e+01, 8.3630e-01, 
 1DIAGNOSTIC,    81, -9.464085102081e-01, 1.880291165435e-06, 6.6750e+01, 7.9568e-01, 
 1DIAGNOSTIC,    82, -9.464364051819e-01, 1.809391619645e-06, 6.7573e+01, 8.2331e-01, 
 1DIAGNOSTIC,    83, -9.464365243912e-01, 1.707753085611e-06, 6.8402e+01, 8.2880e-01, 
 1DIAGNOSTIC,    84, -9.464688897133e-01, 1.658406063143e-06, 6.9195e+01, 7.9313e-01, 
 1DIAGNOSTIC,    85, -9.464578628540e-01, 1.567330969010e-06, 6.9976e+01, 7.8046e-01, 
 1DIAGNOSTIC,    86, -9.464808702469e-01, 1.458314045522e-06, 7.0798e+01, 8.2229e-01, 
 1DIAGNOSTIC,    87, -9.464921951294e-01, 1.361175122838e-06, 7.1592e+01, 7.9373e-01, 
 1DIAGNOSTIC,    88, -9.465097784996e-01, 1.332750912297e-06, 7.2409e+01, 8.1711e-01, 
 1DIAGNOSTIC,    89, -9.465073943138e-01, 1.224748416462e-06, 7.3222e+01, 8.1342e-01, 
 1DIAGNOSTIC,    90, -9.465339779854e-01, 1.206598881254e-06, 7.4028e+01, 8.0576e-01, 
 1DIAGNOSTIC,    91, -9.465360045433e-01, 1.141042389463e-06, 7.4850e+01, 8.2219e-01, 
 1DIAGNOSTIC,    92, -9.465590715408e-01, 1.168112362393e-06, 7.5673e+01, 8.2265e-01, 
 1DIAGNOSTIC,    93, -9.465516209602e-01, 1.087462010219e-06, 7.6504e+01, 8.3111e-01, 
 1DIAGNOSTIC,    94, -9.465704560280e-01, 1.104843363464e-06, 7.7311e+01, 8.0745e-01, 
 1DIAGNOSTIC,    95, -9.465741515160e-01, 1.021590037453e-06, 7.8140e+01, 8.2828e-01, 
 1DIAGNOSTIC,    96, -9.465886354446e-01, 9.905296565194e-07, 7.8935e+01, 7.9517e-01, 
 1DIAGNOSTIC,    97, -9.465820193291e-01, 9.094882216232e-07, 7.9765e+01, 8.3035e-01, 
 1DIAGNOSTIC,    98, -9.466078877449e-01, 9.103417255574e-07, 8.0589e+01, 8.2362e-01, 
 1DIAGNOSTIC,    99, -9.466014504433e-01, 8.239314297498e-07, 8.1386e+01, 7.9747e-01, 
 1DIAGNOSTIC,   100, -9.466149806976e-01, 8.127445880746e-07, 8.2213e+01, 8.2664e-01, 
XXDIAGNOSTIC,Iteration,metricValue,convergenceValue,ITERATION_TIME_INDEX,SINCE_LAST
 1DIAGNOSTIC,     1, -8.746897578239e-01, inf, 8.5536e+01, 3.3229e+00, 
 1DIAGNOSTIC,     2, -8.760452270508e-01, inf, 8.8148e+01, 2.6122e+00, 
 1DIAGNOSTIC,     3, -8.778872489929e-01, inf, 9.0742e+01, 2.5939e+00, 
 1DIAGNOSTIC,     4, -8.797480463982e-01, inf, 9.3320e+01, 2.5784e+00, 
 1DIAGNOSTIC,     5, -8.812677860260e-01, inf, 9.5903e+01, 2.5826e+00, 
 1DIAGNOSTIC,     6, -8.826365470886e-01, inf, 9.8507e+01, 2.6036e+00, 
 1DIAGNOSTIC,     7, -8.838386535645e-01, inf, 1.0110e+02, 2.5893e+00, 
 1DIAGNOSTIC,     8, -8.849186301231e-01, inf, 1.0369e+02, 2.5941e+00, 
 1DIAGNOSTIC,     9, -8.858227729797e-01, inf, 1.0630e+02, 2.6117e+00, 
 1DIAGNOSTIC,    10, -8.864965438843e-01, 8.874509367160e-04, 1.0890e+02, 2.6032e+00, 
 1DIAGNOSTIC,    11, -8.871111869812e-01, 7.281883736141e-04, 1.1150e+02, 2.5990e+00, 
 1DIAGNOSTIC,    12, -8.876791000366e-01, 5.814136238769e-04, 1.1411e+02, 2.6104e+00, 
 1DIAGNOSTIC,    13, -8.881881237030e-01, 4.624097491615e-04, 1.1671e+02, 2.5988e+00, 
 1DIAGNOSTIC,    14, -8.886273503304e-01, 3.709781740326e-04, 1.1932e+02, 2.6071e+00, 
 1DIAGNOSTIC,    15, -8.890358805656e-01, 2.990428474732e-04, 1.2199e+02, 2.6675e+00, 
 1DIAGNOSTIC,    16, -8.894030451775e-01, 2.434133639326e-04, 1.2460e+02, 2.6108e+00, 
 1DIAGNOSTIC,    17, -8.897383213043e-01, 2.008077281062e-04, 1.2722e+02, 2.6202e+00, 
 1DIAGNOSTIC,    18, -8.900430202484e-01, 1.689715863904e-04, 1.2980e+02, 2.5856e+00, 
 1DIAGNOSTIC,    19, -8.903229832649e-01, 1.448249095120e-04, 1.3240e+02, 2.6007e+00, 
 1DIAGNOSTIC,    20, -8.905717730522e-01, 1.244371815119e-04, 1.3500e+02, 2.5937e+00, 
 1DIAGNOSTIC,    21, -8.908109068871e-01, 1.074461033568e-04, 1.3759e+02, 2.5900e+00, 
 1DIAGNOSTIC,    22, -8.910150527954e-01, 9.323387348559e-05, 1.4019e+02, 2.5987e+00, 
 1DIAGNOSTIC,    23, -8.912135958672e-01, 8.143551531248e-05, 1.4280e+02, 2.6098e+00, 
 1DIAGNOSTIC,    24, -8.914034366608e-01, 7.142378308345e-05, 1.4539e+02, 2.5917e+00, 
 1DIAGNOSTIC,    25, -8.915649056435e-01, 6.285266863415e-05, 1.4798e+02, 2.5945e+00, 
 1DIAGNOSTIC,    26, -8.917319178581e-01, 5.566369873122e-05, 1.5058e+02, 2.5923e+00, 
 1DIAGNOSTIC,    27, -8.918604254723e-01, 4.931609146297e-05, 1.5317e+02, 2.5970e+00, 
 1DIAGNOSTIC,    28, -8.919994235039e-01, 4.390555477585e-05, 1.5577e+02, 2.5990e+00, 
 1DIAGNOSTIC,    29, -8.921358585358e-01, 3.937468136428e-05, 1.5836e+02, 2.5913e+00, 
 1DIAGNOSTIC,    30, -8.922328948975e-01, 3.516427022987e-05, 1.6096e+02, 2.5967e+00, 
 1DIAGNOSTIC,    31, -8.923557400703e-01, 3.170652416884e-05, 1.6360e+02, 2.6360e+00, 
 1DIAGNOSTIC,    32, -8.924477100372e-01, 2.848041367542e-05, 1.6626e+02, 2.6611e+00, 
 1DIAGNOSTIC,    33, -8.925449252129e-01, 2.567792398622e-05, 1.6885e+02, 2.5973e+00, 
 1DIAGNOSTIC,    34, -8.926225900650e-01, 2.318208862562e-05, 1.7146e+02, 2.6038e+00, 
 1DIAGNOSTIC,    35, -8.927246928215e-01, 2.109773777192e-05, 1.7403e+02, 2.5772e+00, 
 1DIAGNOSTIC,    36, -8.927798271179e-01, 1.915866778290e-05, 1.7663e+02, 2.5903e+00, 
 1DIAGNOSTIC,    37, -8.928630352020e-01, 1.739776962495e-05, 1.7932e+02, 2.6912e+00, 
 1DIAGNOSTIC,    38, -8.929089307785e-01, 1.568614061398e-05, 1.8198e+02, 2.6623e+00, 
 1DIAGNOSTIC,    39, -8.929803967476e-01, 1.434263776900e-05, 1.8458e+02, 2.6053e+00, 
 1DIAGNOSTIC,    40, -8.930356502533e-01, 1.296920527238e-05, 1.8719e+02, 2.6108e+00, 
 1DIAGNOSTIC,    41, -8.930800557137e-01, 1.179223636427e-05, 1.8988e+02, 2.6819e+00, 
 1DIAGNOSTIC,    42, -8.931326866150e-01, 1.071018778021e-05, 1.9246e+02, 2.5821e+00, 
 1DIAGNOSTIC,    43, -8.931747078896e-01, 9.752110599948e-06, 1.9507e+02, 2.6122e+00, 
 1DIAGNOSTIC,    44, -8.932287693024e-01, 8.916697879613e-06, 1.9768e+02, 2.6058e+00, 
 1DIAGNOSTIC,    45, -8.932549357414e-01, 8.236595931521e-06, 2.0027e+02, 2.5948e+00, 
 1DIAGNOSTIC,    46, -8.933145999908e-01, 7.655058652745e-06, 2.0287e+02, 2.6007e+00, 
 1DIAGNOSTIC,    47, -8.933296203613e-01, 7.091295174178e-06, 2.0546e+02, 2.5908e+00, 
 1DIAGNOSTIC,    48, -8.933873176575e-01, 6.619687610510e-06, 2.0806e+02, 2.5931e+00, 
 1DIAGNOSTIC,    49, -8.934012651443e-01, 6.141790890979e-06, 2.1072e+02, 2.6680e+00, 
 1DIAGNOSTIC,    50, -8.934434056282e-01, 5.777383194072e-06, 2.1333e+02, 2.6037e+00, 
 1DIAGNOSTIC,    51, -8.934611082077e-01, 5.314991540217e-06, 2.1592e+02, 2.5947e+00, 
 1DIAGNOSTIC,    52, -8.935070633888e-01, 5.022634013585e-06, 2.1851e+02, 2.5857e+00, 
 1DIAGNOSTIC,    53, -8.935148119926e-01, 4.607658866007e-06, 2.2111e+02, 2.5996e+00, 
 1DIAGNOSTIC,    54, -8.935539126396e-01, 4.375954631541e-06, 2.2370e+02, 2.5940e+00, 
 1DIAGNOSTIC,    55, -8.935670256615e-01, 4.007517873106e-06, 2.2630e+02, 2.6015e+00, 
 1DIAGNOSTIC,    56, -8.935937881470e-01, 3.816411208390e-06, 2.2894e+02, 2.6413e+00, 
 1DIAGNOSTIC,    57, -8.936166167259e-01, 3.522940460243e-06, 2.3153e+02, 2.5825e+00, 
 1DIAGNOSTIC,    58, -8.936276435852e-01, 3.332227379360e-06, 2.3415e+02, 2.6270e+00, 
 1DIAGNOSTIC,    59, -8.936564922333e-01, 3.108938017249e-06, 2.3674e+02, 2.5875e+00, 
 1DIAGNOSTIC,    60, -8.936858773232e-01, 3.023440740435e-06, 2.3933e+02, 2.5878e+00, 
 1DIAGNOSTIC,    61, -8.936715126038e-01, 2.710776243475e-06, 2.4191e+02, 2.5816e+00, 
 1DIAGNOSTIC,    62, -8.937182426453e-01, 2.680943225641e-06, 2.4449e+02, 2.5807e+00, 
 1DIAGNOSTIC,    63, -8.937273025513e-01, 2.518911060179e-06, 2.4709e+02, 2.5956e+00, 
 1DIAGNOSTIC,    64, -8.937426209450e-01, 2.438364617774e-06, 2.4969e+02, 2.5979e+00, 
 1DIAGNOSTIC,    65, -8.937498331070e-01, 2.271204493809e-06, 2.5229e+02, 2.6045e+00, 
 1DIAGNOSTIC,    66, -8.937723636627e-01, 2.176146381316e-06, 2.5489e+02, 2.6042e+00, 
 1DIAGNOSTIC,    67, -8.937871456146e-01, 2.097307060467e-06, 2.5748e+02, 2.5894e+00, 
 1DIAGNOSTIC,    68, -8.938008546829e-01, 1.975371787921e-06, 2.6008e+02, 2.6003e+00, 
 1DIAGNOSTIC,    69, -8.938047289848e-01, 1.861199280029e-06, 2.6267e+02, 2.5876e+00, 
 1DIAGNOSTIC,    70, -8.938173651695e-01, 1.812251525735e-06, 2.6528e+02, 2.6121e+00, 
 1DIAGNOSTIC,    71, -8.938348889351e-01, 1.641191261115e-06, 2.6790e+02, 2.6127e+00, 
 1DIAGNOSTIC,    72, -8.938443660736e-01, 1.606227783668e-06, 2.7051e+02, 2.6148e+00, 
 1DIAGNOSTIC,    73, -8.938584923744e-01, 1.560745772622e-06, 2.7312e+02, 2.6110e+00, 
 1DIAGNOSTIC,    74, -8.938522338867e-01, 1.447735712645e-06, 2.7571e+02, 2.5930e+00, 
 1DIAGNOSTIC,    75, -8.938736319542e-01, 1.361187628390e-06, 2.7830e+02, 2.5847e+00, 
 1DIAGNOSTIC,    76, -8.938706517220e-01, 1.264335310225e-06, 2.8090e+02, 2.6022e+00, 
 1DIAGNOSTIC,    77, -8.938889503479e-01, 1.224773200192e-06, 2.8349e+02, 2.5848e+00, 
 1DIAGNOSTIC,    78, -8.938895463943e-01, 1.165932872027e-06, 2.8609e+02, 2.6078e+00, 
 1DIAGNOSTIC,    79, -8.939042091370e-01, 1.110856715059e-06, 2.8869e+02, 2.5965e+00, 
 1DIAGNOSTIC,    80, -8.939051628113e-01, 1.040671918418e-06, 2.9128e+02, 2.5909e+00, 
 1DIAGNOSTIC,    81, -8.939148187637e-01, 1.016667170006e-06, 2.9387e+02, 2.5847e+00, 
 1DIAGNOSTIC,    82, -8.939270973206e-01, 1.015909674607e-06, 2.9647e+02, 2.6067e+00, 
 1DIAGNOSTIC,    83, -8.939238190651e-01, 9.964154514819e-07, 2.9907e+02, 2.6005e+00, 
 1DIAGNOSTIC,    84, -8.939282894135e-01, 9.106688594329e-07, 3.0166e+02, 2.5879e+00, 
 1DIAGNOSTIC,    85, -8.939260244370e-01, 8.483124815939e-07, 3.0427e+02, 2.6038e+00, 
 1DIAGNOSTIC,    86, -8.939418792725e-01, 7.878372798586e-07, 3.0686e+02, 2.5963e+00, 
 1DIAGNOSTIC,    87, -8.939370512962e-01, 7.361193183897e-07, 3.0946e+02, 2.5981e+00, 
 1DIAGNOSTIC,    88, -8.939492702484e-01, 6.964024237277e-07, 3.1205e+02, 2.5944e+00, 
 1DIAGNOSTIC,    89, -8.939447999001e-01, 6.621082206948e-07, 3.1466e+02, 2.6014e+00, 
 1DIAGNOSTIC,    90, -8.939558863640e-01, 6.417664621949e-07, 3.1734e+02, 2.6889e+00, 
 1DIAGNOSTIC,    91, -8.939599990845e-01, 6.397511924661e-07, 3.1999e+02, 2.6410e+00, 
 1DIAGNOSTIC,    92, -8.939566016197e-01, 6.406757506738e-07, 3.2258e+02, 2.5924e+00, 
 1DIAGNOSTIC,    93, -8.939743041992e-01, 6.634658689109e-07, 3.2519e+02, 2.6094e+00, 
 1DIAGNOSTIC,    94, -8.939667344093e-01, 6.431767474169e-07, 3.2777e+02, 2.5854e+00, 
 1DIAGNOSTIC,    95, -8.939769864082e-01, 6.202861868587e-07, 3.3037e+02, 2.5924e+00, 
 1DIAGNOSTIC,    96, -8.939675688744e-01, 5.917693783886e-07, 3.3297e+02, 2.6069e+00, 
 1DIAGNOSTIC,    97, -8.939728736877e-01, 5.403524596659e-07, 3.3556e+02, 2.5926e+00, 
 1DIAGNOSTIC,    98, -8.939819335938e-01, 5.386275461206e-07, 3.3816e+02, 2.5927e+00, 
 1DIAGNOSTIC,    99, -8.939769268036e-01, 4.836910534323e-07, 3.4077e+02, 2.6084e+00, 
 1DIAGNOSTIC,   100, -8.939830660820e-01, 4.702600620021e-07, 3.4335e+02, 2.5853e+00, 
XXDIAGNOSTIC,Iteration,metricValue,convergenceValue,ITERATION_TIME_INDEX,SINCE_LAST
 1DIAGNOSTIC,     1, -7.465189099312e-01, inf, 3.6538e+02, 2.2027e+01, 
 1DIAGNOSTIC,     2, -7.489545345306e-01, inf, 3.8656e+02, 2.1180e+01, 
 1DIAGNOSTIC,     3, -7.515113353729e-01, inf, 4.0752e+02, 2.0962e+01, 
 1DIAGNOSTIC,     4, -7.539553642273e-01, inf, 4.2843e+02, 2.0911e+01, 
 1DIAGNOSTIC,     5, -7.562230825424e-01, inf, 4.4942e+02, 2.0990e+01, 
 1DIAGNOSTIC,     6, -7.582547664642e-01, inf, 4.7042e+02, 2.1002e+01, 
 1DIAGNOSTIC,     7, -7.600824236870e-01, inf, 4.9129e+02, 2.0861e+01, 
 1DIAGNOSTIC,     8, -7.617495656013e-01, inf, 5.1238e+02, 2.1093e+01, 
 1DIAGNOSTIC,     9, -7.632501125336e-01, inf, 5.3354e+02, 2.1162e+01, 
 1DIAGNOSTIC,    10, -7.645189762115e-01, 1.538746990263e-03, 5.5484e+02, 2.1305e+01, 
 1DIAGNOSTIC,    11, -7.658240795135e-01, 1.287035644054e-03, 5.7590e+02, 2.1060e+01, 
 1DIAGNOSTIC,    12, -7.668755650520e-01, 1.069961115718e-03, 5.9721e+02, 2.1303e+01, 
 1DIAGNOSTIC,    13, -7.678330540657e-01, 8.902543922886e-04, 6.1829e+02, 2.1082e+01, 
 1DIAGNOSTIC,    14, -7.687077522278e-01, 7.434905855916e-04, 6.3939e+02, 2.1095e+01, 
 1DIAGNOSTIC,    15, -7.695254087448e-01, 6.248260033317e-04, 6.6062e+02, 2.1232e+01, 
 1DIAGNOSTIC,    16, -7.702762484550e-01, 5.282002966851e-04, 6.8165e+02, 2.1032e+01, 
 1DIAGNOSTIC,    17, -7.709700465202e-01, 4.492883745115e-04, 7.0276e+02, 2.1110e+01, 
 1DIAGNOSTIC,    18, -7.716219425201e-01, 3.854134411085e-04, 7.2377e+02, 2.1011e+01, 
 1DIAGNOSTIC,    19, -7.722246646881e-01, 3.336099907756e-04, 7.4513e+02, 2.1358e+01, 
 1DIAGNOSTIC,    20, -7.727817296982e-01, 2.897140802816e-04, 7.6607e+02, 2.0938e+01, 
 1DIAGNOSTIC,    21, -7.732965350151e-01, 2.551081415731e-04, 7.8708e+02, 2.1011e+01, 
 1DIAGNOSTIC,    22, -7.737774848938e-01, 2.256121661048e-04, 8.0811e+02, 2.1037e+01, 
 1DIAGNOSTIC,    23, -7.742324471474e-01, 2.002978581004e-04, 8.2915e+02, 2.1036e+01, 
 1DIAGNOSTIC,    24, -7.746588587761e-01, 1.783664483810e-04, 8.5003e+02, 2.0884e+01, 
 1DIAGNOSTIC,    25, -7.750590443611e-01, 1.594608766027e-04, 8.7085e+02, 2.0815e+01, 
 1DIAGNOSTIC,    26, -7.754347324371e-01, 1.430424017599e-04, 8.9244e+02, 2.1596e+01, 
 1DIAGNOSTIC,    27, -7.757887840271e-01, 1.287206832785e-04, 9.1365e+02, 2.1208e+01, 
 1DIAGNOSTIC,    28, -7.761225104332e-01, 1.162993212347e-04, 9.3496e+02, 2.1306e+01, 
 1DIAGNOSTIC,    29, -7.764378786087e-01, 1.054608219420e-04, 9.5609e+02, 2.1130e+01, 
 1DIAGNOSTIC,    30, -7.767241597176e-01, 9.577482705936e-05, 9.7734e+02, 2.1251e+01, 
 1DIAGNOSTIC,    31, -7.770000100136e-01, 8.709183020983e-05, 9.9838e+02, 2.1041e+01, 
 1DIAGNOSTIC,    32, -7.772566080093e-01, 7.923066004878e-05, 1.0196e+03, 2.1185e+01, 
 1DIAGNOSTIC,    33, -7.775008082390e-01, 7.217581878649e-05, 1.0408e+03, 2.1255e+01, 
 1DIAGNOSTIC,    34, -7.777289748192e-01, 6.581537309103e-05, 1.0618e+03, 2.0966e+01, 
 1DIAGNOSTIC,    35, -7.779431939125e-01, 6.007238334860e-05, 1.0828e+03, 2.1062e+01, 
 1DIAGNOSTIC,    36, -7.781448960304e-01, 5.488441092893e-05, 1.1040e+03, 2.1131e+01, 
 1DIAGNOSTIC,    37, -7.783372998238e-01, 5.023229095968e-05, 1.1251e+03, 2.1083e+01, 
 1DIAGNOSTIC,    38, -7.785183191299e-01, 4.606739821611e-05, 1.1462e+03, 2.1143e+01, 
 1DIAGNOSTIC,    39, -7.786926031113e-01, 4.239100235282e-05, 1.1673e+03, 2.1054e+01, 
 1DIAGNOSTIC,    40, -7.788558602333e-01, 3.903350443579e-05, 1.1886e+03, 2.1300e+01, 
 1DIAGNOSTIC,    41, -7.790057659149e-01, 3.597971954150e-05, 1.2098e+03, 2.1241e+01, 
 1DIAGNOSTIC,    42, -7.791519165039e-01, 3.320804535178e-05, 1.2311e+03, 2.1264e+01, 
 1DIAGNOSTIC,    43, -7.792890667915e-01, 3.069795639021e-05, 1.2523e+03, 2.1246e+01, 
 1DIAGNOSTIC,    44, -7.794182300568e-01, 2.839781518560e-05, 1.2736e+03, 2.1275e+01, 
 1DIAGNOSTIC,    45, -7.795402407646e-01, 2.627623325679e-05, 1.2946e+03, 2.1036e+01, 
 1DIAGNOSTIC,    46, -7.796535491943e-01, 2.429546657368e-05, 1.3159e+03, 2.1232e+01, 
 1DIAGNOSTIC,    47, -7.797623872757e-01, 2.247473275929e-05, 1.3368e+03, 2.0932e+01, 
 1DIAGNOSTIC,    48, -7.798644900322e-01, 2.078875331790e-05, 1.3578e+03, 2.1041e+01, 
 1DIAGNOSTIC,    49, -7.799629569054e-01, 1.926957702381e-05, 1.3791e+03, 2.1257e+01, 
 1DIAGNOSTIC,    50, -7.800586819649e-01, 1.791258728190e-05, 1.4003e+03, 2.1248e+01, 
 1DIAGNOSTIC,    51, -7.801530361176e-01, 1.669452103670e-05, 1.4213e+03, 2.0971e+01, 
 1DIAGNOSTIC,    52, -7.802429199219e-01, 1.563274781802e-05, 1.4424e+03, 2.1060e+01, 
 1DIAGNOSTIC,    53, -7.803302407265e-01, 1.471026553190e-05, 1.4634e+03, 2.0992e+01, 
 1DIAGNOSTIC,    54, -7.804119586945e-01, 1.388743748976e-05, 1.4847e+03, 2.1361e+01, 
 1DIAGNOSTIC,    55, -7.804889678955e-01, 1.313341363129e-05, 1.5056e+03, 2.0928e+01, 
 1DIAGNOSTIC,    56, -7.805654406548e-01, 1.243214046553e-05, 1.5268e+03, 2.1185e+01, 
 1DIAGNOSTIC,    57, -7.806366086006e-01, 1.176277601189e-05, 1.5481e+03, 2.1319e+01, 
 1DIAGNOSTIC,    58, -7.807061672211e-01, 1.111518031394e-05, 1.5693e+03, 2.1181e+01, 
 1DIAGNOSTIC,    59, -7.807711958885e-01, 1.048045760399e-05, 1.5904e+03, 2.1079e+01, 
 1DIAGNOSTIC,    60, -7.808305025101e-01, 9.849291927821e-06, 1.6115e+03, 2.1083e+01, 
 1DIAGNOSTIC,    61, -7.808954715729e-01, 9.291927199229e-06, 1.6326e+03, 2.1155e+01, 
 1DIAGNOSTIC,    62, -7.809521555901e-01, 8.765470738581e-06, 1.6536e+03, 2.0974e+01, 
 1DIAGNOSTIC,    63, -7.810112833977e-01, 8.306014933623e-06, 1.6746e+03, 2.0949e+01, 
 1DIAGNOSTIC,    64, -7.810620665550e-01, 7.861453013902e-06, 1.6959e+03, 2.1312e+01, 
 1DIAGNOSTIC,    65, -7.811139225960e-01, 7.441591606039e-06, 1.7169e+03, 2.1054e+01, 
 1DIAGNOSTIC,    66, -7.811602354050e-01, 7.039742285997e-06, 1.7380e+03, 2.1020e+01, 
 1DIAGNOSTIC,    67, -7.812085151672e-01, 6.664786724286e-06, 1.7590e+03, 2.1017e+01, 
 1DIAGNOSTIC,    68, -7.812579274178e-01, 6.339244009723e-06, 1.7812e+03, 2.2208e+01, 
 1DIAGNOSTIC,    69, -7.813039422035e-01, 6.041290362191e-06, 1.8024e+03, 2.1176e+01, 
 1DIAGNOSTIC,    70, -7.813486456871e-01, 5.752408469561e-06, 1.8234e+03, 2.1087e+01, 
XXDIAGNOSTIC,Iteration,metricValue,convergenceValue,ITERATION_TIME_INDEX,SINCE_LAST
 1DIAGNOSTIC,     1, -4.600038826466e-01, inf, 1.9970e+03, 1.7359e+02, 
 1DIAGNOSTIC,     2, -4.616912305355e-01, inf, 2.1661e+03, 1.6907e+02, 
 1DIAGNOSTIC,     3, -4.635792672634e-01, inf, 2.3378e+03, 1.7166e+02, 
 1DIAGNOSTIC,     4, -4.657509922981e-01, inf, 2.5091e+03, 1.7139e+02, 
 1DIAGNOSTIC,     5, -4.676761031151e-01, inf, 2.6809e+03, 1.7174e+02, 
 1DIAGNOSTIC,     6, -4.694007039070e-01, inf, 2.8504e+03, 1.6948e+02, 
 1DIAGNOSTIC,     7, -4.711296558380e-01, inf, 3.0195e+03, 1.6917e+02, 
 1DIAGNOSTIC,     8, -4.726701974869e-01, inf, 3.1892e+03, 1.6966e+02, 
 1DIAGNOSTIC,     9, -4.743478298187e-01, inf, 3.3596e+03, 1.7045e+02, 
 1DIAGNOSTIC,    10, -4.759286642075e-01, 2.198133617640e-03, 3.5285e+03, 1.6884e+02, 
 1DIAGNOSTIC,    11, -4.773307144642e-01, 1.935326377861e-03, 3.6987e+03, 1.7019e+02, 
 1DIAGNOSTIC,    12, -4.787368178368e-01, 1.697963569313e-03, 3.8676e+03, 1.6894e+02, 
 1DIAGNOSTIC,    13, -4.799418449402e-01, 1.486127497628e-03, 4.0383e+03, 1.7068e+02, 
 1DIAGNOSTIC,    14, -4.811288118362e-01, 1.313214539550e-03, 4.2099e+03, 1.7160e+02, 
 1DIAGNOSTIC,    15, -4.820150136948e-01, 1.155453268439e-03, 4.3817e+03, 1.7184e+02, 
 1DIAGNOSTIC,    16, -4.829816520214e-01, 1.012053689919e-03, 4.5518e+03, 1.7008e+02, 
 1DIAGNOSTIC,    17, -4.837207794189e-01, 8.790498832241e-04, 4.7211e+03, 1.6931e+02, 
 1DIAGNOSTIC,    18, -4.845392107964e-01, 7.576595526189e-04, 4.8915e+03, 1.7034e+02, 
 1DIAGNOSTIC,    19, -4.851652383804e-01, 6.509040831588e-04, 5.0628e+03, 1.7136e+02, 
 1DIAGNOSTIC,    20, -4.859510660172e-01, 5.648464430124e-04, 5.2333e+03, 1.7044e+02, 
  Elapsed time (stage 2): 5235


Total elapsed time: 5268
Using single precision for computations.
Input scalar image: /home/mpib/nemecz/Projects/miniTRK/Results/01_MRI/GroupTempl/T1w/T_template0sub-515928_T1wRepaired.nii.gz
Reference image: /home/mpib/nemecz/Projects/miniTRK/Results/01_MRI/GroupTempl/T1w/T_template0.nii.gz
=============================================================================
The composite transform comprises the following transforms (in order): 
  1. /home/mpib/nemecz/Projects/miniTRK/Results/01_MRI/GroupTempl/T1w/T_sub-515928_T1w140GenericAffine.mat (type = AffineTransform)
  2. /home/mpib/nemecz/Projects/miniTRK/Results/01_MRI/GroupTempl/T1w/T_sub-515928_T1w141Warp.nii.gz (type = DisplacementFieldTransform)
=============================================================================
Default pixel value: 0
Interpolation type: LinearInterpolateImageFunction
Output warped image: /home/mpib/nemecz/Projects/miniTRK/Results/01_MRI/GroupTempl/T1w/T_template0sub-515928_T1w14WarpedToTemplate.nii.gz
