
Running N4 for 3-dimensional images.

Mask not read.  Using the entire image as the mask.

Original intensity range:  [0, 800]

***********************************************************
Warning:  Your input image contains nonpositive values
which could cause failure or problematic results.  A
possible workaround would be to:
   1. rescale your image to positive values e.g., [10,100].
   2. run N4 on your rescaled image.
   3. (optional) rescale the N4 output to the original
      intensity range.
***********************************************************

Specified spline distance: 200mm
  original image size:  [192, 256, 256]
  padded image size:  [201, 401, 401]
  number of control points:  [4, 5, 5]

Current level = 1
  Iteration 1 (of 50).   Current convergence value = 0.000171477 (threshold = 1e-08)
  Iteration 2 (of 50).   Current convergence value = 0.000139666 (threshold = 1e-08)
  Iteration 3 (of 50).   Current convergence value = 0.000128991 (threshold = 1e-08)
  Iteration 4 (of 50).   Current convergence value = 0.000127362 (threshold = 1e-08)
  Iteration 5 (of 50).   Current convergence value = 0.000128784 (threshold = 1e-08)
  Iteration 6 (of 50).   Current convergence value = 0.000130469 (threshold = 1e-08)
  Iteration 7 (of 50).   Current convergence value = 0.00013141 (threshold = 1e-08)
  Iteration 8 (of 50).   Current convergence value = 0.00013137 (threshold = 1e-08)
  Iteration 9 (of 50).   Current convergence value = 0.000130575 (threshold = 1e-08)
  Iteration 10 (of 50).   Current convergence value = 0.000129118 (threshold = 1e-08)
  Iteration 11 (of 50).   Current convergence value = 0.000127375 (threshold = 1e-08)
  Iteration 12 (of 50).   Current convergence value = 0.000125353 (threshold = 1e-08)
  Iteration 13 (of 50).   Current convergence value = 0.00012354 (threshold = 1e-08)
  Iteration 14 (of 50).   Current convergence value = 0.000121516 (threshold = 1e-08)
  Iteration 15 (of 50).   Current convergence value = 0.0001197 (threshold = 1e-08)
  Iteration 16 (of 50).   Current convergence value = 0.000117889 (threshold = 1e-08)
  Iteration 17 (of 50).   Current convergence value = 0.000116163 (threshold = 1e-08)
  Iteration 18 (of 50).   Current convergence value = 0.000114598 (threshold = 1e-08)
  Iteration 19 (of 50).   Current convergence value = 0.000113052 (threshold = 1e-08)
  Iteration 20 (of 50).   Current convergence value = 0.0001115 (threshold = 1e-08)
  Iteration 21 (of 50).   Current convergence value = 0.000110141 (threshold = 1e-08)
  Iteration 22 (of 50).   Current convergence value = 0.000108653 (threshold = 1e-08)
  Iteration 23 (of 50).   Current convergence value = 0.000107137 (threshold = 1e-08)
  Iteration 24 (of 50).   Current convergence value = 0.000105842 (threshold = 1e-08)
  Iteration 25 (of 50).   Current convergence value = 0.000104558 (threshold = 1e-08)
  Iteration 26 (of 50).   Current convergence value = 0.000103345 (threshold = 1e-08)
  Iteration 27 (of 50).   Current convergence value = 0.000102111 (threshold = 1e-08)
  Iteration 28 (of 50).   Current convergence value = 0.000100972 (threshold = 1e-08)
  Iteration 29 (of 50).   Current convergence value = 9.99149e-05 (threshold = 1e-08)
  Iteration 30 (of 50).   Current convergence value = 9.8946e-05 (threshold = 1e-08)
  Iteration 31 (of 50).   Current convergence value = 9.80022e-05 (threshold = 1e-08)
  Iteration 32 (of 50).   Current convergence value = 9.70826e-05 (threshold = 1e-08)
  Iteration 33 (of 50).   Current convergence value = 9.61099e-05 (threshold = 1e-08)
  Iteration 34 (of 50).   Current convergence value = 9.53452e-05 (threshold = 1e-08)
  Iteration 35 (of 50).   Current convergence value = 9.45253e-05 (threshold = 1e-08)
  Iteration 36 (of 50).   Current convergence value = 9.36648e-05 (threshold = 1e-08)
  Iteration 37 (of 50).   Current convergence value = 9.2852e-05 (threshold = 1e-08)
  Iteration 38 (of 50).   Current convergence value = 9.20004e-05 (threshold = 1e-08)
  Iteration 39 (of 50).   Current convergence value = 9.13523e-05 (threshold = 1e-08)
  Iteration 40 (of 50).   Current convergence value = 9.06863e-05 (threshold = 1e-08)
  Iteration 41 (of 50).   Current convergence value = 9.02053e-05 (threshold = 1e-08)
  Iteration 42 (of 50).   Current convergence value = 8.94234e-05 (threshold = 1e-08)
  Iteration 43 (of 50).   Current convergence value = 8.86861e-05 (threshold = 1e-08)
  Iteration 44 (of 50).   Current convergence value = 8.80622e-05 (threshold = 1e-08)
  Iteration 45 (of 50).   Current convergence value = 8.7519e-05 (threshold = 1e-08)
  Iteration 46 (of 50).   Current convergence value = 8.70038e-05 (threshold = 1e-08)
  Iteration 47 (of 50).   Current convergence value = 8.65014e-05 (threshold = 1e-08)
  Iteration 48 (of 50).   Current convergence value = 8.5858e-05 (threshold = 1e-08)
  Iteration 49 (of 50).   Current convergence value = 8.53101e-05 (threshold = 1e-08)
  Iteration 50 (of 50).   Current convergence value = 8.4636e-05 (threshold = 1e-08)
Current level = 2
  Iteration 1 (of 50).   Current convergence value = 0.000529379 (threshold = 1e-08)
  Iteration 2 (of 50).   Current convergence value = 0.000432366 (threshold = 1e-08)
  Iteration 3 (of 50).   Current convergence value = 0.000365513 (threshold = 1e-08)
  Iteration 4 (of 50).   Current convergence value = 0.000312737 (threshold = 1e-08)
  Iteration 5 (of 50).   Current convergence value = 0.000267087 (threshold = 1e-08)
  Iteration 6 (of 50).   Current convergence value = 0.00022986 (threshold = 1e-08)
  Iteration 7 (of 50).   Current convergence value = 0.000202725 (threshold = 1e-08)
  Iteration 8 (of 50).   Current convergence value = 0.000186634 (threshold = 1e-08)
  Iteration 9 (of 50).   Current convergence value = 0.000166443 (threshold = 1e-08)
  Iteration 10 (of 50).   Current convergence value = 0.000148377 (threshold = 1e-08)
  Iteration 11 (of 50).   Current convergence value = 0.000133216 (threshold = 1e-08)
  Iteration 12 (of 50).   Current convergence value = 0.000120147 (threshold = 1e-08)
  Iteration 13 (of 50).   Current convergence value = 0.000108738 (threshold = 1e-08)
  Iteration 14 (of 50).   Current convergence value = 9.90746e-05 (threshold = 1e-08)
  Iteration 15 (of 50).   Current convergence value = 9.0853e-05 (threshold = 1e-08)
  Iteration 16 (of 50).   Current convergence value = 8.3875e-05 (threshold = 1e-08)
  Iteration 17 (of 50).   Current convergence value = 7.89791e-05 (threshold = 1e-08)
  Iteration 18 (of 50).   Current convergence value = 7.65164e-05 (threshold = 1e-08)
  Iteration 19 (of 50).   Current convergence value = 7.44791e-05 (threshold = 1e-08)
  Iteration 20 (of 50).   Current convergence value = 7.31241e-05 (threshold = 1e-08)
  Iteration 21 (of 50).   Current convergence value = 7.20307e-05 (threshold = 1e-08)
  Iteration 22 (of 50).   Current convergence value = 7.1283e-05 (threshold = 1e-08)
  Iteration 23 (of 50).   Current convergence value = 7.05876e-05 (threshold = 1e-08)
  Iteration 24 (of 50).   Current convergence value = 6.99396e-05 (threshold = 1e-08)
  Iteration 25 (of 50).   Current convergence value = 6.94277e-05 (threshold = 1e-08)
  Iteration 26 (of 50).   Current convergence value = 6.90425e-05 (threshold = 1e-08)
  Iteration 27 (of 50).   Current convergence value = 6.84855e-05 (threshold = 1e-08)
  Iteration 28 (of 50).   Current convergence value = 6.8044e-05 (threshold = 1e-08)
  Iteration 29 (of 50).   Current convergence value = 6.74294e-05 (threshold = 1e-08)
  Iteration 30 (of 50).   Current convergence value = 6.7073e-05 (threshold = 1e-08)
  Iteration 31 (of 50).   Current convergence value = 6.67398e-05 (threshold = 1e-08)
  Iteration 32 (of 50).   Current convergence value = 6.6098e-05 (threshold = 1e-08)
  Iteration 33 (of 50).   Current convergence value = 6.56698e-05 (threshold = 1e-08)
  Iteration 34 (of 50).   Current convergence value = 6.50892e-05 (threshold = 1e-08)
  Iteration 35 (of 50).   Current convergence value = 6.48086e-05 (threshold = 1e-08)
  Iteration 36 (of 50).   Current convergence value = 6.42966e-05 (threshold = 1e-08)
  Iteration 37 (of 50).   Current convergence value = 6.38792e-05 (threshold = 1e-08)
  Iteration 38 (of 50).   Current convergence value = 6.3335e-05 (threshold = 1e-08)
  Iteration 39 (of 50).   Current convergence value = 6.29176e-05 (threshold = 1e-08)
  Iteration 40 (of 50).   Current convergence value = 6.25932e-05 (threshold = 1e-08)
  Iteration 41 (of 50).   Current convergence value = 6.23053e-05 (threshold = 1e-08)
  Iteration 42 (of 50).   Current convergence value = 6.17921e-05 (threshold = 1e-08)
  Iteration 43 (of 50).   Current convergence value = 6.14826e-05 (threshold = 1e-08)
  Iteration 44 (of 50).   Current convergence value = 6.09358e-05 (threshold = 1e-08)
  Iteration 45 (of 50).   Current convergence value = 6.05136e-05 (threshold = 1e-08)
  Iteration 46 (of 50).   Current convergence value = 6.02362e-05 (threshold = 1e-08)
  Iteration 47 (of 50).   Current convergence value = 5.9801e-05 (threshold = 1e-08)
  Iteration 48 (of 50).   Current convergence value = 5.94137e-05 (threshold = 1e-08)
  Iteration 49 (of 50).   Current convergence value = 5.8944e-05 (threshold = 1e-08)
  Iteration 50 (of 50).   Current convergence value = 5.8514e-05 (threshold = 1e-08)
Current level = 3
  Iteration 1 (of 40).   Current convergence value = 0.00179984 (threshold = 1e-08)
  Iteration 2 (of 40).   Current convergence value = 0.00121262 (threshold = 1e-08)
  Iteration 3 (of 40).   Current convergence value = 0.000916093 (threshold = 1e-08)
  Iteration 4 (of 40).   Current convergence value = 0.000746953 (threshold = 1e-08)
  Iteration 5 (of 40).   Current convergence value = 0.000642343 (threshold = 1e-08)
  Iteration 6 (of 40).   Current convergence value = 0.00056181 (threshold = 1e-08)
  Iteration 7 (of 40).   Current convergence value = 0.00050213 (threshold = 1e-08)
  Iteration 8 (of 40).   Current convergence value = 0.000462735 (threshold = 1e-08)
  Iteration 9 (of 40).   Current convergence value = 0.000432523 (threshold = 1e-08)
  Iteration 10 (of 40).   Current convergence value = 0.000409154 (threshold = 1e-08)
  Iteration 11 (of 40).   Current convergence value = 0.000390448 (threshold = 1e-08)
  Iteration 12 (of 40).   Current convergence value = 0.000374851 (threshold = 1e-08)
  Iteration 13 (of 40).   Current convergence value = 0.000361951 (threshold = 1e-08)
  Iteration 14 (of 40).   Current convergence value = 0.000350924 (threshold = 1e-08)
  Iteration 15 (of 40).   Current convergence value = 0.000341339 (threshold = 1e-08)
  Iteration 16 (of 40).   Current convergence value = 0.000332996 (threshold = 1e-08)
  Iteration 17 (of 40).   Current convergence value = 0.000325655 (threshold = 1e-08)
  Iteration 18 (of 40).   Current convergence value = 0.000319169 (threshold = 1e-08)
  Iteration 19 (of 40).   Current convergence value = 0.000313274 (threshold = 1e-08)
  Iteration 20 (of 40).   Current convergence value = 0.000307913 (threshold = 1e-08)
  Iteration 21 (of 40).   Current convergence value = 0.000303122 (threshold = 1e-08)
  Iteration 22 (of 40).   Current convergence value = 0.000298845 (threshold = 1e-08)
  Iteration 23 (of 40).   Current convergence value = 0.000295023 (threshold = 1e-08)
  Iteration 24 (of 40).   Current convergence value = 0.000291734 (threshold = 1e-08)
  Iteration 25 (of 40).   Current convergence value = 0.000288794 (threshold = 1e-08)
  Iteration 26 (of 40).   Current convergence value = 0.000286204 (threshold = 1e-08)
  Iteration 27 (of 40).   Current convergence value = 0.000283912 (threshold = 1e-08)
  Iteration 28 (of 40).   Current convergence value = 0.000282002 (threshold = 1e-08)
  Iteration 29 (of 40).   Current convergence value = 0.000280196 (threshold = 1e-08)
  Iteration 30 (of 40).   Current convergence value = 0.000278627 (threshold = 1e-08)
  Iteration 31 (of 40).   Current convergence value = 0.0002773 (threshold = 1e-08)
  Iteration 32 (of 40).   Current convergence value = 0.00027622 (threshold = 1e-08)
  Iteration 33 (of 40).   Current convergence value = 0.000275337 (threshold = 1e-08)
  Iteration 34 (of 40).   Current convergence value = 0.000274629 (threshold = 1e-08)
  Iteration 35 (of 40).   Current convergence value = 0.000274108 (threshold = 1e-08)
  Iteration 36 (of 40).   Current convergence value = 0.000267829 (threshold = 1e-08)
  Iteration 37 (of 40).   Current convergence value = 0.00025992 (threshold = 1e-08)
  Iteration 38 (of 40).   Current convergence value = 0.000252829 (threshold = 1e-08)
  Iteration 39 (of 40).   Current convergence value = 0.000246034 (threshold = 1e-08)
  Iteration 40 (of 40).   Current convergence value = 0.000238659 (threshold = 1e-08)
Current level = 4
  Iteration 1 (of 30).   Current convergence value = 0.00197446 (threshold = 1e-08)
  Iteration 2 (of 30).   Current convergence value = 0.00169318 (threshold = 1e-08)
  Iteration 3 (of 30).   Current convergence value = 0.00159063 (threshold = 1e-08)
  Iteration 4 (of 30).   Current convergence value = 0.00149343 (threshold = 1e-08)
  Iteration 5 (of 30).   Current convergence value = 0.00137599 (threshold = 1e-08)
  Iteration 6 (of 30).   Current convergence value = 0.00129876 (threshold = 1e-08)
  Iteration 7 (of 30).   Current convergence value = 0.00124159 (threshold = 1e-08)
  Iteration 8 (of 30).   Current convergence value = 0.00119894 (threshold = 1e-08)
  Iteration 9 (of 30).   Current convergence value = 0.00116749 (threshold = 1e-08)
  Iteration 10 (of 30).   Current convergence value = 0.00111999 (threshold = 1e-08)
  Iteration 11 (of 30).   Current convergence value = 0.00103904 (threshold = 1e-08)
  Iteration 12 (of 30).   Current convergence value = 0.000972903 (threshold = 1e-08)
  Iteration 13 (of 30).   Current convergence value = 0.000916607 (threshold = 1e-08)
  Iteration 14 (of 30).   Current convergence value = 0.000865913 (threshold = 1e-08)
  Iteration 15 (of 30).   Current convergence value = 0.000819481 (threshold = 1e-08)
  Iteration 16 (of 30).   Current convergence value = 0.000777221 (threshold = 1e-08)
  Iteration 17 (of 30).   Current convergence value = 0.000738034 (threshold = 1e-08)
  Iteration 18 (of 30).   Current convergence value = 0.000701558 (threshold = 1e-08)
  Iteration 19 (of 30).   Current convergence value = 0.000667793 (threshold = 1e-08)
  Iteration 20 (of 30).   Current convergence value = 0.000635821 (threshold = 1e-08)
  Iteration 21 (of 30).   Current convergence value = 0.000605795 (threshold = 1e-08)
  Iteration 22 (of 30).   Current convergence value = 0.000577697 (threshold = 1e-08)
  Iteration 23 (of 30).   Current convergence value = 0.000550896 (threshold = 1e-08)
  Iteration 24 (of 30).   Current convergence value = 0.000531347 (threshold = 1e-08)
  Iteration 25 (of 30).   Current convergence value = 0.000531 (threshold = 1e-08)
  Iteration 26 (of 30).   Current convergence value = 0.000523667 (threshold = 1e-08)
  Iteration 27 (of 30).   Current convergence value = 0.000514601 (threshold = 1e-08)
  Iteration 28 (of 30).   Current convergence value = 0.000502563 (threshold = 1e-08)
  Iteration 29 (of 30).   Current convergence value = 0.000489507 (threshold = 1e-08)
  Iteration 30 (of 30).   Current convergence value = 0.000476426 (threshold = 1e-08)
   N4BiasFieldCorrectionImageFilter (0x5640ce056e20)
     RTTI typeinfo:   itk::N4BiasFieldCorrectionImageFilter<itk::Image<float, 3u>, itk::Image<float, 3u>, itk::Image<float, 3u> >
     Reference Count: 1
     Modified Time: 565
     Debug: Off
     Object Name: 
     Observers: 
       IterationEvent(Command)
     Inputs: 
       ConfidenceImage: (0)
       MaskImage: (0x5640ce0815e0)
       Primary: (0x5640ce07cae0) *
     Indexed Inputs: 
       0: Primary (0x5640ce07cae0)
       1: MaskImage (0x5640ce0815e0)
       2: ConfidenceImage (0)
     Required Input Names: Primary
     NumberOfRequiredInputs: 1
     Outputs: 
       Primary: (0x5640ce066ef0)
     Indexed Outputs: 
       0: Primary (0x5640ce066ef0)
     NumberOfRequiredOutputs: 1
     Number Of Work Units: 32
     ReleaseDataFlag: Off
     ReleaseDataBeforeUpdateFlag: Off
     AbortGenerateData: Off
     Progress: 0
     Multithreader: 
       RTTI typeinfo:   itk::PoolMultiThreader
       Reference Count: 1
       Modified Time: 144
       Debug: Off
       Object Name: 
       Observers: 
         none
       Number of Work Units: 32
       Number of Threads: 8
       Global Maximum Number Of Threads: 128
       Global Default Number Of Threads: 8
       Global Default Threader Type: itk::MultiThreaderBaseEnums::Threader::Pool
       SingleMethod: 0
       SingleData: 0
     DynamicMultiThreading: On
     CoordinateTolerance: 1e-06
     DirectionTolerance: 1e-06
     Use Mask Label: 0
     Mask label: 1
     Number of histogram bins: 200
     Wiener filter noise: 0.01
     Bias field FWHM: 0.15
     Maximum number of iterations: [50, 50, 40, 30]
     Convergence threshold: 1e-08
     Spline order: 3
     Number of fitting levels: [4, 4, 4]
     Number of control points: [4, 5, 5]
     CurrentConvergenceMeasurement: 0.000476426
     CurrentLevel: 4
     ElapsedIterations: 31
     LogBiasFieldControlPointLattice: 
       Image (0x5640d90b7cd0)
         RTTI typeinfo:   itk::Image<itk::Vector<float, 1u>, 3u>
         Reference Count: 1
         Modified Time: 343560
         Debug: Off
         Object Name: 
         Observers: 
           none
         Source: (none)
         Source output name: (none)
         Release Data: Off
         Data Released: False
         Global Release Data: Off
         PipelineMTime: 0
         UpdateMTime: 0
         RealTimeStamp: 0 seconds 
         LargestPossibleRegion: 
           Dimension: 3
           Index: [0, 0, 0]
           Size: [11, 19, 19]
         BufferedRegion: 
           Dimension: 3
           Index: [0, 0, 0]
           Size: [11, 19, 19]
         RequestedRegion: 
           Dimension: 3
           Index: [0, 0, 0]
           Size: [11, 19, 19]
         Spacing: [24.75, 24.875, 24.875]
         Origin: [25.3383, 24.5082, -24.6457]
         Direction: 
-0.999853 -0.014134 -0.00966312
0.014129 -0.9999 0.000586045
-0.00967044 0.000449429 0.999953

         IndexToPointMatrix: 
-24.7464 -0.351583 -0.24037
0.349693 -24.8725 0.0145779
-0.239343 0.0111795 24.8738

         PointToIndexMatrix: 
-0.0403981 0.000570868 -0.000390725
-0.000568201 -0.040197 1.80675e-05
-0.000388467 2.35596e-05 0.0401991

         Inverse Direction: 
-0.999853 0.014129 -0.00967044
-0.014134 -0.9999 0.000449429
-0.00966312 0.000586045 0.999953

         PixelContainer: 
           ImportImageContainer (0x5640d90b50f0)
             RTTI typeinfo:   itk::ImportImageContainer<unsigned long, itk::Vector<float, 1u> >
             Reference Count: 1
             Modified Time: 343561
             Debug: Off
             Object Name: 
             Observers: 
               none
             Pointer: 0x5640d81f2030
             Container manages memory: true
             Size: 3971
             Capacity: 3971
Elapsed time: 268.002
All_Command_lines_OK
Using single precision for computations.
=============================================================================
The composite transform comprises the following transforms (in order): 
  1. Center of mass alignment using fixed image: /home/mpib/nemecz/Projects/miniTRK/Results/01_MRI/GroupTempl/T1w/T_template0.nii.gz and moving image: /home/mpib/nemecz/Projects/miniTRK/Analysis/01_MRI/Preproc/GroupTempl/T1w/sub-067534_T1w.nii.gz (type = Euler3DTransform)
=============================================================================
  number of levels = 4
  number of levels = 4
  number of levels = 4
  fixed image: /home/mpib/nemecz/Projects/miniTRK/Results/01_MRI/GroupTempl/T1w/T_template0.nii.gz
  moving image: /home/mpib/nemecz/Projects/miniTRK/Results/01_MRI/GroupTempl/T1w/T_template0sub-067534_T1wRepaired.nii.gz
  fixed image: /home/mpib/nemecz/Projects/miniTRK/Results/01_MRI/GroupTempl/T1w/T_template0.nii.gz
  moving image: /home/mpib/nemecz/Projects/miniTRK/Results/01_MRI/GroupTempl/T1w/T_template0sub-067534_T1wRepaired.nii.gz
  fixed image: /home/mpib/nemecz/Projects/miniTRK/Results/01_MRI/GroupTempl/T1w/T_template0.nii.gz
  moving image: /home/mpib/nemecz/Projects/miniTRK/Results/01_MRI/GroupTempl/T1w/T_template0sub-067534_T1wRepaired.nii.gz
Dimension = 3
Number of stages = 3
Use Histogram Matching true
Winsorize image intensities true
Lower quantile = 0.01
Upper quantile = 0.99
Stage 1 State
   Image metric = Mattes
     Fixed image = Image (0x55afb981cad0)
  RTTI typeinfo:   itk::Image<float, 3u>
  Reference Count: 2
  Modified Time: 1721
  Debug: Off
  Object Name: 
  Observers: 
    none
  Source: (none)
  Source output name: (none)
  Release Data: Off
  Data Released: False
  Global Release Data: Off
  PipelineMTime: 0
  UpdateMTime: 1506
  RealTimeStamp: 0 seconds 
  LargestPossibleRegion: 
    Dimension: 3
    Index: [0, 0, 0]
    Size: [192, 256, 256]
  BufferedRegion: 
    Dimension: 3
    Index: [0, 0, 0]
    Size: [192, 256, 256]
  RequestedRegion: 
    Dimension: 3
    Index: [0, 0, 0]
    Size: [192, 256, 256]
  Spacing: [1, 1, 1]
  Origin: [95.0313, 100.538, -154.123]
  Direction: 
-0.999853 -0.014134 -0.00966312
0.014129 -0.9999 0.000586045
-0.00967044 0.000449429 0.999953

  IndexToPointMatrix: 
-0.999853 -0.014134 -0.00966312
0.014129 -0.9999 0.000586045
-0.00967044 0.000449429 0.999953

  PointToIndexMatrix: 
-0.999853 0.014129 -0.00967044
-0.014134 -0.9999 0.000449429
-0.00966312 0.000586045 0.999953

  Inverse Direction: 
-0.999853 0.014129 -0.00967044
-0.014134 -0.9999 0.000449429
-0.00966312 0.000586045 0.999953

  PixelContainer: 
    ImportImageContainer (0x55afb9824c80)
      RTTI typeinfo:   itk::ImportImageContainer<unsigned long, float>
      Reference Count: 1
      Modified Time: 1503
      Debug: Off
      Object Name: 
      Observers: 
        none
      Pointer: 0x7f4693c16010
      Container manages memory: true
      Size: 12582912
      Capacity: 12582912

     Moving image = Image (0x55afb981db40)
  RTTI typeinfo:   itk::Image<float, 3u>
  Reference Count: 2
  Modified Time: 1722
  Debug: Off
  Object Name: 
  Observers: 
    none
  Source: (none)
  Source output name: (none)
  Release Data: Off
  Data Released: False
  Global Release Data: Off
  PipelineMTime: 0
  UpdateMTime: 1719
  RealTimeStamp: 0 seconds 
  LargestPossibleRegion: 
    Dimension: 3
    Index: [0, 0, 0]
    Size: [192, 256, 256]
  BufferedRegion: 
    Dimension: 3
    Index: [0, 0, 0]
    Size: [192, 256, 256]
  RequestedRegion: 
    Dimension: 3
    Index: [0, 0, 0]
    Size: [192, 256, 256]
  Spacing: [1, 1, 1]
  Origin: [95.0313, 100.538, -154.123]
  Direction: 
-0.999853 -0.014134 -0.00966312
0.014129 -0.9999 0.000586045
-0.00967044 0.000449429 0.999953

  IndexToPointMatrix: 
-0.999853 -0.014134 -0.00966312
0.014129 -0.9999 0.000586045
-0.00967044 0.000449429 0.999953

  PointToIndexMatrix: 
-0.999853 0.014129 -0.00967044
-0.014134 -0.9999 0.000449429
-0.00966312 0.000586045 0.999953

  Inverse Direction: 
-0.999853 0.014129 -0.00967044
-0.014134 -0.9999 0.000449429
-0.00966312 0.000586045 0.999953

  PixelContainer: 
    ImportImageContainer (0x55afb9691bf0)
      RTTI typeinfo:   itk::ImportImageContainer<unsigned long, float>
      Reference Count: 1
      Modified Time: 1716
      Debug: Off
      Object Name: 
      Observers: 
        none
      Pointer: 0x7f4690c15010
      Container manages memory: true
      Size: 12582912
      Capacity: 12582912

     Weighting = 1
     Sampling strategy = regular
     Number of bins = 32
     Radius = 4
     Sampling percentage  = 0.25
   Transform = Rigid
     Gradient step = 0.1
     Update field sigma (voxel space) = 0
     Total field sigma (voxel space) = 0
     Update field time sigma = 0
     Total field time sigma  = 0
     Number of time indices = 0
     Number of time point samples = 0
Stage 2 State
   Image metric = Mattes
     Fixed image = Image (0x55afb98358a0)
  RTTI typeinfo:   itk::Image<float, 3u>
  Reference Count: 2
  Modified Time: 2149
  Debug: Off
  Object Name: 
  Observers: 
    none
  Source: (none)
  Source output name: (none)
  Release Data: Off
  Data Released: False
  Global Release Data: Off
  PipelineMTime: 0
  UpdateMTime: 1934
  RealTimeStamp: 0 seconds 
  LargestPossibleRegion: 
    Dimension: 3
    Index: [0, 0, 0]
    Size: [192, 256, 256]
  BufferedRegion: 
    Dimension: 3
    Index: [0, 0, 0]
    Size: [192, 256, 256]
  RequestedRegion: 
    Dimension: 3
    Index: [0, 0, 0]
    Size: [192, 256, 256]
  Spacing: [1, 1, 1]
  Origin: [95.0313, 100.538, -154.123]
  Direction: 
-0.999853 -0.014134 -0.00966312
0.014129 -0.9999 0.000586045
-0.00967044 0.000449429 0.999953

  IndexToPointMatrix: 
-0.999853 -0.014134 -0.00966312
0.014129 -0.9999 0.000586045
-0.00967044 0.000449429 0.999953

  PointToIndexMatrix: 
-0.999853 0.014129 -0.00967044
-0.014134 -0.9999 0.000449429
-0.00966312 0.000586045 0.999953

  Inverse Direction: 
-0.999853 0.014129 -0.00967044
-0.014134 -0.9999 0.000449429
-0.00966312 0.000586045 0.999953

  PixelContainer: 
    ImportImageContainer (0x55afb9822d60)
      RTTI typeinfo:   itk::ImportImageContainer<unsigned long, float>
      Reference Count: 1
      Modified Time: 1931
      Debug: Off
      Object Name: 
      Observers: 
        none
      Pointer: 0x7f468dc14010
      Container manages memory: true
      Size: 12582912
      Capacity: 12582912

     Moving image = Image (0x55afb98354a0)
  RTTI typeinfo:   itk::Image<float, 3u>
  Reference Count: 2
  Modified Time: 2150
  Debug: Off
  Object Name: 
  Observers: 
    none
  Source: (none)
  Source output name: (none)
  Release Data: Off
  Data Released: False
  Global Release Data: Off
  PipelineMTime: 0
  UpdateMTime: 2147
  RealTimeStamp: 0 seconds 
  LargestPossibleRegion: 
    Dimension: 3
    Index: [0, 0, 0]
    Size: [192, 256, 256]
  BufferedRegion: 
    Dimension: 3
    Index: [0, 0, 0]
    Size: [192, 256, 256]
  RequestedRegion: 
    Dimension: 3
    Index: [0, 0, 0]
    Size: [192, 256, 256]
  Spacing: [1, 1, 1]
  Origin: [95.0313, 100.538, -154.123]
  Direction: 
-0.999853 -0.014134 -0.00966312
0.014129 -0.9999 0.000586045
-0.00967044 0.000449429 0.999953

  IndexToPointMatrix: 
-0.999853 -0.014134 -0.00966312
0.014129 -0.9999 0.000586045
-0.00967044 0.000449429 0.999953

  PointToIndexMatrix: 
-0.999853 0.014129 -0.00967044
-0.014134 -0.9999 0.000449429
-0.00966312 0.000586045 0.999953

  Inverse Direction: 
-0.999853 0.014129 -0.00967044
-0.014134 -0.9999 0.000449429
-0.00966312 0.000586045 0.999953

  PixelContainer: 
    ImportImageContainer (0x55afb983a7d0)
      RTTI typeinfo:   itk::ImportImageContainer<unsigned long, float>
      Reference Count: 1
      Modified Time: 2144
      Debug: Off
      Object Name: 
      Observers: 
        none
      Pointer: 0x7f468ac13010
      Container manages memory: true
      Size: 12582912
      Capacity: 12582912

     Weighting = 1
     Sampling strategy = regular
     Number of bins = 32
     Radius = 4
     Sampling percentage  = 0.25
   Transform = Affine
     Gradient step = 0.1
     Update field sigma (voxel space) = 0
     Total field sigma (voxel space) = 0
     Update field time sigma = 0
     Total field time sigma  = 0
     Number of time indices = 0
     Number of time point samples = 0
Stage 3 State
   Image metric = CC
     Fixed image = Image (0x55afb983c9f0)
  RTTI typeinfo:   itk::Image<float, 3u>
  Reference Count: 2
  Modified Time: 2577
  Debug: Off
  Object Name: 
  Observers: 
    none
  Source: (none)
  Source output name: (none)
  Release Data: Off
  Data Released: False
  Global Release Data: Off
  PipelineMTime: 0
  UpdateMTime: 2362
  RealTimeStamp: 0 seconds 
  LargestPossibleRegion: 
    Dimension: 3
    Index: [0, 0, 0]
    Size: [192, 256, 256]
  BufferedRegion: 
    Dimension: 3
    Index: [0, 0, 0]
    Size: [192, 256, 256]
  RequestedRegion: 
    Dimension: 3
    Index: [0, 0, 0]
    Size: [192, 256, 256]
  Spacing: [1, 1, 1]
  Origin: [95.0313, 100.538, -154.123]
  Direction: 
-0.999853 -0.014134 -0.00966312
0.014129 -0.9999 0.000586045
-0.00967044 0.000449429 0.999953

  IndexToPointMatrix: 
-0.999853 -0.014134 -0.00966312
0.014129 -0.9999 0.000586045
-0.00967044 0.000449429 0.999953

  PointToIndexMatrix: 
-0.999853 0.014129 -0.00967044
-0.014134 -0.9999 0.000449429
-0.00966312 0.000586045 0.999953

  Inverse Direction: 
-0.999853 0.014129 -0.00967044
-0.014134 -0.9999 0.000449429
-0.00966312 0.000586045 0.999953

  PixelContainer: 
    ImportImageContainer (0x55afb981d040)
      RTTI typeinfo:   itk::ImportImageContainer<unsigned long, float>
      Reference Count: 1
      Modified Time: 2359
      Debug: Off
      Object Name: 
      Observers: 
        none
      Pointer: 0x7f4687c12010
      Container manages memory: true
      Size: 12582912
      Capacity: 12582912

     Moving image = Image (0x55afb983e800)
  RTTI typeinfo:   itk::Image<float, 3u>
  Reference Count: 2
  Modified Time: 2578
  Debug: Off
  Object Name: 
  Observers: 
    none
  Source: (none)
  Source output name: (none)
  Release Data: Off
  Data Released: False
  Global Release Data: Off
  PipelineMTime: 0
  UpdateMTime: 2575
  RealTimeStamp: 0 seconds 
  LargestPossibleRegion: 
    Dimension: 3
    Index: [0, 0, 0]
    Size: [192, 256, 256]
  BufferedRegion: 
    Dimension: 3
    Index: [0, 0, 0]
    Size: [192, 256, 256]
  RequestedRegion: 
    Dimension: 3
    Index: [0, 0, 0]
    Size: [192, 256, 256]
  Spacing: [1, 1, 1]
  Origin: [95.0313, 100.538, -154.123]
  Direction: 
-0.999853 -0.014134 -0.00966312
0.014129 -0.9999 0.000586045
-0.00967044 0.000449429 0.999953

  IndexToPointMatrix: 
-0.999853 -0.014134 -0.00966312
0.014129 -0.9999 0.000586045
-0.00967044 0.000449429 0.999953

  PointToIndexMatrix: 
-0.999853 0.014129 -0.00967044
-0.014134 -0.9999 0.000449429
-0.00966312 0.000586045 0.999953

  Inverse Direction: 
-0.999853 0.014129 -0.00967044
-0.014134 -0.9999 0.000449429
-0.00966312 0.000586045 0.999953

  PixelContainer: 
    ImportImageContainer (0x55afb9834260)
      RTTI typeinfo:   itk::ImportImageContainer<unsigned long, float>
      Reference Count: 1
      Modified Time: 2572
      Debug: Off
      Object Name: 
      Observers: 
        none
      Pointer: 0x7f4684c11010
      Container manages memory: true
      Size: 12582912
      Capacity: 12582912

     Weighting = 1
     Sampling strategy = none
     Number of bins = 32
     Radius = 4
     Sampling percentage  = 1
   Transform = SyN
     Gradient step = 0.1
     Update field sigma (voxel space) = 3
     Total field sigma (voxel space) = 0
     Update field time sigma = 0
     Total field time sigma  = 0
     Number of time indices = 0
     Number of time point samples = 0
Registration using 3 total stages.

Stage 0
  iterations = 1000x500x250x0
  convergence threshold = 1e-06
  convergence window size = 10
  number of levels = 4
  using the Mattes MI metric (number of bins = 32, weight = 1)
  preprocessing:  winsorizing the image intensities
  preprocessing:  histogram matching the images
  Shrink factors (level 1 out of 4): [6, 6, 6]
  Shrink factors (level 2 out of 4): [4, 4, 4]
  Shrink factors (level 3 out of 4): [2, 2, 2]
  Shrink factors (level 4 out of 4): [1, 1, 1]
  smoothing sigmas per level: [4, 2, 1, 0]
  regular sampling (percentage = 0.25)

*** Running Euler3DTransform registration ***

DIAGNOSTIC,Iteration,metricValue,convergenceValue,ITERATION_TIME_INDEX,SINCE_LAST
 2DIAGNOSTIC,     1, -8.631373643875e-01, inf, 7.1170e-01, 7.1170e-01, 
 2DIAGNOSTIC,     2, -8.656544685364e-01, inf, 7.2159e-01, 9.8870e-03, 
 2DIAGNOSTIC,     3, -8.693375587463e-01, inf, 7.3040e-01, 8.8110e-03, 
 2DIAGNOSTIC,     4, -8.740607500076e-01, inf, 7.3935e-01, 8.9540e-03, 
 2DIAGNOSTIC,     5, -8.794113397598e-01, inf, 7.4868e-01, 9.3288e-03, 
 2DIAGNOSTIC,     6, -8.845654726028e-01, inf, 7.5785e-01, 9.1681e-03, 
 2DIAGNOSTIC,     7, -8.873187303543e-01, inf, 7.6713e-01, 9.2771e-03, 
 2DIAGNOSTIC,     8, -8.902208209038e-01, inf, 7.7636e-01, 9.2361e-03, 
 2DIAGNOSTIC,     9, -9.029216170311e-01, inf, 7.8992e-01, 1.3554e-02, 
 2DIAGNOSTIC,    10, -9.046567082405e-01, 3.089039353654e-03, 8.0087e-01, 1.0957e-02, 
 2DIAGNOSTIC,    11, -9.054234623909e-01, 2.819376066327e-03, 8.1004e-01, 9.1679e-03, 
 2DIAGNOSTIC,    12, -9.069613814354e-01, 2.456137444824e-03, 8.1809e-01, 8.0500e-03, 
 2DIAGNOSTIC,    13, -9.101098775864e-01, 2.094060182571e-03, 8.2707e-01, 8.9769e-03, 
 2DIAGNOSTIC,    14, -9.110851883888e-01, 1.717485836707e-03, 8.3501e-01, 7.9360e-03, 
 2DIAGNOSTIC,    15, -9.115407466888e-01, 1.356946537271e-03, 8.4294e-01, 7.9341e-03, 
 2DIAGNOSTIC,    16, -9.128922820091e-01, 1.051525003277e-03, 8.5166e-01, 8.7221e-03, 
 2DIAGNOSTIC,    17, -9.136031866074e-01, 7.518447819166e-04, 8.6169e-01, 1.0029e-02, 
 2DIAGNOSTIC,    18, -9.137310981750e-01, 4.635483783204e-04, 8.7049e-01, 8.8019e-03, 
 2DIAGNOSTIC,    19, -9.137584567070e-01, 3.756935766432e-04, 8.7927e-01, 8.7800e-03, 
 2DIAGNOSTIC,    20, -9.137403368950e-01, 2.899778482970e-04, 8.8817e-01, 8.9021e-03, 
 2DIAGNOSTIC,    21, -9.137071967125e-01, 1.965789851965e-04, 8.9681e-01, 8.6331e-03, 
 2DIAGNOSTIC,    22, -9.136213660240e-01, 1.132477482315e-04, 9.0556e-01, 8.7490e-03, 
 2DIAGNOSTIC,    23, -9.135997295380e-01, 6.976484291954e-05, 9.1328e-01, 7.7200e-03, 
 2DIAGNOSTIC,    24, -9.135498404503e-01, 3.591282074922e-05, 9.2191e-01, 8.6310e-03, 
 2DIAGNOSTIC,    25, -9.135625958443e-01, 7.126783657441e-06, 9.2964e-01, 7.7360e-03, 
DIAGNOSTIC,Iteration,metricValue,convergenceValue,ITERATION_TIME_INDEX,SINCE_LAST
 2DIAGNOSTIC,     1, -7.004410624504e-01, inf, 1.5458e+00, 6.1620e-01, 
 2DIAGNOSTIC,     2, -7.007991671562e-01, inf, 1.5758e+00, 2.9993e-02, 
 2DIAGNOSTIC,     3, -7.010630369186e-01, inf, 1.6057e+00, 2.9825e-02, 
 2DIAGNOSTIC,     4, -7.012999057770e-01, inf, 1.6352e+00, 2.9498e-02, 
 2DIAGNOSTIC,     5, -7.013881206512e-01, inf, 1.6689e+00, 3.3778e-02, 
 2DIAGNOSTIC,     6, -7.015046477318e-01, inf, 1.7183e+00, 4.9357e-02, 
 2DIAGNOSTIC,     7, -7.015383243561e-01, inf, 1.7488e+00, 3.0480e-02, 
 2DIAGNOSTIC,     8, -7.016500830650e-01, inf, 1.7792e+00, 3.0472e-02, 
 2DIAGNOSTIC,     9, -7.016813755035e-01, inf, 1.8147e+00, 3.5489e-02, 
 2DIAGNOSTIC,    10, -7.016788125038e-01, 1.065709802788e-04, 1.8490e+00, 3.4258e-02, 
 2DIAGNOSTIC,    11, -7.016649246216e-01, 6.918174040038e-05, 1.8831e+00, 3.4081e-02, 
 2DIAGNOSTIC,    12, -7.016675472260e-01, 4.413541682879e-05, 1.9170e+00, 3.3930e-02, 
 2DIAGNOSTIC,    13, -7.016498446465e-01, 2.667701301107e-05, 1.9514e+00, 3.4386e-02, 
 2DIAGNOSTIC,    14, -7.016285061836e-01, 1.571624306962e-05, 1.9858e+00, 3.4392e-02, 
 2DIAGNOSTIC,    15, -7.016339898109e-01, 7.502346306865e-06, 2.0198e+00, 3.4064e-02, 
 2DIAGNOSTIC,    16, -7.016257643700e-01, 2.575427743068e-06, 2.0587e+00, 3.8850e-02, 
DIAGNOSTIC,Iteration,metricValue,convergenceValue,ITERATION_TIME_INDEX,SINCE_LAST
 2DIAGNOSTIC,     1, -6.211912631989e-01, inf, 3.0501e+00, 9.9142e-01, 
 2DIAGNOSTIC,     2, -6.215763092041e-01, inf, 3.2686e+00, 2.1852e-01, 
 2DIAGNOSTIC,     3, -6.220858097076e-01, inf, 3.4868e+00, 2.1814e-01, 
 2DIAGNOSTIC,     4, -6.229692101479e-01, inf, 3.7054e+00, 2.1865e-01, 
 2DIAGNOSTIC,     5, -6.242529749870e-01, inf, 3.9534e+00, 2.4792e-01, 
 2DIAGNOSTIC,     6, -6.250040531158e-01, inf, 4.2600e+00, 3.0663e-01, 
 2DIAGNOSTIC,     7, -6.250366568565e-01, inf, 4.5132e+00, 2.5324e-01, 
 2DIAGNOSTIC,     8, -6.250529885292e-01, inf, 4.8279e+00, 3.1464e-01, 
 2DIAGNOSTIC,     9, -6.250568628311e-01, inf, 5.1653e+00, 3.3739e-01, 
 2DIAGNOSTIC,    10, -6.250564455986e-01, 4.624186549336e-04, 5.4148e+00, 2.4954e-01, 
 2DIAGNOSTIC,    11, -6.250558495522e-01, 3.308829618618e-04, 5.6924e+00, 2.7755e-01, 
 2DIAGNOSTIC,    12, -6.250562667847e-01, 2.070535410894e-04, 5.9412e+00, 2.4880e-01, 
 2DIAGNOSTIC,    13, -6.250562071800e-01, 1.017694085022e-04, 6.2753e+00, 3.3413e-01, 
 2DIAGNOSTIC,    14, -6.250559687614e-01, 3.036610542040e-05, 6.5224e+00, 2.4716e-01, 
 2DIAGNOSTIC,    15, -6.250554323196e-01, 4.252602593624e-06, 6.8592e+00, 3.3673e-01, 
 2DIAGNOSTIC,    16, -6.250556707382e-01, 2.573500751168e-06, 7.1093e+00, 2.5017e-01, 
 2DIAGNOSTIC,    17, -6.250554919243e-01, 1.894836373140e-06, 7.3586e+00, 2.4928e-01, 
 2DIAGNOSTIC,    18, -6.250556111336e-01, 1.702559188743e-06, 7.6092e+00, 2.5053e-01, 
 2DIAGNOSTIC,    19, -6.250555515289e-01, 1.628509721741e-06, 7.8572e+00, 2.4809e-01, 
 2DIAGNOSTIC,    20, -6.250557303429e-01, 1.561559315633e-06, 8.1064e+00, 2.4914e-01, 
 2DIAGNOSTIC,    21, -6.250556111336e-01, 1.487869894845e-06, 8.3564e+00, 2.5005e-01, 
 2DIAGNOSTIC,    22, -6.250550150871e-01, 1.419765226274e-06, 8.6062e+00, 2.4980e-01, 
 2DIAGNOSTIC,    23, -6.250551939011e-01, 1.362951934425e-06, 8.8534e+00, 2.4720e-01, 
 2DIAGNOSTIC,    24, -6.250551342964e-01, 1.307247543991e-06, 9.1079e+00, 2.5445e-01, 
 2DIAGNOSTIC,    25, -6.250551342964e-01, 1.247776708624e-06, 9.3934e+00, 2.8556e-01, 
 2DIAGNOSTIC,    26, -6.250550150871e-01, 1.197587039314e-06, 9.6168e+00, 2.2333e-01, 
 2DIAGNOSTIC,    27, -6.250551342964e-01, 1.152830463980e-06, 9.8952e+00, 2.7848e-01, 
 2DIAGNOSTIC,    28, -6.250550746918e-01, 1.114660562962e-06, 1.0146e+01, 2.5065e-01, 
 2DIAGNOSTIC,    29, -6.250549554825e-01, 1.078190848602e-06, 1.0397e+01, 2.5108e-01, 
 2DIAGNOSTIC,    30, -6.250548958778e-01, 1.047874320648e-06, 1.0649e+01, 2.5221e-01, 
 2DIAGNOSTIC,    31, -6.250548362732e-01, 1.018421471599e-06, 1.0899e+01, 2.4990e-01, 
DIAGNOSTIC,Iteration,metricValue,convergenceValue,ITERATION_TIME_INDEX,SINCE_LAST
 2DIAGNOSTIC,     1, -5.712522864342e-01, inf, 1.3400e+01, 2.5005e+00, 
  Elapsed time (stage 0): 1.4528e+01


Stage 1
  iterations = 1000x500x250x0
  convergence threshold = 1.0000e-06
  convergence window size = 10
  number of levels = 4
  using the Mattes MI metric (number of bins = 32, weight = 1.0000e+00)
  preprocessing:  winsorizing the image intensities
  preprocessing:  histogram matching the images
  Shrink factors (level 1 out of 4): [6, 6, 6]
  Shrink factors (level 2 out of 4): [4, 4, 4]
  Shrink factors (level 3 out of 4): [2, 2, 2]
  Shrink factors (level 4 out of 4): [1, 1, 1]
  smoothing sigmas per level: [4, 2, 1, 0]
  regular sampling (percentage = 2.5000e-01)

*** Running AffineTransform registration ***

DIAGNOSTIC,Iteration,metricValue,convergenceValue,ITERATION_TIME_INDEX,SINCE_LAST
 2DIAGNOSTIC,     1, -9.085959792137e-01, inf, 6.8638e-01, 6.8638e-01, 
 2DIAGNOSTIC,     2, -9.124734997749e-01, inf, 6.9771e-01, 1.1325e-02, 
 2DIAGNOSTIC,     3, -9.188432693481e-01, inf, 7.0997e-01, 1.2266e-02, 
 2DIAGNOSTIC,     4, -9.293102025986e-01, inf, 7.2141e-01, 1.1433e-02, 
 2DIAGNOSTIC,     5, -9.461566209793e-01, inf, 7.3228e-01, 1.0874e-02, 
 2DIAGNOSTIC,     6, -9.704774022102e-01, inf, 7.4290e-01, 1.0620e-02, 
 2DIAGNOSTIC,     7, -9.998842477798e-01, inf, 7.5429e-01, 1.1389e-02, 
 2DIAGNOSTIC,     8, -1.026905536652e+00, inf, 7.6666e-01, 1.2365e-02, 
 2DIAGNOSTIC,     9, -1.033706665039e+00, inf, 7.7638e-01, 9.7260e-03, 
 2DIAGNOSTIC,    10, -1.037327647209e+00, 1.020153518766e-02, 7.8995e-01, 1.3566e-02, 
 2DIAGNOSTIC,    11, -1.038533926010e+00, 9.158943779767e-03, 8.0098e-01, 1.1031e-02, 
 2DIAGNOSTIC,    12, -1.039283156395e+00, 7.586831692606e-03, 8.1250e-01, 1.1522e-02, 
 2DIAGNOSTIC,    13, -1.039502859116e+00, 5.729264114052e-03, 8.2415e-01, 1.1645e-02, 
 2DIAGNOSTIC,    14, -1.039603710175e+00, 3.851305460557e-03, 8.3538e-01, 1.1237e-02, 
 2DIAGNOSTIC,    15, -1.039739251137e+00, 2.210262231529e-03, 8.4710e-01, 1.1714e-02, 
 2DIAGNOSTIC,    16, -1.039830446243e+00, 1.009602332488e-03, 8.5904e-01, 1.1947e-02, 
 2DIAGNOSTIC,    17, -1.039954662323e+00, 3.476166166365e-04, 8.7299e-01, 1.3944e-02, 
 2DIAGNOSTIC,    18, -1.040092587471e+00, 1.568990846863e-04, 8.9054e-01, 1.7550e-02, 
 2DIAGNOSTIC,    19, -1.040098667145e+00, 7.307824125746e-05, 9.0274e-01, 1.2200e-02, 
 2DIAGNOSTIC,    20, -1.040117740631e+00, 4.253985389369e-05, 9.1392e-01, 1.1179e-02, 
 2DIAGNOSTIC,    21, -1.040134668350e+00, 2.742521246546e-05, 9.2627e-01, 1.2350e-02, 
 2DIAGNOSTIC,    22, -1.040138959885e+00, 2.090586713166e-05, 9.3787e-01, 1.1605e-02, 
 2DIAGNOSTIC,    23, -1.040141701698e+00, 1.585539030202e-05, 9.5107e-01, 1.3201e-02, 
 2DIAGNOSTIC,    24, -1.040145158768e+00, 1.109629465645e-05, 9.6418e-01, 1.3109e-02, 
 2DIAGNOSTIC,    25, -1.040144681931e+00, 7.342664957832e-06, 9.7599e-01, 1.1813e-02, 
 2DIAGNOSTIC,    26, -1.040147542953e+00, 4.312018063501e-06, 9.9207e-01, 1.6071e-02, 
 2DIAGNOSTIC,    27, -1.040147185326e+00, 2.471937932569e-06, 1.0046e+00, 1.2552e-02, 
 2DIAGNOSTIC,    28, -1.040146470070e+00, 2.023623665082e-06, 1.0176e+00, 1.2973e-02, 
 2DIAGNOSTIC,    29, -1.040147423744e+00, 1.591185423422e-06, 1.0296e+00, 1.1980e-02, 
 2DIAGNOSTIC,    30, -1.040147662163e+00, 1.320003093497e-06, 1.0439e+00, 1.4309e-02, 
 2DIAGNOSTIC,    31, -1.040147900581e+00, 1.198534278046e-06, 1.0579e+00, 1.4069e-02, 
 2DIAGNOSTIC,    32, -1.040147542953e+00, 1.104756847781e-06, 1.0686e+00, 1.0608e-02, 
 2DIAGNOSTIC,    33, -1.040146827698e+00, 1.025258256959e-06, 1.0797e+00, 1.1163e-02, 
DIAGNOSTIC,Iteration,metricValue,convergenceValue,ITERATION_TIME_INDEX,SINCE_LAST
 2DIAGNOSTIC,     1, -8.311349153519e-01, inf, 1.6900e+00, 6.1023e-01, 
 2DIAGNOSTIC,     2, -8.324545621872e-01, inf, 1.7250e+00, 3.4997e-02, 
 2DIAGNOSTIC,     3, -8.332135677338e-01, inf, 1.7581e+00, 3.3138e-02, 
 2DIAGNOSTIC,     4, -8.337253332138e-01, inf, 1.7908e+00, 3.2704e-02, 
 2DIAGNOSTIC,     5, -8.343881964684e-01, inf, 1.8354e+00, 4.4558e-02, 
 2DIAGNOSTIC,     6, -8.344388604164e-01, inf, 1.8719e+00, 3.6500e-02, 
 2DIAGNOSTIC,     7, -8.344476819038e-01, inf, 1.9163e+00, 4.4455e-02, 
 2DIAGNOSTIC,     8, -8.344442844391e-01, inf, 1.9562e+00, 3.9848e-02, 
 2DIAGNOSTIC,     9, -8.344438076019e-01, inf, 1.9943e+00, 3.8192e-02, 
 2DIAGNOSTIC,    10, -8.344420790672e-01, 2.164008183172e-04, 2.0272e+00, 3.2824e-02, 
 2DIAGNOSTIC,    11, -8.344450592995e-01, 1.143222689279e-04, 2.0681e+00, 4.0911e-02, 
 2DIAGNOSTIC,    12, -8.344499468803e-01, 5.675235661329e-05, 2.1006e+00, 3.2547e-02, 
 2DIAGNOSTIC,    13, -8.344404101372e-01, 2.265381954203e-05, 2.1372e+00, 3.6610e-02, 
 2DIAGNOSTIC,    14, -8.344467282295e-01, 3.771959882215e-06, 2.1707e+00, 3.3419e-02, 
 2DIAGNOSTIC,    15, -8.344462513924e-01, 2.285361688337e-06, 2.2101e+00, 3.9471e-02, 
 2DIAGNOSTIC,    16, -8.344530463219e-01, 2.184363438573e-06, 2.2437e+00, 3.3597e-02, 
 2DIAGNOSTIC,    17, -8.344539999962e-01, 2.271405946885e-06, 2.2776e+00, 3.3906e-02, 
 2DIAGNOSTIC,    18, -8.344675898552e-01, 2.508747911634e-06, 2.3121e+00, 3.4428e-02, 
 2DIAGNOSTIC,    19, -8.344869613647e-01, 2.988259893755e-06, 2.3502e+00, 3.8171e-02, 
 2DIAGNOSTIC,    20, -8.344975113869e-01, 3.437861778366e-06, 2.3831e+00, 3.2863e-02, 
 2DIAGNOSTIC,    21, -8.345052599907e-01, 3.844804723485e-06, 2.4181e+00, 3.5006e-02, 
 2DIAGNOSTIC,    22, -8.345383405685e-01, 4.592545337800e-06, 2.4567e+00, 3.8608e-02, 
 2DIAGNOSTIC,    23, -8.345428705215e-01, 4.890980108030e-06, 2.5051e+00, 4.8379e-02, 
 2DIAGNOSTIC,    24, -8.345686197281e-01, 5.292246896715e-06, 2.5391e+00, 3.3997e-02, 
 2DIAGNOSTIC,    25, -8.345741629601e-01, 5.352770131140e-06, 2.5771e+00, 3.8031e-02, 
 2DIAGNOSTIC,    26, -8.345674276352e-01, 5.030729880673e-06, 2.6108e+00, 3.3689e-02, 
 2DIAGNOSTIC,    27, -8.345541357994e-01, 4.219465154165e-06, 2.6446e+00, 3.3768e-02, 
 2DIAGNOSTIC,    28, -8.345586061478e-01, 3.396544116185e-06, 2.6861e+00, 4.1555e-02, 
 2DIAGNOSTIC,    29, -8.345624208450e-01, 2.683008233362e-06, 2.7247e+00, 3.8552e-02, 
 2DIAGNOSTIC,    30, -8.345651626587e-01, 2.015953896262e-06, 2.7678e+00, 4.3105e-02, 
 2DIAGNOSTIC,    31, -8.345702290535e-01, 1.439163384021e-06, 2.8060e+00, 3.8257e-02, 
 2DIAGNOSTIC,    32, -8.345724344254e-01, 1.239820335286e-06, 2.8403e+00, 3.4272e-02, 
 2DIAGNOSTIC,    33, -8.345741033554e-01, 1.085241251531e-06, 2.8792e+00, 3.8923e-02, 
 2DIAGNOSTIC,    34, -8.345765471458e-01, 1.205875037158e-06, 2.9181e+00, 3.8907e-02, 
 2DIAGNOSTIC,    35, -8.345781564713e-01, 1.363697833767e-06, 2.9621e+00, 4.3943e-02, 
 2DIAGNOSTIC,    36, -8.345787525177e-01, 1.415252427250e-06, 2.9964e+00, 3.4282e-02, 
 2DIAGNOSTIC,    37, -8.345801234245e-01, 1.303162548538e-06, 3.0396e+00, 4.3249e-02, 
 2DIAGNOSTIC,    38, -8.345808982849e-01, 1.201383838634e-06, 3.0744e+00, 3.4816e-02, 
 2DIAGNOSTIC,    39, -8.345722556114e-01, 1.027695361699e-06, 3.1143e+00, 3.9901e-02, 
DIAGNOSTIC,Iteration,metricValue,convergenceValue,ITERATION_TIME_INDEX,SINCE_LAST
 2DIAGNOSTIC,     1, -7.407328486443e-01, inf, 4.1722e+00, 1.0579e+00, 
 2DIAGNOSTIC,     2, -7.411362528801e-01, inf, 4.4346e+00, 2.6237e-01, 
 2DIAGNOSTIC,     3, -7.413593530655e-01, inf, 4.6954e+00, 2.6082e-01, 
 2DIAGNOSTIC,     4, -7.414374351501e-01, inf, 5.0453e+00, 3.4984e-01, 
 2DIAGNOSTIC,     5, -7.414491772652e-01, inf, 5.3322e+00, 2.8691e-01, 
 2DIAGNOSTIC,     6, -7.414497733116e-01, inf, 5.6240e+00, 2.9180e-01, 
 2DIAGNOSTIC,     7, -7.414491772652e-01, inf, 5.9084e+00, 2.8442e-01, 
 2DIAGNOSTIC,     8, -7.414483428001e-01, inf, 6.1654e+00, 2.5703e-01, 
 2DIAGNOSTIC,     9, -7.414482831955e-01, inf, 6.4887e+00, 3.2331e-01, 
 2DIAGNOSTIC,    10, -7.414503693581e-01, 4.374866693979e-05, 6.9060e+00, 4.1731e-01, 
 2DIAGNOSTIC,    11, -7.414502501488e-01, 1.685495772108e-05, 7.2578e+00, 3.5174e-01, 
 2DIAGNOSTIC,    12, -7.414501905441e-01, 5.910905201745e-06, 7.6079e+00, 3.5007e-01, 
 2DIAGNOSTIC,    13, -7.414503693581e-01, 2.880718739107e-06, 7.9002e+00, 2.9231e-01, 
 2DIAGNOSTIC,    14, -7.414502501488e-01, 2.369325329710e-06, 8.1938e+00, 2.9364e-01, 
 2DIAGNOSTIC,    15, -7.414501905441e-01, 2.214112782895e-06, 8.4852e+00, 2.9137e-01, 
 2DIAGNOSTIC,    16, -7.414502501488e-01, 2.085550249831e-06, 8.7737e+00, 2.8853e-01, 
 2DIAGNOSTIC,    17, -7.414502501488e-01, 1.950931164174e-06, 9.0649e+00, 2.9123e-01, 
 2DIAGNOSTIC,    18, -7.414503097534e-01, 1.807891635508e-06, 9.3534e+00, 2.8847e-01, 
 2DIAGNOSTIC,    19, -7.414501309395e-01, 1.670105802987e-06, 9.6423e+00, 2.8891e-01, 
 2DIAGNOSTIC,    20, -7.414501309395e-01, 1.586722305547e-06, 9.9387e+00, 2.9637e-01, 
 2DIAGNOSTIC,    21, -7.414501309395e-01, 1.509466756033e-06, 1.0226e+01, 2.8738e-01, 
 2DIAGNOSTIC,    22, -7.414503097534e-01, 1.441626409360e-06, 1.0515e+01, 2.8843e-01, 
 2DIAGNOSTIC,    23, -7.414504289627e-01, 1.385032987855e-06, 1.0804e+01, 2.8972e-01, 
 2DIAGNOSTIC,    24, -7.414503693581e-01, 1.330185227744e-06, 1.1099e+01, 2.9509e-01, 
 2DIAGNOSTIC,    25, -7.414504289627e-01, 1.279377102037e-06, 1.1402e+01, 3.0228e-01, 
 2DIAGNOSTIC,    26, -7.414503693581e-01, 1.231779151567e-06, 1.1757e+01, 3.5557e-01, 
 2DIAGNOSTIC,    27, -7.414503693581e-01, 1.186846816381e-06, 1.2046e+01, 2.8898e-01, 
 2DIAGNOSTIC,    28, -7.414504289627e-01, 1.145981741502e-06, 1.2334e+01, 2.8821e-01, 
 2DIAGNOSTIC,    29, -7.414503097534e-01, 1.103073032027e-06, 1.2621e+01, 2.8630e-01, 
 2DIAGNOSTIC,    30, -7.414503693581e-01, 1.063305944626e-06, 1.2912e+01, 2.9128e-01, 
 2DIAGNOSTIC,    31, -7.414503693581e-01, 1.025753249451e-06, 1.3174e+01, 2.6184e-01, 
DIAGNOSTIC,Iteration,metricValue,convergenceValue,ITERATION_TIME_INDEX,SINCE_LAST
 2DIAGNOSTIC,     1, -6.644377708435e-01, inf, 1.5932e+01, 2.7579e+00, 
  Elapsed time (stage 1): 1.7018e+01


Stage 2
  iterations = 100x100x70x20
  convergence threshold = 1.0000e-09
  convergence window size = 10
  number of levels = 4
  using the CC metric (radius = 4, weight = 1.0000e+00)
  preprocessing:  winsorizing the image intensities
  preprocessing:  histogram matching the images
  Shrink factors (level 1 out of 4): [6, 6, 6]
  Shrink factors (level 2 out of 4): [4, 4, 4]
  Shrink factors (level 3 out of 4): [2, 2, 2]
  Shrink factors (level 4 out of 4): [1, 1, 1]
  smoothing sigmas per level: [3, 2, 1, 0]
  Using default NONE metricSamplingStrategy 

*** Running SyN registration (varianceForUpdateField = 3.0000e+00, varianceForTotalField = 0.0000e+00) ***

XXDIAGNOSTIC,Iteration,metricValue,convergenceValue,ITERATION_TIME_INDEX,SINCE_LAST
 1DIAGNOSTIC,     1, -9.144763946533e-01, inf, 1.4296e+00, 1.4296e+00, 
 1DIAGNOSTIC,     2, -9.217828512192e-01, inf, 2.2274e+00, 7.9775e-01, 
 1DIAGNOSTIC,     3, -9.294635057449e-01, inf, 3.0177e+00, 7.9033e-01, 
 1DIAGNOSTIC,     4, -9.348397254944e-01, inf, 3.8379e+00, 8.2023e-01, 
 1DIAGNOSTIC,     5, -9.395654201508e-01, inf, 4.6593e+00, 8.2135e-01, 
 1DIAGNOSTIC,     6, -9.435502290726e-01, inf, 5.4737e+00, 8.1442e-01, 
 1DIAGNOSTIC,     7, -9.469246864319e-01, inf, 6.2901e+00, 8.1638e-01, 
 1DIAGNOSTIC,     8, -9.496945738792e-01, inf, 7.0993e+00, 8.0925e-01, 
 1DIAGNOSTIC,     9, -9.519175291061e-01, inf, 7.9093e+00, 8.0992e-01, 
 1DIAGNOSTIC,    10, -9.537692666054e-01, 2.611019182950e-03, 8.7322e+00, 8.2299e-01, 
 1DIAGNOSTIC,    11, -9.553178548813e-01, 1.982929185033e-03, 9.5598e+00, 8.2751e-01, 
 1DIAGNOSTIC,    12, -9.566170573235e-01, 1.496425596997e-03, 1.0347e+01, 7.8686e-01, 
 1DIAGNOSTIC,    13, -9.577202200890e-01, 1.152736251242e-03, 1.1126e+01, 7.7938e-01, 
 1DIAGNOSTIC,    14, -9.586546421051e-01, 8.885081042536e-04, 1.1920e+01, 7.9430e-01, 
 1DIAGNOSTIC,    15, -9.594569802284e-01, 6.886923802085e-04, 1.2745e+01, 8.2511e-01, 
 1DIAGNOSTIC,    16, -9.601480960846e-01, 5.380040383898e-04, 1.3545e+01, 7.9936e-01, 
 1DIAGNOSTIC,    17, -9.607464671135e-01, 4.252680519130e-04, 1.4363e+01, 8.1841e-01, 
 1DIAGNOSTIC,    18, -9.612681269646e-01, 3.403451701161e-04, 1.5181e+01, 8.1759e-01, 
 1DIAGNOSTIC,    19, -9.617289900780e-01, 2.749489503913e-04, 1.5973e+01, 7.9240e-01, 
 1DIAGNOSTIC,    20, -9.621329307556e-01, 2.241670008516e-04, 1.6769e+01, 7.9611e-01, 
 1DIAGNOSTIC,    21, -9.624912738800e-01, 1.844102662290e-04, 1.7591e+01, 8.2173e-01, 
 1DIAGNOSTIC,    22, -9.628100991249e-01, 1.529760484118e-04, 1.8405e+01, 8.1400e-01, 
 1DIAGNOSTIC,    23, -9.630961418152e-01, 1.279764110222e-04, 1.9234e+01, 8.2937e-01, 
 1DIAGNOSTIC,    24, -9.633539915085e-01, 1.078848727047e-04, 2.0029e+01, 7.9487e-01, 
 1DIAGNOSTIC,    25, -9.635863900185e-01, 9.162664355244e-05, 2.0865e+01, 8.3599e-01, 
 1DIAGNOSTIC,    26, -9.637972116470e-01, 7.836785516702e-05, 2.1692e+01, 8.2688e-01, 
 1DIAGNOSTIC,    27, -9.639897346497e-01, 6.747229053872e-05, 2.2511e+01, 8.1870e-01, 
 1DIAGNOSTIC,    28, -9.641634225845e-01, 5.842729297001e-05, 2.3298e+01, 7.8696e-01, 
 1DIAGNOSTIC,    29, -9.643250703812e-01, 5.092592255096e-05, 2.4122e+01, 8.2403e-01, 
 1DIAGNOSTIC,    30, -9.644765853882e-01, 4.467000690056e-05, 2.4937e+01, 8.1517e-01, 
 1DIAGNOSTIC,    31, -9.646136164665e-01, 3.939633097616e-05, 2.5737e+01, 7.9982e-01, 
 1DIAGNOSTIC,    32, -9.647403359413e-01, 3.491677489365e-05, 2.6525e+01, 7.8833e-01, 
 1DIAGNOSTIC,    33, -9.648579359055e-01, 3.109214230790e-05, 2.7335e+01, 8.1027e-01, 
 1DIAGNOSTIC,    34, -9.649671316147e-01, 2.780871182040e-05, 2.8143e+01, 8.0720e-01, 
 1DIAGNOSTIC,    35, -9.650670289993e-01, 2.495124135748e-05, 2.8972e+01, 8.2946e-01, 
 1DIAGNOSTIC,    36, -9.651617407799e-01, 2.246183976240e-05, 2.9775e+01, 8.0344e-01, 
 1DIAGNOSTIC,    37, -9.652536511421e-01, 2.031426811300e-05, 3.0580e+01, 8.0418e-01, 
 1DIAGNOSTIC,    38, -9.653367400169e-01, 1.841171797423e-05, 3.1406e+01, 8.2675e-01, 
 1DIAGNOSTIC,    39, -9.654109477997e-01, 1.670787787589e-05, 3.2210e+01, 8.0343e-01, 
 1DIAGNOSTIC,    40, -9.654809236526e-01, 1.520141904621e-05, 3.3002e+01, 7.9224e-01, 
 1DIAGNOSTIC,    41, -9.655493497849e-01, 1.386551957694e-05, 3.3799e+01, 7.9654e-01, 
 1DIAGNOSTIC,    42, -9.656137228012e-01, 1.267785319214e-05, 3.4591e+01, 7.9203e-01, 
 1DIAGNOSTIC,    43, -9.656748771667e-01, 1.162627813756e-05, 3.5418e+01, 8.2736e-01, 
 1DIAGNOSTIC,    44, -9.657319188118e-01, 1.069161407941e-05, 3.6225e+01, 8.0687e-01, 
 1DIAGNOSTIC,    45, -9.657860398293e-01, 9.849943126028e-06, 3.7024e+01, 7.9933e-01, 
 1DIAGNOSTIC,    46, -9.658373594284e-01, 9.100386705541e-06, 3.7830e+01, 8.0567e-01, 
 1DIAGNOSTIC,    47, -9.658859968185e-01, 8.454380804324e-06, 3.8608e+01, 7.7840e-01, 
 1DIAGNOSTIC,    48, -9.659314155579e-01, 7.875774826971e-06, 3.9399e+01, 7.9107e-01, 
 1DIAGNOSTIC,    49, -9.659749865532e-01, 7.334768724832e-06, 4.0210e+01, 8.1111e-01, 
 1DIAGNOSTIC,    50, -9.660160541534e-01, 6.825408490840e-06, 4.1017e+01, 8.0686e-01, 
 1DIAGNOSTIC,    51, -9.660551548004e-01, 6.360482075252e-06, 4.1804e+01, 7.8639e-01, 
 1DIAGNOSTIC,    52, -9.660919904709e-01, 5.933390184509e-06, 4.2627e+01, 8.2280e-01, 
 1DIAGNOSTIC,    53, -9.661274552345e-01, 5.546076863538e-06, 4.3456e+01, 8.2936e-01, 
 1DIAGNOSTIC,    54, -9.661607146263e-01, 5.188210707274e-06, 4.4237e+01, 7.8140e-01, 
 1DIAGNOSTIC,    55, -9.661924839020e-01, 4.859176897298e-06, 4.5052e+01, 8.1489e-01, 
 1DIAGNOSTIC,    56, -9.662230014801e-01, 4.558737145999e-06, 4.5880e+01, 8.2807e-01, 
 1DIAGNOSTIC,    57, -9.662525057793e-01, 4.286965577194e-06, 4.6698e+01, 8.1739e-01, 
 1DIAGNOSTIC,    58, -9.662809967995e-01, 4.039243322040e-06, 4.7500e+01, 8.0208e-01, 
 1DIAGNOSTIC,    59, -9.663085341454e-01, 3.817220203928e-06, 4.8300e+01, 8.0027e-01, 
 1DIAGNOSTIC,    60, -9.663265943527e-01, 3.575415121304e-06, 4.9099e+01, 7.9906e-01, 
 1DIAGNOSTIC,    61, -9.663502573967e-01, 3.350944325575e-06, 4.9933e+01, 8.3425e-01, 
 1DIAGNOSTIC,    62, -9.663726091385e-01, 3.140493163301e-06, 5.0699e+01, 7.6617e-01, 
 1DIAGNOSTIC,    63, -9.663919210434e-01, 2.937685167126e-06, 5.1484e+01, 7.8482e-01, 
 1DIAGNOSTIC,    64, -9.664123058319e-01, 2.752678483375e-06, 5.2297e+01, 8.1251e-01, 
 1DIAGNOSTIC,    65, -9.664319753647e-01, 2.588249572000e-06, 5.3124e+01, 8.2707e-01, 
 1DIAGNOSTIC,    66, -9.664505720139e-01, 2.444460733386e-06, 5.3925e+01, 8.0121e-01, 
 1DIAGNOSTIC,    67, -9.664666652679e-01, 2.314527591807e-06, 5.4716e+01, 7.9077e-01, 
 1DIAGNOSTIC,    68, -9.664838314056e-01, 2.207530087617e-06, 5.5531e+01, 8.1508e-01, 
 1DIAGNOSTIC,    69, -9.665002822876e-01, 2.123332933479e-06, 5.6318e+01, 7.8715e-01, 
 1DIAGNOSTIC,    70, -9.665160775185e-01, 2.022210082941e-06, 5.7117e+01, 7.9847e-01, 
 1DIAGNOSTIC,    71, -9.665311574936e-01, 1.932371105795e-06, 5.7914e+01, 7.9771e-01, 
 1DIAGNOSTIC,    72, -9.665457010269e-01, 1.852195282481e-06, 5.8721e+01, 8.0658e-01, 
 1DIAGNOSTIC,    73, -9.665593504906e-01, 1.770205585672e-06, 5.9527e+01, 8.0631e-01, 
 1DIAGNOSTIC,    74, -9.665701985359e-01, 1.684956600911e-06, 6.0325e+01, 7.9786e-01, 
 1DIAGNOSTIC,    75, -9.665831327438e-01, 1.608264938113e-06, 6.1122e+01, 7.9699e-01, 
 1DIAGNOSTIC,    76, -9.665956497192e-01, 1.539144363960e-06, 6.1918e+01, 7.9602e-01, 
 1DIAGNOSTIC,    77, -9.666072726250e-01, 1.468704340368e-06, 6.2731e+01, 8.1292e-01, 
 1DIAGNOSTIC,    78, -9.666189551353e-01, 1.406464662068e-06, 6.3529e+01, 7.9760e-01, 
 1DIAGNOSTIC,    79, -9.666301012039e-01, 1.351704099761e-06, 6.4345e+01, 8.1626e-01, 
 1DIAGNOSTIC,    80, -9.666405916214e-01, 1.302774421674e-06, 6.5150e+01, 8.0479e-01, 
 1DIAGNOSTIC,    81, -9.666508436203e-01, 1.258972588403e-06, 6.5947e+01, 7.9717e-01, 
 1DIAGNOSTIC,    82, -9.666605591774e-01, 1.219029968524e-06, 6.6737e+01, 7.8985e-01, 
 1DIAGNOSTIC,    83, -9.666697978973e-01, 1.180667140943e-06, 6.7566e+01, 8.2915e-01, 
 1DIAGNOSTIC,    84, -9.666792154312e-01, 1.136653509093e-06, 6.8342e+01, 7.7662e-01, 
 1DIAGNOSTIC,    85, -9.666881561279e-01, 1.095661446016e-06, 6.9154e+01, 8.1133e-01, 
 1DIAGNOSTIC,    86, -9.666967391968e-01, 1.057703912011e-06, 6.9951e+01, 7.9706e-01, 
 1DIAGNOSTIC,    87, -9.667049050331e-01, 1.020655417960e-06, 7.0746e+01, 7.9533e-01, 
 1DIAGNOSTIC,    88, -9.667130708694e-01, 9.871292832031e-07, 7.1574e+01, 8.2778e-01, 
 1DIAGNOSTIC,    89, -9.667203426361e-01, 9.543629175823e-07, 7.2399e+01, 8.2539e-01, 
 1DIAGNOSTIC,    90, -9.667279720306e-01, 9.235097877536e-07, 7.3201e+01, 8.0211e-01, 
 1DIAGNOSTIC,    91, -9.667353034019e-01, 8.947224614531e-07, 7.4005e+01, 8.0352e-01, 
 1DIAGNOSTIC,    92, -9.667426347733e-01, 8.680567589181e-07, 7.4828e+01, 8.2282e-01, 
 1DIAGNOSTIC,    93, -9.667460322380e-01, 8.310402108691e-07, 7.5621e+01, 7.9357e-01, 
 1DIAGNOSTIC,    94, -9.667526483536e-01, 7.977436666806e-07, 7.6420e+01, 7.9845e-01, 
 1DIAGNOSTIC,    95, -9.667589664459e-01, 7.675812980779e-07, 7.7234e+01, 8.1399e-01, 
 1DIAGNOSTIC,    96, -9.667650461197e-01, 7.406756594719e-07, 7.8030e+01, 7.9614e-01, 
 1DIAGNOSTIC,    97, -9.667707681656e-01, 7.165966735556e-07, 7.8864e+01, 8.3373e-01, 
 1DIAGNOSTIC,    98, -9.667761325836e-01, 6.960151495150e-07, 7.9686e+01, 8.2285e-01, 
 1DIAGNOSTIC,    99, -9.667816758156e-01, 6.778232091165e-07, 8.0481e+01, 7.9427e-01, 
 1DIAGNOSTIC,   100, -9.667835235596e-01, 6.529438110192e-07, 8.1299e+01, 8.1850e-01, 
XXDIAGNOSTIC,Iteration,metricValue,convergenceValue,ITERATION_TIME_INDEX,SINCE_LAST
 1DIAGNOSTIC,     1, -9.277417063713e-01, inf, 8.4553e+01, 3.2533e+00, 
 1DIAGNOSTIC,     2, -9.288393259048e-01, inf, 8.7157e+01, 2.6049e+00, 
 1DIAGNOSTIC,     3, -9.299581050873e-01, inf, 8.9750e+01, 2.5930e+00, 
 1DIAGNOSTIC,     4, -9.309799075127e-01, inf, 9.2343e+01, 2.5924e+00, 
 1DIAGNOSTIC,     5, -9.318175315857e-01, inf, 9.4935e+01, 2.5926e+00, 
 1DIAGNOSTIC,     6, -9.325894117355e-01, inf, 9.7527e+01, 2.5911e+00, 
 1DIAGNOSTIC,     7, -9.333021044731e-01, inf, 1.0012e+02, 2.5894e+00, 
 1DIAGNOSTIC,     8, -9.339587688446e-01, inf, 1.0271e+02, 2.5941e+00, 
 1DIAGNOSTIC,     9, -9.344761371613e-01, inf, 1.0531e+02, 2.6034e+00, 
 1DIAGNOSTIC,    10, -9.349950551987e-01, 4.972125752829e-04, 1.0791e+02, 2.5949e+00, 
 1DIAGNOSTIC,    11, -9.354251027107e-01, 4.063995438628e-04, 1.1052e+02, 2.6078e+00, 
 1DIAGNOSTIC,    12, -9.358808398247e-01, 3.335057117511e-04, 1.1313e+02, 2.6175e+00, 
 1DIAGNOSTIC,    13, -9.362354278564e-01, 2.760157512967e-04, 1.1573e+02, 2.5934e+00, 
 1DIAGNOSTIC,    14, -9.365672469139e-01, 2.310699346708e-04, 1.1834e+02, 2.6155e+00, 
 1DIAGNOSTIC,    15, -9.368729591370e-01, 1.942004309967e-04, 1.2094e+02, 2.5969e+00, 
 1DIAGNOSTIC,    16, -9.371496438980e-01, 1.640297996346e-04, 1.2353e+02, 2.5905e+00, 
 1DIAGNOSTIC,    17, -9.374084472656e-01, 1.396558509441e-04, 1.2614e+02, 2.6063e+00, 
 1DIAGNOSTIC,    18, -9.376540780067e-01, 1.203643987537e-04, 1.2874e+02, 2.6077e+00, 
 1DIAGNOSTIC,    19, -9.378792047501e-01, 1.038555710693e-04, 1.3135e+02, 2.6030e+00, 
 1DIAGNOSTIC,    20, -9.380896091461e-01, 9.048378706211e-05, 1.3395e+02, 2.6076e+00, 
 1DIAGNOSTIC,    21, -9.382803440094e-01, 7.896303577581e-05, 1.3657e+02, 2.6113e+00, 
 1DIAGNOSTIC,    22, -9.384636878967e-01, 7.000236655585e-05, 1.3917e+02, 2.6008e+00, 
 1DIAGNOSTIC,    23, -9.386312365532e-01, 6.222192314453e-05, 1.4178e+02, 2.6106e+00, 
 1DIAGNOSTIC,    24, -9.387915134430e-01, 5.554382005357e-05, 1.4439e+02, 2.6139e+00, 
 1DIAGNOSTIC,    25, -9.389420151711e-01, 4.979039294994e-05, 1.4698e+02, 2.5917e+00, 
 1DIAGNOSTIC,    26, -9.390885233879e-01, 4.480439019972e-05, 1.4958e+02, 2.5992e+00, 
 1DIAGNOSTIC,    27, -9.392197728157e-01, 4.041627107654e-05, 1.5218e+02, 2.5990e+00, 
 1DIAGNOSTIC,    28, -9.393504858017e-01, 3.667676355690e-05, 1.5478e+02, 2.6019e+00, 
 1DIAGNOSTIC,    29, -9.394708871841e-01, 3.341267802170e-05, 1.5738e+02, 2.5955e+00, 
 1DIAGNOSTIC,    30, -9.395875930786e-01, 3.058317452087e-05, 1.5998e+02, 2.6018e+00, 
 1DIAGNOSTIC,    31, -9.396953582764e-01, 2.802822382364e-05, 1.6257e+02, 2.5914e+00, 
 1DIAGNOSTIC,    32, -9.398006796837e-01, 2.578192470537e-05, 1.6518e+02, 2.6086e+00, 
 1DIAGNOSTIC,    33, -9.399031996727e-01, 2.377503551543e-05, 1.6779e+02, 2.6051e+00, 
 1DIAGNOSTIC,    34, -9.400004148483e-01, 2.199086884502e-05, 1.7039e+02, 2.6035e+00, 
 1DIAGNOSTIC,    35, -9.400911331177e-01, 2.037318881776e-05, 1.7299e+02, 2.5983e+00, 
 1DIAGNOSTIC,    36, -9.401771426201e-01, 1.893291482702e-05, 1.7559e+02, 2.6020e+00, 
 1DIAGNOSTIC,    37, -9.402607679367e-01, 1.759301267157e-05, 1.7818e+02, 2.5954e+00, 
 1DIAGNOSTIC,    38, -9.403436183929e-01, 1.641445851419e-05, 1.8079e+02, 2.6059e+00, 
 1DIAGNOSTIC,    39, -9.404278397560e-01, 1.538328797324e-05, 1.8340e+02, 2.6077e+00, 
 1DIAGNOSTIC,    40, -9.404984712601e-01, 1.441722452000e-05, 1.8599e+02, 2.5913e+00, 
 1DIAGNOSTIC,    41, -9.405653476715e-01, 1.347629768134e-05, 1.8860e+02, 2.6077e+00, 
 1DIAGNOSTIC,    42, -9.406258463860e-01, 1.255070674233e-05, 1.9121e+02, 2.6119e+00, 
 1DIAGNOSTIC,    43, -9.406902790070e-01, 1.170453106170e-05, 1.9381e+02, 2.5969e+00, 
 1DIAGNOSTIC,    44, -9.407511949539e-01, 1.092354705179e-05, 1.9643e+02, 2.6234e+00, 
 1DIAGNOSTIC,    45, -9.408089518547e-01, 1.019003047986e-05, 1.9904e+02, 2.6125e+00, 
 1DIAGNOSTIC,    46, -9.408632516861e-01, 9.496126040176e-06, 2.0163e+02, 2.5931e+00, 
 1DIAGNOSTIC,    47, -9.409215450287e-01, 8.894355232769e-06, 2.0424e+02, 2.6073e+00, 
 1DIAGNOSTIC,    48, -9.409778714180e-01, 8.396681550948e-06, 2.0686e+02, 2.6180e+00, 
 1DIAGNOSTIC,    49, -9.410305619240e-01, 8.014703780646e-06, 2.0946e+02, 2.5960e+00, 
 1DIAGNOSTIC,    50, -9.410810470581e-01, 7.667786121601e-06, 2.1205e+02, 2.5973e+00, 
 1DIAGNOSTIC,    51, -9.411265850067e-01, 7.321274551941e-06, 2.1467e+02, 2.6190e+00, 
 1DIAGNOSTIC,    52, -9.411748051643e-01, 6.971224593144e-06, 2.1727e+02, 2.5967e+00, 
 1DIAGNOSTIC,    53, -9.412162303925e-01, 6.620753538300e-06, 2.1988e+02, 2.6105e+00, 
 1DIAGNOSTIC,    54, -9.412575960159e-01, 6.272686732700e-06, 2.2250e+02, 2.6236e+00, 
 1DIAGNOSTIC,    55, -9.412962198257e-01, 5.916818736296e-06, 2.2511e+02, 2.6047e+00, 
 1DIAGNOSTIC,    56, -9.413363337517e-01, 5.565315404965e-06, 2.2771e+02, 2.5998e+00, 
 1DIAGNOSTIC,    57, -9.413769841194e-01, 5.265078016237e-06, 2.3031e+02, 2.6050e+00, 
 1DIAGNOSTIC,    58, -9.414123892784e-01, 4.995536528440e-06, 2.3292e+02, 2.6049e+00, 
 1DIAGNOSTIC,    59, -9.414441585541e-01, 4.736315077025e-06, 2.3552e+02, 2.6012e+00, 
 1DIAGNOSTIC,    60, -9.414753913879e-01, 4.490594619710e-06, 2.3812e+02, 2.6054e+00, 
 1DIAGNOSTIC,    61, -9.415085911751e-01, 4.257490672899e-06, 2.4072e+02, 2.5933e+00, 
 1DIAGNOSTIC,    62, -9.415407180786e-01, 4.059737875650e-06, 2.4333e+02, 2.6101e+00, 
 1DIAGNOSTIC,    63, -9.415677189827e-01, 3.851417659462e-06, 2.4594e+02, 2.6080e+00, 
 1DIAGNOSTIC,    64, -9.415975213051e-01, 3.661509936137e-06, 2.4852e+02, 2.5811e+00, 
 1DIAGNOSTIC,    65, -9.416284561157e-01, 3.492902578728e-06, 2.5112e+02, 2.6049e+00, 
 1DIAGNOSTIC,    66, -9.416540265083e-01, 3.336516329000e-06, 2.5372e+02, 2.6022e+00, 
 1DIAGNOSTIC,    67, -9.416800737381e-01, 3.207874442523e-06, 2.5632e+02, 2.5959e+00, 
 1DIAGNOSTIC,    68, -9.417065382004e-01, 3.092505266977e-06, 2.5893e+02, 2.6129e+00, 
 1DIAGNOSTIC,    69, -9.417309165001e-01, 2.970826926685e-06, 2.6152e+02, 2.5860e+00, 
 1DIAGNOSTIC,    70, -9.417555928230e-01, 2.849088787116e-06, 2.6412e+02, 2.5996e+00, 
 1DIAGNOSTIC,    71, -9.417769908905e-01, 2.729646212174e-06, 2.6672e+02, 2.5991e+00, 
 1DIAGNOSTIC,    72, -9.417961239815e-01, 2.607158194223e-06, 2.6931e+02, 2.5913e+00, 
 1DIAGNOSTIC,    73, -9.418181180954e-01, 2.479988552295e-06, 2.7192e+02, 2.6110e+00, 
 1DIAGNOSTIC,    74, -9.418383240700e-01, 2.360389999012e-06, 2.7452e+02, 2.5964e+00, 
 1DIAGNOSTIC,    75, -9.418577551842e-01, 2.258730319227e-06, 2.7711e+02, 2.5937e+00, 
 1DIAGNOSTIC,    76, -9.418738484383e-01, 2.146679207726e-06, 2.7971e+02, 2.6020e+00, 
 1DIAGNOSTIC,    77, -9.418973922729e-01, 2.063993406409e-06, 2.8232e+02, 2.6076e+00, 
 1DIAGNOSTIC,    78, -9.419157505035e-01, 1.995204229388e-06, 2.8491e+02, 2.5946e+00, 
 1DIAGNOSTIC,    79, -9.419333934784e-01, 1.933595513037e-06, 2.8752e+02, 2.6031e+00, 
 1DIAGNOSTIC,    80, -9.419505000114e-01, 1.882351739368e-06, 2.9013e+02, 2.6084e+00, 
 1DIAGNOSTIC,    81, -9.419653415680e-01, 1.823077809604e-06, 2.9272e+02, 2.5968e+00, 
 1DIAGNOSTIC,    82, -9.419836401939e-01, 1.763340378602e-06, 2.9533e+02, 2.6050e+00, 
 1DIAGNOSTIC,    83, -9.419996738434e-01, 1.708637455522e-06, 2.9793e+02, 2.6051e+00, 
 1DIAGNOSTIC,    84, -9.420151710510e-01, 1.654388029237e-06, 3.0051e+02, 2.5808e+00, 
 1DIAGNOSTIC,    85, -9.420297145844e-01, 1.598285962245e-06, 3.0310e+02, 2.5882e+00, 
 1DIAGNOSTIC,    86, -9.420433044434e-01, 1.527861968498e-06, 3.0571e+02, 2.6117e+00, 
 1DIAGNOSTIC,    87, -9.420593976974e-01, 1.483571054450e-06, 3.0832e+02, 2.6040e+00, 
 1DIAGNOSTIC,    88, -9.420700073242e-01, 1.430098109267e-06, 3.1092e+02, 2.6030e+00, 
 1DIAGNOSTIC,    89, -9.420838356018e-01, 1.380604885526e-06, 3.1352e+02, 2.5952e+00, 
 1DIAGNOSTIC,    90, -9.421014785767e-01, 1.349119088445e-06, 3.1611e+02, 2.5901e+00, 
 1DIAGNOSTIC,    91, -9.421138763428e-01, 1.310692937295e-06, 3.1872e+02, 2.6150e+00, 
 1DIAGNOSTIC,    92, -9.421248435974e-01, 1.275395675293e-06, 3.2133e+02, 2.6065e+00, 
 1DIAGNOSTIC,    93, -9.421372413635e-01, 1.242767780241e-06, 3.2391e+02, 2.5797e+00, 
 1DIAGNOSTIC,    94, -9.421480298042e-01, 1.207212449117e-06, 3.2651e+02, 2.5997e+00, 
 1DIAGNOSTIC,    95, -9.421574473381e-01, 1.163425054074e-06, 3.2910e+02, 2.5965e+00, 
 1DIAGNOSTIC,    96, -9.421664476395e-01, 1.110467110266e-06, 3.3170e+02, 2.5940e+00, 
 1DIAGNOSTIC,    97, -9.421781301498e-01, 1.069571339940e-06, 3.3430e+02, 2.5990e+00, 
 1DIAGNOSTIC,    98, -9.421910047531e-01, 1.029204213410e-06, 3.3691e+02, 2.6129e+00, 
 1DIAGNOSTIC,    99, -9.422013759613e-01, 9.938419225364e-07, 3.3951e+02, 2.6050e+00, 
 1DIAGNOSTIC,   100, -9.422124624252e-01, 9.804072078623e-07, 3.4210e+02, 2.5883e+00, 
XXDIAGNOSTIC,Iteration,metricValue,convergenceValue,ITERATION_TIME_INDEX,SINCE_LAST
 1DIAGNOSTIC,     1, -8.652989268303e-01, inf, 3.6432e+02, 2.2214e+01, 
 1DIAGNOSTIC,     2, -8.670824766159e-01, inf, 3.8548e+02, 2.1164e+01, 
 1DIAGNOSTIC,     3, -8.686680793762e-01, inf, 4.0673e+02, 2.1249e+01, 
 1DIAGNOSTIC,     4, -8.703302741051e-01, inf, 4.2783e+02, 2.1105e+01, 
 1DIAGNOSTIC,     5, -8.718798160553e-01, inf, 4.4887e+02, 2.1037e+01, 
 1DIAGNOSTIC,     6, -8.733945488930e-01, inf, 4.7004e+02, 2.1172e+01, 
 1DIAGNOSTIC,     7, -8.748442530632e-01, inf, 4.9108e+02, 2.1036e+01, 
 1DIAGNOSTIC,     8, -8.760558366776e-01, inf, 5.1220e+02, 2.1122e+01, 
 1DIAGNOSTIC,     9, -8.770892620087e-01, inf, 5.3322e+02, 2.1016e+01, 
 1DIAGNOSTIC,    10, -8.780202865601e-01, 9.483470930718e-04, 5.5415e+02, 2.0931e+01, 
 1DIAGNOSTIC,    11, -8.788617253304e-01, 7.986758719198e-04, 5.7529e+02, 2.1145e+01, 
 1DIAGNOSTIC,    12, -8.795489072800e-01, 6.689161527902e-04, 5.9662e+02, 2.1330e+01, 
 1DIAGNOSTIC,    13, -8.801762461662e-01, 5.537444958463e-04, 6.1790e+02, 2.1280e+01, 
 1DIAGNOSTIC,    14, -8.807455301285e-01, 4.563183756545e-04, 6.3894e+02, 2.1039e+01, 
 1DIAGNOSTIC,    15, -8.812663555145e-01, 3.747902810574e-04, 6.6017e+02, 2.1232e+01, 
 1DIAGNOSTIC,    16, -8.817467689514e-01, 3.092717088293e-04, 6.8138e+02, 2.1210e+01, 
 1DIAGNOSTIC,    17, -8.821892738342e-01, 2.589282521512e-04, 7.0248e+02, 2.1100e+01, 
 1DIAGNOSTIC,    18, -8.825928568840e-01, 2.192542015109e-04, 7.2382e+02, 2.1337e+01, 
 1DIAGNOSTIC,    19, -8.829732537270e-01, 1.874650333775e-04, 7.4498e+02, 2.1157e+01, 
 1DIAGNOSTIC,    20, -8.833227157593e-01, 1.620921684662e-04, 7.6603e+02, 2.1055e+01, 
 1DIAGNOSTIC,    21, -8.836501836777e-01, 1.420336338924e-04, 7.8697e+02, 2.0937e+01, 
 1DIAGNOSTIC,    22, -8.839464187622e-01, 1.249916822417e-04, 8.0811e+02, 2.1136e+01, 
 1DIAGNOSTIC,    23, -8.842241168022e-01, 1.104733019019e-04, 8.2925e+02, 2.1141e+01, 
 1DIAGNOSTIC,    24, -8.844819068909e-01, 9.796741505852e-05, 8.5034e+02, 2.1095e+01, 
 1DIAGNOSTIC,    25, -8.847314715385e-01, 8.724402141524e-05, 8.7155e+02, 2.1204e+01, 
 1DIAGNOSTIC,    26, -8.849682807922e-01, 7.807871588739e-05, 8.9288e+02, 2.1332e+01, 
 1DIAGNOSTIC,    27, -8.851847648621e-01, 7.015618029982e-05, 9.1379e+02, 2.0917e+01, 
 1DIAGNOSTIC,    28, -8.853878974915e-01, 6.321984255919e-05, 9.3491e+02, 2.1113e+01, 
 1DIAGNOSTIC,    29, -8.855798244476e-01, 5.720581248170e-05, 9.5604e+02, 2.1129e+01, 
 1DIAGNOSTIC,    30, -8.857595920563e-01, 5.191858872422e-05, 9.7713e+02, 2.1095e+01, 
 1DIAGNOSTIC,    31, -8.859302997589e-01, 4.728939529741e-05, 9.9825e+02, 2.1118e+01, 
 1DIAGNOSTIC,    32, -8.860902190208e-01, 4.311617885833e-05, 1.0194e+03, 2.1106e+01, 
 1DIAGNOSTIC,    33, -8.862459659576e-01, 3.939563612221e-05, 1.0403e+03, 2.0965e+01, 
 1DIAGNOSTIC,    34, -8.863939642906e-01, 3.605210076785e-05, 1.0615e+03, 2.1188e+01, 
 1DIAGNOSTIC,    35, -8.865315914154e-01, 3.309005478513e-05, 1.0825e+03, 2.0954e+01, 
 1DIAGNOSTIC,    36, -8.866624832153e-01, 3.049133192690e-05, 1.1035e+03, 2.1048e+01, 
 1DIAGNOSTIC,    37, -8.867840766907e-01, 2.812913953676e-05, 1.1246e+03, 2.1059e+01, 
 1DIAGNOSTIC,    38, -8.869014978409e-01, 2.598342507554e-05, 1.1458e+03, 2.1183e+01, 
 1DIAGNOSTIC,    39, -8.870105743408e-01, 2.401042911515e-05, 1.1670e+03, 2.1228e+01, 
 1DIAGNOSTIC,    40, -8.871161341667e-01, 2.219757698185e-05, 1.1881e+03, 2.1166e+01, 
 1DIAGNOSTIC,    41, -8.872139453888e-01, 2.051820956694e-05, 1.2094e+03, 2.1237e+01, 
 1DIAGNOSTIC,    42, -8.873113989830e-01, 1.898624759633e-05, 1.2306e+03, 2.1185e+01, 
 1DIAGNOSTIC,    43, -8.874017000198e-01, 1.760571467457e-05, 1.2518e+03, 2.1209e+01, 
 1DIAGNOSTIC,    44, -8.874907493591e-01, 1.639203765080e-05, 1.2727e+03, 2.0884e+01, 
 1DIAGNOSTIC,    45, -8.875728845596e-01, 1.528835673525e-05, 1.2936e+03, 2.0942e+01, 
 1DIAGNOSTIC,    46, -8.876526355743e-01, 1.429615349480e-05, 1.3147e+03, 2.1143e+01, 
 1DIAGNOSTIC,    47, -8.877278566360e-01, 1.337637058896e-05, 1.3357e+03, 2.0985e+01, 
 1DIAGNOSTIC,    48, -8.878018856049e-01, 1.254848029930e-05, 1.3570e+03, 2.1255e+01, 
 1DIAGNOSTIC,    49, -8.878740072250e-01, 1.179200262413e-05, 1.3779e+03, 2.0932e+01, 
 1DIAGNOSTIC,    50, -8.879431486130e-01, 1.110987432185e-05, 1.3992e+03, 2.1289e+01, 
 1DIAGNOSTIC,    51, -8.880066871643e-01, 1.045624867402e-05, 1.4202e+03, 2.1042e+01, 
 1DIAGNOSTIC,    52, -8.880649209023e-01, 9.837706784310e-06, 1.4413e+03, 2.1033e+01, 
 1DIAGNOSTIC,    53, -8.881282806396e-01, 9.279849109589e-06, 1.4623e+03, 2.1030e+01, 
 1DIAGNOSTIC,    54, -8.881855010986e-01, 8.769917258178e-06, 1.4835e+03, 2.1190e+01, 
 1DIAGNOSTIC,    55, -8.882408142090e-01, 8.287341188407e-06, 1.5045e+03, 2.1034e+01, 
 1DIAGNOSTIC,    56, -8.882951140404e-01, 7.843651474104e-06, 1.5257e+03, 2.1160e+01, 
 1DIAGNOSTIC,    57, -8.883469104767e-01, 7.425192507071e-06, 1.5467e+03, 2.1000e+01, 
 1DIAGNOSTIC,    58, -8.883961439133e-01, 7.036257102300e-06, 1.5679e+03, 2.1209e+01, 
 1DIAGNOSTIC,    59, -8.884466290474e-01, 6.697048320348e-06, 1.5889e+03, 2.1006e+01, 
 1DIAGNOSTIC,    60, -8.884940147400e-01, 6.394270712917e-06, 1.6102e+03, 2.1280e+01, 
 1DIAGNOSTIC,    61, -8.885410428047e-01, 6.114128154877e-06, 1.6314e+03, 2.1230e+01, 
 1DIAGNOSTIC,    62, -8.885846138000e-01, 5.825829703099e-06, 1.6525e+03, 2.1030e+01, 
 1DIAGNOSTIC,    63, -8.886221647263e-01, 5.544578016270e-06, 1.6736e+03, 2.1178e+01, 
 1DIAGNOSTIC,    64, -8.886634111404e-01, 5.276525371301e-06, 1.6946e+03, 2.1019e+01, 
 1DIAGNOSTIC,    65, -8.887019753456e-01, 5.014653197577e-06, 1.7157e+03, 2.1095e+01, 
 1DIAGNOSTIC,    66, -8.887401223183e-01, 4.769635324919e-06, 1.7369e+03, 2.1132e+01, 
 1DIAGNOSTIC,    67, -8.887792229652e-01, 4.550295216177e-06, 1.7578e+03, 2.0955e+01, 
 1DIAGNOSTIC,    68, -8.888182640076e-01, 4.357080342743e-06, 1.7789e+03, 2.1021e+01, 
 1DIAGNOSTIC,    69, -8.888525366783e-01, 4.184632416582e-06, 1.8001e+03, 2.1230e+01, 
 1DIAGNOSTIC,    70, -8.888885974884e-01, 4.036792233819e-06, 1.8211e+03, 2.1046e+01, 
XXDIAGNOSTIC,Iteration,metricValue,convergenceValue,ITERATION_TIME_INDEX,SINCE_LAST
 1DIAGNOSTIC,     1, -6.830638647079e-01, inf, 1.9928e+03, 1.7165e+02, 
 1DIAGNOSTIC,     2, -6.847031116486e-01, inf, 2.1631e+03, 1.7030e+02, 
 1DIAGNOSTIC,     3, -6.862657070160e-01, inf, 2.3312e+03, 1.6807e+02, 
 1DIAGNOSTIC,     4, -6.878163814545e-01, inf, 2.5001e+03, 1.6892e+02, 
 1DIAGNOSTIC,     5, -6.893026232719e-01, inf, 2.6683e+03, 1.6820e+02, 
 1DIAGNOSTIC,     6, -6.907293200493e-01, inf, 2.8365e+03, 1.6817e+02, 
 1DIAGNOSTIC,     7, -6.921294331551e-01, inf, 3.0062e+03, 1.6972e+02, 
 1DIAGNOSTIC,     8, -6.934679746628e-01, inf, 3.1768e+03, 1.7066e+02, 
 1DIAGNOSTIC,     9, -6.946753859520e-01, inf, 3.3456e+03, 1.6873e+02, 
 1DIAGNOSTIC,    10, -6.957522034645e-01, 1.185945351608e-03, 3.5143e+03, 1.6872e+02, 
 1DIAGNOSTIC,    11, -6.966555118561e-01, 1.021977048367e-03, 3.6844e+03, 1.7007e+02, 
 1DIAGNOSTIC,    12, -6.975450515747e-01, 8.798491326161e-04, 3.8542e+03, 1.6983e+02, 
 1DIAGNOSTIC,    13, -6.983053088188e-01, 7.529740105383e-04, 4.0235e+03, 1.6936e+02, 
 1DIAGNOSTIC,    14, -6.990100145340e-01, 6.415485404432e-04, 4.1932e+03, 1.6964e+02, 
 1DIAGNOSTIC,    15, -6.996705532074e-01, 5.448148585856e-04, 4.3626e+03, 1.6944e+02, 
 1DIAGNOSTIC,    16, -7.003002166748e-01, 4.625945584849e-04, 4.5332e+03, 1.7061e+02, 
 1DIAGNOSTIC,    17, -7.009056806564e-01, 3.954633430112e-04, 4.7041e+03, 1.7087e+02, 
 1DIAGNOSTIC,    18, -7.014878392220e-01, 3.426514158491e-04, 4.8735e+03, 1.6943e+02, 
 1DIAGNOSTIC,    19, -7.020540833473e-01, 3.016113187186e-04, 5.0425e+03, 1.6896e+02, 
 1DIAGNOSTIC,    20, -7.026121616364e-01, 2.699170727283e-04, 5.2121e+03, 1.6961e+02, 
  Elapsed time (stage 2): 5214


Total elapsed time: 5246
Using single precision for computations.
Input scalar image: /home/mpib/nemecz/Projects/miniTRK/Results/01_MRI/GroupTempl/T1w/T_template0sub-067534_T1wRepaired.nii.gz
Reference image: /home/mpib/nemecz/Projects/miniTRK/Results/01_MRI/GroupTempl/T1w/T_template0.nii.gz
=============================================================================
The composite transform comprises the following transforms (in order): 
  1. /home/mpib/nemecz/Projects/miniTRK/Results/01_MRI/GroupTempl/T1w/T_sub-067534_T1w00GenericAffine.mat (type = AffineTransform)
  2. /home/mpib/nemecz/Projects/miniTRK/Results/01_MRI/GroupTempl/T1w/T_sub-067534_T1w01Warp.nii.gz (type = DisplacementFieldTransform)
=============================================================================
Default pixel value: 0
Interpolation type: LinearInterpolateImageFunction
Output warped image: /home/mpib/nemecz/Projects/miniTRK/Results/01_MRI/GroupTempl/T1w/T_template0sub-067534_T1w0WarpedToTemplate.nii.gz
