
Running N4 for 3-dimensional images.

Mask not read.  Using the entire image as the mask.

Original intensity range:  [0, 858]

***********************************************************
Warning:  Your input image contains nonpositive values
which could cause failure or problematic results.  A
possible workaround would be to:
   1. rescale your image to positive values e.g., [10,100].
   2. run N4 on your rescaled image.
   3. (optional) rescale the N4 output to the original
      intensity range.
***********************************************************

Specified spline distance: 200mm
  original image size:  [192, 256, 256]
  padded image size:  [201, 401, 401]
  number of control points:  [4, 5, 5]

Current level = 1
  Iteration 1 (of 50).   Current convergence value = 0.000603367 (threshold = 1e-08)
  Iteration 2 (of 50).   Current convergence value = 0.000392286 (threshold = 1e-08)
  Iteration 3 (of 50).   Current convergence value = 0.000259229 (threshold = 1e-08)
  Iteration 4 (of 50).   Current convergence value = 0.000175741 (threshold = 1e-08)
  Iteration 5 (of 50).   Current convergence value = 0.000126781 (threshold = 1e-08)
  Iteration 6 (of 50).   Current convergence value = 0.000102595 (threshold = 1e-08)
  Iteration 7 (of 50).   Current convergence value = 9.38614e-05 (threshold = 1e-08)
  Iteration 8 (of 50).   Current convergence value = 9.2793e-05 (threshold = 1e-08)
  Iteration 9 (of 50).   Current convergence value = 9.45793e-05 (threshold = 1e-08)
  Iteration 10 (of 50).   Current convergence value = 9.67677e-05 (threshold = 1e-08)
  Iteration 11 (of 50).   Current convergence value = 9.86623e-05 (threshold = 1e-08)
  Iteration 12 (of 50).   Current convergence value = 9.99548e-05 (threshold = 1e-08)
  Iteration 13 (of 50).   Current convergence value = 0.000100678 (threshold = 1e-08)
  Iteration 14 (of 50).   Current convergence value = 0.000101098 (threshold = 1e-08)
  Iteration 15 (of 50).   Current convergence value = 0.000101165 (threshold = 1e-08)
  Iteration 16 (of 50).   Current convergence value = 0.000100925 (threshold = 1e-08)
  Iteration 17 (of 50).   Current convergence value = 0.000100459 (threshold = 1e-08)
  Iteration 18 (of 50).   Current convergence value = 9.97755e-05 (threshold = 1e-08)
  Iteration 19 (of 50).   Current convergence value = 9.92064e-05 (threshold = 1e-08)
  Iteration 20 (of 50).   Current convergence value = 9.84934e-05 (threshold = 1e-08)
  Iteration 21 (of 50).   Current convergence value = 9.77393e-05 (threshold = 1e-08)
  Iteration 22 (of 50).   Current convergence value = 9.69152e-05 (threshold = 1e-08)
  Iteration 23 (of 50).   Current convergence value = 9.61456e-05 (threshold = 1e-08)
  Iteration 24 (of 50).   Current convergence value = 9.52949e-05 (threshold = 1e-08)
  Iteration 25 (of 50).   Current convergence value = 9.46177e-05 (threshold = 1e-08)
  Iteration 26 (of 50).   Current convergence value = 9.38829e-05 (threshold = 1e-08)
  Iteration 27 (of 50).   Current convergence value = 9.31705e-05 (threshold = 1e-08)
  Iteration 28 (of 50).   Current convergence value = 9.25079e-05 (threshold = 1e-08)
  Iteration 29 (of 50).   Current convergence value = 9.17902e-05 (threshold = 1e-08)
  Iteration 30 (of 50).   Current convergence value = 9.11548e-05 (threshold = 1e-08)
  Iteration 31 (of 50).   Current convergence value = 9.04666e-05 (threshold = 1e-08)
  Iteration 32 (of 50).   Current convergence value = 8.871e-05 (threshold = 1e-08)
  Iteration 33 (of 50).   Current convergence value = 8.73266e-05 (threshold = 1e-08)
  Iteration 34 (of 50).   Current convergence value = 8.59479e-05 (threshold = 1e-08)
  Iteration 35 (of 50).   Current convergence value = 8.47246e-05 (threshold = 1e-08)
  Iteration 36 (of 50).   Current convergence value = 8.34563e-05 (threshold = 1e-08)
  Iteration 37 (of 50).   Current convergence value = 8.22431e-05 (threshold = 1e-08)
  Iteration 38 (of 50).   Current convergence value = 8.13541e-05 (threshold = 1e-08)
  Iteration 39 (of 50).   Current convergence value = 8.02833e-05 (threshold = 1e-08)
  Iteration 40 (of 50).   Current convergence value = 7.90909e-05 (threshold = 1e-08)
  Iteration 41 (of 50).   Current convergence value = 7.81409e-05 (threshold = 1e-08)
  Iteration 42 (of 50).   Current convergence value = 7.73106e-05 (threshold = 1e-08)
  Iteration 43 (of 50).   Current convergence value = 7.62489e-05 (threshold = 1e-08)
  Iteration 44 (of 50).   Current convergence value = 7.5344e-05 (threshold = 1e-08)
  Iteration 45 (of 50).   Current convergence value = 7.45316e-05 (threshold = 1e-08)
  Iteration 46 (of 50).   Current convergence value = 7.35393e-05 (threshold = 1e-08)
  Iteration 47 (of 50).   Current convergence value = 7.26322e-05 (threshold = 1e-08)
  Iteration 48 (of 50).   Current convergence value = 7.18595e-05 (threshold = 1e-08)
  Iteration 49 (of 50).   Current convergence value = 7.11543e-05 (threshold = 1e-08)
  Iteration 50 (of 50).   Current convergence value = 7.00899e-05 (threshold = 1e-08)
Current level = 2
  Iteration 1 (of 50).   Current convergence value = 0.000490681 (threshold = 1e-08)
  Iteration 2 (of 50).   Current convergence value = 0.000398231 (threshold = 1e-08)
  Iteration 3 (of 50).   Current convergence value = 0.000339872 (threshold = 1e-08)
  Iteration 4 (of 50).   Current convergence value = 0.000293245 (threshold = 1e-08)
  Iteration 5 (of 50).   Current convergence value = 0.00025424 (threshold = 1e-08)
  Iteration 6 (of 50).   Current convergence value = 0.000220597 (threshold = 1e-08)
  Iteration 7 (of 50).   Current convergence value = 0.000195871 (threshold = 1e-08)
  Iteration 8 (of 50).   Current convergence value = 0.000179913 (threshold = 1e-08)
  Iteration 9 (of 50).   Current convergence value = 0.000160901 (threshold = 1e-08)
  Iteration 10 (of 50).   Current convergence value = 0.000145263 (threshold = 1e-08)
  Iteration 11 (of 50).   Current convergence value = 0.000131869 (threshold = 1e-08)
  Iteration 12 (of 50).   Current convergence value = 0.000119923 (threshold = 1e-08)
  Iteration 13 (of 50).   Current convergence value = 0.000109822 (threshold = 1e-08)
  Iteration 14 (of 50).   Current convergence value = 0.000101257 (threshold = 1e-08)
  Iteration 15 (of 50).   Current convergence value = 9.46665e-05 (threshold = 1e-08)
  Iteration 16 (of 50).   Current convergence value = 9.32121e-05 (threshold = 1e-08)
  Iteration 17 (of 50).   Current convergence value = 9.25472e-05 (threshold = 1e-08)
  Iteration 18 (of 50).   Current convergence value = 9.22694e-05 (threshold = 1e-08)
  Iteration 19 (of 50).   Current convergence value = 9.23826e-05 (threshold = 1e-08)
  Iteration 20 (of 50).   Current convergence value = 9.26082e-05 (threshold = 1e-08)
  Iteration 21 (of 50).   Current convergence value = 9.28253e-05 (threshold = 1e-08)
  Iteration 22 (of 50).   Current convergence value = 9.3009e-05 (threshold = 1e-08)
  Iteration 23 (of 50).   Current convergence value = 9.30766e-05 (threshold = 1e-08)
  Iteration 24 (of 50).   Current convergence value = 9.29079e-05 (threshold = 1e-08)
  Iteration 25 (of 50).   Current convergence value = 9.28492e-05 (threshold = 1e-08)
  Iteration 26 (of 50).   Current convergence value = 9.25623e-05 (threshold = 1e-08)
  Iteration 27 (of 50).   Current convergence value = 9.23405e-05 (threshold = 1e-08)
  Iteration 28 (of 50).   Current convergence value = 9.19291e-05 (threshold = 1e-08)
  Iteration 29 (of 50).   Current convergence value = 9.12644e-05 (threshold = 1e-08)
  Iteration 30 (of 50).   Current convergence value = 9.09751e-05 (threshold = 1e-08)
  Iteration 31 (of 50).   Current convergence value = 9.0233e-05 (threshold = 1e-08)
  Iteration 32 (of 50).   Current convergence value = 8.96522e-05 (threshold = 1e-08)
  Iteration 33 (of 50).   Current convergence value = 8.912e-05 (threshold = 1e-08)
  Iteration 34 (of 50).   Current convergence value = 8.85651e-05 (threshold = 1e-08)
  Iteration 35 (of 50).   Current convergence value = 8.78581e-05 (threshold = 1e-08)
  Iteration 36 (of 50).   Current convergence value = 8.7267e-05 (threshold = 1e-08)
  Iteration 37 (of 50).   Current convergence value = 8.65885e-05 (threshold = 1e-08)
  Iteration 38 (of 50).   Current convergence value = 8.60489e-05 (threshold = 1e-08)
  Iteration 39 (of 50).   Current convergence value = 8.5161e-05 (threshold = 1e-08)
  Iteration 40 (of 50).   Current convergence value = 8.44045e-05 (threshold = 1e-08)
  Iteration 41 (of 50).   Current convergence value = 8.37755e-05 (threshold = 1e-08)
  Iteration 42 (of 50).   Current convergence value = 8.30914e-05 (threshold = 1e-08)
  Iteration 43 (of 50).   Current convergence value = 8.24354e-05 (threshold = 1e-08)
  Iteration 44 (of 50).   Current convergence value = 8.16778e-05 (threshold = 1e-08)
  Iteration 45 (of 50).   Current convergence value = 8.0808e-05 (threshold = 1e-08)
  Iteration 46 (of 50).   Current convergence value = 8.016e-05 (threshold = 1e-08)
  Iteration 47 (of 50).   Current convergence value = 7.94732e-05 (threshold = 1e-08)
  Iteration 48 (of 50).   Current convergence value = 7.87156e-05 (threshold = 1e-08)
  Iteration 49 (of 50).   Current convergence value = 7.79158e-05 (threshold = 1e-08)
  Iteration 50 (of 50).   Current convergence value = 7.73732e-05 (threshold = 1e-08)
Current level = 3
  Iteration 1 (of 40).   Current convergence value = 0.00163087 (threshold = 1e-08)
  Iteration 2 (of 40).   Current convergence value = 0.00121637 (threshold = 1e-08)
  Iteration 3 (of 40).   Current convergence value = 0.000978354 (threshold = 1e-08)
  Iteration 4 (of 40).   Current convergence value = 0.000819847 (threshold = 1e-08)
  Iteration 5 (of 40).   Current convergence value = 0.000708156 (threshold = 1e-08)
  Iteration 6 (of 40).   Current convergence value = 0.000628665 (threshold = 1e-08)
  Iteration 7 (of 40).   Current convergence value = 0.00057692 (threshold = 1e-08)
  Iteration 8 (of 40).   Current convergence value = 0.000537307 (threshold = 1e-08)
  Iteration 9 (of 40).   Current convergence value = 0.000503906 (threshold = 1e-08)
  Iteration 10 (of 40).   Current convergence value = 0.000477402 (threshold = 1e-08)
  Iteration 11 (of 40).   Current convergence value = 0.0004558 (threshold = 1e-08)
  Iteration 12 (of 40).   Current convergence value = 0.000436873 (threshold = 1e-08)
  Iteration 13 (of 40).   Current convergence value = 0.00042042 (threshold = 1e-08)
  Iteration 14 (of 40).   Current convergence value = 0.000406171 (threshold = 1e-08)
  Iteration 15 (of 40).   Current convergence value = 0.000393554 (threshold = 1e-08)
  Iteration 16 (of 40).   Current convergence value = 0.000382178 (threshold = 1e-08)
  Iteration 17 (of 40).   Current convergence value = 0.000372072 (threshold = 1e-08)
  Iteration 18 (of 40).   Current convergence value = 0.000362821 (threshold = 1e-08)
  Iteration 19 (of 40).   Current convergence value = 0.000354391 (threshold = 1e-08)
  Iteration 20 (of 40).   Current convergence value = 0.000346635 (threshold = 1e-08)
  Iteration 21 (of 40).   Current convergence value = 0.00033969 (threshold = 1e-08)
  Iteration 22 (of 40).   Current convergence value = 0.000333602 (threshold = 1e-08)
  Iteration 23 (of 40).   Current convergence value = 0.000327992 (threshold = 1e-08)
  Iteration 24 (of 40).   Current convergence value = 0.000322766 (threshold = 1e-08)
  Iteration 25 (of 40).   Current convergence value = 0.000317952 (threshold = 1e-08)
  Iteration 26 (of 40).   Current convergence value = 0.000313454 (threshold = 1e-08)
  Iteration 27 (of 40).   Current convergence value = 0.000309246 (threshold = 1e-08)
  Iteration 28 (of 40).   Current convergence value = 0.000305272 (threshold = 1e-08)
  Iteration 29 (of 40).   Current convergence value = 0.000301587 (threshold = 1e-08)
  Iteration 30 (of 40).   Current convergence value = 0.000298116 (threshold = 1e-08)
  Iteration 31 (of 40).   Current convergence value = 0.00029486 (threshold = 1e-08)
  Iteration 32 (of 40).   Current convergence value = 0.000291835 (threshold = 1e-08)
  Iteration 33 (of 40).   Current convergence value = 0.000289017 (threshold = 1e-08)
  Iteration 34 (of 40).   Current convergence value = 0.000286367 (threshold = 1e-08)
  Iteration 35 (of 40).   Current convergence value = 0.000283939 (threshold = 1e-08)
  Iteration 36 (of 40).   Current convergence value = 0.000278264 (threshold = 1e-08)
  Iteration 37 (of 40).   Current convergence value = 0.000269858 (threshold = 1e-08)
  Iteration 38 (of 40).   Current convergence value = 0.000262334 (threshold = 1e-08)
  Iteration 39 (of 40).   Current convergence value = 0.000255509 (threshold = 1e-08)
  Iteration 40 (of 40).   Current convergence value = 0.000248696 (threshold = 1e-08)
Current level = 4
  Iteration 1 (of 30).   Current convergence value = 0.00218906 (threshold = 1e-08)
  Iteration 2 (of 30).   Current convergence value = 0.00191072 (threshold = 1e-08)
  Iteration 3 (of 30).   Current convergence value = 0.00177759 (threshold = 1e-08)
  Iteration 4 (of 30).   Current convergence value = 0.00167647 (threshold = 1e-08)
  Iteration 5 (of 30).   Current convergence value = 0.00158796 (threshold = 1e-08)
  Iteration 6 (of 30).   Current convergence value = 0.00145317 (threshold = 1e-08)
  Iteration 7 (of 30).   Current convergence value = 0.00140384 (threshold = 1e-08)
  Iteration 8 (of 30).   Current convergence value = 0.0013051 (threshold = 1e-08)
  Iteration 9 (of 30).   Current convergence value = 0.00122445 (threshold = 1e-08)
  Iteration 10 (of 30).   Current convergence value = 0.00114601 (threshold = 1e-08)
  Iteration 11 (of 30).   Current convergence value = 0.00104433 (threshold = 1e-08)
  Iteration 12 (of 30).   Current convergence value = 0.000974868 (threshold = 1e-08)
  Iteration 13 (of 30).   Current convergence value = 0.00091813 (threshold = 1e-08)
  Iteration 14 (of 30).   Current convergence value = 0.000867309 (threshold = 1e-08)
  Iteration 15 (of 30).   Current convergence value = 0.000820778 (threshold = 1e-08)
  Iteration 16 (of 30).   Current convergence value = 0.000775086 (threshold = 1e-08)
  Iteration 17 (of 30).   Current convergence value = 0.000731949 (threshold = 1e-08)
  Iteration 18 (of 30).   Current convergence value = 0.000693393 (threshold = 1e-08)
  Iteration 19 (of 30).   Current convergence value = 0.000658419 (threshold = 1e-08)
  Iteration 20 (of 30).   Current convergence value = 0.000625857 (threshold = 1e-08)
  Iteration 21 (of 30).   Current convergence value = 0.000596083 (threshold = 1e-08)
  Iteration 22 (of 30).   Current convergence value = 0.000568813 (threshold = 1e-08)
  Iteration 23 (of 30).   Current convergence value = 0.000544215 (threshold = 1e-08)
  Iteration 24 (of 30).   Current convergence value = 0.000521451 (threshold = 1e-08)
  Iteration 25 (of 30).   Current convergence value = 0.000500399 (threshold = 1e-08)
  Iteration 26 (of 30).   Current convergence value = 0.000480854 (threshold = 1e-08)
  Iteration 27 (of 30).   Current convergence value = 0.000462962 (threshold = 1e-08)
  Iteration 28 (of 30).   Current convergence value = 0.00044646 (threshold = 1e-08)
  Iteration 29 (of 30).   Current convergence value = 0.000431407 (threshold = 1e-08)
  Iteration 30 (of 30).   Current convergence value = 0.000417552 (threshold = 1e-08)
   N4BiasFieldCorrectionImageFilter (0x55ca93f30e20)
     RTTI typeinfo:   itk::N4BiasFieldCorrectionImageFilter<itk::Image<float, 3u>, itk::Image<float, 3u>, itk::Image<float, 3u> >
     Reference Count: 1
     Modified Time: 565
     Debug: Off
     Object Name: 
     Observers: 
       IterationEvent(Command)
     Inputs: 
       ConfidenceImage: (0)
       MaskImage: (0x55ca93f5b620)
       Primary: (0x55ca93f56b70) *
     Indexed Inputs: 
       0: Primary (0x55ca93f56b70)
       1: MaskImage (0x55ca93f5b620)
       2: ConfidenceImage (0)
     Required Input Names: Primary
     NumberOfRequiredInputs: 1
     Outputs: 
       Primary: (0x55ca93f40ef0)
     Indexed Outputs: 
       0: Primary (0x55ca93f40ef0)
     NumberOfRequiredOutputs: 1
     Number Of Work Units: 32
     ReleaseDataFlag: Off
     ReleaseDataBeforeUpdateFlag: Off
     AbortGenerateData: Off
     Progress: 0
     Multithreader: 
       RTTI typeinfo:   itk::PoolMultiThreader
       Reference Count: 1
       Modified Time: 144
       Debug: Off
       Object Name: 
       Observers: 
         none
       Number of Work Units: 32
       Number of Threads: 8
       Global Maximum Number Of Threads: 128
       Global Default Number Of Threads: 8
       Global Default Threader Type: itk::MultiThreaderBaseEnums::Threader::Pool
       SingleMethod: 0
       SingleData: 0
     DynamicMultiThreading: On
     CoordinateTolerance: 1e-06
     DirectionTolerance: 1e-06
     Use Mask Label: 0
     Mask label: 1
     Number of histogram bins: 200
     Wiener filter noise: 0.01
     Bias field FWHM: 0.15
     Maximum number of iterations: [50, 50, 40, 30]
     Convergence threshold: 1e-08
     Spline order: 3
     Number of fitting levels: [4, 4, 4]
     Number of control points: [4, 5, 5]
     CurrentConvergenceMeasurement: 0.000417552
     CurrentLevel: 4
     ElapsedIterations: 31
     LogBiasFieldControlPointLattice: 
       Image (0x55caa0217550)
         RTTI typeinfo:   itk::Image<itk::Vector<float, 1u>, 3u>
         Reference Count: 1
         Modified Time: 343560
         Debug: Off
         Object Name: 
         Observers: 
           none
         Source: (none)
         Source output name: (none)
         Release Data: Off
         Data Released: False
         Global Release Data: Off
         PipelineMTime: 0
         UpdateMTime: 0
         RealTimeStamp: 0 seconds 
         LargestPossibleRegion: 
           Dimension: 3
           Index: [0, 0, 0]
           Size: [11, 19, 19]
         BufferedRegion: 
           Dimension: 3
           Index: [0, 0, 0]
           Size: [11, 19, 19]
         RequestedRegion: 
           Dimension: 3
           Index: [0, 0, 0]
           Size: [11, 19, 19]
         Spacing: [24.75, 24.875, 24.875]
         Origin: [27.7069, 22.1642, -24.314]
         Direction: 
-0.994236 -0.0191072 -0.105498
0.00900504 -0.995397 0.0954152
-0.106836 0.0939152 0.989831

         IndexToPointMatrix: 
-24.6073 -0.475292 -2.62426
0.222875 -24.7605 2.37345
-2.64418 2.33614 24.6221

         PointToIndexMatrix: 
-0.0401711 0.00036384 -0.00431659
-0.000768129 -0.040016 0.00377549
-0.00424113 0.00383579 0.0397922

         Inverse Direction: 
-0.994236 0.00900504 -0.106836
-0.0191072 -0.995397 0.0939152
-0.105498 0.0954152 0.989831

         PixelContainer: 
           ImportImageContainer (0x55ca9aa32600)
             RTTI typeinfo:   itk::ImportImageContainer<unsigned long, itk::Vector<float, 1u> >
             Reference Count: 1
             Modified Time: 343561
             Debug: Off
             Object Name: 
             Observers: 
               none
             Pointer: 0x55ca9e0cef70
             Container manages memory: true
             Size: 3971
             Capacity: 3971
Elapsed time: 267.815
All_Command_lines_OK
Using single precision for computations.
=============================================================================
The composite transform comprises the following transforms (in order): 
  1. Center of mass alignment using fixed image: /home/mpib/nemecz/Projects/miniTRK/Results/01_MRI/GroupTempl/T1w/T_template0.nii.gz and moving image: /home/mpib/nemecz/Projects/miniTRK/Analysis/01_MRI/Preproc/GroupTempl/T1w/sub-205693_T1w.nii.gz (type = Euler3DTransform)
=============================================================================
  number of levels = 4
  number of levels = 4
  number of levels = 4
  fixed image: /home/mpib/nemecz/Projects/miniTRK/Results/01_MRI/GroupTempl/T1w/T_template0.nii.gz
  moving image: /home/mpib/nemecz/Projects/miniTRK/Results/01_MRI/GroupTempl/T1w/T_template0sub-205693_T1wRepaired.nii.gz
  fixed image: /home/mpib/nemecz/Projects/miniTRK/Results/01_MRI/GroupTempl/T1w/T_template0.nii.gz
  moving image: /home/mpib/nemecz/Projects/miniTRK/Results/01_MRI/GroupTempl/T1w/T_template0sub-205693_T1wRepaired.nii.gz
  fixed image: /home/mpib/nemecz/Projects/miniTRK/Results/01_MRI/GroupTempl/T1w/T_template0.nii.gz
  moving image: /home/mpib/nemecz/Projects/miniTRK/Results/01_MRI/GroupTempl/T1w/T_template0sub-205693_T1wRepaired.nii.gz
Dimension = 3
Number of stages = 3
Use Histogram Matching true
Winsorize image intensities true
Lower quantile = 0.01
Upper quantile = 0.99
Stage 1 State
   Image metric = Mattes
     Fixed image = Image (0x55b4b4c4cad0)
  RTTI typeinfo:   itk::Image<float, 3u>
  Reference Count: 2
  Modified Time: 1721
  Debug: Off
  Object Name: 
  Observers: 
    none
  Source: (none)
  Source output name: (none)
  Release Data: Off
  Data Released: False
  Global Release Data: Off
  PipelineMTime: 0
  UpdateMTime: 1506
  RealTimeStamp: 0 seconds 
  LargestPossibleRegion: 
    Dimension: 3
    Index: [0, 0, 0]
    Size: [192, 256, 256]
  BufferedRegion: 
    Dimension: 3
    Index: [0, 0, 0]
    Size: [192, 256, 256]
  RequestedRegion: 
    Dimension: 3
    Index: [0, 0, 0]
    Size: [192, 256, 256]
  Spacing: [1, 1, 1]
  Origin: [95.0313, 100.538, -154.123]
  Direction: 
-0.999853 -0.014134 -0.00966312
0.014129 -0.9999 0.000586045
-0.00967044 0.000449429 0.999953

  IndexToPointMatrix: 
-0.999853 -0.014134 -0.00966312
0.014129 -0.9999 0.000586045
-0.00967044 0.000449429 0.999953

  PointToIndexMatrix: 
-0.999853 0.014129 -0.00967044
-0.014134 -0.9999 0.000449429
-0.00966312 0.000586045 0.999953

  Inverse Direction: 
-0.999853 0.014129 -0.00967044
-0.014134 -0.9999 0.000449429
-0.00966312 0.000586045 0.999953

  PixelContainer: 
    ImportImageContainer (0x55b4b4c54c80)
      RTTI typeinfo:   itk::ImportImageContainer<unsigned long, float>
      Reference Count: 1
      Modified Time: 1503
      Debug: Off
      Object Name: 
      Observers: 
        none
      Pointer: 0x7f5418816010
      Container manages memory: true
      Size: 12582912
      Capacity: 12582912

     Moving image = Image (0x55b4b4c4db40)
  RTTI typeinfo:   itk::Image<float, 3u>
  Reference Count: 2
  Modified Time: 1722
  Debug: Off
  Object Name: 
  Observers: 
    none
  Source: (none)
  Source output name: (none)
  Release Data: Off
  Data Released: False
  Global Release Data: Off
  PipelineMTime: 0
  UpdateMTime: 1719
  RealTimeStamp: 0 seconds 
  LargestPossibleRegion: 
    Dimension: 3
    Index: [0, 0, 0]
    Size: [192, 256, 256]
  BufferedRegion: 
    Dimension: 3
    Index: [0, 0, 0]
    Size: [192, 256, 256]
  RequestedRegion: 
    Dimension: 3
    Index: [0, 0, 0]
    Size: [192, 256, 256]
  Spacing: [1, 1, 1]
  Origin: [111.603, 84.6504, -151.519]
  Direction: 
-0.994236 -0.0191072 -0.105498
0.00900504 -0.995397 0.0954152
-0.106836 0.0939152 0.989831

  IndexToPointMatrix: 
-0.994236 -0.0191072 -0.105498
0.00900504 -0.995397 0.0954152
-0.106836 0.0939152 0.989831

  PointToIndexMatrix: 
-0.994236 0.00900503 -0.106836
-0.0191072 -0.995397 0.0939152
-0.105498 0.0954152 0.989831

  Inverse Direction: 
-0.994236 0.00900503 -0.106836
-0.0191072 -0.995397 0.0939152
-0.105498 0.0954152 0.989831

  PixelContainer: 
    ImportImageContainer (0x55b4b4c50610)
      RTTI typeinfo:   itk::ImportImageContainer<unsigned long, float>
      Reference Count: 1
      Modified Time: 1716
      Debug: Off
      Object Name: 
      Observers: 
        none
      Pointer: 0x7f5415815010
      Container manages memory: true
      Size: 12582912
      Capacity: 12582912

     Weighting = 1
     Sampling strategy = regular
     Number of bins = 32
     Radius = 4
     Sampling percentage  = 0.25
   Transform = Rigid
     Gradient step = 0.1
     Update field sigma (voxel space) = 0
     Total field sigma (voxel space) = 0
     Update field time sigma = 0
     Total field time sigma  = 0
     Number of time indices = 0
     Number of time point samples = 0
Stage 2 State
   Image metric = Mattes
     Fixed image = Image (0x55b4b4c658a0)
  RTTI typeinfo:   itk::Image<float, 3u>
  Reference Count: 2
  Modified Time: 2149
  Debug: Off
  Object Name: 
  Observers: 
    none
  Source: (none)
  Source output name: (none)
  Release Data: Off
  Data Released: False
  Global Release Data: Off
  PipelineMTime: 0
  UpdateMTime: 1934
  RealTimeStamp: 0 seconds 
  LargestPossibleRegion: 
    Dimension: 3
    Index: [0, 0, 0]
    Size: [192, 256, 256]
  BufferedRegion: 
    Dimension: 3
    Index: [0, 0, 0]
    Size: [192, 256, 256]
  RequestedRegion: 
    Dimension: 3
    Index: [0, 0, 0]
    Size: [192, 256, 256]
  Spacing: [1, 1, 1]
  Origin: [95.0313, 100.538, -154.123]
  Direction: 
-0.999853 -0.014134 -0.00966312
0.014129 -0.9999 0.000586045
-0.00967044 0.000449429 0.999953

  IndexToPointMatrix: 
-0.999853 -0.014134 -0.00966312
0.014129 -0.9999 0.000586045
-0.00967044 0.000449429 0.999953

  PointToIndexMatrix: 
-0.999853 0.014129 -0.00967044
-0.014134 -0.9999 0.000449429
-0.00966312 0.000586045 0.999953

  Inverse Direction: 
-0.999853 0.014129 -0.00967044
-0.014134 -0.9999 0.000449429
-0.00966312 0.000586045 0.999953

  PixelContainer: 
    ImportImageContainer (0x55b4b4c556a0)
      RTTI typeinfo:   itk::ImportImageContainer<unsigned long, float>
      Reference Count: 1
      Modified Time: 1931
      Debug: Off
      Object Name: 
      Observers: 
        none
      Pointer: 0x7f5412814010
      Container manages memory: true
      Size: 12582912
      Capacity: 12582912

     Moving image = Image (0x55b4b4c65510)
  RTTI typeinfo:   itk::Image<float, 3u>
  Reference Count: 2
  Modified Time: 2150
  Debug: Off
  Object Name: 
  Observers: 
    none
  Source: (none)
  Source output name: (none)
  Release Data: Off
  Data Released: False
  Global Release Data: Off
  PipelineMTime: 0
  UpdateMTime: 2147
  RealTimeStamp: 0 seconds 
  LargestPossibleRegion: 
    Dimension: 3
    Index: [0, 0, 0]
    Size: [192, 256, 256]
  BufferedRegion: 
    Dimension: 3
    Index: [0, 0, 0]
    Size: [192, 256, 256]
  RequestedRegion: 
    Dimension: 3
    Index: [0, 0, 0]
    Size: [192, 256, 256]
  Spacing: [1, 1, 1]
  Origin: [111.603, 84.6504, -151.519]
  Direction: 
-0.994236 -0.0191072 -0.105498
0.00900504 -0.995397 0.0954152
-0.106836 0.0939152 0.989831

  IndexToPointMatrix: 
-0.994236 -0.0191072 -0.105498
0.00900504 -0.995397 0.0954152
-0.106836 0.0939152 0.989831

  PointToIndexMatrix: 
-0.994236 0.00900503 -0.106836
-0.0191072 -0.995397 0.0939152
-0.105498 0.0954152 0.989831

  Inverse Direction: 
-0.994236 0.00900503 -0.106836
-0.0191072 -0.995397 0.0939152
-0.105498 0.0954152 0.989831

  PixelContainer: 
    ImportImageContainer (0x55b4b4c66bb0)
      RTTI typeinfo:   itk::ImportImageContainer<unsigned long, float>
      Reference Count: 1
      Modified Time: 2144
      Debug: Off
      Object Name: 
      Observers: 
        none
      Pointer: 0x7f540f813010
      Container manages memory: true
      Size: 12582912
      Capacity: 12582912

     Weighting = 1
     Sampling strategy = regular
     Number of bins = 32
     Radius = 4
     Sampling percentage  = 0.25
   Transform = Affine
     Gradient step = 0.1
     Update field sigma (voxel space) = 0
     Total field sigma (voxel space) = 0
     Update field time sigma = 0
     Total field time sigma  = 0
     Number of time indices = 0
     Number of time point samples = 0
Stage 3 State
   Image metric = CC
     Fixed image = Image (0x55b4b4c6c990)
  RTTI typeinfo:   itk::Image<float, 3u>
  Reference Count: 2
  Modified Time: 2577
  Debug: Off
  Object Name: 
  Observers: 
    none
  Source: (none)
  Source output name: (none)
  Release Data: Off
  Data Released: False
  Global Release Data: Off
  PipelineMTime: 0
  UpdateMTime: 2362
  RealTimeStamp: 0 seconds 
  LargestPossibleRegion: 
    Dimension: 3
    Index: [0, 0, 0]
    Size: [192, 256, 256]
  BufferedRegion: 
    Dimension: 3
    Index: [0, 0, 0]
    Size: [192, 256, 256]
  RequestedRegion: 
    Dimension: 3
    Index: [0, 0, 0]
    Size: [192, 256, 256]
  Spacing: [1, 1, 1]
  Origin: [95.0313, 100.538, -154.123]
  Direction: 
-0.999853 -0.014134 -0.00966312
0.014129 -0.9999 0.000586045
-0.00967044 0.000449429 0.999953

  IndexToPointMatrix: 
-0.999853 -0.014134 -0.00966312
0.014129 -0.9999 0.000586045
-0.00967044 0.000449429 0.999953

  PointToIndexMatrix: 
-0.999853 0.014129 -0.00967044
-0.014134 -0.9999 0.000449429
-0.00966312 0.000586045 0.999953

  Inverse Direction: 
-0.999853 0.014129 -0.00967044
-0.014134 -0.9999 0.000449429
-0.00966312 0.000586045 0.999953

  PixelContainer: 
    ImportImageContainer (0x55b4b4ac1bf0)
      RTTI typeinfo:   itk::ImportImageContainer<unsigned long, float>
      Reference Count: 1
      Modified Time: 2359
      Debug: Off
      Object Name: 
      Observers: 
        none
      Pointer: 0x7f540c812010
      Container manages memory: true
      Size: 12582912
      Capacity: 12582912

     Moving image = Image (0x55b4b4c642d0)
  RTTI typeinfo:   itk::Image<float, 3u>
  Reference Count: 2
  Modified Time: 2578
  Debug: Off
  Object Name: 
  Observers: 
    none
  Source: (none)
  Source output name: (none)
  Release Data: Off
  Data Released: False
  Global Release Data: Off
  PipelineMTime: 0
  UpdateMTime: 2575
  RealTimeStamp: 0 seconds 
  LargestPossibleRegion: 
    Dimension: 3
    Index: [0, 0, 0]
    Size: [192, 256, 256]
  BufferedRegion: 
    Dimension: 3
    Index: [0, 0, 0]
    Size: [192, 256, 256]
  RequestedRegion: 
    Dimension: 3
    Index: [0, 0, 0]
    Size: [192, 256, 256]
  Spacing: [1, 1, 1]
  Origin: [111.603, 84.6504, -151.519]
  Direction: 
-0.994236 -0.0191072 -0.105498
0.00900504 -0.995397 0.0954152
-0.106836 0.0939152 0.989831

  IndexToPointMatrix: 
-0.994236 -0.0191072 -0.105498
0.00900504 -0.995397 0.0954152
-0.106836 0.0939152 0.989831

  PointToIndexMatrix: 
-0.994236 0.00900503 -0.106836
-0.0191072 -0.995397 0.0939152
-0.105498 0.0954152 0.989831

  Inverse Direction: 
-0.994236 0.00900503 -0.106836
-0.0191072 -0.995397 0.0939152
-0.105498 0.0954152 0.989831

  PixelContainer: 
    ImportImageContainer (0x55b4b4c6b6b0)
      RTTI typeinfo:   itk::ImportImageContainer<unsigned long, float>
      Reference Count: 1
      Modified Time: 2572
      Debug: Off
      Object Name: 
      Observers: 
        none
      Pointer: 0x7f5409811010
      Container manages memory: true
      Size: 12582912
      Capacity: 12582912

     Weighting = 1
     Sampling strategy = none
     Number of bins = 32
     Radius = 4
     Sampling percentage  = 1
   Transform = SyN
     Gradient step = 0.1
     Update field sigma (voxel space) = 3
     Total field sigma (voxel space) = 0
     Update field time sigma = 0
     Total field time sigma  = 0
     Number of time indices = 0
     Number of time point samples = 0
Registration using 3 total stages.

Stage 0
  iterations = 1000x500x250x0
  convergence threshold = 1e-06
  convergence window size = 10
  number of levels = 4
  using the Mattes MI metric (number of bins = 32, weight = 1)
  preprocessing:  winsorizing the image intensities
  preprocessing:  histogram matching the images
  Shrink factors (level 1 out of 4): [6, 6, 6]
  Shrink factors (level 2 out of 4): [4, 4, 4]
  Shrink factors (level 3 out of 4): [2, 2, 2]
  Shrink factors (level 4 out of 4): [1, 1, 1]
  smoothing sigmas per level: [4, 2, 1, 0]
  regular sampling (percentage = 0.25)

*** Running Euler3DTransform registration ***

DIAGNOSTIC,Iteration,metricValue,convergenceValue,ITERATION_TIME_INDEX,SINCE_LAST
 2DIAGNOSTIC,     1, -8.143762350082e-01, inf, 5.5507e-01, 5.5507e-01, 
 2DIAGNOSTIC,     2, -8.163892030716e-01, inf, 5.6445e-01, 9.3820e-03, 
 2DIAGNOSTIC,     3, -8.194419145584e-01, inf, 5.7432e-01, 9.8729e-03, 
 2DIAGNOSTIC,     4, -8.238516449928e-01, inf, 5.8335e-01, 9.0230e-03, 
 2DIAGNOSTIC,     5, -8.290697932243e-01, inf, 5.9297e-01, 9.6259e-03, 
 2DIAGNOSTIC,     6, -8.337585926056e-01, inf, 6.0218e-01, 9.2039e-03, 
 2DIAGNOSTIC,     7, -8.377432227135e-01, inf, 6.1088e-01, 8.7030e-03, 
 2DIAGNOSTIC,     8, -8.437259197235e-01, inf, 6.1946e-01, 8.5812e-03, 
 2DIAGNOSTIC,     9, -8.514100313187e-01, inf, 6.2887e-01, 9.4111e-03, 
 2DIAGNOSTIC,    10, -8.568578958511e-01, 3.327218350023e-03, 6.4139e-01, 1.2513e-02, 
 2DIAGNOSTIC,    11, -8.607127070427e-01, 3.215806093067e-03, 6.4989e-01, 8.5042e-03, 
 2DIAGNOSTIC,    12, -8.633552789688e-01, 2.967712702230e-03, 6.5914e-01, 9.2499e-03, 
 2DIAGNOSTIC,    13, -8.662336468697e-01, 2.643659012392e-03, 6.6983e-01, 1.0689e-02, 
 2DIAGNOSTIC,    14, -8.710760474205e-01, 2.345547312871e-03, 6.8018e-01, 1.0355e-02, 
 2DIAGNOSTIC,    15, -8.727826476097e-01, 2.026074798778e-03, 6.8832e-01, 8.1339e-03, 
 2DIAGNOSTIC,    16, -8.735052347183e-01, 1.677086576819e-03, 6.9656e-01, 8.2459e-03, 
 2DIAGNOSTIC,    17, -8.735466003418e-01, 1.296289148740e-03, 7.0607e-01, 9.5079e-03, 
 2DIAGNOSTIC,    18, -8.741089105606e-01, 9.588708053343e-04, 7.1658e-01, 1.0505e-02, 
 2DIAGNOSTIC,    19, -8.744471669197e-01, 7.075457833707e-04, 7.2718e-01, 1.0606e-02, 
 2DIAGNOSTIC,    20, -8.745242357254e-01, 5.073349457234e-04, 7.3732e-01, 1.0142e-02, 
 2DIAGNOSTIC,    21, -8.745630383492e-01, 3.419127897359e-04, 7.4714e-01, 9.8171e-03, 
 2DIAGNOSTIC,    22, -8.745695352554e-01, 2.002982364502e-04, 7.5644e-01, 9.2971e-03, 
 2DIAGNOSTIC,    23, -8.745809793472e-01, 9.281598613597e-05, 7.6491e-01, 8.4760e-03, 
 2DIAGNOSTIC,    24, -8.745574951172e-01, 5.199162842473e-05, 7.7424e-01, 9.3219e-03, 
 2DIAGNOSTIC,    25, -8.744270205498e-01, 3.051099338336e-05, 7.8240e-01, 8.1601e-03, 
 2DIAGNOSTIC,    26, -8.744426369667e-01, 1.756478013704e-05, 7.9146e-01, 9.0680e-03, 
 2DIAGNOSTIC,    27, -8.744179606438e-01, 4.100083060621e-06, 8.0068e-01, 9.2130e-03, 
DIAGNOSTIC,Iteration,metricValue,convergenceValue,ITERATION_TIME_INDEX,SINCE_LAST
 2DIAGNOSTIC,     1, -6.740844845772e-01, inf, 1.2967e+00, 4.9607e-01, 
 2DIAGNOSTIC,     2, -6.749449968338e-01, inf, 1.3283e+00, 3.1577e-02, 
 2DIAGNOSTIC,     3, -6.759987473488e-01, inf, 1.3605e+00, 3.2211e-02, 
 2DIAGNOSTIC,     4, -6.769865155220e-01, inf, 1.3925e+00, 3.1930e-02, 
 2DIAGNOSTIC,     5, -6.773060560226e-01, inf, 1.4230e+00, 3.0509e-02, 
 2DIAGNOSTIC,     6, -6.776475310326e-01, inf, 1.4705e+00, 4.7481e-02, 
 2DIAGNOSTIC,     7, -6.778205037117e-01, inf, 1.5012e+00, 3.0784e-02, 
 2DIAGNOSTIC,     8, -6.780445575714e-01, inf, 1.5359e+00, 3.4675e-02, 
 2DIAGNOSTIC,     9, -6.780637502670e-01, inf, 1.5663e+00, 3.0367e-02, 
 2DIAGNOSTIC,    10, -6.782041788101e-01, 3.695741179399e-04, 1.6013e+00, 3.5050e-02, 
 2DIAGNOSTIC,    11, -6.782636642456e-01, 2.461780968588e-04, 1.6363e+00, 3.4971e-02, 
 2DIAGNOSTIC,    12, -6.782742738724e-01, 1.514170580776e-04, 1.6712e+00, 3.4875e-02, 
 2DIAGNOSTIC,    13, -6.783305406570e-01, 9.299191879109e-05, 1.7231e+00, 5.1939e-02, 
 2DIAGNOSTIC,    14, -6.783292293549e-01, 6.413703522412e-05, 1.7581e+00, 3.5021e-02, 
 2DIAGNOSTIC,    15, -6.783262491226e-01, 4.217955211061e-05, 1.7894e+00, 3.1261e-02, 
 2DIAGNOSTIC,    16, -6.783255338669e-01, 2.816626147251e-05, 1.8243e+00, 3.4934e-02, 
 2DIAGNOSTIC,    17, -6.783254146576e-01, 1.754713412083e-05, 1.8592e+00, 3.4866e-02, 
 2DIAGNOSTIC,    18, -6.783199310303e-01, 1.178015281766e-05, 1.8946e+00, 3.5388e-02, 
 2DIAGNOSTIC,    19, -6.783283352852e-01, 6.232478426682e-06, 1.9301e+00, 3.5558e-02, 
 2DIAGNOSTIC,    20, -6.783185601234e-01, 3.537680640875e-06, 1.9653e+00, 3.5159e-02, 
 2DIAGNOSTIC,    21, -6.783218383789e-01, 2.185397079302e-06, 2.0003e+00, 3.5035e-02, 
DIAGNOSTIC,Iteration,metricValue,convergenceValue,ITERATION_TIME_INDEX,SINCE_LAST
 2DIAGNOSTIC,     1, -6.037173867226e-01, inf, 2.8918e+00, 8.9142e-01, 
 2DIAGNOSTIC,     2, -6.040225625038e-01, inf, 3.1190e+00, 2.2727e-01, 
 2DIAGNOSTIC,     3, -6.042048931122e-01, inf, 3.3476e+00, 2.2853e-01, 
 2DIAGNOSTIC,     4, -6.043813824654e-01, inf, 3.5759e+00, 2.2830e-01, 
 2DIAGNOSTIC,     5, -6.047711372375e-01, inf, 3.8667e+00, 2.9081e-01, 
 2DIAGNOSTIC,     6, -6.052959561348e-01, inf, 4.1584e+00, 2.9175e-01, 
 2DIAGNOSTIC,     7, -6.055237054825e-01, inf, 4.3855e+00, 2.2707e-01, 
 2DIAGNOSTIC,     8, -6.056216955185e-01, inf, 4.7081e+00, 3.2262e-01, 
 2DIAGNOSTIC,     9, -6.056264638901e-01, inf, 4.9981e+00, 2.9004e-01, 
 2DIAGNOSTIC,    10, -6.056250929832e-01, 2.345253888052e-04, 5.2568e+00, 2.5870e-01, 
 2DIAGNOSTIC,    11, -6.056224703789e-01, 1.801185862860e-04, 5.5479e+00, 2.9110e-01, 
 2DIAGNOSTIC,    12, -6.056221127510e-01, 1.307233033003e-04, 5.8072e+00, 2.5921e-01, 
 2DIAGNOSTIC,    13, -6.056218743324e-01, 8.415473712375e-05, 6.0966e+00, 2.8947e-01, 
 2DIAGNOSTIC,    14, -6.056213974953e-01, 4.267485928722e-05, 6.3870e+00, 2.9037e-01, 
 2DIAGNOSTIC,    15, -6.056210398674e-01, 1.489994883741e-05, 6.6457e+00, 2.5868e-01, 
 2DIAGNOSTIC,    16, -6.056205630302e-01, 4.665623691835e-06, 6.9362e+00, 2.9052e-01, 
 2DIAGNOSTIC,    17, -6.056206226349e-01, 1.606936734788e-06, 7.1962e+00, 2.6003e-01, 
 2DIAGNOSTIC,    18, -6.056205034256e-01, 1.460975227019e-06, 7.4557e+00, 2.5947e-01, 
 2DIAGNOSTIC,    19, -6.056197881699e-01, 1.459261852688e-06, 7.7155e+00, 2.5984e-01, 
 2DIAGNOSTIC,    20, -6.056201457977e-01, 1.456270865674e-06, 7.9750e+00, 2.5947e-01, 
 2DIAGNOSTIC,    21, -6.056200861931e-01, 1.405916123076e-06, 8.2355e+00, 2.6049e-01, 
 2DIAGNOSTIC,    22, -6.056203246117e-01, 1.367646291328e-06, 8.4944e+00, 2.5891e-01, 
 2DIAGNOSTIC,    23, -6.056201457977e-01, 1.331674752691e-06, 8.7852e+00, 2.9081e-01, 
 2DIAGNOSTIC,    24, -6.056202650070e-01, 1.297052222071e-06, 9.0438e+00, 2.5864e-01, 
 2DIAGNOSTIC,    25, -6.056202054024e-01, 1.260235421796e-06, 9.3341e+00, 2.9028e-01, 
 2DIAGNOSTIC,    26, -6.056201457977e-01, 1.217481553795e-06, 9.5944e+00, 2.6025e-01, 
 2DIAGNOSTIC,    27, -6.056201457977e-01, 1.179557216346e-06, 9.8530e+00, 2.5865e-01, 
 2DIAGNOSTIC,    28, -6.056200861931e-01, 1.141661641668e-06, 1.0112e+01, 2.5872e-01, 
 2DIAGNOSTIC,    29, -6.056200861931e-01, 1.094198864848e-06, 1.0371e+01, 2.5892e-01, 
 2DIAGNOSTIC,    30, -6.056200265884e-01, 1.054891185959e-06, 1.0629e+01, 2.5786e-01, 
 2DIAGNOSTIC,    31, -6.056200265884e-01, 1.017696490635e-06, 1.0883e+01, 2.5460e-01, 
DIAGNOSTIC,Iteration,metricValue,convergenceValue,ITERATION_TIME_INDEX,SINCE_LAST
 2DIAGNOSTIC,     1, -5.557397603989e-01, inf, 1.3757e+01, 2.8739e+00, 
  Elapsed time (stage 0): 1.4874e+01


Stage 1
  iterations = 1000x500x250x0
  convergence threshold = 1.0000e-06
  convergence window size = 10
  number of levels = 4
  using the Mattes MI metric (number of bins = 32, weight = 1.0000e+00)
  preprocessing:  winsorizing the image intensities
  preprocessing:  histogram matching the images
  Shrink factors (level 1 out of 4): [6, 6, 6]
  Shrink factors (level 2 out of 4): [4, 4, 4]
  Shrink factors (level 3 out of 4): [2, 2, 2]
  Shrink factors (level 4 out of 4): [1, 1, 1]
  smoothing sigmas per level: [4, 2, 1, 0]
  regular sampling (percentage = 2.5000e-01)

*** Running AffineTransform registration ***

DIAGNOSTIC,Iteration,metricValue,convergenceValue,ITERATION_TIME_INDEX,SINCE_LAST
 2DIAGNOSTIC,     1, -8.687500953674e-01, inf, 5.5535e-01, 5.5535e-01, 
 2DIAGNOSTIC,     2, -8.720144629478e-01, inf, 5.6645e-01, 1.1098e-02, 
 2DIAGNOSTIC,     3, -8.775473833084e-01, inf, 5.7790e-01, 1.1448e-02, 
 2DIAGNOSTIC,     4, -8.869342803955e-01, inf, 5.8903e-01, 1.1139e-02, 
 2DIAGNOSTIC,     5, -9.009939432144e-01, inf, 5.9959e-01, 1.0552e-02, 
 2DIAGNOSTIC,     6, -9.216782450676e-01, inf, 6.0964e-01, 1.0050e-02, 
 2DIAGNOSTIC,     7, -9.497963190079e-01, inf, 6.2109e-01, 1.1456e-02, 
 2DIAGNOSTIC,     8, -9.832047820091e-01, inf, 6.3131e-01, 1.0221e-02, 
 2DIAGNOSTIC,     9, -9.877800941467e-01, inf, 6.4138e-01, 1.0066e-02, 
 2DIAGNOSTIC,    10, -9.901759028435e-01, 1.013970281929e-02, 6.5332e-01, 1.1939e-02, 
 2DIAGNOSTIC,    11, -9.919205904007e-01, 9.229430928826e-03, 6.6196e-01, 8.6460e-03, 
 2DIAGNOSTIC,    12, -9.928616881371e-01, 7.752050645649e-03, 6.7479e-01, 1.2825e-02, 
 2DIAGNOSTIC,    13, -9.929195642471e-01, 5.938791204244e-03, 6.8488e-01, 1.0091e-02, 
 2DIAGNOSTIC,    14, -9.931011795998e-01, 4.069758113474e-03, 6.9393e-01, 9.0442e-03, 
 2DIAGNOSTIC,    15, -9.932690262794e-01, 2.381497761235e-03, 7.0304e-01, 9.1171e-03, 
 2DIAGNOSTIC,    16, -9.934818744659e-01, 1.080268761143e-03, 7.1253e-01, 9.4891e-03, 
 2DIAGNOSTIC,    17, -9.936084747314e-01, 3.199896309525e-04, 7.2243e-01, 9.8999e-03, 
 2DIAGNOSTIC,    18, -9.936697483063e-01, 1.706185867079e-04, 7.3125e-01, 8.8160e-03, 
 2DIAGNOSTIC,    19, -9.937165379524e-01, 9.372382919537e-05, 7.3991e-01, 8.6622e-03, 
 2DIAGNOSTIC,    20, -9.937388896942e-01, 5.151651203050e-05, 7.5080e-01, 1.0886e-02, 
 2DIAGNOSTIC,    21, -9.937792420387e-01, 3.360855043866e-05, 7.6173e-01, 1.0930e-02, 
 2DIAGNOSTIC,    22, -9.937736392021e-01, 2.696149022086e-05, 7.7366e-01, 1.1935e-02, 
 2DIAGNOSTIC,    23, -9.937610626221e-01, 1.910767059599e-05, 7.8232e-01, 8.6551e-03, 
 2DIAGNOSTIC,    24, -9.937855601311e-01, 1.279974276258e-05, 7.9089e-01, 8.5728e-03, 
 2DIAGNOSTIC,    25, -9.938026070595e-01, 8.054075806285e-06, 7.9967e-01, 8.7819e-03, 
 2DIAGNOSTIC,    26, -9.938130378723e-01, 5.537895049201e-06, 8.0945e-01, 9.7780e-03, 
 2DIAGNOSTIC,    27, -9.937849640846e-01, 3.876367372868e-06, 8.1814e-01, 8.6901e-03, 
 2DIAGNOSTIC,    28, -9.937644004822e-01, 2.521735495975e-06, 8.2693e-01, 8.7900e-03, 
 2DIAGNOSTIC,    29, -9.937413930893e-01, 1.372735027871e-06, 8.3880e-01, 1.1875e-02, 
DIAGNOSTIC,Iteration,metricValue,convergenceValue,ITERATION_TIME_INDEX,SINCE_LAST
 2DIAGNOSTIC,     1, -8.038319349289e-01, inf, 1.3403e+00, 5.0154e-01, 
 2DIAGNOSTIC,     2, -8.049251437187e-01, inf, 1.3765e+00, 3.6123e-02, 
 2DIAGNOSTIC,     3, -8.061293959618e-01, inf, 1.4140e+00, 3.7525e-02, 
 2DIAGNOSTIC,     4, -8.074272274971e-01, inf, 1.4521e+00, 3.8100e-02, 
 2DIAGNOSTIC,     5, -8.086912631989e-01, inf, 1.4856e+00, 3.3551e-02, 
 2DIAGNOSTIC,     6, -8.097531199455e-01, inf, 1.5187e+00, 3.3092e-02, 
 2DIAGNOSTIC,     7, -8.105633258820e-01, inf, 1.5643e+00, 4.5604e-02, 
 2DIAGNOSTIC,     8, -8.107281327248e-01, inf, 1.6019e+00, 3.7608e-02, 
 2DIAGNOSTIC,     9, -8.107694387436e-01, inf, 1.6355e+00, 3.3524e-02, 
 2DIAGNOSTIC,    10, -8.108717203140e-01, 6.013598758727e-04, 1.6751e+00, 3.9639e-02, 
 2DIAGNOSTIC,    11, -8.109491467476e-01, 4.374012642074e-04, 1.7122e+00, 3.7065e-02, 
 2DIAGNOSTIC,    12, -8.109685778618e-01, 2.939793921541e-04, 1.7493e+00, 3.7171e-02, 
 2DIAGNOSTIC,    13, -8.109961152077e-01, 1.794349373085e-04, 1.7867e+00, 3.7363e-02, 
 2DIAGNOSTIC,    14, -8.110511898994e-01, 9.888223576127e-05, 1.8197e+00, 3.2986e-02, 
 2DIAGNOSTIC,    15, -8.110888004303e-01, 5.025785503676e-05, 1.8648e+00, 4.5125e-02, 
 2DIAGNOSTIC,    16, -8.111258745193e-01, 2.693994792935e-05, 1.9034e+00, 3.8556e-02, 
 2DIAGNOSTIC,    17, -8.111382722855e-01, 2.100219171552e-05, 1.9414e+00, 3.8069e-02, 
 2DIAGNOSTIC,    18, -8.111500144005e-01, 1.742680979078e-05, 1.9745e+00, 3.3085e-02, 
 2DIAGNOSTIC,    19, -8.111512660980e-01, 1.351901755697e-05, 2.0106e+00, 3.6063e-02, 
 2DIAGNOSTIC,    20, -8.111492991447e-01, 1.062412593456e-05, 2.0468e+00, 3.6232e-02, 
 2DIAGNOSTIC,    21, -8.111528158188e-01, 8.519006769347e-06, 2.0805e+00, 3.3668e-02, 
 2DIAGNOSTIC,    22, -8.111568689346e-01, 6.326348284347e-06, 2.1148e+00, 3.4286e-02, 
 2DIAGNOSTIC,    23, -8.111607432365e-01, 4.334153800301e-06, 2.1484e+00, 3.3610e-02, 
 2DIAGNOSTIC,    24, -8.111853599548e-01, 3.389724042790e-06, 2.1998e+00, 5.1410e-02, 
 2DIAGNOSTIC,    25, -8.111848831177e-01, 2.830256562447e-06, 2.2379e+00, 3.8100e-02, 
 2DIAGNOSTIC,    26, -8.111857771873e-01, 2.681415708139e-06, 2.2770e+00, 3.9078e-02, 
 2DIAGNOSTIC,    27, -8.111868500710e-01, 2.580448835943e-06, 2.3116e+00, 3.4588e-02, 
 2DIAGNOSTIC,    28, -8.111881017685e-01, 2.514844709367e-06, 2.3507e+00, 3.9134e-02, 
 2DIAGNOSTIC,    29, -8.112074732780e-01, 2.569878233771e-06, 2.3886e+00, 3.7951e-02, 
 2DIAGNOSTIC,    30, -8.112074732780e-01, 2.452104126860e-06, 2.4311e+00, 4.2426e-02, 
 2DIAGNOSTIC,    31, -8.112077116966e-01, 2.259241455249e-06, 2.4738e+00, 4.2711e-02, 
 2DIAGNOSTIC,    32, -8.112069368362e-01, 2.002702331083e-06, 2.5128e+00, 3.8992e-02, 
 2DIAGNOSTIC,    33, -8.112069368362e-01, 1.699161202851e-06, 2.5519e+00, 3.9142e-02, 
 2DIAGNOSTIC,    34, -8.112071156502e-01, 1.596541437721e-06, 2.5910e+00, 3.9125e-02, 
 2DIAGNOSTIC,    35, -8.112070560455e-01, 1.430870952390e-06, 2.6292e+00, 3.8109e-02, 
 2DIAGNOSTIC,    36, -8.112071156502e-01, 1.237106857843e-06, 2.6675e+00, 3.8370e-02, 
 2DIAGNOSTIC,    37, -8.112071156502e-01, 1.032434283843e-06, 2.7062e+00, 3.8687e-02, 
DIAGNOSTIC,Iteration,metricValue,convergenceValue,ITERATION_TIME_INDEX,SINCE_LAST
 2DIAGNOSTIC,     1, -7.149257659912e-01, inf, 3.6341e+00, 9.2785e-01, 
 2DIAGNOSTIC,     2, -7.153882980347e-01, inf, 3.8958e+00, 2.6171e-01, 
 2DIAGNOSTIC,     3, -7.158744931221e-01, inf, 4.1623e+00, 2.6650e-01, 
 2DIAGNOSTIC,     4, -7.163752317429e-01, inf, 4.4245e+00, 2.6226e-01, 
 2DIAGNOSTIC,     5, -7.167674303055e-01, inf, 4.7196e+00, 2.9503e-01, 
 2DIAGNOSTIC,     6, -7.168075442314e-01, inf, 5.0837e+00, 3.6415e-01, 
 2DIAGNOSTIC,     7, -7.168483138084e-01, inf, 5.3801e+00, 2.9639e-01, 
 2DIAGNOSTIC,     8, -7.168549299240e-01, inf, 5.7440e+00, 3.6390e-01, 
 2DIAGNOSTIC,     9, -7.168542146683e-01, inf, 6.0402e+00, 2.9624e-01, 
 2DIAGNOSTIC,    10, -7.168512344360e-01, 1.667184551479e-04, 6.5700e+00, 5.2973e-01, 
 2DIAGNOSTIC,    11, -7.168514728546e-01, 1.002822755254e-04, 6.8993e+00, 3.2936e-01, 
 2DIAGNOSTIC,    12, -7.168514132500e-01, 5.140172288520e-05, 7.1997e+00, 3.0038e-01, 
 2DIAGNOSTIC,    13, -7.168512940407e-01, 2.019265957642e-05, 7.5626e+00, 3.6287e-01, 
 2DIAGNOSTIC,    14, -7.168512940407e-01, 5.734187197959e-06, 7.8590e+00, 2.9642e-01, 
 2DIAGNOSTIC,    15, -7.168512940407e-01, 3.246330834372e-06, 8.1887e+00, 3.2966e-01, 
 2DIAGNOSTIC,    16, -7.168512344360e-01, 1.932248096637e-06, 8.4884e+00, 2.9972e-01, 
 2DIAGNOSTIC,    17, -7.168512344360e-01, 1.723546915855e-06, 8.8178e+00, 3.2945e-01, 
 2DIAGNOSTIC,    18, -7.168511152267e-01, 1.694687966847e-06, 9.1144e+00, 2.9658e-01, 
 2DIAGNOSTIC,    19, -7.168511152267e-01, 1.662605427555e-06, 9.4131e+00, 2.9869e-01, 
 2DIAGNOSTIC,    20, -7.168511748314e-01, 1.576737304276e-06, 9.7122e+00, 2.9912e-01, 
 2DIAGNOSTIC,    21, -7.168512344360e-01, 1.505966451987e-06, 1.0012e+01, 2.9981e-01, 
 2DIAGNOSTIC,    22, -7.168512940407e-01, 1.442554776077e-06, 1.0307e+01, 2.9526e-01, 
 2DIAGNOSTIC,    23, -7.168512344360e-01, 1.381949232382e-06, 1.0604e+01, 2.9657e-01, 
 2DIAGNOSTIC,    24, -7.168512940407e-01, 1.327569748355e-06, 1.0904e+01, 3.0021e-01, 
 2DIAGNOSTIC,    25, -7.168512940407e-01, 1.277329033655e-06, 1.1202e+01, 2.9788e-01, 
 2DIAGNOSTIC,    26, -7.168512344360e-01, 1.228657083630e-06, 1.1497e+01, 2.9540e-01, 
 2DIAGNOSTIC,    27, -7.168511748314e-01, 1.182346068163e-06, 1.1795e+01, 2.9780e-01, 
 2DIAGNOSTIC,    28, -7.168502211571e-01, 1.123827132687e-06, 1.2092e+01, 2.9682e-01, 
 2DIAGNOSTIC,    29, -7.168502807617e-01, 1.071681367648e-06, 1.2389e+01, 2.9707e-01, 
 2DIAGNOSTIC,    30, -7.168502211571e-01, 1.025208348437e-06, 1.2654e+01, 2.6461e-01, 
DIAGNOSTIC,Iteration,metricValue,convergenceValue,ITERATION_TIME_INDEX,SINCE_LAST
 2DIAGNOSTIC,     1, -6.478133797646e-01, inf, 1.5394e+01, 2.7402e+00, 
  Elapsed time (stage 1): 1.6470e+01


Stage 2
  iterations = 100x100x70x20
  convergence threshold = 1.0000e-09
  convergence window size = 10
  number of levels = 4
  using the CC metric (radius = 4, weight = 1.0000e+00)
  preprocessing:  winsorizing the image intensities
  preprocessing:  histogram matching the images
  Shrink factors (level 1 out of 4): [6, 6, 6]
  Shrink factors (level 2 out of 4): [4, 4, 4]
  Shrink factors (level 3 out of 4): [2, 2, 2]
  Shrink factors (level 4 out of 4): [1, 1, 1]
  smoothing sigmas per level: [3, 2, 1, 0]
  Using default NONE metricSamplingStrategy 

*** Running SyN registration (varianceForUpdateField = 3.0000e+00, varianceForTotalField = 0.0000e+00) ***

XXDIAGNOSTIC,Iteration,metricValue,convergenceValue,ITERATION_TIME_INDEX,SINCE_LAST
 1DIAGNOSTIC,     1, -8.921931385994e-01, inf, 1.3177e+00, 1.3177e+00, 
 1DIAGNOSTIC,     2, -9.051990509033e-01, inf, 2.1385e+00, 8.2074e-01, 
 1DIAGNOSTIC,     3, -9.174287915230e-01, inf, 2.9302e+00, 7.9170e-01, 
 1DIAGNOSTIC,     4, -9.275279641151e-01, inf, 3.7257e+00, 7.9551e-01, 
 1DIAGNOSTIC,     5, -9.358814358711e-01, inf, 4.5570e+00, 8.3130e-01, 
 1DIAGNOSTIC,     6, -9.423854351044e-01, inf, 5.3884e+00, 8.3141e-01, 
 1DIAGNOSTIC,     7, -9.482516050339e-01, inf, 6.1656e+00, 7.7727e-01, 
 1DIAGNOSTIC,     8, -9.524073004723e-01, inf, 6.9674e+00, 8.0180e-01, 
 1DIAGNOSTIC,     9, -9.558441638947e-01, inf, 7.7449e+00, 7.7746e-01, 
 1DIAGNOSTIC,    10, -9.584739208221e-01, 4.442878067493e-03, 8.5594e+00, 8.1447e-01, 
 1DIAGNOSTIC,    11, -9.604990482330e-01, 3.307698993012e-03, 9.3963e+00, 8.3694e-01, 
 1DIAGNOSTIC,    12, -9.618937969208e-01, 2.428763546050e-03, 1.0204e+01, 8.0748e-01, 
 1DIAGNOSTIC,    13, -9.630404710770e-01, 1.776781748049e-03, 1.1016e+01, 8.1245e-01, 
 1DIAGNOSTIC,    14, -9.639968872070e-01, 1.294562011026e-03, 1.1850e+01, 8.3373e-01, 
 1DIAGNOSTIC,    15, -9.648059606552e-01, 9.421716677025e-04, 1.2644e+01, 7.9374e-01, 
 1DIAGNOSTIC,    16, -9.655034542084e-01, 6.821128190495e-04, 1.3456e+01, 8.1254e-01, 
 1DIAGNOSTIC,    17, -9.661098718643e-01, 5.039825337008e-04, 1.4275e+01, 8.1925e-01, 
 1DIAGNOSTIC,    18, -9.666466116905e-01, 3.769700124394e-04, 1.5073e+01, 7.9795e-01, 
 1DIAGNOSTIC,    19, -9.671257734299e-01, 2.898696111515e-04, 1.5905e+01, 8.3123e-01, 
 1DIAGNOSTIC,    20, -9.675590991974e-01, 2.301542408532e-04, 1.6722e+01, 8.1744e-01, 
 1DIAGNOSTIC,    21, -9.679300189018e-01, 1.887274556793e-04, 1.7543e+01, 8.2071e-01, 
 1DIAGNOSTIC,    22, -9.682605266571e-01, 1.568295701873e-04, 1.8363e+01, 8.2020e-01, 
 1DIAGNOSTIC,    23, -9.685591459274e-01, 1.317699206993e-04, 1.9154e+01, 7.9069e-01, 
 1DIAGNOSTIC,    24, -9.688219428062e-01, 1.115939230658e-04, 1.9956e+01, 8.0233e-01, 
 1DIAGNOSTIC,    25, -9.690634608269e-01, 9.509018127574e-05, 2.0735e+01, 7.7946e-01, 
 1DIAGNOSTIC,    26, -9.692835211754e-01, 8.144976163749e-05, 2.1551e+01, 8.1591e-01, 
 1DIAGNOSTIC,    27, -9.694844484329e-01, 7.008339161985e-05, 2.2375e+01, 8.2352e-01, 
 1DIAGNOSTIC,    28, -9.697365164757e-01, 6.133829447208e-05, 2.3182e+01, 8.0749e-01, 
 1DIAGNOSTIC,    29, -9.699666500092e-01, 5.469562165672e-05, 2.4001e+01, 8.1856e-01, 
 1DIAGNOSTIC,    30, -9.701688289642e-01, 4.965835614712e-05, 2.4789e+01, 7.8792e-01, 
 1DIAGNOSTIC,    31, -9.703531265259e-01, 4.562067624647e-05, 2.5607e+01, 8.1834e-01, 
 1DIAGNOSTIC,    32, -9.704557061195e-01, 4.158397496212e-05, 2.6406e+01, 7.9859e-01, 
 1DIAGNOSTIC,    33, -9.706251621246e-01, 3.812095746980e-05, 2.7191e+01, 7.8558e-01, 
 1DIAGNOSTIC,    34, -9.707136154175e-01, 3.434298923821e-05, 2.7977e+01, 7.8563e-01, 
 1DIAGNOSTIC,    35, -9.708021879196e-01, 3.037974602194e-05, 2.8777e+01, 8.0028e-01, 
 1DIAGNOSTIC,    36, -9.708828926086e-01, 2.630100061651e-05, 2.9587e+01, 8.0968e-01, 
 1DIAGNOSTIC,    37, -9.709582924843e-01, 2.221042996098e-05, 3.0393e+01, 8.0581e-01, 
 1DIAGNOSTIC,    38, -9.710282087326e-01, 1.878246985143e-05, 3.1183e+01, 7.9058e-01, 
 1DIAGNOSTIC,    39, -9.710924625397e-01, 1.602863812877e-05, 3.2010e+01, 8.2680e-01, 
 1DIAGNOSTIC,    40, -9.711527228355e-01, 1.388439432048e-05, 3.2846e+01, 8.3609e-01, 
 1DIAGNOSTIC,    41, -9.712086915970e-01, 1.232436352439e-05, 3.3675e+01, 8.2839e-01, 
 1DIAGNOSTIC,    42, -9.712616205215e-01, 1.080564652511e-05, 3.4453e+01, 7.7876e-01, 
 1DIAGNOSTIC,    43, -9.713067412376e-01, 9.864405910776e-06, 3.5263e+01, 8.0907e-01, 
 1DIAGNOSTIC,    44, -9.713486433029e-01, 8.960609193309e-06, 3.6045e+01, 7.8284e-01, 
 1DIAGNOSTIC,    45, -9.713875055313e-01, 8.138110388245e-06, 3.6819e+01, 7.7370e-01, 
 1DIAGNOSTIC,    46, -9.714276194572e-01, 7.408537385345e-06, 3.7635e+01, 8.1577e-01, 
 1DIAGNOSTIC,    47, -9.714666604996e-01, 6.778469469282e-06, 3.8426e+01, 7.9108e-01, 
 1DIAGNOSTIC,    48, -9.714999794960e-01, 6.218909675226e-06, 3.9209e+01, 7.8330e-01, 
 1DIAGNOSTIC,    49, -9.715345501900e-01, 5.740521373809e-06, 4.0030e+01, 8.2119e-01, 
 1DIAGNOSTIC,    50, -9.715660810471e-01, 5.329770829121e-06, 4.0819e+01, 7.8822e-01, 
 1DIAGNOSTIC,    51, -9.715956449509e-01, 4.974331659469e-06, 4.1598e+01, 7.7902e-01, 
 1DIAGNOSTIC,    52, -9.716246128082e-01, 4.675498985307e-06, 4.2398e+01, 8.0031e-01, 
 1DIAGNOSTIC,    53, -9.716520905495e-01, 4.398285454954e-06, 4.3193e+01, 7.9463e-01, 
 1DIAGNOSTIC,    54, -9.716782569885e-01, 4.135321432841e-06, 4.3975e+01, 7.8205e-01, 
 1DIAGNOSTIC,    55, -9.717030525208e-01, 3.879087216774e-06, 4.4784e+01, 8.0946e-01, 
 1DIAGNOSTIC,    56, -9.717258810997e-01, 3.642923729785e-06, 4.5614e+01, 8.3023e-01, 
 1DIAGNOSTIC,    57, -9.717475175858e-01, 3.430901870161e-06, 4.6412e+01, 7.9806e-01, 
 1DIAGNOSTIC,    58, -9.717673063278e-01, 3.217008043066e-06, 4.7203e+01, 7.9097e-01, 
 1DIAGNOSTIC,    59, -9.717868566513e-01, 3.021698375960e-06, 4.8032e+01, 8.2910e-01, 
 1DIAGNOSTIC,    60, -9.717989563942e-01, 2.806087195495e-06, 4.8832e+01, 7.9986e-01, 
 1DIAGNOSTIC,    61, -9.718168973923e-01, 2.606737552924e-06, 4.9652e+01, 8.1980e-01, 
 1DIAGNOSTIC,    62, -9.718343019485e-01, 2.431135271763e-06, 5.0475e+01, 8.2284e-01, 
 1DIAGNOSTIC,    63, -9.718511700630e-01, 2.281430624862e-06, 5.1264e+01, 7.8906e-01, 
 1DIAGNOSTIC,    64, -9.718671441078e-01, 2.157551307391e-06, 5.2081e+01, 8.1710e-01, 
 1DIAGNOSTIC,    65, -9.718825817108e-01, 2.058691052298e-06, 5.2911e+01, 8.3010e-01, 
 1DIAGNOSTIC,    66, -9.718977808952e-01, 1.979867647606e-06, 5.3682e+01, 7.7067e-01, 
 1DIAGNOSTIC,    67, -9.719135165215e-01, 1.921434204633e-06, 5.4500e+01, 8.1816e-01, 
 1DIAGNOSTIC,    68, -9.719293713570e-01, 1.877755494206e-06, 5.5320e+01, 8.1980e-01, 
 1DIAGNOSTIC,    69, -9.719438552856e-01, 1.844033477028e-06, 5.6131e+01, 8.1154e-01, 
 1DIAGNOSTIC,    70, -9.719573855400e-01, 1.784572305041e-06, 5.6899e+01, 7.6723e-01, 
 1DIAGNOSTIC,    71, -9.719706773758e-01, 1.726933533064e-06, 5.7710e+01, 8.1145e-01, 
 1DIAGNOSTIC,    72, -9.719845056534e-01, 1.673995598139e-06, 5.8511e+01, 8.0112e-01, 
 1DIAGNOSTIC,    73, -9.719973802567e-01, 1.622259446776e-06, 5.9311e+01, 7.9938e-01, 
 1DIAGNOSTIC,    74, -9.720096588135e-01, 1.568817992847e-06, 6.0102e+01, 7.9110e-01, 
 1DIAGNOSTIC,    75, -9.720215797424e-01, 1.513459892521e-06, 6.0930e+01, 8.2846e-01, 
 1DIAGNOSTIC,    76, -9.720317721367e-01, 1.451784896744e-06, 6.1768e+01, 8.3812e-01, 
 1DIAGNOSTIC,    77, -9.720425605774e-01, 1.392371473230e-06, 6.2567e+01, 7.9911e-01, 
 1DIAGNOSTIC,    78, -9.720531105995e-01, 1.338572928944e-06, 6.3375e+01, 8.0754e-01, 
 1DIAGNOSTIC,    79, -9.720635414124e-01, 1.288209887207e-06, 6.4190e+01, 8.1521e-01, 
 1DIAGNOSTIC,    80, -9.720736742020e-01, 1.239848643309e-06, 6.5004e+01, 8.1431e-01, 
 1DIAGNOSTIC,    81, -9.720846414566e-01, 1.198667632707e-06, 6.5830e+01, 8.2579e-01, 
 1DIAGNOSTIC,    82, -9.720913767815e-01, 1.153568177870e-06, 6.6642e+01, 8.1157e-01, 
 1DIAGNOSTIC,    83, -9.721001386642e-01, 1.111833398681e-06, 6.7479e+01, 8.3771e-01, 
 1DIAGNOSTIC,    84, -9.721083641052e-01, 1.071734686775e-06, 6.8304e+01, 8.2418e-01, 
 1DIAGNOSTIC,    85, -9.721145033836e-01, 1.027434450407e-06, 6.9124e+01, 8.2033e-01, 
 1DIAGNOSTIC,    86, -9.721230864525e-01, 9.848128001977e-07, 6.9932e+01, 8.0768e-01, 
 1DIAGNOSTIC,    87, -9.721320271492e-01, 9.498510280537e-07, 7.0736e+01, 8.0461e-01, 
 1DIAGNOSTIC,    88, -9.721400141716e-01, 9.205225524056e-07, 7.1565e+01, 8.2885e-01, 
 1DIAGNOSTIC,    89, -9.721482396126e-01, 8.989169373308e-07, 7.2367e+01, 8.0179e-01, 
 1DIAGNOSTIC,    90, -9.721560478210e-01, 8.834351774567e-07, 7.3147e+01, 7.7986e-01, 
 1DIAGNOSTIC,    91, -9.721634984016e-01, 8.762696097619e-07, 7.3931e+01, 7.8453e-01, 
 1DIAGNOSTIC,    92, -9.721707105637e-01, 8.622841960459e-07, 7.4760e+01, 8.2828e-01, 
 1DIAGNOSTIC,    93, -9.721778631210e-01, 8.484710178891e-07, 7.5573e+01, 8.1331e-01, 
 1DIAGNOSTIC,    94, -9.721823930740e-01, 8.256574233201e-07, 7.6385e+01, 8.1171e-01, 
 1DIAGNOSTIC,    95, -9.721893072128e-01, 7.963700454638e-07, 7.7181e+01, 7.9595e-01, 
 1DIAGNOSTIC,    96, -9.721927642822e-01, 7.593615691803e-07, 7.7976e+01, 7.9514e-01, 
 1DIAGNOSTIC,    97, -9.721985459328e-01, 7.261206746989e-07, 7.8804e+01, 8.2826e-01, 
 1DIAGNOSTIC,    98, -9.722037315369e-01, 6.941136803107e-07, 7.9611e+01, 8.0664e-01, 
 1DIAGNOSTIC,    99, -9.722096920013e-01, 6.687722020615e-07, 8.0384e+01, 7.7370e-01, 
 1DIAGNOSTIC,   100, -9.722149372101e-01, 6.483310244221e-07, 8.1169e+01, 7.8443e-01, 
XXDIAGNOSTIC,Iteration,metricValue,convergenceValue,ITERATION_TIME_INDEX,SINCE_LAST
 1DIAGNOSTIC,     1, -9.360086917877e-01, inf, 8.4320e+01, 3.1513e+00, 
 1DIAGNOSTIC,     2, -9.372997879982e-01, inf, 8.6915e+01, 2.5951e+00, 
 1DIAGNOSTIC,     3, -9.383701086044e-01, inf, 8.9505e+01, 2.5901e+00, 
 1DIAGNOSTIC,     4, -9.394882321358e-01, inf, 9.2096e+01, 2.5903e+00, 
 1DIAGNOSTIC,     5, -9.403523802757e-01, inf, 9.4682e+01, 2.5860e+00, 
 1DIAGNOSTIC,     6, -9.411210417747e-01, inf, 9.7260e+01, 2.5783e+00, 
 1DIAGNOSTIC,     7, -9.417923092842e-01, inf, 9.9845e+01, 2.5849e+00, 
 1DIAGNOSTIC,     8, -9.423848986626e-01, inf, 1.0243e+02, 2.5828e+00, 
 1DIAGNOSTIC,     9, -9.429089426994e-01, inf, 1.0501e+02, 2.5813e+00, 
 1DIAGNOSTIC,    10, -9.433236122131e-01, 4.939379286952e-04, 1.0759e+02, 2.5854e+00, 
 1DIAGNOSTIC,    11, -9.436115026474e-01, 3.902203461621e-04, 1.1019e+02, 2.5965e+00, 
 1DIAGNOSTIC,    12, -9.438734054565e-01, 3.078474837821e-04, 1.1279e+02, 2.5965e+00, 
 1DIAGNOSTIC,    13, -9.441094398499e-01, 2.404930710327e-04, 1.1538e+02, 2.5912e+00, 
 1DIAGNOSTIC,    14, -9.443179965019e-01, 1.894337910926e-04, 1.1799e+02, 2.6072e+00, 
 1DIAGNOSTIC,    15, -9.445071220398e-01, 1.490478898631e-04, 1.2059e+02, 2.6020e+00, 
 1DIAGNOSTIC,    16, -9.446823000908e-01, 1.178670063382e-04, 1.2319e+02, 2.5998e+00, 
 1DIAGNOSTIC,    17, -9.448329210281e-01, 9.411531209480e-05, 1.2580e+02, 2.6106e+00, 
 1DIAGNOSTIC,    18, -9.449779391289e-01, 7.668116450077e-05, 1.2840e+02, 2.6016e+00, 
 1DIAGNOSTIC,    19, -9.451022744179e-01, 6.430072971852e-05, 1.3099e+02, 2.5941e+00, 
 1DIAGNOSTIC,    20, -9.452142119408e-01, 5.520497143152e-05, 1.3359e+02, 2.5970e+00, 
 1DIAGNOSTIC,    21, -9.453287124634e-01, 4.769252336700e-05, 1.3619e+02, 2.5977e+00, 
 1DIAGNOSTIC,    22, -9.454180002213e-01, 4.130091110710e-05, 1.3878e+02, 2.5937e+00, 
 1DIAGNOSTIC,    23, -9.455088376999e-01, 3.597439354053e-05, 1.4137e+02, 2.5910e+00, 
 1DIAGNOSTIC,    24, -9.455876350403e-01, 3.141495835735e-05, 1.4397e+02, 2.5942e+00, 
 1DIAGNOSTIC,    25, -9.456679821014e-01, 2.760467577900e-05, 1.4656e+02, 2.5970e+00, 
 1DIAGNOSTIC,    26, -9.457404017448e-01, 2.444592610118e-05, 1.4916e+02, 2.5925e+00, 
 1DIAGNOSTIC,    27, -9.458106160164e-01, 2.176660382247e-05, 1.5175e+02, 2.5983e+00, 
 1DIAGNOSTIC,    28, -9.458660483360e-01, 1.946935481101e-05, 1.5435e+02, 2.5944e+00, 
 1DIAGNOSTIC,    29, -9.459226727486e-01, 1.745993176883e-05, 1.5695e+02, 2.6008e+00, 
 1DIAGNOSTIC,    30, -9.459710121155e-01, 1.562263423693e-05, 1.5954e+02, 2.5903e+00, 
 1DIAGNOSTIC,    31, -9.460250139236e-01, 1.414608959749e-05, 1.6215e+02, 2.6087e+00, 
 1DIAGNOSTIC,    32, -9.460644721985e-01, 1.271159635508e-05, 1.6474e+02, 2.5952e+00, 
 1DIAGNOSTIC,    33, -9.461017251015e-01, 1.141100528912e-05, 1.6735e+02, 2.6033e+00, 
 1DIAGNOSTIC,    34, -9.461421966553e-01, 1.024001448968e-05, 1.6994e+02, 2.5954e+00, 
 1DIAGNOSTIC,    35, -9.461804032326e-01, 9.258209502150e-06, 1.7255e+02, 2.6047e+00, 
 1DIAGNOSTIC,    36, -9.462130069733e-01, 8.401795639656e-06, 1.7514e+02, 2.5943e+00, 
 1DIAGNOSTIC,    37, -9.462453722954e-01, 7.703536539339e-06, 1.7774e+02, 2.6027e+00, 
 1DIAGNOSTIC,    38, -9.462741613388e-01, 7.049834039208e-06, 1.8035e+02, 2.6024e+00, 
 1DIAGNOSTIC,    39, -9.463067650795e-01, 6.519137059513e-06, 1.8295e+02, 2.5987e+00, 
 1DIAGNOSTIC,    40, -9.463268518448e-01, 5.975366548228e-06, 1.8553e+02, 2.5841e+00, 
 1DIAGNOSTIC,    41, -9.463455677032e-01, 5.493844128068e-06, 1.8812e+02, 2.5949e+00, 
 1DIAGNOSTIC,    42, -9.463733434677e-01, 5.063234766567e-06, 1.9071e+02, 2.5804e+00, 
 1DIAGNOSTIC,    43, -9.463955163956e-01, 4.649440597859e-06, 1.9331e+02, 2.6010e+00, 
 1DIAGNOSTIC,    44, -9.464194178581e-01, 4.315044861869e-06, 1.9591e+02, 2.5989e+00, 
 1DIAGNOSTIC,    45, -9.464398622513e-01, 4.040555268148e-06, 1.9849e+02, 2.5825e+00, 
 1DIAGNOSTIC,    46, -9.464570283890e-01, 3.781621444432e-06, 2.0108e+02, 2.5949e+00, 
 1DIAGNOSTIC,    47, -9.464742541313e-01, 3.551815325409e-06, 2.0368e+02, 2.5995e+00, 
 1DIAGNOSTIC,    48, -9.464917182922e-01, 3.340631792526e-06, 2.0628e+02, 2.5960e+00, 
 1DIAGNOSTIC,    49, -9.465050697327e-01, 3.160906317135e-06, 2.0887e+02, 2.5880e+00, 
 1DIAGNOSTIC,    50, -9.465242028236e-01, 2.982357955261e-06, 2.1146e+02, 2.5940e+00, 
 1DIAGNOSTIC,    51, -9.465355873108e-01, 2.759562448773e-06, 2.1404e+02, 2.5836e+00, 
 1DIAGNOSTIC,    52, -9.465544819832e-01, 2.608776412671e-06, 2.1665e+02, 2.6038e+00, 
 1DIAGNOSTIC,    53, -9.465637207031e-01, 2.446704684189e-06, 2.1925e+02, 2.5986e+00, 
 1DIAGNOSTIC,    54, -9.465773105621e-01, 2.320604608030e-06, 2.2182e+02, 2.5744e+00, 
 1DIAGNOSTIC,    55, -9.465886950493e-01, 2.204895963587e-06, 2.2440e+02, 2.5787e+00, 
 1DIAGNOSTIC,    56, -9.465986490250e-01, 2.080637386825e-06, 2.2698e+02, 2.5833e+00, 
 1DIAGNOSTIC,    57, -9.466121196747e-01, 1.975629174922e-06, 2.2957e+02, 2.5835e+00, 
 1DIAGNOSTIC,    58, -9.466229081154e-01, 1.882914261842e-06, 2.3217e+02, 2.5997e+00, 
 1DIAGNOSTIC,    59, -9.466288089752e-01, 1.761263888511e-06, 2.3476e+02, 2.5986e+00, 
 1DIAGNOSTIC,    60, -9.466370940208e-01, 1.663422040110e-06, 2.3736e+02, 2.5963e+00, 
 1DIAGNOSTIC,    61, -9.466495513916e-01, 1.575133296683e-06, 2.3995e+02, 2.5906e+00, 
 1DIAGNOSTIC,    62, -9.466538429260e-01, 1.499009044892e-06, 2.4255e+02, 2.5995e+00, 
 1DIAGNOSTIC,    63, -9.466626644135e-01, 1.415823476236e-06, 2.4514e+02, 2.5912e+00, 
 1DIAGNOSTIC,    64, -9.466715455055e-01, 1.352475806016e-06, 2.4775e+02, 2.6087e+00, 
 1DIAGNOSTIC,    65, -9.466760754585e-01, 1.281321829083e-06, 2.5035e+02, 2.5967e+00, 
 1DIAGNOSTIC,    66, -9.466848373413e-01, 1.220042236127e-06, 2.5294e+02, 2.5904e+00, 
 1DIAGNOSTIC,    67, -9.466896057129e-01, 1.170038444798e-06, 2.5552e+02, 2.5858e+00, 
 1DIAGNOSTIC,    68, -9.466928839684e-01, 1.116685325542e-06, 2.5811e+02, 2.5900e+00, 
 1DIAGNOSTIC,    69, -9.467027187347e-01, 1.070492658073e-06, 2.6071e+02, 2.5961e+00, 
 1DIAGNOSTIC,    70, -9.467083215714e-01, 1.024572270580e-06, 2.6331e+02, 2.5961e+00, 
 1DIAGNOSTIC,    71, -9.467164874077e-01, 1.012189272842e-06, 2.6591e+02, 2.6058e+00, 
 1DIAGNOSTIC,    72, -9.467193484306e-01, 9.748217735250e-07, 2.6851e+02, 2.6019e+00, 
 1DIAGNOSTIC,    73, -9.467284083366e-01, 9.605255399947e-07, 2.7111e+02, 2.5968e+00, 
 1DIAGNOSTIC,    74, -9.467309117317e-01, 9.413353154741e-07, 2.7370e+02, 2.5939e+00, 
 1DIAGNOSTIC,    75, -9.467319250107e-01, 8.947049536800e-07, 2.7630e+02, 2.5988e+00, 
 1DIAGNOSTIC,    76, -9.467435479164e-01, 8.847489425534e-07, 2.7890e+02, 2.5936e+00, 
 1DIAGNOSTIC,    77, -9.467414021492e-01, 8.392648851441e-07, 2.8150e+02, 2.6075e+00, 
 1DIAGNOSTIC,    78, -9.467418193817e-01, 7.679622058276e-07, 2.8410e+02, 2.5976e+00, 
 1DIAGNOSTIC,    79, -9.467499852180e-01, 7.324564421651e-07, 2.8670e+02, 2.6025e+00, 
 1DIAGNOSTIC,    80, -9.467552304268e-01, 7.053552621983e-07, 2.8928e+02, 2.5748e+00, 
 1DIAGNOSTIC,    81, -9.467530846596e-01, 6.709681201755e-07, 2.9187e+02, 2.5952e+00, 
 1DIAGNOSTIC,    82, -9.467632770538e-01, 6.585722758246e-07, 2.9446e+02, 2.5850e+00, 
 1DIAGNOSTIC,    83, -9.467599391937e-01, 6.406226589206e-07, 2.9707e+02, 2.6087e+00, 
 1DIAGNOSTIC,    84, -9.467615485191e-01, 6.133544729892e-07, 2.9966e+02, 2.5951e+00, 
 1DIAGNOSTIC,    85, -9.467669725418e-01, 5.855036988578e-07, 3.0227e+02, 2.6053e+00, 
 1DIAGNOSTIC,    86, -9.467656612396e-01, 5.739255470871e-07, 3.0487e+02, 2.6000e+00, 
 1DIAGNOSTIC,    87, -9.467706084251e-01, 5.531295528272e-07, 3.0747e+02, 2.6005e+00, 
 1DIAGNOSTIC,    88, -9.467718601227e-01, 5.195249741519e-07, 3.1005e+02, 2.5839e+00, 
 1DIAGNOSTIC,    89, -9.467760324478e-01, 5.129625151312e-07, 3.1266e+02, 2.6052e+00, 
 1DIAGNOSTIC,    90, -9.467718601227e-01, 4.951756977789e-07, 3.1525e+02, 2.5914e+00, 
 1DIAGNOSTIC,    91, -9.467824697495e-01, 4.916280431644e-07, 3.1785e+02, 2.5960e+00, 
 1DIAGNOSTIC,    92, -9.467790126801e-01, 4.959213129041e-07, 3.2044e+02, 2.5989e+00, 
 1DIAGNOSTIC,    93, -9.467825889587e-01, 4.867314373769e-07, 3.2306e+02, 2.6148e+00, 
 1DIAGNOSTIC,    94, -9.467868804932e-01, 4.822573487218e-07, 3.2565e+02, 2.5946e+00, 
 1DIAGNOSTIC,    95, -9.467886090279e-01, 4.866130893788e-07, 3.2825e+02, 2.5926e+00, 
 1DIAGNOSTIC,    96, -9.467863440514e-01, 4.645667104342e-07, 3.3085e+02, 2.6013e+00, 
 1DIAGNOSTIC,    97, -9.467942714691e-01, 4.703402680661e-07, 3.3343e+02, 2.5820e+00, 
 1DIAGNOSTIC,    98, -9.467946290970e-01, 4.663054653520e-07, 3.3602e+02, 2.5901e+00, 
 1DIAGNOSTIC,    99, -9.467938542366e-01, 4.594296285632e-07, 3.3861e+02, 2.5943e+00, 
 1DIAGNOSTIC,   100, -9.468028545380e-01, 4.533557103059e-07, 3.4121e+02, 2.6000e+00, 
XXDIAGNOSTIC,Iteration,metricValue,convergenceValue,ITERATION_TIME_INDEX,SINCE_LAST
 1DIAGNOSTIC,     1, -8.620889186859e-01, inf, 3.6322e+02, 2.2003e+01, 
 1DIAGNOSTIC,     2, -8.644260764122e-01, inf, 3.8456e+02, 2.1346e+01, 
 1DIAGNOSTIC,     3, -8.670561909676e-01, inf, 4.0542e+02, 2.0856e+01, 
 1DIAGNOSTIC,     4, -8.691468238831e-01, inf, 4.2621e+02, 2.0794e+01, 
 1DIAGNOSTIC,     5, -8.708534836769e-01, inf, 4.4715e+02, 2.0940e+01, 
 1DIAGNOSTIC,     6, -8.722648024559e-01, inf, 4.6825e+02, 2.1094e+01, 
 1DIAGNOSTIC,     7, -8.734600543976e-01, inf, 4.8952e+02, 2.1279e+01, 
 1DIAGNOSTIC,     8, -8.745116591454e-01, inf, 5.1068e+02, 2.1156e+01, 
 1DIAGNOSTIC,     9, -8.754338026047e-01, inf, 5.3166e+02, 2.0983e+01, 
 1DIAGNOSTIC,    10, -8.762636780739e-01, 1.024141092785e-03, 5.5261e+02, 2.0946e+01, 
 1DIAGNOSTIC,    11, -8.769842982292e-01, 8.013650076464e-04, 5.7364e+02, 2.1030e+01, 
 1DIAGNOSTIC,    12, -8.776616454124e-01, 6.249765865505e-04, 5.9470e+02, 2.1057e+01, 
 1DIAGNOSTIC,    13, -8.782840371132e-01, 5.002580001019e-04, 6.1561e+02, 2.0914e+01, 
 1DIAGNOSTIC,    14, -8.788270950317e-01, 4.087652487215e-04, 6.3696e+02, 2.1344e+01, 
 1DIAGNOSTIC,    15, -8.794417381287e-01, 3.422542940825e-04, 6.5799e+02, 2.1035e+01, 
 1DIAGNOSTIC,    16, -8.800073266029e-01, 2.926130546257e-04, 6.7893e+02, 2.0941e+01, 
 1DIAGNOSTIC,    17, -8.806924223900e-01, 2.576499246061e-04, 6.9986e+02, 2.0923e+01, 
 1DIAGNOSTIC,    18, -8.812470436096e-01, 2.315728488611e-04, 7.2102e+02, 2.1163e+01, 
 1DIAGNOSTIC,    19, -8.819177746773e-01, 2.139275311492e-04, 7.4215e+02, 2.1128e+01, 
 1DIAGNOSTIC,    20, -8.824430108070e-01, 2.000485692406e-04, 7.6315e+02, 2.1001e+01, 
 1DIAGNOSTIC,    21, -8.830451965332e-01, 1.892264263006e-04, 7.8416e+02, 2.1015e+01, 
 1DIAGNOSTIC,    22, -8.834974765778e-01, 1.782837789506e-04, 8.0517e+02, 2.1002e+01, 
 1DIAGNOSTIC,    23, -8.839592933655e-01, 1.669002958806e-04, 8.2643e+02, 2.1265e+01, 
 1DIAGNOSTIC,    24, -8.843467831612e-01, 1.533580798423e-04, 8.4740e+02, 2.0970e+01, 
 1DIAGNOSTIC,    25, -8.846919536591e-01, 1.389405369991e-04, 8.6886e+02, 2.1465e+01, 
 1DIAGNOSTIC,    26, -8.850674629211e-01, 1.242553553311e-04, 8.8993e+02, 2.1066e+01, 
 1DIAGNOSTIC,    27, -8.853604197502e-01, 1.106806448661e-04, 9.1102e+02, 2.1093e+01, 
 1DIAGNOSTIC,    28, -8.856515288353e-01, 9.739617962623e-05, 9.3200e+02, 2.0981e+01, 
 1DIAGNOSTIC,    29, -8.858985900879e-01, 8.609432552475e-05, 9.5316e+02, 2.1159e+01, 
 1DIAGNOSTIC,    30, -8.861831426620e-01, 7.612517219968e-05, 9.7466e+02, 2.1497e+01, 
 1DIAGNOSTIC,    31, -8.864012956619e-01, 6.815460801590e-05, 9.9586e+02, 2.1196e+01, 
 1DIAGNOSTIC,    32, -8.866057395935e-01, 6.087152723921e-05, 1.0169e+03, 2.1050e+01, 
 1DIAGNOSTIC,    33, -8.868227601051e-01, 5.494425931829e-05, 1.0379e+03, 2.0980e+01, 
 1DIAGNOSTIC,    34, -8.869958519936e-01, 4.950693983119e-05, 1.0592e+03, 2.1293e+01, 
 1DIAGNOSTIC,    35, -8.871833682060e-01, 4.461287244339e-05, 1.0803e+03, 2.1147e+01, 
 1DIAGNOSTIC,    36, -8.873248696327e-01, 4.042281216243e-05, 1.1013e+03, 2.1017e+01, 
 1DIAGNOSTIC,    37, -8.875334262848e-01, 3.703535548993e-05, 1.1226e+03, 2.1278e+01, 
 1DIAGNOSTIC,    38, -8.876743316650e-01, 3.400026980671e-05, 1.1437e+03, 2.1037e+01, 
 1DIAGNOSTIC,    39, -8.878571987152e-01, 3.147290772176e-05, 1.1649e+03, 2.1201e+01, 
 1DIAGNOSTIC,    40, -8.879945874214e-01, 2.951670467155e-05, 1.1862e+03, 2.1324e+01, 
 1DIAGNOSTIC,    41, -8.881523609161e-01, 2.784619573504e-05, 1.2073e+03, 2.1085e+01, 
 1DIAGNOSTIC,    42, -8.882433772087e-01, 2.589912401163e-05, 1.2284e+03, 2.1162e+01, 
 1DIAGNOSTIC,    43, -8.884117603302e-01, 2.451292675687e-05, 1.2493e+03, 2.0886e+01, 
 1DIAGNOSTIC,    44, -8.885035514832e-01, 2.281942397531e-05, 1.2703e+03, 2.0942e+01, 
 1DIAGNOSTIC,    45, -8.886089920998e-01, 2.117439362337e-05, 1.2912e+03, 2.0918e+01, 
 1DIAGNOSTIC,    46, -8.886998295784e-01, 1.924412026710e-05, 1.3127e+03, 2.1490e+01, 
 1DIAGNOSTIC,    47, -8.888142108917e-01, 1.782094295777e-05, 1.3340e+03, 2.1341e+01, 
 1DIAGNOSTIC,    48, -8.888693451881e-01, 1.609888204257e-05, 1.3551e+03, 2.1129e+01, 
 1DIAGNOSTIC,    49, -8.889923095703e-01, 1.496816639701e-05, 1.3763e+03, 2.1127e+01, 
 1DIAGNOSTIC,    50, -8.890376091003e-01, 1.366157266602e-05, 1.3974e+03, 2.1146e+01, 
 1DIAGNOSTIC,    51, -8.891316652298e-01, 1.274641090276e-05, 1.4185e+03, 2.1065e+01, 
 1DIAGNOSTIC,    52, -8.891686201096e-01, 1.146832710219e-05, 1.4396e+03, 2.1103e+01, 
 1DIAGNOSTIC,    53, -8.892566561699e-01, 1.075004820450e-05, 1.4608e+03, 2.1214e+01, 
 1DIAGNOSTIC,    54, -8.893056511879e-01, 9.905917067954e-06, 1.4820e+03, 2.1192e+01, 
 1DIAGNOSTIC,    55, -8.893488049507e-01, 9.058599971468e-06, 1.5030e+03, 2.1002e+01, 
 1DIAGNOSTIC,    56, -8.894156813622e-01, 8.324250302394e-06, 1.5239e+03, 2.0910e+01, 
 1DIAGNOSTIC,    57, -8.894648551941e-01, 7.787334652676e-06, 1.5449e+03, 2.1036e+01, 
 1DIAGNOSTIC,    58, -8.895633220673e-01, 7.409310001094e-06, 1.5662e+03, 2.1224e+01, 
 1DIAGNOSTIC,    59, -8.896038532257e-01, 7.265567091963e-06, 1.5873e+03, 2.1123e+01, 
 1DIAGNOSTIC,    60, -8.897303938866e-01, 7.395320153591e-06, 1.6084e+03, 2.1124e+01, 
 1DIAGNOSTIC,    61, -8.897846341133e-01, 7.631150765519e-06, 1.6293e+03, 2.0903e+01, 
 1DIAGNOSTIC,    62, -8.898541927338e-01, 7.717464541201e-06, 1.6504e+03, 2.1123e+01, 
 1DIAGNOSTIC,    63, -8.898804187775e-01, 7.685787750233e-06, 1.6713e+03, 2.0839e+01, 
 1DIAGNOSTIC,    64, -8.899793624878e-01, 7.706463293289e-06, 1.6922e+03, 2.0969e+01, 
 1DIAGNOSTIC,    65, -8.900229930878e-01, 7.444096809195e-06, 1.7133e+03, 2.1030e+01, 
 1DIAGNOSTIC,    66, -8.900714516640e-01, 7.077875579853e-06, 1.7346e+03, 2.1315e+01, 
 1DIAGNOSTIC,    67, -8.900930881500e-01, 6.422471869882e-06, 1.7558e+03, 2.1207e+01, 
 1DIAGNOSTIC,    68, -8.901793956757e-01, 6.091053819546e-06, 1.7770e+03, 2.1197e+01, 
 1DIAGNOSTIC,    69, -8.902071714401e-01, 5.521595539904e-06, 1.7978e+03, 2.0845e+01, 
 1DIAGNOSTIC,    70, -8.902583122253e-01, 5.292171863402e-06, 1.8189e+03, 2.1061e+01, 
XXDIAGNOSTIC,Iteration,metricValue,convergenceValue,ITERATION_TIME_INDEX,SINCE_LAST
 1DIAGNOSTIC,     1, -6.996293663979e-01, inf, 1.9913e+03, 1.7243e+02, 
 1DIAGNOSTIC,     2, -7.013834118843e-01, inf, 2.1595e+03, 1.6819e+02, 
 1DIAGNOSTIC,     3, -7.033901214600e-01, inf, 2.3278e+03, 1.6828e+02, 
 1DIAGNOSTIC,     4, -7.056195735931e-01, inf, 2.4973e+03, 1.6949e+02, 
 1DIAGNOSTIC,     5, -7.074988484383e-01, inf, 2.6674e+03, 1.7016e+02, 
 1DIAGNOSTIC,     6, -7.092777490616e-01, inf, 2.8378e+03, 1.7035e+02, 
 1DIAGNOSTIC,     7, -7.108678817749e-01, inf, 3.0060e+03, 1.6822e+02, 
 1DIAGNOSTIC,     8, -7.123095393181e-01, inf, 3.1758e+03, 1.6981e+02, 
 1DIAGNOSTIC,     9, -7.136361598969e-01, inf, 3.3434e+03, 1.6758e+02, 
 1DIAGNOSTIC,    10, -7.148763537407e-01, 1.406771247275e-03, 3.5140e+03, 1.7061e+02, 
 1DIAGNOSTIC,    11, -7.160389423370e-01, 1.199861173518e-03, 3.6833e+03, 1.6933e+02, 
 1DIAGNOSTIC,    12, -7.171432375908e-01, 1.014669775032e-03, 3.8522e+03, 1.6885e+02, 
 1DIAGNOSTIC,    13, -7.181749939919e-01, 8.590552024543e-04, 4.0216e+03, 1.6946e+02, 
 1DIAGNOSTIC,    14, -7.191366553307e-01, 7.382318726741e-04, 4.1916e+03, 1.6992e+02, 
 1DIAGNOSTIC,    15, -7.200209498405e-01, 6.391844362952e-04, 4.3618e+03, 1.7023e+02, 
 1DIAGNOSTIC,    16, -7.207345962524e-01, 5.556570249610e-04, 4.5314e+03, 1.6965e+02, 
 1DIAGNOSTIC,    17, -7.213963270187e-01, 4.833472194150e-04, 4.7027e+03, 1.7122e+02, 
 1DIAGNOSTIC,    18, -7.220149636269e-01, 4.197724629194e-04, 4.8735e+03, 1.7079e+02, 
 1DIAGNOSTIC,    19, -7.225975394249e-01, 3.637513145804e-04, 5.0440e+03, 1.7057e+02, 
 1DIAGNOSTIC,    20, -7.231419682503e-01, 3.148337418679e-04, 5.2156e+03, 1.7160e+02, 
  Elapsed time (stage 2): 5218


Total elapsed time: 5249
Using single precision for computations.
Input scalar image: /home/mpib/nemecz/Projects/miniTRK/Results/01_MRI/GroupTempl/T1w/T_template0sub-205693_T1wRepaired.nii.gz
Reference image: /home/mpib/nemecz/Projects/miniTRK/Results/01_MRI/GroupTempl/T1w/T_template0.nii.gz
=============================================================================
The composite transform comprises the following transforms (in order): 
  1. /home/mpib/nemecz/Projects/miniTRK/Results/01_MRI/GroupTempl/T1w/T_sub-205693_T1w30GenericAffine.mat (type = AffineTransform)
  2. /home/mpib/nemecz/Projects/miniTRK/Results/01_MRI/GroupTempl/T1w/T_sub-205693_T1w31Warp.nii.gz (type = DisplacementFieldTransform)
=============================================================================
Default pixel value: 0
Interpolation type: LinearInterpolateImageFunction
Output warped image: /home/mpib/nemecz/Projects/miniTRK/Results/01_MRI/GroupTempl/T1w/T_template0sub-205693_T1w3WarpedToTemplate.nii.gz
