
Running N4 for 3-dimensional images.

Mask not read.  Using the entire image as the mask.

Original intensity range:  [0, 970]

***********************************************************
Warning:  Your input image contains nonpositive values
which could cause failure or problematic results.  A
possible workaround would be to:
   1. rescale your image to positive values e.g., [10,100].
   2. run N4 on your rescaled image.
   3. (optional) rescale the N4 output to the original
      intensity range.
***********************************************************

Specified spline distance: 200mm
  original image size:  [192, 256, 256]
  padded image size:  [201, 401, 401]
  number of control points:  [4, 5, 5]

Current level = 1
  Iteration 1 (of 50).   Current convergence value = 0.000753183 (threshold = 1e-08)
  Iteration 2 (of 50).   Current convergence value = 0.000478587 (threshold = 1e-08)
  Iteration 3 (of 50).   Current convergence value = 0.00031201 (threshold = 1e-08)
  Iteration 4 (of 50).   Current convergence value = 0.000229922 (threshold = 1e-08)
  Iteration 5 (of 50).   Current convergence value = 0.00017976 (threshold = 1e-08)
  Iteration 6 (of 50).   Current convergence value = 0.000146589 (threshold = 1e-08)
  Iteration 7 (of 50).   Current convergence value = 0.000125082 (threshold = 1e-08)
  Iteration 8 (of 50).   Current convergence value = 0.000111464 (threshold = 1e-08)
  Iteration 9 (of 50).   Current convergence value = 0.000102596 (threshold = 1e-08)
  Iteration 10 (of 50).   Current convergence value = 9.66927e-05 (threshold = 1e-08)
  Iteration 11 (of 50).   Current convergence value = 9.24853e-05 (threshold = 1e-08)
  Iteration 12 (of 50).   Current convergence value = 8.89471e-05 (threshold = 1e-08)
  Iteration 13 (of 50).   Current convergence value = 8.53954e-05 (threshold = 1e-08)
  Iteration 14 (of 50).   Current convergence value = 8.23178e-05 (threshold = 1e-08)
  Iteration 15 (of 50).   Current convergence value = 7.87035e-05 (threshold = 1e-08)
  Iteration 16 (of 50).   Current convergence value = 7.50839e-05 (threshold = 1e-08)
  Iteration 17 (of 50).   Current convergence value = 7.1545e-05 (threshold = 1e-08)
  Iteration 18 (of 50).   Current convergence value = 6.81101e-05 (threshold = 1e-08)
  Iteration 19 (of 50).   Current convergence value = 6.47995e-05 (threshold = 1e-08)
  Iteration 20 (of 50).   Current convergence value = 6.13694e-05 (threshold = 1e-08)
  Iteration 21 (of 50).   Current convergence value = 5.85053e-05 (threshold = 1e-08)
  Iteration 22 (of 50).   Current convergence value = 5.5572e-05 (threshold = 1e-08)
  Iteration 23 (of 50).   Current convergence value = 5.2859e-05 (threshold = 1e-08)
  Iteration 24 (of 50).   Current convergence value = 5.02659e-05 (threshold = 1e-08)
  Iteration 25 (of 50).   Current convergence value = 4.80539e-05 (threshold = 1e-08)
  Iteration 26 (of 50).   Current convergence value = 4.58481e-05 (threshold = 1e-08)
  Iteration 27 (of 50).   Current convergence value = 4.38956e-05 (threshold = 1e-08)
  Iteration 28 (of 50).   Current convergence value = 4.20903e-05 (threshold = 1e-08)
  Iteration 29 (of 50).   Current convergence value = 4.04717e-05 (threshold = 1e-08)
  Iteration 30 (of 50).   Current convergence value = 3.90886e-05 (threshold = 1e-08)
  Iteration 31 (of 50).   Current convergence value = 3.78432e-05 (threshold = 1e-08)
  Iteration 32 (of 50).   Current convergence value = 3.67245e-05 (threshold = 1e-08)
  Iteration 33 (of 50).   Current convergence value = 3.58133e-05 (threshold = 1e-08)
  Iteration 34 (of 50).   Current convergence value = 3.5082e-05 (threshold = 1e-08)
  Iteration 35 (of 50).   Current convergence value = 3.44978e-05 (threshold = 1e-08)
  Iteration 36 (of 50).   Current convergence value = 3.40658e-05 (threshold = 1e-08)
  Iteration 37 (of 50).   Current convergence value = 3.3751e-05 (threshold = 1e-08)
  Iteration 38 (of 50).   Current convergence value = 3.35453e-05 (threshold = 1e-08)
  Iteration 39 (of 50).   Current convergence value = 3.34458e-05 (threshold = 1e-08)
  Iteration 40 (of 50).   Current convergence value = 3.34589e-05 (threshold = 1e-08)
  Iteration 41 (of 50).   Current convergence value = 3.34998e-05 (threshold = 1e-08)
  Iteration 42 (of 50).   Current convergence value = 3.365e-05 (threshold = 1e-08)
  Iteration 43 (of 50).   Current convergence value = 3.3896e-05 (threshold = 1e-08)
  Iteration 44 (of 50).   Current convergence value = 3.41114e-05 (threshold = 1e-08)
  Iteration 45 (of 50).   Current convergence value = 3.44145e-05 (threshold = 1e-08)
  Iteration 46 (of 50).   Current convergence value = 3.47485e-05 (threshold = 1e-08)
  Iteration 47 (of 50).   Current convergence value = 3.51689e-05 (threshold = 1e-08)
  Iteration 48 (of 50).   Current convergence value = 3.54825e-05 (threshold = 1e-08)
  Iteration 49 (of 50).   Current convergence value = 3.58395e-05 (threshold = 1e-08)
  Iteration 50 (of 50).   Current convergence value = 3.63029e-05 (threshold = 1e-08)
Current level = 2
  Iteration 1 (of 50).   Current convergence value = 0.000542103 (threshold = 1e-08)
  Iteration 2 (of 50).   Current convergence value = 0.000511062 (threshold = 1e-08)
  Iteration 3 (of 50).   Current convergence value = 0.000496915 (threshold = 1e-08)
  Iteration 4 (of 50).   Current convergence value = 0.000483468 (threshold = 1e-08)
  Iteration 5 (of 50).   Current convergence value = 0.000468581 (threshold = 1e-08)
  Iteration 6 (of 50).   Current convergence value = 0.000451708 (threshold = 1e-08)
  Iteration 7 (of 50).   Current convergence value = 0.000433795 (threshold = 1e-08)
  Iteration 8 (of 50).   Current convergence value = 0.000415924 (threshold = 1e-08)
  Iteration 9 (of 50).   Current convergence value = 0.000398557 (threshold = 1e-08)
  Iteration 10 (of 50).   Current convergence value = 0.00038126 (threshold = 1e-08)
  Iteration 11 (of 50).   Current convergence value = 0.00036481 (threshold = 1e-08)
  Iteration 12 (of 50).   Current convergence value = 0.000349732 (threshold = 1e-08)
  Iteration 13 (of 50).   Current convergence value = 0.000335943 (threshold = 1e-08)
  Iteration 14 (of 50).   Current convergence value = 0.000323285 (threshold = 1e-08)
  Iteration 15 (of 50).   Current convergence value = 0.000311882 (threshold = 1e-08)
  Iteration 16 (of 50).   Current convergence value = 0.000301566 (threshold = 1e-08)
  Iteration 17 (of 50).   Current convergence value = 0.000292142 (threshold = 1e-08)
  Iteration 18 (of 50).   Current convergence value = 0.000283739 (threshold = 1e-08)
  Iteration 19 (of 50).   Current convergence value = 0.000276373 (threshold = 1e-08)
  Iteration 20 (of 50).   Current convergence value = 0.000269354 (threshold = 1e-08)
  Iteration 21 (of 50).   Current convergence value = 0.000261632 (threshold = 1e-08)
  Iteration 22 (of 50).   Current convergence value = 0.000254818 (threshold = 1e-08)
  Iteration 23 (of 50).   Current convergence value = 0.000248448 (threshold = 1e-08)
  Iteration 24 (of 50).   Current convergence value = 0.000242686 (threshold = 1e-08)
  Iteration 25 (of 50).   Current convergence value = 0.000237363 (threshold = 1e-08)
  Iteration 26 (of 50).   Current convergence value = 0.000232231 (threshold = 1e-08)
  Iteration 27 (of 50).   Current convergence value = 0.0002276 (threshold = 1e-08)
  Iteration 28 (of 50).   Current convergence value = 0.000223346 (threshold = 1e-08)
  Iteration 29 (of 50).   Current convergence value = 0.000219531 (threshold = 1e-08)
  Iteration 30 (of 50).   Current convergence value = 0.000215773 (threshold = 1e-08)
  Iteration 31 (of 50).   Current convergence value = 0.000212312 (threshold = 1e-08)
  Iteration 32 (of 50).   Current convergence value = 0.000208903 (threshold = 1e-08)
  Iteration 33 (of 50).   Current convergence value = 0.000205746 (threshold = 1e-08)
  Iteration 34 (of 50).   Current convergence value = 0.000202747 (threshold = 1e-08)
  Iteration 35 (of 50).   Current convergence value = 0.000199816 (threshold = 1e-08)
  Iteration 36 (of 50).   Current convergence value = 0.000197312 (threshold = 1e-08)
  Iteration 37 (of 50).   Current convergence value = 0.000194725 (threshold = 1e-08)
  Iteration 38 (of 50).   Current convergence value = 0.000192143 (threshold = 1e-08)
  Iteration 39 (of 50).   Current convergence value = 0.00018977 (threshold = 1e-08)
  Iteration 40 (of 50).   Current convergence value = 0.000187496 (threshold = 1e-08)
  Iteration 41 (of 50).   Current convergence value = 0.000185319 (threshold = 1e-08)
  Iteration 42 (of 50).   Current convergence value = 0.000183251 (threshold = 1e-08)
  Iteration 43 (of 50).   Current convergence value = 0.000181262 (threshold = 1e-08)
  Iteration 44 (of 50).   Current convergence value = 0.000179457 (threshold = 1e-08)
  Iteration 45 (of 50).   Current convergence value = 0.000177666 (threshold = 1e-08)
  Iteration 46 (of 50).   Current convergence value = 0.000175872 (threshold = 1e-08)
  Iteration 47 (of 50).   Current convergence value = 0.00017417 (threshold = 1e-08)
  Iteration 48 (of 50).   Current convergence value = 0.000172522 (threshold = 1e-08)
  Iteration 49 (of 50).   Current convergence value = 0.00017088 (threshold = 1e-08)
  Iteration 50 (of 50).   Current convergence value = 0.000169348 (threshold = 1e-08)
Current level = 3
  Iteration 1 (of 40).   Current convergence value = 0.0016237 (threshold = 1e-08)
  Iteration 2 (of 40).   Current convergence value = 0.00150976 (threshold = 1e-08)
  Iteration 3 (of 40).   Current convergence value = 0.00144705 (threshold = 1e-08)
  Iteration 4 (of 40).   Current convergence value = 0.00143016 (threshold = 1e-08)
  Iteration 5 (of 40).   Current convergence value = 0.00138929 (threshold = 1e-08)
  Iteration 6 (of 40).   Current convergence value = 0.00134522 (threshold = 1e-08)
  Iteration 7 (of 40).   Current convergence value = 0.00127756 (threshold = 1e-08)
  Iteration 8 (of 40).   Current convergence value = 0.0012116 (threshold = 1e-08)
  Iteration 9 (of 40).   Current convergence value = 0.00115364 (threshold = 1e-08)
  Iteration 10 (of 40).   Current convergence value = 0.00110372 (threshold = 1e-08)
  Iteration 11 (of 40).   Current convergence value = 0.00106056 (threshold = 1e-08)
  Iteration 12 (of 40).   Current convergence value = 0.00102396 (threshold = 1e-08)
  Iteration 13 (of 40).   Current convergence value = 0.000993165 (threshold = 1e-08)
  Iteration 14 (of 40).   Current convergence value = 0.000982391 (threshold = 1e-08)
  Iteration 15 (of 40).   Current convergence value = 0.000977912 (threshold = 1e-08)
  Iteration 16 (of 40).   Current convergence value = 0.00097747 (threshold = 1e-08)
  Iteration 17 (of 40).   Current convergence value = 0.000979846 (threshold = 1e-08)
  Iteration 18 (of 40).   Current convergence value = 0.000970398 (threshold = 1e-08)
  Iteration 19 (of 40).   Current convergence value = 0.00090347 (threshold = 1e-08)
  Iteration 20 (of 40).   Current convergence value = 0.000849988 (threshold = 1e-08)
  Iteration 21 (of 40).   Current convergence value = 0.000806563 (threshold = 1e-08)
  Iteration 22 (of 40).   Current convergence value = 0.000758798 (threshold = 1e-08)
  Iteration 23 (of 40).   Current convergence value = 0.000713628 (threshold = 1e-08)
  Iteration 24 (of 40).   Current convergence value = 0.000676532 (threshold = 1e-08)
  Iteration 25 (of 40).   Current convergence value = 0.000645497 (threshold = 1e-08)
  Iteration 26 (of 40).   Current convergence value = 0.000619641 (threshold = 1e-08)
  Iteration 27 (of 40).   Current convergence value = 0.000597735 (threshold = 1e-08)
  Iteration 28 (of 40).   Current convergence value = 0.000579893 (threshold = 1e-08)
  Iteration 29 (of 40).   Current convergence value = 0.000564588 (threshold = 1e-08)
  Iteration 30 (of 40).   Current convergence value = 0.000549278 (threshold = 1e-08)
  Iteration 31 (of 40).   Current convergence value = 0.000536289 (threshold = 1e-08)
  Iteration 32 (of 40).   Current convergence value = 0.000525469 (threshold = 1e-08)
  Iteration 33 (of 40).   Current convergence value = 0.000516315 (threshold = 1e-08)
  Iteration 34 (of 40).   Current convergence value = 0.000508793 (threshold = 1e-08)
  Iteration 35 (of 40).   Current convergence value = 0.00050207 (threshold = 1e-08)
  Iteration 36 (of 40).   Current convergence value = 0.000484039 (threshold = 1e-08)
  Iteration 37 (of 40).   Current convergence value = 0.00046866 (threshold = 1e-08)
  Iteration 38 (of 40).   Current convergence value = 0.000456854 (threshold = 1e-08)
  Iteration 39 (of 40).   Current convergence value = 0.000447516 (threshold = 1e-08)
  Iteration 40 (of 40).   Current convergence value = 0.000439761 (threshold = 1e-08)
Current level = 4
  Iteration 1 (of 30).   Current convergence value = 0.0019372 (threshold = 1e-08)
  Iteration 2 (of 30).   Current convergence value = 0.00196002 (threshold = 1e-08)
  Iteration 3 (of 30).   Current convergence value = 0.00224742 (threshold = 1e-08)
  Iteration 4 (of 30).   Current convergence value = 0.00236862 (threshold = 1e-08)
  Iteration 5 (of 30).   Current convergence value = 0.00218988 (threshold = 1e-08)
  Iteration 6 (of 30).   Current convergence value = 0.00209976 (threshold = 1e-08)
  Iteration 7 (of 30).   Current convergence value = 0.00204525 (threshold = 1e-08)
  Iteration 8 (of 30).   Current convergence value = 0.00200609 (threshold = 1e-08)
  Iteration 9 (of 30).   Current convergence value = 0.0019652 (threshold = 1e-08)
  Iteration 10 (of 30).   Current convergence value = 0.0019277 (threshold = 1e-08)
  Iteration 11 (of 30).   Current convergence value = 0.0018767 (threshold = 1e-08)
  Iteration 12 (of 30).   Current convergence value = 0.00183965 (threshold = 1e-08)
  Iteration 13 (of 30).   Current convergence value = 0.00182661 (threshold = 1e-08)
  Iteration 14 (of 30).   Current convergence value = 0.00179499 (threshold = 1e-08)
  Iteration 15 (of 30).   Current convergence value = 0.00172826 (threshold = 1e-08)
  Iteration 16 (of 30).   Current convergence value = 0.0016311 (threshold = 1e-08)
  Iteration 17 (of 30).   Current convergence value = 0.00160288 (threshold = 1e-08)
  Iteration 18 (of 30).   Current convergence value = 0.00164347 (threshold = 1e-08)
  Iteration 19 (of 30).   Current convergence value = 0.00166686 (threshold = 1e-08)
  Iteration 20 (of 30).   Current convergence value = 0.00167233 (threshold = 1e-08)
  Iteration 21 (of 30).   Current convergence value = 0.0015555 (threshold = 1e-08)
  Iteration 22 (of 30).   Current convergence value = 0.00141331 (threshold = 1e-08)
  Iteration 23 (of 30).   Current convergence value = 0.00130495 (threshold = 1e-08)
  Iteration 24 (of 30).   Current convergence value = 0.00117272 (threshold = 1e-08)
  Iteration 25 (of 30).   Current convergence value = 0.00101455 (threshold = 1e-08)
  Iteration 26 (of 30).   Current convergence value = 0.000865994 (threshold = 1e-08)
  Iteration 27 (of 30).   Current convergence value = 0.000819227 (threshold = 1e-08)
  Iteration 28 (of 30).   Current convergence value = 0.00079716 (threshold = 1e-08)
  Iteration 29 (of 30).   Current convergence value = 0.000785454 (threshold = 1e-08)
  Iteration 30 (of 30).   Current convergence value = 0.000794557 (threshold = 1e-08)
   N4BiasFieldCorrectionImageFilter (0x55b8899a1e20)
     RTTI typeinfo:   itk::N4BiasFieldCorrectionImageFilter<itk::Image<float, 3u>, itk::Image<float, 3u>, itk::Image<float, 3u> >
     Reference Count: 1
     Modified Time: 565
     Debug: Off
     Object Name: 
     Observers: 
       IterationEvent(Command)
     Inputs: 
       ConfidenceImage: (0)
       MaskImage: (0x55b8899cc630)
       Primary: (0x55b8899c7a30) *
     Indexed Inputs: 
       0: Primary (0x55b8899c7a30)
       1: MaskImage (0x55b8899cc630)
       2: ConfidenceImage (0)
     Required Input Names: Primary
     NumberOfRequiredInputs: 1
     Outputs: 
       Primary: (0x55b8899b1ef0)
     Indexed Outputs: 
       0: Primary (0x55b8899b1ef0)
     NumberOfRequiredOutputs: 1
     Number Of Work Units: 32
     ReleaseDataFlag: Off
     ReleaseDataBeforeUpdateFlag: Off
     AbortGenerateData: Off
     Progress: 0
     Multithreader: 
       RTTI typeinfo:   itk::PoolMultiThreader
       Reference Count: 1
       Modified Time: 144
       Debug: Off
       Object Name: 
       Observers: 
         none
       Number of Work Units: 32
       Number of Threads: 8
       Global Maximum Number Of Threads: 128
       Global Default Number Of Threads: 8
       Global Default Threader Type: itk::MultiThreaderBaseEnums::Threader::Pool
       SingleMethod: 0
       SingleData: 0
     DynamicMultiThreading: On
     CoordinateTolerance: 1e-06
     DirectionTolerance: 1e-06
     Use Mask Label: 0
     Mask label: 1
     Number of histogram bins: 200
     Wiener filter noise: 0.01
     Bias field FWHM: 0.15
     Maximum number of iterations: [50, 50, 40, 30]
     Convergence threshold: 1e-08
     Spline order: 3
     Number of fitting levels: [4, 4, 4]
     Number of control points: [4, 5, 5]
     CurrentConvergenceMeasurement: 0.000794557
     CurrentLevel: 4
     ElapsedIterations: 31
     LogBiasFieldControlPointLattice: 
       Image (0x55b8904a3310)
         RTTI typeinfo:   itk::Image<itk::Vector<float, 1u>, 3u>
         Reference Count: 1
         Modified Time: 343560
         Debug: Off
         Object Name: 
         Observers: 
           none
         Source: (none)
         Source output name: (none)
         Release Data: Off
         Data Released: False
         Global Release Data: Off
         PipelineMTime: 0
         UpdateMTime: 0
         RealTimeStamp: 0 seconds 
         LargestPossibleRegion: 
           Dimension: 3
           Index: [0, 0, 0]
           Size: [11, 19, 19]
         BufferedRegion: 
           Dimension: 3
           Index: [0, 0, 0]
           Size: [11, 19, 19]
         RequestedRegion: 
           Dimension: 3
           Index: [0, 0, 0]
           Size: [11, 19, 19]
         Spacing: [24.75, 24.875, 24.875]
         Origin: [25.1949, 20.171, -28.4331]
         Direction: 
-0.999368 -0.0326182 0.0141036
0.034311 -0.988989 0.143957
0.00925269 0.14435 0.989483

         IndexToPointMatrix: 
-24.7344 -0.811378 0.350827
0.849198 -24.6011 3.58093
0.229004 3.59071 24.6134

         PointToIndexMatrix: 
-0.0403785 0.0013863 0.000373846
-0.00131128 -0.0397583 0.00580302
0.000566979 0.00578722 0.0397782

         Inverse Direction: 
-0.999368 0.034311 0.00925269
-0.0326182 -0.988989 0.14435
0.0141036 0.143957 0.989483

         PixelContainer: 
           ImportImageContainer (0x55b8904b3de0)
             RTTI typeinfo:   itk::ImportImageContainer<unsigned long, itk::Vector<float, 1u> >
             Reference Count: 1
             Modified Time: 343561
             Debug: Off
             Object Name: 
             Observers: 
               none
             Pointer: 0x55b893b5bd20
             Container manages memory: true
             Size: 3971
             Capacity: 3971
Elapsed time: 270.377
All_Command_lines_OK
Using single precision for computations.
=============================================================================
The composite transform comprises the following transforms (in order): 
  1. Center of mass alignment using fixed image: /home/mpib/nemecz/Projects/miniTRK/Results/01_MRI/GroupTempl/T1w/T_template0.nii.gz and moving image: /home/mpib/nemecz/Projects/miniTRK/Analysis/01_MRI/Preproc/GroupTempl/T1w/sub-876066_T1w.nii.gz (type = Euler3DTransform)
=============================================================================
  number of levels = 4
  number of levels = 4
  number of levels = 4
  fixed image: /home/mpib/nemecz/Projects/miniTRK/Results/01_MRI/GroupTempl/T1w/T_template0.nii.gz
  moving image: /home/mpib/nemecz/Projects/miniTRK/Results/01_MRI/GroupTempl/T1w/T_template0sub-876066_T1wRepaired.nii.gz
  fixed image: /home/mpib/nemecz/Projects/miniTRK/Results/01_MRI/GroupTempl/T1w/T_template0.nii.gz
  moving image: /home/mpib/nemecz/Projects/miniTRK/Results/01_MRI/GroupTempl/T1w/T_template0sub-876066_T1wRepaired.nii.gz
  fixed image: /home/mpib/nemecz/Projects/miniTRK/Results/01_MRI/GroupTempl/T1w/T_template0.nii.gz
  moving image: /home/mpib/nemecz/Projects/miniTRK/Results/01_MRI/GroupTempl/T1w/T_template0sub-876066_T1wRepaired.nii.gz
Dimension = 3
Number of stages = 3
Use Histogram Matching true
Winsorize image intensities true
Lower quantile = 0.01
Upper quantile = 0.99
Stage 1 State
   Image metric = Mattes
     Fixed image = Image (0x55c641557ad0)
  RTTI typeinfo:   itk::Image<float, 3u>
  Reference Count: 2
  Modified Time: 1721
  Debug: Off
  Object Name: 
  Observers: 
    none
  Source: (none)
  Source output name: (none)
  Release Data: Off
  Data Released: False
  Global Release Data: Off
  PipelineMTime: 0
  UpdateMTime: 1506
  RealTimeStamp: 0 seconds 
  LargestPossibleRegion: 
    Dimension: 3
    Index: [0, 0, 0]
    Size: [192, 256, 256]
  BufferedRegion: 
    Dimension: 3
    Index: [0, 0, 0]
    Size: [192, 256, 256]
  RequestedRegion: 
    Dimension: 3
    Index: [0, 0, 0]
    Size: [192, 256, 256]
  Spacing: [1, 1, 1]
  Origin: [95.0313, 100.538, -154.123]
  Direction: 
-0.999853 -0.014134 -0.00966312
0.014129 -0.9999 0.000586045
-0.00967044 0.000449429 0.999953

  IndexToPointMatrix: 
-0.999853 -0.014134 -0.00966312
0.014129 -0.9999 0.000586045
-0.00967044 0.000449429 0.999953

  PointToIndexMatrix: 
-0.999853 0.014129 -0.00967044
-0.014134 -0.9999 0.000449429
-0.00966312 0.000586045 0.999953

  Inverse Direction: 
-0.999853 0.014129 -0.00967044
-0.014134 -0.9999 0.000449429
-0.00966312 0.000586045 0.999953

  PixelContainer: 
    ImportImageContainer (0x55c64155fc80)
      RTTI typeinfo:   itk::ImportImageContainer<unsigned long, float>
      Reference Count: 1
      Modified Time: 1503
      Debug: Off
      Object Name: 
      Observers: 
        none
      Pointer: 0x7f679d816010
      Container manages memory: true
      Size: 12582912
      Capacity: 12582912

     Moving image = Image (0x55c641558bc0)
  RTTI typeinfo:   itk::Image<float, 3u>
  Reference Count: 2
  Modified Time: 1722
  Debug: Off
  Object Name: 
  Observers: 
    none
  Source: (none)
  Source output name: (none)
  Release Data: Off
  Data Released: False
  Global Release Data: Off
  PipelineMTime: 0
  UpdateMTime: 1719
  RealTimeStamp: 0 seconds 
  LargestPossibleRegion: 
    Dimension: 3
    Index: [0, 0, 0]
    Size: [192, 256, 256]
  BufferedRegion: 
    Dimension: 3
    Index: [0, 0, 0]
    Size: [192, 256, 256]
  RequestedRegion: 
    Dimension: 3
    Index: [0, 0, 0]
    Size: [192, 256, 256]
  Spacing: [1, 1, 1]
  Origin: [93.2246, 67.1787, -169.05]
  Direction: 
-0.999368 -0.0326182 0.0141036
0.034311 -0.988989 0.143957
0.00925269 0.14435 0.989483

  IndexToPointMatrix: 
-0.999368 -0.0326182 0.0141036
0.034311 -0.988989 0.143957
0.00925269 0.14435 0.989483

  PointToIndexMatrix: 
-0.999368 0.034311 0.00925269
-0.0326182 -0.988989 0.14435
0.0141036 0.143957 0.989483

  Inverse Direction: 
-0.999368 0.034311 0.00925269
-0.0326182 -0.988989 0.14435
0.0141036 0.143957 0.989483

  PixelContainer: 
    ImportImageContainer (0x55c641564100)
      RTTI typeinfo:   itk::ImportImageContainer<unsigned long, float>
      Reference Count: 1
      Modified Time: 1716
      Debug: Off
      Object Name: 
      Observers: 
        none
      Pointer: 0x7f679a815010
      Container manages memory: true
      Size: 12582912
      Capacity: 12582912

     Weighting = 1
     Sampling strategy = regular
     Number of bins = 32
     Radius = 4
     Sampling percentage  = 0.25
   Transform = Rigid
     Gradient step = 0.1
     Update field sigma (voxel space) = 0
     Total field sigma (voxel space) = 0
     Update field time sigma = 0
     Total field time sigma  = 0
     Number of time indices = 0
     Number of time point samples = 0
Stage 2 State
   Image metric = Mattes
     Fixed image = Image (0x55c641570870)
  RTTI typeinfo:   itk::Image<float, 3u>
  Reference Count: 2
  Modified Time: 2149
  Debug: Off
  Object Name: 
  Observers: 
    none
  Source: (none)
  Source output name: (none)
  Release Data: Off
  Data Released: False
  Global Release Data: Off
  PipelineMTime: 0
  UpdateMTime: 1934
  RealTimeStamp: 0 seconds 
  LargestPossibleRegion: 
    Dimension: 3
    Index: [0, 0, 0]
    Size: [192, 256, 256]
  BufferedRegion: 
    Dimension: 3
    Index: [0, 0, 0]
    Size: [192, 256, 256]
  RequestedRegion: 
    Dimension: 3
    Index: [0, 0, 0]
    Size: [192, 256, 256]
  Spacing: [1, 1, 1]
  Origin: [95.0313, 100.538, -154.123]
  Direction: 
-0.999853 -0.014134 -0.00966312
0.014129 -0.9999 0.000586045
-0.00967044 0.000449429 0.999953

  IndexToPointMatrix: 
-0.999853 -0.014134 -0.00966312
0.014129 -0.9999 0.000586045
-0.00967044 0.000449429 0.999953

  PointToIndexMatrix: 
-0.999853 0.014129 -0.00967044
-0.014134 -0.9999 0.000449429
-0.00966312 0.000586045 0.999953

  Inverse Direction: 
-0.999853 0.014129 -0.00967044
-0.014134 -0.9999 0.000449429
-0.00966312 0.000586045 0.999953

  PixelContainer: 
    ImportImageContainer (0x55c64155b6d0)
      RTTI typeinfo:   itk::ImportImageContainer<unsigned long, float>
      Reference Count: 1
      Modified Time: 1931
      Debug: Off
      Object Name: 
      Observers: 
        none
      Pointer: 0x7f6797814010
      Container manages memory: true
      Size: 12582912
      Capacity: 12582912

     Moving image = Image (0x55c6415704c0)
  RTTI typeinfo:   itk::Image<float, 3u>
  Reference Count: 2
  Modified Time: 2150
  Debug: Off
  Object Name: 
  Observers: 
    none
  Source: (none)
  Source output name: (none)
  Release Data: Off
  Data Released: False
  Global Release Data: Off
  PipelineMTime: 0
  UpdateMTime: 2147
  RealTimeStamp: 0 seconds 
  LargestPossibleRegion: 
    Dimension: 3
    Index: [0, 0, 0]
    Size: [192, 256, 256]
  BufferedRegion: 
    Dimension: 3
    Index: [0, 0, 0]
    Size: [192, 256, 256]
  RequestedRegion: 
    Dimension: 3
    Index: [0, 0, 0]
    Size: [192, 256, 256]
  Spacing: [1, 1, 1]
  Origin: [93.2246, 67.1787, -169.05]
  Direction: 
-0.999368 -0.0326182 0.0141036
0.034311 -0.988989 0.143957
0.00925269 0.14435 0.989483

  IndexToPointMatrix: 
-0.999368 -0.0326182 0.0141036
0.034311 -0.988989 0.143957
0.00925269 0.14435 0.989483

  PointToIndexMatrix: 
-0.999368 0.034311 0.00925269
-0.0326182 -0.988989 0.14435
0.0141036 0.143957 0.989483

  Inverse Direction: 
-0.999368 0.034311 0.00925269
-0.0326182 -0.988989 0.14435
0.0141036 0.143957 0.989483

  PixelContainer: 
    ImportImageContainer (0x55c6415718c0)
      RTTI typeinfo:   itk::ImportImageContainer<unsigned long, float>
      Reference Count: 1
      Modified Time: 2144
      Debug: Off
      Object Name: 
      Observers: 
        none
      Pointer: 0x7f6794813010
      Container manages memory: true
      Size: 12582912
      Capacity: 12582912

     Weighting = 1
     Sampling strategy = regular
     Number of bins = 32
     Radius = 4
     Sampling percentage  = 0.25
   Transform = Affine
     Gradient step = 0.1
     Update field sigma (voxel space) = 0
     Total field sigma (voxel space) = 0
     Update field time sigma = 0
     Total field time sigma  = 0
     Number of time indices = 0
     Number of time point samples = 0
Stage 3 State
   Image metric = CC
     Fixed image = Image (0x55c641577960)
  RTTI typeinfo:   itk::Image<float, 3u>
  Reference Count: 2
  Modified Time: 2577
  Debug: Off
  Object Name: 
  Observers: 
    none
  Source: (none)
  Source output name: (none)
  Release Data: Off
  Data Released: False
  Global Release Data: Off
  PipelineMTime: 0
  UpdateMTime: 2362
  RealTimeStamp: 0 seconds 
  LargestPossibleRegion: 
    Dimension: 3
    Index: [0, 0, 0]
    Size: [192, 256, 256]
  BufferedRegion: 
    Dimension: 3
    Index: [0, 0, 0]
    Size: [192, 256, 256]
  RequestedRegion: 
    Dimension: 3
    Index: [0, 0, 0]
    Size: [192, 256, 256]
  Spacing: [1, 1, 1]
  Origin: [95.0313, 100.538, -154.123]
  Direction: 
-0.999853 -0.014134 -0.00966312
0.014129 -0.9999 0.000586045
-0.00967044 0.000449429 0.999953

  IndexToPointMatrix: 
-0.999853 -0.014134 -0.00966312
0.014129 -0.9999 0.000586045
-0.00967044 0.000449429 0.999953

  PointToIndexMatrix: 
-0.999853 0.014129 -0.00967044
-0.014134 -0.9999 0.000449429
-0.00966312 0.000586045 0.999953

  Inverse Direction: 
-0.999853 0.014129 -0.00967044
-0.014134 -0.9999 0.000449429
-0.00966312 0.000586045 0.999953

  PixelContainer: 
    ImportImageContainer (0x55c641558660)
      RTTI typeinfo:   itk::ImportImageContainer<unsigned long, float>
      Reference Count: 1
      Modified Time: 2359
      Debug: Off
      Object Name: 
      Observers: 
        none
      Pointer: 0x7f6791812010
      Container manages memory: true
      Size: 12582912
      Capacity: 12582912

     Moving image = Image (0x55c641579840)
  RTTI typeinfo:   itk::Image<float, 3u>
  Reference Count: 2
  Modified Time: 2578
  Debug: Off
  Object Name: 
  Observers: 
    none
  Source: (none)
  Source output name: (none)
  Release Data: Off
  Data Released: False
  Global Release Data: Off
  PipelineMTime: 0
  UpdateMTime: 2575
  RealTimeStamp: 0 seconds 
  LargestPossibleRegion: 
    Dimension: 3
    Index: [0, 0, 0]
    Size: [192, 256, 256]
  BufferedRegion: 
    Dimension: 3
    Index: [0, 0, 0]
    Size: [192, 256, 256]
  RequestedRegion: 
    Dimension: 3
    Index: [0, 0, 0]
    Size: [192, 256, 256]
  Spacing: [1, 1, 1]
  Origin: [93.2246, 67.1787, -169.05]
  Direction: 
-0.999368 -0.0326182 0.0141036
0.034311 -0.988989 0.143957
0.00925269 0.14435 0.989483

  IndexToPointMatrix: 
-0.999368 -0.0326182 0.0141036
0.034311 -0.988989 0.143957
0.00925269 0.14435 0.989483

  PointToIndexMatrix: 
-0.999368 0.034311 0.00925269
-0.0326182 -0.988989 0.14435
0.0141036 0.143957 0.989483

  Inverse Direction: 
-0.999368 0.034311 0.00925269
-0.0326182 -0.988989 0.14435
0.0141036 0.143957 0.989483

  PixelContainer: 
    ImportImageContainer (0x55c641576660)
      RTTI typeinfo:   itk::ImportImageContainer<unsigned long, float>
      Reference Count: 1
      Modified Time: 2572
      Debug: Off
      Object Name: 
      Observers: 
        none
      Pointer: 0x7f678e811010
      Container manages memory: true
      Size: 12582912
      Capacity: 12582912

     Weighting = 1
     Sampling strategy = none
     Number of bins = 32
     Radius = 4
     Sampling percentage  = 1
   Transform = SyN
     Gradient step = 0.1
     Update field sigma (voxel space) = 3
     Total field sigma (voxel space) = 0
     Update field time sigma = 0
     Total field time sigma  = 0
     Number of time indices = 0
     Number of time point samples = 0
Registration using 3 total stages.

Stage 0
  iterations = 1000x500x250x0
  convergence threshold = 1e-06
  convergence window size = 10
  number of levels = 4
  using the Mattes MI metric (number of bins = 32, weight = 1)
  preprocessing:  winsorizing the image intensities
  preprocessing:  histogram matching the images
  Shrink factors (level 1 out of 4): [6, 6, 6]
  Shrink factors (level 2 out of 4): [4, 4, 4]
  Shrink factors (level 3 out of 4): [2, 2, 2]
  Shrink factors (level 4 out of 4): [1, 1, 1]
  smoothing sigmas per level: [4, 2, 1, 0]
  regular sampling (percentage = 0.25)

*** Running Euler3DTransform registration ***

DIAGNOSTIC,Iteration,metricValue,convergenceValue,ITERATION_TIME_INDEX,SINCE_LAST
 2DIAGNOSTIC,     1, -9.362076520920e-01, inf, 6.1044e-01, 6.1044e-01, 
 2DIAGNOSTIC,     2, -9.378600120544e-01, inf, 6.1953e-01, 9.0909e-03, 
 2DIAGNOSTIC,     3, -9.405168294907e-01, inf, 6.2811e-01, 8.5819e-03, 
 2DIAGNOSTIC,     4, -9.435182809830e-01, inf, 6.3685e-01, 8.7380e-03, 
 2DIAGNOSTIC,     5, -9.468778371811e-01, inf, 6.4565e-01, 8.8010e-03, 
 2DIAGNOSTIC,     6, -9.499443173409e-01, inf, 6.5466e-01, 9.0108e-03, 
 2DIAGNOSTIC,     7, -9.541106224060e-01, inf, 6.6374e-01, 9.0780e-03, 
 2DIAGNOSTIC,     8, -9.625638127327e-01, inf, 6.7277e-01, 9.0339e-03, 
 2DIAGNOSTIC,     9, -9.655673503876e-01, inf, 6.8630e-01, 1.3528e-02, 
 2DIAGNOSTIC,    10, -9.664160013199e-01, 2.256425097585e-03, 6.9499e-01, 8.6911e-03, 
 2DIAGNOSTIC,    11, -9.667930006981e-01, 2.040096325800e-03, 7.0326e-01, 8.2741e-03, 
 2DIAGNOSTIC,    12, -9.676128625870e-01, 1.737973769195e-03, 7.1481e-01, 1.1547e-02, 
 2DIAGNOSTIC,    13, -9.679811596870e-01, 1.391847617924e-03, 7.2429e-01, 9.4762e-03, 
 2DIAGNOSTIC,    14, -9.680658578873e-01, 1.033816603012e-03, 7.3456e-01, 1.0274e-02, 
 2DIAGNOSTIC,    15, -9.680834412575e-01, 6.987075903453e-04, 7.4273e-01, 8.1708e-03, 
 2DIAGNOSTIC,    16, -9.680660367012e-01, 3.992229467258e-04, 7.5197e-01, 9.2380e-03, 
 2DIAGNOSTIC,    17, -9.680404067039e-01, 1.674979139352e-04, 7.6129e-01, 9.3169e-03, 
 2DIAGNOSTIC,    18, -9.680461883545e-01, 8.460222306894e-05, 7.6949e-01, 8.2011e-03, 
 2DIAGNOSTIC,    19, -9.680151939392e-01, 4.907351831207e-05, 7.7796e-01, 8.4748e-03, 
 2DIAGNOSTIC,    20, -9.680307507515e-01, 2.560920802352e-05, 7.8670e-01, 8.7411e-03, 
 2DIAGNOSTIC,    21, -9.680178761482e-01, 7.044850917737e-06, 7.9608e-01, 9.3760e-03, 
DIAGNOSTIC,Iteration,metricValue,convergenceValue,ITERATION_TIME_INDEX,SINCE_LAST
 2DIAGNOSTIC,     1, -7.541656494141e-01, inf, 1.3099e+00, 5.1378e-01, 
 2DIAGNOSTIC,     2, -7.553674578667e-01, inf, 1.3422e+00, 3.2325e-02, 
 2DIAGNOSTIC,     3, -7.566616535187e-01, inf, 1.3733e+00, 3.1130e-02, 
 2DIAGNOSTIC,     4, -7.576134800911e-01, inf, 1.4047e+00, 3.1407e-02, 
 2DIAGNOSTIC,     5, -7.582686543465e-01, inf, 1.4397e+00, 3.4947e-02, 
 2DIAGNOSTIC,     6, -7.586298584938e-01, inf, 1.4682e+00, 2.8583e-02, 
 2DIAGNOSTIC,     7, -7.588321566582e-01, inf, 1.5093e+00, 4.1096e-02, 
 2DIAGNOSTIC,     8, -7.589694857597e-01, inf, 1.5478e+00, 3.8415e-02, 
 2DIAGNOSTIC,     9, -7.589831352234e-01, inf, 1.5759e+00, 2.8192e-02, 
 2DIAGNOSTIC,    10, -7.590680718422e-01, 3.899309085682e-04, 1.6079e+00, 3.1929e-02, 
 2DIAGNOSTIC,    11, -7.590990066528e-01, 2.468844759278e-04, 1.6359e+00, 2.8001e-02, 
 2DIAGNOSTIC,    12, -7.591256499290e-01, 1.436104503227e-04, 1.6642e+00, 2.8288e-02, 
 2DIAGNOSTIC,    13, -7.591752409935e-01, 8.182953024516e-05, 1.6957e+00, 3.1503e-02, 
 2DIAGNOSTIC,    14, -7.591820359230e-01, 4.700649878941e-05, 1.7272e+00, 3.1542e-02, 
 2DIAGNOSTIC,    15, -7.591755390167e-01, 2.879989551730e-05, 1.7552e+00, 2.8004e-02, 
 2DIAGNOSTIC,    16, -7.591870427132e-01, 1.906873876578e-05, 1.7878e+00, 3.2630e-02, 
 2DIAGNOSTIC,    17, -7.592020034790e-01, 1.362592774967e-05, 1.8184e+00, 3.0558e-02, 
 2DIAGNOSTIC,    18, -7.592352032661e-01, 1.124895334215e-05, 1.8575e+00, 3.9078e-02, 
 2DIAGNOSTIC,    19, -7.592484354973e-01, 8.725222869543e-06, 1.8891e+00, 3.1605e-02, 
 2DIAGNOSTIC,    20, -7.592442035675e-01, 7.321591056098e-06, 1.9246e+00, 3.5516e-02, 
 2DIAGNOSTIC,    21, -7.592446804047e-01, 6.088212558097e-06, 1.9568e+00, 3.2158e-02, 
 2DIAGNOSTIC,    22, -7.592452168465e-01, 4.973913291906e-06, 1.9895e+00, 3.2775e-02, 
 2DIAGNOSTIC,    23, -7.592481374741e-01, 4.468586212170e-06, 2.0226e+00, 3.3040e-02, 
 2DIAGNOSTIC,    24, -7.592504024506e-01, 3.860357537633e-06, 2.0542e+00, 3.1670e-02, 
 2DIAGNOSTIC,    25, -7.592542171478e-01, 3.028572791663e-06, 2.0923e+00, 3.8065e-02, 
 2DIAGNOSTIC,    26, -7.592491507530e-01, 2.190810846514e-06, 2.1268e+00, 3.4479e-02, 
 2DIAGNOSTIC,    27, -7.592436075211e-01, 1.445713905923e-06, 2.1538e+00, 2.7007e-02, 
 2DIAGNOSTIC,    28, -7.592378258705e-01, 1.091253579943e-06, 2.1820e+00, 2.8160e-02, 
DIAGNOSTIC,Iteration,metricValue,convergenceValue,ITERATION_TIME_INDEX,SINCE_LAST
 2DIAGNOSTIC,     1, -6.644443273544e-01, inf, 3.1434e+00, 9.6147e-01, 
 2DIAGNOSTIC,     2, -6.646183133125e-01, inf, 3.3634e+00, 2.2002e-01, 
 2DIAGNOSTIC,     3, -6.646921038628e-01, inf, 3.5831e+00, 2.1964e-01, 
 2DIAGNOSTIC,     4, -6.647261977196e-01, inf, 3.9182e+00, 3.3507e-01, 
 2DIAGNOSTIC,     5, -6.647272706032e-01, inf, 4.1764e+00, 2.5822e-01, 
 2DIAGNOSTIC,     6, -6.647288203239e-01, inf, 4.4432e+00, 2.6680e-01, 
 2DIAGNOSTIC,     7, -6.647304892540e-01, inf, 4.7129e+00, 2.6976e-01, 
 2DIAGNOSTIC,     8, -6.647305488586e-01, inf, 4.9781e+00, 2.6513e-01, 
 2DIAGNOSTIC,     9, -6.647301912308e-01, inf, 5.2309e+00, 2.5283e-01, 
 2DIAGNOSTIC,    10, -6.647321581841e-01, 2.091814167215e-05, 5.4512e+00, 2.2030e-01, 
 2DIAGNOSTIC,    11, -6.647338271141e-01, 8.921366315917e-06, 5.7048e+00, 2.5362e-01, 
 2DIAGNOSTIC,    12, -6.647312045097e-01, 4.427121439221e-06, 5.9582e+00, 2.5342e-01, 
 2DIAGNOSTIC,    13, -6.647310853004e-01, 2.860151425921e-06, 6.2162e+00, 2.5794e-01, 
 2DIAGNOSTIC,    14, -6.647306680679e-01, 2.508434135962e-06, 6.6013e+00, 3.8516e-01, 
 2DIAGNOSTIC,    15, -6.647298932076e-01, 2.187877271353e-06, 6.8635e+00, 2.6214e-01, 
 2DIAGNOSTIC,    16, -6.647301316261e-01, 1.947325927176e-06, 7.1496e+00, 2.8616e-01, 
 2DIAGNOSTIC,    17, -6.647300124168e-01, 1.778860678314e-06, 7.4155e+00, 2.6586e-01, 
 2DIAGNOSTIC,    18, -6.647298932076e-01, 1.637855461922e-06, 7.6787e+00, 2.6314e-01, 
 2DIAGNOSTIC,    19, -6.647292971611e-01, 1.500813027633e-06, 7.9344e+00, 2.5571e-01, 
 2DIAGNOSTIC,    20, -6.647287011147e-01, 1.421746560482e-06, 8.1878e+00, 2.5341e-01, 
 2DIAGNOSTIC,    21, -6.647290587425e-01, 1.408708385497e-06, 8.4106e+00, 2.2284e-01, 
 2DIAGNOSTIC,    22, -6.647298336029e-01, 1.370076233798e-06, 8.6632e+00, 2.5259e-01, 
 2DIAGNOSTIC,    23, -6.647296547890e-01, 1.336058062407e-06, 8.9200e+00, 2.5679e-01, 
 2DIAGNOSTIC,    24, -6.647300124168e-01, 1.309221147494e-06, 9.1763e+00, 2.5630e-01, 
 2DIAGNOSTIC,    25, -6.647298336029e-01, 1.269761469302e-06, 9.4287e+00, 2.5240e-01, 
 2DIAGNOSTIC,    26, -6.647304296494e-01, 1.247179739039e-06, 9.8013e+00, 3.7258e-01, 
 2DIAGNOSTIC,    27, -6.647303104401e-01, 1.219621026394e-06, 1.0060e+01, 2.5895e-01, 
 2DIAGNOSTIC,    28, -6.647301912308e-01, 1.186819417853e-06, 1.0326e+01, 2.6587e-01, 
 2DIAGNOSTIC,    29, -6.647295951843e-01, 1.134519266088e-06, 1.0581e+01, 2.5496e-01, 
 2DIAGNOSTIC,    30, -6.647297739983e-01, 1.076335934158e-06, 1.0840e+01, 2.5852e-01, 
 2DIAGNOSTIC,    31, -6.647295951843e-01, 1.022284664032e-06, 1.1094e+01, 2.5484e-01, 
DIAGNOSTIC,Iteration,metricValue,convergenceValue,ITERATION_TIME_INDEX,SINCE_LAST
 2DIAGNOSTIC,     1, -5.992353558540e-01, inf, 1.3601e+01, 2.5064e+00, 
  Elapsed time (stage 0): 1.4940e+01


Stage 1
  iterations = 1000x500x250x0
  convergence threshold = 1.0000e-06
  convergence window size = 10
  number of levels = 4
  using the Mattes MI metric (number of bins = 32, weight = 1.0000e+00)
  preprocessing:  winsorizing the image intensities
  preprocessing:  histogram matching the images
  Shrink factors (level 1 out of 4): [6, 6, 6]
  Shrink factors (level 2 out of 4): [4, 4, 4]
  Shrink factors (level 3 out of 4): [2, 2, 2]
  Shrink factors (level 4 out of 4): [1, 1, 1]
  smoothing sigmas per level: [4, 2, 1, 0]
  regular sampling (percentage = 2.5000e-01)

*** Running AffineTransform registration ***

DIAGNOSTIC,Iteration,metricValue,convergenceValue,ITERATION_TIME_INDEX,SINCE_LAST
 2DIAGNOSTIC,     1, -9.597776532173e-01, inf, 6.1361e-01, 6.1361e-01, 
 2DIAGNOSTIC,     2, -9.619281291962e-01, inf, 6.2482e-01, 1.1207e-02, 
 2DIAGNOSTIC,     3, -9.653125405312e-01, inf, 6.3564e-01, 1.0827e-02, 
 2DIAGNOSTIC,     4, -9.702686667442e-01, inf, 6.4683e-01, 1.1189e-02, 
 2DIAGNOSTIC,     5, -9.781634211540e-01, inf, 6.5726e-01, 1.0425e-02, 
 2DIAGNOSTIC,     6, -9.900102019310e-01, inf, 6.6729e-01, 1.0031e-02, 
 2DIAGNOSTIC,     7, -1.005673885345e+00, inf, 6.7760e-01, 1.0315e-02, 
 2DIAGNOSTIC,     8, -1.020475387573e+00, inf, 6.9200e-01, 1.4392e-02, 
 2DIAGNOSTIC,     9, -1.024550318718e+00, inf, 7.0471e-01, 1.2712e-02, 
 2DIAGNOSTIC,    10, -1.024762749672e+00, 5.081452429295e-03, 7.1520e-01, 1.0492e-02, 
 2DIAGNOSTIC,    11, -1.025145411491e+00, 4.570808261633e-03, 7.2581e-01, 1.0614e-02, 
 2DIAGNOSTIC,    12, -1.025741219521e+00, 3.799296682701e-03, 7.3631e-01, 1.0501e-02, 
 2DIAGNOSTIC,    13, -1.026342153549e+00, 2.890795003623e-03, 7.4661e-01, 1.0293e-02, 
 2DIAGNOSTIC,    14, -1.026927828789e+00, 1.966897863895e-03, 7.5917e-01, 1.2559e-02, 
 2DIAGNOSTIC,    15, -1.027105808258e+00, 1.144146779552e-03, 7.7411e-01, 1.4945e-02, 
 2DIAGNOSTIC,    16, -1.027182936668e+00, 5.295249866322e-04, 7.8549e-01, 1.1375e-02, 
 2DIAGNOSTIC,    17, -1.027325987816e+00, 1.969697623281e-04, 7.9573e-01, 1.0240e-02, 
 2DIAGNOSTIC,    18, -1.027626514435e+00, 1.191598275909e-04, 8.0612e-01, 1.0389e-02, 
 2DIAGNOSTIC,    19, -1.027724266052e+00, 1.006436141324e-04, 8.1657e-01, 1.0450e-02, 
 2DIAGNOSTIC,    20, -1.027877211571e+00, 8.002953109099e-05, 8.2702e-01, 1.0454e-02, 
 2DIAGNOSTIC,    21, -1.028808474541e+00, 7.171503966674e-05, 8.4173e-01, 1.4713e-02, 
 2DIAGNOSTIC,    22, -1.029103159904e+00, 6.857058178866e-05, 8.5270e-01, 1.0964e-02, 
 2DIAGNOSTIC,    23, -1.029124855995e+00, 6.686818232993e-05, 8.6342e-01, 1.0722e-02, 
 2DIAGNOSTIC,    24, -1.029138326645e+00, 6.634093006141e-05, 8.7289e-01, 9.4709e-03, 
 2DIAGNOSTIC,    25, -1.029157042503e+00, 6.199550261954e-05, 8.8329e-01, 1.0403e-02, 
 2DIAGNOSTIC,    26, -1.029171943665e+00, 5.310095002642e-05, 8.9346e-01, 1.0163e-02, 
 2DIAGNOSTIC,    27, -1.029175162315e+00, 4.137209907640e-05, 9.0625e-01, 1.2798e-02, 
 2DIAGNOSTIC,    28, -1.029136896133e+00, 2.946121094283e-05, 9.1535e-01, 9.0952e-03, 
 2DIAGNOSTIC,    29, -1.029076457024e+00, 1.619358954486e-05, 9.2526e-01, 9.9080e-03, 
 2DIAGNOSTIC,    30, -1.029083013535e+00, 3.680906274894e-06, 9.3542e-01, 1.0164e-02, 
DIAGNOSTIC,Iteration,metricValue,convergenceValue,ITERATION_TIME_INDEX,SINCE_LAST
 2DIAGNOSTIC,     1, -7.960050106049e-01, inf, 1.4478e+00, 5.1241e-01, 
 2DIAGNOSTIC,     2, -7.973421216011e-01, inf, 1.4847e+00, 3.6865e-02, 
 2DIAGNOSTIC,     3, -7.989091873169e-01, inf, 1.5189e+00, 3.4193e-02, 
 2DIAGNOSTIC,     4, -8.004546165466e-01, inf, 1.5514e+00, 3.2547e-02, 
 2DIAGNOSTIC,     5, -8.014773130417e-01, inf, 1.5842e+00, 3.2787e-02, 
 2DIAGNOSTIC,     6, -8.022954463959e-01, inf, 1.6170e+00, 3.2730e-02, 
 2DIAGNOSTIC,     7, -8.029515743256e-01, inf, 1.6515e+00, 3.4569e-02, 
 2DIAGNOSTIC,     8, -8.034198880196e-01, inf, 1.6887e+00, 3.7172e-02, 
 2DIAGNOSTIC,     9, -8.035804629326e-01, inf, 1.7278e+00, 3.9064e-02, 
 2DIAGNOSTIC,    10, -8.036743998528e-01, 6.272004102357e-04, 1.7608e+00, 3.2993e-02, 
 2DIAGNOSTIC,    11, -8.037227392197e-01, 4.463889345061e-04, 1.8027e+00, 4.1901e-02, 
 2DIAGNOSTIC,    12, -8.038192391396e-01, 2.977201074827e-04, 1.8358e+00, 3.3148e-02, 
 2DIAGNOSTIC,    13, -8.039055466652e-01, 1.896129979286e-04, 1.8769e+00, 4.1136e-02, 
 2DIAGNOSTIC,    14, -8.040234446526e-01, 1.217481767526e-04, 1.9471e+00, 7.0208e-02, 
 2DIAGNOSTIC,    15, -8.040267825127e-01, 7.603026460856e-05, 1.9833e+00, 3.6185e-02, 
 2DIAGNOSTIC,    16, -8.040230274200e-01, 4.709263157565e-05, 2.0186e+00, 3.5314e-02, 
 2DIAGNOSTIC,    17, -8.040322065353e-01, 3.107180964435e-05, 2.0541e+00, 3.5450e-02, 
 2DIAGNOSTIC,    18, -8.040444254875e-01, 2.349247188249e-05, 2.0919e+00, 3.7811e-02, 
 2DIAGNOSTIC,    19, -8.040482997894e-01, 1.770663584466e-05, 2.1252e+00, 3.3254e-02, 
 2DIAGNOSTIC,    20, -8.040643334389e-01, 1.297418930335e-05, 2.1656e+00, 4.0443e-02, 
 2DIAGNOSTIC,    21, -8.040715456009e-01, 8.569966666983e-06, 2.2023e+00, 3.6740e-02, 
 2DIAGNOSTIC,    22, -8.040679097176e-01, 5.384820724430e-06, 2.2395e+00, 3.7115e-02, 
 2DIAGNOSTIC,    23, -8.040633201599e-01, 3.317505161249e-06, 2.2719e+00, 3.2475e-02, 
 2DIAGNOSTIC,    24, -8.040596246719e-01, 2.926966317318e-06, 2.3081e+00, 3.6170e-02, 
 2DIAGNOSTIC,    25, -8.040651082993e-01, 2.543827349655e-06, 2.3449e+00, 3.6834e-02, 
 2DIAGNOSTIC,    26, -8.040603399277e-01, 1.948003045982e-06, 2.3815e+00, 3.6590e-02, 
 2DIAGNOSTIC,    27, -8.040549159050e-01, 1.379527702738e-06, 2.4205e+00, 3.8963e-02, 
DIAGNOSTIC,Iteration,metricValue,convergenceValue,ITERATION_TIME_INDEX,SINCE_LAST
 2DIAGNOSTIC,     1, -6.960941553116e-01, inf, 3.4370e+00, 1.0165e+00, 
 2DIAGNOSTIC,     2, -6.961234807968e-01, inf, 3.7195e+00, 2.8250e-01, 
 2DIAGNOSTIC,     3, -6.961365342140e-01, inf, 4.0637e+00, 3.4417e-01, 
 2DIAGNOSTIC,     4, -6.961361765862e-01, inf, 4.3473e+00, 2.8362e-01, 
 2DIAGNOSTIC,     5, -6.961342096329e-01, inf, 4.7008e+00, 3.5347e-01, 
 2DIAGNOSTIC,     6, -6.961340904236e-01, inf, 4.9911e+00, 2.9036e-01, 
 2DIAGNOSTIC,     7, -6.961335539818e-01, inf, 5.2740e+00, 2.8291e-01, 
 2DIAGNOSTIC,     8, -6.961324214935e-01, inf, 5.5916e+00, 3.1752e-01, 
 2DIAGNOSTIC,     9, -6.961327791214e-01, inf, 5.8722e+00, 2.8063e-01, 
 2DIAGNOSTIC,    10, -6.961296796799e-01, 4.794289907295e-06, 6.1572e+00, 2.8502e-01, 
 2DIAGNOSTIC,    11, -6.961282491684e-01, 2.723759735090e-06, 6.4448e+00, 2.8758e-01, 
 2DIAGNOSTIC,    12, -6.961280107498e-01, 1.989821384996e-06, 6.7596e+00, 3.1477e-01, 
 2DIAGNOSTIC,    13, -6.961277127266e-01, 1.827294568102e-06, 7.0442e+00, 2.8468e-01, 
 2DIAGNOSTIC,    14, -6.961262226105e-01, 1.691504621704e-06, 7.3290e+00, 2.8472e-01, 
 2DIAGNOSTIC,    15, -6.961261630058e-01, 1.573572149027e-06, 7.6726e+00, 3.4363e-01, 
 2DIAGNOSTIC,    16, -6.961262226105e-01, 1.519619331702e-06, 7.9531e+00, 2.8047e-01, 
 2DIAGNOSTIC,    17, -6.961253881454e-01, 1.481502181377e-06, 8.2357e+00, 2.8261e-01, 
 2DIAGNOSTIC,    18, -6.961257457733e-01, 1.465229843234e-06, 8.5189e+00, 2.8322e-01, 
 2DIAGNOSTIC,    19, -6.961258053780e-01, 1.489229703111e-06, 8.8053e+00, 2.8642e-01, 
 2DIAGNOSTIC,    20, -6.961249113083e-01, 1.447082127015e-06, 9.0855e+00, 2.8020e-01, 
 2DIAGNOSTIC,    21, -6.961249113083e-01, 1.394757532580e-06, 9.3694e+00, 2.8386e-01, 
 2DIAGNOSTIC,    22, -6.961249113083e-01, 1.353826405648e-06, 9.6249e+00, 2.5555e-01, 
 2DIAGNOSTIC,    23, -6.961253881454e-01, 1.328691951130e-06, 9.9066e+00, 2.8167e-01, 
 2DIAGNOSTIC,    24, -6.961258053780e-01, 1.292089905292e-06, 1.0188e+01, 2.8108e-01, 
 2DIAGNOSTIC,    25, -6.961259841919e-01, 1.263535978069e-06, 1.0473e+01, 2.8513e-01, 
 2DIAGNOSTIC,    26, -6.961255073547e-01, 1.232092472492e-06, 1.0793e+01, 3.1987e-01, 
 2DIAGNOSTIC,    27, -6.961258649826e-01, 1.194903688884e-06, 1.1062e+01, 2.6910e-01, 
 2DIAGNOSTIC,    28, -6.961260437965e-01, 1.166099536931e-06, 1.1426e+01, 3.6432e-01, 
 2DIAGNOSTIC,    29, -6.961266398430e-01, 1.145782107415e-06, 1.1716e+01, 2.9002e-01, 
 2DIAGNOSTIC,    30, -6.961251497269e-01, 1.089695274459e-06, 1.2001e+01, 2.8477e-01, 
 2DIAGNOSTIC,    31, -6.961255073547e-01, 1.040095753524e-06, 1.2284e+01, 2.8328e-01, 
DIAGNOSTIC,Iteration,metricValue,convergenceValue,ITERATION_TIME_INDEX,SINCE_LAST
 2DIAGNOSTIC,     1, -6.215558648109e-01, inf, 1.4983e+01, 2.6993e+00, 
  Elapsed time (stage 1): 1.6192e+01


Stage 2
  iterations = 100x100x70x20
  convergence threshold = 1.0000e-09
  convergence window size = 10
  number of levels = 4
  using the CC metric (radius = 4, weight = 1.0000e+00)
  preprocessing:  winsorizing the image intensities
  preprocessing:  histogram matching the images
  Shrink factors (level 1 out of 4): [6, 6, 6]
  Shrink factors (level 2 out of 4): [4, 4, 4]
  Shrink factors (level 3 out of 4): [2, 2, 2]
  Shrink factors (level 4 out of 4): [1, 1, 1]
  smoothing sigmas per level: [3, 2, 1, 0]
  Using default NONE metricSamplingStrategy 

*** Running SyN registration (varianceForUpdateField = 3.0000e+00, varianceForTotalField = 0.0000e+00) ***

XXDIAGNOSTIC,Iteration,metricValue,convergenceValue,ITERATION_TIME_INDEX,SINCE_LAST
 1DIAGNOSTIC,     1, -8.868803977966e-01, inf, 1.3818e+00, 1.3818e+00, 
 1DIAGNOSTIC,     2, -8.946616053581e-01, inf, 2.1975e+00, 8.1561e-01, 
 1DIAGNOSTIC,     3, -9.032312631607e-01, inf, 3.0035e+00, 8.0607e-01, 
 1DIAGNOSTIC,     4, -9.098820686340e-01, inf, 3.8222e+00, 8.1866e-01, 
 1DIAGNOSTIC,     5, -9.154671430588e-01, inf, 4.6322e+00, 8.1005e-01, 
 1DIAGNOSTIC,     6, -9.197570681572e-01, inf, 5.4413e+00, 8.0909e-01, 
 1DIAGNOSTIC,     7, -9.234417080879e-01, inf, 6.2574e+00, 8.1610e-01, 
 1DIAGNOSTIC,     8, -9.265193939209e-01, inf, 7.0824e+00, 8.2496e-01, 
 1DIAGNOSTIC,     9, -9.290246963501e-01, inf, 7.8978e+00, 8.1540e-01, 
 1DIAGNOSTIC,    10, -9.310514330864e-01, 3.037502989173e-03, 8.6801e+00, 7.8235e-01, 
 1DIAGNOSTIC,    11, -9.327498674393e-01, 2.305352594703e-03, 9.4828e+00, 8.0266e-01, 
 1DIAGNOSTIC,    12, -9.341983199120e-01, 1.725493348204e-03, 1.0299e+01, 8.1598e-01, 
 1DIAGNOSTIC,    13, -9.354466199875e-01, 1.311796950176e-03, 1.1108e+01, 8.0929e-01, 
 1DIAGNOSTIC,    14, -9.365192651749e-01, 1.007590675727e-03, 1.1945e+01, 8.3716e-01, 
 1DIAGNOSTIC,    15, -9.374669790268e-01, 7.858508033678e-04, 1.2773e+01, 8.2738e-01, 
 1DIAGNOSTIC,    16, -9.382990598679e-01, 6.179176270962e-04, 1.3560e+01, 7.8719e-01, 
 1DIAGNOSTIC,    17, -9.390276670456e-01, 4.923245869577e-04, 1.4356e+01, 7.9669e-01, 
 1DIAGNOSTIC,    18, -9.396848678589e-01, 3.986743395217e-04, 1.5187e+01, 8.3024e-01, 
 1DIAGNOSTIC,    19, -9.402559399605e-01, 3.274425980635e-04, 1.6013e+01, 8.2583e-01, 
 1DIAGNOSTIC,    20, -9.407755136490e-01, 2.718135074247e-04, 1.6840e+01, 8.2757e-01, 
 1DIAGNOSTIC,    21, -9.412481784821e-01, 2.277350286022e-04, 1.7667e+01, 8.2690e-01, 
 1DIAGNOSTIC,    22, -9.416751265526e-01, 1.924238458741e-04, 1.8475e+01, 8.0767e-01, 
 1DIAGNOSTIC,    23, -9.420557618141e-01, 1.638039248064e-04, 1.9292e+01, 8.1702e-01, 
 1DIAGNOSTIC,    24, -9.424052238464e-01, 1.403063797625e-04, 2.0063e+01, 7.7150e-01, 
 1DIAGNOSTIC,    25, -9.427235126495e-01, 1.209763140650e-04, 2.0848e+01, 7.8508e-01, 
 1DIAGNOSTIC,    26, -9.430149197578e-01, 1.049517013598e-04, 2.1670e+01, 8.2148e-01, 
 1DIAGNOSTIC,    27, -9.432817101479e-01, 9.148857498076e-05, 2.2501e+01, 8.3139e-01, 
 1DIAGNOSTIC,    28, -9.435256123543e-01, 8.020029054023e-05, 2.3295e+01, 7.9376e-01, 
 1DIAGNOSTIC,    29, -9.437464475632e-01, 7.047205144772e-05, 2.4092e+01, 7.9696e-01, 
 1DIAGNOSTIC,    30, -9.439468979836e-01, 6.207719707163e-05, 2.4899e+01, 8.0710e-01, 
 1DIAGNOSTIC,    31, -9.441447854042e-01, 5.497575693880e-05, 2.5700e+01, 8.0078e-01, 
 1DIAGNOSTIC,    32, -9.443213343620e-01, 4.889146657661e-05, 2.6484e+01, 7.8393e-01, 
 1DIAGNOSTIC,    33, -9.444770812988e-01, 4.353114854894e-05, 2.7276e+01, 7.9252e-01, 
 1DIAGNOSTIC,    34, -9.446390271187e-01, 3.898185241269e-05, 2.8117e+01, 8.4030e-01, 
 1DIAGNOSTIC,    35, -9.447785019875e-01, 3.501351966406e-05, 2.8949e+01, 8.3260e-01, 
 1DIAGNOSTIC,    36, -9.449021220207e-01, 3.149125404889e-05, 2.9770e+01, 8.2061e-01, 
 1DIAGNOSTIC,    37, -9.450345039368e-01, 2.849594966392e-05, 3.0575e+01, 8.0483e-01, 
 1DIAGNOSTIC,    38, -9.451485872269e-01, 2.585881338746e-05, 3.1400e+01, 8.2532e-01, 
 1DIAGNOSTIC,    39, -9.452595710754e-01, 2.353188574489e-05, 3.2234e+01, 8.3415e-01, 
 1DIAGNOSTIC,    40, -9.453631043434e-01, 2.143726487702e-05, 3.3026e+01, 7.9247e-01, 
 1DIAGNOSTIC,    41, -9.454517364502e-01, 1.957628410310e-05, 3.3829e+01, 8.0255e-01, 
 1DIAGNOSTIC,    42, -9.455500245094e-01, 1.797887489374e-05, 3.4619e+01, 7.9031e-01, 
 1DIAGNOSTIC,    43, -9.456277489662e-01, 1.643474934099e-05, 3.5406e+01, 7.8689e-01, 
 1DIAGNOSTIC,    44, -9.457114338875e-01, 1.513969345979e-05, 3.6238e+01, 8.3140e-01, 
 1DIAGNOSTIC,    45, -9.457802772522e-01, 1.391422028973e-05, 3.7038e+01, 8.0082e-01, 
 1DIAGNOSTIC,    46, -9.458588957787e-01, 1.279755724681e-05, 3.7868e+01, 8.2950e-01, 
 1DIAGNOSTIC,    47, -9.459197521210e-01, 1.180205708806e-05, 3.8682e+01, 8.1396e-01, 
 1DIAGNOSTIC,    48, -9.459906220436e-01, 1.093938954000e-05, 3.9507e+01, 8.2537e-01, 
 1DIAGNOSTIC,    49, -9.460440874100e-01, 1.013253222482e-05, 4.0331e+01, 8.2402e-01, 
 1DIAGNOSTIC,    50, -9.461084604263e-01, 9.459217835683e-06, 4.1117e+01, 7.8530e-01, 
 1DIAGNOSTIC,    51, -9.461557269096e-01, 8.761208846408e-06, 4.1937e+01, 8.2009e-01, 
 1DIAGNOSTIC,    52, -9.462146759033e-01, 8.219082701544e-06, 4.2762e+01, 8.2576e-01, 
 1DIAGNOSTIC,    53, -9.462571144104e-01, 7.644207471458e-06, 4.3553e+01, 7.9080e-01, 
 1DIAGNOSTIC,    54, -9.463095664978e-01, 7.172745426942e-06, 4.4331e+01, 7.7792e-01, 
 1DIAGNOSTIC,    55, -9.463453292847e-01, 6.653081072727e-06, 4.5148e+01, 8.1657e-01, 
 1DIAGNOSTIC,    56, -9.463949203491e-01, 6.257560926315e-06, 4.5949e+01, 8.0143e-01, 
 1DIAGNOSTIC,    57, -9.464282989502e-01, 5.821136255690e-06, 4.6740e+01, 7.9116e-01, 
 1DIAGNOSTIC,    58, -9.464718103409e-01, 5.487194357556e-06, 4.7572e+01, 8.3125e-01, 
 1DIAGNOSTIC,    59, -9.465022087097e-01, 5.112956387165e-06, 4.8368e+01, 7.9659e-01, 
 1DIAGNOSTIC,    60, -9.465444684029e-01, 4.846309821005e-06, 4.9157e+01, 7.8836e-01, 
 1DIAGNOSTIC,    61, -9.465725421906e-01, 4.539952897176e-06, 4.9989e+01, 8.3245e-01, 
 1DIAGNOSTIC,    62, -9.466122388840e-01, 4.335492576502e-06, 5.0778e+01, 7.8884e-01, 
 1DIAGNOSTIC,    63, -9.466372728348e-01, 4.087792603968e-06, 5.1571e+01, 7.9288e-01, 
 1DIAGNOSTIC,    64, -9.466742277145e-01, 3.923799795302e-06, 5.2396e+01, 8.2494e-01, 
 1DIAGNOSTIC,    65, -9.466968774796e-01, 3.700947218022e-06, 5.3195e+01, 7.9930e-01, 
 1DIAGNOSTIC,    66, -9.467281699181e-01, 3.544397713995e-06, 5.4012e+01, 8.1667e-01, 
 1DIAGNOSTIC,    67, -9.467455148697e-01, 3.322044676679e-06, 5.4840e+01, 8.2825e-01, 
 1DIAGNOSTIC,    68, -9.467785954475e-01, 3.171368916810e-06, 5.5681e+01, 8.4127e-01, 
 1DIAGNOSTIC,    69, -9.468033313751e-01, 3.001040568051e-06, 5.6490e+01, 8.0923e-01, 
 1DIAGNOSTIC,    70, -9.468188881874e-01, 2.838362433977e-06, 5.7288e+01, 7.9803e-01, 
 1DIAGNOSTIC,    71, -9.468495845795e-01, 2.698859589145e-06, 5.8114e+01, 8.2610e-01, 
 1DIAGNOSTIC,    72, -9.468650221825e-01, 2.575002554295e-06, 5.8940e+01, 8.2582e-01, 
 1DIAGNOSTIC,    73, -9.469002485275e-01, 2.495321041351e-06, 5.9741e+01, 8.0071e-01, 
 1DIAGNOSTIC,    74, -9.469113349915e-01, 2.411949935777e-06, 6.0555e+01, 8.1366e-01, 
 1DIAGNOSTIC,    75, -9.469385147095e-01, 2.339628736081e-06, 6.1381e+01, 8.2663e-01, 
 1DIAGNOSTIC,    76, -9.469593763351e-01, 2.290471002198e-06, 6.2176e+01, 7.9477e-01, 
 1DIAGNOSTIC,    77, -9.469716548920e-01, 2.174552037104e-06, 6.2999e+01, 8.2261e-01, 
 1DIAGNOSTIC,    78, -9.469966292381e-01, 2.115323013641e-06, 6.3813e+01, 8.1406e-01, 
 1DIAGNOSTIC,    79, -9.470077157021e-01, 2.028202061410e-06, 6.4640e+01, 8.2699e-01, 
 1DIAGNOSTIC,    80, -9.470319151878e-01, 1.934750343935e-06, 6.5458e+01, 8.1819e-01, 
 1DIAGNOSTIC,    81, -9.470423460007e-01, 1.846978079811e-06, 6.6276e+01, 8.1775e-01, 
 1DIAGNOSTIC,    82, -9.470642805099e-01, 1.756443225531e-06, 6.7078e+01, 8.0251e-01, 
 1DIAGNOSTIC,    83, -9.470812082291e-01, 1.724961862237e-06, 6.7919e+01, 8.4121e-01, 
 1DIAGNOSTIC,    84, -9.470895528793e-01, 1.631988880035e-06, 6.8722e+01, 8.0274e-01, 
 1DIAGNOSTIC,    85, -9.471114873886e-01, 1.594090690560e-06, 6.9540e+01, 8.1769e-01, 
 1DIAGNOSTIC,    86, -9.471193552017e-01, 1.538627657283e-06, 7.0363e+01, 8.2362e-01, 
 1DIAGNOSTIC,    87, -9.471405148506e-01, 1.486059090894e-06, 7.1172e+01, 8.0880e-01, 
 1DIAGNOSTIC,    88, -9.471552968025e-01, 1.461595161345e-06, 7.1990e+01, 8.1751e-01, 
 1DIAGNOSTIC,    89, -9.471615552902e-01, 1.388535565638e-06, 7.2779e+01, 7.8905e-01, 
 1DIAGNOSTIC,    90, -9.471815228462e-01, 1.366277615489e-06, 7.3587e+01, 8.0857e-01, 
 1DIAGNOSTIC,    91, -9.471864700317e-01, 1.294984826927e-06, 7.4422e+01, 8.3456e-01, 
 1DIAGNOSTIC,    92, -9.472035169601e-01, 1.261022703147e-06, 7.5257e+01, 8.3550e-01, 
 1DIAGNOSTIC,    93, -9.472164511681e-01, 1.235388367604e-06, 7.6074e+01, 8.1688e-01, 
 1DIAGNOSTIC,    94, -9.472210407257e-01, 1.163951765193e-06, 7.6902e+01, 8.2807e-01, 
 1DIAGNOSTIC,    95, -9.472389221191e-01, 1.141441657637e-06, 7.7683e+01, 7.8104e-01, 
 1DIAGNOSTIC,    96, -9.472508430481e-01, 1.101237330658e-06, 7.8500e+01, 8.1611e-01, 
 1DIAGNOSTIC,    97, -9.472544193268e-01, 1.063155878001e-06, 7.9315e+01, 8.1563e-01, 
 1DIAGNOSTIC,    98, -9.472714662552e-01, 1.053411438079e-06, 8.0148e+01, 8.3236e-01, 
 1DIAGNOSTIC,    99, -9.472824931145e-01, 1.024097741720e-06, 8.0926e+01, 7.7807e-01, 
 1DIAGNOSTIC,   100, -9.472852945328e-01, 9.957773272617e-07, 8.1758e+01, 8.3264e-01, 
XXDIAGNOSTIC,Iteration,metricValue,convergenceValue,ITERATION_TIME_INDEX,SINCE_LAST
 1DIAGNOSTIC,     1, -8.763214945793e-01, inf, 8.4995e+01, 3.2372e+00, 
 1DIAGNOSTIC,     2, -8.777909278870e-01, inf, 8.7596e+01, 2.6003e+00, 
 1DIAGNOSTIC,     3, -8.794381618500e-01, inf, 9.0188e+01, 2.5919e+00, 
 1DIAGNOSTIC,     4, -8.808051943779e-01, inf, 9.2827e+01, 2.6395e+00, 
 1DIAGNOSTIC,     5, -8.820241689682e-01, inf, 9.5426e+01, 2.5983e+00, 
 1DIAGNOSTIC,     6, -8.831188082695e-01, inf, 9.8015e+01, 2.5900e+00, 
 1DIAGNOSTIC,     7, -8.841002583504e-01, inf, 1.0062e+02, 2.6063e+00, 
 1DIAGNOSTIC,     8, -8.849188089371e-01, inf, 1.0322e+02, 2.6031e+00, 
 1DIAGNOSTIC,     9, -8.856438398361e-01, inf, 1.0582e+02, 2.5964e+00, 
 1DIAGNOSTIC,    10, -8.861706852913e-01, 7.209847681224e-04, 1.0843e+02, 2.6103e+00, 
 1DIAGNOSTIC,    11, -8.866429924965e-01, 5.780626670457e-04, 1.1103e+02, 2.6011e+00, 
 1DIAGNOSTIC,    12, -8.870303034782e-01, 4.565062699839e-04, 1.1369e+02, 2.6537e+00, 
 1DIAGNOSTIC,    13, -8.874168395996e-01, 3.625164972618e-04, 1.1630e+02, 2.6090e+00, 
 1DIAGNOSTIC,    14, -8.877735137939e-01, 2.884202694986e-04, 1.1890e+02, 2.6054e+00, 
 1DIAGNOSTIC,    15, -8.880755305290e-01, 2.303322398802e-04, 1.2152e+02, 2.6166e+00, 
 1DIAGNOSTIC,    16, -8.883349895477e-01, 1.855014270404e-04, 1.2413e+02, 2.6100e+00, 
 1DIAGNOSTIC,    17, -8.885817527771e-01, 1.520335790701e-04, 1.2672e+02, 2.5885e+00, 
 1DIAGNOSTIC,    18, -8.888105750084e-01, 1.268573832931e-04, 1.2933e+02, 2.6091e+00, 
 1DIAGNOSTIC,    19, -8.890244364738e-01, 1.084391769837e-04, 1.3192e+02, 2.5947e+00, 
 1DIAGNOSTIC,    20, -8.892149925232e-01, 9.332091576653e-05, 1.3451e+02, 2.5905e+00, 
 1DIAGNOSTIC,    21, -8.893856406212e-01, 8.083975262707e-05, 1.3715e+02, 2.6444e+00, 
 1DIAGNOSTIC,    22, -8.895470499992e-01, 6.999752076808e-05, 1.3975e+02, 2.5972e+00, 
 1DIAGNOSTIC,    23, -8.896930217743e-01, 6.101633698563e-05, 1.4235e+02, 2.5983e+00, 
 1DIAGNOSTIC,    24, -8.898256421089e-01, 5.365714241634e-05, 1.4495e+02, 2.6012e+00, 
 1DIAGNOSTIC,    25, -8.899559378624e-01, 4.746186095872e-05, 1.4754e+02, 2.5889e+00, 
 1DIAGNOSTIC,    26, -8.900599479675e-01, 4.182662087260e-05, 1.5017e+02, 2.6282e+00, 
 1DIAGNOSTIC,    27, -8.901696205139e-01, 3.697240390466e-05, 1.5280e+02, 2.6272e+00, 
 1DIAGNOSTIC,    28, -8.902699351311e-01, 3.280974851805e-05, 1.5541e+02, 2.6187e+00, 
 1DIAGNOSTIC,    29, -8.903760910034e-01, 2.943917206721e-05, 1.5802e+02, 2.6012e+00, 
 1DIAGNOSTIC,    30, -8.904608488083e-01, 2.651707291079e-05, 1.6061e+02, 2.5955e+00, 
 1DIAGNOSTIC,    31, -8.905361294746e-01, 2.388792017882e-05, 1.6322e+02, 2.6067e+00, 
 1DIAGNOSTIC,    32, -8.906008005142e-01, 2.149706233467e-05, 1.6583e+02, 2.6150e+00, 
 1DIAGNOSTIC,    33, -8.906800746918e-01, 1.946915836015e-05, 1.6846e+02, 2.6255e+00, 
 1DIAGNOSTIC,    34, -8.907423019409e-01, 1.760816667229e-05, 1.7108e+02, 2.6213e+00, 
 1DIAGNOSTIC,    35, -8.908123970032e-01, 1.608669845155e-05, 1.7369e+02, 2.6137e+00, 
 1DIAGNOSTIC,    36, -8.908669352531e-01, 1.459994200559e-05, 1.7629e+02, 2.5920e+00, 
 1DIAGNOSTIC,    37, -8.909230828285e-01, 1.331037310592e-05, 1.7890e+02, 2.6117e+00, 
 1DIAGNOSTIC,    38, -8.909778594971e-01, 1.219008026965e-05, 1.8150e+02, 2.6008e+00, 
 1DIAGNOSTIC,    39, -8.910229802132e-01, 1.127068844653e-05, 1.8409e+02, 2.5910e+00, 
 1DIAGNOSTIC,    40, -8.910661935806e-01, 1.041357063514e-05, 1.8670e+02, 2.6127e+00, 
 1DIAGNOSTIC,    41, -8.911117911339e-01, 9.616271199775e-06, 1.8931e+02, 2.6086e+00, 
 1DIAGNOSTIC,    42, -8.911421298981e-01, 8.723752216611e-06, 1.9194e+02, 2.6252e+00, 
 1DIAGNOSTIC,    43, -8.911861777306e-01, 8.022816473385e-06, 1.9459e+02, 2.6576e+00, 
 1DIAGNOSTIC,    44, -8.912209272385e-01, 7.350827672781e-06, 1.9720e+02, 2.6074e+00, 
 1DIAGNOSTIC,    45, -8.912578225136e-01, 6.828700861661e-06, 1.9981e+02, 2.6053e+00, 
 1DIAGNOSTIC,    46, -8.912920355797e-01, 6.353017397487e-06, 2.0241e+02, 2.6070e+00, 
 1DIAGNOSTIC,    47, -8.913111686707e-01, 5.860651526746e-06, 2.0501e+02, 2.5964e+00, 
 1DIAGNOSTIC,    48, -8.913409113884e-01, 5.452312052512e-06, 2.0763e+02, 2.6186e+00, 
 1DIAGNOSTIC,    49, -8.913702964783e-01, 5.080948540126e-06, 2.1022e+02, 2.5952e+00, 
 1DIAGNOSTIC,    50, -8.913872838020e-01, 4.676896878664e-06, 2.1286e+02, 2.6386e+00, 
 1DIAGNOSTIC,    51, -8.914127349854e-01, 4.345794877736e-06, 2.1546e+02, 2.5950e+00, 
 1DIAGNOSTIC,    52, -8.914374709129e-01, 4.004145012004e-06, 2.1805e+02, 2.5950e+00, 
 1DIAGNOSTIC,    53, -8.914499282837e-01, 3.686216587084e-06, 2.2066e+02, 2.6100e+00, 
 1DIAGNOSTIC,    54, -8.914775848389e-01, 3.449785708654e-06, 2.2326e+02, 2.6011e+00, 
 1DIAGNOSTIC,    55, -8.914949893951e-01, 3.257372327425e-06, 2.2588e+02, 2.6133e+00, 
 1DIAGNOSTIC,    56, -8.915074467659e-01, 3.079696625718e-06, 2.2847e+02, 2.5938e+00, 
 1DIAGNOSTIC,    57, -8.915337324142e-01, 2.919196276707e-06, 2.3110e+02, 2.6284e+00, 
 1DIAGNOSTIC,    58, -8.915437459946e-01, 2.751392912614e-06, 2.3369e+02, 2.5938e+00, 
 1DIAGNOSTIC,    59, -8.915480375290e-01, 2.559469976404e-06, 2.3628e+02, 2.5897e+00, 
 1DIAGNOSTIC,    60, -8.915691375732e-01, 2.381434342169e-06, 2.3889e+02, 2.6084e+00, 
 1DIAGNOSTIC,    61, -8.915845751762e-01, 2.241025413241e-06, 2.4149e+02, 2.5990e+00, 
 1DIAGNOSTIC,    62, -8.915936350822e-01, 2.112096808560e-06, 2.4409e+02, 2.6010e+00, 
 1DIAGNOSTIC,    63, -8.915989398956e-01, 1.921624971146e-06, 2.4667e+02, 2.5818e+00, 
 1DIAGNOSTIC,    64, -8.916115164757e-01, 1.802298129405e-06, 2.4928e+02, 2.6035e+00, 
 1DIAGNOSTIC,    65, -8.916122913361e-01, 1.648241550356e-06, 2.5187e+02, 2.5910e+00, 
 1DIAGNOSTIC,    66, -8.916397094727e-01, 1.576977069817e-06, 2.5447e+02, 2.6038e+00, 
 1DIAGNOSTIC,    67, -8.916329741478e-01, 1.492430897088e-06, 2.5706e+02, 2.5860e+00, 
 1DIAGNOSTIC,    68, -8.916453123093e-01, 1.420992703061e-06, 2.5969e+02, 2.6388e+00, 
 1DIAGNOSTIC,    69, -8.916499018669e-01, 1.298717847931e-06, 2.6231e+02, 2.6147e+00, 
 1DIAGNOSTIC,    70, -8.916637897491e-01, 1.256730797650e-06, 2.6491e+02, 2.5960e+00, 
 1DIAGNOSTIC,    71, -8.916779160500e-01, 1.269165068152e-06, 2.6750e+02, 2.5981e+00, 
 1DIAGNOSTIC,    72, -8.916774988174e-01, 1.239697553501e-06, 2.7012e+02, 2.6155e+00, 
 1DIAGNOSTIC,    73, -8.916726112366e-01, 1.137333356382e-06, 2.7273e+02, 2.6144e+00, 
 1DIAGNOSTIC,    74, -8.916916847229e-01, 1.108487595047e-06, 2.7534e+02, 2.6091e+00, 
 1DIAGNOSTIC,    75, -8.916995525360e-01, 1.045102635544e-06, 2.7796e+02, 2.6157e+00, 
 1DIAGNOSTIC,    76, -8.916948437691e-01, 1.019248315970e-06, 2.8056e+02, 2.6004e+00, 
 1DIAGNOSTIC,    77, -8.917040824890e-01, 9.483877079219e-07, 2.8315e+02, 2.5962e+00, 
 1DIAGNOSTIC,    78, -8.917061090469e-01, 8.869492944541e-07, 2.8576e+02, 2.6033e+00, 
 1DIAGNOSTIC,    79, -8.917092084885e-01, 8.095964858512e-07, 2.8837e+02, 2.6081e+00, 
 1DIAGNOSTIC,    80, -8.917167186737e-01, 7.780608370922e-07, 2.9096e+02, 2.5930e+00, 
 1DIAGNOSTIC,    81, -8.917100429535e-01, 7.405612905131e-07, 2.9355e+02, 2.5937e+00, 
 1DIAGNOSTIC,    82, -8.917246460915e-01, 7.283873628694e-07, 2.9617e+02, 2.6124e+00, 
 1DIAGNOSTIC,    83, -8.917272090912e-01, 6.709545345984e-07, 2.9877e+02, 2.6051e+00, 
 1DIAGNOSTIC,    84, -8.917372226715e-01, 6.969214041419e-07, 3.0137e+02, 2.5986e+00, 
 1DIAGNOSTIC,    85, -8.917329311371e-01, 7.055973014758e-07, 3.0396e+02, 2.5924e+00, 
 1DIAGNOSTIC,    86, -8.917378783226e-01, 6.834637815700e-07, 3.0657e+02, 2.6050e+00, 
 1DIAGNOSTIC,    87, -8.917452692986e-01, 6.920686246303e-07, 3.0917e+02, 2.6062e+00, 
 1DIAGNOSTIC,    88, -8.917417526245e-01, 6.618928978241e-07, 3.1178e+02, 2.6032e+00, 
 1DIAGNOSTIC,    89, -8.917484879494e-01, 6.388909810084e-07, 3.1438e+02, 2.6064e+00, 
 1DIAGNOSTIC,    90, -8.917421102524e-01, 5.943726932855e-07, 3.1700e+02, 2.6171e+00, 
 1DIAGNOSTIC,    91, -8.917466402054e-01, 5.196700954002e-07, 3.1961e+02, 2.6118e+00, 
 1DIAGNOSTIC,    92, -8.917536735535e-01, 5.044508952778e-07, 3.2223e+02, 2.6140e+00, 
 1DIAGNOSTIC,    93, -8.917479515076e-01, 4.617004947249e-07, 3.2492e+02, 2.6907e+00, 
 1DIAGNOSTIC,    94, -8.917562961578e-01, 4.725852420506e-07, 3.2751e+02, 2.5924e+00, 
 1DIAGNOSTIC,    95, -8.917507529259e-01, 4.364611072560e-07, 3.3011e+02, 2.5968e+00, 
 1DIAGNOSTIC,    96, -8.917590975761e-01, 4.353425140380e-07, 3.3271e+02, 2.6040e+00, 
 1DIAGNOSTIC,    97, -8.917532563210e-01, 4.286710009183e-07, 3.3531e+02, 2.6051e+00, 
 1DIAGNOSTIC,    98, -8.917624950409e-01, 4.311538646107e-07, 3.3794e+02, 2.6241e+00, 
 1DIAGNOSTIC,    99, -8.917577266693e-01, 4.298539693082e-07, 3.4056e+02, 2.6245e+00, 
 1DIAGNOSTIC,   100, -8.917615413666e-01, 4.100875798940e-07, 3.4318e+02, 2.6132e+00, 
XXDIAGNOSTIC,Iteration,metricValue,convergenceValue,ITERATION_TIME_INDEX,SINCE_LAST
 1DIAGNOSTIC,     1, -7.567651271820e-01, inf, 3.6542e+02, 2.2242e+01, 
 1DIAGNOSTIC,     2, -7.591348290443e-01, inf, 3.8672e+02, 2.1301e+01, 
 1DIAGNOSTIC,     3, -7.617275714874e-01, inf, 4.0783e+02, 2.1112e+01, 
 1DIAGNOSTIC,     4, -7.640788555145e-01, inf, 4.2909e+02, 2.1257e+01, 
 1DIAGNOSTIC,     5, -7.661874294281e-01, inf, 4.5044e+02, 2.1348e+01, 
 1DIAGNOSTIC,     6, -7.681686282158e-01, inf, 4.7189e+02, 2.1449e+01, 
 1DIAGNOSTIC,     7, -7.698266506195e-01, inf, 4.9311e+02, 2.1226e+01, 
 1DIAGNOSTIC,     8, -7.713253498077e-01, inf, 5.1429e+02, 2.1184e+01, 
 1DIAGNOSTIC,     9, -7.725594043732e-01, inf, 5.3565e+02, 2.1359e+01, 
 1DIAGNOSTIC,    10, -7.736749053001e-01, 1.426817849278e-03, 5.5695e+02, 2.1300e+01, 
 1DIAGNOSTIC,    11, -7.746875286102e-01, 1.168846269138e-03, 5.7825e+02, 2.1299e+01, 
 1DIAGNOSTIC,    12, -7.756068110466e-01, 9.496874408796e-04, 5.9962e+02, 2.1363e+01, 
 1DIAGNOSTIC,    13, -7.764418125153e-01, 7.753908284940e-04, 6.2141e+02, 2.1794e+01, 
 1DIAGNOSTIC,    14, -7.772043347359e-01, 6.372688803822e-04, 6.4242e+02, 2.1009e+01, 
 1DIAGNOSTIC,    15, -7.779079675674e-01, 5.281180492602e-04, 6.6351e+02, 2.1094e+01, 
 1DIAGNOSTIC,    16, -7.785457372665e-01, 4.442000063136e-04, 6.8475e+02, 2.1230e+01, 
 1DIAGNOSTIC,    17, -7.791357040405e-01, 3.776722005568e-04, 7.0644e+02, 2.1697e+01, 
 1DIAGNOSTIC,    18, -7.796745300293e-01, 3.251370217185e-04, 7.2764e+02, 2.1202e+01, 
 1DIAGNOSTIC,    19, -7.801728248596e-01, 2.813977480400e-04, 7.4878e+02, 2.1135e+01, 
 1DIAGNOSTIC,    20, -7.806282043457e-01, 2.446420839988e-04, 7.7004e+02, 2.1264e+01, 
 1DIAGNOSTIC,    21, -7.810516357422e-01, 2.136349212378e-04, 7.9136e+02, 2.1319e+01, 
 1DIAGNOSTIC,    22, -7.814419269562e-01, 1.872938737506e-04, 8.1301e+02, 2.1652e+01, 
 1DIAGNOSTIC,    23, -7.818083763123e-01, 1.648453908274e-04, 8.3437e+02, 2.1360e+01, 
 1DIAGNOSTIC,    24, -7.821379899979e-01, 1.454724842915e-04, 8.5546e+02, 2.1090e+01, 
 1DIAGNOSTIC,    25, -7.824486494064e-01, 1.288518687943e-04, 8.7713e+02, 2.1671e+01, 
 1DIAGNOSTIC,    26, -7.827340364456e-01, 1.143957415479e-04, 8.9832e+02, 2.1186e+01, 
 1DIAGNOSTIC,    27, -7.830079197884e-01, 1.019582923618e-04, 9.1964e+02, 2.1319e+01, 
 1DIAGNOSTIC,    28, -7.832636833191e-01, 9.119008609559e-05, 9.4111e+02, 2.1467e+01, 
 1DIAGNOSTIC,    29, -7.835013866425e-01, 8.185907790903e-05, 9.6239e+02, 2.1289e+01, 
 1DIAGNOSTIC,    30, -7.837241888046e-01, 7.370556704700e-05, 9.8394e+02, 2.1547e+01, 
 1DIAGNOSTIC,    31, -7.839309573174e-01, 6.656454206677e-05, 1.0053e+03, 2.1351e+01, 
 1DIAGNOSTIC,    32, -7.841229438782e-01, 6.024400863680e-05, 1.0267e+03, 2.1390e+01, 
 1DIAGNOSTIC,    33, -7.843058109283e-01, 5.471231634147e-05, 1.0479e+03, 2.1210e+01, 
 1DIAGNOSTIC,    34, -7.844781875610e-01, 4.974318289896e-05, 1.0691e+03, 2.1212e+01, 
 1DIAGNOSTIC,    35, -7.846400737762e-01, 4.530437217909e-05, 1.0902e+03, 2.1135e+01, 
 1DIAGNOSTIC,    36, -7.847924232483e-01, 4.128553700866e-05, 1.1115e+03, 2.1257e+01, 
 1DIAGNOSTIC,    37, -7.849430441856e-01, 3.778680911637e-05, 1.1329e+03, 2.1383e+01, 
 1DIAGNOSTIC,    38, -7.850842475891e-01, 3.472862226772e-05, 1.1542e+03, 2.1334e+01, 
 1DIAGNOSTIC,    39, -7.852132320404e-01, 3.199198181392e-05, 1.1756e+03, 2.1401e+01, 
 1DIAGNOSTIC,    40, -7.853379249573e-01, 2.955791205750e-05, 1.1966e+03, 2.1011e+01, 
 1DIAGNOSTIC,    41, -7.854451537132e-01, 2.726241291384e-05, 1.2178e+03, 2.1180e+01, 
 1DIAGNOSTIC,    42, -7.855527997017e-01, 2.512301216484e-05, 1.2393e+03, 2.1468e+01, 
 1DIAGNOSTIC,    43, -7.856528162956e-01, 2.312778633495e-05, 1.2604e+03, 2.1095e+01, 
 1DIAGNOSTIC,    44, -7.857486605644e-01, 2.128246887878e-05, 1.2818e+03, 2.1463e+01, 
 1DIAGNOSTIC,    45, -7.858355641365e-01, 1.954772051249e-05, 1.3031e+03, 2.1271e+01, 
 1DIAGNOSTIC,    46, -7.859253883362e-01, 1.798511402740e-05, 1.3246e+03, 2.1459e+01, 
 1DIAGNOSTIC,    47, -7.860060334206e-01, 1.660652924329e-05, 1.3459e+03, 2.1361e+01, 
 1DIAGNOSTIC,    48, -7.860844135284e-01, 1.540899211250e-05, 1.3672e+03, 2.1269e+01, 
 1DIAGNOSTIC,    49, -7.861663699150e-01, 1.439870175091e-05, 1.3888e+03, 2.1647e+01, 
 1DIAGNOSTIC,    50, -7.862396240234e-01, 1.353789593850e-05, 1.4101e+03, 2.1253e+01, 
 1DIAGNOSTIC,    51, -7.863066792488e-01, 1.270399025088e-05, 1.4316e+03, 2.1468e+01, 
 1DIAGNOSTIC,    52, -7.863736152649e-01, 1.195396635012e-05, 1.4528e+03, 2.1225e+01, 
 1DIAGNOSTIC,    53, -7.864391207695e-01, 1.126842926169e-05, 1.4742e+03, 2.1439e+01, 
 1DIAGNOSTIC,    54, -7.864998579025e-01, 1.062783303496e-05, 1.4954e+03, 2.1170e+01, 
 1DIAGNOSTIC,    55, -7.865598797798e-01, 1.000734118861e-05, 1.5166e+03, 2.1164e+01, 
 1DIAGNOSTIC,    56, -7.866200208664e-01, 9.468953976466e-06, 1.5380e+03, 2.1400e+01, 
 1DIAGNOSTIC,    57, -7.866684198380e-01, 8.908471500035e-06, 1.5596e+03, 2.1605e+01, 
 1DIAGNOSTIC,    58, -7.867164611816e-01, 8.348734809260e-06, 1.5809e+03, 2.1297e+01, 
 1DIAGNOSTIC,    59, -7.867645025253e-01, 7.851525879232e-06, 1.6022e+03, 2.1311e+01, 
 1DIAGNOSTIC,    60, -7.868063449860e-01, 7.357306913036e-06, 1.6239e+03, 2.1698e+01, 
 1DIAGNOSTIC,    61, -7.868468761444e-01, 6.856717845949e-06, 1.6451e+03, 2.1260e+01, 
 1DIAGNOSTIC,    62, -7.868895530701e-01, 6.399227459042e-06, 1.6665e+03, 2.1363e+01, 
 1DIAGNOSTIC,    63, -7.869263291359e-01, 5.973741735943e-06, 1.6876e+03, 2.1089e+01, 
 1DIAGNOSTIC,    64, -7.869670987129e-01, 5.605617843685e-06, 1.7091e+03, 2.1535e+01, 
 1DIAGNOSTIC,    65, -7.870052456856e-01, 5.298828909872e-06, 1.7304e+03, 2.1327e+01, 
 1DIAGNOSTIC,    66, -7.870398759842e-01, 5.055211659055e-06, 1.7517e+03, 2.1277e+01, 
 1DIAGNOSTIC,    67, -7.870728969574e-01, 4.815297415917e-06, 1.7728e+03, 2.1127e+01, 
 1DIAGNOSTIC,    68, -7.871077060699e-01, 4.602055469149e-06, 1.7942e+03, 2.1305e+01, 
 1DIAGNOSTIC,    69, -7.871352434158e-01, 4.389851710584e-06, 1.8156e+03, 2.1401e+01, 
 1DIAGNOSTIC,    70, -7.871656417847e-01, 4.176391485089e-06, 1.8369e+03, 2.1395e+01, 
XXDIAGNOSTIC,Iteration,metricValue,convergenceValue,ITERATION_TIME_INDEX,SINCE_LAST
 1DIAGNOSTIC,     1, -4.720487594604e-01, inf, 2.0091e+03, 1.7211e+02, 
 1DIAGNOSTIC,     2, -4.733986854553e-01, inf, 2.1806e+03, 1.7154e+02, 
 1DIAGNOSTIC,     3, -4.752293825150e-01, inf, 2.3527e+03, 1.7211e+02, 
 1DIAGNOSTIC,     4, -4.771527647972e-01, inf, 2.5250e+03, 1.7230e+02, 
 1DIAGNOSTIC,     5, -4.789129793644e-01, inf, 2.6970e+03, 1.7203e+02, 
 1DIAGNOSTIC,     6, -4.804482758045e-01, inf, 2.8700e+03, 1.7293e+02, 
 1DIAGNOSTIC,     7, -4.818283021450e-01, inf, 3.0418e+03, 1.7180e+02, 
 1DIAGNOSTIC,     8, -4.830868840218e-01, inf, 3.2122e+03, 1.7043e+02, 
 1DIAGNOSTIC,     9, -4.842672348022e-01, inf, 3.3839e+03, 1.7165e+02, 
 1DIAGNOSTIC,    10, -4.854123592377e-01, 1.830682507716e-03, 3.5543e+03, 1.7047e+02, 
 1DIAGNOSTIC,    11, -4.865645766258e-01, 1.576960552484e-03, 3.7252e+03, 1.7093e+02, 
 1DIAGNOSTIC,    12, -4.877614676952e-01, 1.348681515083e-03, 3.8976e+03, 1.7231e+02, 
 1DIAGNOSTIC,    13, -4.889686703682e-01, 1.170567702502e-03, 4.0686e+03, 1.7103e+02, 
 1DIAGNOSTIC,    14, -4.901072978973e-01, 1.039497088641e-03, 4.2402e+03, 1.7163e+02, 
 1DIAGNOSTIC,    15, -4.913547337055e-01, 9.482661844231e-04, 4.4107e+03, 1.7051e+02, 
 1DIAGNOSTIC,    16, -4.924820661545e-01, 8.784583769739e-04, 4.5829e+03, 1.7219e+02, 
 1DIAGNOSTIC,    17, -4.935405850410e-01, 8.195430855267e-04, 4.7542e+03, 1.7128e+02, 
 1DIAGNOSTIC,    18, -4.945486783981e-01, 7.647991296835e-04, 4.9272e+03, 1.7301e+02, 
 1DIAGNOSTIC,    19, -4.955182075500e-01, 7.107730489224e-04, 5.0990e+03, 1.7178e+02, 
 1DIAGNOSTIC,    20, -4.965175390244e-01, 6.583704380319e-04, 5.2721e+03, 1.7315e+02, 
  Elapsed time (stage 2): 5274


Total elapsed time: 5305
Using single precision for computations.
Input scalar image: /home/mpib/nemecz/Projects/miniTRK/Results/01_MRI/GroupTempl/T1w/T_template0sub-876066_T1wRepaired.nii.gz
Reference image: /home/mpib/nemecz/Projects/miniTRK/Results/01_MRI/GroupTempl/T1w/T_template0.nii.gz
=============================================================================
The composite transform comprises the following transforms (in order): 
  1. /home/mpib/nemecz/Projects/miniTRK/Results/01_MRI/GroupTempl/T1w/T_sub-876066_T1w330GenericAffine.mat (type = AffineTransform)
  2. /home/mpib/nemecz/Projects/miniTRK/Results/01_MRI/GroupTempl/T1w/T_sub-876066_T1w331Warp.nii.gz (type = DisplacementFieldTransform)
=============================================================================
Default pixel value: 0
Interpolation type: LinearInterpolateImageFunction
Output warped image: /home/mpib/nemecz/Projects/miniTRK/Results/01_MRI/GroupTempl/T1w/T_template0sub-876066_T1w33WarpedToTemplate.nii.gz
