
Running N4 for 3-dimensional images.

Mask not read.  Using the entire image as the mask.

Original intensity range:  [0, 918]

***********************************************************
Warning:  Your input image contains nonpositive values
which could cause failure or problematic results.  A
possible workaround would be to:
   1. rescale your image to positive values e.g., [10,100].
   2. run N4 on your rescaled image.
   3. (optional) rescale the N4 output to the original
      intensity range.
***********************************************************

Specified spline distance: 200mm
  original image size:  [192, 256, 256]
  padded image size:  [201, 401, 401]
  number of control points:  [4, 5, 5]

Current level = 1
  Iteration 1 (of 50).   Current convergence value = 0.000625239 (threshold = 1e-08)
  Iteration 2 (of 50).   Current convergence value = 0.000409196 (threshold = 1e-08)
  Iteration 3 (of 50).   Current convergence value = 0.000269897 (threshold = 1e-08)
  Iteration 4 (of 50).   Current convergence value = 0.000182491 (threshold = 1e-08)
  Iteration 5 (of 50).   Current convergence value = 0.000129521 (threshold = 1e-08)
  Iteration 6 (of 50).   Current convergence value = 0.000100658 (threshold = 1e-08)
  Iteration 7 (of 50).   Current convergence value = 8.81541e-05 (threshold = 1e-08)
  Iteration 8 (of 50).   Current convergence value = 8.49767e-05 (threshold = 1e-08)
  Iteration 9 (of 50).   Current convergence value = 8.58649e-05 (threshold = 1e-08)
  Iteration 10 (of 50).   Current convergence value = 8.79916e-05 (threshold = 1e-08)
  Iteration 11 (of 50).   Current convergence value = 9.01704e-05 (threshold = 1e-08)
  Iteration 12 (of 50).   Current convergence value = 9.19958e-05 (threshold = 1e-08)
  Iteration 13 (of 50).   Current convergence value = 9.36216e-05 (threshold = 1e-08)
  Iteration 14 (of 50).   Current convergence value = 9.46671e-05 (threshold = 1e-08)
  Iteration 15 (of 50).   Current convergence value = 9.53946e-05 (threshold = 1e-08)
  Iteration 16 (of 50).   Current convergence value = 9.59593e-05 (threshold = 1e-08)
  Iteration 17 (of 50).   Current convergence value = 9.61824e-05 (threshold = 1e-08)
  Iteration 18 (of 50).   Current convergence value = 9.64669e-05 (threshold = 1e-08)
  Iteration 19 (of 50).   Current convergence value = 9.65652e-05 (threshold = 1e-08)
  Iteration 20 (of 50).   Current convergence value = 9.66902e-05 (threshold = 1e-08)
  Iteration 21 (of 50).   Current convergence value = 9.66191e-05 (threshold = 1e-08)
  Iteration 22 (of 50).   Current convergence value = 9.64853e-05 (threshold = 1e-08)
  Iteration 23 (of 50).   Current convergence value = 9.64114e-05 (threshold = 1e-08)
  Iteration 24 (of 50).   Current convergence value = 9.62393e-05 (threshold = 1e-08)
  Iteration 25 (of 50).   Current convergence value = 9.6145e-05 (threshold = 1e-08)
  Iteration 26 (of 50).   Current convergence value = 9.58856e-05 (threshold = 1e-08)
  Iteration 27 (of 50).   Current convergence value = 9.55834e-05 (threshold = 1e-08)
  Iteration 28 (of 50).   Current convergence value = 9.52708e-05 (threshold = 1e-08)
  Iteration 29 (of 50).   Current convergence value = 9.49384e-05 (threshold = 1e-08)
  Iteration 30 (of 50).   Current convergence value = 9.45539e-05 (threshold = 1e-08)
  Iteration 31 (of 50).   Current convergence value = 9.40931e-05 (threshold = 1e-08)
  Iteration 32 (of 50).   Current convergence value = 9.36197e-05 (threshold = 1e-08)
  Iteration 33 (of 50).   Current convergence value = 9.31627e-05 (threshold = 1e-08)
  Iteration 34 (of 50).   Current convergence value = 9.27604e-05 (threshold = 1e-08)
  Iteration 35 (of 50).   Current convergence value = 9.2311e-05 (threshold = 1e-08)
  Iteration 36 (of 50).   Current convergence value = 9.17946e-05 (threshold = 1e-08)
  Iteration 37 (of 50).   Current convergence value = 9.13577e-05 (threshold = 1e-08)
  Iteration 38 (of 50).   Current convergence value = 9.09495e-05 (threshold = 1e-08)
  Iteration 39 (of 50).   Current convergence value = 9.05673e-05 (threshold = 1e-08)
  Iteration 40 (of 50).   Current convergence value = 9.01425e-05 (threshold = 1e-08)
  Iteration 41 (of 50).   Current convergence value = 8.97438e-05 (threshold = 1e-08)
  Iteration 42 (of 50).   Current convergence value = 8.93295e-05 (threshold = 1e-08)
  Iteration 43 (of 50).   Current convergence value = 8.88446e-05 (threshold = 1e-08)
  Iteration 44 (of 50).   Current convergence value = 8.83771e-05 (threshold = 1e-08)
  Iteration 45 (of 50).   Current convergence value = 8.80455e-05 (threshold = 1e-08)
  Iteration 46 (of 50).   Current convergence value = 8.77289e-05 (threshold = 1e-08)
  Iteration 47 (of 50).   Current convergence value = 8.74338e-05 (threshold = 1e-08)
  Iteration 48 (of 50).   Current convergence value = 8.70138e-05 (threshold = 1e-08)
  Iteration 49 (of 50).   Current convergence value = 8.65756e-05 (threshold = 1e-08)
  Iteration 50 (of 50).   Current convergence value = 8.62617e-05 (threshold = 1e-08)
Current level = 2
  Iteration 1 (of 50).   Current convergence value = 0.000537503 (threshold = 1e-08)
  Iteration 2 (of 50).   Current convergence value = 0.000440167 (threshold = 1e-08)
  Iteration 3 (of 50).   Current convergence value = 0.000374177 (threshold = 1e-08)
  Iteration 4 (of 50).   Current convergence value = 0.00032147 (threshold = 1e-08)
  Iteration 5 (of 50).   Current convergence value = 0.000277834 (threshold = 1e-08)
  Iteration 6 (of 50).   Current convergence value = 0.000242518 (threshold = 1e-08)
  Iteration 7 (of 50).   Current convergence value = 0.000216354 (threshold = 1e-08)
  Iteration 8 (of 50).   Current convergence value = 0.000197853 (threshold = 1e-08)
  Iteration 9 (of 50).   Current convergence value = 0.000177076 (threshold = 1e-08)
  Iteration 10 (of 50).   Current convergence value = 0.000159575 (threshold = 1e-08)
  Iteration 11 (of 50).   Current convergence value = 0.000144504 (threshold = 1e-08)
  Iteration 12 (of 50).   Current convergence value = 0.00013132 (threshold = 1e-08)
  Iteration 13 (of 50).   Current convergence value = 0.000120241 (threshold = 1e-08)
  Iteration 14 (of 50).   Current convergence value = 0.000110613 (threshold = 1e-08)
  Iteration 15 (of 50).   Current convergence value = 0.00010341 (threshold = 1e-08)
  Iteration 16 (of 50).   Current convergence value = 9.96468e-05 (threshold = 1e-08)
  Iteration 17 (of 50).   Current convergence value = 9.67489e-05 (threshold = 1e-08)
  Iteration 18 (of 50).   Current convergence value = 9.44306e-05 (threshold = 1e-08)
  Iteration 19 (of 50).   Current convergence value = 9.2799e-05 (threshold = 1e-08)
  Iteration 20 (of 50).   Current convergence value = 9.14725e-05 (threshold = 1e-08)
  Iteration 21 (of 50).   Current convergence value = 9.028e-05 (threshold = 1e-08)
  Iteration 22 (of 50).   Current convergence value = 8.94719e-05 (threshold = 1e-08)
  Iteration 23 (of 50).   Current convergence value = 8.84715e-05 (threshold = 1e-08)
  Iteration 24 (of 50).   Current convergence value = 8.74667e-05 (threshold = 1e-08)
  Iteration 25 (of 50).   Current convergence value = 8.68484e-05 (threshold = 1e-08)
  Iteration 26 (of 50).   Current convergence value = 8.59607e-05 (threshold = 1e-08)
  Iteration 27 (of 50).   Current convergence value = 8.51405e-05 (threshold = 1e-08)
  Iteration 28 (of 50).   Current convergence value = 8.43497e-05 (threshold = 1e-08)
  Iteration 29 (of 50).   Current convergence value = 8.37912e-05 (threshold = 1e-08)
  Iteration 30 (of 50).   Current convergence value = 8.30635e-05 (threshold = 1e-08)
  Iteration 31 (of 50).   Current convergence value = 8.23385e-05 (threshold = 1e-08)
  Iteration 32 (of 50).   Current convergence value = 8.1665e-05 (threshold = 1e-08)
  Iteration 33 (of 50).   Current convergence value = 8.10773e-05 (threshold = 1e-08)
  Iteration 34 (of 50).   Current convergence value = 8.03776e-05 (threshold = 1e-08)
  Iteration 35 (of 50).   Current convergence value = 7.98716e-05 (threshold = 1e-08)
  Iteration 36 (of 50).   Current convergence value = 7.91509e-05 (threshold = 1e-08)
  Iteration 37 (of 50).   Current convergence value = 7.83296e-05 (threshold = 1e-08)
  Iteration 38 (of 50).   Current convergence value = 7.78176e-05 (threshold = 1e-08)
  Iteration 39 (of 50).   Current convergence value = 7.70292e-05 (threshold = 1e-08)
  Iteration 40 (of 50).   Current convergence value = 7.6248e-05 (threshold = 1e-08)
  Iteration 41 (of 50).   Current convergence value = 7.56204e-05 (threshold = 1e-08)
  Iteration 42 (of 50).   Current convergence value = 7.48097e-05 (threshold = 1e-08)
  Iteration 43 (of 50).   Current convergence value = 7.4084e-05 (threshold = 1e-08)
  Iteration 44 (of 50).   Current convergence value = 7.33779e-05 (threshold = 1e-08)
  Iteration 45 (of 50).   Current convergence value = 7.27559e-05 (threshold = 1e-08)
  Iteration 46 (of 50).   Current convergence value = 7.19156e-05 (threshold = 1e-08)
  Iteration 47 (of 50).   Current convergence value = 7.13168e-05 (threshold = 1e-08)
  Iteration 48 (of 50).   Current convergence value = 7.05143e-05 (threshold = 1e-08)
  Iteration 49 (of 50).   Current convergence value = 6.97938e-05 (threshold = 1e-08)
  Iteration 50 (of 50).   Current convergence value = 6.92941e-05 (threshold = 1e-08)
Current level = 3
  Iteration 1 (of 40).   Current convergence value = 0.00160852 (threshold = 1e-08)
  Iteration 2 (of 40).   Current convergence value = 0.00115826 (threshold = 1e-08)
  Iteration 3 (of 40).   Current convergence value = 0.000917235 (threshold = 1e-08)
  Iteration 4 (of 40).   Current convergence value = 0.000770685 (threshold = 1e-08)
  Iteration 5 (of 40).   Current convergence value = 0.000674256 (threshold = 1e-08)
  Iteration 6 (of 40).   Current convergence value = 0.00059681 (threshold = 1e-08)
  Iteration 7 (of 40).   Current convergence value = 0.000536115 (threshold = 1e-08)
  Iteration 8 (of 40).   Current convergence value = 0.000490413 (threshold = 1e-08)
  Iteration 9 (of 40).   Current convergence value = 0.000455603 (threshold = 1e-08)
  Iteration 10 (of 40).   Current convergence value = 0.000427228 (threshold = 1e-08)
  Iteration 11 (of 40).   Current convergence value = 0.000404274 (threshold = 1e-08)
  Iteration 12 (of 40).   Current convergence value = 0.000385387 (threshold = 1e-08)
  Iteration 13 (of 40).   Current convergence value = 0.000369162 (threshold = 1e-08)
  Iteration 14 (of 40).   Current convergence value = 0.00035532 (threshold = 1e-08)
  Iteration 15 (of 40).   Current convergence value = 0.000343309 (threshold = 1e-08)
  Iteration 16 (of 40).   Current convergence value = 0.000332756 (threshold = 1e-08)
  Iteration 17 (of 40).   Current convergence value = 0.000323468 (threshold = 1e-08)
  Iteration 18 (of 40).   Current convergence value = 0.000315086 (threshold = 1e-08)
  Iteration 19 (of 40).   Current convergence value = 0.000307454 (threshold = 1e-08)
  Iteration 20 (of 40).   Current convergence value = 0.000300508 (threshold = 1e-08)
  Iteration 21 (of 40).   Current convergence value = 0.000294233 (threshold = 1e-08)
  Iteration 22 (of 40).   Current convergence value = 0.000289295 (threshold = 1e-08)
  Iteration 23 (of 40).   Current convergence value = 0.000284714 (threshold = 1e-08)
  Iteration 24 (of 40).   Current convergence value = 0.000280437 (threshold = 1e-08)
  Iteration 25 (of 40).   Current convergence value = 0.000276163 (threshold = 1e-08)
  Iteration 26 (of 40).   Current convergence value = 0.000272243 (threshold = 1e-08)
  Iteration 27 (of 40).   Current convergence value = 0.00026874 (threshold = 1e-08)
  Iteration 28 (of 40).   Current convergence value = 0.000265321 (threshold = 1e-08)
  Iteration 29 (of 40).   Current convergence value = 0.000262147 (threshold = 1e-08)
  Iteration 30 (of 40).   Current convergence value = 0.000259191 (threshold = 1e-08)
  Iteration 31 (of 40).   Current convergence value = 0.000256239 (threshold = 1e-08)
  Iteration 32 (of 40).   Current convergence value = 0.000253563 (threshold = 1e-08)
  Iteration 33 (of 40).   Current convergence value = 0.000251008 (threshold = 1e-08)
  Iteration 34 (of 40).   Current convergence value = 0.000248516 (threshold = 1e-08)
  Iteration 35 (of 40).   Current convergence value = 0.000246246 (threshold = 1e-08)
  Iteration 36 (of 40).   Current convergence value = 0.000243962 (threshold = 1e-08)
  Iteration 37 (of 40).   Current convergence value = 0.000241808 (threshold = 1e-08)
  Iteration 38 (of 40).   Current convergence value = 0.000239764 (threshold = 1e-08)
  Iteration 39 (of 40).   Current convergence value = 0.000237867 (threshold = 1e-08)
  Iteration 40 (of 40).   Current convergence value = 0.000236014 (threshold = 1e-08)
Current level = 4
  Iteration 1 (of 30).   Current convergence value = 0.00188371 (threshold = 1e-08)
  Iteration 2 (of 30).   Current convergence value = 0.00167032 (threshold = 1e-08)
  Iteration 3 (of 30).   Current convergence value = 0.0015873 (threshold = 1e-08)
  Iteration 4 (of 30).   Current convergence value = 0.00153173 (threshold = 1e-08)
  Iteration 5 (of 30).   Current convergence value = 0.00148844 (threshold = 1e-08)
  Iteration 6 (of 30).   Current convergence value = 0.00144859 (threshold = 1e-08)
  Iteration 7 (of 30).   Current convergence value = 0.00141101 (threshold = 1e-08)
  Iteration 8 (of 30).   Current convergence value = 0.00137221 (threshold = 1e-08)
  Iteration 9 (of 30).   Current convergence value = 0.00134323 (threshold = 1e-08)
  Iteration 10 (of 30).   Current convergence value = 0.00131803 (threshold = 1e-08)
  Iteration 11 (of 30).   Current convergence value = 0.00129534 (threshold = 1e-08)
  Iteration 12 (of 30).   Current convergence value = 0.00127366 (threshold = 1e-08)
  Iteration 13 (of 30).   Current convergence value = 0.00125349 (threshold = 1e-08)
  Iteration 14 (of 30).   Current convergence value = 0.00123348 (threshold = 1e-08)
  Iteration 15 (of 30).   Current convergence value = 0.00121299 (threshold = 1e-08)
  Iteration 16 (of 30).   Current convergence value = 0.00119237 (threshold = 1e-08)
  Iteration 17 (of 30).   Current convergence value = 0.00117009 (threshold = 1e-08)
  Iteration 18 (of 30).   Current convergence value = 0.00114594 (threshold = 1e-08)
  Iteration 19 (of 30).   Current convergence value = 0.00112033 (threshold = 1e-08)
  Iteration 20 (of 30).   Current convergence value = 0.00109267 (threshold = 1e-08)
  Iteration 21 (of 30).   Current convergence value = 0.00106276 (threshold = 1e-08)
  Iteration 22 (of 30).   Current convergence value = 0.0010315 (threshold = 1e-08)
  Iteration 23 (of 30).   Current convergence value = 0.000999542 (threshold = 1e-08)
  Iteration 24 (of 30).   Current convergence value = 0.000966354 (threshold = 1e-08)
  Iteration 25 (of 30).   Current convergence value = 0.000932216 (threshold = 1e-08)
  Iteration 26 (of 30).   Current convergence value = 0.000900322 (threshold = 1e-08)
  Iteration 27 (of 30).   Current convergence value = 0.000881461 (threshold = 1e-08)
  Iteration 28 (of 30).   Current convergence value = 0.000860336 (threshold = 1e-08)
  Iteration 29 (of 30).   Current convergence value = 0.0008462 (threshold = 1e-08)
  Iteration 30 (of 30).   Current convergence value = 0.000835923 (threshold = 1e-08)
   N4BiasFieldCorrectionImageFilter (0x55e7d228ee20)
     RTTI typeinfo:   itk::N4BiasFieldCorrectionImageFilter<itk::Image<float, 3u>, itk::Image<float, 3u>, itk::Image<float, 3u> >
     Reference Count: 1
     Modified Time: 565
     Debug: Off
     Object Name: 
     Observers: 
       IterationEvent(Command)
     Inputs: 
       ConfidenceImage: (0)
       MaskImage: (0x55e7d22b95e0)
       Primary: (0x55e7d22b4b30) *
     Indexed Inputs: 
       0: Primary (0x55e7d22b4b30)
       1: MaskImage (0x55e7d22b95e0)
       2: ConfidenceImage (0)
     Required Input Names: Primary
     NumberOfRequiredInputs: 1
     Outputs: 
       Primary: (0x55e7d229eef0)
     Indexed Outputs: 
       0: Primary (0x55e7d229eef0)
     NumberOfRequiredOutputs: 1
     Number Of Work Units: 32
     ReleaseDataFlag: Off
     ReleaseDataBeforeUpdateFlag: Off
     AbortGenerateData: Off
     Progress: 0
     Multithreader: 
       RTTI typeinfo:   itk::PoolMultiThreader
       Reference Count: 1
       Modified Time: 144
       Debug: Off
       Object Name: 
       Observers: 
         none
       Number of Work Units: 32
       Number of Threads: 8
       Global Maximum Number Of Threads: 128
       Global Default Number Of Threads: 8
       Global Default Threader Type: itk::MultiThreaderBaseEnums::Threader::Pool
       SingleMethod: 0
       SingleData: 0
     DynamicMultiThreading: On
     CoordinateTolerance: 1e-06
     DirectionTolerance: 1e-06
     Use Mask Label: 0
     Mask label: 1
     Number of histogram bins: 200
     Wiener filter noise: 0.01
     Bias field FWHM: 0.15
     Maximum number of iterations: [50, 50, 40, 30]
     Convergence threshold: 1e-08
     Spline order: 3
     Number of fitting levels: [4, 4, 4]
     Number of control points: [4, 5, 5]
     CurrentConvergenceMeasurement: 0.000835923
     CurrentLevel: 4
     ElapsedIterations: 31
     LogBiasFieldControlPointLattice: 
       Image (0x55e7d8d8f170)
         RTTI typeinfo:   itk::Image<itk::Vector<float, 1u>, 3u>
         Reference Count: 1
         Modified Time: 343560
         Debug: Off
         Object Name: 
         Observers: 
           none
         Source: (none)
         Source output name: (none)
         Release Data: Off
         Data Released: False
         Global Release Data: Off
         PipelineMTime: 0
         UpdateMTime: 0
         RealTimeStamp: 0 seconds 
         LargestPossibleRegion: 
           Dimension: 3
           Index: [0, 0, 0]
           Size: [11, 19, 19]
         BufferedRegion: 
           Dimension: 3
           Index: [0, 0, 0]
           Size: [11, 19, 19]
         RequestedRegion: 
           Dimension: 3
           Index: [0, 0, 0]
           Size: [11, 19, 19]
         Spacing: [24.75, 24.875, 24.875]
         Origin: [23.6469, 24.6791, -26.1124]
         Direction: 
-0.999472 0.0288095 0.0150123
-0.02827 -0.998988 0.0349891
0.0160051 0.0345462 0.999275

         IndexToPointMatrix: 
-24.7369 0.716636 0.373431
-0.699682 -24.8498 0.870354
0.396127 0.859337 24.857

         PointToIndexMatrix: 
-0.0403827 -0.00114222 0.000646672
0.00115817 -0.0401603 0.00138879
0.00060351 0.0014066 0.0401719

         Inverse Direction: 
-0.999472 -0.02827 0.0160051
0.0288095 -0.998988 0.0345462
0.0150123 0.0349891 0.999275

         PixelContainer: 
           ImportImageContainer (0x55e7dc42c380)
             RTTI typeinfo:   itk::ImportImageContainer<unsigned long, itk::Vector<float, 1u> >
             Reference Count: 1
             Modified Time: 343561
             Debug: Off
             Object Name: 
             Observers: 
               none
             Pointer: 0x55e7dc427960
             Container manages memory: true
             Size: 3971
             Capacity: 3971
Elapsed time: 308.418
All_Command_lines_OK
Using single precision for computations.
=============================================================================
The composite transform comprises the following transforms (in order): 
  1. Center of mass alignment using fixed image: /home/mpib/nemecz/Projects/miniTRK/Results/01_MRI/GroupTempl/T1w/T_template0.nii.gz and moving image: /home/mpib/nemecz/Projects/miniTRK/Analysis/01_MRI/Preproc/GroupTempl/T1w/sub-641566_T1w.nii.gz (type = Euler3DTransform)
=============================================================================
  number of levels = 4
  number of levels = 4
  number of levels = 4
  fixed image: /home/mpib/nemecz/Projects/miniTRK/Results/01_MRI/GroupTempl/T1w/T_template0.nii.gz
  moving image: /home/mpib/nemecz/Projects/miniTRK/Results/01_MRI/GroupTempl/T1w/T_template0sub-641566_T1wRepaired.nii.gz
  fixed image: /home/mpib/nemecz/Projects/miniTRK/Results/01_MRI/GroupTempl/T1w/T_template0.nii.gz
  moving image: /home/mpib/nemecz/Projects/miniTRK/Results/01_MRI/GroupTempl/T1w/T_template0sub-641566_T1wRepaired.nii.gz
  fixed image: /home/mpib/nemecz/Projects/miniTRK/Results/01_MRI/GroupTempl/T1w/T_template0.nii.gz
  moving image: /home/mpib/nemecz/Projects/miniTRK/Results/01_MRI/GroupTempl/T1w/T_template0sub-641566_T1wRepaired.nii.gz
Dimension = 3
Number of stages = 3
Use Histogram Matching true
Winsorize image intensities true
Lower quantile = 0.01
Upper quantile = 0.99
Stage 1 State
   Image metric = Mattes
     Fixed image = Image (0x55d564ac3ad0)
  RTTI typeinfo:   itk::Image<float, 3u>
  Reference Count: 2
  Modified Time: 1721
  Debug: Off
  Object Name: 
  Observers: 
    none
  Source: (none)
  Source output name: (none)
  Release Data: Off
  Data Released: False
  Global Release Data: Off
  PipelineMTime: 0
  UpdateMTime: 1506
  RealTimeStamp: 0 seconds 
  LargestPossibleRegion: 
    Dimension: 3
    Index: [0, 0, 0]
    Size: [192, 256, 256]
  BufferedRegion: 
    Dimension: 3
    Index: [0, 0, 0]
    Size: [192, 256, 256]
  RequestedRegion: 
    Dimension: 3
    Index: [0, 0, 0]
    Size: [192, 256, 256]
  Spacing: [1, 1, 1]
  Origin: [95.0313, 100.538, -154.123]
  Direction: 
-0.999853 -0.014134 -0.00966312
0.014129 -0.9999 0.000586045
-0.00967044 0.000449429 0.999953

  IndexToPointMatrix: 
-0.999853 -0.014134 -0.00966312
0.014129 -0.9999 0.000586045
-0.00967044 0.000449429 0.999953

  PointToIndexMatrix: 
-0.999853 0.014129 -0.00967044
-0.014134 -0.9999 0.000449429
-0.00966312 0.000586045 0.999953

  Inverse Direction: 
-0.999853 0.014129 -0.00967044
-0.014134 -0.9999 0.000449429
-0.00966312 0.000586045 0.999953

  PixelContainer: 
    ImportImageContainer (0x55d564acbc80)
      RTTI typeinfo:   itk::ImportImageContainer<unsigned long, float>
      Reference Count: 1
      Modified Time: 1503
      Debug: Off
      Object Name: 
      Observers: 
        none
      Pointer: 0x7fad91c16010
      Container manages memory: true
      Size: 12582912
      Capacity: 12582912

     Moving image = Image (0x55d564ac4bc0)
  RTTI typeinfo:   itk::Image<float, 3u>
  Reference Count: 2
  Modified Time: 1722
  Debug: Off
  Object Name: 
  Observers: 
    none
  Source: (none)
  Source output name: (none)
  Release Data: Off
  Data Released: False
  Global Release Data: Off
  PipelineMTime: 0
  UpdateMTime: 1719
  RealTimeStamp: 0 seconds 
  LargestPossibleRegion: 
    Dimension: 3
    Index: [0, 0, 0]
    Size: [192, 256, 256]
  BufferedRegion: 
    Dimension: 3
    Index: [0, 0, 0]
    Size: [192, 256, 256]
  RequestedRegion: 
    Dimension: 3
    Index: [0, 0, 0]
    Size: [192, 256, 256]
  Spacing: [1, 1, 1]
  Origin: [88.6966, 94.9972, -154.979]
  Direction: 
-0.999472 0.0288095 0.0150123
-0.02827 -0.998988 0.0349891
0.0160051 0.0345462 0.999275

  IndexToPointMatrix: 
-0.999472 0.0288095 0.0150123
-0.02827 -0.998988 0.0349891
0.0160051 0.0345462 0.999275

  PointToIndexMatrix: 
-0.999472 -0.02827 0.0160051
0.0288095 -0.998988 0.0345462
0.0150123 0.0349891 0.999275

  Inverse Direction: 
-0.999472 -0.02827 0.0160051
0.0288095 -0.998988 0.0345462
0.0150123 0.0349891 0.999275

  PixelContainer: 
    ImportImageContainer (0x55d564ad0100)
      RTTI typeinfo:   itk::ImportImageContainer<unsigned long, float>
      Reference Count: 1
      Modified Time: 1716
      Debug: Off
      Object Name: 
      Observers: 
        none
      Pointer: 0x7fad8ec15010
      Container manages memory: true
      Size: 12582912
      Capacity: 12582912

     Weighting = 1
     Sampling strategy = regular
     Number of bins = 32
     Radius = 4
     Sampling percentage  = 0.25
   Transform = Rigid
     Gradient step = 0.1
     Update field sigma (voxel space) = 0
     Total field sigma (voxel space) = 0
     Update field time sigma = 0
     Total field time sigma  = 0
     Number of time indices = 0
     Number of time point samples = 0
Stage 2 State
   Image metric = Mattes
     Fixed image = Image (0x55d564adc870)
  RTTI typeinfo:   itk::Image<float, 3u>
  Reference Count: 2
  Modified Time: 2149
  Debug: Off
  Object Name: 
  Observers: 
    none
  Source: (none)
  Source output name: (none)
  Release Data: Off
  Data Released: False
  Global Release Data: Off
  PipelineMTime: 0
  UpdateMTime: 1934
  RealTimeStamp: 0 seconds 
  LargestPossibleRegion: 
    Dimension: 3
    Index: [0, 0, 0]
    Size: [192, 256, 256]
  BufferedRegion: 
    Dimension: 3
    Index: [0, 0, 0]
    Size: [192, 256, 256]
  RequestedRegion: 
    Dimension: 3
    Index: [0, 0, 0]
    Size: [192, 256, 256]
  Spacing: [1, 1, 1]
  Origin: [95.0313, 100.538, -154.123]
  Direction: 
-0.999853 -0.014134 -0.00966312
0.014129 -0.9999 0.000586045
-0.00967044 0.000449429 0.999953

  IndexToPointMatrix: 
-0.999853 -0.014134 -0.00966312
0.014129 -0.9999 0.000586045
-0.00967044 0.000449429 0.999953

  PointToIndexMatrix: 
-0.999853 0.014129 -0.00967044
-0.014134 -0.9999 0.000449429
-0.00966312 0.000586045 0.999953

  Inverse Direction: 
-0.999853 0.014129 -0.00967044
-0.014134 -0.9999 0.000449429
-0.00966312 0.000586045 0.999953

  PixelContainer: 
    ImportImageContainer (0x55d564ac76d0)
      RTTI typeinfo:   itk::ImportImageContainer<unsigned long, float>
      Reference Count: 1
      Modified Time: 1931
      Debug: Off
      Object Name: 
      Observers: 
        none
      Pointer: 0x7fad8bc14010
      Container manages memory: true
      Size: 12582912
      Capacity: 12582912

     Moving image = Image (0x55d564adc4c0)
  RTTI typeinfo:   itk::Image<float, 3u>
  Reference Count: 2
  Modified Time: 2150
  Debug: Off
  Object Name: 
  Observers: 
    none
  Source: (none)
  Source output name: (none)
  Release Data: Off
  Data Released: False
  Global Release Data: Off
  PipelineMTime: 0
  UpdateMTime: 2147
  RealTimeStamp: 0 seconds 
  LargestPossibleRegion: 
    Dimension: 3
    Index: [0, 0, 0]
    Size: [192, 256, 256]
  BufferedRegion: 
    Dimension: 3
    Index: [0, 0, 0]
    Size: [192, 256, 256]
  RequestedRegion: 
    Dimension: 3
    Index: [0, 0, 0]
    Size: [192, 256, 256]
  Spacing: [1, 1, 1]
  Origin: [88.6966, 94.9972, -154.979]
  Direction: 
-0.999472 0.0288095 0.0150123
-0.02827 -0.998988 0.0349891
0.0160051 0.0345462 0.999275

  IndexToPointMatrix: 
-0.999472 0.0288095 0.0150123
-0.02827 -0.998988 0.0349891
0.0160051 0.0345462 0.999275

  PointToIndexMatrix: 
-0.999472 -0.02827 0.0160051
0.0288095 -0.998988 0.0345462
0.0150123 0.0349891 0.999275

  Inverse Direction: 
-0.999472 -0.02827 0.0160051
0.0288095 -0.998988 0.0345462
0.0150123 0.0349891 0.999275

  PixelContainer: 
    ImportImageContainer (0x55d564add8c0)
      RTTI typeinfo:   itk::ImportImageContainer<unsigned long, float>
      Reference Count: 1
      Modified Time: 2144
      Debug: Off
      Object Name: 
      Observers: 
        none
      Pointer: 0x7fad88c13010
      Container manages memory: true
      Size: 12582912
      Capacity: 12582912

     Weighting = 1
     Sampling strategy = regular
     Number of bins = 32
     Radius = 4
     Sampling percentage  = 0.25
   Transform = Affine
     Gradient step = 0.1
     Update field sigma (voxel space) = 0
     Total field sigma (voxel space) = 0
     Update field time sigma = 0
     Total field time sigma  = 0
     Number of time indices = 0
     Number of time point samples = 0
Stage 3 State
   Image metric = CC
     Fixed image = Image (0x55d564ae3960)
  RTTI typeinfo:   itk::Image<float, 3u>
  Reference Count: 2
  Modified Time: 2577
  Debug: Off
  Object Name: 
  Observers: 
    none
  Source: (none)
  Source output name: (none)
  Release Data: Off
  Data Released: False
  Global Release Data: Off
  PipelineMTime: 0
  UpdateMTime: 2362
  RealTimeStamp: 0 seconds 
  LargestPossibleRegion: 
    Dimension: 3
    Index: [0, 0, 0]
    Size: [192, 256, 256]
  BufferedRegion: 
    Dimension: 3
    Index: [0, 0, 0]
    Size: [192, 256, 256]
  RequestedRegion: 
    Dimension: 3
    Index: [0, 0, 0]
    Size: [192, 256, 256]
  Spacing: [1, 1, 1]
  Origin: [95.0313, 100.538, -154.123]
  Direction: 
-0.999853 -0.014134 -0.00966312
0.014129 -0.9999 0.000586045
-0.00967044 0.000449429 0.999953

  IndexToPointMatrix: 
-0.999853 -0.014134 -0.00966312
0.014129 -0.9999 0.000586045
-0.00967044 0.000449429 0.999953

  PointToIndexMatrix: 
-0.999853 0.014129 -0.00967044
-0.014134 -0.9999 0.000449429
-0.00966312 0.000586045 0.999953

  Inverse Direction: 
-0.999853 0.014129 -0.00967044
-0.014134 -0.9999 0.000449429
-0.00966312 0.000586045 0.999953

  PixelContainer: 
    ImportImageContainer (0x55d564ac4660)
      RTTI typeinfo:   itk::ImportImageContainer<unsigned long, float>
      Reference Count: 1
      Modified Time: 2359
      Debug: Off
      Object Name: 
      Observers: 
        none
      Pointer: 0x7fad85c12010
      Container manages memory: true
      Size: 12582912
      Capacity: 12582912

     Moving image = Image (0x55d564ae5840)
  RTTI typeinfo:   itk::Image<float, 3u>
  Reference Count: 2
  Modified Time: 2578
  Debug: Off
  Object Name: 
  Observers: 
    none
  Source: (none)
  Source output name: (none)
  Release Data: Off
  Data Released: False
  Global Release Data: Off
  PipelineMTime: 0
  UpdateMTime: 2575
  RealTimeStamp: 0 seconds 
  LargestPossibleRegion: 
    Dimension: 3
    Index: [0, 0, 0]
    Size: [192, 256, 256]
  BufferedRegion: 
    Dimension: 3
    Index: [0, 0, 0]
    Size: [192, 256, 256]
  RequestedRegion: 
    Dimension: 3
    Index: [0, 0, 0]
    Size: [192, 256, 256]
  Spacing: [1, 1, 1]
  Origin: [88.6966, 94.9972, -154.979]
  Direction: 
-0.999472 0.0288095 0.0150123
-0.02827 -0.998988 0.0349891
0.0160051 0.0345462 0.999275

  IndexToPointMatrix: 
-0.999472 0.0288095 0.0150123
-0.02827 -0.998988 0.0349891
0.0160051 0.0345462 0.999275

  PointToIndexMatrix: 
-0.999472 -0.02827 0.0160051
0.0288095 -0.998988 0.0345462
0.0150123 0.0349891 0.999275

  Inverse Direction: 
-0.999472 -0.02827 0.0160051
0.0288095 -0.998988 0.0345462
0.0150123 0.0349891 0.999275

  PixelContainer: 
    ImportImageContainer (0x55d564ae2660)
      RTTI typeinfo:   itk::ImportImageContainer<unsigned long, float>
      Reference Count: 1
      Modified Time: 2572
      Debug: Off
      Object Name: 
      Observers: 
        none
      Pointer: 0x7fad82c11010
      Container manages memory: true
      Size: 12582912
      Capacity: 12582912

     Weighting = 1
     Sampling strategy = none
     Number of bins = 32
     Radius = 4
     Sampling percentage  = 1
   Transform = SyN
     Gradient step = 0.1
     Update field sigma (voxel space) = 3
     Total field sigma (voxel space) = 0
     Update field time sigma = 0
     Total field time sigma  = 0
     Number of time indices = 0
     Number of time point samples = 0
Registration using 3 total stages.

Stage 0
  iterations = 1000x500x250x0
  convergence threshold = 1e-06
  convergence window size = 10
  number of levels = 4
  using the Mattes MI metric (number of bins = 32, weight = 1)
  preprocessing:  winsorizing the image intensities
  preprocessing:  histogram matching the images
  Shrink factors (level 1 out of 4): [6, 6, 6]
  Shrink factors (level 2 out of 4): [4, 4, 4]
  Shrink factors (level 3 out of 4): [2, 2, 2]
  Shrink factors (level 4 out of 4): [1, 1, 1]
  smoothing sigmas per level: [4, 2, 1, 0]
  regular sampling (percentage = 0.25)

*** Running Euler3DTransform registration ***

DIAGNOSTIC,Iteration,metricValue,convergenceValue,ITERATION_TIME_INDEX,SINCE_LAST
 2DIAGNOSTIC,     1, -8.421868085861e-01, inf, 7.6110e-01, 7.6110e-01, 
 2DIAGNOSTIC,     2, -8.434624671936e-01, inf, 7.6886e-01, 7.7600e-03, 
 2DIAGNOSTIC,     3, -8.454005122185e-01, inf, 7.7611e-01, 7.2470e-03, 
 2DIAGNOSTIC,     4, -8.482729792595e-01, inf, 7.8343e-01, 7.3249e-03, 
 2DIAGNOSTIC,     5, -8.515361547470e-01, inf, 7.9065e-01, 7.2160e-03, 
 2DIAGNOSTIC,     6, -8.547841310501e-01, inf, 7.9792e-01, 7.2758e-03, 
 2DIAGNOSTIC,     7, -8.609418869019e-01, inf, 8.0545e-01, 7.5250e-03, 
 2DIAGNOSTIC,     8, -8.771382570267e-01, inf, 8.1671e-01, 1.1266e-02, 
 2DIAGNOSTIC,     9, -8.784250020981e-01, inf, 8.2397e-01, 7.2510e-03, 
 2DIAGNOSTIC,    10, -8.792919516563e-01, 3.195361001417e-03, 8.3130e-01, 7.3369e-03, 
 2DIAGNOSTIC,    11, -8.809152841568e-01, 3.042523982003e-03, 8.3887e-01, 7.5679e-03, 
 2DIAGNOSTIC,    12, -8.818886280060e-01, 2.700877143070e-03, 8.4905e-01, 1.0181e-02, 
 2DIAGNOSTIC,    13, -8.826312422752e-01, 2.230211859569e-03, 8.5637e-01, 7.3190e-03, 
 2DIAGNOSTIC,    14, -8.834025859833e-01, 1.711008488201e-03, 8.6395e-01, 7.5829e-03, 
 2DIAGNOSTIC,    15, -8.868778944016e-01, 1.258547184989e-03, 8.7263e-01, 8.6770e-03, 
 2DIAGNOSTIC,    16, -8.921427130699e-01, 9.212659788318e-04, 8.8211e-01, 9.4800e-03, 
 2DIAGNOSTIC,    17, -8.934580683708e-01, 6.731423200108e-04, 8.9049e-01, 8.3759e-03, 
 2DIAGNOSTIC,    18, -8.937543034554e-01, 6.915353005752e-04, 8.9880e-01, 8.3120e-03, 
 2DIAGNOSTIC,    19, -8.939681053162e-01, 6.711299647577e-04, 9.0829e-01, 9.4881e-03, 
 2DIAGNOSTIC,    20, -8.940508961678e-01, 6.047532660887e-04, 9.1648e-01, 8.1971e-03, 
 2DIAGNOSTIC,    21, -8.940895199776e-01, 5.127731710672e-04, 9.2549e-01, 9.0082e-03, 
 2DIAGNOSTIC,    22, -8.940814733505e-01, 3.959761525039e-04, 9.3270e-01, 7.2041e-03, 
 2DIAGNOSTIC,    23, -8.940762281418e-01, 2.644400228746e-04, 9.4099e-01, 8.2941e-03, 
 2DIAGNOSTIC,    24, -8.940687179565e-01, 1.295073307119e-04, 9.4944e-01, 8.4510e-03, 
 2DIAGNOSTIC,    25, -8.940705060959e-01, 3.688396100188e-05, 9.5758e-01, 8.1360e-03, 
 2DIAGNOSTIC,    26, -8.940258622169e-01, 1.276355487789e-05, 9.6563e-01, 8.0502e-03, 
 2DIAGNOSTIC,    27, -8.940471410751e-01, 5.349873845262e-06, 9.7386e-01, 8.2340e-03, 
 2DIAGNOSTIC,    28, -8.940438032150e-01, 1.401793383593e-06, 9.8101e-01, 7.1452e-03, 
DIAGNOSTIC,Iteration,metricValue,convergenceValue,ITERATION_TIME_INDEX,SINCE_LAST
 2DIAGNOSTIC,     1, -7.026599049568e-01, inf, 1.7881e+00, 8.0714e-01, 
 2DIAGNOSTIC,     2, -7.034945487976e-01, inf, 1.8186e+00, 3.0413e-02, 
 2DIAGNOSTIC,     3, -7.043550610542e-01, inf, 1.8487e+00, 3.0136e-02, 
 2DIAGNOSTIC,     4, -7.052078247070e-01, inf, 1.8788e+00, 3.0126e-02, 
 2DIAGNOSTIC,     5, -7.063364386559e-01, inf, 1.9097e+00, 3.0889e-02, 
 2DIAGNOSTIC,     6, -7.070773839951e-01, inf, 1.9572e+00, 4.7542e-02, 
 2DIAGNOSTIC,     7, -7.071212530136e-01, inf, 1.9963e+00, 3.9086e-02, 
 2DIAGNOSTIC,     8, -7.071358561516e-01, inf, 2.0350e+00, 3.8675e-02, 
 2DIAGNOSTIC,     9, -7.071367502213e-01, inf, 2.0694e+00, 3.4394e-02, 
 2DIAGNOSTIC,    10, -7.071264386177e-01, 4.307072376832e-04, 2.0999e+00, 3.0508e-02, 
 2DIAGNOSTIC,    11, -7.071330547333e-01, 2.881885156967e-04, 2.1305e+00, 3.0588e-02, 
 2DIAGNOSTIC,    12, -7.071507573128e-01, 1.724826288410e-04, 2.1694e+00, 3.8932e-02, 
 2DIAGNOSTIC,    13, -7.071538567543e-01, 8.601947047282e-05, 2.2041e+00, 3.4625e-02, 
 2DIAGNOSTIC,    14, -7.071485519409e-01, 2.805146505125e-05, 2.2343e+00, 3.0254e-02, 
 2DIAGNOSTIC,    15, -7.071452736855e-01, 5.128491011419e-06, 2.2648e+00, 3.0456e-02, 
 2DIAGNOSTIC,    16, -7.071453332901e-01, 3.406926680327e-06, 2.2997e+00, 3.4913e-02, 
 2DIAGNOSTIC,    17, -7.071486115456e-01, 2.849084239642e-06, 2.3342e+00, 3.4562e-02, 
 2DIAGNOSTIC,    18, -7.071449756622e-01, 2.501884409867e-06, 2.3644e+00, 3.0176e-02, 
 2DIAGNOSTIC,    19, -7.071495652199e-01, 2.258515905851e-06, 2.3946e+00, 3.0211e-02, 
 2DIAGNOSTIC,    20, -7.071583271027e-01, 1.954749450306e-06, 2.4249e+00, 3.0232e-02, 
 2DIAGNOSTIC,    21, -7.071719169617e-01, 2.017653059738e-06, 2.4596e+00, 3.4721e-02, 
 2DIAGNOSTIC,    22, -7.071824073792e-01, 2.535164185247e-06, 2.4942e+00, 3.4598e-02, 
 2DIAGNOSTIC,    23, -7.071600556374e-01, 2.571816594354e-06, 2.5289e+00, 3.4757e-02, 
 2DIAGNOSTIC,    24, -7.071617245674e-01, 2.450560714351e-06, 2.5647e+00, 3.5789e-02, 
 2DIAGNOSTIC,    25, -7.071515917778e-01, 2.011532615143e-06, 2.5957e+00, 3.1022e-02, 
 2DIAGNOSTIC,    26, -7.071589827538e-01, 1.645649263082e-06, 2.6357e+00, 3.9990e-02, 
 2DIAGNOSTIC,    27, -7.071658968925e-01, 1.416837903889e-06, 2.6710e+00, 3.5291e-02, 
 2DIAGNOSTIC,    28, -7.071566581726e-01, 1.000661654871e-06, 2.7060e+00, 3.4935e-02, 
DIAGNOSTIC,Iteration,metricValue,convergenceValue,ITERATION_TIME_INDEX,SINCE_LAST
 2DIAGNOSTIC,     1, -6.191477775574e-01, inf, 3.7790e+00, 1.0731e+00, 
 2DIAGNOSTIC,     2, -6.192467212677e-01, inf, 4.0091e+00, 2.3004e-01, 
 2DIAGNOSTIC,     3, -6.192622780800e-01, inf, 4.2332e+00, 2.2414e-01, 
 2DIAGNOSTIC,     4, -6.192612648010e-01, inf, 4.4815e+00, 2.4833e-01, 
 2DIAGNOSTIC,     5, -6.192619800568e-01, inf, 4.7052e+00, 2.2361e-01, 
 2DIAGNOSTIC,     6, -6.192619800568e-01, inf, 4.9281e+00, 2.2291e-01, 
 2DIAGNOSTIC,     7, -6.192631125450e-01, inf, 5.2804e+00, 3.5233e-01, 
 2DIAGNOSTIC,     8, -6.192629337311e-01, inf, 5.5085e+00, 2.2808e-01, 
 2DIAGNOSTIC,     9, -6.192628741264e-01, inf, 5.8095e+00, 3.0097e-01, 
 2DIAGNOSTIC,    10, -6.192630529404e-01, 9.180018423649e-06, 6.0324e+00, 2.2296e-01, 
 2DIAGNOSTIC,    11, -6.192626953125e-01, 3.660140464490e-06, 6.2841e+00, 2.5164e-01, 
 2DIAGNOSTIC,    12, -6.192625164986e-01, 2.751431111392e-06, 6.5083e+00, 2.2424e-01, 
 2DIAGNOSTIC,    13, -6.192625164986e-01, 2.524096316847e-06, 6.7320e+00, 2.2373e-01, 
 2DIAGNOSTIC,    14, -6.192624568939e-01, 2.286764356541e-06, 6.9806e+00, 2.4857e-01, 
 2DIAGNOSTIC,    15, -6.192623376846e-01, 2.098229970215e-06, 7.2042e+00, 2.2365e-01, 
 2DIAGNOSTIC,    16, -6.192624568939e-01, 1.937970409926e-06, 7.4333e+00, 2.2901e-01, 
 2DIAGNOSTIC,    17, -6.192622780800e-01, 1.827089818107e-06, 7.6601e+00, 2.2684e-01, 
 2DIAGNOSTIC,    18, -6.192625164986e-01, 1.734213469717e-06, 7.8848e+00, 2.2468e-01, 
 2DIAGNOSTIC,    19, -6.192624568939e-01, 1.650861463531e-06, 8.1079e+00, 2.2317e-01, 
 2DIAGNOSTIC,    20, -6.192625164986e-01, 1.583751895851e-06, 8.3308e+00, 2.2283e-01, 
 2DIAGNOSTIC,    21, -6.192623972893e-01, 1.513345864623e-06, 8.5541e+00, 2.2331e-01, 
 2DIAGNOSTIC,    22, -6.192623376846e-01, 1.444545091545e-06, 8.7773e+00, 2.2323e-01, 
 2DIAGNOSTIC,    23, -6.192623376846e-01, 1.381862261951e-06, 9.0006e+00, 2.2324e-01, 
 2DIAGNOSTIC,    24, -6.192622780800e-01, 1.322219077338e-06, 9.2239e+00, 2.2337e-01, 
 2DIAGNOSTIC,    25, -6.192623376846e-01, 1.266530489374e-06, 9.4562e+00, 2.3229e-01, 
 2DIAGNOSTIC,    26, -6.192622780800e-01, 1.216847408614e-06, 9.6915e+00, 2.3527e-01, 
 2DIAGNOSTIC,    27, -6.192623376846e-01, 1.169379402199e-06, 9.9238e+00, 2.3230e-01, 
 2DIAGNOSTIC,    28, -6.192623376846e-01, 1.130028977059e-06, 1.0150e+01, 2.2583e-01, 
 2DIAGNOSTIC,    29, -6.192623376846e-01, 1.092963543670e-06, 1.0373e+01, 2.2307e-01, 
 2DIAGNOSTIC,    30, -6.192624568939e-01, 1.061524585566e-06, 1.0596e+01, 2.2368e-01, 
 2DIAGNOSTIC,    31, -6.192623376846e-01, 1.028440692608e-06, 1.0821e+01, 2.2470e-01, 
DIAGNOSTIC,Iteration,metricValue,convergenceValue,ITERATION_TIME_INDEX,SINCE_LAST
 2DIAGNOSTIC,     1, -5.544402599335e-01, inf, 1.3201e+01, 2.3800e+00, 
  Elapsed time (stage 0): 1.4272e+01


Stage 1
  iterations = 1000x500x250x0
  convergence threshold = 1.0000e-06
  convergence window size = 10
  number of levels = 4
  using the Mattes MI metric (number of bins = 32, weight = 1.0000e+00)
  preprocessing:  winsorizing the image intensities
  preprocessing:  histogram matching the images
  Shrink factors (level 1 out of 4): [6, 6, 6]
  Shrink factors (level 2 out of 4): [4, 4, 4]
  Shrink factors (level 3 out of 4): [2, 2, 2]
  Shrink factors (level 4 out of 4): [1, 1, 1]
  smoothing sigmas per level: [4, 2, 1, 0]
  regular sampling (percentage = 2.5000e-01)

*** Running AffineTransform registration ***

DIAGNOSTIC,Iteration,metricValue,convergenceValue,ITERATION_TIME_INDEX,SINCE_LAST
 2DIAGNOSTIC,     1, -8.891094923019e-01, inf, 7.4844e-01, 7.4844e-01, 
 2DIAGNOSTIC,     2, -8.923873305321e-01, inf, 7.5676e-01, 8.3230e-03, 
 2DIAGNOSTIC,     3, -8.977460861206e-01, inf, 7.6484e-01, 8.0810e-03, 
 2DIAGNOSTIC,     4, -9.063015580177e-01, inf, 7.7325e-01, 8.4071e-03, 
 2DIAGNOSTIC,     5, -9.191306233406e-01, inf, 7.8145e-01, 8.1980e-03, 
 2DIAGNOSTIC,     6, -9.353494048119e-01, inf, 7.8948e-01, 8.0340e-03, 
 2DIAGNOSTIC,     7, -9.541077613831e-01, inf, 7.9790e-01, 8.4190e-03, 
 2DIAGNOSTIC,     8, -9.721107482910e-01, inf, 8.0851e-01, 1.0608e-02, 
 2DIAGNOSTIC,     9, -9.925091862679e-01, inf, 8.2312e-01, 1.4614e-02, 
 2DIAGNOSTIC,    10, -9.929218292236e-01, 8.162934333086e-03, 8.3158e-01, 8.4541e-03, 
 2DIAGNOSTIC,    11, -9.936928153038e-01, 7.497722748667e-03, 8.3986e-01, 8.2798e-03, 
 2DIAGNOSTIC,    12, -9.948633313179e-01, 6.391813978553e-03, 8.4818e-01, 8.3220e-03, 
 2DIAGNOSTIC,    13, -9.963691830635e-01, 5.040516145527e-03, 8.5657e-01, 8.3919e-03, 
 2DIAGNOSTIC,    14, -9.980822205544e-01, 3.647326026112e-03, 8.6497e-01, 8.3940e-03, 
 2DIAGNOSTIC,    15, -9.997732043266e-01, 2.403239021078e-03, 8.7319e-01, 8.2240e-03, 
 2DIAGNOSTIC,    16, -1.001268625259e+00, 1.429822877981e-03, 8.8156e-01, 8.3699e-03, 
 2DIAGNOSTIC,    17, -1.002824664116e+00, 7.929735584185e-04, 8.9326e-01, 1.1699e-02, 
 2DIAGNOSTIC,    18, -1.003081202507e+00, 4.462547949515e-04, 9.0141e-01, 8.1501e-03, 
 2DIAGNOSTIC,    19, -1.003305196762e+00, 4.160294483881e-04, 9.0972e-01, 8.3070e-03, 
 2DIAGNOSTIC,    20, -1.003422975540e+00, 3.582762728911e-04, 9.1790e-01, 8.1868e-03, 
 2DIAGNOSTIC,    21, -1.003614783287e+00, 2.861980174202e-04, 9.2604e-01, 8.1358e-03, 
 2DIAGNOSTIC,    22, -1.003812789917e+00, 2.121973229805e-04, 9.3529e-01, 9.2490e-03, 
 2DIAGNOSTIC,    23, -1.003825068474e+00, 1.442395150661e-04, 9.4767e-01, 1.2378e-02, 
 2DIAGNOSTIC,    24, -1.003836154938e+00, 8.966375753516e-05, 9.5596e-01, 8.2898e-03, 
 2DIAGNOSTIC,    25, -1.003857135773e+00, 5.103290823172e-05, 9.6415e-01, 8.1968e-03, 
 2DIAGNOSTIC,    26, -1.003853559494e+00, 2.702281017264e-05, 9.7617e-01, 1.2014e-02, 
 2DIAGNOSTIC,    27, -1.003934264183e+00, 1.998526749958e-05, 9.8454e-01, 8.3790e-03, 
 2DIAGNOSTIC,    28, -1.003907084465e+00, 1.402500402037e-05, 9.9396e-01, 9.4118e-03, 
 2DIAGNOSTIC,    29, -1.003878235817e+00, 9.262668754673e-06, 1.0033e+00, 9.3009e-03, 
 2DIAGNOSTIC,    30, -1.003843665123e+00, 4.847340278502e-06, 1.0125e+00, 9.2471e-03, 
 2DIAGNOSTIC,    31, -1.003780961037e+00, 1.524197955405e-06, 1.0238e+00, 1.1341e-02, 
DIAGNOSTIC,Iteration,metricValue,convergenceValue,ITERATION_TIME_INDEX,SINCE_LAST
 2DIAGNOSTIC,     1, -7.852676510811e-01, inf, 1.7971e+00, 7.7327e-01, 
 2DIAGNOSTIC,     2, -7.859822511673e-01, inf, 1.8308e+00, 3.3638e-02, 
 2DIAGNOSTIC,     3, -7.867628335953e-01, inf, 1.8642e+00, 3.3395e-02, 
 2DIAGNOSTIC,     4, -7.875249385834e-01, inf, 1.8980e+00, 3.3808e-02, 
 2DIAGNOSTIC,     5, -7.881469130516e-01, inf, 1.9315e+00, 3.3505e-02, 
 2DIAGNOSTIC,     6, -7.885226607323e-01, inf, 1.9785e+00, 4.7014e-02, 
 2DIAGNOSTIC,     7, -7.886523604393e-01, inf, 2.0475e+00, 6.9023e-02, 
 2DIAGNOSTIC,     8, -7.886531352997e-01, inf, 2.0808e+00, 3.3278e-02, 
 2DIAGNOSTIC,     9, -7.886558175087e-01, inf, 2.1144e+00, 3.3611e-02, 
 2DIAGNOSTIC,    10, -7.886524200439e-01, 2.787041012198e-04, 2.1532e+00, 3.8781e-02, 
 2DIAGNOSTIC,    11, -7.886577248573e-01, 1.792805705918e-04, 2.1870e+00, 3.3800e-02, 
 2DIAGNOSTIC,    12, -7.886571884155e-01, 1.018924012897e-04, 2.2207e+00, 3.3735e-02, 
 2DIAGNOSTIC,    13, -7.886682748795e-01, 4.918660124531e-05, 2.2554e+00, 3.4698e-02, 
 2DIAGNOSTIC,    14, -7.886841297150e-01, 1.951979174919e-05, 2.2937e+00, 3.8323e-02, 
 2DIAGNOSTIC,    15, -7.887092828751e-01, 7.568988621642e-06, 2.3273e+00, 3.3569e-02, 
 2DIAGNOSTIC,    16, -7.887368202209e-01, 5.611865162791e-06, 2.3657e+00, 3.8372e-02, 
 2DIAGNOSTIC,    17, -7.887392044067e-01, 6.346812824631e-06, 2.3996e+00, 3.3956e-02, 
 2DIAGNOSTIC,    18, -7.887454628944e-01, 6.735587703588e-06, 2.4379e+00, 3.8273e-02, 
 2DIAGNOSTIC,    19, -7.887495160103e-01, 6.751870387234e-06, 2.4764e+00, 3.8498e-02, 
 2DIAGNOSTIC,    20, -7.887466549873e-01, 6.171760560392e-06, 2.5146e+00, 3.8248e-02, 
 2DIAGNOSTIC,    21, -7.887347340584e-01, 5.107930974191e-06, 2.5528e+00, 3.8144e-02, 
 2DIAGNOSTIC,    22, -7.887411117554e-01, 3.909220595233e-06, 2.5866e+00, 3.3775e-02, 
 2DIAGNOSTIC,    23, -7.887383699417e-01, 2.712033392527e-06, 2.6200e+00, 3.3436e-02, 
 2DIAGNOSTIC,    24, -7.887278199196e-01, 1.562799752719e-06, 2.6535e+00, 3.3475e-02, 
DIAGNOSTIC,Iteration,metricValue,convergenceValue,ITERATION_TIME_INDEX,SINCE_LAST
 2DIAGNOSTIC,     1, -6.842253804207e-01, inf, 3.7327e+00, 1.0792e+00, 
 2DIAGNOSTIC,     2, -6.843009591103e-01, inf, 4.0047e+00, 2.7194e-01, 
 2DIAGNOSTIC,     3, -6.843312382698e-01, inf, 4.2718e+00, 2.6719e-01, 
 2DIAGNOSTIC,     4, -6.843417286873e-01, inf, 4.5414e+00, 2.6954e-01, 
 2DIAGNOSTIC,     5, -6.843393445015e-01, inf, 4.8382e+00, 2.9685e-01, 
 2DIAGNOSTIC,     6, -6.843365430832e-01, inf, 5.1406e+00, 3.0235e-01, 
 2DIAGNOSTIC,     7, -6.843396425247e-01, inf, 5.4275e+00, 2.8693e-01, 
 2DIAGNOSTIC,     8, -6.843375563622e-01, inf, 5.7054e+00, 2.7784e-01, 
 2DIAGNOSTIC,     9, -6.843383312225e-01, inf, 5.9745e+00, 2.6914e-01, 
 2DIAGNOSTIC,    10, -6.843385696411e-01, 9.362403943669e-06, 6.2131e+00, 2.3863e-01, 
 2DIAGNOSTIC,    11, -6.843364238739e-01, 4.370420356281e-06, 6.4820e+00, 2.6891e-01, 
 2DIAGNOSTIC,    12, -6.843400001526e-01, 2.791853603412e-06, 6.7798e+00, 2.9779e-01, 
 2DIAGNOSTIC,    13, -6.843393445015e-01, 2.374508767389e-06, 7.0223e+00, 2.4243e-01, 
 2DIAGNOSTIC,    14, -6.843405961990e-01, 2.374838686592e-06, 7.2943e+00, 2.7208e-01, 
 2DIAGNOSTIC,    15, -6.843402385712e-01, 2.292591716468e-06, 7.5932e+00, 2.9888e-01, 
 2DIAGNOSTIC,    16, -6.843405365944e-01, 2.138194986401e-06, 7.8609e+00, 2.6771e-01, 
 2DIAGNOSTIC,    17, -6.843406558037e-01, 2.067535888273e-06, 8.1295e+00, 2.6859e-01, 
 2DIAGNOSTIC,    18, -6.843389272690e-01, 1.897027800624e-06, 8.4000e+00, 2.7048e-01, 
 2DIAGNOSTIC,    19, -6.843390464783e-01, 1.753384367476e-06, 8.6712e+00, 2.7120e-01, 
 2DIAGNOSTIC,    20, -6.843387484550e-01, 1.617005068510e-06, 8.9397e+00, 2.6847e-01, 
 2DIAGNOSTIC,    21, -6.843398809433e-01, 1.468883397138e-06, 9.2470e+00, 3.0734e-01, 
 2DIAGNOSTIC,    22, -6.843379735947e-01, 1.369970846099e-06, 9.5949e+00, 3.4796e-01, 
 2DIAGNOSTIC,    23, -6.843387484550e-01, 1.289932697546e-06, 9.8702e+00, 2.7527e-01, 
 2DIAGNOSTIC,    24, -6.843379735947e-01, 1.233454554495e-06, 1.0139e+01, 2.6918e-01, 
 2DIAGNOSTIC,    25, -6.843382716179e-01, 1.188565988741e-06, 1.0528e+01, 3.8895e-01, 
 2DIAGNOSTIC,    26, -6.843385100365e-01, 1.162972239399e-06, 1.0795e+01, 2.6698e-01, 
 2DIAGNOSTIC,    27, -6.843380928040e-01, 1.141239067692e-06, 1.1035e+01, 2.4006e-01, 
 2DIAGNOSTIC,    28, -6.843376755714e-01, 1.093130890695e-06, 1.1309e+01, 2.7343e-01, 
 2DIAGNOSTIC,    29, -6.843373775482e-01, 1.049992079061e-06, 1.1607e+01, 2.9772e-01, 
 2DIAGNOSTIC,    30, -6.843374967575e-01, 1.011008748719e-06, 1.1906e+01, 2.9898e-01, 
DIAGNOSTIC,Iteration,metricValue,convergenceValue,ITERATION_TIME_INDEX,SINCE_LAST
 2DIAGNOSTIC,     1, -6.100713610649e-01, inf, 1.4547e+01, 2.6412e+00, 
  Elapsed time (stage 1): 1.5609e+01


Stage 2
  iterations = 100x100x70x20
  convergence threshold = 1.0000e-09
  convergence window size = 10
  number of levels = 4
  using the CC metric (radius = 4, weight = 1.0000e+00)
  preprocessing:  winsorizing the image intensities
  preprocessing:  histogram matching the images
  Shrink factors (level 1 out of 4): [6, 6, 6]
  Shrink factors (level 2 out of 4): [4, 4, 4]
  Shrink factors (level 3 out of 4): [2, 2, 2]
  Shrink factors (level 4 out of 4): [1, 1, 1]
  smoothing sigmas per level: [3, 2, 1, 0]
  Using default NONE metricSamplingStrategy 

*** Running SyN registration (varianceForUpdateField = 3.0000e+00, varianceForTotalField = 0.0000e+00) ***

XXDIAGNOSTIC,Iteration,metricValue,convergenceValue,ITERATION_TIME_INDEX,SINCE_LAST
 1DIAGNOSTIC,     1, -8.722537755966e-01, inf, 1.4534e+00, 1.4534e+00, 
 1DIAGNOSTIC,     2, -8.790913820267e-01, inf, 2.2029e+00, 7.4950e-01, 
 1DIAGNOSTIC,     3, -8.867371678352e-01, inf, 2.9396e+00, 7.3671e-01, 
 1DIAGNOSTIC,     4, -8.921920657158e-01, inf, 3.6817e+00, 7.4204e-01, 
 1DIAGNOSTIC,     5, -8.968582153320e-01, inf, 4.4312e+00, 7.4952e-01, 
 1DIAGNOSTIC,     6, -9.005877971649e-01, inf, 5.1506e+00, 7.1941e-01, 
 1DIAGNOSTIC,     7, -9.035829305649e-01, inf, 5.8900e+00, 7.3941e-01, 
 1DIAGNOSTIC,     8, -9.060221910477e-01, inf, 6.6289e+00, 7.3888e-01, 
 1DIAGNOSTIC,     9, -9.079176187515e-01, inf, 7.3742e+00, 7.4534e-01, 
 1DIAGNOSTIC,    10, -9.095216989517e-01, 2.603349275887e-03, 8.0994e+00, 7.2520e-01, 
 1DIAGNOSTIC,    11, -9.108838438988e-01, 1.947771408595e-03, 8.8272e+00, 7.2783e-01, 
 1DIAGNOSTIC,    12, -9.120707511902e-01, 1.436646096408e-03, 9.5706e+00, 7.4331e-01, 
 1DIAGNOSTIC,    13, -9.131172895432e-01, 1.085001276806e-03, 1.0332e+01, 7.6139e-01, 
 1DIAGNOSTIC,    14, -9.140402078629e-01, 8.280278416350e-04, 1.1065e+01, 7.3295e-01, 
 1DIAGNOSTIC,    15, -9.148537516594e-01, 6.442941958085e-04, 1.1787e+01, 7.2166e-01, 
 1DIAGNOSTIC,    16, -9.155776500702e-01, 5.116146057844e-04, 1.2527e+01, 7.4014e-01, 
 1DIAGNOSTIC,    17, -9.162395000458e-01, 4.147269064561e-04, 1.3284e+01, 7.5693e-01, 
 1DIAGNOSTIC,    18, -9.168370962143e-01, 3.430720826145e-04, 1.4027e+01, 7.4323e-01, 
 1DIAGNOSTIC,    19, -9.173649549484e-01, 2.870307944249e-04, 1.4768e+01, 7.4077e-01, 
 1DIAGNOSTIC,    20, -9.178603887558e-01, 2.427399886074e-04, 1.5501e+01, 7.3305e-01, 
 1DIAGNOSTIC,    21, -9.183124899864e-01, 2.070464543067e-04, 1.6247e+01, 7.4635e-01, 
 1DIAGNOSTIC,    22, -9.187260866165e-01, 1.779857120709e-04, 1.6978e+01, 7.3090e-01, 
 1DIAGNOSTIC,    23, -9.190927743912e-01, 1.539899094496e-04, 1.7717e+01, 7.3933e-01, 
 1DIAGNOSTIC,    24, -9.194422960281e-01, 1.341313327430e-04, 1.8453e+01, 7.3530e-01, 
 1DIAGNOSTIC,    25, -9.197663068771e-01, 1.174861899926e-04, 1.9196e+01, 7.4344e-01, 
 1DIAGNOSTIC,    26, -9.200553297997e-01, 1.032415457303e-04, 1.9921e+01, 7.2499e-01, 
 1DIAGNOSTIC,    27, -9.203315973282e-01, 9.119358583121e-05, 2.0640e+01, 7.1910e-01, 
 1DIAGNOSTIC,    28, -9.205901622772e-01, 8.097647514660e-05, 2.1378e+01, 7.3747e-01, 
 1DIAGNOSTIC,    29, -9.208201766014e-01, 7.199462561402e-05, 2.2114e+01, 7.3655e-01, 
 1DIAGNOSTIC,    30, -9.210426211357e-01, 6.429955101339e-05, 2.2844e+01, 7.3001e-01, 
 1DIAGNOSTIC,    31, -9.212520718575e-01, 5.770241114078e-05, 2.3555e+01, 7.1131e-01, 
 1DIAGNOSTIC,    32, -9.214429855347e-01, 5.197839345783e-05, 2.4290e+01, 7.3420e-01, 
 1DIAGNOSTIC,    33, -9.216162562370e-01, 4.680996062234e-05, 2.5037e+01, 7.4700e-01, 
 1DIAGNOSTIC,    34, -9.217833280563e-01, 4.227951649227e-05, 2.5761e+01, 7.2461e-01, 
 1DIAGNOSTIC,    35, -9.219440817833e-01, 3.835097959382e-05, 2.6489e+01, 7.2784e-01, 
 1DIAGNOSTIC,    36, -9.220952987671e-01, 3.484411718091e-05, 2.7219e+01, 7.2971e-01, 
 1DIAGNOSTIC,    37, -9.222380518913e-01, 3.178169208695e-05, 2.7979e+01, 7.5998e-01, 
 1DIAGNOSTIC,    38, -9.223715066910e-01, 2.911557567131e-05, 2.8708e+01, 7.2964e-01, 
 1DIAGNOSTIC,    39, -9.224954843521e-01, 2.668458546395e-05, 2.9441e+01, 7.3286e-01, 
 1DIAGNOSTIC,    40, -9.226112365723e-01, 2.450825013511e-05, 3.0184e+01, 7.4278e-01, 
 1DIAGNOSTIC,    41, -9.227235913277e-01, 2.258975473524e-05, 3.0907e+01, 7.2343e-01, 
 1DIAGNOSTIC,    42, -9.228296279907e-01, 2.085475171043e-05, 3.1645e+01, 7.3796e-01, 
 1DIAGNOSTIC,    43, -9.229292273521e-01, 1.923125273606e-05, 3.2367e+01, 7.2122e-01, 
 1DIAGNOSTIC,    44, -9.230244755745e-01, 1.774684096745e-05, 3.3108e+01, 7.4162e-01, 
 1DIAGNOSTIC,    45, -9.231123924255e-01, 1.639864422032e-05, 3.3845e+01, 7.3627e-01, 
 1DIAGNOSTIC,    46, -9.231956005096e-01, 1.517327928013e-05, 3.4569e+01, 7.2403e-01, 
 1DIAGNOSTIC,    47, -9.232736825943e-01, 1.405673174304e-05, 3.5309e+01, 7.4044e-01, 
 1DIAGNOSTIC,    48, -9.233483076096e-01, 1.303681983700e-05, 3.6060e+01, 7.5135e-01, 
 1DIAGNOSTIC,    49, -9.234193563461e-01, 1.209534184454e-05, 3.6796e+01, 7.3544e-01, 
 1DIAGNOSTIC,    50, -9.234888553619e-01, 1.123165020545e-05, 3.7530e+01, 7.3430e-01, 
 1DIAGNOSTIC,    51, -9.235543012619e-01, 1.045580756909e-05, 3.8287e+01, 7.5737e-01, 
 1DIAGNOSTIC,    52, -9.236170053482e-01, 9.762722584128e-06, 3.9024e+01, 7.3620e-01, 
 1DIAGNOSTIC,    53, -9.236729145050e-01, 9.117535228143e-06, 3.9787e+01, 7.6360e-01, 
 1DIAGNOSTIC,    54, -9.237300157547e-01, 8.544905540475e-06, 4.0523e+01, 7.3559e-01, 
 1DIAGNOSTIC,    55, -9.237762689590e-01, 7.976406777743e-06, 4.1246e+01, 7.2277e-01, 
 1DIAGNOSTIC,    56, -9.238279461861e-01, 7.457247193088e-06, 4.1989e+01, 7.4380e-01, 
 1DIAGNOSTIC,    57, -9.238771200180e-01, 6.978562851145e-06, 4.2718e+01, 7.2817e-01, 
 1DIAGNOSTIC,    58, -9.239238500595e-01, 6.540542926814e-06, 4.3451e+01, 7.3355e-01, 
 1DIAGNOSTIC,    59, -9.239686727524e-01, 6.143388418423e-06, 4.4204e+01, 7.5286e-01, 
 1DIAGNOSTIC,    60, -9.240113496780e-01, 5.793982381874e-06, 4.4956e+01, 7.5176e-01, 
 1DIAGNOSTIC,    61, -9.240524172783e-01, 5.484727353178e-06, 4.5697e+01, 7.4127e-01, 
 1DIAGNOSTIC,    62, -9.240915775299e-01, 5.211228653934e-06, 4.6434e+01, 7.3715e-01, 
 1DIAGNOSTIC,    63, -9.241290092468e-01, 4.947485194862e-06, 4.7148e+01, 7.1351e-01, 
 1DIAGNOSTIC,    64, -9.241649508476e-01, 4.710828306997e-06, 4.7866e+01, 7.1800e-01, 
 1DIAGNOSTIC,    65, -9.241966009140e-01, 4.442222689249e-06, 4.8619e+01, 7.5281e-01, 
 1DIAGNOSTIC,    66, -9.242296218872e-01, 4.194484972686e-06, 4.9367e+01, 7.4825e-01, 
 1DIAGNOSTIC,    67, -9.242610931396e-01, 3.964997631556e-06, 5.0120e+01, 7.5341e-01, 
 1DIAGNOSTIC,    68, -9.242912530899e-01, 3.752040811378e-06, 5.0861e+01, 7.4050e-01, 
 1DIAGNOSTIC,    69, -9.243202209473e-01, 3.556291858331e-06, 5.1596e+01, 7.3545e-01, 
 1DIAGNOSTIC,    70, -9.243464469910e-01, 3.369243813722e-06, 5.2316e+01, 7.1962e-01, 
 1DIAGNOSTIC,    71, -9.243735074997e-01, 3.200472519893e-06, 5.3037e+01, 7.2163e-01, 
 1DIAGNOSTIC,    72, -9.243991374969e-01, 3.046142410312e-06, 5.3770e+01, 7.3280e-01, 
 1DIAGNOSTIC,    73, -9.244236946106e-01, 2.904564780692e-06, 5.4496e+01, 7.2578e-01, 
 1DIAGNOSTIC,    74, -9.244472384453e-01, 2.775091616058e-06, 5.5238e+01, 7.4157e-01, 
 1DIAGNOSTIC,    75, -9.244665503502e-01, 2.630574272189e-06, 5.5974e+01, 7.3650e-01, 
 1DIAGNOSTIC,    76, -9.244882464409e-01, 2.497673904145e-06, 5.6733e+01, 7.5909e-01, 
 1DIAGNOSTIC,    77, -9.245093464851e-01, 2.376244992774e-06, 5.7479e+01, 7.4607e-01, 
 1DIAGNOSTIC,    78, -9.245284795761e-01, 2.261483132315e-06, 5.8218e+01, 7.3906e-01, 
 1DIAGNOSTIC,    79, -9.245477914810e-01, 2.158031065846e-06, 5.8941e+01, 7.2273e-01, 
 1DIAGNOSTIC,    80, -9.245665073395e-01, 2.059640564767e-06, 5.9658e+01, 7.1695e-01, 
 1DIAGNOSTIC,    81, -9.245844483376e-01, 1.973144208023e-06, 6.0382e+01, 7.2428e-01, 
 1DIAGNOSTIC,    82, -9.246019124985e-01, 1.896701292026e-06, 6.1125e+01, 7.4258e-01, 
 1DIAGNOSTIC,    83, -9.246184825897e-01, 1.827834580581e-06, 6.1864e+01, 7.3926e-01, 
 1DIAGNOSTIC,    84, -9.246343374252e-01, 1.764907779034e-06, 6.2605e+01, 7.4124e-01, 
 1DIAGNOSTIC,    85, -9.246498346329e-01, 1.694634761407e-06, 6.3330e+01, 7.2508e-01, 
 1DIAGNOSTIC,    86, -9.246614575386e-01, 1.616690724404e-06, 6.4094e+01, 7.6395e-01, 
 1DIAGNOSTIC,    87, -9.246760010719e-01, 1.545785835333e-06, 6.4838e+01, 7.4420e-01, 
 1DIAGNOSTIC,    88, -9.246898889542e-01, 1.477014279772e-06, 6.5590e+01, 7.5152e-01, 
 1DIAGNOSTIC,    89, -9.247030019760e-01, 1.413201403011e-06, 6.6357e+01, 7.6710e-01, 
 1DIAGNOSTIC,    90, -9.247157573700e-01, 1.355761241939e-06, 6.7108e+01, 7.5045e-01, 
 1DIAGNOSTIC,    91, -9.247281551361e-01, 1.304789520873e-06, 6.7849e+01, 7.4108e-01, 
 1DIAGNOSTIC,    92, -9.247400760651e-01, 1.260258045477e-06, 6.8586e+01, 7.3690e-01, 
 1DIAGNOSTIC,    93, -9.247518777847e-01, 1.221383627126e-06, 6.9325e+01, 7.3970e-01, 
 1DIAGNOSTIC,    94, -9.247627854347e-01, 1.185201085718e-06, 7.0086e+01, 7.6120e-01, 
 1DIAGNOSTIC,    95, -9.247732162476e-01, 1.151675292022e-06, 7.0816e+01, 7.2919e-01, 
 1DIAGNOSTIC,    96, -9.247835874557e-01, 1.109784193432e-06, 7.1537e+01, 7.2165e-01, 
 1DIAGNOSTIC,    97, -9.247934818268e-01, 1.070446046469e-06, 7.2264e+01, 7.2711e-01, 
 1DIAGNOSTIC,    98, -9.248031377792e-01, 1.033534431372e-06, 7.3023e+01, 7.5841e-01, 
 1DIAGNOSTIC,    99, -9.248125553131e-01, 9.983716608986e-07, 7.3771e+01, 7.4800e-01, 
 1DIAGNOSTIC,   100, -9.248215556145e-01, 9.649313597038e-07, 7.4512e+01, 7.4166e-01, 
XXDIAGNOSTIC,Iteration,metricValue,convergenceValue,ITERATION_TIME_INDEX,SINCE_LAST
 1DIAGNOSTIC,     1, -8.425922989845e-01, inf, 7.7570e+01, 3.0576e+00, 
 1DIAGNOSTIC,     2, -8.433403968811e-01, inf, 7.9934e+01, 2.3641e+00, 
 1DIAGNOSTIC,     3, -8.443975448608e-01, inf, 8.2302e+01, 2.3682e+00, 
 1DIAGNOSTIC,     4, -8.452832698822e-01, inf, 8.4659e+01, 2.3569e+00, 
 1DIAGNOSTIC,     5, -8.460215330124e-01, inf, 8.7028e+01, 2.3684e+00, 
 1DIAGNOSTIC,     6, -8.467049002647e-01, inf, 8.9398e+01, 2.3709e+00, 
 1DIAGNOSTIC,     7, -8.473453521729e-01, inf, 9.1785e+01, 2.3870e+00, 
 1DIAGNOSTIC,     8, -8.479553461075e-01, inf, 9.4164e+01, 2.3784e+00, 
 1DIAGNOSTIC,     9, -8.484705090523e-01, inf, 9.6533e+01, 2.3689e+00, 
 1DIAGNOSTIC,    10, -8.489453792572e-01, 4.871622950304e-04, 9.8913e+01, 2.3800e+00, 
 1DIAGNOSTIC,    11, -8.493936061859e-01, 4.080522630829e-04, 1.0128e+02, 2.3697e+00, 
 1DIAGNOSTIC,    12, -8.497417569160e-01, 3.358929534443e-04, 1.0368e+02, 2.3941e+00, 
 1DIAGNOSTIC,    13, -8.500699996948e-01, 2.801122900564e-04, 1.0606e+02, 2.3815e+00, 
 1DIAGNOSTIC,    14, -8.503726720810e-01, 2.352714363951e-04, 1.0842e+02, 2.3661e+00, 
 1DIAGNOSTIC,    15, -8.506504297256e-01, 1.975963969016e-04, 1.1081e+02, 2.3839e+00, 
 1DIAGNOSTIC,    16, -8.509156703949e-01, 1.663470611675e-04, 1.1319e+02, 2.3864e+00, 
 1DIAGNOSTIC,    17, -8.511682152748e-01, 1.410372060491e-04, 1.1554e+02, 2.3464e+00, 
 1DIAGNOSTIC,    18, -8.513916730881e-01, 1.210414266097e-04, 1.1794e+02, 2.3993e+00, 
 1DIAGNOSTIC,    19, -8.516052365303e-01, 1.048003032338e-04, 1.2033e+02, 2.3863e+00, 
 1DIAGNOSTIC,    20, -8.518042564392e-01, 9.173742728308e-05, 1.2269e+02, 2.3680e+00, 
 1DIAGNOSTIC,    21, -8.519921302795e-01, 8.155962859746e-05, 1.2509e+02, 2.3942e+00, 
 1DIAGNOSTIC,    22, -8.521716594696e-01, 7.276594988070e-05, 1.2748e+02, 2.3933e+00, 
 1DIAGNOSTIC,    23, -8.523410558701e-01, 6.522236071760e-05, 1.2985e+02, 2.3652e+00, 
 1DIAGNOSTIC,    24, -8.525061607361e-01, 5.877472358407e-05, 1.3223e+02, 2.3797e+00, 
 1DIAGNOSTIC,    25, -8.526646494865e-01, 5.321718708728e-05, 1.3460e+02, 2.3770e+00, 
 1DIAGNOSTIC,    26, -8.528087735176e-01, 4.840275505558e-05, 1.3697e+02, 2.3656e+00, 
 1DIAGNOSTIC,    27, -8.529453277588e-01, 4.426928717294e-05, 1.3936e+02, 2.3910e+00, 
 1DIAGNOSTIC,    28, -8.530684709549e-01, 4.045694731758e-05, 1.4177e+02, 2.4077e+00, 
 1DIAGNOSTIC,    29, -8.531973958015e-01, 3.709901648108e-05, 1.4415e+02, 2.3794e+00, 
 1DIAGNOSTIC,    30, -8.533101081848e-01, 3.398976332392e-05, 1.4653e+02, 2.3799e+00, 
 1DIAGNOSTIC,    31, -8.534215092659e-01, 3.115455547231e-05, 1.4891e+02, 2.3830e+00, 
 1DIAGNOSTIC,    32, -8.535211086273e-01, 2.852462785086e-05, 1.5129e+02, 2.3760e+00, 
 1DIAGNOSTIC,    33, -8.536191582680e-01, 2.612065691210e-05, 1.5368e+02, 2.3919e+00, 
 1DIAGNOSTIC,    34, -8.537087440491e-01, 2.394100192760e-05, 1.5608e+02, 2.4011e+00, 
 1DIAGNOSTIC,    35, -8.538031578064e-01, 2.208683326899e-05, 1.5846e+02, 2.3824e+00, 
 1DIAGNOSTIC,    36, -8.538906574249e-01, 2.044454595307e-05, 1.6083e+02, 2.3645e+00, 
 1DIAGNOSTIC,    37, -8.539695143700e-01, 1.895284731290e-05, 1.6323e+02, 2.4042e+00, 
 1DIAGNOSTIC,    38, -8.540458679199e-01, 1.754879667715e-05, 1.6561e+02, 2.3841e+00, 
 1DIAGNOSTIC,    39, -8.541195392609e-01, 1.634034924791e-05, 1.6799e+02, 2.3734e+00, 
 1DIAGNOSTIC,    40, -8.542013764381e-01, 1.531567795610e-05, 1.7037e+02, 2.3864e+00, 
 1DIAGNOSTIC,    41, -8.542680740356e-01, 1.438598337700e-05, 1.7277e+02, 2.3974e+00, 
 1DIAGNOSTIC,    42, -8.543357849121e-01, 1.351712489850e-05, 1.7512e+02, 2.3494e+00, 
 1DIAGNOSTIC,    43, -8.544000983238e-01, 1.271810197068e-05, 1.7751e+02, 2.3902e+00, 
 1DIAGNOSTIC,    44, -8.544603586197e-01, 1.193175012304e-05, 1.7990e+02, 2.3921e+00, 
 1DIAGNOSTIC,    45, -8.545206785202e-01, 1.124149821408e-05, 1.8228e+02, 2.3809e+00, 
 1DIAGNOSTIC,    46, -8.545749783516e-01, 1.058986526914e-05, 1.8468e+02, 2.3960e+00, 
 1DIAGNOSTIC,    47, -8.546307682991e-01, 9.964835953724e-06, 1.8707e+02, 2.3886e+00, 
 1DIAGNOSTIC,    48, -8.546864986420e-01, 9.384309123561e-06, 1.8943e+02, 2.3628e+00, 
 1DIAGNOSTIC,    49, -8.547349572182e-01, 8.810701729089e-06, 1.9183e+02, 2.4011e+00, 
 1DIAGNOSTIC,    50, -8.547881841660e-01, 8.370892828680e-06, 1.9423e+02, 2.3925e+00, 
 1DIAGNOSTIC,    51, -8.548352718353e-01, 7.941226613184e-06, 1.9662e+02, 2.3907e+00, 
 1DIAGNOSTIC,    52, -8.548793792725e-01, 7.534950782428e-06, 1.9900e+02, 2.3844e+00, 
 1DIAGNOSTIC,    53, -8.549221158028e-01, 7.145821200538e-06, 2.0137e+02, 2.3732e+00, 
 1DIAGNOSTIC,    54, -8.549654483795e-01, 6.774923804187e-06, 2.0377e+02, 2.3970e+00, 
 1DIAGNOSTIC,    55, -8.550059795380e-01, 6.427967036871e-06, 2.0613e+02, 2.3632e+00, 
 1DIAGNOSTIC,    56, -8.550469875336e-01, 6.092096555221e-06, 2.0849e+02, 2.3581e+00, 
 1DIAGNOSTIC,    57, -8.550886511803e-01, 5.800683084090e-06, 2.1086e+02, 2.3698e+00, 
 1DIAGNOSTIC,    58, -8.551321625710e-01, 5.580207471212e-06, 2.1325e+02, 2.3922e+00, 
 1DIAGNOSTIC,    59, -8.551687598228e-01, 5.356762358133e-06, 2.1561e+02, 2.3553e+00, 
 1DIAGNOSTIC,    60, -8.552052974701e-01, 5.171213160793e-06, 2.1799e+02, 2.3799e+00, 
 1DIAGNOSTIC,    61, -8.552431464195e-01, 5.004675131204e-06, 2.2035e+02, 2.3622e+00, 
 1DIAGNOSTIC,    62, -8.552771806717e-01, 4.826606982533e-06, 2.2272e+02, 2.3651e+00, 
 1DIAGNOSTIC,    63, -8.553135991096e-01, 4.652654752135e-06, 2.2509e+02, 2.3730e+00, 
 1DIAGNOSTIC,    64, -8.553493618965e-01, 4.492256721278e-06, 2.2748e+02, 2.3916e+00, 
 1DIAGNOSTIC,    65, -8.553809523582e-01, 4.317599632486e-06, 2.2986e+02, 2.3740e+00, 
 1DIAGNOSTIC,    66, -8.554156422615e-01, 4.157714101893e-06, 2.3222e+02, 2.3649e+00, 
 1DIAGNOSTIC,    67, -8.554463386536e-01, 4.003233698313e-06, 2.3459e+02, 2.3700e+00, 
 1DIAGNOSTIC,    68, -8.554761409760e-01, 3.868851763400e-06, 2.3695e+02, 2.3630e+00, 
 1DIAGNOSTIC,    69, -8.555040359497e-01, 3.718339257830e-06, 2.3933e+02, 2.3747e+00, 
 1DIAGNOSTIC,    70, -8.555326461792e-01, 3.564577127690e-06, 2.4169e+02, 2.3649e+00, 
 1DIAGNOSTIC,    71, -8.555597662926e-01, 3.416779009058e-06, 2.4410e+02, 2.4050e+00, 
 1DIAGNOSTIC,    72, -8.555839061737e-01, 3.252336910009e-06, 2.4649e+02, 2.3919e+00, 
 1DIAGNOSTIC,    73, -8.556103110313e-01, 3.105052428509e-06, 2.4887e+02, 2.3839e+00, 
 1DIAGNOSTIC,    74, -8.556332588196e-01, 2.965604608107e-06, 2.5125e+02, 2.3797e+00, 
 1DIAGNOSTIC,    75, -8.556594848633e-01, 2.838775344571e-06, 2.5366e+02, 2.4058e+00, 
 1DIAGNOSTIC,    76, -8.556852340698e-01, 2.744013272604e-06, 2.5602e+02, 2.3633e+00, 
 1DIAGNOSTIC,    77, -8.557109832764e-01, 2.668566366992e-06, 2.5840e+02, 2.3822e+00, 
 1DIAGNOSTIC,    78, -8.557353019714e-01, 2.605904001030e-06, 2.6078e+02, 2.3754e+00, 
 1DIAGNOSTIC,    79, -8.557598590851e-01, 2.551167881393e-06, 2.6316e+02, 2.3782e+00, 
 1DIAGNOSTIC,    80, -8.557823896408e-01, 2.500603613953e-06, 2.6554e+02, 2.3768e+00, 
 1DIAGNOSTIC,    81, -8.558050990105e-01, 2.450826286804e-06, 2.6793e+02, 2.3940e+00, 
 1DIAGNOSTIC,    82, -8.558273315430e-01, 2.389288283666e-06, 2.7029e+02, 2.3599e+00, 
 1DIAGNOSTIC,    83, -8.558491468430e-01, 2.327431957383e-06, 2.7268e+02, 2.3900e+00, 
 1DIAGNOSTIC,    84, -8.558690547943e-01, 2.246858684885e-06, 2.7509e+02, 2.4080e+00, 
 1DIAGNOSTIC,    85, -8.558936119080e-01, 2.184654704251e-06, 2.7747e+02, 2.3817e+00, 
 1DIAGNOSTIC,    86, -8.559126257896e-01, 2.119653800037e-06, 2.7986e+02, 2.3946e+00, 
 1DIAGNOSTIC,    87, -8.559345602989e-01, 2.067734385491e-06, 2.8224e+02, 2.3795e+00, 
 1DIAGNOSTIC,    88, -8.559520244598e-01, 2.008443743762e-06, 2.8462e+02, 2.3735e+00, 
 1DIAGNOSTIC,    89, -8.559705018997e-01, 1.950699925146e-06, 2.8699e+02, 2.3778e+00, 
 1DIAGNOSTIC,    90, -8.559908270836e-01, 1.896803496493e-06, 2.8939e+02, 2.3915e+00, 
 1DIAGNOSTIC,    91, -8.560076355934e-01, 1.837263198468e-06, 2.9174e+02, 2.3572e+00, 
 1DIAGNOSTIC,    92, -8.560258746147e-01, 1.780151137609e-06, 2.9414e+02, 2.3984e+00, 
 1DIAGNOSTIC,    93, -8.560453653336e-01, 1.732064788484e-06, 2.9651e+02, 2.3695e+00, 
 1DIAGNOSTIC,    94, -8.560634255409e-01, 1.682851348050e-06, 2.9888e+02, 2.3710e+00, 
 1DIAGNOSTIC,    95, -8.560816645622e-01, 1.653072217778e-06, 3.0125e+02, 2.3682e+00, 
 1DIAGNOSTIC,    96, -8.561003804207e-01, 1.625443474040e-06, 3.0364e+02, 2.3907e+00, 
 1DIAGNOSTIC,    97, -8.561174273491e-01, 1.605611146260e-06, 3.0601e+02, 2.3728e+00, 
 1DIAGNOSTIC,    98, -8.561416268349e-01, 1.602643692422e-06, 3.0841e+02, 2.3970e+00, 
 1DIAGNOSTIC,    99, -8.561639785767e-01, 1.611010361557e-06, 3.1079e+02, 2.3823e+00, 
 1DIAGNOSTIC,   100, -8.561829924583e-01, 1.623862658562e-06, 3.1317e+02, 2.3733e+00, 
XXDIAGNOSTIC,Iteration,metricValue,convergenceValue,ITERATION_TIME_INDEX,SINCE_LAST
 1DIAGNOSTIC,     1, -7.314718961716e-01, inf, 3.3316e+02, 1.9995e+01, 
 1DIAGNOSTIC,     2, -7.336664795876e-01, inf, 3.5250e+02, 1.9341e+01, 
 1DIAGNOSTIC,     3, -7.358909249306e-01, inf, 3.7174e+02, 1.9238e+01, 
 1DIAGNOSTIC,     4, -7.378627061844e-01, inf, 3.9079e+02, 1.9050e+01, 
 1DIAGNOSTIC,     5, -7.396035194397e-01, inf, 4.0987e+02, 1.9077e+01, 
 1DIAGNOSTIC,     6, -7.411487102509e-01, inf, 4.2901e+02, 1.9147e+01, 
 1DIAGNOSTIC,     7, -7.425290942192e-01, inf, 4.4798e+02, 1.8963e+01, 
 1DIAGNOSTIC,     8, -7.437736988068e-01, inf, 4.6708e+02, 1.9106e+01, 
 1DIAGNOSTIC,     9, -7.448980808258e-01, inf, 4.8654e+02, 1.9463e+01, 
 1DIAGNOSTIC,    10, -7.458332777023e-01, 1.238196273334e-03, 5.0587e+02, 1.9322e+01, 
 1DIAGNOSTIC,    11, -7.466321587563e-01, 1.006855978630e-03, 5.2504e+02, 1.9173e+01, 
 1DIAGNOSTIC,    12, -7.473657131195e-01, 8.167288615368e-04, 5.4445e+02, 1.9409e+01, 
 1DIAGNOSTIC,    13, -7.481138706207e-01, 6.691518356092e-04, 5.6357e+02, 1.9125e+01, 
 1DIAGNOSTIC,    14, -7.487344741821e-01, 5.522472201847e-04, 5.8299e+02, 1.9420e+01, 
 1DIAGNOSTIC,    15, -7.493198513985e-01, 4.595343489200e-04, 6.0226e+02, 1.9262e+01, 
 1DIAGNOSTIC,    16, -7.498641014099e-01, 3.859820426442e-04, 6.2155e+02, 1.9293e+01, 
 1DIAGNOSTIC,    17, -7.503643035889e-01, 3.275840135757e-04, 6.4074e+02, 1.9191e+01, 
 1DIAGNOSTIC,    18, -7.508459687233e-01, 2.817908243742e-04, 6.6009e+02, 1.9349e+01, 
 1DIAGNOSTIC,    19, -7.512846589088e-01, 2.459452080075e-04, 6.7935e+02, 1.9263e+01, 
 1DIAGNOSTIC,    20, -7.516966462135e-01, 2.164563484257e-04, 6.9856e+02, 1.9213e+01, 
 1DIAGNOSTIC,    21, -7.520879507065e-01, 1.911643339554e-04, 7.1771e+02, 1.9145e+01, 
 1DIAGNOSTIC,    22, -7.524595260620e-01, 1.693739031907e-04, 7.3683e+02, 1.9121e+01, 
 1DIAGNOSTIC,    23, -7.528100013733e-01, 1.517865894129e-04, 7.5589e+02, 1.9055e+01, 
 1DIAGNOSTIC,    24, -7.531416416168e-01, 1.365118805552e-04, 7.7515e+02, 1.9269e+01, 
 1DIAGNOSTIC,    25, -7.534505724907e-01, 1.232376234839e-04, 7.9438e+02, 1.9227e+01, 
 1DIAGNOSTIC,    26, -7.537507414818e-01, 1.117444480769e-04, 8.1356e+02, 1.9182e+01, 
 1DIAGNOSTIC,    27, -7.540319561958e-01, 1.015730376821e-04, 8.3272e+02, 1.9155e+01, 
 1DIAGNOSTIC,    28, -7.542974948883e-01, 9.269660949940e-05, 8.5199e+02, 1.9275e+01, 
 1DIAGNOSTIC,    29, -7.545456886292e-01, 8.469144086121e-05, 8.7123e+02, 1.9237e+01, 
 1DIAGNOSTIC,    30, -7.547888755798e-01, 7.752593228361e-05, 8.9029e+02, 1.9058e+01, 
 1DIAGNOSTIC,    31, -7.550203204155e-01, 7.112901221262e-05, 9.0939e+02, 1.9103e+01, 
 1DIAGNOSTIC,    32, -7.552397847176e-01, 6.542337359861e-05, 9.2857e+02, 1.9185e+01, 
 1DIAGNOSTIC,    33, -7.554538249969e-01, 6.037611819920e-05, 9.4776e+02, 1.9189e+01, 
 1DIAGNOSTIC,    34, -7.556562423706e-01, 5.588244675891e-05, 9.6692e+02, 1.9159e+01, 
 1DIAGNOSTIC,    35, -7.558484673500e-01, 5.179467916605e-05, 9.8593e+02, 1.9007e+01, 
 1DIAGNOSTIC,    36, -7.560318112373e-01, 4.813236955670e-05, 1.0052e+03, 1.9296e+01, 
 1DIAGNOSTIC,    37, -7.562077045441e-01, 4.480407369556e-05, 1.0246e+03, 1.9326e+01, 
 1DIAGNOSTIC,    38, -7.563743591309e-01, 4.173008346697e-05, 1.0438e+03, 1.9198e+01, 
 1DIAGNOSTIC,    39, -7.565355896950e-01, 3.884972102242e-05, 1.0628e+03, 1.9074e+01, 
 1DIAGNOSTIC,    40, -7.566930055618e-01, 3.623904194683e-05, 1.0820e+03, 1.9170e+01, 
 1DIAGNOSTIC,    41, -7.568475604057e-01, 3.390056008357e-05, 1.1011e+03, 1.9142e+01, 
 1DIAGNOSTIC,    42, -7.569954991341e-01, 3.178490442224e-05, 1.1204e+03, 1.9231e+01, 
 1DIAGNOSTIC,    43, -7.571364641190e-01, 2.989466338477e-05, 1.1397e+03, 1.9288e+01, 
 1DIAGNOSTIC,    44, -7.572727799416e-01, 2.818602661137e-05, 1.1586e+03, 1.8982e+01, 
 1DIAGNOSTIC,    45, -7.574033141136e-01, 2.661061989784e-05, 1.1777e+03, 1.9090e+01, 
 1DIAGNOSTIC,    46, -7.575335502625e-01, 2.517519169487e-05, 1.1968e+03, 1.9096e+01, 
 1DIAGNOSTIC,    47, -7.576535344124e-01, 2.381089325354e-05, 1.2160e+03, 1.9158e+01, 
 1DIAGNOSTIC,    48, -7.577691078186e-01, 2.248781856906e-05, 1.2351e+03, 1.9104e+01, 
 1DIAGNOSTIC,    49, -7.578818798065e-01, 2.121942452504e-05, 1.2541e+03, 1.9047e+01, 
 1DIAGNOSTIC,    50, -7.579863071442e-01, 1.998657353397e-05, 1.2736e+03, 1.9479e+01, 
 1DIAGNOSTIC,    51, -7.580867409706e-01, 1.881517891889e-05, 1.2929e+03, 1.9276e+01, 
 1DIAGNOSTIC,    52, -7.581868171692e-01, 1.772690484358e-05, 1.3120e+03, 1.9106e+01, 
 1DIAGNOSTIC,    53, -7.582837343216e-01, 1.671418249316e-05, 1.3311e+03, 1.9149e+01, 
 1DIAGNOSTIC,    54, -7.583770751953e-01, 1.578080082254e-05, 1.3502e+03, 1.9057e+01, 
 1DIAGNOSTIC,    55, -7.584658861160e-01, 1.491143666499e-05, 1.3697e+03, 1.9529e+01, 
 1DIAGNOSTIC,    56, -7.585521936417e-01, 1.414167036273e-05, 1.3888e+03, 1.9074e+01, 
 1DIAGNOSTIC,    57, -7.586343288422e-01, 1.341840652458e-05, 1.4080e+03, 1.9225e+01, 
 1DIAGNOSTIC,    58, -7.587157487869e-01, 1.275128670386e-05, 1.4271e+03, 1.9112e+01, 
 1DIAGNOSTIC,    59, -7.587921619415e-01, 1.213045561599e-05, 1.4465e+03, 1.9342e+01, 
 1DIAGNOSTIC,    60, -7.588674426079e-01, 1.153407993115e-05, 1.4657e+03, 1.9232e+01, 
 1DIAGNOSTIC,    61, -7.589345574379e-01, 1.092311595130e-05, 1.4849e+03, 1.9222e+01, 
 1DIAGNOSTIC,    62, -7.589994072914e-01, 1.032393356581e-05, 1.5042e+03, 1.9266e+01, 
 1DIAGNOSTIC,    63, -7.590661048889e-01, 9.768695235834e-06, 1.5234e+03, 1.9243e+01, 
 1DIAGNOSTIC,    64, -7.591309547424e-01, 9.260349543183e-06, 1.5426e+03, 1.9133e+01, 
 1DIAGNOSTIC,    65, -7.591913938522e-01, 8.779609743215e-06, 1.5620e+03, 1.9451e+01, 
 1DIAGNOSTIC,    66, -7.592483162880e-01, 8.325055205205e-06, 1.5812e+03, 1.9150e+01, 
 1DIAGNOSTIC,    67, -7.593016028404e-01, 7.882520549174e-06, 1.6005e+03, 1.9283e+01, 
 1DIAGNOSTIC,    68, -7.593564391136e-01, 7.486514732591e-06, 1.6198e+03, 1.9317e+01, 
 1DIAGNOSTIC,    69, -7.594081759453e-01, 7.116451342881e-06, 1.6390e+03, 1.9264e+01, 
 1DIAGNOSTIC,    70, -7.594568729401e-01, 6.775906967960e-06, 1.6583e+03, 1.9285e+01, 
XXDIAGNOSTIC,Iteration,metricValue,convergenceValue,ITERATION_TIME_INDEX,SINCE_LAST
 1DIAGNOSTIC,     1, -4.675656557083e-01, inf, 1.8171e+03, 1.5873e+02, 
 1DIAGNOSTIC,     2, -4.689559936523e-01, inf, 1.9757e+03, 1.5867e+02, 
 1DIAGNOSTIC,     3, -4.707629084587e-01, inf, 2.1310e+03, 1.5531e+02, 
 1DIAGNOSTIC,     4, -4.725851714611e-01, inf, 2.2881e+03, 1.5706e+02, 
 1DIAGNOSTIC,     5, -4.746575951576e-01, inf, 2.4448e+03, 1.5668e+02, 
 1DIAGNOSTIC,     6, -4.765448570251e-01, inf, 2.6010e+03, 1.5624e+02, 
 1DIAGNOSTIC,     7, -4.784839153290e-01, inf, 2.7578e+03, 1.5683e+02, 
 1DIAGNOSTIC,     8, -4.801599979401e-01, inf, 2.9132e+03, 1.5534e+02, 
 1DIAGNOSTIC,     9, -4.818344116211e-01, inf, 3.0681e+03, 1.5489e+02, 
 1DIAGNOSTIC,    10, -4.834454059601e-01, 2.202375791967e-03, 3.2236e+03, 1.5550e+02, 
 1DIAGNOSTIC,    11, -4.848768115044e-01, 1.976333092898e-03, 3.3805e+03, 1.5695e+02, 
 1DIAGNOSTIC,    12, -4.861392974854e-01, 1.741410000250e-03, 3.5362e+03, 1.5570e+02, 
 1DIAGNOSTIC,    13, -4.872924685478e-01, 1.520216464996e-03, 3.6933e+03, 1.5706e+02, 
 1DIAGNOSTIC,    14, -4.884355068207e-01, 1.317381742410e-03, 3.8497e+03, 1.5644e+02, 
 1DIAGNOSTIC,    15, -4.893936216831e-01, 1.140244887210e-03, 4.0060e+03, 1.5627e+02, 
 1DIAGNOSTIC,    16, -4.903529286385e-01, 9.852614020929e-04, 4.1620e+03, 1.5602e+02, 
 1DIAGNOSTIC,    17, -4.912163615227e-01, 8.548106416129e-04, 4.3189e+03, 1.5689e+02, 
 1DIAGNOSTIC,    18, -4.920905828476e-01, 7.430132245645e-04, 4.4757e+03, 1.5677e+02, 
 1DIAGNOSTIC,    19, -4.928406774998e-01, 6.487517966889e-04, 4.6331e+03, 1.5747e+02, 
 1DIAGNOSTIC,    20, -4.936312139034e-01, 5.739148473367e-04, 4.7899e+03, 1.5677e+02, 
  Elapsed time (stage 2): 4792


Total elapsed time: 4822
Using single precision for computations.
Input scalar image: /home/mpib/nemecz/Projects/miniTRK/Results/01_MRI/GroupTempl/T1w/T_template0sub-641566_T1wRepaired.nii.gz
Reference image: /home/mpib/nemecz/Projects/miniTRK/Results/01_MRI/GroupTempl/T1w/T_template0.nii.gz
=============================================================================
The composite transform comprises the following transforms (in order): 
  1. /home/mpib/nemecz/Projects/miniTRK/Results/01_MRI/GroupTempl/T1w/T_sub-641566_T1w220GenericAffine.mat (type = AffineTransform)
  2. /home/mpib/nemecz/Projects/miniTRK/Results/01_MRI/GroupTempl/T1w/T_sub-641566_T1w221Warp.nii.gz (type = DisplacementFieldTransform)
=============================================================================
Default pixel value: 0
Interpolation type: LinearInterpolateImageFunction
Output warped image: /home/mpib/nemecz/Projects/miniTRK/Results/01_MRI/GroupTempl/T1w/T_template0sub-641566_T1w22WarpedToTemplate.nii.gz
