
Running N4 for 3-dimensional images.

Mask not read.  Using the entire image as the mask.

Original intensity range:  [0, 815]

***********************************************************
Warning:  Your input image contains nonpositive values
which could cause failure or problematic results.  A
possible workaround would be to:
   1. rescale your image to positive values e.g., [10,100].
   2. run N4 on your rescaled image.
   3. (optional) rescale the N4 output to the original
      intensity range.
***********************************************************

Specified spline distance: 200mm
  original image size:  [192, 256, 256]
  padded image size:  [201, 401, 401]
  number of control points:  [4, 5, 5]

Current level = 1
  Iteration 1 (of 50).   Current convergence value = 0.000592462 (threshold = 1e-08)
  Iteration 2 (of 50).   Current convergence value = 0.000406122 (threshold = 1e-08)
  Iteration 3 (of 50).   Current convergence value = 0.000277715 (threshold = 1e-08)
  Iteration 4 (of 50).   Current convergence value = 0.000191281 (threshold = 1e-08)
  Iteration 5 (of 50).   Current convergence value = 0.000134879 (threshold = 1e-08)
  Iteration 6 (of 50).   Current convergence value = 0.000101068 (threshold = 1e-08)
  Iteration 7 (of 50).   Current convergence value = 8.36971e-05 (threshold = 1e-08)
  Iteration 8 (of 50).   Current convergence value = 7.87911e-05 (threshold = 1e-08)
  Iteration 9 (of 50).   Current convergence value = 8.01745e-05 (threshold = 1e-08)
  Iteration 10 (of 50).   Current convergence value = 8.35489e-05 (threshold = 1e-08)
  Iteration 11 (of 50).   Current convergence value = 8.3816e-05 (threshold = 1e-08)
  Iteration 12 (of 50).   Current convergence value = 8.30886e-05 (threshold = 1e-08)
  Iteration 13 (of 50).   Current convergence value = 8.2728e-05 (threshold = 1e-08)
  Iteration 14 (of 50).   Current convergence value = 8.25013e-05 (threshold = 1e-08)
  Iteration 15 (of 50).   Current convergence value = 8.22972e-05 (threshold = 1e-08)
  Iteration 16 (of 50).   Current convergence value = 8.21574e-05 (threshold = 1e-08)
  Iteration 17 (of 50).   Current convergence value = 8.19934e-05 (threshold = 1e-08)
  Iteration 18 (of 50).   Current convergence value = 8.18609e-05 (threshold = 1e-08)
  Iteration 19 (of 50).   Current convergence value = 8.15376e-05 (threshold = 1e-08)
  Iteration 20 (of 50).   Current convergence value = 8.13002e-05 (threshold = 1e-08)
  Iteration 21 (of 50).   Current convergence value = 8.09748e-05 (threshold = 1e-08)
  Iteration 22 (of 50).   Current convergence value = 8.06396e-05 (threshold = 1e-08)
  Iteration 23 (of 50).   Current convergence value = 8.0367e-05 (threshold = 1e-08)
  Iteration 24 (of 50).   Current convergence value = 8.01033e-05 (threshold = 1e-08)
  Iteration 25 (of 50).   Current convergence value = 7.97885e-05 (threshold = 1e-08)
  Iteration 26 (of 50).   Current convergence value = 7.94689e-05 (threshold = 1e-08)
  Iteration 27 (of 50).   Current convergence value = 7.91539e-05 (threshold = 1e-08)
  Iteration 28 (of 50).   Current convergence value = 7.89103e-05 (threshold = 1e-08)
  Iteration 29 (of 50).   Current convergence value = 7.86539e-05 (threshold = 1e-08)
  Iteration 30 (of 50).   Current convergence value = 7.83196e-05 (threshold = 1e-08)
  Iteration 31 (of 50).   Current convergence value = 7.80477e-05 (threshold = 1e-08)
  Iteration 32 (of 50).   Current convergence value = 7.78193e-05 (threshold = 1e-08)
  Iteration 33 (of 50).   Current convergence value = 7.75349e-05 (threshold = 1e-08)
  Iteration 34 (of 50).   Current convergence value = 7.72828e-05 (threshold = 1e-08)
  Iteration 35 (of 50).   Current convergence value = 7.71114e-05 (threshold = 1e-08)
  Iteration 36 (of 50).   Current convergence value = 7.69033e-05 (threshold = 1e-08)
  Iteration 37 (of 50).   Current convergence value = 7.67017e-05 (threshold = 1e-08)
  Iteration 38 (of 50).   Current convergence value = 7.65136e-05 (threshold = 1e-08)
  Iteration 39 (of 50).   Current convergence value = 7.65176e-05 (threshold = 1e-08)
  Iteration 40 (of 50).   Current convergence value = 7.65201e-05 (threshold = 1e-08)
  Iteration 41 (of 50).   Current convergence value = 7.64544e-05 (threshold = 1e-08)
  Iteration 42 (of 50).   Current convergence value = 7.64121e-05 (threshold = 1e-08)
  Iteration 43 (of 50).   Current convergence value = 7.64033e-05 (threshold = 1e-08)
  Iteration 44 (of 50).   Current convergence value = 7.63972e-05 (threshold = 1e-08)
  Iteration 45 (of 50).   Current convergence value = 7.62906e-05 (threshold = 1e-08)
  Iteration 46 (of 50).   Current convergence value = 7.62316e-05 (threshold = 1e-08)
  Iteration 47 (of 50).   Current convergence value = 7.6123e-05 (threshold = 1e-08)
  Iteration 48 (of 50).   Current convergence value = 7.59658e-05 (threshold = 1e-08)
  Iteration 49 (of 50).   Current convergence value = 7.59511e-05 (threshold = 1e-08)
  Iteration 50 (of 50).   Current convergence value = 7.58974e-05 (threshold = 1e-08)
Current level = 2
  Iteration 1 (of 50).   Current convergence value = 0.000492996 (threshold = 1e-08)
  Iteration 2 (of 50).   Current convergence value = 0.00040013 (threshold = 1e-08)
  Iteration 3 (of 50).   Current convergence value = 0.000337475 (threshold = 1e-08)
  Iteration 4 (of 50).   Current convergence value = 0.000286691 (threshold = 1e-08)
  Iteration 5 (of 50).   Current convergence value = 0.000245466 (threshold = 1e-08)
  Iteration 6 (of 50).   Current convergence value = 0.00021333 (threshold = 1e-08)
  Iteration 7 (of 50).   Current convergence value = 0.000192164 (threshold = 1e-08)
  Iteration 8 (of 50).   Current convergence value = 0.000169524 (threshold = 1e-08)
  Iteration 9 (of 50).   Current convergence value = 0.000150081 (threshold = 1e-08)
  Iteration 10 (of 50).   Current convergence value = 0.000133872 (threshold = 1e-08)
  Iteration 11 (of 50).   Current convergence value = 0.000120128 (threshold = 1e-08)
  Iteration 12 (of 50).   Current convergence value = 0.000108454 (threshold = 1e-08)
  Iteration 13 (of 50).   Current convergence value = 9.86946e-05 (threshold = 1e-08)
  Iteration 14 (of 50).   Current convergence value = 9.14787e-05 (threshold = 1e-08)
  Iteration 15 (of 50).   Current convergence value = 8.8659e-05 (threshold = 1e-08)
  Iteration 16 (of 50).   Current convergence value = 8.67962e-05 (threshold = 1e-08)
  Iteration 17 (of 50).   Current convergence value = 8.59099e-05 (threshold = 1e-08)
  Iteration 18 (of 50).   Current convergence value = 8.52616e-05 (threshold = 1e-08)
  Iteration 19 (of 50).   Current convergence value = 8.48376e-05 (threshold = 1e-08)
  Iteration 20 (of 50).   Current convergence value = 8.46347e-05 (threshold = 1e-08)
  Iteration 21 (of 50).   Current convergence value = 8.43462e-05 (threshold = 1e-08)
  Iteration 22 (of 50).   Current convergence value = 8.43363e-05 (threshold = 1e-08)
  Iteration 23 (of 50).   Current convergence value = 8.41721e-05 (threshold = 1e-08)
  Iteration 24 (of 50).   Current convergence value = 8.40999e-05 (threshold = 1e-08)
  Iteration 25 (of 50).   Current convergence value = 8.39242e-05 (threshold = 1e-08)
  Iteration 26 (of 50).   Current convergence value = 8.37071e-05 (threshold = 1e-08)
  Iteration 27 (of 50).   Current convergence value = 8.35431e-05 (threshold = 1e-08)
  Iteration 28 (of 50).   Current convergence value = 8.3221e-05 (threshold = 1e-08)
  Iteration 29 (of 50).   Current convergence value = 8.27355e-05 (threshold = 1e-08)
  Iteration 30 (of 50).   Current convergence value = 8.2425e-05 (threshold = 1e-08)
  Iteration 31 (of 50).   Current convergence value = 8.1953e-05 (threshold = 1e-08)
  Iteration 32 (of 50).   Current convergence value = 8.15885e-05 (threshold = 1e-08)
  Iteration 33 (of 50).   Current convergence value = 8.11229e-05 (threshold = 1e-08)
  Iteration 34 (of 50).   Current convergence value = 8.06767e-05 (threshold = 1e-08)
  Iteration 35 (of 50).   Current convergence value = 8.01218e-05 (threshold = 1e-08)
  Iteration 36 (of 50).   Current convergence value = 7.9434e-05 (threshold = 1e-08)
  Iteration 37 (of 50).   Current convergence value = 7.89875e-05 (threshold = 1e-08)
  Iteration 38 (of 50).   Current convergence value = 7.83439e-05 (threshold = 1e-08)
  Iteration 39 (of 50).   Current convergence value = 7.78355e-05 (threshold = 1e-08)
  Iteration 40 (of 50).   Current convergence value = 7.72059e-05 (threshold = 1e-08)
  Iteration 41 (of 50).   Current convergence value = 7.65056e-05 (threshold = 1e-08)
  Iteration 42 (of 50).   Current convergence value = 7.59423e-05 (threshold = 1e-08)
  Iteration 43 (of 50).   Current convergence value = 7.53543e-05 (threshold = 1e-08)
  Iteration 44 (of 50).   Current convergence value = 7.46844e-05 (threshold = 1e-08)
  Iteration 45 (of 50).   Current convergence value = 7.40496e-05 (threshold = 1e-08)
  Iteration 46 (of 50).   Current convergence value = 7.35698e-05 (threshold = 1e-08)
  Iteration 47 (of 50).   Current convergence value = 7.28888e-05 (threshold = 1e-08)
  Iteration 48 (of 50).   Current convergence value = 7.23798e-05 (threshold = 1e-08)
  Iteration 49 (of 50).   Current convergence value = 7.16691e-05 (threshold = 1e-08)
  Iteration 50 (of 50).   Current convergence value = 7.10751e-05 (threshold = 1e-08)
Current level = 3
  Iteration 1 (of 40).   Current convergence value = 0.00150684 (threshold = 1e-08)
  Iteration 2 (of 40).   Current convergence value = 0.00111204 (threshold = 1e-08)
  Iteration 3 (of 40).   Current convergence value = 0.000885869 (threshold = 1e-08)
  Iteration 4 (of 40).   Current convergence value = 0.000743006 (threshold = 1e-08)
  Iteration 5 (of 40).   Current convergence value = 0.000640041 (threshold = 1e-08)
  Iteration 6 (of 40).   Current convergence value = 0.000571503 (threshold = 1e-08)
  Iteration 7 (of 40).   Current convergence value = 0.000526657 (threshold = 1e-08)
  Iteration 8 (of 40).   Current convergence value = 0.000489594 (threshold = 1e-08)
  Iteration 9 (of 40).   Current convergence value = 0.000460383 (threshold = 1e-08)
  Iteration 10 (of 40).   Current convergence value = 0.000437529 (threshold = 1e-08)
  Iteration 11 (of 40).   Current convergence value = 0.000419453 (threshold = 1e-08)
  Iteration 12 (of 40).   Current convergence value = 0.000404752 (threshold = 1e-08)
  Iteration 13 (of 40).   Current convergence value = 0.00039285 (threshold = 1e-08)
  Iteration 14 (of 40).   Current convergence value = 0.000382549 (threshold = 1e-08)
  Iteration 15 (of 40).   Current convergence value = 0.000373708 (threshold = 1e-08)
  Iteration 16 (of 40).   Current convergence value = 0.000365946 (threshold = 1e-08)
  Iteration 17 (of 40).   Current convergence value = 0.000358744 (threshold = 1e-08)
  Iteration 18 (of 40).   Current convergence value = 0.000351931 (threshold = 1e-08)
  Iteration 19 (of 40).   Current convergence value = 0.000345777 (threshold = 1e-08)
  Iteration 20 (of 40).   Current convergence value = 0.00034021 (threshold = 1e-08)
  Iteration 21 (of 40).   Current convergence value = 0.000335221 (threshold = 1e-08)
  Iteration 22 (of 40).   Current convergence value = 0.000330655 (threshold = 1e-08)
  Iteration 23 (of 40).   Current convergence value = 0.000326406 (threshold = 1e-08)
  Iteration 24 (of 40).   Current convergence value = 0.000322422 (threshold = 1e-08)
  Iteration 25 (of 40).   Current convergence value = 0.000318686 (threshold = 1e-08)
  Iteration 26 (of 40).   Current convergence value = 0.000315118 (threshold = 1e-08)
  Iteration 27 (of 40).   Current convergence value = 0.00031128 (threshold = 1e-08)
  Iteration 28 (of 40).   Current convergence value = 0.000307284 (threshold = 1e-08)
  Iteration 29 (of 40).   Current convergence value = 0.000303366 (threshold = 1e-08)
  Iteration 30 (of 40).   Current convergence value = 0.000299504 (threshold = 1e-08)
  Iteration 31 (of 40).   Current convergence value = 0.00029572 (threshold = 1e-08)
  Iteration 32 (of 40).   Current convergence value = 0.000291927 (threshold = 1e-08)
  Iteration 33 (of 40).   Current convergence value = 0.000288241 (threshold = 1e-08)
  Iteration 34 (of 40).   Current convergence value = 0.00028464 (threshold = 1e-08)
  Iteration 35 (of 40).   Current convergence value = 0.000281265 (threshold = 1e-08)
  Iteration 36 (of 40).   Current convergence value = 0.000277706 (threshold = 1e-08)
  Iteration 37 (of 40).   Current convergence value = 0.000274159 (threshold = 1e-08)
  Iteration 38 (of 40).   Current convergence value = 0.000270667 (threshold = 1e-08)
  Iteration 39 (of 40).   Current convergence value = 0.000267229 (threshold = 1e-08)
  Iteration 40 (of 40).   Current convergence value = 0.000263771 (threshold = 1e-08)
Current level = 4
  Iteration 1 (of 30).   Current convergence value = 0.00198144 (threshold = 1e-08)
  Iteration 2 (of 30).   Current convergence value = 0.00175278 (threshold = 1e-08)
  Iteration 3 (of 30).   Current convergence value = 0.00164536 (threshold = 1e-08)
  Iteration 4 (of 30).   Current convergence value = 0.00156817 (threshold = 1e-08)
  Iteration 5 (of 30).   Current convergence value = 0.00151764 (threshold = 1e-08)
  Iteration 6 (of 30).   Current convergence value = 0.00147682 (threshold = 1e-08)
  Iteration 7 (of 30).   Current convergence value = 0.0014392 (threshold = 1e-08)
  Iteration 8 (of 30).   Current convergence value = 0.0014041 (threshold = 1e-08)
  Iteration 9 (of 30).   Current convergence value = 0.00137234 (threshold = 1e-08)
  Iteration 10 (of 30).   Current convergence value = 0.00134297 (threshold = 1e-08)
  Iteration 11 (of 30).   Current convergence value = 0.00131499 (threshold = 1e-08)
  Iteration 12 (of 30).   Current convergence value = 0.0013147 (threshold = 1e-08)
  Iteration 13 (of 30).   Current convergence value = 0.00130497 (threshold = 1e-08)
  Iteration 14 (of 30).   Current convergence value = 0.00127799 (threshold = 1e-08)
  Iteration 15 (of 30).   Current convergence value = 0.00125573 (threshold = 1e-08)
  Iteration 16 (of 30).   Current convergence value = 0.00121491 (threshold = 1e-08)
  Iteration 17 (of 30).   Current convergence value = 0.00114891 (threshold = 1e-08)
  Iteration 18 (of 30).   Current convergence value = 0.00105343 (threshold = 1e-08)
  Iteration 19 (of 30).   Current convergence value = 0.000801451 (threshold = 1e-08)
  Iteration 20 (of 30).   Current convergence value = 0.000868615 (threshold = 1e-08)
  Iteration 21 (of 30).   Current convergence value = 0.000941009 (threshold = 1e-08)
  Iteration 22 (of 30).   Current convergence value = 0.000912348 (threshold = 1e-08)
  Iteration 23 (of 30).   Current convergence value = 0.000786335 (threshold = 1e-08)
  Iteration 24 (of 30).   Current convergence value = 0.000740251 (threshold = 1e-08)
  Iteration 25 (of 30).   Current convergence value = 0.000711086 (threshold = 1e-08)
  Iteration 26 (of 30).   Current convergence value = 0.000691263 (threshold = 1e-08)
  Iteration 27 (of 30).   Current convergence value = 0.000678203 (threshold = 1e-08)
  Iteration 28 (of 30).   Current convergence value = 0.000671392 (threshold = 1e-08)
  Iteration 29 (of 30).   Current convergence value = 0.000667153 (threshold = 1e-08)
  Iteration 30 (of 30).   Current convergence value = 0.000660754 (threshold = 1e-08)
   N4BiasFieldCorrectionImageFilter (0x55bdfa893e20)
     RTTI typeinfo:   itk::N4BiasFieldCorrectionImageFilter<itk::Image<float, 3u>, itk::Image<float, 3u>, itk::Image<float, 3u> >
     Reference Count: 1
     Modified Time: 565
     Debug: Off
     Object Name: 
     Observers: 
       IterationEvent(Command)
     Inputs: 
       ConfidenceImage: (0)
       MaskImage: (0x55bdfa8be540)
       Primary: (0x55bdfa8b9a40) *
     Indexed Inputs: 
       0: Primary (0x55bdfa8b9a40)
       1: MaskImage (0x55bdfa8be540)
       2: ConfidenceImage (0)
     Required Input Names: Primary
     NumberOfRequiredInputs: 1
     Outputs: 
       Primary: (0x55bdfa8a3ef0)
     Indexed Outputs: 
       0: Primary (0x55bdfa8a3ef0)
     NumberOfRequiredOutputs: 1
     Number Of Work Units: 32
     ReleaseDataFlag: Off
     ReleaseDataBeforeUpdateFlag: Off
     AbortGenerateData: Off
     Progress: 0
     Multithreader: 
       RTTI typeinfo:   itk::PoolMultiThreader
       Reference Count: 1
       Modified Time: 144
       Debug: Off
       Object Name: 
       Observers: 
         none
       Number of Work Units: 32
       Number of Threads: 8
       Global Maximum Number Of Threads: 128
       Global Default Number Of Threads: 8
       Global Default Threader Type: itk::MultiThreaderBaseEnums::Threader::Pool
       SingleMethod: 0
       SingleData: 0
     DynamicMultiThreading: On
     CoordinateTolerance: 1e-06
     DirectionTolerance: 1e-06
     Use Mask Label: 0
     Mask label: 1
     Number of histogram bins: 200
     Wiener filter noise: 0.01
     Bias field FWHM: 0.15
     Maximum number of iterations: [50, 50, 40, 30]
     Convergence threshold: 1e-08
     Spline order: 3
     Number of fitting levels: [4, 4, 4]
     Number of control points: [4, 5, 5]
     CurrentConvergenceMeasurement: 0.000660754
     CurrentLevel: 4
     ElapsedIterations: 31
     LogBiasFieldControlPointLattice: 
       Image (0x55be0139ba00)
         RTTI typeinfo:   itk::Image<itk::Vector<float, 1u>, 3u>
         Reference Count: 1
         Modified Time: 343560
         Debug: Off
         Object Name: 
         Observers: 
           none
         Source: (none)
         Source output name: (none)
         Release Data: Off
         Data Released: False
         Global Release Data: Off
         PipelineMTime: 0
         UpdateMTime: 0
         RealTimeStamp: 0 seconds 
         LargestPossibleRegion: 
           Dimension: 3
           Index: [0, 0, 0]
           Size: [11, 19, 19]
         BufferedRegion: 
           Dimension: 3
           Index: [0, 0, 0]
           Size: [11, 19, 19]
         RequestedRegion: 
           Dimension: 3
           Index: [0, 0, 0]
           Size: [11, 19, 19]
         Spacing: [24.75, 24.875, 24.875]
         Origin: [24.6121, 21.3547, -28.0769]
         Direction: 
-0.999953 -0.00351781 0.00901511
0.00464797 -0.991688 0.128582
0.00848785 0.128618 0.991658

         IndexToPointMatrix: 
-24.7488 -0.0875055 0.224251
0.115037 -24.6682 3.19848
0.210074 3.19937 24.6675

         PointToIndexMatrix: 
-0.0404021 0.000187797 0.000342943
-0.00014142 -0.0398669 0.00517057
0.000362416 0.00516913 0.0398656

         Inverse Direction: 
-0.999953 0.00464797 0.00848785
-0.00351781 -0.991688 0.128618
0.00901511 0.128582 0.991658

         PixelContainer: 
           ImportImageContainer (0x55be05c2f9e0)
             RTTI typeinfo:   itk::ImportImageContainer<unsigned long, itk::Vector<float, 1u> >
             Reference Count: 1
             Modified Time: 343561
             Debug: Off
             Object Name: 
             Observers: 
               none
             Pointer: 0x55be04a2cb50
             Container manages memory: true
             Size: 3971
             Capacity: 3971
Elapsed time: 307.424
All_Command_lines_OK
Using single precision for computations.
=============================================================================
The composite transform comprises the following transforms (in order): 
  1. Center of mass alignment using fixed image: /home/mpib/nemecz/Projects/miniTRK/Results/01_MRI/GroupTempl/T1w/T_template0.nii.gz and moving image: /home/mpib/nemecz/Projects/miniTRK/Analysis/01_MRI/Preproc/GroupTempl/T1w/sub-553081_T1w.nii.gz (type = Euler3DTransform)
=============================================================================
  number of levels = 4
  number of levels = 4
  number of levels = 4
  fixed image: /home/mpib/nemecz/Projects/miniTRK/Results/01_MRI/GroupTempl/T1w/T_template0.nii.gz
  moving image: /home/mpib/nemecz/Projects/miniTRK/Results/01_MRI/GroupTempl/T1w/T_template0sub-553081_T1wRepaired.nii.gz
  fixed image: /home/mpib/nemecz/Projects/miniTRK/Results/01_MRI/GroupTempl/T1w/T_template0.nii.gz
  moving image: /home/mpib/nemecz/Projects/miniTRK/Results/01_MRI/GroupTempl/T1w/T_template0sub-553081_T1wRepaired.nii.gz
  fixed image: /home/mpib/nemecz/Projects/miniTRK/Results/01_MRI/GroupTempl/T1w/T_template0.nii.gz
  moving image: /home/mpib/nemecz/Projects/miniTRK/Results/01_MRI/GroupTempl/T1w/T_template0sub-553081_T1wRepaired.nii.gz
Dimension = 3
Number of stages = 3
Use Histogram Matching true
Winsorize image intensities true
Lower quantile = 0.01
Upper quantile = 0.99
Stage 1 State
   Image metric = Mattes
     Fixed image = Image (0x56159a90bad0)
  RTTI typeinfo:   itk::Image<float, 3u>
  Reference Count: 2
  Modified Time: 1721
  Debug: Off
  Object Name: 
  Observers: 
    none
  Source: (none)
  Source output name: (none)
  Release Data: Off
  Data Released: False
  Global Release Data: Off
  PipelineMTime: 0
  UpdateMTime: 1506
  RealTimeStamp: 0 seconds 
  LargestPossibleRegion: 
    Dimension: 3
    Index: [0, 0, 0]
    Size: [192, 256, 256]
  BufferedRegion: 
    Dimension: 3
    Index: [0, 0, 0]
    Size: [192, 256, 256]
  RequestedRegion: 
    Dimension: 3
    Index: [0, 0, 0]
    Size: [192, 256, 256]
  Spacing: [1, 1, 1]
  Origin: [95.0313, 100.538, -154.123]
  Direction: 
-0.999853 -0.014134 -0.00966312
0.014129 -0.9999 0.000586045
-0.00967044 0.000449429 0.999953

  IndexToPointMatrix: 
-0.999853 -0.014134 -0.00966312
0.014129 -0.9999 0.000586045
-0.00967044 0.000449429 0.999953

  PointToIndexMatrix: 
-0.999853 0.014129 -0.00967044
-0.014134 -0.9999 0.000449429
-0.00966312 0.000586045 0.999953

  Inverse Direction: 
-0.999853 0.014129 -0.00967044
-0.014134 -0.9999 0.000449429
-0.00966312 0.000586045 0.999953

  PixelContainer: 
    ImportImageContainer (0x56159a913c80)
      RTTI typeinfo:   itk::ImportImageContainer<unsigned long, float>
      Reference Count: 1
      Modified Time: 1503
      Debug: Off
      Object Name: 
      Observers: 
        none
      Pointer: 0x7f324ee16010
      Container manages memory: true
      Size: 12582912
      Capacity: 12582912

     Moving image = Image (0x56159a917e40)
  RTTI typeinfo:   itk::Image<float, 3u>
  Reference Count: 2
  Modified Time: 1722
  Debug: Off
  Object Name: 
  Observers: 
    none
  Source: (none)
  Source output name: (none)
  Release Data: Off
  Data Released: False
  Global Release Data: Off
  PipelineMTime: 0
  UpdateMTime: 1719
  RealTimeStamp: 0 seconds 
  LargestPossibleRegion: 
    Dimension: 3
    Index: [0, 0, 0]
    Size: [192, 256, 256]
  BufferedRegion: 
    Dimension: 3
    Index: [0, 0, 0]
    Size: [192, 256, 256]
  RequestedRegion: 
    Dimension: 3
    Index: [0, 0, 0]
    Size: [192, 256, 256]
  Spacing: [1, 1, 1]
  Origin: [91.7228, 81.3203, -174.819]
  Direction: 
-0.999953 -0.00351781 0.00901511
0.00464797 -0.991688 0.128582
0.00848785 0.128618 0.991658

  IndexToPointMatrix: 
-0.999953 -0.00351781 0.00901511
0.00464797 -0.991688 0.128582
0.00848785 0.128618 0.991658

  PointToIndexMatrix: 
-0.999953 0.00464797 0.00848785
-0.00351781 -0.991688 0.128618
0.00901511 0.128582 0.991658

  Inverse Direction: 
-0.999953 0.00464797 0.00848785
-0.00351781 -0.991688 0.128618
0.00901511 0.128582 0.991658

  PixelContainer: 
    ImportImageContainer (0x56159a90f2d0)
      RTTI typeinfo:   itk::ImportImageContainer<unsigned long, float>
      Reference Count: 1
      Modified Time: 1716
      Debug: Off
      Object Name: 
      Observers: 
        none
      Pointer: 0x7f324be15010
      Container manages memory: true
      Size: 12582912
      Capacity: 12582912

     Weighting = 1
     Sampling strategy = regular
     Number of bins = 32
     Radius = 4
     Sampling percentage  = 0.25
   Transform = Rigid
     Gradient step = 0.1
     Update field sigma (voxel space) = 0
     Total field sigma (voxel space) = 0
     Update field time sigma = 0
     Total field time sigma  = 0
     Number of time indices = 0
     Number of time point samples = 0
Stage 2 State
   Image metric = Mattes
     Fixed image = Image (0x56159a9248d0)
  RTTI typeinfo:   itk::Image<float, 3u>
  Reference Count: 2
  Modified Time: 2149
  Debug: Off
  Object Name: 
  Observers: 
    none
  Source: (none)
  Source output name: (none)
  Release Data: Off
  Data Released: False
  Global Release Data: Off
  PipelineMTime: 0
  UpdateMTime: 1934
  RealTimeStamp: 0 seconds 
  LargestPossibleRegion: 
    Dimension: 3
    Index: [0, 0, 0]
    Size: [192, 256, 256]
  BufferedRegion: 
    Dimension: 3
    Index: [0, 0, 0]
    Size: [192, 256, 256]
  RequestedRegion: 
    Dimension: 3
    Index: [0, 0, 0]
    Size: [192, 256, 256]
  Spacing: [1, 1, 1]
  Origin: [95.0313, 100.538, -154.123]
  Direction: 
-0.999853 -0.014134 -0.00966312
0.014129 -0.9999 0.000586045
-0.00967044 0.000449429 0.999953

  IndexToPointMatrix: 
-0.999853 -0.014134 -0.00966312
0.014129 -0.9999 0.000586045
-0.00967044 0.000449429 0.999953

  PointToIndexMatrix: 
-0.999853 0.014129 -0.00967044
-0.014134 -0.9999 0.000449429
-0.00966312 0.000586045 0.999953

  Inverse Direction: 
-0.999853 0.014129 -0.00967044
-0.014134 -0.9999 0.000449429
-0.00966312 0.000586045 0.999953

  PixelContainer: 
    ImportImageContainer (0x56159a9146a0)
      RTTI typeinfo:   itk::ImportImageContainer<unsigned long, float>
      Reference Count: 1
      Modified Time: 1931
      Debug: Off
      Object Name: 
      Observers: 
        none
      Pointer: 0x7f3248e14010
      Container manages memory: true
      Size: 12582912
      Capacity: 12582912

     Moving image = Image (0x56159a924530)
  RTTI typeinfo:   itk::Image<float, 3u>
  Reference Count: 2
  Modified Time: 2150
  Debug: Off
  Object Name: 
  Observers: 
    none
  Source: (none)
  Source output name: (none)
  Release Data: Off
  Data Released: False
  Global Release Data: Off
  PipelineMTime: 0
  UpdateMTime: 2147
  RealTimeStamp: 0 seconds 
  LargestPossibleRegion: 
    Dimension: 3
    Index: [0, 0, 0]
    Size: [192, 256, 256]
  BufferedRegion: 
    Dimension: 3
    Index: [0, 0, 0]
    Size: [192, 256, 256]
  RequestedRegion: 
    Dimension: 3
    Index: [0, 0, 0]
    Size: [192, 256, 256]
  Spacing: [1, 1, 1]
  Origin: [91.7228, 81.3203, -174.819]
  Direction: 
-0.999953 -0.00351781 0.00901511
0.00464797 -0.991688 0.128582
0.00848785 0.128618 0.991658

  IndexToPointMatrix: 
-0.999953 -0.00351781 0.00901511
0.00464797 -0.991688 0.128582
0.00848785 0.128618 0.991658

  PointToIndexMatrix: 
-0.999953 0.00464797 0.00848785
-0.00351781 -0.991688 0.128618
0.00901511 0.128582 0.991658

  Inverse Direction: 
-0.999953 0.00464797 0.00848785
-0.00351781 -0.991688 0.128618
0.00901511 0.128582 0.991658

  PixelContainer: 
    ImportImageContainer (0x56159a9258a0)
      RTTI typeinfo:   itk::ImportImageContainer<unsigned long, float>
      Reference Count: 1
      Modified Time: 2144
      Debug: Off
      Object Name: 
      Observers: 
        none
      Pointer: 0x7f3245e13010
      Container manages memory: true
      Size: 12582912
      Capacity: 12582912

     Weighting = 1
     Sampling strategy = regular
     Number of bins = 32
     Radius = 4
     Sampling percentage  = 0.25
   Transform = Affine
     Gradient step = 0.1
     Update field sigma (voxel space) = 0
     Total field sigma (voxel space) = 0
     Update field time sigma = 0
     Total field time sigma  = 0
     Number of time indices = 0
     Number of time point samples = 0
Stage 3 State
   Image metric = CC
     Fixed image = Image (0x56159a92ba00)
  RTTI typeinfo:   itk::Image<float, 3u>
  Reference Count: 2
  Modified Time: 2577
  Debug: Off
  Object Name: 
  Observers: 
    none
  Source: (none)
  Source output name: (none)
  Release Data: Off
  Data Released: False
  Global Release Data: Off
  PipelineMTime: 0
  UpdateMTime: 2362
  RealTimeStamp: 0 seconds 
  LargestPossibleRegion: 
    Dimension: 3
    Index: [0, 0, 0]
    Size: [192, 256, 256]
  BufferedRegion: 
    Dimension: 3
    Index: [0, 0, 0]
    Size: [192, 256, 256]
  RequestedRegion: 
    Dimension: 3
    Index: [0, 0, 0]
    Size: [192, 256, 256]
  Spacing: [1, 1, 1]
  Origin: [95.0313, 100.538, -154.123]
  Direction: 
-0.999853 -0.014134 -0.00966312
0.014129 -0.9999 0.000586045
-0.00967044 0.000449429 0.999953

  IndexToPointMatrix: 
-0.999853 -0.014134 -0.00966312
0.014129 -0.9999 0.000586045
-0.00967044 0.000449429 0.999953

  PointToIndexMatrix: 
-0.999853 0.014129 -0.00967044
-0.014134 -0.9999 0.000449429
-0.00966312 0.000586045 0.999953

  Inverse Direction: 
-0.999853 0.014129 -0.00967044
-0.014134 -0.9999 0.000449429
-0.00966312 0.000586045 0.999953

  PixelContainer: 
    ImportImageContainer (0x56159a90db50)
      RTTI typeinfo:   itk::ImportImageContainer<unsigned long, float>
      Reference Count: 1
      Modified Time: 2359
      Debug: Off
      Object Name: 
      Observers: 
        none
      Pointer: 0x7f3242e12010
      Container manages memory: true
      Size: 12582912
      Capacity: 12582912

     Moving image = Image (0x56159a928d50)
  RTTI typeinfo:   itk::Image<float, 3u>
  Reference Count: 2
  Modified Time: 2578
  Debug: Off
  Object Name: 
  Observers: 
    none
  Source: (none)
  Source output name: (none)
  Release Data: Off
  Data Released: False
  Global Release Data: Off
  PipelineMTime: 0
  UpdateMTime: 2575
  RealTimeStamp: 0 seconds 
  LargestPossibleRegion: 
    Dimension: 3
    Index: [0, 0, 0]
    Size: [192, 256, 256]
  BufferedRegion: 
    Dimension: 3
    Index: [0, 0, 0]
    Size: [192, 256, 256]
  RequestedRegion: 
    Dimension: 3
    Index: [0, 0, 0]
    Size: [192, 256, 256]
  Spacing: [1, 1, 1]
  Origin: [91.7228, 81.3203, -174.819]
  Direction: 
-0.999953 -0.00351781 0.00901511
0.00464797 -0.991688 0.128582
0.00848785 0.128618 0.991658

  IndexToPointMatrix: 
-0.999953 -0.00351781 0.00901511
0.00464797 -0.991688 0.128582
0.00848785 0.128618 0.991658

  PointToIndexMatrix: 
-0.999953 0.00464797 0.00848785
-0.00351781 -0.991688 0.128618
0.00901511 0.128582 0.991658

  Inverse Direction: 
-0.999953 0.00464797 0.00848785
-0.00351781 -0.991688 0.128618
0.00901511 0.128582 0.991658

  PixelContainer: 
    ImportImageContainer (0x56159a927b00)
      RTTI typeinfo:   itk::ImportImageContainer<unsigned long, float>
      Reference Count: 1
      Modified Time: 2572
      Debug: Off
      Object Name: 
      Observers: 
        none
      Pointer: 0x7f323fe11010
      Container manages memory: true
      Size: 12582912
      Capacity: 12582912

     Weighting = 1
     Sampling strategy = none
     Number of bins = 32
     Radius = 4
     Sampling percentage  = 1
   Transform = SyN
     Gradient step = 0.1
     Update field sigma (voxel space) = 3
     Total field sigma (voxel space) = 0
     Update field time sigma = 0
     Total field time sigma  = 0
     Number of time indices = 0
     Number of time point samples = 0
Registration using 3 total stages.

Stage 0
  iterations = 1000x500x250x0
  convergence threshold = 1e-06
  convergence window size = 10
  number of levels = 4
  using the Mattes MI metric (number of bins = 32, weight = 1)
  preprocessing:  winsorizing the image intensities
  preprocessing:  histogram matching the images
  Shrink factors (level 1 out of 4): [6, 6, 6]
  Shrink factors (level 2 out of 4): [4, 4, 4]
  Shrink factors (level 3 out of 4): [2, 2, 2]
  Shrink factors (level 4 out of 4): [1, 1, 1]
  smoothing sigmas per level: [4, 2, 1, 0]
  regular sampling (percentage = 0.25)

*** Running Euler3DTransform registration ***

DIAGNOSTIC,Iteration,metricValue,convergenceValue,ITERATION_TIME_INDEX,SINCE_LAST
 2DIAGNOSTIC,     1, -8.543246984482e-01, inf, 6.8167e-01, 6.8167e-01, 
 2DIAGNOSTIC,     2, -8.562461733818e-01, inf, 6.9050e-01, 8.8310e-03, 
 2DIAGNOSTIC,     3, -8.591664433479e-01, inf, 6.9931e-01, 8.8060e-03, 
 2DIAGNOSTIC,     4, -8.632186055183e-01, inf, 7.0828e-01, 8.9731e-03, 
 2DIAGNOSTIC,     5, -8.679926991463e-01, inf, 7.1775e-01, 9.4690e-03, 
 2DIAGNOSTIC,     6, -8.719565272331e-01, inf, 7.2715e-01, 9.4018e-03, 
 2DIAGNOSTIC,     7, -8.750879168510e-01, inf, 7.3626e-01, 9.1081e-03, 
 2DIAGNOSTIC,     8, -8.806160092354e-01, inf, 7.4764e-01, 1.1380e-02, 
 2DIAGNOSTIC,     9, -8.820689916611e-01, inf, 7.6043e-01, 1.2786e-02, 
 2DIAGNOSTIC,    10, -8.827948570251e-01, 2.366372151300e-03, 7.7144e-01, 1.1012e-02, 
 2DIAGNOSTIC,    11, -8.844349384308e-01, 2.034830162302e-03, 7.8254e-01, 1.1104e-02, 
 2DIAGNOSTIC,    12, -8.923079371452e-01, 1.840435201302e-03, 7.9408e-01, 1.1541e-02, 
 2DIAGNOSTIC,    13, -8.958643674850e-01, 1.664951909333e-03, 8.0526e-01, 1.1174e-02, 
 2DIAGNOSTIC,    14, -8.973376750946e-01, 1.490732422099e-03, 8.1534e-01, 1.0086e-02, 
 2DIAGNOSTIC,    15, -8.976972699165e-01, 1.318012946285e-03, 8.2697e-01, 1.1624e-02, 
 2DIAGNOSTIC,    16, -8.977777957916e-01, 1.128732576035e-03, 8.3704e-01, 1.0077e-02, 
 2DIAGNOSTIC,    17, -8.983145356178e-01, 9.233963210136e-04, 8.4952e-01, 1.2474e-02, 
 2DIAGNOSTIC,    18, -8.980841636658e-01, 7.493027951568e-04, 8.6076e-01, 1.1246e-02, 
 2DIAGNOSTIC,    19, -8.980024456978e-01, 5.496753146872e-04, 8.7336e-01, 1.2592e-02, 
 2DIAGNOSTIC,    20, -8.980718851089e-01, 3.339382237755e-04, 8.8717e-01, 1.3809e-02, 
 2DIAGNOSTIC,    21, -8.979514837265e-01, 1.288339699386e-04, 8.9883e-01, 1.1668e-02, 
 2DIAGNOSTIC,    22, -8.979734778404e-01, 4.494857785176e-05, 9.1074e-01, 1.1906e-02, 
 2DIAGNOSTIC,    23, -8.979511857033e-01, 1.327826521447e-05, 9.2097e-01, 1.0233e-02, 
 2DIAGNOSTIC,    24, -8.979381918907e-01, 2.714860329434e-06, 9.3264e-01, 1.1667e-02, 
DIAGNOSTIC,Iteration,metricValue,convergenceValue,ITERATION_TIME_INDEX,SINCE_LAST
 2DIAGNOSTIC,     1, -6.814330220222e-01, inf, 1.6896e+00, 7.5697e-01, 
 2DIAGNOSTIC,     2, -6.822415590286e-01, inf, 1.7280e+00, 3.8361e-02, 
 2DIAGNOSTIC,     3, -6.832708716393e-01, inf, 1.7640e+00, 3.6005e-02, 
 2DIAGNOSTIC,     4, -6.841981410980e-01, inf, 1.8004e+00, 3.6451e-02, 
 2DIAGNOSTIC,     5, -6.848587989807e-01, inf, 1.8373e+00, 3.6835e-02, 
 2DIAGNOSTIC,     6, -6.853600740433e-01, inf, 1.8736e+00, 3.6328e-02, 
 2DIAGNOSTIC,     7, -6.857625842094e-01, inf, 1.9184e+00, 4.4793e-02, 
 2DIAGNOSTIC,     8, -6.860111355782e-01, inf, 1.9752e+00, 5.6771e-02, 
 2DIAGNOSTIC,     9, -6.860266923904e-01, inf, 2.0169e+00, 4.1705e-02, 
 2DIAGNOSTIC,    10, -6.859980225563e-01, 4.436617600732e-04, 2.0642e+00, 4.7308e-02, 
 2DIAGNOSTIC,    11, -6.860008835793e-01, 3.059326554649e-04, 2.1056e+00, 4.1450e-02, 
 2DIAGNOSTIC,    12, -6.859815716743e-01, 1.907307305373e-04, 2.1417e+00, 3.6105e-02, 
 2DIAGNOSTIC,    13, -6.860151886940e-01, 1.097193016903e-04, 2.1829e+00, 4.1207e-02, 
 2DIAGNOSTIC,    14, -6.860238909721e-01, 5.804401735077e-05, 2.2297e+00, 4.6724e-02, 
 2DIAGNOSTIC,    15, -6.860063672066e-01, 2.582298293419e-05, 2.2776e+00, 4.7965e-02, 
 2DIAGNOSTIC,    16, -6.860060095787e-01, 8.268483725260e-06, 2.3197e+00, 4.2111e-02, 
 2DIAGNOSTIC,    17, -6.860026121140e-01, 1.765350020833e-06, 2.3611e+00, 4.1323e-02, 
 2DIAGNOSTIC,    18, -6.860013604164e-01, 1.660752218413e-06, 2.4015e+00, 4.0495e-02, 
 2DIAGNOSTIC,    19, -6.860005259514e-01, 1.905697217808e-06, 2.4376e+00, 3.6053e-02, 
 2DIAGNOSTIC,    20, -6.860023736954e-01, 1.557917130413e-06, 2.4810e+00, 4.3421e-02, 
 2DIAGNOSTIC,    21, -6.860040426254e-01, 1.357724158879e-06, 2.5198e+00, 3.8802e-02, 
 2DIAGNOSTIC,    22, -6.860185265541e-01, 1.078407194655e-06, 2.5631e+00, 4.3282e-02, 
 2DIAGNOSTIC,    23, -6.860287785530e-01, 1.634556610952e-06, 2.6056e+00, 4.2467e-02, 
 2DIAGNOSTIC,    24, -6.860480904579e-01, 2.611151103338e-06, 2.6475e+00, 4.1892e-02, 
 2DIAGNOSTIC,    25, -6.860579252243e-01, 3.256779336880e-06, 2.6883e+00, 4.0872e-02, 
 2DIAGNOSTIC,    26, -6.860805153847e-01, 4.022270331916e-06, 2.7349e+00, 4.6527e-02, 
 2DIAGNOSTIC,    27, -6.860839724541e-01, 4.461557637114e-06, 2.7876e+00, 5.2756e-02, 
 2DIAGNOSTIC,    28, -6.860813498497e-01, 4.504065600486e-06, 2.8454e+00, 5.7793e-02, 
 2DIAGNOSTIC,    29, -6.860817074776e-01, 4.222945335641e-06, 2.8859e+00, 4.0458e-02, 
 2DIAGNOSTIC,    30, -6.860754489899e-01, 3.603935510910e-06, 2.9268e+00, 4.0892e-02, 
 2DIAGNOSTIC,    31, -6.860692501068e-01, 2.720052179939e-06, 2.9681e+00, 4.1331e-02, 
 2DIAGNOSTIC,    32, -6.860703825951e-01, 1.934285137395e-06, 3.0097e+00, 4.1645e-02, 
 2DIAGNOSTIC,    33, -6.860707998276e-01, 1.238006348103e-06, 3.0518e+00, 4.2088e-02, 
DIAGNOSTIC,Iteration,metricValue,convergenceValue,ITERATION_TIME_INDEX,SINCE_LAST
 2DIAGNOSTIC,     1, -6.031110882759e-01, inf, 4.0927e+00, 1.0409e+00, 
 2DIAGNOSTIC,     2, -6.034002900124e-01, inf, 4.3259e+00, 2.3312e-01, 
 2DIAGNOSTIC,     3, -6.036105751991e-01, inf, 4.5920e+00, 2.6616e-01, 
 2DIAGNOSTIC,     4, -6.036456227303e-01, inf, 4.8286e+00, 2.3657e-01, 
 2DIAGNOSTIC,     5, -6.036815047264e-01, inf, 5.2224e+00, 3.9386e-01, 
 2DIAGNOSTIC,     6, -6.036837100983e-01, inf, 5.6454e+00, 4.2295e-01, 
 2DIAGNOSTIC,     7, -6.036834716797e-01, inf, 5.9023e+00, 2.5692e-01, 
 2DIAGNOSTIC,     8, -6.036832332611e-01, inf, 6.1678e+00, 2.6552e-01, 
 2DIAGNOSTIC,     9, -6.036828160286e-01, inf, 6.4349e+00, 2.6710e-01, 
 2DIAGNOSTIC,    10, -6.036828756332e-01, 4.497731788433e-05, 6.6969e+00, 2.6194e-01, 
 2DIAGNOSTIC,    11, -6.036828756332e-01, 1.884286393761e-05, 6.9549e+00, 2.5804e-01, 
 2DIAGNOSTIC,    12, -6.036820411682e-01, 6.752060016879e-06, 7.2392e+00, 2.8425e-01, 
 2DIAGNOSTIC,    13, -6.036819219589e-01, 3.745127742150e-06, 7.5234e+00, 2.8419e-01, 
 2DIAGNOSTIC,    14, -6.036819815636e-01, 2.196831019319e-06, 7.8266e+00, 3.0325e-01, 
 2DIAGNOSTIC,    15, -6.036818027496e-01, 1.979899252547e-06, 8.0811e+00, 2.5444e-01, 
 2DIAGNOSTIC,    16, -6.036819219589e-01, 1.871538529485e-06, 8.3437e+00, 2.6263e-01, 
 2DIAGNOSTIC,    17, -6.036818027496e-01, 1.777125135050e-06, 8.6086e+00, 2.6490e-01, 
 2DIAGNOSTIC,    18, -6.036818027496e-01, 1.696181698208e-06, 8.8865e+00, 2.7793e-01, 
 2DIAGNOSTIC,    19, -6.036818623543e-01, 1.621129968044e-06, 9.1540e+00, 2.6749e-01, 
 2DIAGNOSTIC,    20, -6.036818623543e-01, 1.559618681313e-06, 9.4109e+00, 2.5690e-01, 
 2DIAGNOSTIC,    21, -6.036818623543e-01, 1.507376623522e-06, 9.6433e+00, 2.3244e-01, 
 2DIAGNOSTIC,    22, -6.036818623543e-01, 1.442805682927e-06, 9.9007e+00, 2.5734e-01, 
 2DIAGNOSTIC,    23, -6.036818027496e-01, 1.380454591526e-06, 1.0164e+01, 2.6347e-01, 
 2DIAGNOSTIC,    24, -6.036818027496e-01, 1.324824665971e-06, 1.0425e+01, 2.6079e-01, 
 2DIAGNOSTIC,    25, -6.036817431450e-01, 1.269109588975e-06, 1.0685e+01, 2.5998e-01, 
 2DIAGNOSTIC,    26, -6.036816835403e-01, 1.219169462274e-06, 1.0964e+01, 2.7943e-01, 
 2DIAGNOSTIC,    27, -6.036818623543e-01, 1.174412773253e-06, 1.1238e+01, 2.7383e-01, 
 2DIAGNOSTIC,    28, -6.036818027496e-01, 1.132083184530e-06, 1.1507e+01, 2.6856e-01, 
 2DIAGNOSTIC,    29, -6.036818027496e-01, 1.094077333619e-06, 1.1765e+01, 2.5873e-01, 
 2DIAGNOSTIC,    30, -6.036820411682e-01, 1.062657361217e-06, 1.2026e+01, 2.6090e-01, 
 2DIAGNOSTIC,    31, -6.036814451218e-01, 1.023876734507e-06, 1.2286e+01, 2.5921e-01, 
DIAGNOSTIC,Iteration,metricValue,convergenceValue,ITERATION_TIME_INDEX,SINCE_LAST
 2DIAGNOSTIC,     1, -5.515786409378e-01, inf, 1.5100e+01, 2.8140e+00, 
  Elapsed time (stage 0): 1.6222e+01


Stage 1
  iterations = 1000x500x250x0
  convergence threshold = 1.0000e-06
  convergence window size = 10
  number of levels = 4
  using the Mattes MI metric (number of bins = 32, weight = 1.0000e+00)
  preprocessing:  winsorizing the image intensities
  preprocessing:  histogram matching the images
  Shrink factors (level 1 out of 4): [6, 6, 6]
  Shrink factors (level 2 out of 4): [4, 4, 4]
  Shrink factors (level 3 out of 4): [2, 2, 2]
  Shrink factors (level 4 out of 4): [1, 1, 1]
  smoothing sigmas per level: [4, 2, 1, 0]
  regular sampling (percentage = 2.5000e-01)

*** Running AffineTransform registration ***

DIAGNOSTIC,Iteration,metricValue,convergenceValue,ITERATION_TIME_INDEX,SINCE_LAST
 2DIAGNOSTIC,     1, -8.953104615211e-01, inf, 7.1406e-01, 7.1406e-01, 
 2DIAGNOSTIC,     2, -8.984615206718e-01, inf, 7.2425e-01, 1.0190e-02, 
 2DIAGNOSTIC,     3, -9.037348628044e-01, inf, 7.3414e-01, 9.8870e-03, 
 2DIAGNOSTIC,     4, -9.122792482376e-01, inf, 7.4372e-01, 9.5789e-03, 
 2DIAGNOSTIC,     5, -9.267159700394e-01, inf, 7.5437e-01, 1.0658e-02, 
 2DIAGNOSTIC,     6, -9.505759477615e-01, inf, 7.6507e-01, 1.0701e-02, 
 2DIAGNOSTIC,     7, -9.920234680176e-01, inf, 7.7564e-01, 1.0563e-02, 
 2DIAGNOSTIC,     8, -1.042410254478e+00, inf, 7.8753e-01, 1.1896e-02, 
 2DIAGNOSTIC,     9, -1.065882444382e+00, inf, 8.0335e-01, 1.5814e-02, 
 2DIAGNOSTIC,    10, -1.069670438766e+00, 1.351632643491e-02, 8.1439e-01, 1.1042e-02, 
 2DIAGNOSTIC,    11, -1.072789430618e+00, 1.292890682817e-02, 8.2717e-01, 1.2780e-02, 
 2DIAGNOSTIC,    12, -1.077470421791e+00, 1.147200819105e-02, 8.3956e-01, 1.2387e-02, 
 2DIAGNOSTIC,    13, -1.078824877739e+00, 9.358065202832e-03, 8.5192e-01, 1.2363e-02, 
 2DIAGNOSTIC,    14, -1.080436706543e+00, 6.932600401342e-03, 8.6448e-01, 1.2558e-02, 
 2DIAGNOSTIC,    15, -1.081130623817e+00, 4.521653056145e-03, 8.7734e-01, 1.2859e-02, 
 2DIAGNOSTIC,    16, -1.081578969955e+00, 2.445163438097e-03, 8.8878e-01, 1.1443e-02, 
 2DIAGNOSTIC,    17, -1.081901311874e+00, 1.076062209904e-03, 9.0105e-01, 1.2270e-02, 
 2DIAGNOSTIC,    18, -1.082112550735e+00, 5.466028233059e-04, 9.1331e-01, 1.2264e-02, 
 2DIAGNOSTIC,    19, -1.082326054573e+00, 3.730512980837e-04, 9.2586e-01, 1.2542e-02, 
 2DIAGNOSTIC,    20, -1.082420349121e+00, 2.370030124439e-04, 9.3839e-01, 1.2534e-02, 
 2DIAGNOSTIC,    21, -1.082423448563e+00, 1.326446799794e-04, 9.5415e-01, 1.5763e-02, 
 2DIAGNOSTIC,    22, -1.082388758659e+00, 8.429482113570e-05, 9.6682e-01, 1.2663e-02, 
 2DIAGNOSTIC,    23, -1.082314372063e+00, 4.757855276694e-05, 9.7767e-01, 1.0850e-02, 
 2DIAGNOSTIC,    24, -1.082249283791e+00, 2.734842928476e-05, 9.9001e-01, 1.2340e-02, 
 2DIAGNOSTIC,    25, -1.082262039185e+00, 1.405886268913e-05, 1.0011e+00, 1.1125e-02, 
 2DIAGNOSTIC,    26, -1.082239389420e+00, 5.068884547654e-06, 1.0148e+00, 1.3665e-02, 
DIAGNOSTIC,Iteration,metricValue,convergenceValue,ITERATION_TIME_INDEX,SINCE_LAST
 2DIAGNOSTIC,     1, -8.532961606979e-01, inf, 1.7285e+00, 7.1369e-01, 
 2DIAGNOSTIC,     2, -8.553383350372e-01, inf, 1.7695e+00, 4.1059e-02, 
 2DIAGNOSTIC,     3, -8.578447699547e-01, inf, 1.8128e+00, 4.3269e-02, 
 2DIAGNOSTIC,     4, -8.603900074959e-01, inf, 1.8544e+00, 4.1610e-02, 
 2DIAGNOSTIC,     5, -8.630750775337e-01, inf, 1.8955e+00, 4.1095e-02, 
 2DIAGNOSTIC,     6, -8.637385964394e-01, inf, 1.9588e+00, 6.3278e-02, 
 2DIAGNOSTIC,     7, -8.638894557953e-01, inf, 1.9993e+00, 4.0529e-02, 
 2DIAGNOSTIC,     8, -8.644490242004e-01, inf, 2.0400e+00, 4.0639e-02, 
 2DIAGNOSTIC,     9, -8.647144436836e-01, inf, 2.0808e+00, 4.0827e-02, 
 2DIAGNOSTIC,    10, -8.649567961693e-01, 8.689111564308e-04, 2.1232e+00, 4.2417e-02, 
 2DIAGNOSTIC,    11, -8.651134967804e-01, 5.934286164120e-04, 2.1762e+00, 5.2962e-02, 
 2DIAGNOSTIC,    12, -8.652871251106e-01, 3.719423548318e-04, 2.2225e+00, 4.6302e-02, 
 2DIAGNOSTIC,    13, -8.653628230095e-01, 2.157908311347e-04, 2.2617e+00, 3.9256e-02, 
 2DIAGNOSTIC,    14, -8.656506538391e-01, 1.276593829971e-04, 2.3118e+00, 5.0079e-02, 
 2DIAGNOSTIC,    15, -8.657515645027e-01, 1.006717284326e-04, 2.3566e+00, 4.4814e-02, 
 2DIAGNOSTIC,    16, -8.657907843590e-01, 8.259202149929e-05, 2.4014e+00, 4.4748e-02, 
 2DIAGNOSTIC,    17, -8.657782077789e-01, 6.175364251249e-05, 2.4407e+00, 3.9302e-02, 
 2DIAGNOSTIC,    18, -8.657745718956e-01, 4.782837640960e-05, 2.4797e+00, 3.9051e-02, 
 2DIAGNOSTIC,    19, -8.657802343369e-01, 3.567926978576e-05, 2.5294e+00, 4.9652e-02, 
 2DIAGNOSTIC,    20, -8.657945394516e-01, 2.573954952823e-05, 2.5727e+00, 4.3355e-02, 
 2DIAGNOSTIC,    21, -8.657956123352e-01, 1.696083563729e-05, 2.6107e+00, 3.7935e-02, 
 2DIAGNOSTIC,    22, -8.657878041267e-01, 1.006980528473e-05, 2.6543e+00, 4.3589e-02, 
 2DIAGNOSTIC,    23, -8.657890558243e-01, 3.990336153947e-06, 2.6983e+00, 4.4089e-02, 
 2DIAGNOSTIC,    24, -8.657923340797e-01, 2.126139634129e-06, 2.7429e+00, 4.4525e-02, 
 2DIAGNOSTIC,    25, -8.657928109169e-01, 1.646966438784e-06, 2.7821e+00, 3.9259e-02, 
 2DIAGNOSTIC,    26, -8.657934069633e-01, 1.678773287495e-06, 2.8366e+00, 5.4471e-02, 
 2DIAGNOSTIC,    27, -8.657935857773e-01, 1.521495050838e-06, 2.8800e+00, 4.3440e-02, 
 2DIAGNOSTIC,    28, -8.657940030098e-01, 1.305900809712e-06, 2.9233e+00, 4.3262e-02, 
 2DIAGNOSTIC,    29, -8.657947182655e-01, 1.155057248070e-06, 2.9674e+00, 4.4093e-02, 
 2DIAGNOSTIC,    30, -8.657950758934e-01, 1.168197741208e-06, 3.0116e+00, 4.4203e-02, 
 2DIAGNOSTIC,    31, -8.657855987549e-01, 1.084340851776e-06, 3.0563e+00, 4.4716e-02, 
DIAGNOSTIC,Iteration,metricValue,convergenceValue,ITERATION_TIME_INDEX,SINCE_LAST
 2DIAGNOSTIC,     1, -7.639893293381e-01, inf, 4.1238e+00, 1.0675e+00, 
 2DIAGNOSTIC,     2, -7.645558714867e-01, inf, 4.3857e+00, 2.6188e-01, 
 2DIAGNOSTIC,     3, -7.649554014206e-01, inf, 4.6456e+00, 2.5986e-01, 
 2DIAGNOSTIC,     4, -7.654815912247e-01, inf, 4.9023e+00, 2.5675e-01, 
 2DIAGNOSTIC,     5, -7.655577659607e-01, inf, 5.2536e+00, 3.5124e-01, 
 2DIAGNOSTIC,     6, -7.656151652336e-01, inf, 5.5185e+00, 2.6490e-01, 
 2DIAGNOSTIC,     7, -7.656360268593e-01, inf, 5.7828e+00, 2.6432e-01, 
 2DIAGNOSTIC,     8, -7.657008767128e-01, inf, 6.1085e+00, 3.2566e-01, 
 2DIAGNOSTIC,     9, -7.657442092896e-01, inf, 6.3964e+00, 2.8793e-01, 
 2DIAGNOSTIC,    10, -7.658711075783e-01, 1.340853050351e-04, 6.8859e+00, 4.8953e-01, 
 2DIAGNOSTIC,    11, -7.658743858337e-01, 8.300354966195e-05, 7.1790e+00, 2.9307e-01, 
 2DIAGNOSTIC,    12, -7.658709287643e-01, 5.060317198513e-05, 7.4640e+00, 2.8502e-01, 
 2DIAGNOSTIC,    13, -7.658722400665e-01, 2.995651630044e-05, 7.7542e+00, 2.9016e-01, 
 2DIAGNOSTIC,    14, -7.658730745316e-01, 2.366971966694e-05, 8.0134e+00, 2.5921e-01, 
 2DIAGNOSTIC,    15, -7.658721208572e-01, 1.806288491935e-05, 8.3036e+00, 2.9025e-01, 
 2DIAGNOSTIC,    16, -7.658710479736e-01, 1.301240354223e-05, 8.6037e+00, 3.0002e-01, 
 2DIAGNOSTIC,    17, -7.658678889275e-01, 7.945762263262e-06, 8.8626e+00, 2.5898e-01, 
 2DIAGNOSTIC,    18, -7.658686041832e-01, 4.241533133609e-06, 9.1542e+00, 2.9154e-01, 
 2DIAGNOSTIC,    19, -7.658687233925e-01, 1.473925067330e-06, 9.4844e+00, 3.3027e-01, 
 2DIAGNOSTIC,    20, -7.658694982529e-01, 1.368989501316e-06, 9.8103e+00, 3.2580e-01, 
 2DIAGNOSTIC,    21, -7.658689618111e-01, 1.345914256490e-06, 1.0127e+01, 3.1721e-01, 
 2DIAGNOSTIC,    22, -7.658679485321e-01, 1.265964556296e-06, 1.0443e+01, 3.1600e-01, 
 2DIAGNOSTIC,    23, -7.658671140671e-01, 1.217248609464e-06, 1.0700e+01, 2.5607e-01, 
 2DIAGNOSTIC,    24, -7.658669948578e-01, 1.198591576212e-06, 1.1016e+01, 3.1630e-01, 
 2DIAGNOSTIC,    25, -7.658668756485e-01, 1.176993578156e-06, 1.1424e+01, 4.0819e-01, 
 2DIAGNOSTIC,    26, -7.658668756485e-01, 1.152167897089e-06, 1.1711e+01, 2.8703e-01, 
 2DIAGNOSTIC,    27, -7.658668756485e-01, 1.092668981073e-06, 1.2030e+01, 3.1906e-01, 
 2DIAGNOSTIC,    28, -7.658668756485e-01, 1.055174720932e-06, 1.2320e+01, 2.9018e-01, 
 2DIAGNOSTIC,    29, -7.658668756485e-01, 1.028953079185e-06, 1.2609e+01, 2.8861e-01, 
 2DIAGNOSTIC,    30, -7.658667564392e-01, 1.018943294184e-06, 1.2899e+01, 2.8972e-01, 
 2DIAGNOSTIC,    31, -7.658667564392e-01, 1.007348487292e-06, 1.3183e+01, 2.8434e-01, 
DIAGNOSTIC,Iteration,metricValue,convergenceValue,ITERATION_TIME_INDEX,SINCE_LAST
 2DIAGNOSTIC,     1, -6.862782835960e-01, inf, 1.6228e+01, 3.0449e+00, 
  Elapsed time (stage 1): 1.7364e+01


Stage 2
  iterations = 100x100x70x20
  convergence threshold = 1.0000e-09
  convergence window size = 10
  number of levels = 4
  using the CC metric (radius = 4, weight = 1.0000e+00)
  preprocessing:  winsorizing the image intensities
  preprocessing:  histogram matching the images
  Shrink factors (level 1 out of 4): [6, 6, 6]
  Shrink factors (level 2 out of 4): [4, 4, 4]
  Shrink factors (level 3 out of 4): [2, 2, 2]
  Shrink factors (level 4 out of 4): [1, 1, 1]
  smoothing sigmas per level: [3, 2, 1, 0]
  Using default NONE metricSamplingStrategy 

*** Running SyN registration (varianceForUpdateField = 3.0000e+00, varianceForTotalField = 0.0000e+00) ***

XXDIAGNOSTIC,Iteration,metricValue,convergenceValue,ITERATION_TIME_INDEX,SINCE_LAST
 1DIAGNOSTIC,     1, -9.414992332458e-01, inf, 1.3891e+00, 1.3891e+00, 
 1DIAGNOSTIC,     2, -9.458552002907e-01, inf, 2.2171e+00, 8.2803e-01, 
 1DIAGNOSTIC,     3, -9.507421851158e-01, inf, 3.0124e+00, 7.9528e-01, 
 1DIAGNOSTIC,     4, -9.544191360474e-01, inf, 3.7888e+00, 7.7645e-01, 
 1DIAGNOSTIC,     5, -9.577388763428e-01, inf, 4.5885e+00, 7.9968e-01, 
 1DIAGNOSTIC,     6, -9.605443477631e-01, inf, 5.3652e+00, 7.7670e-01, 
 1DIAGNOSTIC,     7, -9.628236293793e-01, inf, 6.1739e+00, 8.0873e-01, 
 1DIAGNOSTIC,     8, -9.646196961403e-01, inf, 6.9665e+00, 7.9260e-01, 
 1DIAGNOSTIC,     9, -9.660252928734e-01, inf, 7.7545e+00, 7.8795e-01, 
 1DIAGNOSTIC,    10, -9.672051668167e-01, 1.709288451821e-03, 8.5405e+00, 7.8601e-01, 
 1DIAGNOSTIC,    11, -9.681476354599e-01, 1.308378763497e-03, 9.3048e+00, 7.6429e-01, 
 1DIAGNOSTIC,    12, -9.689406156540e-01, 9.829163318500e-04, 1.0104e+01, 7.9897e-01, 
 1DIAGNOSTIC,    13, -9.696396589279e-01, 7.454861770384e-04, 1.0883e+01, 7.7911e-01, 
 1DIAGNOSTIC,    14, -9.702161550522e-01, 5.635808920488e-04, 1.1667e+01, 7.8371e-01, 
 1DIAGNOSTIC,    15, -9.707186222076e-01, 4.293359525036e-04, 1.2454e+01, 7.8722e-01, 
 1DIAGNOSTIC,    16, -9.711561203003e-01, 3.320136456750e-04, 1.3230e+01, 7.7614e-01, 
 1DIAGNOSTIC,    17, -9.715379476547e-01, 2.615453267936e-04, 1.4034e+01, 8.0412e-01, 
 1DIAGNOSTIC,    18, -9.718781709671e-01, 2.096136595355e-04, 1.4836e+01, 8.0154e-01, 
 1DIAGNOSTIC,    19, -9.721816778183e-01, 1.701406727079e-04, 1.5626e+01, 7.9040e-01, 
 1DIAGNOSTIC,    20, -9.724526405334e-01, 1.401433110004e-04, 1.6426e+01, 8.0022e-01, 
 1DIAGNOSTIC,    21, -9.726994037628e-01, 1.166163710877e-04, 1.7226e+01, 7.9976e-01, 
 1DIAGNOSTIC,    22, -9.729236364365e-01, 9.794929792406e-05, 1.8021e+01, 7.9505e-01, 
 1DIAGNOSTIC,    23, -9.731286764145e-01, 8.333231380675e-05, 1.8823e+01, 8.0153e-01, 
 1DIAGNOSTIC,    24, -9.733141064644e-01, 7.149408338591e-05, 1.9620e+01, 7.9768e-01, 
 1DIAGNOSTIC,    25, -9.734819531441e-01, 6.181792559801e-05, 2.0414e+01, 7.9366e-01, 
 1DIAGNOSTIC,    26, -9.736371636391e-01, 5.382537710830e-05, 2.1194e+01, 7.8023e-01, 
 1DIAGNOSTIC,    27, -9.737784266472e-01, 4.710324719781e-05, 2.1994e+01, 8.0009e-01, 
 1DIAGNOSTIC,    28, -9.739073514938e-01, 4.139999145991e-05, 2.2768e+01, 7.7374e-01, 
 1DIAGNOSTIC,    29, -9.740269184113e-01, 3.652830127976e-05, 2.3559e+01, 7.9151e-01, 
 1DIAGNOSTIC,    30, -9.741352796555e-01, 3.230463698856e-05, 2.4358e+01, 7.9805e-01, 
 1DIAGNOSTIC,    31, -9.742345809937e-01, 2.863844929379e-05, 2.5163e+01, 8.0515e-01, 
 1DIAGNOSTIC,    32, -9.743255972862e-01, 2.544520975789e-05, 2.5970e+01, 8.0736e-01, 
 1DIAGNOSTIC,    33, -9.744086265564e-01, 2.266058254463e-05, 2.6774e+01, 8.0427e-01, 
 1DIAGNOSTIC,    34, -9.744839072227e-01, 2.020571264438e-05, 2.7570e+01, 7.9609e-01, 
 1DIAGNOSTIC,    35, -9.745538234711e-01, 1.803120176191e-05, 2.8367e+01, 7.9663e-01, 
 1DIAGNOSTIC,    36, -9.746177792549e-01, 1.611552579561e-05, 2.9164e+01, 7.9658e-01, 
 1DIAGNOSTIC,    37, -9.746733307838e-01, 1.439654351998e-05, 2.9949e+01, 7.8555e-01, 
 1DIAGNOSTIC,    38, -9.747282862663e-01, 1.288274870603e-05, 3.0745e+01, 7.9557e-01, 
 1DIAGNOSTIC,    39, -9.747694134712e-01, 1.149237596110e-05, 3.1552e+01, 8.0687e-01, 
 1DIAGNOSTIC,    40, -9.748151898384e-01, 1.027203234116e-05, 3.2335e+01, 7.8347e-01, 
 1DIAGNOSTIC,    41, -9.748517274857e-01, 9.166174095299e-06, 3.3123e+01, 7.8769e-01, 
 1DIAGNOSTIC,    42, -9.748889207840e-01, 8.196993803722e-06, 3.3921e+01, 7.9775e-01, 
 1DIAGNOSTIC,    43, -9.749202132225e-01, 7.332515906455e-06, 3.4689e+01, 7.6860e-01, 
 1DIAGNOSTIC,    44, -9.749453067780e-01, 6.538203706441e-06, 3.5490e+01, 8.0061e-01, 
 1DIAGNOSTIC,    45, -9.749726653099e-01, 5.850308752997e-06, 3.6285e+01, 7.9496e-01, 
 1DIAGNOSTIC,    46, -9.749933481216e-01, 5.232606781647e-06, 3.7088e+01, 8.0293e-01, 
 1DIAGNOSTIC,    47, -9.750165343285e-01, 4.691249159805e-06, 3.7873e+01, 7.8550e-01, 
 1DIAGNOSTIC,    48, -9.750337600708e-01, 4.224421900290e-06, 3.8667e+01, 7.9426e-01, 
 1DIAGNOSTIC,    49, -9.750478267670e-01, 3.761141442737e-06, 3.9470e+01, 8.0284e-01, 
 1DIAGNOSTIC,    50, -9.750651121140e-01, 3.384833462405e-06, 4.0253e+01, 7.8320e-01, 
 1DIAGNOSTIC,    51, -9.750764369965e-01, 3.030038669749e-06, 4.1036e+01, 7.8286e-01, 
 1DIAGNOSTIC,    52, -9.750909805298e-01, 2.746626478256e-06, 4.1818e+01, 7.8124e-01, 
 1DIAGNOSTIC,    53, -9.750998020172e-01, 2.488377731424e-06, 4.2611e+01, 7.9312e-01, 
 1DIAGNOSTIC,    54, -9.751125574112e-01, 2.261744839416e-06, 4.3403e+01, 7.9270e-01, 
 1DIAGNOSTIC,    55, -9.751203060150e-01, 2.067587729471e-06, 4.4210e+01, 8.0637e-01, 
 1DIAGNOSTIC,    56, -9.751318693161e-01, 1.903769202727e-06, 4.4983e+01, 7.7333e-01, 
 1DIAGNOSTIC,    57, -9.751381278038e-01, 1.766834429873e-06, 4.5755e+01, 7.7231e-01, 
 1DIAGNOSTIC,    58, -9.751487970352e-01, 1.658601263443e-06, 4.6563e+01, 8.0743e-01, 
 1DIAGNOSTIC,    59, -9.751543402672e-01, 1.542648078612e-06, 4.7325e+01, 7.6196e-01, 
 1DIAGNOSTIC,    60, -9.751643538475e-01, 1.466698108743e-06, 4.8110e+01, 7.8549e-01, 
 1DIAGNOSTIC,    61, -9.751694202423e-01, 1.380111712024e-06, 4.8905e+01, 7.9519e-01, 
 1DIAGNOSTIC,    62, -9.751784205437e-01, 1.324592858509e-06, 4.9708e+01, 8.0276e-01, 
 1DIAGNOSTIC,    63, -9.751852154732e-01, 1.263886701963e-06, 5.0505e+01, 7.9671e-01, 
 1DIAGNOSTIC,    64, -9.751899242401e-01, 1.211348489960e-06, 5.1302e+01, 7.9689e-01, 
 1DIAGNOSTIC,    65, -9.751979112625e-01, 1.161780687653e-06, 5.2062e+01, 7.5975e-01, 
 1DIAGNOSTIC,    66, -9.752022027969e-01, 1.118632781072e-06, 5.2865e+01, 8.0370e-01, 
 1DIAGNOSTIC,    67, -9.752110242844e-01, 1.080495735550e-06, 5.3677e+01, 8.1213e-01, 
 1DIAGNOSTIC,    68, -9.752168655396e-01, 1.055491679836e-06, 5.4483e+01, 8.0588e-01, 
 1DIAGNOSTIC,    69, -9.752198457718e-01, 1.010003643387e-06, 5.5285e+01, 8.0183e-01, 
 1DIAGNOSTIC,    70, -9.752282500267e-01, 9.901655175781e-07, 5.6052e+01, 7.6686e-01, 
 1DIAGNOSTIC,    71, -9.752340316772e-01, 9.626608061808e-07, 5.6853e+01, 8.0141e-01, 
 1DIAGNOSTIC,    72, -9.752371311188e-01, 9.347430136586e-07, 5.7658e+01, 8.0438e-01, 
 1DIAGNOSTIC,    73, -9.752447009087e-01, 9.177696824736e-07, 5.8462e+01, 8.0392e-01, 
 1DIAGNOSTIC,    74, -9.752501845360e-01, 8.943009675022e-07, 5.9267e+01, 8.0507e-01, 
 1DIAGNOSTIC,    75, -9.752531051636e-01, 8.688836601323e-07, 6.0094e+01, 8.2763e-01, 
 1DIAGNOSTIC,    76, -9.752604365349e-01, 8.454234148303e-07, 6.0899e+01, 8.0430e-01, 
 1DIAGNOSTIC,    77, -9.752647876740e-01, 8.308365977427e-07, 6.1689e+01, 7.9052e-01, 
 1DIAGNOSTIC,    78, -9.752668142319e-01, 8.057784839366e-07, 6.2488e+01, 7.9899e-01, 
 1DIAGNOSTIC,    79, -9.752738475800e-01, 7.796053296261e-07, 6.3289e+01, 8.0058e-01, 
 1DIAGNOSTIC,    80, -9.752781391144e-01, 7.634480425622e-07, 6.4052e+01, 7.6357e-01, 
 1DIAGNOSTIC,    81, -9.752811193466e-01, 7.438719649144e-07, 6.4832e+01, 7.7964e-01, 
 1DIAGNOSTIC,    82, -9.752830266953e-01, 7.083548894116e-07, 6.5644e+01, 8.1239e-01, 
 1DIAGNOSTIC,    83, -9.752892851830e-01, 6.914597179275e-07, 6.6450e+01, 8.0590e-01, 
 1DIAGNOSTIC,    84, -9.752927422523e-01, 6.758075414837e-07, 6.7229e+01, 7.7915e-01, 
 1DIAGNOSTIC,    85, -9.752964973450e-01, 6.540975618918e-07, 6.8036e+01, 8.0712e-01, 
 1DIAGNOSTIC,    86, -9.752976298332e-01, 6.346420491354e-07, 6.8825e+01, 7.8866e-01, 
 1DIAGNOSTIC,    87, -9.753032922745e-01, 6.241222081371e-07, 6.9611e+01, 7.8628e-01, 
 1DIAGNOSTIC,    88, -9.753064513206e-01, 6.051344030311e-07, 7.0407e+01, 7.9554e-01, 
 1DIAGNOSTIC,    89, -9.753077626228e-01, 5.900087103328e-07, 7.1171e+01, 7.6432e-01, 
 1DIAGNOSTIC,    90, -9.753107428551e-01, 5.766091248915e-07, 7.1956e+01, 7.8464e-01, 
 1DIAGNOSTIC,    91, -9.753133654594e-01, 5.600272174888e-07, 7.2731e+01, 7.7553e-01, 
 1DIAGNOSTIC,    92, -9.753135442734e-01, 5.295166261021e-07, 7.3537e+01, 8.0528e-01, 
 1DIAGNOSTIC,    93, -9.753185510635e-01, 5.172553869670e-07, 7.4340e+01, 8.0338e-01, 
 1DIAGNOSTIC,    94, -9.753208160400e-01, 5.057329985902e-07, 7.5141e+01, 8.0100e-01, 
 1DIAGNOSTIC,    95, -9.753229618073e-01, 4.965677362634e-07, 7.5923e+01, 7.8167e-01, 
 1DIAGNOSTIC,    96, -9.753249883652e-01, 4.813077225663e-07, 7.6733e+01, 8.0981e-01, 
 1DIAGNOSTIC,    97, -9.753268361092e-01, 4.744008492708e-07, 7.7536e+01, 8.0372e-01, 
 1DIAGNOSTIC,    98, -9.753288030624e-01, 4.686901320383e-07, 7.8322e+01, 7.8612e-01, 
 1DIAGNOSTIC,    99, -9.753305315971e-01, 4.578554921864e-07, 7.9107e+01, 7.8474e-01, 
 1DIAGNOSTIC,   100, -9.753322005272e-01, 4.475696755435e-07, 7.9894e+01, 7.8651e-01, 
XXDIAGNOSTIC,Iteration,metricValue,convergenceValue,ITERATION_TIME_INDEX,SINCE_LAST
 1DIAGNOSTIC,     1, -9.386221766472e-01, inf, 8.3037e+01, 3.1436e+00, 
 1DIAGNOSTIC,     2, -9.402925372124e-01, inf, 8.5644e+01, 2.6071e+00, 
 1DIAGNOSTIC,     3, -9.416630864143e-01, inf, 8.8187e+01, 2.5428e+00, 
 1DIAGNOSTIC,     4, -9.428315162659e-01, inf, 9.0736e+01, 2.5489e+00, 
 1DIAGNOSTIC,     5, -9.438331723213e-01, inf, 9.3227e+01, 2.4913e+00, 
 1DIAGNOSTIC,     6, -9.446870684624e-01, inf, 9.5724e+01, 2.4968e+00, 
 1DIAGNOSTIC,     7, -9.454212188721e-01, inf, 9.8232e+01, 2.5084e+00, 
 1DIAGNOSTIC,     8, -9.460558891296e-01, inf, 1.0080e+02, 2.5707e+00, 
 1DIAGNOSTIC,     9, -9.465258121490e-01, inf, 1.0332e+02, 2.5168e+00, 
 1DIAGNOSTIC,    10, -9.469298720360e-01, 5.509329494089e-04, 1.0594e+02, 2.6178e+00, 
 1DIAGNOSTIC,    11, -9.472826123238e-01, 4.228517354932e-04, 1.0846e+02, 2.5221e+00, 
 1DIAGNOSTIC,    12, -9.476033449173e-01, 3.278590447735e-04, 1.1099e+02, 2.5346e+00, 
 1DIAGNOSTIC,    13, -9.478833079338e-01, 2.558806445450e-04, 1.1352e+02, 2.5242e+00, 
 1DIAGNOSTIC,    14, -9.481270313263e-01, 2.011851902353e-04, 1.1604e+02, 2.5252e+00, 
 1DIAGNOSTIC,    15, -9.483649730682e-01, 1.602290431038e-04, 1.1858e+02, 2.5400e+00, 
 1DIAGNOSTIC,    16, -9.485796093941e-01, 1.297334674746e-04, 1.2111e+02, 2.5263e+00, 
 1DIAGNOSTIC,    17, -9.487575292587e-01, 1.069754725904e-04, 1.2363e+02, 2.5169e+00, 
 1DIAGNOSTIC,    18, -9.489457607269e-01, 9.064658661373e-05, 1.2619e+02, 2.5657e+00, 
 1DIAGNOSTIC,    19, -9.490928649902e-01, 7.744028698653e-05, 1.2870e+02, 2.5048e+00, 
 1DIAGNOSTIC,    20, -9.492425918579e-01, 6.674095493509e-05, 1.3120e+02, 2.5038e+00, 
 1DIAGNOSTIC,    21, -9.493873119354e-01, 5.801841689390e-05, 1.3374e+02, 2.5402e+00, 
 1DIAGNOSTIC,    22, -9.495077133179e-01, 5.076125671621e-05, 1.3628e+02, 2.5381e+00, 
 1DIAGNOSTIC,    23, -9.496223926544e-01, 4.462037759367e-05, 1.3879e+02, 2.5148e+00, 
 1DIAGNOSTIC,    24, -9.497463703156e-01, 3.948338417104e-05, 1.4133e+02, 2.5366e+00, 
 1DIAGNOSTIC,    25, -9.498417973518e-01, 3.512200055411e-05, 1.4386e+02, 2.5257e+00, 
 1DIAGNOSTIC,    26, -9.499252438545e-01, 3.131774064968e-05, 1.4638e+02, 2.5189e+00, 
 1DIAGNOSTIC,    27, -9.500313401222e-01, 2.808116914821e-05, 1.4889e+02, 2.5118e+00, 
 1DIAGNOSTIC,    28, -9.501144289970e-01, 2.541106368881e-05, 1.5140e+02, 2.5130e+00, 
 1DIAGNOSTIC,    29, -9.501940608025e-01, 2.294634214195e-05, 1.5395e+02, 2.5469e+00, 
 1DIAGNOSTIC,    30, -9.502632617950e-01, 2.074267649732e-05, 1.5646e+02, 2.5126e+00, 
 1DIAGNOSTIC,    31, -9.503234624863e-01, 1.878374132502e-05, 1.5897e+02, 2.5091e+00, 
 1DIAGNOSTIC,    32, -9.503862857819e-01, 1.696177059785e-05, 1.6152e+02, 2.5545e+00, 
 1DIAGNOSTIC,    33, -9.504479169846e-01, 1.531074121885e-05, 1.6402e+02, 2.4929e+00, 
 1DIAGNOSTIC,    34, -9.505059123039e-01, 1.398340009473e-05, 1.6654e+02, 2.5234e+00, 
 1DIAGNOSTIC,    35, -9.505613446236e-01, 1.277366936847e-05, 1.6910e+02, 2.5627e+00, 
 1DIAGNOSTIC,    36, -9.506052136421e-01, 1.154597157438e-05, 1.7164e+02, 2.5386e+00, 
 1DIAGNOSTIC,    37, -9.506649971008e-01, 1.070276812243e-05, 1.7428e+02, 2.6422e+00, 
 1DIAGNOSTIC,    38, -9.507213234901e-01, 1.004913519864e-05, 1.7681e+02, 2.5260e+00, 
 1DIAGNOSTIC,    39, -9.507535099983e-01, 9.396872883372e-06, 1.7934e+02, 2.5261e+00, 
 1DIAGNOSTIC,    40, -9.507907032967e-01, 8.752376743359e-06, 1.8186e+02, 2.5284e+00, 
 1DIAGNOSTIC,    41, -9.508485198021e-01, 8.235448149208e-06, 1.8437e+02, 2.5085e+00, 
 1DIAGNOSTIC,    42, -9.508653879166e-01, 7.583929800603e-06, 1.8698e+02, 2.6032e+00, 
 1DIAGNOSTIC,    43, -9.509148597717e-01, 7.079895567585e-06, 1.8955e+02, 2.5725e+00, 
 1DIAGNOSTIC,    44, -9.509497880936e-01, 6.617362032557e-06, 1.9205e+02, 2.5063e+00, 
 1DIAGNOSTIC,    45, -9.509831666946e-01, 6.198552455317e-06, 1.9460e+02, 2.5491e+00, 
 1DIAGNOSTIC,    46, -9.510082602501e-01, 5.712704478356e-06, 1.9712e+02, 2.5168e+00, 
 1DIAGNOSTIC,    47, -9.510434269905e-01, 5.365656306822e-06, 1.9966e+02, 2.5364e+00, 
 1DIAGNOSTIC,    48, -9.510833621025e-01, 5.180555035622e-06, 2.0217e+02, 2.5096e+00, 
 1DIAGNOSTIC,    49, -9.510735273361e-01, 4.699007604358e-06, 2.0467e+02, 2.5057e+00, 
 1DIAGNOSTIC,    50, -9.511273503304e-01, 4.393441486172e-06, 2.0725e+02, 2.5804e+00, 
 1DIAGNOSTIC,    51, -9.511129856110e-01, 3.989076958533e-06, 2.0978e+02, 2.5260e+00, 
 1DIAGNOSTIC,    52, -9.511630535126e-01, 3.660927177407e-06, 2.1230e+02, 2.5268e+00, 
 1DIAGNOSTIC,    53, -9.511753320694e-01, 3.392173994143e-06, 2.1482e+02, 2.5111e+00, 
 1DIAGNOSTIC,    54, -9.512221217155e-01, 3.317370328659e-06, 2.1734e+02, 2.5237e+00, 
 1DIAGNOSTIC,    55, -9.512035846710e-01, 3.059705477426e-06, 2.1988e+02, 2.5444e+00, 
 1DIAGNOSTIC,    56, -9.512475132942e-01, 2.944601419586e-06, 2.2240e+02, 2.5118e+00, 
 1DIAGNOSTIC,    57, -9.512512683868e-01, 2.799605681503e-06, 2.2494e+02, 2.5399e+00, 
 1DIAGNOSTIC,    58, -9.512738585472e-01, 2.768372041828e-06, 2.2748e+02, 2.5454e+00, 
 1DIAGNOSTIC,    59, -9.512863159180e-01, 2.530307256166e-06, 2.3001e+02, 2.5278e+00, 
 1DIAGNOSTIC,    60, -9.513192176819e-01, 2.547428266553e-06, 2.3256e+02, 2.5518e+00, 
 1DIAGNOSTIC,    61, -9.513120651245e-01, 2.256390644106e-06, 2.3515e+02, 2.5915e+00, 
 1DIAGNOSTIC,    62, -9.513523578644e-01, 2.246227722935e-06, 2.3769e+02, 2.5394e+00, 
 1DIAGNOSTIC,    63, -9.513505697250e-01, 2.110050900228e-06, 2.4028e+02, 2.5842e+00, 
 1DIAGNOSTIC,    64, -9.513675570488e-01, 2.127309699063e-06, 2.4283e+02, 2.5528e+00, 
 1DIAGNOSTIC,    65, -9.513669013977e-01, 1.892875957310e-06, 2.4534e+02, 2.5147e+00, 
 1DIAGNOSTIC,    66, -9.514142870903e-01, 1.946511702045e-06, 2.4787e+02, 2.5229e+00, 
 1DIAGNOSTIC,    67, -9.513868689537e-01, 1.744241103552e-06, 2.5046e+02, 2.5985e+00, 
 1DIAGNOSTIC,    68, -9.514225721359e-01, 1.687070266598e-06, 2.5308e+02, 2.6136e+00, 
 1DIAGNOSTIC,    69, -9.514176249504e-01, 1.541376605019e-06, 2.5559e+02, 2.5113e+00, 
 1DIAGNOSTIC,    70, -9.514521360397e-01, 1.586431267242e-06, 2.5816e+02, 2.5682e+00, 
 1DIAGNOSTIC,    71, -9.514439702034e-01, 1.447884642403e-06, 2.6073e+02, 2.5747e+00, 
 1DIAGNOSTIC,    72, -9.514710903168e-01, 1.501100086898e-06, 2.6327e+02, 2.5396e+00, 
 1DIAGNOSTIC,    73, -9.514590501785e-01, 1.391945147589e-06, 2.6582e+02, 2.5498e+00, 
 1DIAGNOSTIC,    74, -9.515208005905e-01, 1.514050381957e-06, 2.6834e+02, 2.5172e+00, 
 1DIAGNOSTIC,    75, -9.514713883400e-01, 1.316142402175e-06, 2.7094e+02, 2.6015e+00, 
 1DIAGNOSTIC,    76, -9.515094757080e-01, 1.385848349855e-06, 2.7346e+02, 2.5193e+00, 
 1DIAGNOSTIC,    77, -9.515168070793e-01, 1.276219904867e-06, 2.7597e+02, 2.5089e+00, 
 1DIAGNOSTIC,    78, -9.515247344971e-01, 1.252541551366e-06, 2.7849e+02, 2.5216e+00, 
 1DIAGNOSTIC,    79, -9.515246748924e-01, 1.125307903749e-06, 2.8107e+02, 2.5843e+00, 
 1DIAGNOSTIC,    80, -9.515354037285e-01, 1.104653620132e-06, 2.8361e+02, 2.5303e+00, 
 1DIAGNOSTIC,    81, -9.515400528908e-01, 1.001151758828e-06, 2.8622e+02, 2.6122e+00, 
 1DIAGNOSTIC,    82, -9.515687823296e-01, 1.045211661221e-06, 2.8880e+02, 2.5860e+00, 
 1DIAGNOSTIC,    83, -9.515423178673e-01, 8.769414989729e-07, 2.9138e+02, 2.5810e+00, 
 1DIAGNOSTIC,    84, -9.515815973282e-01, 1.035997229337e-06, 2.9391e+02, 2.5264e+00, 
 1DIAGNOSTIC,    85, -9.515623450279e-01, 8.789110097496e-07, 2.9651e+02, 2.5996e+00, 
 1DIAGNOSTIC,    86, -9.515977501869e-01, 9.333287493973e-07, 2.9907e+02, 2.5619e+00, 
 1DIAGNOSTIC,    87, -9.515790343285e-01, 8.892851610653e-07, 3.0176e+02, 2.6836e+00, 
 1DIAGNOSTIC,    88, -9.516036510468e-01, 9.098731084123e-07, 3.0433e+02, 2.5694e+00, 
 1DIAGNOSTIC,    89, -9.515945911407e-01, 8.442628995908e-07, 3.0690e+02, 2.5794e+00, 
 1DIAGNOSTIC,    90, -9.516189694405e-01, 8.500419426127e-07, 3.0949e+02, 2.5816e+00, 
 1DIAGNOSTIC,    91, -9.516008496284e-01, 7.589517849738e-07, 3.1206e+02, 2.5786e+00, 
 1DIAGNOSTIC,    92, -9.516131877899e-01, 7.692856911490e-07, 3.1462e+02, 2.5572e+00, 
 1DIAGNOSTIC,    93, -9.516241550446e-01, 6.845473308204e-07, 3.1715e+02, 2.5325e+00, 
 1DIAGNOSTIC,    94, -9.516271352768e-01, 7.036057354526e-07, 3.1967e+02, 2.5119e+00, 
 1DIAGNOSTIC,    95, -9.516159296036e-01, 5.882224627385e-07, 3.2220e+02, 2.5322e+00, 
 1DIAGNOSTIC,    96, -9.516634345055e-01, 7.134677844078e-07, 3.2484e+02, 2.6419e+00, 
 1DIAGNOSTIC,    97, -9.516327977180e-01, 6.406827992578e-07, 3.2734e+02, 2.4996e+00, 
 1DIAGNOSTIC,    98, -9.516410827637e-01, 6.435060981858e-07, 3.3002e+02, 2.6783e+00, 
 1DIAGNOSTIC,    99, -9.516379833221e-01, 5.768993105448e-07, 3.3259e+02, 2.5672e+00, 
 1DIAGNOSTIC,   100, -9.516832828522e-01, 6.969596597628e-07, 3.3510e+02, 2.5175e+00, 
XXDIAGNOSTIC,Iteration,metricValue,convergenceValue,ITERATION_TIME_INDEX,SINCE_LAST
 1DIAGNOSTIC,     1, -8.685238957405e-01, inf, 3.5650e+02, 2.1396e+01, 
 1DIAGNOSTIC,     2, -8.706197738647e-01, inf, 3.7712e+02, 2.0619e+01, 
 1DIAGNOSTIC,     3, -8.728013038635e-01, inf, 3.9784e+02, 2.0721e+01, 
 1DIAGNOSTIC,     4, -8.746030330658e-01, inf, 4.1827e+02, 2.0432e+01, 
 1DIAGNOSTIC,     5, -8.762661218643e-01, inf, 4.3871e+02, 2.0443e+01, 
 1DIAGNOSTIC,     6, -8.777973651886e-01, inf, 4.5961e+02, 2.0892e+01, 
 1DIAGNOSTIC,     7, -8.792297840118e-01, inf, 4.8001e+02, 2.0399e+01, 
 1DIAGNOSTIC,     8, -8.805127143860e-01, inf, 5.0064e+02, 2.0633e+01, 
 1DIAGNOSTIC,     9, -8.817043304443e-01, inf, 5.2163e+02, 2.0993e+01, 
 1DIAGNOSTIC,    10, -8.826675415039e-01, 1.029625302181e-03, 5.4207e+02, 2.0439e+01, 
 1DIAGNOSTIC,    11, -8.835200071335e-01, 8.490384789184e-04, 5.6252e+02, 2.0445e+01, 
 1DIAGNOSTIC,    12, -8.842921257019e-01, 6.991448462941e-04, 5.8315e+02, 2.0633e+01, 
 1DIAGNOSTIC,    13, -8.849816322327e-01, 5.802046507597e-04, 6.0385e+02, 2.0703e+01, 
 1DIAGNOSTIC,    14, -8.856019377708e-01, 4.811434191652e-04, 6.2443e+02, 2.0582e+01, 
 1DIAGNOSTIC,    15, -8.861646652222e-01, 3.990681143478e-04, 6.4512e+02, 2.0683e+01, 
 1DIAGNOSTIC,    16, -8.866688609123e-01, 3.315389039926e-04, 6.6565e+02, 2.0536e+01, 
 1DIAGNOSTIC,    17, -8.871350288391e-01, 2.773054002319e-04, 6.8658e+02, 2.0924e+01, 
 1DIAGNOSTIC,    18, -8.875489234924e-01, 2.337062469451e-04, 7.0725e+02, 2.0676e+01, 
 1DIAGNOSTIC,    19, -8.879290819168e-01, 1.996269566007e-04, 7.2792e+02, 2.0663e+01, 
 1DIAGNOSTIC,    20, -8.882788419724e-01, 1.715052203508e-04, 7.4864e+02, 2.0726e+01, 
 1DIAGNOSTIC,    21, -8.885957598686e-01, 1.479808706790e-04, 7.6918e+02, 2.0542e+01, 
 1DIAGNOSTIC,    22, -8.888900279999e-01, 1.283671153942e-04, 7.9001e+02, 2.0828e+01, 
 1DIAGNOSTIC,    23, -8.891621232033e-01, 1.119014486903e-04, 8.1080e+02, 2.0787e+01, 
 1DIAGNOSTIC,    24, -8.894117474556e-01, 9.798804967431e-05, 8.3140e+02, 2.0599e+01, 
 1DIAGNOSTIC,    25, -8.896427154541e-01, 8.621703454992e-05, 8.5190e+02, 2.0501e+01, 
 1DIAGNOSTIC,    26, -8.898640871048e-01, 7.623901183251e-05, 8.7264e+02, 2.0742e+01, 
 1DIAGNOSTIC,    27, -8.900680541992e-01, 6.782849231968e-05, 8.9324e+02, 2.0595e+01, 
 1DIAGNOSTIC,    28, -8.902618885040e-01, 6.063245018595e-05, 9.1374e+02, 2.0502e+01, 
 1DIAGNOSTIC,    29, -8.904427886009e-01, 5.446234717965e-05, 9.3442e+02, 2.0682e+01, 
 1DIAGNOSTIC,    30, -8.906130790710e-01, 4.916734906146e-05, 9.5512e+02, 2.0697e+01, 
 1DIAGNOSTIC,    31, -8.907701373100e-01, 4.451576023712e-05, 9.7583e+02, 2.0711e+01, 
 1DIAGNOSTIC,    32, -8.909226059914e-01, 4.046746471431e-05, 9.9645e+02, 2.0621e+01, 
 1DIAGNOSTIC,    33, -8.910715579987e-01, 3.697165448102e-05, 1.0171e+03, 2.0612e+01, 
 1DIAGNOSTIC,    34, -8.912077546120e-01, 3.386363459867e-05, 1.0379e+03, 2.0860e+01, 
 1DIAGNOSTIC,    35, -8.913344144821e-01, 3.104648567387e-05, 1.0586e+03, 2.0692e+01, 
 1DIAGNOSTIC,    36, -8.914524316788e-01, 2.851295539585e-05, 1.0790e+03, 2.0414e+01, 
 1DIAGNOSTIC,    37, -8.915643692017e-01, 2.619488805067e-05, 1.0995e+03, 2.0513e+01, 
 1DIAGNOSTIC,    38, -8.916699886322e-01, 2.408367436146e-05, 1.1200e+03, 2.0467e+01, 
 1DIAGNOSTIC,    39, -8.917731046677e-01, 2.217384098913e-05, 1.1406e+03, 2.0574e+01, 
 1DIAGNOSTIC,    40, -8.918636441231e-01, 2.039033643086e-05, 1.1611e+03, 2.0527e+01, 
 1DIAGNOSTIC,    41, -8.919542431831e-01, 1.874019835668e-05, 1.1816e+03, 2.0467e+01, 
 1DIAGNOSTIC,    42, -8.920403718948e-01, 1.725256697682e-05, 1.2020e+03, 2.0469e+01, 
 1DIAGNOSTIC,    43, -8.921225667000e-01, 1.596098081791e-05, 1.2225e+03, 2.0442e+01, 
 1DIAGNOSTIC,    44, -8.922019004822e-01, 1.482484367443e-05, 1.2431e+03, 2.0634e+01, 
 1DIAGNOSTIC,    45, -8.922742009163e-01, 1.379125296808e-05, 1.2639e+03, 2.0782e+01, 
 1DIAGNOSTIC,    46, -8.923473358154e-01, 1.286780843657e-05, 1.2848e+03, 2.0927e+01, 
 1DIAGNOSTIC,    47, -8.923704624176e-01, 1.172374504677e-05, 1.3055e+03, 2.0636e+01, 
 1DIAGNOSTIC,    48, -8.924406766891e-01, 1.073720159184e-05, 1.3262e+03, 2.0731e+01, 
 1DIAGNOSTIC,    49, -8.925102353096e-01, 9.938620678440e-06, 1.3468e+03, 2.0644e+01, 
 1DIAGNOSTIC,    50, -8.925819993019e-01, 9.304202649218e-06, 1.3675e+03, 2.0700e+01, 
 1DIAGNOSTIC,    51, -8.926449418068e-01, 8.816720765026e-06, 1.3880e+03, 2.0452e+01, 
 1DIAGNOSTIC,    52, -8.927050828934e-01, 8.457534931949e-06, 1.4084e+03, 2.0411e+01, 
 1DIAGNOSTIC,    53, -8.927218914032e-01, 7.948355232656e-06, 1.4288e+03, 2.0400e+01, 
 1DIAGNOSTIC,    54, -8.927848339081e-01, 7.589285360154e-06, 1.4496e+03, 2.0777e+01, 
 1DIAGNOSTIC,    55, -8.928464055061e-01, 7.333268058574e-06, 1.4701e+03, 2.0556e+01, 
 1DIAGNOSTIC,    56, -8.928623199463e-01, 6.941410902073e-06, 1.4908e+03, 2.0688e+01, 
 1DIAGNOSTIC,    57, -8.929240703583e-01, 6.427861990232e-06, 1.5116e+03, 2.0737e+01, 
 1DIAGNOSTIC,    58, -8.929869532585e-01, 6.094838227000e-06, 1.5323e+03, 2.0702e+01, 
 1DIAGNOSTIC,    59, -8.930020928383e-01, 5.686209533451e-06, 1.5530e+03, 2.0760e+01, 
 1DIAGNOSTIC,    60, -8.930638432503e-01, 5.504284217750e-06, 1.5741e+03, 2.1079e+01, 
 1DIAGNOSTIC,    61, -8.931225538254e-01, 5.478848379425e-06, 1.5945e+03, 2.0411e+01, 
 1DIAGNOSTIC,    62, -8.931330442429e-01, 5.338106348063e-06, 1.6151e+03, 2.0639e+01, 
 1DIAGNOSTIC,    63, -8.931908607483e-01, 5.112869530421e-06, 1.6356e+03, 2.0445e+01, 
 1DIAGNOSTIC,    64, -8.932044506073e-01, 4.824545612792e-06, 1.6564e+03, 2.0757e+01, 
 1DIAGNOSTIC,    65, -8.932621479034e-01, 4.717875981441e-06, 1.6771e+03, 2.0724e+01, 
 1DIAGNOSTIC,    66, -8.933199644089e-01, 4.552216978482e-06, 1.6974e+03, 2.0341e+01, 
 1DIAGNOSTIC,    67, -8.933289647102e-01, 4.327941041993e-06, 1.7178e+03, 2.0419e+01, 
 1DIAGNOSTIC,    68, -8.933813571930e-01, 4.288744094083e-06, 1.7386e+03, 2.0738e+01, 
 1DIAGNOSTIC,    69, -8.934289216995e-01, 4.163908670307e-06, 1.7591e+03, 2.0515e+01, 
 1DIAGNOSTIC,    70, -8.934307694435e-01, 3.965245923609e-06, 1.7797e+03, 2.0603e+01, 
XXDIAGNOSTIC,Iteration,metricValue,convergenceValue,ITERATION_TIME_INDEX,SINCE_LAST
 1DIAGNOSTIC,     1, -6.896134614944e-01, inf, 1.9480e+03, 1.6828e+02, 
 1DIAGNOSTIC,     2, -6.913598179817e-01, inf, 2.1149e+03, 1.6697e+02, 
 1DIAGNOSTIC,     3, -6.932404637337e-01, inf, 2.2823e+03, 1.6734e+02, 
 1DIAGNOSTIC,     4, -6.952531337738e-01, inf, 2.4488e+03, 1.6656e+02, 
 1DIAGNOSTIC,     5, -6.972199678421e-01, inf, 2.6160e+03, 1.6718e+02, 
 1DIAGNOSTIC,     6, -6.989814639091e-01, inf, 2.7836e+03, 1.6755e+02, 
 1DIAGNOSTIC,     7, -7.006148099899e-01, inf, 2.9495e+03, 1.6590e+02, 
 1DIAGNOSTIC,     8, -7.021517753601e-01, inf, 3.1176e+03, 1.6809e+02, 
 1DIAGNOSTIC,     9, -7.035519480705e-01, inf, 3.2846e+03, 1.6708e+02, 
 1DIAGNOSTIC,    10, -7.048135399818e-01, 1.424966845661e-03, 3.4508e+03, 1.6619e+02, 
 1DIAGNOSTIC,    11, -7.059760093689e-01, 1.228310517035e-03, 3.6171e+03, 1.6627e+02, 
 1DIAGNOSTIC,    12, -7.070440649986e-01, 1.049086102284e-03, 3.7856e+03, 1.6850e+02, 
 1DIAGNOSTIC,    13, -7.080438137054e-01, 8.920084801503e-04, 3.9516e+03, 1.6600e+02, 
 1DIAGNOSTIC,    14, -7.089760303497e-01, 7.610234897584e-04, 4.1180e+03, 1.6638e+02, 
 1DIAGNOSTIC,    15, -7.097351551056e-01, 6.511996034533e-04, 4.2861e+03, 1.6812e+02, 
 1DIAGNOSTIC,    16, -7.105320692062e-01, 5.598078132607e-04, 4.4542e+03, 1.6809e+02, 
 1DIAGNOSTIC,    17, -7.111796736717e-01, 4.815163847525e-04, 4.6224e+03, 1.6822e+02, 
 1DIAGNOSTIC,    18, -7.117823958397e-01, 4.152011533733e-04, 4.7921e+03, 1.6967e+02, 
 1DIAGNOSTIC,    19, -7.124451398849e-01, 3.610269050114e-04, 4.9592e+03, 1.6716e+02, 
 1DIAGNOSTIC,    20, -7.129634618759e-01, 3.144002694171e-04, 5.1240e+03, 1.6471e+02, 
  Elapsed time (stage 2): 5126


Total elapsed time: 5160
Using single precision for computations.
Input scalar image: /home/mpib/nemecz/Projects/miniTRK/Results/01_MRI/GroupTempl/T1w/T_template0sub-553081_T1wRepaired.nii.gz
Reference image: /home/mpib/nemecz/Projects/miniTRK/Results/01_MRI/GroupTempl/T1w/T_template0.nii.gz
=============================================================================
The composite transform comprises the following transforms (in order): 
  1. /home/mpib/nemecz/Projects/miniTRK/Results/01_MRI/GroupTempl/T1w/T_sub-553081_T1w180GenericAffine.mat (type = AffineTransform)
  2. /home/mpib/nemecz/Projects/miniTRK/Results/01_MRI/GroupTempl/T1w/T_sub-553081_T1w181Warp.nii.gz (type = DisplacementFieldTransform)
=============================================================================
Default pixel value: 0
Interpolation type: LinearInterpolateImageFunction
Output warped image: /home/mpib/nemecz/Projects/miniTRK/Results/01_MRI/GroupTempl/T1w/T_template0sub-553081_T1w18WarpedToTemplate.nii.gz
