
Running N4 for 3-dimensional images.

Mask not read.  Using the entire image as the mask.

Original intensity range:  [0, 888]

***********************************************************
Warning:  Your input image contains nonpositive values
which could cause failure or problematic results.  A
possible workaround would be to:
   1. rescale your image to positive values e.g., [10,100].
   2. run N4 on your rescaled image.
   3. (optional) rescale the N4 output to the original
      intensity range.
***********************************************************

Specified spline distance: 200mm
  original image size:  [192, 256, 256]
  padded image size:  [201, 401, 401]
  number of control points:  [4, 5, 5]

Current level = 1
  Iteration 1 (of 50).   Current convergence value = 0.000551757 (threshold = 1e-08)
  Iteration 2 (of 50).   Current convergence value = 0.000380136 (threshold = 1e-08)
  Iteration 3 (of 50).   Current convergence value = 0.000280082 (threshold = 1e-08)
  Iteration 4 (of 50).   Current convergence value = 0.000229525 (threshold = 1e-08)
  Iteration 5 (of 50).   Current convergence value = 0.000188618 (threshold = 1e-08)
  Iteration 6 (of 50).   Current convergence value = 0.000149466 (threshold = 1e-08)
  Iteration 7 (of 50).   Current convergence value = 0.000119877 (threshold = 1e-08)
  Iteration 8 (of 50).   Current convergence value = 9.92081e-05 (threshold = 1e-08)
  Iteration 9 (of 50).   Current convergence value = 8.53099e-05 (threshold = 1e-08)
  Iteration 10 (of 50).   Current convergence value = 7.62481e-05 (threshold = 1e-08)
  Iteration 11 (of 50).   Current convergence value = 7.02946e-05 (threshold = 1e-08)
  Iteration 12 (of 50).   Current convergence value = 6.60326e-05 (threshold = 1e-08)
  Iteration 13 (of 50).   Current convergence value = 6.28128e-05 (threshold = 1e-08)
  Iteration 14 (of 50).   Current convergence value = 6.02139e-05 (threshold = 1e-08)
  Iteration 15 (of 50).   Current convergence value = 5.78487e-05 (threshold = 1e-08)
  Iteration 16 (of 50).   Current convergence value = 5.56899e-05 (threshold = 1e-08)
  Iteration 17 (of 50).   Current convergence value = 5.37184e-05 (threshold = 1e-08)
  Iteration 18 (of 50).   Current convergence value = 5.18552e-05 (threshold = 1e-08)
  Iteration 19 (of 50).   Current convergence value = 5.00806e-05 (threshold = 1e-08)
  Iteration 20 (of 50).   Current convergence value = 4.82655e-05 (threshold = 1e-08)
  Iteration 21 (of 50).   Current convergence value = 4.65544e-05 (threshold = 1e-08)
  Iteration 22 (of 50).   Current convergence value = 4.49658e-05 (threshold = 1e-08)
  Iteration 23 (of 50).   Current convergence value = 4.34711e-05 (threshold = 1e-08)
  Iteration 24 (of 50).   Current convergence value = 4.20611e-05 (threshold = 1e-08)
  Iteration 25 (of 50).   Current convergence value = 4.07501e-05 (threshold = 1e-08)
  Iteration 26 (of 50).   Current convergence value = 3.96044e-05 (threshold = 1e-08)
  Iteration 27 (of 50).   Current convergence value = 3.85904e-05 (threshold = 1e-08)
  Iteration 28 (of 50).   Current convergence value = 3.76815e-05 (threshold = 1e-08)
  Iteration 29 (of 50).   Current convergence value = 3.68735e-05 (threshold = 1e-08)
  Iteration 30 (of 50).   Current convergence value = 3.61766e-05 (threshold = 1e-08)
  Iteration 31 (of 50).   Current convergence value = 3.56e-05 (threshold = 1e-08)
  Iteration 32 (of 50).   Current convergence value = 3.51241e-05 (threshold = 1e-08)
  Iteration 33 (of 50).   Current convergence value = 3.47567e-05 (threshold = 1e-08)
  Iteration 34 (of 50).   Current convergence value = 3.44794e-05 (threshold = 1e-08)
  Iteration 35 (of 50).   Current convergence value = 3.42609e-05 (threshold = 1e-08)
  Iteration 36 (of 50).   Current convergence value = 3.40794e-05 (threshold = 1e-08)
  Iteration 37 (of 50).   Current convergence value = 3.3973e-05 (threshold = 1e-08)
  Iteration 38 (of 50).   Current convergence value = 3.40598e-05 (threshold = 1e-08)
  Iteration 39 (of 50).   Current convergence value = 3.41131e-05 (threshold = 1e-08)
  Iteration 40 (of 50).   Current convergence value = 3.42615e-05 (threshold = 1e-08)
  Iteration 41 (of 50).   Current convergence value = 3.45031e-05 (threshold = 1e-08)
  Iteration 42 (of 50).   Current convergence value = 3.46982e-05 (threshold = 1e-08)
  Iteration 43 (of 50).   Current convergence value = 3.50038e-05 (threshold = 1e-08)
  Iteration 44 (of 50).   Current convergence value = 3.52183e-05 (threshold = 1e-08)
  Iteration 45 (of 50).   Current convergence value = 3.55166e-05 (threshold = 1e-08)
  Iteration 46 (of 50).   Current convergence value = 3.59223e-05 (threshold = 1e-08)
  Iteration 47 (of 50).   Current convergence value = 3.61914e-05 (threshold = 1e-08)
  Iteration 48 (of 50).   Current convergence value = 3.64611e-05 (threshold = 1e-08)
  Iteration 49 (of 50).   Current convergence value = 3.66998e-05 (threshold = 1e-08)
  Iteration 50 (of 50).   Current convergence value = 3.69822e-05 (threshold = 1e-08)
Current level = 2
  Iteration 1 (of 50).   Current convergence value = 0.000488292 (threshold = 1e-08)
  Iteration 2 (of 50).   Current convergence value = 0.000467605 (threshold = 1e-08)
  Iteration 3 (of 50).   Current convergence value = 0.000457674 (threshold = 1e-08)
  Iteration 4 (of 50).   Current convergence value = 0.00044893 (threshold = 1e-08)
  Iteration 5 (of 50).   Current convergence value = 0.000439387 (threshold = 1e-08)
  Iteration 6 (of 50).   Current convergence value = 0.000428787 (threshold = 1e-08)
  Iteration 7 (of 50).   Current convergence value = 0.000417472 (threshold = 1e-08)
  Iteration 8 (of 50).   Current convergence value = 0.000405402 (threshold = 1e-08)
  Iteration 9 (of 50).   Current convergence value = 0.000393244 (threshold = 1e-08)
  Iteration 10 (of 50).   Current convergence value = 0.000381461 (threshold = 1e-08)
  Iteration 11 (of 50).   Current convergence value = 0.000370072 (threshold = 1e-08)
  Iteration 12 (of 50).   Current convergence value = 0.000359059 (threshold = 1e-08)
  Iteration 13 (of 50).   Current convergence value = 0.000348796 (threshold = 1e-08)
  Iteration 14 (of 50).   Current convergence value = 0.000339347 (threshold = 1e-08)
  Iteration 15 (of 50).   Current convergence value = 0.000330337 (threshold = 1e-08)
  Iteration 16 (of 50).   Current convergence value = 0.000322363 (threshold = 1e-08)
  Iteration 17 (of 50).   Current convergence value = 0.0003146 (threshold = 1e-08)
  Iteration 18 (of 50).   Current convergence value = 0.000307567 (threshold = 1e-08)
  Iteration 19 (of 50).   Current convergence value = 0.000300681 (threshold = 1e-08)
  Iteration 20 (of 50).   Current convergence value = 0.000294073 (threshold = 1e-08)
  Iteration 21 (of 50).   Current convergence value = 0.000287998 (threshold = 1e-08)
  Iteration 22 (of 50).   Current convergence value = 0.000282282 (threshold = 1e-08)
  Iteration 23 (of 50).   Current convergence value = 0.000276846 (threshold = 1e-08)
  Iteration 24 (of 50).   Current convergence value = 0.000271642 (threshold = 1e-08)
  Iteration 25 (of 50).   Current convergence value = 0.000266953 (threshold = 1e-08)
  Iteration 26 (of 50).   Current convergence value = 0.000262202 (threshold = 1e-08)
  Iteration 27 (of 50).   Current convergence value = 0.000257731 (threshold = 1e-08)
  Iteration 28 (of 50).   Current convergence value = 0.000253656 (threshold = 1e-08)
  Iteration 29 (of 50).   Current convergence value = 0.00024988 (threshold = 1e-08)
  Iteration 30 (of 50).   Current convergence value = 0.000246378 (threshold = 1e-08)
  Iteration 31 (of 50).   Current convergence value = 0.000242803 (threshold = 1e-08)
  Iteration 32 (of 50).   Current convergence value = 0.000239548 (threshold = 1e-08)
  Iteration 33 (of 50).   Current convergence value = 0.00023636 (threshold = 1e-08)
  Iteration 34 (of 50).   Current convergence value = 0.000233351 (threshold = 1e-08)
  Iteration 35 (of 50).   Current convergence value = 0.000230528 (threshold = 1e-08)
  Iteration 36 (of 50).   Current convergence value = 0.000227645 (threshold = 1e-08)
  Iteration 37 (of 50).   Current convergence value = 0.000224942 (threshold = 1e-08)
  Iteration 38 (of 50).   Current convergence value = 0.00022231 (threshold = 1e-08)
  Iteration 39 (of 50).   Current convergence value = 0.000219655 (threshold = 1e-08)
  Iteration 40 (of 50).   Current convergence value = 0.000217144 (threshold = 1e-08)
  Iteration 41 (of 50).   Current convergence value = 0.000214685 (threshold = 1e-08)
  Iteration 42 (of 50).   Current convergence value = 0.000212203 (threshold = 1e-08)
  Iteration 43 (of 50).   Current convergence value = 0.000209879 (threshold = 1e-08)
  Iteration 44 (of 50).   Current convergence value = 0.000207548 (threshold = 1e-08)
  Iteration 45 (of 50).   Current convergence value = 0.00020542 (threshold = 1e-08)
  Iteration 46 (of 50).   Current convergence value = 0.000203143 (threshold = 1e-08)
  Iteration 47 (of 50).   Current convergence value = 0.000201164 (threshold = 1e-08)
  Iteration 48 (of 50).   Current convergence value = 0.000199104 (threshold = 1e-08)
  Iteration 49 (of 50).   Current convergence value = 0.000197069 (threshold = 1e-08)
  Iteration 50 (of 50).   Current convergence value = 0.000195234 (threshold = 1e-08)
Current level = 3
  Iteration 1 (of 40).   Current convergence value = 0.00149235 (threshold = 1e-08)
  Iteration 2 (of 40).   Current convergence value = 0.00145403 (threshold = 1e-08)
  Iteration 3 (of 40).   Current convergence value = 0.00139619 (threshold = 1e-08)
  Iteration 4 (of 40).   Current convergence value = 0.00135989 (threshold = 1e-08)
  Iteration 5 (of 40).   Current convergence value = 0.00136583 (threshold = 1e-08)
  Iteration 6 (of 40).   Current convergence value = 0.00134223 (threshold = 1e-08)
  Iteration 7 (of 40).   Current convergence value = 0.00131782 (threshold = 1e-08)
  Iteration 8 (of 40).   Current convergence value = 0.00129672 (threshold = 1e-08)
  Iteration 9 (of 40).   Current convergence value = 0.00127785 (threshold = 1e-08)
  Iteration 10 (of 40).   Current convergence value = 0.00125869 (threshold = 1e-08)
  Iteration 11 (of 40).   Current convergence value = 0.00121982 (threshold = 1e-08)
  Iteration 12 (of 40).   Current convergence value = 0.00118838 (threshold = 1e-08)
  Iteration 13 (of 40).   Current convergence value = 0.00116019 (threshold = 1e-08)
  Iteration 14 (of 40).   Current convergence value = 0.00113579 (threshold = 1e-08)
  Iteration 15 (of 40).   Current convergence value = 0.00111771 (threshold = 1e-08)
  Iteration 16 (of 40).   Current convergence value = 0.00110494 (threshold = 1e-08)
  Iteration 17 (of 40).   Current convergence value = 0.00109663 (threshold = 1e-08)
  Iteration 18 (of 40).   Current convergence value = 0.00108394 (threshold = 1e-08)
  Iteration 19 (of 40).   Current convergence value = 0.00106098 (threshold = 1e-08)
  Iteration 20 (of 40).   Current convergence value = 0.000988422 (threshold = 1e-08)
  Iteration 21 (of 40).   Current convergence value = 0.000920854 (threshold = 1e-08)
  Iteration 22 (of 40).   Current convergence value = 0.000864956 (threshold = 1e-08)
  Iteration 23 (of 40).   Current convergence value = 0.000817977 (threshold = 1e-08)
  Iteration 24 (of 40).   Current convergence value = 0.000778118 (threshold = 1e-08)
  Iteration 25 (of 40).   Current convergence value = 0.000744378 (threshold = 1e-08)
  Iteration 26 (of 40).   Current convergence value = 0.000715938 (threshold = 1e-08)
  Iteration 27 (of 40).   Current convergence value = 0.000691579 (threshold = 1e-08)
  Iteration 28 (of 40).   Current convergence value = 0.000671338 (threshold = 1e-08)
  Iteration 29 (of 40).   Current convergence value = 0.00065462 (threshold = 1e-08)
  Iteration 30 (of 40).   Current convergence value = 0.000640884 (threshold = 1e-08)
  Iteration 31 (of 40).   Current convergence value = 0.000629771 (threshold = 1e-08)
  Iteration 32 (of 40).   Current convergence value = 0.000620854 (threshold = 1e-08)
  Iteration 33 (of 40).   Current convergence value = 0.000614181 (threshold = 1e-08)
  Iteration 34 (of 40).   Current convergence value = 0.000609282 (threshold = 1e-08)
  Iteration 35 (of 40).   Current convergence value = 0.000605991 (threshold = 1e-08)
  Iteration 36 (of 40).   Current convergence value = 0.00060366 (threshold = 1e-08)
  Iteration 37 (of 40).   Current convergence value = 0.000602642 (threshold = 1e-08)
  Iteration 38 (of 40).   Current convergence value = 0.000602573 (threshold = 1e-08)
  Iteration 39 (of 40).   Current convergence value = 0.000602861 (threshold = 1e-08)
  Iteration 40 (of 40).   Current convergence value = 0.000603432 (threshold = 1e-08)
Current level = 4
  Iteration 1 (of 30).   Current convergence value = 0.00222105 (threshold = 1e-08)
  Iteration 2 (of 30).   Current convergence value = 0.00187943 (threshold = 1e-08)
  Iteration 3 (of 30).   Current convergence value = 0.00177239 (threshold = 1e-08)
  Iteration 4 (of 30).   Current convergence value = 0.00183099 (threshold = 1e-08)
  Iteration 5 (of 30).   Current convergence value = 0.00185394 (threshold = 1e-08)
  Iteration 6 (of 30).   Current convergence value = 0.00184455 (threshold = 1e-08)
  Iteration 7 (of 30).   Current convergence value = 0.00184135 (threshold = 1e-08)
  Iteration 8 (of 30).   Current convergence value = 0.00183319 (threshold = 1e-08)
  Iteration 9 (of 30).   Current convergence value = 0.00185584 (threshold = 1e-08)
  Iteration 10 (of 30).   Current convergence value = 0.00189784 (threshold = 1e-08)
  Iteration 11 (of 30).   Current convergence value = 0.00180953 (threshold = 1e-08)
  Iteration 12 (of 30).   Current convergence value = 0.00172836 (threshold = 1e-08)
  Iteration 13 (of 30).   Current convergence value = 0.00165701 (threshold = 1e-08)
  Iteration 14 (of 30).   Current convergence value = 0.0015856 (threshold = 1e-08)
  Iteration 15 (of 30).   Current convergence value = 0.0015737 (threshold = 1e-08)
  Iteration 16 (of 30).   Current convergence value = 0.00159138 (threshold = 1e-08)
  Iteration 17 (of 30).   Current convergence value = 0.00161487 (threshold = 1e-08)
  Iteration 18 (of 30).   Current convergence value = 0.00164044 (threshold = 1e-08)
  Iteration 19 (of 30).   Current convergence value = 0.00166055 (threshold = 1e-08)
  Iteration 20 (of 30).   Current convergence value = 0.00167496 (threshold = 1e-08)
  Iteration 21 (of 30).   Current convergence value = 0.0016786 (threshold = 1e-08)
  Iteration 22 (of 30).   Current convergence value = 0.00166699 (threshold = 1e-08)
  Iteration 23 (of 30).   Current convergence value = 0.00163638 (threshold = 1e-08)
  Iteration 24 (of 30).   Current convergence value = 0.00159453 (threshold = 1e-08)
  Iteration 25 (of 30).   Current convergence value = 0.00158658 (threshold = 1e-08)
  Iteration 26 (of 30).   Current convergence value = 0.00156317 (threshold = 1e-08)
  Iteration 27 (of 30).   Current convergence value = 0.00152017 (threshold = 1e-08)
  Iteration 28 (of 30).   Current convergence value = 0.00145552 (threshold = 1e-08)
  Iteration 29 (of 30).   Current convergence value = 0.00137464 (threshold = 1e-08)
  Iteration 30 (of 30).   Current convergence value = 0.00128579 (threshold = 1e-08)
   N4BiasFieldCorrectionImageFilter (0x558e60f76e20)
     RTTI typeinfo:   itk::N4BiasFieldCorrectionImageFilter<itk::Image<float, 3u>, itk::Image<float, 3u>, itk::Image<float, 3u> >
     Reference Count: 1
     Modified Time: 565
     Debug: Off
     Object Name: 
     Observers: 
       IterationEvent(Command)
     Inputs: 
       ConfidenceImage: (0)
       MaskImage: (0x558e60fa15e0)
       Primary: (0x558e60f9cb30) *
     Indexed Inputs: 
       0: Primary (0x558e60f9cb30)
       1: MaskImage (0x558e60fa15e0)
       2: ConfidenceImage (0)
     Required Input Names: Primary
     NumberOfRequiredInputs: 1
     Outputs: 
       Primary: (0x558e60f86ef0)
     Indexed Outputs: 
       0: Primary (0x558e60f86ef0)
     NumberOfRequiredOutputs: 1
     Number Of Work Units: 32
     ReleaseDataFlag: Off
     ReleaseDataBeforeUpdateFlag: Off
     AbortGenerateData: Off
     Progress: 0
     Multithreader: 
       RTTI typeinfo:   itk::PoolMultiThreader
       Reference Count: 1
       Modified Time: 144
       Debug: Off
       Object Name: 
       Observers: 
         none
       Number of Work Units: 32
       Number of Threads: 8
       Global Maximum Number Of Threads: 128
       Global Default Number Of Threads: 8
       Global Default Threader Type: itk::MultiThreaderBaseEnums::Threader::Pool
       SingleMethod: 0
       SingleData: 0
     DynamicMultiThreading: On
     CoordinateTolerance: 1e-06
     DirectionTolerance: 1e-06
     Use Mask Label: 0
     Mask label: 1
     Number of histogram bins: 200
     Wiener filter noise: 0.01
     Bias field FWHM: 0.15
     Maximum number of iterations: [50, 50, 40, 30]
     Convergence threshold: 1e-08
     Spline order: 3
     Number of fitting levels: [4, 4, 4]
     Number of control points: [4, 5, 5]
     CurrentConvergenceMeasurement: 0.00128579
     CurrentLevel: 4
     ElapsedIterations: 31
     LogBiasFieldControlPointLattice: 
       Image (0x558e6cf17c80)
         RTTI typeinfo:   itk::Image<itk::Vector<float, 1u>, 3u>
         Reference Count: 1
         Modified Time: 343560
         Debug: Off
         Object Name: 
         Observers: 
           none
         Source: (none)
         Source output name: (none)
         Release Data: Off
         Data Released: False
         Global Release Data: Off
         PipelineMTime: 0
         UpdateMTime: 0
         RealTimeStamp: 0 seconds 
         LargestPossibleRegion: 
           Dimension: 3
           Index: [0, 0, 0]
           Size: [11, 19, 19]
         BufferedRegion: 
           Dimension: 3
           Index: [0, 0, 0]
           Size: [11, 19, 19]
         RequestedRegion: 
           Dimension: 3
           Index: [0, 0, 0]
           Size: [11, 19, 19]
         Spacing: [24.75, 24.875, 24.875]
         Origin: [25.0699, 17.9087, -30.0145]
         Direction: 
-0.999945 -0.00276527 -0.0101499
0.000156045 -0.968626 0.248522
-0.0105187 0.248507 0.968573

         IndexToPointMatrix: 
-24.7486 -0.0687861 -0.252479
0.00386211 -24.0946 6.18199
-0.260338 6.18161 24.0933

         PointToIndexMatrix: 
-0.0404018 6.30483e-06 -0.000424998
-0.000111166 -0.0389397 0.00999022
-0.000408036 0.00999085 0.0389376

         Inverse Direction: 
-0.999945 0.000156045 -0.0105187
-0.00276527 -0.968626 0.248507
-0.0101499 0.248522 0.968573

         PixelContainer: 
           ImportImageContainer (0x558e67a818d0)
             RTTI typeinfo:   itk::ImportImageContainer<unsigned long, itk::Vector<float, 1u> >
             Reference Count: 1
             Modified Time: 343561
             Debug: Off
             Object Name: 
             Observers: 
               none
             Pointer: 0x558e6b125080
             Container manages memory: true
             Size: 3971
             Capacity: 3971
Elapsed time: 319.209
All_Command_lines_OK
Using single precision for computations.
=============================================================================
The composite transform comprises the following transforms (in order): 
  1. Center of mass alignment using fixed image: /home/mpib/nemecz/Projects/miniTRK/Results/01_MRI/GroupTempl/T1w/T_template0.nii.gz and moving image: /home/mpib/nemecz/Projects/miniTRK/Analysis/01_MRI/Preproc/GroupTempl/T1w/sub-828626_T1w.nii.gz (type = Euler3DTransform)
=============================================================================
  number of levels = 4
  number of levels = 4
  number of levels = 4
  fixed image: /home/mpib/nemecz/Projects/miniTRK/Results/01_MRI/GroupTempl/T1w/T_template0.nii.gz
  moving image: /home/mpib/nemecz/Projects/miniTRK/Results/01_MRI/GroupTempl/T1w/T_template0sub-828626_T1wRepaired.nii.gz
  fixed image: /home/mpib/nemecz/Projects/miniTRK/Results/01_MRI/GroupTempl/T1w/T_template0.nii.gz
  moving image: /home/mpib/nemecz/Projects/miniTRK/Results/01_MRI/GroupTempl/T1w/T_template0sub-828626_T1wRepaired.nii.gz
  fixed image: /home/mpib/nemecz/Projects/miniTRK/Results/01_MRI/GroupTempl/T1w/T_template0.nii.gz
  moving image: /home/mpib/nemecz/Projects/miniTRK/Results/01_MRI/GroupTempl/T1w/T_template0sub-828626_T1wRepaired.nii.gz
Dimension = 3
Number of stages = 3
Use Histogram Matching true
Winsorize image intensities true
Lower quantile = 0.01
Upper quantile = 0.99
Stage 1 State
   Image metric = Mattes
     Fixed image = Image (0x55e7fd896ad0)
  RTTI typeinfo:   itk::Image<float, 3u>
  Reference Count: 2
  Modified Time: 1721
  Debug: Off
  Object Name: 
  Observers: 
    none
  Source: (none)
  Source output name: (none)
  Release Data: Off
  Data Released: False
  Global Release Data: Off
  PipelineMTime: 0
  UpdateMTime: 1506
  RealTimeStamp: 0 seconds 
  LargestPossibleRegion: 
    Dimension: 3
    Index: [0, 0, 0]
    Size: [192, 256, 256]
  BufferedRegion: 
    Dimension: 3
    Index: [0, 0, 0]
    Size: [192, 256, 256]
  RequestedRegion: 
    Dimension: 3
    Index: [0, 0, 0]
    Size: [192, 256, 256]
  Spacing: [1, 1, 1]
  Origin: [95.0313, 100.538, -154.123]
  Direction: 
-0.999853 -0.014134 -0.00966312
0.014129 -0.9999 0.000586045
-0.00967044 0.000449429 0.999953

  IndexToPointMatrix: 
-0.999853 -0.014134 -0.00966312
0.014129 -0.9999 0.000586045
-0.00967044 0.000449429 0.999953

  PointToIndexMatrix: 
-0.999853 0.014129 -0.00967044
-0.014134 -0.9999 0.000449429
-0.00966312 0.000586045 0.999953

  Inverse Direction: 
-0.999853 0.014129 -0.00967044
-0.014134 -0.9999 0.000449429
-0.00966312 0.000586045 0.999953

  PixelContainer: 
    ImportImageContainer (0x55e7fd89ec80)
      RTTI typeinfo:   itk::ImportImageContainer<unsigned long, float>
      Reference Count: 1
      Modified Time: 1503
      Debug: Off
      Object Name: 
      Observers: 
        none
      Pointer: 0x7ffa3b816010
      Container manages memory: true
      Size: 12582912
      Capacity: 12582912

     Moving image = Image (0x55e7fd897b40)
  RTTI typeinfo:   itk::Image<float, 3u>
  Reference Count: 2
  Modified Time: 1722
  Debug: Off
  Object Name: 
  Observers: 
    none
  Source: (none)
  Source output name: (none)
  Release Data: Off
  Data Released: False
  Global Release Data: Off
  PipelineMTime: 0
  UpdateMTime: 1719
  RealTimeStamp: 0 seconds 
  LargestPossibleRegion: 
    Dimension: 3
    Index: [0, 0, 0]
    Size: [192, 256, 256]
  BufferedRegion: 
    Dimension: 3
    Index: [0, 0, 0]
    Size: [192, 256, 256]
  RequestedRegion: 
    Dimension: 3
    Index: [0, 0, 0]
    Size: [192, 256, 256]
  Spacing: [1, 1, 1]
  Origin: [95.3806, 56.2858, -166.728]
  Direction: 
-0.999945 -0.00276527 -0.0101499
0.000156045 -0.968626 0.248522
-0.0105187 0.248507 0.968573

  IndexToPointMatrix: 
-0.999945 -0.00276527 -0.0101499
0.000156045 -0.968626 0.248522
-0.0105187 0.248507 0.968573

  PointToIndexMatrix: 
-0.999945 0.000156045 -0.0105187
-0.00276527 -0.968626 0.248507
-0.0101499 0.248522 0.968573

  Inverse Direction: 
-0.999945 0.000156045 -0.0105187
-0.00276527 -0.968626 0.248507
-0.0101499 0.248522 0.968573

  PixelContainer: 
    ImportImageContainer (0x55e7fd89a610)
      RTTI typeinfo:   itk::ImportImageContainer<unsigned long, float>
      Reference Count: 1
      Modified Time: 1716
      Debug: Off
      Object Name: 
      Observers: 
        none
      Pointer: 0x7ffa38815010
      Container manages memory: true
      Size: 12582912
      Capacity: 12582912

     Weighting = 1
     Sampling strategy = regular
     Number of bins = 32
     Radius = 4
     Sampling percentage  = 0.25
   Transform = Rigid
     Gradient step = 0.1
     Update field sigma (voxel space) = 0
     Total field sigma (voxel space) = 0
     Update field time sigma = 0
     Total field time sigma  = 0
     Number of time indices = 0
     Number of time point samples = 0
Stage 2 State
   Image metric = Mattes
     Fixed image = Image (0x55e7fd8af8a0)
  RTTI typeinfo:   itk::Image<float, 3u>
  Reference Count: 2
  Modified Time: 2149
  Debug: Off
  Object Name: 
  Observers: 
    none
  Source: (none)
  Source output name: (none)
  Release Data: Off
  Data Released: False
  Global Release Data: Off
  PipelineMTime: 0
  UpdateMTime: 1934
  RealTimeStamp: 0 seconds 
  LargestPossibleRegion: 
    Dimension: 3
    Index: [0, 0, 0]
    Size: [192, 256, 256]
  BufferedRegion: 
    Dimension: 3
    Index: [0, 0, 0]
    Size: [192, 256, 256]
  RequestedRegion: 
    Dimension: 3
    Index: [0, 0, 0]
    Size: [192, 256, 256]
  Spacing: [1, 1, 1]
  Origin: [95.0313, 100.538, -154.123]
  Direction: 
-0.999853 -0.014134 -0.00966312
0.014129 -0.9999 0.000586045
-0.00967044 0.000449429 0.999953

  IndexToPointMatrix: 
-0.999853 -0.014134 -0.00966312
0.014129 -0.9999 0.000586045
-0.00967044 0.000449429 0.999953

  PointToIndexMatrix: 
-0.999853 0.014129 -0.00967044
-0.014134 -0.9999 0.000449429
-0.00966312 0.000586045 0.999953

  Inverse Direction: 
-0.999853 0.014129 -0.00967044
-0.014134 -0.9999 0.000449429
-0.00966312 0.000586045 0.999953

  PixelContainer: 
    ImportImageContainer (0x55e7fd89f6a0)
      RTTI typeinfo:   itk::ImportImageContainer<unsigned long, float>
      Reference Count: 1
      Modified Time: 1931
      Debug: Off
      Object Name: 
      Observers: 
        none
      Pointer: 0x7ffa35814010
      Container manages memory: true
      Size: 12582912
      Capacity: 12582912

     Moving image = Image (0x55e7fd8af510)
  RTTI typeinfo:   itk::Image<float, 3u>
  Reference Count: 2
  Modified Time: 2150
  Debug: Off
  Object Name: 
  Observers: 
    none
  Source: (none)
  Source output name: (none)
  Release Data: Off
  Data Released: False
  Global Release Data: Off
  PipelineMTime: 0
  UpdateMTime: 2147
  RealTimeStamp: 0 seconds 
  LargestPossibleRegion: 
    Dimension: 3
    Index: [0, 0, 0]
    Size: [192, 256, 256]
  BufferedRegion: 
    Dimension: 3
    Index: [0, 0, 0]
    Size: [192, 256, 256]
  RequestedRegion: 
    Dimension: 3
    Index: [0, 0, 0]
    Size: [192, 256, 256]
  Spacing: [1, 1, 1]
  Origin: [95.3806, 56.2858, -166.728]
  Direction: 
-0.999945 -0.00276527 -0.0101499
0.000156045 -0.968626 0.248522
-0.0105187 0.248507 0.968573

  IndexToPointMatrix: 
-0.999945 -0.00276527 -0.0101499
0.000156045 -0.968626 0.248522
-0.0105187 0.248507 0.968573

  PointToIndexMatrix: 
-0.999945 0.000156045 -0.0105187
-0.00276527 -0.968626 0.248507
-0.0101499 0.248522 0.968573

  Inverse Direction: 
-0.999945 0.000156045 -0.0105187
-0.00276527 -0.968626 0.248507
-0.0101499 0.248522 0.968573

  PixelContainer: 
    ImportImageContainer (0x55e7fd8b0bb0)
      RTTI typeinfo:   itk::ImportImageContainer<unsigned long, float>
      Reference Count: 1
      Modified Time: 2144
      Debug: Off
      Object Name: 
      Observers: 
        none
      Pointer: 0x7ffa32813010
      Container manages memory: true
      Size: 12582912
      Capacity: 12582912

     Weighting = 1
     Sampling strategy = regular
     Number of bins = 32
     Radius = 4
     Sampling percentage  = 0.25
   Transform = Affine
     Gradient step = 0.1
     Update field sigma (voxel space) = 0
     Total field sigma (voxel space) = 0
     Update field time sigma = 0
     Total field time sigma  = 0
     Number of time indices = 0
     Number of time point samples = 0
Stage 3 State
   Image metric = CC
     Fixed image = Image (0x55e7fd8b6990)
  RTTI typeinfo:   itk::Image<float, 3u>
  Reference Count: 2
  Modified Time: 2577
  Debug: Off
  Object Name: 
  Observers: 
    none
  Source: (none)
  Source output name: (none)
  Release Data: Off
  Data Released: False
  Global Release Data: Off
  PipelineMTime: 0
  UpdateMTime: 2362
  RealTimeStamp: 0 seconds 
  LargestPossibleRegion: 
    Dimension: 3
    Index: [0, 0, 0]
    Size: [192, 256, 256]
  BufferedRegion: 
    Dimension: 3
    Index: [0, 0, 0]
    Size: [192, 256, 256]
  RequestedRegion: 
    Dimension: 3
    Index: [0, 0, 0]
    Size: [192, 256, 256]
  Spacing: [1, 1, 1]
  Origin: [95.0313, 100.538, -154.123]
  Direction: 
-0.999853 -0.014134 -0.00966312
0.014129 -0.9999 0.000586045
-0.00967044 0.000449429 0.999953

  IndexToPointMatrix: 
-0.999853 -0.014134 -0.00966312
0.014129 -0.9999 0.000586045
-0.00967044 0.000449429 0.999953

  PointToIndexMatrix: 
-0.999853 0.014129 -0.00967044
-0.014134 -0.9999 0.000449429
-0.00966312 0.000586045 0.999953

  Inverse Direction: 
-0.999853 0.014129 -0.00967044
-0.014134 -0.9999 0.000449429
-0.00966312 0.000586045 0.999953

  PixelContainer: 
    ImportImageContainer (0x55e7fd70bbf0)
      RTTI typeinfo:   itk::ImportImageContainer<unsigned long, float>
      Reference Count: 1
      Modified Time: 2359
      Debug: Off
      Object Name: 
      Observers: 
        none
      Pointer: 0x7ffa2f812010
      Container manages memory: true
      Size: 12582912
      Capacity: 12582912

     Moving image = Image (0x55e7fd8ae2d0)
  RTTI typeinfo:   itk::Image<float, 3u>
  Reference Count: 2
  Modified Time: 2578
  Debug: Off
  Object Name: 
  Observers: 
    none
  Source: (none)
  Source output name: (none)
  Release Data: Off
  Data Released: False
  Global Release Data: Off
  PipelineMTime: 0
  UpdateMTime: 2575
  RealTimeStamp: 0 seconds 
  LargestPossibleRegion: 
    Dimension: 3
    Index: [0, 0, 0]
    Size: [192, 256, 256]
  BufferedRegion: 
    Dimension: 3
    Index: [0, 0, 0]
    Size: [192, 256, 256]
  RequestedRegion: 
    Dimension: 3
    Index: [0, 0, 0]
    Size: [192, 256, 256]
  Spacing: [1, 1, 1]
  Origin: [95.3806, 56.2858, -166.728]
  Direction: 
-0.999945 -0.00276527 -0.0101499
0.000156045 -0.968626 0.248522
-0.0105187 0.248507 0.968573

  IndexToPointMatrix: 
-0.999945 -0.00276527 -0.0101499
0.000156045 -0.968626 0.248522
-0.0105187 0.248507 0.968573

  PointToIndexMatrix: 
-0.999945 0.000156045 -0.0105187
-0.00276527 -0.968626 0.248507
-0.0101499 0.248522 0.968573

  Inverse Direction: 
-0.999945 0.000156045 -0.0105187
-0.00276527 -0.968626 0.248507
-0.0101499 0.248522 0.968573

  PixelContainer: 
    ImportImageContainer (0x55e7fd8b56b0)
      RTTI typeinfo:   itk::ImportImageContainer<unsigned long, float>
      Reference Count: 1
      Modified Time: 2572
      Debug: Off
      Object Name: 
      Observers: 
        none
      Pointer: 0x7ffa2c811010
      Container manages memory: true
      Size: 12582912
      Capacity: 12582912

     Weighting = 1
     Sampling strategy = none
     Number of bins = 32
     Radius = 4
     Sampling percentage  = 1
   Transform = SyN
     Gradient step = 0.1
     Update field sigma (voxel space) = 3
     Total field sigma (voxel space) = 0
     Update field time sigma = 0
     Total field time sigma  = 0
     Number of time indices = 0
     Number of time point samples = 0
Registration using 3 total stages.

Stage 0
  iterations = 1000x500x250x0
  convergence threshold = 1e-06
  convergence window size = 10
  number of levels = 4
  using the Mattes MI metric (number of bins = 32, weight = 1)
  preprocessing:  winsorizing the image intensities
  preprocessing:  histogram matching the images
  Shrink factors (level 1 out of 4): [6, 6, 6]
  Shrink factors (level 2 out of 4): [4, 4, 4]
  Shrink factors (level 3 out of 4): [2, 2, 2]
  Shrink factors (level 4 out of 4): [1, 1, 1]
  smoothing sigmas per level: [4, 2, 1, 0]
  regular sampling (percentage = 0.25)

*** Running Euler3DTransform registration ***

DIAGNOSTIC,Iteration,metricValue,convergenceValue,ITERATION_TIME_INDEX,SINCE_LAST
 2DIAGNOSTIC,     1, -9.037563204765e-01, inf, 8.4993e-01, 8.4993e-01, 
 2DIAGNOSTIC,     2, -9.051171541214e-01, inf, 8.5803e-01, 8.1029e-03, 
 2DIAGNOSTIC,     3, -9.070010781288e-01, inf, 8.6629e-01, 8.2531e-03, 
 2DIAGNOSTIC,     4, -9.095275998116e-01, inf, 8.7436e-01, 8.0690e-03, 
 2DIAGNOSTIC,     5, -9.116590619087e-01, inf, 8.8253e-01, 8.1780e-03, 
 2DIAGNOSTIC,     6, -9.131901264191e-01, inf, 8.9066e-01, 8.1289e-03, 
 2DIAGNOSTIC,     7, -9.155077934265e-01, inf, 8.9917e-01, 8.5061e-03, 
 2DIAGNOSTIC,     8, -9.203072190285e-01, inf, 9.1130e-01, 1.2135e-02, 
 2DIAGNOSTIC,     9, -9.207847714424e-01, inf, 9.2076e-01, 9.4600e-03, 
 2DIAGNOSTIC,    10, -9.208764433861e-01, 1.348149613477e-03, 9.3058e-01, 9.8190e-03, 
 2DIAGNOSTIC,    11, -9.208716154099e-01, 1.139896805398e-03, 9.3915e-01, 8.5709e-03, 
 2DIAGNOSTIC,    12, -9.210348725319e-01, 9.030990768224e-04, 9.4740e-01, 8.2479e-03, 
 2DIAGNOSTIC,    13, -9.212884902954e-01, 6.700250087306e-04, 9.5677e-01, 9.3629e-03, 
 2DIAGNOSTIC,    14, -9.216234087944e-01, 4.725164035335e-04, 9.6617e-01, 9.4061e-03, 
 2DIAGNOSTIC,    15, -9.217101931572e-01, 3.056487475988e-04, 9.7526e-01, 9.0899e-03, 
 2DIAGNOSTIC,    16, -9.218676090240e-01, 1.647672033869e-04, 9.8544e-01, 1.0178e-02, 
 2DIAGNOSTIC,    17, -9.218215942383e-01, 6.461609882535e-05, 9.9464e-01, 9.1970e-03, 
 2DIAGNOSTIC,    18, -9.218664169312e-01, 5.306019738782e-05, 1.0030e+00, 8.3580e-03, 
 2DIAGNOSTIC,    19, -9.218187928200e-01, 4.488874037634e-05, 1.0143e+00, 1.1275e-02, 
 2DIAGNOSTIC,    20, -9.218659400940e-01, 3.573870708351e-05, 1.0234e+00, 9.1541e-03, 
 2DIAGNOSTIC,    21, -9.218534231186e-01, 2.402650170552e-05, 1.0328e+00, 9.3648e-03, 
 2DIAGNOSTIC,    22, -9.218173027039e-01, 1.304989473283e-05, 1.0410e+00, 8.2471e-03, 
 2DIAGNOSTIC,    23, -9.217932224274e-01, 4.973743216397e-06, 1.0502e+00, 9.1491e-03, 
 2DIAGNOSTIC,    24, -9.217553734779e-01, 1.059099076883e-06, 1.0592e+00, 9.0480e-03, 
DIAGNOSTIC,Iteration,metricValue,convergenceValue,ITERATION_TIME_INDEX,SINCE_LAST
 2DIAGNOSTIC,     1, -7.043427228928e-01, inf, 1.9175e+00, 8.5831e-01, 
 2DIAGNOSTIC,     2, -7.050974369049e-01, inf, 1.9519e+00, 3.4379e-02, 
 2DIAGNOSTIC,     3, -7.058259844780e-01, inf, 1.9851e+00, 3.3184e-02, 
 2DIAGNOSTIC,     4, -7.064289450645e-01, inf, 2.0175e+00, 3.2425e-02, 
 2DIAGNOSTIC,     5, -7.069278955460e-01, inf, 2.0493e+00, 3.1762e-02, 
 2DIAGNOSTIC,     6, -7.073553800583e-01, inf, 2.0811e+00, 3.1795e-02, 
 2DIAGNOSTIC,     7, -7.078946828842e-01, inf, 2.1129e+00, 3.1852e-02, 
 2DIAGNOSTIC,     8, -7.084252834320e-01, inf, 2.1637e+00, 5.0761e-02, 
 2DIAGNOSTIC,     9, -7.086821198463e-01, inf, 2.1960e+00, 3.2299e-02, 
 2DIAGNOSTIC,    10, -7.088232040405e-01, 4.129055887461e-04, 2.2284e+00, 3.2436e-02, 
 2DIAGNOSTIC,    11, -7.090778946877e-01, 3.305850259494e-04, 2.2657e+00, 3.7268e-02, 
 2DIAGNOSTIC,    12, -7.092319726944e-01, 2.624125336297e-04, 2.3075e+00, 4.1746e-02, 
 2DIAGNOSTIC,    13, -7.093839645386e-01, 2.080390841002e-04, 2.3447e+00, 3.7200e-02, 
 2DIAGNOSTIC,    14, -7.094247937202e-01, 1.610919716768e-04, 2.3910e+00, 4.6389e-02, 
 2DIAGNOSTIC,    15, -7.094227075577e-01, 1.192717099912e-04, 2.4281e+00, 3.7081e-02, 
 2DIAGNOSTIC,    16, -7.094249725342e-01, 8.255164721049e-05, 2.4649e+00, 3.6782e-02, 
 2DIAGNOSTIC,    17, -7.094216346741e-01, 5.508614776772e-05, 2.5016e+00, 3.6676e-02, 
 2DIAGNOSTIC,    18, -7.094188928604e-01, 3.742949411389e-05, 2.5565e+00, 5.4935e-02, 
 2DIAGNOSTIC,    19, -7.094193696976e-01, 2.377406963205e-05, 2.5931e+00, 3.6601e-02, 
 2DIAGNOSTIC,    20, -7.094190120697e-01, 1.219321711687e-05, 2.6345e+00, 4.1373e-02, 
 2DIAGNOSTIC,    21, -7.094193696976e-01, 5.565990704781e-06, 2.6713e+00, 3.6776e-02, 
 2DIAGNOSTIC,    22, -7.094190120697e-01, 1.897753350022e-06, 2.7125e+00, 4.1201e-02, 
 2DIAGNOSTIC,    23, -7.094190716743e-01, 1.140401764133e-06, 2.7447e+00, 3.2237e-02, 
 2DIAGNOSTIC,    24, -7.094190716743e-01, 1.152349113909e-06, 2.7814e+00, 3.6713e-02, 
 2DIAGNOSTIC,    25, -7.094193696976e-01, 1.148635078607e-06, 2.8189e+00, 3.7485e-02, 
 2DIAGNOSTIC,    26, -7.094189524651e-01, 1.186444023915e-06, 2.8559e+00, 3.7038e-02, 
 2DIAGNOSTIC,    27, -7.094188928604e-01, 1.176077944365e-06, 2.8941e+00, 3.8186e-02, 
 2DIAGNOSTIC,    28, -7.094128131866e-01, 1.040273332364e-06, 2.9343e+00, 4.0198e-02, 
DIAGNOSTIC,Iteration,metricValue,convergenceValue,ITERATION_TIME_INDEX,SINCE_LAST
 2DIAGNOSTIC,     1, -6.205266118050e-01, inf, 4.1928e+00, 1.2585e+00, 
 2DIAGNOSTIC,     2, -6.211085915565e-01, inf, 4.4101e+00, 2.1729e-01, 
 2DIAGNOSTIC,     3, -6.216272711754e-01, inf, 4.6256e+00, 2.1546e-01, 
 2DIAGNOSTIC,     4, -6.220347881317e-01, inf, 4.8419e+00, 2.1637e-01, 
 2DIAGNOSTIC,     5, -6.223925352097e-01, inf, 5.0604e+00, 2.1845e-01, 
 2DIAGNOSTIC,     6, -6.227166652679e-01, inf, 5.3134e+00, 2.5299e-01, 
 2DIAGNOSTIC,     7, -6.229609847069e-01, inf, 5.5344e+00, 2.2103e-01, 
 2DIAGNOSTIC,     8, -6.232575178146e-01, inf, 5.7962e+00, 2.6182e-01, 
 2DIAGNOSTIC,     9, -6.236295700073e-01, inf, 6.0521e+00, 2.5585e-01, 
 2DIAGNOSTIC,    10, -6.236696839333e-01, 3.217326593585e-04, 6.3697e+00, 3.1758e-01, 
 2DIAGNOSTIC,    11, -6.236920356750e-01, 2.490854531061e-04, 6.6244e+00, 2.5479e-01, 
 2DIAGNOSTIC,    12, -6.237248778343e-01, 1.897056645248e-04, 6.8848e+00, 2.6034e-01, 
 2DIAGNOSTIC,    13, -6.237359046936e-01, 1.408560929121e-04, 7.1385e+00, 2.5369e-01, 
 2DIAGNOSTIC,    14, -6.237344145775e-01, 9.935316484189e-05, 7.3936e+00, 2.5508e-01, 
 2DIAGNOSTIC,    15, -6.237307786942e-01, 6.521258183056e-05, 7.6781e+00, 2.8457e-01, 
 2DIAGNOSTIC,    16, -6.237253546715e-01, 3.871332228300e-05, 8.0250e+00, 3.4687e-01, 
 2DIAGNOSTIC,    17, -6.237265467644e-01, 1.843784957600e-05, 8.3136e+00, 2.8861e-01, 
 2DIAGNOSTIC,    18, -6.237260699272e-01, 6.130613201094e-06, 8.5660e+00, 2.5242e-01, 
 2DIAGNOSTIC,    19, -6.237258315086e-01, 3.633454070950e-06, 8.8245e+00, 2.5842e-01, 
 2DIAGNOSTIC,    20, -6.237257122993e-01, 2.117562416970e-06, 9.0767e+00, 2.5226e-01, 
 2DIAGNOSTIC,    21, -6.237257122993e-01, 1.166670585917e-06, 9.3328e+00, 2.5612e-01, 
 2DIAGNOSTIC,    22, -6.237254142761e-01, 1.001438590720e-06, 9.5834e+00, 2.5051e-01, 
 2DIAGNOSTIC,    23, -6.237254142761e-01, 1.109408458433e-06, 9.8043e+00, 2.2097e-01, 
 2DIAGNOSTIC,    24, -6.237260699272e-01, 1.219443674927e-06, 1.0054e+01, 2.4957e-01, 
 2DIAGNOSTIC,    25, -6.237264871597e-01, 1.274594865208e-06, 1.0308e+01, 2.5411e-01, 
 2DIAGNOSTIC,    26, -6.237256526947e-01, 1.214810595229e-06, 1.0589e+01, 2.8090e-01, 
 2DIAGNOSTIC,    27, -6.237249374390e-01, 1.169324946204e-06, 1.0901e+01, 3.1211e-01, 
 2DIAGNOSTIC,    28, -6.237250566483e-01, 1.122532466979e-06, 1.1150e+01, 2.4887e-01, 
 2DIAGNOSTIC,    29, -6.237248778343e-01, 1.073144971997e-06, 1.1499e+01, 3.4909e-01, 
 2DIAGNOSTIC,    30, -6.237248778343e-01, 1.027333496495e-06, 1.1759e+01, 2.5975e-01, 
DIAGNOSTIC,Iteration,metricValue,convergenceValue,ITERATION_TIME_INDEX,SINCE_LAST
 2DIAGNOSTIC,     1, -5.765478014946e-01, inf, 1.4249e+01, 2.4903e+00, 
  Elapsed time (stage 0): 1.5395e+01


Stage 1
  iterations = 1000x500x250x0
  convergence threshold = 1.0000e-06
  convergence window size = 10
  number of levels = 4
  using the Mattes MI metric (number of bins = 32, weight = 1.0000e+00)
  preprocessing:  winsorizing the image intensities
  preprocessing:  histogram matching the images
  Shrink factors (level 1 out of 4): [6, 6, 6]
  Shrink factors (level 2 out of 4): [4, 4, 4]
  Shrink factors (level 3 out of 4): [2, 2, 2]
  Shrink factors (level 4 out of 4): [1, 1, 1]
  smoothing sigmas per level: [4, 2, 1, 0]
  regular sampling (percentage = 2.5000e-01)

*** Running AffineTransform registration ***

DIAGNOSTIC,Iteration,metricValue,convergenceValue,ITERATION_TIME_INDEX,SINCE_LAST
 2DIAGNOSTIC,     1, -9.168427586555e-01, inf, 8.0229e-01, 8.0229e-01, 
 2DIAGNOSTIC,     2, -9.204556345940e-01, inf, 8.1261e-01, 1.0326e-02, 
 2DIAGNOSTIC,     3, -9.264598488808e-01, inf, 8.2233e-01, 9.7189e-03, 
 2DIAGNOSTIC,     4, -9.366087913513e-01, inf, 8.3202e-01, 9.6850e-03, 
 2DIAGNOSTIC,     5, -9.537817835808e-01, inf, 8.4167e-01, 9.6519e-03, 
 2DIAGNOSTIC,     6, -9.817602634430e-01, inf, 8.5149e-01, 9.8159e-03, 
 2DIAGNOSTIC,     7, -1.023849010468e+00, inf, 8.6069e-01, 9.2080e-03, 
 2DIAGNOSTIC,     8, -1.076957583427e+00, inf, 8.6962e-01, 8.9290e-03, 
 2DIAGNOSTIC,     9, -1.110295534134e+00, inf, 8.8515e-01, 1.5527e-02, 
 2DIAGNOSTIC,    10, -1.115484714508e+00, 1.470951177180e-02, 8.9515e-01, 9.9959e-03, 
 2DIAGNOSTIC,    11, -1.116176009178e+00, 1.404227316380e-02, 9.0859e-01, 1.3449e-02, 
 2DIAGNOSTIC,    12, -1.116177201271e+00, 1.232922635972e-02, 9.2165e-01, 1.3055e-02, 
 2DIAGNOSTIC,    13, -1.116178274155e+00, 9.911839850247e-03, 9.3190e-01, 1.0247e-02, 
 2DIAGNOSTIC,    14, -1.116065859795e+00, 7.167287636548e-03, 9.4135e-01, 9.4521e-03, 
 2DIAGNOSTIC,    15, -1.116083979607e+00, 4.487274680287e-03, 9.5047e-01, 9.1190e-03, 
 2DIAGNOSTIC,    16, -1.116049408913e+00, 2.232824452221e-03, 9.6002e-01, 9.5541e-03, 
 2DIAGNOSTIC,    17, -1.116009831429e+00, 7.126809214242e-04, 9.6944e-01, 9.4211e-03, 
 2DIAGNOSTIC,    18, -1.115928411484e+00, 9.125302312896e-05, 9.7815e-01, 8.7030e-03, 
 2DIAGNOSTIC,    19, -1.115900993347e+00, 2.134055876013e-06, 9.8791e-01, 9.7611e-03, 
DIAGNOSTIC,Iteration,metricValue,convergenceValue,ITERATION_TIME_INDEX,SINCE_LAST
 2DIAGNOSTIC,     1, -8.915284872055e-01, inf, 1.8524e+00, 8.6454e-01, 
 2DIAGNOSTIC,     2, -8.928362131119e-01, inf, 1.8891e+00, 3.6685e-02, 
 2DIAGNOSTIC,     3, -8.943338990211e-01, inf, 1.9251e+00, 3.5970e-02, 
 2DIAGNOSTIC,     4, -8.957644104958e-01, inf, 1.9598e+00, 3.4700e-02, 
 2DIAGNOSTIC,     5, -8.969996571541e-01, inf, 1.9941e+00, 3.4264e-02, 
 2DIAGNOSTIC,     6, -8.976984620094e-01, inf, 2.0320e+00, 3.7918e-02, 
 2DIAGNOSTIC,     7, -8.981491327286e-01, inf, 2.1027e+00, 7.0745e-02, 
 2DIAGNOSTIC,     8, -8.981710672379e-01, inf, 2.1496e+00, 4.6917e-02, 
 2DIAGNOSTIC,     9, -8.981733918190e-01, inf, 2.1871e+00, 3.7415e-02, 
 2DIAGNOSTIC,    10, -8.981547951698e-01, 4.856008163188e-04, 2.2214e+00, 3.4314e-02, 
 2DIAGNOSTIC,    11, -8.981576561928e-01, 3.191622381564e-04, 2.2558e+00, 3.4390e-02, 
 2DIAGNOSTIC,    12, -8.981524705887e-01, 1.861461933004e-04, 2.2922e+00, 3.6471e-02, 
 2DIAGNOSTIC,    13, -8.981615900993e-01, 9.339059033664e-05, 2.3274e+00, 3.5128e-02, 
 2DIAGNOSTIC,    14, -8.981661796570e-01, 3.768367969315e-05, 2.3666e+00, 3.9218e-02, 
 2DIAGNOSTIC,    15, -8.981702327728e-01, 1.206847082358e-05, 2.4104e+00, 4.3817e-02, 
 2DIAGNOSTIC,    16, -8.981670141220e-01, 2.276072791574e-06, 2.4496e+00, 3.9214e-02, 
 2DIAGNOSTIC,    17, -8.981620669365e-01, 1.906339093694e-06, 2.4886e+00, 3.8965e-02, 
 2DIAGNOSTIC,    18, -8.981480002403e-01, 1.709213506729e-06, 2.5232e+00, 3.4650e-02, 
 2DIAGNOSTIC,    19, -8.981477022171e-01, 1.583007815498e-06, 2.5625e+00, 3.9236e-02, 
 2DIAGNOSTIC,    20, -8.981401920319e-01, 1.059658529812e-06, 2.6017e+00, 3.9236e-02, 
DIAGNOSTIC,Iteration,metricValue,convergenceValue,ITERATION_TIME_INDEX,SINCE_LAST
 2DIAGNOSTIC,     1, -7.887785434723e-01, inf, 3.7835e+00, 1.1818e+00, 
 2DIAGNOSTIC,     2, -7.888717055321e-01, inf, 4.0278e+00, 2.4425e-01, 
 2DIAGNOSTIC,     3, -7.890028953552e-01, inf, 4.2772e+00, 2.4939e-01, 
 2DIAGNOSTIC,     4, -7.891213297844e-01, inf, 4.5440e+00, 2.6678e-01, 
 2DIAGNOSTIC,     5, -7.891445755959e-01, inf, 4.8121e+00, 2.6815e-01, 
 2DIAGNOSTIC,     6, -7.891892194748e-01, inf, 5.2442e+00, 4.3212e-01, 
 2DIAGNOSTIC,     7, -7.891863584518e-01, inf, 5.5652e+00, 3.2096e-01, 
 2DIAGNOSTIC,     8, -7.891872525215e-01, inf, 5.8432e+00, 2.7807e-01, 
 2DIAGNOSTIC,     9, -7.891872525215e-01, inf, 6.1194e+00, 2.7620e-01, 
 2DIAGNOSTIC,    10, -7.891884446144e-01, 3.389491394046e-05, 6.5543e+00, 4.3486e-01, 
 2DIAGNOSTIC,    11, -7.891886234283e-01, 2.072844654322e-05, 6.8642e+00, 3.0988e-01, 
 2DIAGNOSTIC,    12, -7.891874313354e-01, 1.085566600523e-05, 7.1371e+00, 2.7293e-01, 
 2DIAGNOSTIC,    13, -7.891874313354e-01, 5.331016836863e-06, 7.4147e+00, 2.7757e-01, 
 2DIAGNOSTIC,    14, -7.891874313354e-01, 3.375583219167e-06, 7.7578e+00, 3.4312e-01, 
 2DIAGNOSTIC,    15, -7.891875505447e-01, 2.109002707584e-06, 8.0389e+00, 2.8104e-01, 
 2DIAGNOSTIC,    16, -7.891873121262e-01, 2.003354438784e-06, 8.3162e+00, 2.7733e-01, 
 2DIAGNOSTIC,    17, -7.891871929169e-01, 1.846065629252e-06, 8.5907e+00, 2.7457e-01, 
 2DIAGNOSTIC,    18, -7.891870737076e-01, 1.724576236484e-06, 8.8713e+00, 2.8059e-01, 
 2DIAGNOSTIC,    19, -7.891870737076e-01, 1.618818714633e-06, 9.1448e+00, 2.7345e-01, 
 2DIAGNOSTIC,    20, -7.891871929169e-01, 1.551976197334e-06, 9.4263e+00, 2.8154e-01, 
 2DIAGNOSTIC,    21, -7.891872525215e-01, 1.499750396761e-06, 9.7315e+00, 3.0522e-01, 
 2DIAGNOSTIC,    22, -7.891872525215e-01, 1.434249838894e-06, 1.0014e+01, 2.8199e-01, 
 2DIAGNOSTIC,    23, -7.891869544983e-01, 1.370918994326e-06, 1.0287e+01, 2.7333e-01, 
 2DIAGNOSTIC,    24, -7.891869544983e-01, 1.314028168053e-06, 1.0560e+01, 2.7313e-01, 
 2DIAGNOSTIC,    25, -7.891869544983e-01, 1.264447973881e-06, 1.0839e+01, 2.7861e-01, 
 2DIAGNOSTIC,    26, -7.891870141029e-01, 1.216898454004e-06, 1.1080e+01, 2.4126e-01, 
 2DIAGNOSTIC,    27, -7.891870737076e-01, 1.172760676127e-06, 1.1356e+01, 2.7606e-01, 
 2DIAGNOSTIC,    28, -7.891869544983e-01, 1.129305246650e-06, 1.1631e+01, 2.7545e-01, 
 2DIAGNOSTIC,    29, -7.891871333122e-01, 1.091754825211e-06, 1.1904e+01, 2.7298e-01, 
 2DIAGNOSTIC,    30, -7.891871333122e-01, 1.058480847860e-06, 1.2177e+01, 2.7215e-01, 
 2DIAGNOSTIC,    31, -7.891870737076e-01, 1.027479584081e-06, 1.2452e+01, 2.7545e-01, 
DIAGNOSTIC,Iteration,metricValue,convergenceValue,ITERATION_TIME_INDEX,SINCE_LAST
 2DIAGNOSTIC,     1, -7.060660719872e-01, inf, 1.5140e+01, 2.6876e+00, 
  Elapsed time (stage 1): 1.6293e+01


Stage 2
  iterations = 100x100x70x20
  convergence threshold = 1.0000e-09
  convergence window size = 10
  number of levels = 4
  using the CC metric (radius = 4, weight = 1.0000e+00)
  preprocessing:  winsorizing the image intensities
  preprocessing:  histogram matching the images
  Shrink factors (level 1 out of 4): [6, 6, 6]
  Shrink factors (level 2 out of 4): [4, 4, 4]
  Shrink factors (level 3 out of 4): [2, 2, 2]
  Shrink factors (level 4 out of 4): [1, 1, 1]
  smoothing sigmas per level: [3, 2, 1, 0]
  Using default NONE metricSamplingStrategy 

*** Running SyN registration (varianceForUpdateField = 3.0000e+00, varianceForTotalField = 0.0000e+00) ***

XXDIAGNOSTIC,Iteration,metricValue,convergenceValue,ITERATION_TIME_INDEX,SINCE_LAST
 1DIAGNOSTIC,     1, -9.186896681786e-01, inf, 1.4998e+00, 1.4998e+00, 
 1DIAGNOSTIC,     2, -9.267185926437e-01, inf, 2.2518e+00, 7.5196e-01, 
 1DIAGNOSTIC,     3, -9.341579079628e-01, inf, 3.0819e+00, 8.3012e-01, 
 1DIAGNOSTIC,     4, -9.390673637390e-01, inf, 3.8545e+00, 7.7263e-01, 
 1DIAGNOSTIC,     5, -9.430294036865e-01, inf, 4.6341e+00, 7.7950e-01, 
 1DIAGNOSTIC,     6, -9.456806778908e-01, inf, 5.4281e+00, 7.9400e-01, 
 1DIAGNOSTIC,     7, -9.476057291031e-01, inf, 6.2304e+00, 8.0233e-01, 
 1DIAGNOSTIC,     8, -9.492049217224e-01, inf, 7.0528e+00, 8.2239e-01, 
 1DIAGNOSTIC,     9, -9.504983425140e-01, inf, 7.8304e+00, 7.7761e-01, 
 1DIAGNOSTIC,    10, -9.516571760178e-01, 2.079861005768e-03, 8.6095e+00, 7.7916e-01, 
 1DIAGNOSTIC,    11, -9.524685144424e-01, 1.436858321540e-03, 9.3715e+00, 7.6191e-01, 
 1DIAGNOSTIC,    12, -9.534235596657e-01, 9.961733594537e-04, 1.0187e+01, 8.1559e-01, 
 1DIAGNOSTIC,    13, -9.541707634926e-01, 7.219930412248e-04, 1.1017e+01, 8.2975e-01, 
 1DIAGNOSTIC,    14, -9.550246000290e-01, 5.442500114441e-04, 1.1779e+01, 7.6215e-01, 
 1DIAGNOSTIC,    15, -9.557735919952e-01, 4.343548207544e-04, 1.2565e+01, 7.8577e-01, 
 1DIAGNOSTIC,    16, -9.563171267509e-01, 3.580572374631e-04, 1.3345e+01, 7.8008e-01, 
 1DIAGNOSTIC,    17, -9.571439027786e-01, 3.062059695367e-04, 1.4134e+01, 7.8898e-01, 
 1DIAGNOSTIC,    18, -9.579203128815e-01, 2.711034030654e-04, 1.4927e+01, 7.9341e-01, 
 1DIAGNOSTIC,    19, -9.583536982536e-01, 2.415492781438e-04, 1.5741e+01, 8.1382e-01, 
 1DIAGNOSTIC,    20, -9.591338634491e-01, 2.216485445388e-04, 1.6546e+01, 8.0495e-01, 
 1DIAGNOSTIC,    21, -9.595225453377e-01, 1.999470696319e-04, 1.7296e+01, 7.4987e-01, 
 1DIAGNOSTIC,    22, -9.604209661484e-01, 1.867672399385e-04, 1.8081e+01, 7.8566e-01, 
 1DIAGNOSTIC,    23, -9.606081843376e-01, 1.691465004114e-04, 1.8851e+01, 7.6976e-01, 
 1DIAGNOSTIC,    24, -9.612644910812e-01, 1.560715172673e-04, 1.9623e+01, 7.7188e-01, 
 1DIAGNOSTIC,    25, -9.614844918251e-01, 1.409835822415e-04, 2.0413e+01, 7.9037e-01, 
 1DIAGNOSTIC,    26, -9.621620774269e-01, 1.277869887417e-04, 2.1213e+01, 7.9941e-01, 
 1DIAGNOSTIC,    27, -9.625435471535e-01, 1.167208392872e-04, 2.1977e+01, 7.6448e-01, 
 1DIAGNOSTIC,    28, -9.631577730179e-01, 1.103336253436e-04, 2.2748e+01, 7.7030e-01, 
 1DIAGNOSTIC,    29, -9.632101058960e-01, 9.890140063362e-05, 2.3561e+01, 8.1298e-01, 
 1DIAGNOSTIC,    30, -9.637317657471e-01, 9.199963824358e-05, 2.4370e+01, 8.0912e-01, 
 1DIAGNOSTIC,    31, -9.638053774834e-01, 8.109448390314e-05, 2.5159e+01, 7.8908e-01, 
 1DIAGNOSTIC,    32, -9.642506837845e-01, 7.580884266645e-05, 2.5955e+01, 7.9649e-01, 
 1DIAGNOSTIC,    33, -9.644820690155e-01, 6.734865019098e-05, 2.6746e+01, 7.9086e-01, 
 1DIAGNOSTIC,    34, -9.648910760880e-01, 6.244932592381e-05, 2.7564e+01, 8.1729e-01, 
 1DIAGNOSTIC,    35, -9.649438261986e-01, 5.417725697043e-05, 2.8356e+01, 7.9224e-01, 
 1DIAGNOSTIC,    36, -9.653297662735e-01, 5.009668529965e-05, 2.9163e+01, 8.0765e-01, 
 1DIAGNOSTIC,    37, -9.653556346893e-01, 4.466592508834e-05, 2.9981e+01, 8.1730e-01, 
 1DIAGNOSTIC,    38, -9.657092690468e-01, 4.295917460695e-05, 3.0754e+01, 7.7358e-01, 
 1DIAGNOSTIC,    39, -9.656308889389e-01, 3.699030276039e-05, 3.1541e+01, 7.8686e-01, 
 1DIAGNOSTIC,    40, -9.660519957542e-01, 3.495700002532e-05, 3.2310e+01, 7.6877e-01, 
 1DIAGNOSTIC,    41, -9.659899473190e-01, 2.972371839860e-05, 3.3130e+01, 8.2050e-01, 
 1DIAGNOSTIC,    42, -9.662649631500e-01, 2.708669126150e-05, 3.3926e+01, 7.9579e-01, 
 1DIAGNOSTIC,    43, -9.662740230560e-01, 2.363566090935e-05, 3.4697e+01, 7.7100e-01, 
 1DIAGNOSTIC,    44, -9.665994048119e-01, 2.314020275662e-05, 3.5533e+01, 8.3577e-01, 
 1DIAGNOSTIC,    45, -9.664754271507e-01, 1.994677404582e-05, 3.6327e+01, 7.9417e-01, 
 1DIAGNOSTIC,    46, -9.667247533798e-01, 1.920717477333e-05, 3.7156e+01, 8.2868e-01, 
 1DIAGNOSTIC,    47, -9.666727781296e-01, 1.648729448789e-05, 3.7964e+01, 8.0843e-01, 
 1DIAGNOSTIC,    48, -9.669536948204e-01, 1.633109968679e-05, 3.8721e+01, 7.5627e-01, 
 1DIAGNOSTIC,    49, -9.670248031616e-01, 1.452790365875e-05, 3.9551e+01, 8.3011e-01, 
 1DIAGNOSTIC,    50, -9.672161340714e-01, 1.513531333330e-05, 4.0331e+01, 7.8055e-01, 
 1DIAGNOSTIC,    51, -9.670518040657e-01, 1.297739891015e-05, 4.1132e+01, 8.0080e-01, 
 1DIAGNOSTIC,    52, -9.672321677208e-01, 1.236534444615e-05, 4.1953e+01, 8.2131e-01, 
 1DIAGNOSTIC,    53, -9.670292735100e-01, 9.477823368798e-06, 4.2722e+01, 7.6831e-01, 
 1DIAGNOSTIC,    54, -9.671953320503e-01, 8.588572200097e-06, 4.3509e+01, 7.8726e-01, 
 1DIAGNOSTIC,    55, -9.670438766479e-01, 5.424355094874e-06, 4.4289e+01, 7.8057e-01, 
 1DIAGNOSTIC,    56, -9.672635793686e-01, 4.446455022844e-06, 4.5116e+01, 8.2634e-01, 
 1DIAGNOSTIC,    57, -9.670767188072e-01, 1.831508484429e-06, 4.5915e+01, 7.9897e-01, 
 1DIAGNOSTIC,    58, -9.672970771790e-01, 1.772784003151e-06, 4.6753e+01, 8.3810e-01, 
 1DIAGNOSTIC,    59, -9.671784043312e-01, 1.304948000325e-06, 4.7574e+01, 8.2137e-01, 
 1DIAGNOSTIC,    60, -9.673742055893e-01, 2.728585059231e-06, 4.8358e+01, 7.8367e-01, 
 1DIAGNOSTIC,    61, -9.672951698303e-01, 2.660246764208e-06, 4.9157e+01, 7.9927e-01, 
 1DIAGNOSTIC,    62, -9.674850106239e-01, 4.202310719847e-06, 4.9986e+01, 8.2904e-01, 
 1DIAGNOSTIC,    63, -9.672785401344e-01, 3.375342203071e-06, 5.0746e+01, 7.6024e-01, 
 1DIAGNOSTIC,    64, -9.673981666565e-01, 3.672082357298e-06, 5.1584e+01, 8.3759e-01, 
 1DIAGNOSTIC,    65, -9.673080444336e-01, 2.507069893909e-06, 5.2379e+01, 7.9545e-01, 
 1DIAGNOSTIC,    66, -9.675463438034e-01, 3.267126885476e-06, 5.3186e+01, 8.0613e-01, 
 1DIAGNOSTIC,    67, -9.673375487328e-01, 1.932962504725e-06, 5.4002e+01, 8.1621e-01, 
 1DIAGNOSTIC,    68, -9.675026535988e-01, 2.237122316728e-06, 5.4792e+01, 7.9031e-01, 
 1DIAGNOSTIC,    69, -9.673430919647e-01, 1.136001515079e-06, 5.5625e+01, 8.3327e-01, 
 1DIAGNOSTIC,    70, -9.674929976463e-01, 1.481923618485e-06, 5.6435e+01, 8.0978e-01, 
 1DIAGNOSTIC,    71, -9.672836065292e-01, 4.659480055125e-07, 5.7254e+01, 8.1899e-01, 
 1DIAGNOSTIC,    72, -9.675090312958e-01, 1.236680986949e-06, 5.8066e+01, 8.1163e-01, 
 1DIAGNOSTIC,    73, -9.674027562141e-01, 6.080317120905e-07, 5.8847e+01, 7.8158e-01, 
 1DIAGNOSTIC,    74, -9.675074219704e-01, 9.000693239614e-07, 5.9644e+01, 7.9705e-01, 
 1DIAGNOSTIC,    75, -9.673582911491e-01, 1.627645218605e-07, 6.0435e+01, 7.9094e-01, 
 1DIAGNOSTIC,    76, -9.676231145859e-01, 1.471787186347e-06, 6.1222e+01, 7.8691e-01, 
 1DIAGNOSTIC,    77, -9.674459695816e-01, 1.107669277189e-06, 6.2021e+01, 7.9835e-01, 
 1DIAGNOSTIC,    78, -9.676658511162e-01, 2.180678393415e-06, 6.2793e+01, 7.7220e-01, 
 1DIAGNOSTIC,    79, -9.676243066788e-01, 2.272747451570e-06, 6.3620e+01, 8.2740e-01, 
 1DIAGNOSTIC,    80, -9.676461219788e-01, 2.850082864825e-06, 6.4397e+01, 7.7713e-01, 
 1DIAGNOSTIC,    81, -9.675525426865e-01, 2.046039753623e-06, 6.5192e+01, 7.9439e-01, 
 1DIAGNOSTIC,    82, -9.676839113235e-01, 2.407246256553e-06, 6.6012e+01, 8.2001e-01, 
 1DIAGNOSTIC,    83, -9.674712419510e-01, 1.401149347657e-06, 6.6768e+01, 7.5588e-01, 
 1DIAGNOSTIC,    84, -9.675984382629e-01, 1.173601503979e-06, 6.7600e+01, 8.3256e-01, 
 1DIAGNOSTIC,    85, -9.675456285477e-01, 1.378765830395e-07, 6.8390e+01, 7.9022e-01, 
 1DIAGNOSTIC,    86, -9.676371812820e-01, 3.999833779744e-07, 6.9208e+01, 8.1724e-01, 
 1DIAGNOSTIC,    87, -9.674873352051e-01, -4.865705705015e-07, 7.0015e+01, 8.0782e-01, 
XXDIAGNOSTIC,Iteration,metricValue,convergenceValue,ITERATION_TIME_INDEX,SINCE_LAST
 1DIAGNOSTIC,     1, -9.287297725677e-01, inf, 7.3306e+01, 3.2909e+00, 
 1DIAGNOSTIC,     2, -9.296467304230e-01, inf, 7.5902e+01, 2.5955e+00, 
 1DIAGNOSTIC,     3, -9.306188225746e-01, inf, 7.8470e+01, 2.5686e+00, 
 1DIAGNOSTIC,     4, -9.313828945160e-01, inf, 8.1023e+01, 2.5521e+00, 
 1DIAGNOSTIC,     5, -9.320406913757e-01, inf, 8.3605e+01, 2.5822e+00, 
 1DIAGNOSTIC,     6, -9.326232075691e-01, inf, 8.6177e+01, 2.5718e+00, 
 1DIAGNOSTIC,     7, -9.331483840942e-01, inf, 8.8838e+01, 2.6615e+00, 
 1DIAGNOSTIC,     8, -9.336060881615e-01, inf, 9.1497e+01, 2.6585e+00, 
 1DIAGNOSTIC,     9, -9.340143799782e-01, inf, 9.4135e+01, 2.6385e+00, 
 1DIAGNOSTIC,    10, -9.343559145927e-01, 3.831250942312e-04, 9.6749e+01, 2.6142e+00, 
 1DIAGNOSTIC,    11, -9.345734119415e-01, 3.037837159354e-04, 9.9402e+01, 2.6531e+00, 
 1DIAGNOSTIC,    12, -9.347577095032e-01, 2.382805832895e-04, 1.0196e+02, 2.5561e+00, 
 1DIAGNOSTIC,    13, -9.349078536034e-01, 1.876115275081e-04, 1.0461e+02, 2.6508e+00, 
 1DIAGNOSTIC,    14, -9.351007938385e-01, 1.479529310018e-04, 1.0724e+02, 2.6325e+00, 
 1DIAGNOSTIC,    15, -9.352499842644e-01, 1.164462300949e-04, 1.0989e+02, 2.6472e+00, 
 1DIAGNOSTIC,    16, -9.353618025780e-01, 9.146892989520e-05, 1.1240e+02, 2.5101e+00, 
 1DIAGNOSTIC,    17, -9.354804158211e-01, 7.263624866027e-05, 1.1503e+02, 2.6327e+00, 
 1DIAGNOSTIC,    18, -9.355771541595e-01, 5.861458339496e-05, 1.1760e+02, 2.5670e+00, 
 1DIAGNOSTIC,    19, -9.357021450996e-01, 4.922087828163e-05, 1.2017e+02, 2.5676e+00, 
 1DIAGNOSTIC,    20, -9.358282089233e-01, 4.338121289038e-05, 1.2279e+02, 2.6213e+00, 
 1DIAGNOSTIC,    21, -9.359211325645e-01, 3.865139296977e-05, 1.2543e+02, 2.6411e+00, 
 1DIAGNOSTIC,    22, -9.360418319702e-01, 3.508495865390e-05, 1.2806e+02, 2.6263e+00, 
 1DIAGNOSTIC,    23, -9.361486434937e-01, 3.201949220966e-05, 1.3063e+02, 2.5699e+00, 
 1DIAGNOSTIC,    24, -9.362408518791e-01, 2.990274697368e-05, 1.3325e+02, 2.6235e+00, 
 1DIAGNOSTIC,    25, -9.363541007042e-01, 2.843569745892e-05, 1.3589e+02, 2.6389e+00, 
 1DIAGNOSTIC,    26, -9.364261627197e-01, 2.664286694198e-05, 1.3852e+02, 2.6353e+00, 
 1DIAGNOSTIC,    27, -9.364975094795e-01, 2.471592961228e-05, 1.4110e+02, 2.5784e+00, 
 1DIAGNOSTIC,    28, -9.365577101707e-01, 2.238510023744e-05, 1.4373e+02, 2.6289e+00, 
 1DIAGNOSTIC,    29, -9.366237521172e-01, 2.018514351221e-05, 1.4636e+02, 2.6341e+00, 
 1DIAGNOSTIC,    30, -9.366992115974e-01, 1.835024522734e-05, 1.4899e+02, 2.6268e+00, 
 1DIAGNOSTIC,    31, -9.367477297783e-01, 1.635605804040e-05, 1.5165e+02, 2.6597e+00, 
 1DIAGNOSTIC,    32, -9.367987513542e-01, 1.465468176320e-05, 1.5422e+02, 2.5734e+00, 
 1DIAGNOSTIC,    33, -9.368807673454e-01, 1.348914520349e-05, 1.5680e+02, 2.5748e+00, 
 1DIAGNOSTIC,    34, -9.369363188744e-01, 1.249091747013e-05, 1.5938e+02, 2.5796e+00, 
 1DIAGNOSTIC,    35, -9.369690418243e-01, 1.170527320937e-05, 1.6194e+02, 2.5653e+00, 
 1DIAGNOSTIC,    36, -9.370326399803e-01, 1.107845400838e-05, 1.6459e+02, 2.6447e+00, 
 1DIAGNOSTIC,    37, -9.370648860931e-01, 1.035371315083e-05, 1.6722e+02, 2.6336e+00, 
 1DIAGNOSTIC,    38, -9.371011257172e-01, 9.521797437628e-06, 1.6986e+02, 2.6397e+00, 
 1DIAGNOSTIC,    39, -9.371654987335e-01, 8.907999472285e-06, 1.7252e+02, 2.6532e+00, 
 1DIAGNOSTIC,    40, -9.372221827507e-01, 8.547378456569e-06, 1.7518e+02, 2.6609e+00, 
 1DIAGNOSTIC,    41, -9.372653961182e-01, 8.136270480463e-06, 1.7782e+02, 2.6425e+00, 
 1DIAGNOSTIC,    42, -9.373323321342e-01, 7.884216756793e-06, 1.8048e+02, 2.6569e+00, 
 1DIAGNOSTIC,    43, -9.373874664307e-01, 7.921028554847e-06, 1.8314e+02, 2.6667e+00, 
 1DIAGNOSTIC,    44, -9.374346733093e-01, 7.971558261488e-06, 1.8578e+02, 2.6363e+00, 
 1DIAGNOSTIC,    45, -9.374679923058e-01, 7.760498192511e-06, 1.8842e+02, 2.6416e+00, 
 1DIAGNOSTIC,    46, -9.375033378601e-01, 7.536577413703e-06, 1.9108e+02, 2.6596e+00, 
 1DIAGNOSTIC,    47, -9.375550746918e-01, 7.205538167909e-06, 1.9363e+02, 2.5459e+00, 
 1DIAGNOSTIC,    48, -9.375995397568e-01, 6.759217740182e-06, 1.9629e+02, 2.6611e+00, 
 1DIAGNOSTIC,    49, -9.376470446587e-01, 6.433208000090e-06, 1.9890e+02, 2.6125e+00, 
 1DIAGNOSTIC,    50, -9.376811981201e-01, 6.115489668446e-06, 2.0155e+02, 2.6486e+00, 
 1DIAGNOSTIC,    51, -9.377188086510e-01, 5.759893610957e-06, 2.0416e+02, 2.6166e+00, 
 1DIAGNOSTIC,    52, -9.377620220184e-01, 5.559859346249e-06, 2.0676e+02, 2.5920e+00, 
 1DIAGNOSTIC,    53, -9.377760291100e-01, 5.279003289616e-06, 2.0944e+02, 2.6788e+00, 
 1DIAGNOSTIC,    54, -9.378116726875e-01, 5.025218797527e-06, 2.1204e+02, 2.6046e+00, 
 1DIAGNOSTIC,    55, -9.378199577332e-01, 4.580611403071e-06, 2.1465e+02, 2.6061e+00, 
 1DIAGNOSTIC,    56, -9.378544092178e-01, 4.142386842432e-06, 2.1728e+02, 2.6359e+00, 
 1DIAGNOSTIC,    57, -9.378859996796e-01, 3.812827344518e-06, 2.1997e+02, 2.6843e+00, 
 1DIAGNOSTIC,    58, -9.379270672798e-01, 3.623306156442e-06, 2.2258e+02, 2.6136e+00, 
 1DIAGNOSTIC,    59, -9.379577040672e-01, 3.543038928910e-06, 2.2520e+02, 2.6236e+00, 
 1DIAGNOSTIC,    60, -9.379939436913e-01, 3.529843297656e-06, 2.2787e+02, 2.6675e+00, 
 1DIAGNOSTIC,    61, -9.380221962929e-01, 3.550364908733e-06, 2.3047e+02, 2.6023e+00, 
 1DIAGNOSTIC,    62, -9.380693435669e-01, 3.718768539329e-06, 2.3311e+02, 2.6414e+00, 
 1DIAGNOSTIC,    63, -9.380838871002e-01, 3.702714366227e-06, 2.3575e+02, 2.6366e+00, 
 1DIAGNOSTIC,    64, -9.381320476532e-01, 3.779269718507e-06, 2.3847e+02, 2.7161e+00, 
 1DIAGNOSTIC,    65, -9.381532073021e-01, 3.669360694403e-06, 2.4114e+02, 2.6752e+00, 
 1DIAGNOSTIC,    66, -9.381625056267e-01, 3.455545311226e-06, 2.4378e+02, 2.6423e+00, 
 1DIAGNOSTIC,    67, -9.381688833237e-01, 3.131932544420e-06, 2.4643e+02, 2.6487e+00, 
 1DIAGNOSTIC,    68, -9.382236599922e-01, 2.988340384036e-06, 2.4902e+02, 2.5833e+00, 
 1DIAGNOSTIC,    69, -9.382452964783e-01, 2.826267291312e-06, 2.5165e+02, 2.6297e+00, 
 1DIAGNOSTIC,    70, -9.382702708244e-01, 2.704445932977e-06, 2.5433e+02, 2.6823e+00, 
 1DIAGNOSTIC,    71, -9.382888078690e-01, 2.568295030869e-06, 2.5699e+02, 2.6620e+00, 
 1DIAGNOSTIC,    72, -9.383143186569e-01, 2.539006118241e-06, 2.5964e+02, 2.6534e+00, 
 1DIAGNOSTIC,    73, -9.383411407471e-01, 2.471527295711e-06, 2.6229e+02, 2.6436e+00, 
 1DIAGNOSTIC,    74, -9.383683204651e-01, 2.513555045880e-06, 2.6498e+02, 2.6916e+00, 
 1DIAGNOSTIC,    75, -9.383814334869e-01, 2.492515704944e-06, 2.6760e+02, 2.6197e+00, 
 1DIAGNOSTIC,    76, -9.384083747864e-01, 2.420039891149e-06, 2.7018e+02, 2.5788e+00, 
 1DIAGNOSTIC,    77, -9.384260177612e-01, 2.244380766570e-06, 2.7284e+02, 2.6584e+00, 
 1DIAGNOSTIC,    78, -9.384430050850e-01, 2.173236680392e-06, 2.7550e+02, 2.6619e+00, 
 1DIAGNOSTIC,    79, -9.384371042252e-01, 1.991935505430e-06, 2.7817e+02, 2.6674e+00, 
 1DIAGNOSTIC,    80, -9.384720921516e-01, 1.890897692647e-06, 2.8081e+02, 2.6484e+00, 
 1DIAGNOSTIC,    81, -9.384865164757e-01, 1.766679474713e-06, 2.8344e+02, 2.6306e+00, 
 1DIAGNOSTIC,    82, -9.385067224503e-01, 1.679116735431e-06, 2.8608e+02, 2.6370e+00, 
 1DIAGNOSTIC,    83, -9.385499954224e-01, 1.723955620037e-06, 2.8861e+02, 2.5279e+00, 
 1DIAGNOSTIC,    84, -9.385653138161e-01, 1.789499833649e-06, 2.9127e+02, 2.6603e+00, 
 1DIAGNOSTIC,    85, -9.385738372803e-01, 1.792675902834e-06, 2.9390e+02, 2.6295e+00, 
 1DIAGNOSTIC,    86, -9.385795593262e-01, 1.773246822268e-06, 2.9647e+02, 2.5697e+00, 
 1DIAGNOSTIC,    87, -9.386124610901e-01, 1.793669525796e-06, 2.9915e+02, 2.6807e+00, 
 1DIAGNOSTIC,    88, -9.385948181152e-01, 1.670691631261e-06, 3.0177e+02, 2.6185e+00, 
 1DIAGNOSTIC,    89, -9.386370182037e-01, 1.547806732560e-06, 3.0442e+02, 2.6559e+00, 
 1DIAGNOSTIC,    90, -9.386278986931e-01, 1.397865844410e-06, 3.0706e+02, 2.6365e+00, 
 1DIAGNOSTIC,    91, -9.386358261108e-01, 1.226178710567e-06, 3.0962e+02, 2.5548e+00, 
 1DIAGNOSTIC,    92, -9.386555552483e-01, 1.101621705857e-06, 3.1223e+02, 2.6192e+00, 
 1DIAGNOSTIC,    93, -9.386782646179e-01, 1.119149601436e-06, 3.1487e+02, 2.6393e+00, 
 1DIAGNOSTIC,    94, -9.386953711510e-01, 1.164088530459e-06, 3.1744e+02, 2.5707e+00, 
 1DIAGNOSTIC,    95, -9.387256503105e-01, 1.252182187272e-06, 3.2010e+02, 2.6513e+00, 
 1DIAGNOSTIC,    96, -9.387525320053e-01, 1.349783360638e-06, 3.2274e+02, 2.6441e+00, 
 1DIAGNOSTIC,    97, -9.387827515602e-01, 1.545149643789e-06, 3.2542e+02, 2.6836e+00, 
 1DIAGNOSTIC,    98, -9.387849569321e-01, 1.565507886880e-06, 3.2809e+02, 2.6662e+00, 
 1DIAGNOSTIC,    99, -9.387831687927e-01, 1.592033640918e-06, 3.3074e+02, 2.6496e+00, 
 1DIAGNOSTIC,   100, -9.387744665146e-01, 1.441814674763e-06, 3.3340e+02, 2.6613e+00, 
XXDIAGNOSTIC,Iteration,metricValue,convergenceValue,ITERATION_TIME_INDEX,SINCE_LAST
 1DIAGNOSTIC,     1, -8.610994815826e-01, inf, 3.5559e+02, 2.2185e+01, 
 1DIAGNOSTIC,     2, -8.645527362823e-01, inf, 3.7630e+02, 2.0717e+01, 
 1DIAGNOSTIC,     3, -8.679993748665e-01, inf, 3.9711e+02, 2.0811e+01, 
 1DIAGNOSTIC,     4, -8.708316683769e-01, inf, 4.1805e+02, 2.0933e+01, 
 1DIAGNOSTIC,     5, -8.733423352242e-01, inf, 4.3865e+02, 2.0604e+01, 
 1DIAGNOSTIC,     6, -8.754990100861e-01, inf, 4.5907e+02, 2.0416e+01, 
 1DIAGNOSTIC,     7, -8.773801326752e-01, inf, 4.8014e+02, 2.1075e+01, 
 1DIAGNOSTIC,     8, -8.789501190186e-01, inf, 5.0079e+02, 2.0645e+01, 
 1DIAGNOSTIC,     9, -8.801972866058e-01, inf, 5.2111e+02, 2.0328e+01, 
 1DIAGNOSTIC,    10, -8.814531564713e-01, 1.471965108067e-03, 5.4183e+02, 2.0711e+01, 
 1DIAGNOSTIC,    11, -8.822864890099e-01, 1.155617879704e-03, 5.6254e+02, 2.0711e+01, 
 1DIAGNOSTIC,    12, -8.830803632736e-01, 9.025499457493e-04, 5.8347e+02, 2.0938e+01, 
 1DIAGNOSTIC,    13, -8.838539719582e-01, 7.117649656720e-04, 6.0453e+02, 2.1060e+01, 
 1DIAGNOSTIC,    14, -8.845399022102e-01, 5.645310156979e-04, 6.2513e+02, 2.0595e+01, 
 1DIAGNOSTIC,    15, -8.850507140160e-01, 4.502331430558e-04, 6.4605e+02, 2.0919e+01, 
 1DIAGNOSTIC,    16, -8.856453895569e-01, 3.643712552730e-04, 6.6710e+02, 2.1053e+01, 
 1DIAGNOSTIC,    17, -8.859366774559e-01, 2.961879945360e-04, 6.8825e+02, 2.1143e+01, 
 1DIAGNOSTIC,    18, -8.865833282471e-01, 2.479841932654e-04, 7.0915e+02, 2.0903e+01, 
 1DIAGNOSTIC,    19, -8.869275450706e-01, 2.085927117150e-04, 7.3001e+02, 2.0858e+01, 
 1DIAGNOSTIC,    20, -8.871271014214e-01, 1.772811374394e-04, 7.5063e+02, 2.0619e+01, 
 1DIAGNOSTIC,    21, -8.877530694008e-01, 1.549719891045e-04, 7.7146e+02, 2.0832e+01, 
 1DIAGNOSTIC,    22, -8.879083395004e-01, 1.339544105576e-04, 7.9222e+02, 2.0757e+01, 
 1DIAGNOSTIC,    23, -8.882473111153e-01, 1.178536986117e-04, 8.1273e+02, 2.0514e+01, 
 1DIAGNOSTIC,    24, -8.884918093681e-01, 1.045788958436e-04, 8.3337e+02, 2.0642e+01, 
 1DIAGNOSTIC,    25, -8.888344764709e-01, 9.356236841995e-05, 8.5412e+02, 2.0751e+01, 
 1DIAGNOSTIC,    26, -8.888614773750e-01, 8.233445259975e-05, 8.7488e+02, 2.0756e+01, 
 1DIAGNOSTIC,    27, -8.893446922302e-01, 7.343508332269e-05, 8.9573e+02, 2.0852e+01, 
 1DIAGNOSTIC,    28, -8.894084095955e-01, 6.639851198997e-05, 9.1659e+02, 2.0856e+01, 
 1DIAGNOSTIC,    29, -8.896011710167e-01, 5.967932884232e-05, 9.3748e+02, 2.0890e+01, 
 1DIAGNOSTIC,    30, -8.899025917053e-01, 5.310047345120e-05, 9.5819e+02, 2.0712e+01, 
 1DIAGNOSTIC,    31, -8.900179862976e-01, 4.967231507180e-05, 9.7896e+02, 2.0775e+01, 
 1DIAGNOSTIC,    32, -8.901534676552e-01, 4.471489228308e-05, 9.9966e+02, 2.0697e+01, 
 1DIAGNOSTIC,    33, -8.903437852859e-01, 4.104154140805e-05, 1.0204e+03, 2.0727e+01, 
 1DIAGNOSTIC,    34, -8.905254602432e-01, 3.773826028919e-05, 1.0412e+03, 2.0791e+01, 
 1DIAGNOSTIC,    35, -8.905313014984e-01, 3.432515586610e-05, 1.0619e+03, 2.0711e+01, 
 1DIAGNOSTIC,    36, -8.908150792122e-01, 3.062759424211e-05, 1.0826e+03, 2.0676e+01, 
 1DIAGNOSTIC,    37, -8.908746838570e-01, 2.899221726693e-05, 1.1032e+03, 2.0627e+01, 
 1DIAGNOSTIC,    38, -8.910092711449e-01, 2.642083381943e-05, 1.1237e+03, 2.0475e+01, 
 1DIAGNOSTIC,    39, -8.910680413246e-01, 2.355742981308e-05, 1.1444e+03, 2.0724e+01, 
 1DIAGNOSTIC,    40, -8.913362026215e-01, 2.324993329239e-05, 1.1651e+03, 2.0664e+01, 
 1DIAGNOSTIC,    41, -8.912009000778e-01, 2.059378130070e-05, 1.1858e+03, 2.0742e+01, 
 1DIAGNOSTIC,    42, -8.915284276009e-01, 1.973217331397e-05, 1.2066e+03, 2.0800e+01, 
 1DIAGNOSTIC,    43, -8.915772438049e-01, 1.881142452476e-05, 1.2274e+03, 2.0816e+01, 
 1DIAGNOSTIC,    44, -8.914774060249e-01, 1.681852336333e-05, 1.2480e+03, 2.0631e+01, 
 1DIAGNOSTIC,    45, -8.918224573135e-01, 1.587462247699e-05, 1.2685e+03, 2.0502e+01, 
 1DIAGNOSTIC,    46, -8.918542861938e-01, 1.565849197505e-05, 1.2890e+03, 2.0486e+01, 
 1DIAGNOSTIC,    47, -8.918079733849e-01, 1.409417382092e-05, 1.3095e+03, 2.0455e+01, 
 1DIAGNOSTIC,    48, -8.920053243637e-01, 1.356355460302e-05, 1.3301e+03, 2.0575e+01, 
 1DIAGNOSTIC,    49, -8.921448588371e-01, 1.305572550336e-05, 1.3504e+03, 2.0309e+01, 
 1DIAGNOSTIC,    50, -8.919072151184e-01, 1.158008035418e-05, 1.3711e+03, 2.0779e+01, 
 1DIAGNOSTIC,    51, -8.923356533051e-01, 1.095475545299e-05, 1.3918e+03, 2.0643e+01, 
 1DIAGNOSTIC,    52, -8.922333121300e-01, 1.069101836038e-05, 1.4121e+03, 2.0337e+01, 
 1DIAGNOSTIC,    53, -8.922824859619e-01, 1.011227595882e-05, 1.4326e+03, 2.0483e+01, 
 1DIAGNOSTIC,    54, -8.924303054810e-01, 8.879027518560e-06, 1.4529e+03, 2.0272e+01, 
 1DIAGNOSTIC,    55, -8.924706578255e-01, 9.132005288848e-06, 1.4735e+03, 2.0601e+01, 
 1DIAGNOSTIC,    56, -8.924174308777e-01, 8.440545570920e-06, 1.4940e+03, 2.0540e+01, 
 1DIAGNOSTIC,    57, -8.926777243614e-01, 8.200866432162e-06, 1.5145e+03, 2.0511e+01, 
 1DIAGNOSTIC,    58, -8.925245404243e-01, 7.433460268658e-06, 1.5349e+03, 2.0403e+01, 
 1DIAGNOSTIC,    59, -8.926990032196e-01, 7.812755029590e-06, 1.5553e+03, 2.0409e+01, 
 1DIAGNOSTIC,    60, -8.927216529846e-01, 6.244674295885e-06, 1.5759e+03, 2.0588e+01, 
 1DIAGNOSTIC,    61, -8.927323818207e-01, 6.510003913718e-06, 1.5965e+03, 2.0532e+01, 
 1DIAGNOSTIC,    62, -8.928414583206e-01, 6.226717232494e-06, 1.6169e+03, 2.0474e+01, 
 1DIAGNOSTIC,    63, -8.929083347321e-01, 5.960859652987e-06, 1.6375e+03, 2.0527e+01, 
 1DIAGNOSTIC,    64, -8.927735090256e-01, 5.241307007964e-06, 1.6580e+03, 2.0505e+01, 
 1DIAGNOSTIC,    65, -8.930199742317e-01, 5.537620836549e-06, 1.6788e+03, 2.0800e+01, 
 1DIAGNOSTIC,    66, -8.930471539497e-01, 5.141087513039e-06, 1.6993e+03, 2.0531e+01, 
 1DIAGNOSTIC,    67, -8.929032683372e-01, 4.886819169769e-06, 1.7197e+03, 2.0416e+01, 
 1DIAGNOSTIC,    68, -8.931122422218e-01, 4.491319486988e-06, 1.7405e+03, 2.0736e+01, 
 1DIAGNOSTIC,    69, -8.931593894958e-01, 4.725198323285e-06, 1.7610e+03, 2.0587e+01, 
 1DIAGNOSTIC,    70, -8.931369781494e-01, 4.529667876341e-06, 1.7816e+03, 2.0567e+01, 
XXDIAGNOSTIC,Iteration,metricValue,convergenceValue,ITERATION_TIME_INDEX,SINCE_LAST
 1DIAGNOSTIC,     1, -7.230207920074e-01, inf, 1.9482e+03, 1.6659e+02, 
 1DIAGNOSTIC,     2, -7.248480319977e-01, inf, 2.1140e+03, 1.6580e+02, 
 1DIAGNOSTIC,     3, -7.266666889191e-01, inf, 2.2798e+03, 1.6583e+02, 
 1DIAGNOSTIC,     4, -7.284020781517e-01, inf, 2.4460e+03, 1.6619e+02, 
 1DIAGNOSTIC,     5, -7.299826145172e-01, inf, 2.6124e+03, 1.6641e+02, 
 1DIAGNOSTIC,     6, -7.314500808716e-01, inf, 2.7778e+03, 1.6541e+02, 
 1DIAGNOSTIC,     7, -7.328406572342e-01, inf, 2.9435e+03, 1.6569e+02, 
 1DIAGNOSTIC,     8, -7.342949509621e-01, inf, 3.1092e+03, 1.6568e+02, 
 1DIAGNOSTIC,     9, -7.356504797935e-01, inf, 3.2764e+03, 1.6719e+02, 
 1DIAGNOSTIC,    10, -7.369261980057e-01, 1.209930051118e-03, 3.4422e+03, 1.6577e+02, 
 1DIAGNOSTIC,    11, -7.379734516144e-01, 1.042622607201e-03, 3.6099e+03, 1.6772e+02, 
 1DIAGNOSTIC,    12, -7.390859127045e-01, 9.042823221534e-04, 3.7763e+03, 1.6637e+02, 
 1DIAGNOSTIC,    13, -7.400501966476e-01, 7.878805627115e-04, 3.9433e+03, 1.6706e+02, 
 1DIAGNOSTIC,    14, -7.409653663635e-01, 6.893606041558e-04, 4.1100e+03, 1.6665e+02, 
 1DIAGNOSTIC,    15, -7.417357563972e-01, 6.013727979735e-04, 4.2770e+03, 1.6704e+02, 
 1DIAGNOSTIC,    16, -7.424700260162e-01, 5.222909967415e-04, 4.4429e+03, 1.6590e+02, 
 1DIAGNOSTIC,    17, -7.431754469872e-01, 4.517886845861e-04, 4.6100e+03, 1.6703e+02, 
 1DIAGNOSTIC,    18, -7.438279986382e-01, 3.922761534341e-04, 4.7764e+03, 1.6644e+02, 
 1DIAGNOSTIC,    19, -7.444419860840e-01, 3.424387832638e-04, 4.9429e+03, 1.6649e+02, 
 1DIAGNOSTIC,    20, -7.450339794159e-01, 3.016867849510e-04, 5.1098e+03, 1.6689e+02, 
  Elapsed time (stage 2): 5112


Total elapsed time: 5144
Using single precision for computations.
Input scalar image: /home/mpib/nemecz/Projects/miniTRK/Results/01_MRI/GroupTempl/T1w/T_template0sub-828626_T1wRepaired.nii.gz
Reference image: /home/mpib/nemecz/Projects/miniTRK/Results/01_MRI/GroupTempl/T1w/T_template0.nii.gz
=============================================================================
The composite transform comprises the following transforms (in order): 
  1. /home/mpib/nemecz/Projects/miniTRK/Results/01_MRI/GroupTempl/T1w/T_sub-828626_T1w310GenericAffine.mat (type = AffineTransform)
  2. /home/mpib/nemecz/Projects/miniTRK/Results/01_MRI/GroupTempl/T1w/T_sub-828626_T1w311Warp.nii.gz (type = DisplacementFieldTransform)
=============================================================================
Default pixel value: 0
Interpolation type: LinearInterpolateImageFunction
Output warped image: /home/mpib/nemecz/Projects/miniTRK/Results/01_MRI/GroupTempl/T1w/T_template0sub-828626_T1w31WarpedToTemplate.nii.gz
