
Running N4 for 3-dimensional images.

Mask not read.  Using the entire image as the mask.

Original intensity range:  [0, 784]

***********************************************************
Warning:  Your input image contains nonpositive values
which could cause failure or problematic results.  A
possible workaround would be to:
   1. rescale your image to positive values e.g., [10,100].
   2. run N4 on your rescaled image.
   3. (optional) rescale the N4 output to the original
      intensity range.
***********************************************************

Specified spline distance: 200mm
  original image size:  [192, 256, 256]
  padded image size:  [201, 401, 401]
  number of control points:  [4, 5, 5]

Current level = 1
  Iteration 1 (of 50).   Current convergence value = 0.000539402 (threshold = 1e-08)
  Iteration 2 (of 50).   Current convergence value = 0.000379285 (threshold = 1e-08)
  Iteration 3 (of 50).   Current convergence value = 0.000259472 (threshold = 1e-08)
  Iteration 4 (of 50).   Current convergence value = 0.000224408 (threshold = 1e-08)
  Iteration 5 (of 50).   Current convergence value = 0.000218634 (threshold = 1e-08)
  Iteration 6 (of 50).   Current convergence value = 0.000175239 (threshold = 1e-08)
  Iteration 7 (of 50).   Current convergence value = 0.000140252 (threshold = 1e-08)
  Iteration 8 (of 50).   Current convergence value = 0.000115163 (threshold = 1e-08)
  Iteration 9 (of 50).   Current convergence value = 9.74767e-05 (threshold = 1e-08)
  Iteration 10 (of 50).   Current convergence value = 8.49333e-05 (threshold = 1e-08)
  Iteration 11 (of 50).   Current convergence value = 7.63782e-05 (threshold = 1e-08)
  Iteration 12 (of 50).   Current convergence value = 7.04463e-05 (threshold = 1e-08)
  Iteration 13 (of 50).   Current convergence value = 6.6285e-05 (threshold = 1e-08)
  Iteration 14 (of 50).   Current convergence value = 6.31439e-05 (threshold = 1e-08)
  Iteration 15 (of 50).   Current convergence value = 6.07156e-05 (threshold = 1e-08)
  Iteration 16 (of 50).   Current convergence value = 5.86908e-05 (threshold = 1e-08)
  Iteration 17 (of 50).   Current convergence value = 5.6885e-05 (threshold = 1e-08)
  Iteration 18 (of 50).   Current convergence value = 5.50954e-05 (threshold = 1e-08)
  Iteration 19 (of 50).   Current convergence value = 5.35134e-05 (threshold = 1e-08)
  Iteration 20 (of 50).   Current convergence value = 5.19108e-05 (threshold = 1e-08)
  Iteration 21 (of 50).   Current convergence value = 5.03013e-05 (threshold = 1e-08)
  Iteration 22 (of 50).   Current convergence value = 4.86808e-05 (threshold = 1e-08)
  Iteration 23 (of 50).   Current convergence value = 4.69673e-05 (threshold = 1e-08)
  Iteration 24 (of 50).   Current convergence value = 4.53489e-05 (threshold = 1e-08)
  Iteration 25 (of 50).   Current convergence value = 4.36407e-05 (threshold = 1e-08)
  Iteration 26 (of 50).   Current convergence value = 4.20789e-05 (threshold = 1e-08)
  Iteration 27 (of 50).   Current convergence value = 4.05676e-05 (threshold = 1e-08)
  Iteration 28 (of 50).   Current convergence value = 3.92311e-05 (threshold = 1e-08)
  Iteration 29 (of 50).   Current convergence value = 3.78201e-05 (threshold = 1e-08)
  Iteration 30 (of 50).   Current convergence value = 3.65125e-05 (threshold = 1e-08)
  Iteration 31 (of 50).   Current convergence value = 3.52288e-05 (threshold = 1e-08)
  Iteration 32 (of 50).   Current convergence value = 3.40573e-05 (threshold = 1e-08)
  Iteration 33 (of 50).   Current convergence value = 3.29116e-05 (threshold = 1e-08)
  Iteration 34 (of 50).   Current convergence value = 3.18856e-05 (threshold = 1e-08)
  Iteration 35 (of 50).   Current convergence value = 3.09351e-05 (threshold = 1e-08)
  Iteration 36 (of 50).   Current convergence value = 3.00337e-05 (threshold = 1e-08)
  Iteration 37 (of 50).   Current convergence value = 2.92581e-05 (threshold = 1e-08)
  Iteration 38 (of 50).   Current convergence value = 2.85323e-05 (threshold = 1e-08)
  Iteration 39 (of 50).   Current convergence value = 2.7923e-05 (threshold = 1e-08)
  Iteration 40 (of 50).   Current convergence value = 2.73882e-05 (threshold = 1e-08)
  Iteration 41 (of 50).   Current convergence value = 2.69435e-05 (threshold = 1e-08)
  Iteration 42 (of 50).   Current convergence value = 2.65634e-05 (threshold = 1e-08)
  Iteration 43 (of 50).   Current convergence value = 2.6313e-05 (threshold = 1e-08)
  Iteration 44 (of 50).   Current convergence value = 2.61378e-05 (threshold = 1e-08)
  Iteration 45 (of 50).   Current convergence value = 2.60384e-05 (threshold = 1e-08)
  Iteration 46 (of 50).   Current convergence value = 2.59943e-05 (threshold = 1e-08)
  Iteration 47 (of 50).   Current convergence value = 2.6009e-05 (threshold = 1e-08)
  Iteration 48 (of 50).   Current convergence value = 2.59681e-05 (threshold = 1e-08)
  Iteration 49 (of 50).   Current convergence value = 2.60762e-05 (threshold = 1e-08)
  Iteration 50 (of 50).   Current convergence value = 2.6155e-05 (threshold = 1e-08)
Current level = 2
  Iteration 1 (of 50).   Current convergence value = 0.000489027 (threshold = 1e-08)
  Iteration 2 (of 50).   Current convergence value = 0.000467584 (threshold = 1e-08)
  Iteration 3 (of 50).   Current convergence value = 0.000462379 (threshold = 1e-08)
  Iteration 4 (of 50).   Current convergence value = 0.000459851 (threshold = 1e-08)
  Iteration 5 (of 50).   Current convergence value = 0.000455836 (threshold = 1e-08)
  Iteration 6 (of 50).   Current convergence value = 0.000449446 (threshold = 1e-08)
  Iteration 7 (of 50).   Current convergence value = 0.000441531 (threshold = 1e-08)
  Iteration 8 (of 50).   Current convergence value = 0.000432135 (threshold = 1e-08)
  Iteration 9 (of 50).   Current convergence value = 0.000422285 (threshold = 1e-08)
  Iteration 10 (of 50).   Current convergence value = 0.000424275 (threshold = 1e-08)
  Iteration 11 (of 50).   Current convergence value = 0.000418716 (threshold = 1e-08)
  Iteration 12 (of 50).   Current convergence value = 0.000405136 (threshold = 1e-08)
  Iteration 13 (of 50).   Current convergence value = 0.000387253 (threshold = 1e-08)
  Iteration 14 (of 50).   Current convergence value = 0.00036883 (threshold = 1e-08)
  Iteration 15 (of 50).   Current convergence value = 0.000352093 (threshold = 1e-08)
  Iteration 16 (of 50).   Current convergence value = 0.000336372 (threshold = 1e-08)
  Iteration 17 (of 50).   Current convergence value = 0.00032315 (threshold = 1e-08)
  Iteration 18 (of 50).   Current convergence value = 0.000311409 (threshold = 1e-08)
  Iteration 19 (of 50).   Current convergence value = 0.000301645 (threshold = 1e-08)
  Iteration 20 (of 50).   Current convergence value = 0.000271187 (threshold = 1e-08)
  Iteration 21 (of 50).   Current convergence value = 0.000260618 (threshold = 1e-08)
  Iteration 22 (of 50).   Current convergence value = 0.000250648 (threshold = 1e-08)
  Iteration 23 (of 50).   Current convergence value = 0.000241067 (threshold = 1e-08)
  Iteration 24 (of 50).   Current convergence value = 0.000231475 (threshold = 1e-08)
  Iteration 25 (of 50).   Current convergence value = 0.000222817 (threshold = 1e-08)
  Iteration 26 (of 50).   Current convergence value = 0.000215025 (threshold = 1e-08)
  Iteration 27 (of 50).   Current convergence value = 0.000208142 (threshold = 1e-08)
  Iteration 28 (of 50).   Current convergence value = 0.000201781 (threshold = 1e-08)
  Iteration 29 (of 50).   Current convergence value = 0.000196058 (threshold = 1e-08)
  Iteration 30 (of 50).   Current convergence value = 0.000190481 (threshold = 1e-08)
  Iteration 31 (of 50).   Current convergence value = 0.000185469 (threshold = 1e-08)
  Iteration 32 (of 50).   Current convergence value = 0.000180885 (threshold = 1e-08)
  Iteration 33 (of 50).   Current convergence value = 0.000176664 (threshold = 1e-08)
  Iteration 34 (of 50).   Current convergence value = 0.0001725 (threshold = 1e-08)
  Iteration 35 (of 50).   Current convergence value = 0.000168539 (threshold = 1e-08)
  Iteration 36 (of 50).   Current convergence value = 0.000165246 (threshold = 1e-08)
  Iteration 37 (of 50).   Current convergence value = 0.00016178 (threshold = 1e-08)
  Iteration 38 (of 50).   Current convergence value = 0.000158731 (threshold = 1e-08)
  Iteration 39 (of 50).   Current convergence value = 0.000155711 (threshold = 1e-08)
  Iteration 40 (of 50).   Current convergence value = 0.000152785 (threshold = 1e-08)
  Iteration 41 (of 50).   Current convergence value = 0.000150043 (threshold = 1e-08)
  Iteration 42 (of 50).   Current convergence value = 0.000147438 (threshold = 1e-08)
  Iteration 43 (of 50).   Current convergence value = 0.000144833 (threshold = 1e-08)
  Iteration 44 (of 50).   Current convergence value = 0.000142453 (threshold = 1e-08)
  Iteration 45 (of 50).   Current convergence value = 0.00014022 (threshold = 1e-08)
  Iteration 46 (of 50).   Current convergence value = 0.000137588 (threshold = 1e-08)
  Iteration 47 (of 50).   Current convergence value = 0.00013451 (threshold = 1e-08)
  Iteration 48 (of 50).   Current convergence value = 0.000131803 (threshold = 1e-08)
  Iteration 49 (of 50).   Current convergence value = 0.000129002 (threshold = 1e-08)
  Iteration 50 (of 50).   Current convergence value = 0.000126528 (threshold = 1e-08)
Current level = 3
  Iteration 1 (of 40).   Current convergence value = 0.00134893 (threshold = 1e-08)
  Iteration 2 (of 40).   Current convergence value = 0.00109146 (threshold = 1e-08)
  Iteration 3 (of 40).   Current convergence value = 0.0011483 (threshold = 1e-08)
  Iteration 4 (of 40).   Current convergence value = 0.00117766 (threshold = 1e-08)
  Iteration 5 (of 40).   Current convergence value = 0.00122157 (threshold = 1e-08)
  Iteration 6 (of 40).   Current convergence value = 0.00124552 (threshold = 1e-08)
  Iteration 7 (of 40).   Current convergence value = 0.00125698 (threshold = 1e-08)
  Iteration 8 (of 40).   Current convergence value = 0.00126189 (threshold = 1e-08)
  Iteration 9 (of 40).   Current convergence value = 0.00124616 (threshold = 1e-08)
  Iteration 10 (of 40).   Current convergence value = 0.00117044 (threshold = 1e-08)
  Iteration 11 (of 40).   Current convergence value = 0.00108877 (threshold = 1e-08)
  Iteration 12 (of 40).   Current convergence value = 0.0010214 (threshold = 1e-08)
  Iteration 13 (of 40).   Current convergence value = 0.000965825 (threshold = 1e-08)
  Iteration 14 (of 40).   Current convergence value = 0.000920211 (threshold = 1e-08)
  Iteration 15 (of 40).   Current convergence value = 0.000882481 (threshold = 1e-08)
  Iteration 16 (of 40).   Current convergence value = 0.000850563 (threshold = 1e-08)
  Iteration 17 (of 40).   Current convergence value = 0.000824532 (threshold = 1e-08)
  Iteration 18 (of 40).   Current convergence value = 0.000802896 (threshold = 1e-08)
  Iteration 19 (of 40).   Current convergence value = 0.000785425 (threshold = 1e-08)
  Iteration 20 (of 40).   Current convergence value = 0.000770765 (threshold = 1e-08)
  Iteration 21 (of 40).   Current convergence value = 0.000758496 (threshold = 1e-08)
  Iteration 22 (of 40).   Current convergence value = 0.000748502 (threshold = 1e-08)
  Iteration 23 (of 40).   Current convergence value = 0.000740037 (threshold = 1e-08)
  Iteration 24 (of 40).   Current convergence value = 0.000732713 (threshold = 1e-08)
  Iteration 25 (of 40).   Current convergence value = 0.000673622 (threshold = 1e-08)
  Iteration 26 (of 40).   Current convergence value = 0.000623085 (threshold = 1e-08)
  Iteration 27 (of 40).   Current convergence value = 0.000581289 (threshold = 1e-08)
  Iteration 28 (of 40).   Current convergence value = 0.000546088 (threshold = 1e-08)
  Iteration 29 (of 40).   Current convergence value = 0.000515512 (threshold = 1e-08)
  Iteration 30 (of 40).   Current convergence value = 0.000478163 (threshold = 1e-08)
  Iteration 31 (of 40).   Current convergence value = 0.000453985 (threshold = 1e-08)
  Iteration 32 (of 40).   Current convergence value = 0.000426595 (threshold = 1e-08)
  Iteration 33 (of 40).   Current convergence value = 0.000403483 (threshold = 1e-08)
  Iteration 34 (of 40).   Current convergence value = 0.000383479 (threshold = 1e-08)
  Iteration 35 (of 40).   Current convergence value = 0.000365804 (threshold = 1e-08)
  Iteration 36 (of 40).   Current convergence value = 0.00035008 (threshold = 1e-08)
  Iteration 37 (of 40).   Current convergence value = 0.000335931 (threshold = 1e-08)
  Iteration 38 (of 40).   Current convergence value = 0.000323164 (threshold = 1e-08)
  Iteration 39 (of 40).   Current convergence value = 0.000311553 (threshold = 1e-08)
  Iteration 40 (of 40).   Current convergence value = 0.000300991 (threshold = 1e-08)
Current level = 4
  Iteration 1 (of 30).   Current convergence value = 0.00185933 (threshold = 1e-08)
  Iteration 2 (of 30).   Current convergence value = 0.00172155 (threshold = 1e-08)
  Iteration 3 (of 30).   Current convergence value = 0.00164127 (threshold = 1e-08)
  Iteration 4 (of 30).   Current convergence value = 0.00157909 (threshold = 1e-08)
  Iteration 5 (of 30).   Current convergence value = 0.00153175 (threshold = 1e-08)
  Iteration 6 (of 30).   Current convergence value = 0.00148709 (threshold = 1e-08)
  Iteration 7 (of 30).   Current convergence value = 0.00143431 (threshold = 1e-08)
  Iteration 8 (of 30).   Current convergence value = 0.00138013 (threshold = 1e-08)
  Iteration 9 (of 30).   Current convergence value = 0.00132574 (threshold = 1e-08)
  Iteration 10 (of 30).   Current convergence value = 0.00127049 (threshold = 1e-08)
  Iteration 11 (of 30).   Current convergence value = 0.00121401 (threshold = 1e-08)
  Iteration 12 (of 30).   Current convergence value = 0.00116399 (threshold = 1e-08)
  Iteration 13 (of 30).   Current convergence value = 0.0011182 (threshold = 1e-08)
  Iteration 14 (of 30).   Current convergence value = 0.00107457 (threshold = 1e-08)
  Iteration 15 (of 30).   Current convergence value = 0.00102293 (threshold = 1e-08)
  Iteration 16 (of 30).   Current convergence value = 0.000984774 (threshold = 1e-08)
  Iteration 17 (of 30).   Current convergence value = 0.000948822 (threshold = 1e-08)
  Iteration 18 (of 30).   Current convergence value = 0.000914054 (threshold = 1e-08)
  Iteration 19 (of 30).   Current convergence value = 0.000881303 (threshold = 1e-08)
  Iteration 20 (of 30).   Current convergence value = 0.000850218 (threshold = 1e-08)
  Iteration 21 (of 30).   Current convergence value = 0.000820813 (threshold = 1e-08)
  Iteration 22 (of 30).   Current convergence value = 0.000793132 (threshold = 1e-08)
  Iteration 23 (of 30).   Current convergence value = 0.000766433 (threshold = 1e-08)
  Iteration 24 (of 30).   Current convergence value = 0.000741352 (threshold = 1e-08)
  Iteration 25 (of 30).   Current convergence value = 0.000717734 (threshold = 1e-08)
  Iteration 26 (of 30).   Current convergence value = 0.000695539 (threshold = 1e-08)
  Iteration 27 (of 30).   Current convergence value = 0.000674372 (threshold = 1e-08)
  Iteration 28 (of 30).   Current convergence value = 0.000654506 (threshold = 1e-08)
  Iteration 29 (of 30).   Current convergence value = 0.000635753 (threshold = 1e-08)
  Iteration 30 (of 30).   Current convergence value = 0.000618088 (threshold = 1e-08)
   N4BiasFieldCorrectionImageFilter (0x5624b851ce20)
     RTTI typeinfo:   itk::N4BiasFieldCorrectionImageFilter<itk::Image<float, 3u>, itk::Image<float, 3u>, itk::Image<float, 3u> >
     Reference Count: 1
     Modified Time: 565
     Debug: Off
     Object Name: 
     Observers: 
       IterationEvent(Command)
     Inputs: 
       ConfidenceImage: (0)
       MaskImage: (0x5624b85475d0)
       Primary: (0x5624b8542aa0) *
     Indexed Inputs: 
       0: Primary (0x5624b8542aa0)
       1: MaskImage (0x5624b85475d0)
       2: ConfidenceImage (0)
     Required Input Names: Primary
     NumberOfRequiredInputs: 1
     Outputs: 
       Primary: (0x5624b852cef0)
     Indexed Outputs: 
       0: Primary (0x5624b852cef0)
     NumberOfRequiredOutputs: 1
     Number Of Work Units: 32
     ReleaseDataFlag: Off
     ReleaseDataBeforeUpdateFlag: Off
     AbortGenerateData: Off
     Progress: 0
     Multithreader: 
       RTTI typeinfo:   itk::PoolMultiThreader
       Reference Count: 1
       Modified Time: 144
       Debug: Off
       Object Name: 
       Observers: 
         none
       Number of Work Units: 32
       Number of Threads: 8
       Global Maximum Number Of Threads: 128
       Global Default Number Of Threads: 8
       Global Default Threader Type: itk::MultiThreaderBaseEnums::Threader::Pool
       SingleMethod: 0
       SingleData: 0
     DynamicMultiThreading: On
     CoordinateTolerance: 1e-06
     DirectionTolerance: 1e-06
     Use Mask Label: 0
     Mask label: 1
     Number of histogram bins: 200
     Wiener filter noise: 0.01
     Bias field FWHM: 0.15
     Maximum number of iterations: [50, 50, 40, 30]
     Convergence threshold: 1e-08
     Spline order: 3
     Number of fitting levels: [4, 4, 4]
     Number of control points: [4, 5, 5]
     CurrentConvergenceMeasurement: 0.000618088
     CurrentLevel: 4
     ElapsedIterations: 31
     LogBiasFieldControlPointLattice: 
       Image (0x5624bf02bcb0)
         RTTI typeinfo:   itk::Image<itk::Vector<float, 1u>, 3u>
         Reference Count: 1
         Modified Time: 343560
         Debug: Off
         Object Name: 
         Observers: 
           none
         Source: (none)
         Source output name: (none)
         Release Data: Off
         Data Released: False
         Global Release Data: Off
         PipelineMTime: 0
         UpdateMTime: 0
         RealTimeStamp: 0 seconds 
         LargestPossibleRegion: 
           Dimension: 3
           Index: [0, 0, 0]
           Size: [11, 19, 19]
         BufferedRegion: 
           Dimension: 3
           Index: [0, 0, 0]
           Size: [11, 19, 19]
         RequestedRegion: 
           Dimension: 3
           Index: [0, 0, 0]
           Size: [11, 19, 19]
         Spacing: [24.75, 24.875, 24.875]
         Origin: [24.6714, 21.5508, -27.8743]
         Direction: 
-0.999757 0.0169924 -0.0140755
-0.018821 -0.989681 0.142044
-0.0115166 0.142274 0.98976

         IndexToPointMatrix: 
-24.744 0.422686 -0.350128
-0.465819 -24.6183 3.53335
-0.285036 3.53907 24.6203

         PointToIndexMatrix: 
-0.0403942 -0.000760444 -0.000465317
0.000683112 -0.0397862 0.00571957
-0.000565849 0.0057103 0.0397894

         Inverse Direction: 
-0.999757 -0.018821 -0.0115166
0.0169924 -0.989681 0.142274
-0.0140755 0.142044 0.98976

         PixelContainer: 
           ImportImageContainer (0x5624c38b9670)
             RTTI typeinfo:   itk::ImportImageContainer<unsigned long, itk::Vector<float, 1u> >
             Reference Count: 1
             Modified Time: 343561
             Debug: Off
             Object Name: 
             Observers: 
               none
             Pointer: 0x5624c26bd520
             Container manages memory: true
             Size: 3971
             Capacity: 3971
Elapsed time: 316.746
All_Command_lines_OK
Using single precision for computations.
=============================================================================
The composite transform comprises the following transforms (in order): 
  1. Center of mass alignment using fixed image: /home/mpib/nemecz/Projects/miniTRK/Results/01_MRI/GroupTempl/T1w/T_template0.nii.gz and moving image: /home/mpib/nemecz/Projects/miniTRK/Analysis/01_MRI/Preproc/GroupTempl/T1w/sub-572551_T1w.nii.gz (type = Euler3DTransform)
=============================================================================
  number of levels = 4
  number of levels = 4
  number of levels = 4
  fixed image: /home/mpib/nemecz/Projects/miniTRK/Results/01_MRI/GroupTempl/T1w/T_template0.nii.gz
  moving image: /home/mpib/nemecz/Projects/miniTRK/Results/01_MRI/GroupTempl/T1w/T_template0sub-572551_T1wRepaired.nii.gz
  fixed image: /home/mpib/nemecz/Projects/miniTRK/Results/01_MRI/GroupTempl/T1w/T_template0.nii.gz
  moving image: /home/mpib/nemecz/Projects/miniTRK/Results/01_MRI/GroupTempl/T1w/T_template0sub-572551_T1wRepaired.nii.gz
  fixed image: /home/mpib/nemecz/Projects/miniTRK/Results/01_MRI/GroupTempl/T1w/T_template0.nii.gz
  moving image: /home/mpib/nemecz/Projects/miniTRK/Results/01_MRI/GroupTempl/T1w/T_template0sub-572551_T1wRepaired.nii.gz
Dimension = 3
Number of stages = 3
Use Histogram Matching true
Winsorize image intensities true
Lower quantile = 0.01
Upper quantile = 0.99
Stage 1 State
   Image metric = Mattes
     Fixed image = Image (0x555a84717ad0)
  RTTI typeinfo:   itk::Image<float, 3u>
  Reference Count: 2
  Modified Time: 1721
  Debug: Off
  Object Name: 
  Observers: 
    none
  Source: (none)
  Source output name: (none)
  Release Data: Off
  Data Released: False
  Global Release Data: Off
  PipelineMTime: 0
  UpdateMTime: 1506
  RealTimeStamp: 0 seconds 
  LargestPossibleRegion: 
    Dimension: 3
    Index: [0, 0, 0]
    Size: [192, 256, 256]
  BufferedRegion: 
    Dimension: 3
    Index: [0, 0, 0]
    Size: [192, 256, 256]
  RequestedRegion: 
    Dimension: 3
    Index: [0, 0, 0]
    Size: [192, 256, 256]
  Spacing: [1, 1, 1]
  Origin: [95.0313, 100.538, -154.123]
  Direction: 
-0.999853 -0.014134 -0.00966312
0.014129 -0.9999 0.000586045
-0.00967044 0.000449429 0.999953

  IndexToPointMatrix: 
-0.999853 -0.014134 -0.00966312
0.014129 -0.9999 0.000586045
-0.00967044 0.000449429 0.999953

  PointToIndexMatrix: 
-0.999853 0.014129 -0.00967044
-0.014134 -0.9999 0.000449429
-0.00966312 0.000586045 0.999953

  Inverse Direction: 
-0.999853 0.014129 -0.00967044
-0.014134 -0.9999 0.000449429
-0.00966312 0.000586045 0.999953

  PixelContainer: 
    ImportImageContainer (0x555a8471fc80)
      RTTI typeinfo:   itk::ImportImageContainer<unsigned long, float>
      Reference Count: 1
      Modified Time: 1503
      Debug: Off
      Object Name: 
      Observers: 
        none
      Pointer: 0x7fd60b816010
      Container manages memory: true
      Size: 12582912
      Capacity: 12582912

     Moving image = Image (0x555a84718bc0)
  RTTI typeinfo:   itk::Image<float, 3u>
  Reference Count: 2
  Modified Time: 1722
  Debug: Off
  Object Name: 
  Observers: 
    none
  Source: (none)
  Source output name: (none)
  Release Data: Off
  Data Released: False
  Global Release Data: Off
  PipelineMTime: 0
  UpdateMTime: 1719
  RealTimeStamp: 0 seconds 
  LargestPossibleRegion: 
    Dimension: 3
    Index: [0, 0, 0]
    Size: [192, 256, 256]
  BufferedRegion: 
    Dimension: 3
    Index: [0, 0, 0]
    Size: [192, 256, 256]
  RequestedRegion: 
    Dimension: 3
    Index: [0, 0, 0]
    Size: [192, 256, 256]
  Spacing: [1, 1, 1]
  Origin: [91.4053, 86.8994, -173.757]
  Direction: 
-0.999757 0.0169924 -0.0140755
-0.018821 -0.989681 0.142044
-0.0115166 0.142274 0.98976

  IndexToPointMatrix: 
-0.999757 0.0169924 -0.0140755
-0.018821 -0.989681 0.142044
-0.0115166 0.142274 0.98976

  PointToIndexMatrix: 
-0.999757 -0.018821 -0.0115166
0.0169924 -0.989681 0.142274
-0.0140755 0.142044 0.98976

  Inverse Direction: 
-0.999757 -0.018821 -0.0115166
0.0169924 -0.989681 0.142274
-0.0140755 0.142044 0.98976

  PixelContainer: 
    ImportImageContainer (0x555a84724100)
      RTTI typeinfo:   itk::ImportImageContainer<unsigned long, float>
      Reference Count: 1
      Modified Time: 1716
      Debug: Off
      Object Name: 
      Observers: 
        none
      Pointer: 0x7fd608815010
      Container manages memory: true
      Size: 12582912
      Capacity: 12582912

     Weighting = 1
     Sampling strategy = regular
     Number of bins = 32
     Radius = 4
     Sampling percentage  = 0.25
   Transform = Rigid
     Gradient step = 0.1
     Update field sigma (voxel space) = 0
     Total field sigma (voxel space) = 0
     Update field time sigma = 0
     Total field time sigma  = 0
     Number of time indices = 0
     Number of time point samples = 0
Stage 2 State
   Image metric = Mattes
     Fixed image = Image (0x555a84730870)
  RTTI typeinfo:   itk::Image<float, 3u>
  Reference Count: 2
  Modified Time: 2149
  Debug: Off
  Object Name: 
  Observers: 
    none
  Source: (none)
  Source output name: (none)
  Release Data: Off
  Data Released: False
  Global Release Data: Off
  PipelineMTime: 0
  UpdateMTime: 1934
  RealTimeStamp: 0 seconds 
  LargestPossibleRegion: 
    Dimension: 3
    Index: [0, 0, 0]
    Size: [192, 256, 256]
  BufferedRegion: 
    Dimension: 3
    Index: [0, 0, 0]
    Size: [192, 256, 256]
  RequestedRegion: 
    Dimension: 3
    Index: [0, 0, 0]
    Size: [192, 256, 256]
  Spacing: [1, 1, 1]
  Origin: [95.0313, 100.538, -154.123]
  Direction: 
-0.999853 -0.014134 -0.00966312
0.014129 -0.9999 0.000586045
-0.00967044 0.000449429 0.999953

  IndexToPointMatrix: 
-0.999853 -0.014134 -0.00966312
0.014129 -0.9999 0.000586045
-0.00967044 0.000449429 0.999953

  PointToIndexMatrix: 
-0.999853 0.014129 -0.00967044
-0.014134 -0.9999 0.000449429
-0.00966312 0.000586045 0.999953

  Inverse Direction: 
-0.999853 0.014129 -0.00967044
-0.014134 -0.9999 0.000449429
-0.00966312 0.000586045 0.999953

  PixelContainer: 
    ImportImageContainer (0x555a8471b6d0)
      RTTI typeinfo:   itk::ImportImageContainer<unsigned long, float>
      Reference Count: 1
      Modified Time: 1931
      Debug: Off
      Object Name: 
      Observers: 
        none
      Pointer: 0x7fd605814010
      Container manages memory: true
      Size: 12582912
      Capacity: 12582912

     Moving image = Image (0x555a847304c0)
  RTTI typeinfo:   itk::Image<float, 3u>
  Reference Count: 2
  Modified Time: 2150
  Debug: Off
  Object Name: 
  Observers: 
    none
  Source: (none)
  Source output name: (none)
  Release Data: Off
  Data Released: False
  Global Release Data: Off
  PipelineMTime: 0
  UpdateMTime: 2147
  RealTimeStamp: 0 seconds 
  LargestPossibleRegion: 
    Dimension: 3
    Index: [0, 0, 0]
    Size: [192, 256, 256]
  BufferedRegion: 
    Dimension: 3
    Index: [0, 0, 0]
    Size: [192, 256, 256]
  RequestedRegion: 
    Dimension: 3
    Index: [0, 0, 0]
    Size: [192, 256, 256]
  Spacing: [1, 1, 1]
  Origin: [91.4053, 86.8994, -173.757]
  Direction: 
-0.999757 0.0169924 -0.0140755
-0.018821 -0.989681 0.142044
-0.0115166 0.142274 0.98976

  IndexToPointMatrix: 
-0.999757 0.0169924 -0.0140755
-0.018821 -0.989681 0.142044
-0.0115166 0.142274 0.98976

  PointToIndexMatrix: 
-0.999757 -0.018821 -0.0115166
0.0169924 -0.989681 0.142274
-0.0140755 0.142044 0.98976

  Inverse Direction: 
-0.999757 -0.018821 -0.0115166
0.0169924 -0.989681 0.142274
-0.0140755 0.142044 0.98976

  PixelContainer: 
    ImportImageContainer (0x555a847318c0)
      RTTI typeinfo:   itk::ImportImageContainer<unsigned long, float>
      Reference Count: 1
      Modified Time: 2144
      Debug: Off
      Object Name: 
      Observers: 
        none
      Pointer: 0x7fd602813010
      Container manages memory: true
      Size: 12582912
      Capacity: 12582912

     Weighting = 1
     Sampling strategy = regular
     Number of bins = 32
     Radius = 4
     Sampling percentage  = 0.25
   Transform = Affine
     Gradient step = 0.1
     Update field sigma (voxel space) = 0
     Total field sigma (voxel space) = 0
     Update field time sigma = 0
     Total field time sigma  = 0
     Number of time indices = 0
     Number of time point samples = 0
Stage 3 State
   Image metric = CC
     Fixed image = Image (0x555a84737960)
  RTTI typeinfo:   itk::Image<float, 3u>
  Reference Count: 2
  Modified Time: 2577
  Debug: Off
  Object Name: 
  Observers: 
    none
  Source: (none)
  Source output name: (none)
  Release Data: Off
  Data Released: False
  Global Release Data: Off
  PipelineMTime: 0
  UpdateMTime: 2362
  RealTimeStamp: 0 seconds 
  LargestPossibleRegion: 
    Dimension: 3
    Index: [0, 0, 0]
    Size: [192, 256, 256]
  BufferedRegion: 
    Dimension: 3
    Index: [0, 0, 0]
    Size: [192, 256, 256]
  RequestedRegion: 
    Dimension: 3
    Index: [0, 0, 0]
    Size: [192, 256, 256]
  Spacing: [1, 1, 1]
  Origin: [95.0313, 100.538, -154.123]
  Direction: 
-0.999853 -0.014134 -0.00966312
0.014129 -0.9999 0.000586045
-0.00967044 0.000449429 0.999953

  IndexToPointMatrix: 
-0.999853 -0.014134 -0.00966312
0.014129 -0.9999 0.000586045
-0.00967044 0.000449429 0.999953

  PointToIndexMatrix: 
-0.999853 0.014129 -0.00967044
-0.014134 -0.9999 0.000449429
-0.00966312 0.000586045 0.999953

  Inverse Direction: 
-0.999853 0.014129 -0.00967044
-0.014134 -0.9999 0.000449429
-0.00966312 0.000586045 0.999953

  PixelContainer: 
    ImportImageContainer (0x555a84718660)
      RTTI typeinfo:   itk::ImportImageContainer<unsigned long, float>
      Reference Count: 1
      Modified Time: 2359
      Debug: Off
      Object Name: 
      Observers: 
        none
      Pointer: 0x7fd5ff812010
      Container manages memory: true
      Size: 12582912
      Capacity: 12582912

     Moving image = Image (0x555a84739840)
  RTTI typeinfo:   itk::Image<float, 3u>
  Reference Count: 2
  Modified Time: 2578
  Debug: Off
  Object Name: 
  Observers: 
    none
  Source: (none)
  Source output name: (none)
  Release Data: Off
  Data Released: False
  Global Release Data: Off
  PipelineMTime: 0
  UpdateMTime: 2575
  RealTimeStamp: 0 seconds 
  LargestPossibleRegion: 
    Dimension: 3
    Index: [0, 0, 0]
    Size: [192, 256, 256]
  BufferedRegion: 
    Dimension: 3
    Index: [0, 0, 0]
    Size: [192, 256, 256]
  RequestedRegion: 
    Dimension: 3
    Index: [0, 0, 0]
    Size: [192, 256, 256]
  Spacing: [1, 1, 1]
  Origin: [91.4053, 86.8994, -173.757]
  Direction: 
-0.999757 0.0169924 -0.0140755
-0.018821 -0.989681 0.142044
-0.0115166 0.142274 0.98976

  IndexToPointMatrix: 
-0.999757 0.0169924 -0.0140755
-0.018821 -0.989681 0.142044
-0.0115166 0.142274 0.98976

  PointToIndexMatrix: 
-0.999757 -0.018821 -0.0115166
0.0169924 -0.989681 0.142274
-0.0140755 0.142044 0.98976

  Inverse Direction: 
-0.999757 -0.018821 -0.0115166
0.0169924 -0.989681 0.142274
-0.0140755 0.142044 0.98976

  PixelContainer: 
    ImportImageContainer (0x555a84736660)
      RTTI typeinfo:   itk::ImportImageContainer<unsigned long, float>
      Reference Count: 1
      Modified Time: 2572
      Debug: Off
      Object Name: 
      Observers: 
        none
      Pointer: 0x7fd5fc811010
      Container manages memory: true
      Size: 12582912
      Capacity: 12582912

     Weighting = 1
     Sampling strategy = none
     Number of bins = 32
     Radius = 4
     Sampling percentage  = 1
   Transform = SyN
     Gradient step = 0.1
     Update field sigma (voxel space) = 3
     Total field sigma (voxel space) = 0
     Update field time sigma = 0
     Total field time sigma  = 0
     Number of time indices = 0
     Number of time point samples = 0
Registration using 3 total stages.

Stage 0
  iterations = 1000x500x250x0
  convergence threshold = 1e-06
  convergence window size = 10
  number of levels = 4
  using the Mattes MI metric (number of bins = 32, weight = 1)
  preprocessing:  winsorizing the image intensities
  preprocessing:  histogram matching the images
  Shrink factors (level 1 out of 4): [6, 6, 6]
  Shrink factors (level 2 out of 4): [4, 4, 4]
  Shrink factors (level 3 out of 4): [2, 2, 2]
  Shrink factors (level 4 out of 4): [1, 1, 1]
  smoothing sigmas per level: [4, 2, 1, 0]
  regular sampling (percentage = 0.25)

*** Running Euler3DTransform registration ***

DIAGNOSTIC,Iteration,metricValue,convergenceValue,ITERATION_TIME_INDEX,SINCE_LAST
 2DIAGNOSTIC,     1, -8.396555781364e-01, inf, 7.8150e-01, 7.8150e-01, 
 2DIAGNOSTIC,     2, -8.404856920242e-01, inf, 7.8986e-01, 8.3539e-03, 
 2DIAGNOSTIC,     3, -8.418179750443e-01, inf, 7.9804e-01, 8.1849e-03, 
 2DIAGNOSTIC,     4, -8.433826565742e-01, inf, 8.0653e-01, 8.4832e-03, 
 2DIAGNOSTIC,     5, -8.450679779053e-01, inf, 8.1524e-01, 8.7130e-03, 
 2DIAGNOSTIC,     6, -8.464995622635e-01, inf, 8.2347e-01, 8.2271e-03, 
 2DIAGNOSTIC,     7, -8.480383753777e-01, inf, 8.3165e-01, 8.1830e-03, 
 2DIAGNOSTIC,     8, -8.508320450783e-01, inf, 8.4268e-01, 1.1033e-02, 
 2DIAGNOSTIC,     9, -8.537153005600e-01, inf, 8.5763e-01, 1.4944e-02, 
 2DIAGNOSTIC,    10, -8.539015054703e-01, 1.163149601780e-03, 8.6608e-01, 8.4550e-03, 
 2DIAGNOSTIC,    11, -8.550872206688e-01, 1.081294845790e-03, 8.7457e-01, 8.4910e-03, 
 2DIAGNOSTIC,    12, -8.570356369019e-01, 9.934988338500e-04, 8.8237e-01, 7.8011e-03, 
 2DIAGNOSTIC,    13, -8.583378195763e-01, 8.950509945862e-04, 8.9040e-01, 8.0268e-03, 
 2DIAGNOSTIC,    14, -8.587336540222e-01, 7.751960074529e-04, 8.9862e-01, 8.2231e-03, 
 2DIAGNOSTIC,    15, -8.591172695160e-01, 6.479759467766e-04, 9.1086e-01, 1.2239e-02, 
 2DIAGNOSTIC,    16, -8.591685295105e-01, 5.090849008411e-04, 9.1978e-01, 8.9171e-03, 
 2DIAGNOSTIC,    17, -8.591859340668e-01, 3.691262681969e-04, 9.2775e-01, 7.9670e-03, 
 2DIAGNOSTIC,    18, -8.592186570168e-01, 2.617649734020e-04, 9.3662e-01, 8.8711e-03, 
 2DIAGNOSTIC,    19, -8.592610359192e-01, 1.935712061822e-04, 9.4483e-01, 8.2130e-03, 
 2DIAGNOSTIC,    20, -8.592808246613e-01, 1.178968377644e-04, 9.5307e-01, 8.2381e-03, 
 2DIAGNOSTIC,    21, -8.594096302986e-01, 5.895302092540e-05, 9.6218e-01, 9.1059e-03, 
 2DIAGNOSTIC,    22, -8.595440387726e-01, 3.114128412562e-05, 9.7032e-01, 8.1410e-03, 
 2DIAGNOSTIC,    23, -8.597416281700e-01, 2.458204835420e-05, 9.7852e-01, 8.1999e-03, 
 2DIAGNOSTIC,    24, -8.600779175758e-01, 2.637701254571e-05, 9.8875e-01, 1.0232e-02, 
 2DIAGNOSTIC,    25, -8.603895306587e-01, 3.484226544970e-05, 1.0028e+00, 1.4042e-02, 
 2DIAGNOSTIC,    26, -8.604235053062e-01, 4.053805241711e-05, 1.0116e+00, 8.8379e-03, 
 2DIAGNOSTIC,    27, -8.604107499123e-01, 4.222238203511e-05, 1.0215e+00, 9.9189e-03, 
 2DIAGNOSTIC,    28, -8.603819608688e-01, 3.998499596491e-05, 1.0295e+00, 7.9651e-03, 
 2DIAGNOSTIC,    29, -8.603598475456e-01, 3.443138484727e-05, 1.0385e+00, 9.0280e-03, 
 2DIAGNOSTIC,    30, -8.603834509850e-01, 2.652050170582e-05, 1.0475e+00, 8.9672e-03, 
 2DIAGNOSTIC,    31, -8.603975772858e-01, 1.825628714869e-05, 1.0556e+00, 8.0690e-03, 
 2DIAGNOSTIC,    32, -8.603907823563e-01, 1.023811455525e-05, 1.0635e+00, 7.9122e-03, 
 2DIAGNOSTIC,    33, -8.604616522789e-01, 4.495369921642e-06, 1.0715e+00, 8.0481e-03, 
 2DIAGNOSTIC,    34, -8.605254888535e-01, 2.566933517301e-06, 1.0796e+00, 8.1041e-03, 
 2DIAGNOSTIC,    35, -8.607226610184e-01, 5.393698302214e-06, 1.0877e+00, 8.0962e-03, 
 2DIAGNOSTIC,    36, -8.609858155251e-01, 1.033691114571e-05, 1.0969e+00, 9.2039e-03, 
 2DIAGNOSTIC,    37, -8.610364198685e-01, 1.442164102627e-05, 1.1072e+00, 1.0264e-02, 
 2DIAGNOSTIC,    38, -8.611918091774e-01, 1.814580537030e-05, 1.1249e+00, 1.7653e-02, 
 2DIAGNOSTIC,    39, -8.612057566643e-01, 1.994031117647e-05, 1.1351e+00, 1.0257e-02, 
 2DIAGNOSTIC,    40, -8.611838221550e-01, 1.982204412343e-05, 1.1456e+00, 1.0519e-02, 
 2DIAGNOSTIC,    41, -8.611855506897e-01, 1.802323095035e-05, 1.1558e+00, 1.0175e-02, 
 2DIAGNOSTIC,    42, -8.611757755280e-01, 1.452893229725e-05, 1.1651e+00, 9.2599e-03, 
 2DIAGNOSTIC,    43, -8.611592054367e-01, 1.031651390804e-05, 1.1741e+00, 9.0220e-03, 
 2DIAGNOSTIC,    44, -8.611441254616e-01, 5.733948910347e-06, 1.1821e+00, 8.0142e-03, 
 2DIAGNOSTIC,    45, -8.611282110214e-01, 2.183453034377e-06, 1.1903e+00, 8.2121e-03, 
DIAGNOSTIC,Iteration,metricValue,convergenceValue,ITERATION_TIME_INDEX,SINCE_LAST
 2DIAGNOSTIC,     1, -6.860718727112e-01, inf, 1.9983e+00, 8.0799e-01, 
 2DIAGNOSTIC,     2, -6.865850687027e-01, inf, 2.0346e+00, 3.6252e-02, 
 2DIAGNOSTIC,     3, -6.872764229774e-01, inf, 2.0693e+00, 3.4700e-02, 
 2DIAGNOSTIC,     4, -6.881121993065e-01, inf, 2.1013e+00, 3.2040e-02, 
 2DIAGNOSTIC,     5, -6.886557936668e-01, inf, 2.1347e+00, 3.3361e-02, 
 2DIAGNOSTIC,     6, -6.893452405930e-01, inf, 2.1666e+00, 3.1913e-02, 
 2DIAGNOSTIC,     7, -6.901993155479e-01, inf, 2.2075e+00, 4.0897e-02, 
 2DIAGNOSTIC,     8, -6.904101371765e-01, inf, 2.2395e+00, 3.2009e-02, 
 2DIAGNOSTIC,     9, -6.906116008759e-01, inf, 2.2719e+00, 3.2422e-02, 
 2DIAGNOSTIC,    10, -6.908579468727e-01, 4.814847488888e-04, 2.3141e+00, 4.2204e-02, 
 2DIAGNOSTIC,    11, -6.910223960876e-01, 3.884253965225e-04, 2.3464e+00, 3.2345e-02, 
 2DIAGNOSTIC,    12, -6.912203431129e-01, 3.002009179909e-04, 2.3966e+00, 5.0188e-02, 
 2DIAGNOSTIC,    13, -6.914989948273e-01, 2.290586126037e-04, 2.4334e+00, 3.6774e-02, 
 2DIAGNOSTIC,    14, -6.915343403816e-01, 1.731371594360e-04, 2.4701e+00, 3.6681e-02, 
 2DIAGNOSTIC,    15, -6.915425062180e-01, 1.240905985469e-04, 2.5033e+00, 3.3180e-02, 
 2DIAGNOSTIC,    16, -6.915729045868e-01, 8.807190170046e-05, 2.5363e+00, 3.2999e-02, 
 2DIAGNOSTIC,    17, -6.916293501854e-01, 7.032592839096e-05, 2.5740e+00, 3.7729e-02, 
 2DIAGNOSTIC,    18, -6.916569471359e-01, 5.353357119020e-05, 2.6240e+00, 5.0002e-02, 
 2DIAGNOSTIC,    19, -6.916601657867e-01, 3.808550536633e-05, 2.6665e+00, 4.2539e-02, 
 2DIAGNOSTIC,    20, -6.916573047638e-01, 2.587786912045e-05, 2.7005e+00, 3.4002e-02, 
 2DIAGNOSTIC,    21, -6.916512846947e-01, 1.564196463733e-05, 2.7380e+00, 3.7443e-02, 
 2DIAGNOSTIC,    22, -6.916519403458e-01, 8.579168024880e-06, 2.7797e+00, 4.1751e-02, 
 2DIAGNOSTIC,    23, -6.916528344154e-01, 6.446024599427e-06, 2.8174e+00, 3.7691e-02, 
 2DIAGNOSTIC,    24, -6.916440725327e-01, 4.486176749197e-06, 2.8541e+00, 3.6665e-02, 
 2DIAGNOSTIC,    25, -6.916488409042e-01, 2.609497641970e-06, 2.8864e+00, 3.2308e-02, 
 2DIAGNOSTIC,    26, -6.916512250900e-01, 1.249458364327e-06, 2.9188e+00, 3.2365e-02, 
DIAGNOSTIC,Iteration,metricValue,convergenceValue,ITERATION_TIME_INDEX,SINCE_LAST
 2DIAGNOSTIC,     1, -6.255831122398e-01, inf, 4.0630e+00, 1.1443e+00, 
 2DIAGNOSTIC,     2, -6.259066462517e-01, inf, 4.2904e+00, 2.2736e-01, 
 2DIAGNOSTIC,     3, -6.262000203133e-01, inf, 4.4999e+00, 2.0954e-01, 
 2DIAGNOSTIC,     4, -6.263795495033e-01, inf, 4.7157e+00, 2.1576e-01, 
 2DIAGNOSTIC,     5, -6.265414953232e-01, inf, 4.9263e+00, 2.1065e-01, 
 2DIAGNOSTIC,     6, -6.267924904823e-01, inf, 5.1458e+00, 2.1947e-01, 
 2DIAGNOSTIC,     7, -6.270026564598e-01, inf, 5.4074e+00, 2.6162e-01, 
 2DIAGNOSTIC,     8, -6.270880103111e-01, inf, 5.7049e+00, 2.9746e-01, 
 2DIAGNOSTIC,     9, -6.271323561668e-01, inf, 5.9175e+00, 2.1265e-01, 
 2DIAGNOSTIC,    10, -6.271670460701e-01, 1.669522316661e-04, 6.1322e+00, 2.1470e-01, 
 2DIAGNOSTIC,    11, -6.272390484810e-01, 1.264063030249e-04, 6.3624e+00, 2.3013e-01, 
 2DIAGNOSTIC,    12, -6.272963285446e-01, 9.558855526848e-05, 6.6330e+00, 2.7067e-01, 
 2DIAGNOSTIC,    13, -6.273446083069e-01, 7.298341370188e-05, 7.0694e+00, 4.3640e-01, 
 2DIAGNOSTIC,    14, -6.273474693298e-01, 5.314710506354e-05, 7.3091e+00, 2.3968e-01, 
 2DIAGNOSTIC,    15, -6.273494958878e-01, 3.618366463343e-05, 7.5235e+00, 2.1433e-01, 
 2DIAGNOSTIC,    16, -6.273530125618e-01, 2.528731783968e-05, 7.7417e+00, 2.1829e-01, 
 2DIAGNOSTIC,    17, -6.273562312126e-01, 1.914526183100e-05, 7.9807e+00, 2.3899e-01, 
 2DIAGNOSTIC,    18, -6.273584961891e-01, 1.427876122762e-05, 8.2309e+00, 2.5020e-01, 
 2DIAGNOSTIC,    19, -6.273598670959e-01, 9.870751455310e-06, 8.4434e+00, 2.1249e-01, 
 2DIAGNOSTIC,    20, -6.273623704910e-01, 5.971606697130e-06, 8.6849e+00, 2.4146e-01, 
 2DIAGNOSTIC,    21, -6.273615956306e-01, 3.549533403202e-06, 8.9263e+00, 2.4138e-01, 
 2DIAGNOSTIC,    22, -6.273630261421e-01, 2.340394530620e-06, 9.1666e+00, 2.4032e-01, 
 2DIAGNOSTIC,    23, -6.273660659790e-01, 2.162955070162e-06, 9.4110e+00, 2.4446e-01, 
 2DIAGNOSTIC,    24, -6.273689270020e-01, 2.033704959103e-06, 9.6243e+00, 2.1327e-01, 
 2DIAGNOSTIC,    25, -6.273717880249e-01, 1.935311729540e-06, 9.8396e+00, 2.1525e-01, 
 2DIAGNOSTIC,    26, -6.273799538612e-01, 1.985120206882e-06, 1.0052e+01, 2.1265e-01, 
 2DIAGNOSTIC,    27, -6.273871064186e-01, 2.130411985490e-06, 1.0281e+01, 2.2859e-01, 
 2DIAGNOSTIC,    28, -6.273990869522e-01, 2.403730150036e-06, 1.0492e+01, 2.1141e-01, 
 2DIAGNOSTIC,    29, -6.274245381355e-01, 2.953755483759e-06, 1.0849e+01, 3.5640e-01, 
 2DIAGNOSTIC,    30, -6.274290084839e-01, 3.389858193259e-06, 1.1119e+01, 2.7043e-01, 
 2DIAGNOSTIC,    31, -6.274304986000e-01, 3.591328550101e-06, 1.1369e+01, 2.4989e-01, 
 2DIAGNOSTIC,    32, -6.274304389954e-01, 3.559760216376e-06, 1.1616e+01, 2.4731e-01, 
 2DIAGNOSTIC,    33, -6.274300217628e-01, 3.320798441564e-06, 1.1861e+01, 2.4472e-01, 
 2DIAGNOSTIC,    34, -6.274300813675e-01, 2.906820100179e-06, 1.2101e+01, 2.3978e-01, 
 2DIAGNOSTIC,    35, -6.274302601814e-01, 2.366830813116e-06, 1.2403e+01, 3.0260e-01, 
 2DIAGNOSTIC,    36, -6.274302601814e-01, 1.824832793318e-06, 1.2652e+01, 2.4851e-01, 
 2DIAGNOSTIC,    37, -6.274300813675e-01, 1.308462287852e-06, 1.2947e+01, 2.9475e-01, 
DIAGNOSTIC,Iteration,metricValue,convergenceValue,ITERATION_TIME_INDEX,SINCE_LAST
 2DIAGNOSTIC,     1, -5.852915048599e-01, inf, 1.5602e+01, 2.6556e+00, 
  Elapsed time (stage 0): 1.6882e+01


Stage 1
  iterations = 1000x500x250x0
  convergence threshold = 1.0000e-06
  convergence window size = 10
  number of levels = 4
  using the Mattes MI metric (number of bins = 32, weight = 1.0000e+00)
  preprocessing:  winsorizing the image intensities
  preprocessing:  histogram matching the images
  Shrink factors (level 1 out of 4): [6, 6, 6]
  Shrink factors (level 2 out of 4): [4, 4, 4]
  Shrink factors (level 3 out of 4): [2, 2, 2]
  Shrink factors (level 4 out of 4): [1, 1, 1]
  smoothing sigmas per level: [4, 2, 1, 0]
  regular sampling (percentage = 2.5000e-01)

*** Running AffineTransform registration ***

DIAGNOSTIC,Iteration,metricValue,convergenceValue,ITERATION_TIME_INDEX,SINCE_LAST
 2DIAGNOSTIC,     1, -8.572324514389e-01, inf, 7.8303e-01, 7.8303e-01, 
 2DIAGNOSTIC,     2, -8.601196408272e-01, inf, 7.9253e-01, 9.4981e-03, 
 2DIAGNOSTIC,     3, -8.650372624397e-01, inf, 8.0212e-01, 9.5961e-03, 
 2DIAGNOSTIC,     4, -8.735099434853e-01, inf, 8.1151e-01, 9.3849e-03, 
 2DIAGNOSTIC,     5, -8.882315158844e-01, inf, 8.2067e-01, 9.1660e-03, 
 2DIAGNOSTIC,     6, -9.139875769615e-01, inf, 8.3001e-01, 9.3391e-03, 
 2DIAGNOSTIC,     7, -9.566770195961e-01, inf, 8.3914e-01, 9.1310e-03, 
 2DIAGNOSTIC,     8, -1.011648297310e+00, inf, 8.5060e-01, 1.1457e-02, 
 2DIAGNOSTIC,     9, -1.055255651474e+00, inf, 8.6659e-01, 1.5986e-02, 
 2DIAGNOSTIC,    10, -1.055860161781e+00, 1.568201370537e-02, 8.7521e-01, 8.6279e-03, 
 2DIAGNOSTIC,    11, -1.056489467621e+00, 1.518826000392e-02, 8.8383e-01, 8.6160e-03, 
 2DIAGNOSTIC,    12, -1.058503270149e+00, 1.355354953557e-02, 8.9223e-01, 8.3959e-03, 
 2DIAGNOSTIC,    13, -1.060567975044e+00, 1.111761759967e-02, 9.0047e-01, 8.2469e-03, 
 2DIAGNOSTIC,    14, -1.063501596451e+00, 8.289072662592e-03, 9.0916e-01, 8.6849e-03, 
 2DIAGNOSTIC,    15, -1.066792130470e+00, 5.477361846715e-03, 9.1757e-01, 8.4150e-03, 
 2DIAGNOSTIC,    16, -1.071386456490e+00, 3.098367014900e-03, 9.3016e-01, 1.2583e-02, 
 2DIAGNOSTIC,    17, -1.071758866310e+00, 1.449469360523e-03, 9.3845e-01, 8.2982e-03, 
 2DIAGNOSTIC,    18, -1.072368741035e+00, 7.310258224607e-04, 9.4832e-01, 9.8670e-03, 
 2DIAGNOSTIC,    19, -1.073034763336e+00, 6.915669073351e-04, 9.5712e-01, 8.8010e-03, 
 2DIAGNOSTIC,    20, -1.073484182358e+00, 6.067456561141e-04, 9.6735e-01, 1.0230e-02, 
 2DIAGNOSTIC,    21, -1.073653697968e+00, 4.842028429266e-04, 9.7607e-01, 8.7190e-03, 
 2DIAGNOSTIC,    22, -1.074340343475e+00, 3.634536114987e-04, 9.8448e-01, 8.4140e-03, 
 2DIAGNOSTIC,    23, -1.075991153717e+00, 2.656272554304e-04, 9.9290e-01, 8.4159e-03, 
 2DIAGNOSTIC,    24, -1.078987360001e+00, 2.200926974183e-04, 1.0013e+00, 8.3811e-03, 
 2DIAGNOSTIC,    25, -1.078941345215e+00, 1.922248920891e-04, 1.0110e+00, 9.6810e-03, 
 2DIAGNOSTIC,    26, -1.083796381950e+00, 2.508392790332e-04, 1.0267e+00, 1.5730e-02, 
 2DIAGNOSTIC,    27, -1.084244012833e+00, 2.887010632548e-04, 1.0382e+00, 1.1554e-02, 
 2DIAGNOSTIC,    28, -1.084161162376e+00, 3.017978160642e-04, 1.0499e+00, 1.1605e-02, 
 2DIAGNOSTIC,    29, -1.084174275398e+00, 2.923958818428e-04, 1.0592e+00, 9.3782e-03, 
 2DIAGNOSTIC,    30, -1.084060907364e+00, 2.593410608824e-04, 1.0686e+00, 9.3880e-03, 
 2DIAGNOSTIC,    31, -1.084042310715e+00, 2.051915798802e-04, 1.0780e+00, 9.4140e-03, 
 2DIAGNOSTIC,    32, -1.084003567696e+00, 1.405496004736e-04, 1.0873e+00, 9.3160e-03, 
 2DIAGNOSTIC,    33, -1.083964824677e+00, 8.019112283364e-05, 1.0958e+00, 8.4350e-03, 
 2DIAGNOSTIC,    34, -1.083911657333e+00, 4.040076237288e-05, 1.1052e+00, 9.4101e-03, 
DIAGNOSTIC,Iteration,metricValue,convergenceValue,ITERATION_TIME_INDEX,SINCE_LAST
 2DIAGNOSTIC,     1, -8.483048677444e-01, inf, 1.9298e+00, 8.2462e-01, 
 2DIAGNOSTIC,     2, -8.492782711983e-01, inf, 1.9626e+00, 3.2766e-02, 
 2DIAGNOSTIC,     3, -8.505101203918e-01, inf, 1.9958e+00, 3.3203e-02, 
 2DIAGNOSTIC,     4, -8.519205451012e-01, inf, 2.0289e+00, 3.3165e-02, 
 2DIAGNOSTIC,     5, -8.535020351410e-01, inf, 2.0622e+00, 3.3276e-02, 
 2DIAGNOSTIC,     6, -8.548637032509e-01, inf, 2.0949e+00, 3.2668e-02, 
 2DIAGNOSTIC,     7, -8.560877442360e-01, inf, 2.1495e+00, 5.4613e-02, 
 2DIAGNOSTIC,     8, -8.560804128647e-01, inf, 2.1907e+00, 4.1244e-02, 
 2DIAGNOSTIC,     9, -8.560727238655e-01, inf, 2.2324e+00, 4.1681e-02, 
 2DIAGNOSTIC,    10, -8.560762405396e-01, 6.623024819419e-04, 2.2708e+00, 3.8403e-02, 
 2DIAGNOSTIC,    11, -8.560696244240e-01, 4.864865913987e-04, 2.3129e+00, 4.2066e-02, 
 2DIAGNOSTIC,    12, -8.560627698898e-01, 3.230143047404e-04, 2.3547e+00, 4.1828e-02, 
 2DIAGNOSTIC,    13, -8.560625910759e-01, 1.872811990324e-04, 2.4054e+00, 5.0717e-02, 
 2DIAGNOSTIC,    14, -8.560628890991e-01, 8.751704444876e-05, 2.4472e+00, 4.1726e-02, 
 2DIAGNOSTIC,    15, -8.560626506805e-01, 2.783310264931e-05, 2.4845e+00, 3.7285e-02, 
DIAGNOSTIC,Iteration,metricValue,convergenceValue,ITERATION_TIME_INDEX,SINCE_LAST
 2DIAGNOSTIC,     1, -7.349143028259e-01, inf, 3.6352e+00, 1.1507e+00, 
 2DIAGNOSTIC,     2, -7.357966303825e-01, inf, 3.8737e+00, 2.3858e-01, 
 2DIAGNOSTIC,     3, -7.365850806236e-01, inf, 4.1124e+00, 2.3863e-01, 
 2DIAGNOSTIC,     4, -7.370111346245e-01, inf, 4.3472e+00, 2.3481e-01, 
 2DIAGNOSTIC,     5, -7.372643947601e-01, inf, 4.5848e+00, 2.3758e-01, 
 2DIAGNOSTIC,     6, -7.376649975777e-01, inf, 4.9449e+00, 3.6017e-01, 
 2DIAGNOSTIC,     7, -7.376723885536e-01, inf, 5.1854e+00, 2.4048e-01, 
 2DIAGNOSTIC,     8, -7.376933693886e-01, inf, 5.4652e+00, 2.7981e-01, 
 2DIAGNOSTIC,     9, -7.376989126205e-01, inf, 5.7012e+00, 2.3602e-01, 
 2DIAGNOSTIC,    10, -7.377154231071e-01, 2.197515132139e-04, 5.9413e+00, 2.4001e-01, 
 2DIAGNOSTIC,    11, -7.377384305000e-01, 1.295658294111e-04, 6.2712e+00, 3.2994e-01, 
 2DIAGNOSTIC,    12, -7.377402186394e-01, 7.097813795554e-05, 6.5690e+00, 2.9784e-01, 
 2DIAGNOSTIC,    13, -7.377405762672e-01, 3.856056355289e-05, 6.8454e+00, 2.7641e-01, 
 2DIAGNOSTIC,    14, -7.377402782440e-01, 1.916220389830e-05, 7.1123e+00, 2.6687e-01, 
 2DIAGNOSTIC,    15, -7.377352118492e-01, 6.895860224176e-06, 7.3883e+00, 2.7599e-01, 
 2DIAGNOSTIC,    16, -7.377337813377e-01, 5.338937626220e-06, 7.6574e+00, 2.6908e-01, 
 2DIAGNOSTIC,    17, -7.377342581749e-01, 3.826069132629e-06, 7.9903e+00, 3.3293e-01, 
 2DIAGNOSTIC,    18, -7.377336025238e-01, 2.742370725173e-06, 8.2612e+00, 2.7090e-01, 
 2DIAGNOSTIC,    19, -7.377296686172e-01, 1.712284529276e-06, 8.5307e+00, 2.6947e-01, 
 2DIAGNOSTIC,    20, -7.377290129662e-01, 1.079102730728e-06, 8.7978e+00, 2.6715e-01, 
DIAGNOSTIC,Iteration,metricValue,convergenceValue,ITERATION_TIME_INDEX,SINCE_LAST
 2DIAGNOSTIC,     1, -6.554026603699e-01, inf, 1.1835e+01, 3.0368e+00, 
  Elapsed time (stage 1): 1.3099e+01


Stage 2
  iterations = 100x100x70x20
  convergence threshold = 1.0000e-09
  convergence window size = 10
  number of levels = 4
  using the CC metric (radius = 4, weight = 1.0000e+00)
  preprocessing:  winsorizing the image intensities
  preprocessing:  histogram matching the images
  Shrink factors (level 1 out of 4): [6, 6, 6]
  Shrink factors (level 2 out of 4): [4, 4, 4]
  Shrink factors (level 3 out of 4): [2, 2, 2]
  Shrink factors (level 4 out of 4): [1, 1, 1]
  smoothing sigmas per level: [3, 2, 1, 0]
  Using default NONE metricSamplingStrategy 

*** Running SyN registration (varianceForUpdateField = 3.0000e+00, varianceForTotalField = 0.0000e+00) ***

XXDIAGNOSTIC,Iteration,metricValue,convergenceValue,ITERATION_TIME_INDEX,SINCE_LAST
 1DIAGNOSTIC,     1, -8.807229399681e-01, inf, 1.4869e+00, 1.4869e+00, 
 1DIAGNOSTIC,     2, -8.921563625336e-01, inf, 2.2947e+00, 8.0784e-01, 
 1DIAGNOSTIC,     3, -9.018306732178e-01, inf, 3.0977e+00, 8.0293e-01, 
 1DIAGNOSTIC,     4, -9.088577032089e-01, inf, 3.8831e+00, 7.8539e-01, 
 1DIAGNOSTIC,     5, -9.143315553665e-01, inf, 4.7114e+00, 8.2832e-01, 
 1DIAGNOSTIC,     6, -9.181776046753e-01, inf, 5.4678e+00, 7.5642e-01, 
 1DIAGNOSTIC,     7, -9.211672544479e-01, inf, 6.2787e+00, 8.1089e-01, 
 1DIAGNOSTIC,     8, -9.234456419945e-01, inf, 7.0909e+00, 8.1220e-01, 
 1DIAGNOSTIC,     9, -9.251943826675e-01, inf, 7.9375e+00, 8.4659e-01, 
 1DIAGNOSTIC,    10, -9.266334176064e-01, 3.007647348568e-03, 8.7529e+00, 8.1543e-01, 
 1DIAGNOSTIC,    11, -9.278529882431e-01, 2.085812855512e-03, 9.5405e+00, 7.8761e-01, 
 1DIAGNOSTIC,    12, -9.289201498032e-01, 1.452915603295e-03, 1.0324e+01, 7.8341e-01, 
 1DIAGNOSTIC,    13, -9.298493862152e-01, 1.038364833221e-03, 1.1112e+01, 7.8853e-01, 
 1DIAGNOSTIC,    14, -9.306439161301e-01, 7.609586464241e-04, 1.1896e+01, 7.8316e-01, 
 1DIAGNOSTIC,    15, -9.313626885414e-01, 5.783822271042e-04, 1.2712e+01, 8.1651e-01, 
 1DIAGNOSTIC,    16, -9.320000410080e-01, 4.517928173300e-04, 1.3512e+01, 8.0025e-01, 
 1DIAGNOSTIC,    17, -9.325945377350e-01, 3.633218002506e-04, 1.4336e+01, 8.2392e-01, 
 1DIAGNOSTIC,    18, -9.331144094467e-01, 2.989050990436e-04, 1.5116e+01, 7.7988e-01, 
 1DIAGNOSTIC,    19, -9.336046576500e-01, 2.497972163837e-04, 1.5904e+01, 7.8782e-01, 
 1DIAGNOSTIC,    20, -9.340293407440e-01, 2.110212953994e-04, 1.6701e+01, 7.9684e-01, 
 1DIAGNOSTIC,    21, -9.344158768654e-01, 1.797730365070e-04, 1.7454e+01, 7.5350e-01, 
 1DIAGNOSTIC,    22, -9.347692131996e-01, 1.544122933410e-04, 1.8314e+01, 8.5918e-01, 
 1DIAGNOSTIC,    23, -9.351109266281e-01, 1.337924768450e-04, 1.9076e+01, 7.6256e-01, 
 1DIAGNOSTIC,    24, -9.354110956192e-01, 1.163602719316e-04, 1.9911e+01, 8.3468e-01, 
 1DIAGNOSTIC,    25, -9.356992840767e-01, 1.017863978632e-04, 2.0754e+01, 8.4302e-01, 
 1DIAGNOSTIC,    26, -9.359569549561e-01, 8.934734069044e-05, 2.1544e+01, 7.9010e-01, 
 1DIAGNOSTIC,    27, -9.361919760704e-01, 7.887330866652e-05, 2.2351e+01, 8.0677e-01, 
 1DIAGNOSTIC,    28, -9.364144206047e-01, 6.986685912125e-05, 2.3130e+01, 7.7929e-01, 
 1DIAGNOSTIC,    29, -9.366232752800e-01, 6.231170118554e-05, 2.3922e+01, 7.9158e-01, 
 1DIAGNOSTIC,    30, -9.368158578873e-01, 5.571650763159e-05, 2.4789e+01, 8.6705e-01, 
 1DIAGNOSTIC,    31, -9.370062947273e-01, 5.002271427657e-05, 2.5588e+01, 7.9991e-01, 
 1DIAGNOSTIC,    32, -9.371829032898e-01, 4.505985634751e-05, 2.6394e+01, 8.0561e-01, 
 1DIAGNOSTIC,    33, -9.373450279236e-01, 4.084838656127e-05, 2.7217e+01, 8.2284e-01, 
 1DIAGNOSTIC,    34, -9.374973773956e-01, 3.712893158081e-05, 2.8010e+01, 7.9327e-01, 
 1DIAGNOSTIC,    35, -9.376421570778e-01, 3.393112638150e-05, 2.8821e+01, 8.1124e-01, 
 1DIAGNOSTIC,    36, -9.377668499947e-01, 3.098517117905e-05, 2.9595e+01, 7.7398e-01, 
 1DIAGNOSTIC,    37, -9.378886222839e-01, 2.825312549248e-05, 3.0378e+01, 7.8229e-01, 
 1DIAGNOSTIC,    38, -9.380119442940e-01, 2.581041007943e-05, 3.1221e+01, 8.4311e-01, 
 1DIAGNOSTIC,    39, -9.381238818169e-01, 2.360025973758e-05, 3.2015e+01, 7.9422e-01, 
 1DIAGNOSTIC,    40, -9.382221698761e-01, 2.152474735340e-05, 3.2846e+01, 8.3052e-01, 
 1DIAGNOSTIC,    41, -9.383203983307e-01, 1.970402990992e-05, 3.3675e+01, 8.2950e-01, 
 1DIAGNOSTIC,    42, -9.384141564369e-01, 1.810934190871e-05, 3.4456e+01, 7.8128e-01, 
 1DIAGNOSTIC,    43, -9.385085105896e-01, 1.673166116234e-05, 3.5331e+01, 8.7472e-01, 
 1DIAGNOSTIC,    44, -9.385915994644e-01, 1.550160050101e-05, 3.6097e+01, 7.6563e-01, 
 1DIAGNOSTIC,    45, -9.386699795723e-01, 1.441422773496e-05, 3.6874e+01, 7.7779e-01, 
 1DIAGNOSTIC,    46, -9.387469291687e-01, 1.338798483630e-05, 3.7706e+01, 8.3187e-01, 
 1DIAGNOSTIC,    47, -9.388190507889e-01, 1.243310452992e-05, 3.8473e+01, 7.6707e-01, 
 1DIAGNOSTIC,    48, -9.388880729675e-01, 1.160077044915e-05, 3.9357e+01, 8.8342e-01, 
 1DIAGNOSTIC,    49, -9.389473199844e-01, 1.080958281818e-05, 4.0160e+01, 8.0351e-01, 
 1DIAGNOSTIC,    50, -9.390098452568e-01, 1.004818568617e-05, 4.0942e+01, 7.8171e-01, 
 1DIAGNOSTIC,    51, -9.390701055527e-01, 9.351506378152e-06, 4.1795e+01, 8.5297e-01, 
 1DIAGNOSTIC,    52, -9.391262531281e-01, 8.712083399587e-06, 4.2580e+01, 7.8522e-01, 
 1DIAGNOSTIC,    53, -9.391754269600e-01, 8.136738870235e-06, 4.3384e+01, 8.0372e-01, 
 1DIAGNOSTIC,    54, -9.392249584198e-01, 7.601362995047e-06, 4.4217e+01, 8.3337e-01, 
 1DIAGNOSTIC,    55, -9.392755031586e-01, 7.118762368918e-06, 4.4995e+01, 7.7768e-01, 
 1DIAGNOSTIC,    56, -9.393221139908e-01, 6.689002475468e-06, 4.5850e+01, 8.5548e-01, 
 1DIAGNOSTIC,    57, -9.393594264984e-01, 6.264077455853e-06, 4.6657e+01, 8.0640e-01, 
 1DIAGNOSTIC,    58, -9.393931627274e-01, 5.841533038620e-06, 4.7452e+01, 7.9507e-01, 
 1DIAGNOSTIC,    59, -9.394384622574e-01, 5.459376097861e-06, 4.8298e+01, 8.4651e-01, 
 1DIAGNOSTIC,    60, -9.394720792770e-01, 5.096851054986e-06, 4.9066e+01, 7.6779e-01, 
 1DIAGNOSTIC,    61, -9.394984245300e-01, 4.734151843877e-06, 4.9903e+01, 8.3635e-01, 
 1DIAGNOSTIC,    62, -9.395346045494e-01, 4.429465661815e-06, 5.0726e+01, 8.2383e-01, 
 1DIAGNOSTIC,    63, -9.395527839661e-01, 4.078385700268e-06, 5.1514e+01, 7.8723e-01, 
 1DIAGNOSTIC,    64, -9.395921230316e-01, 3.813227067440e-06, 5.2353e+01, 8.3903e-01, 
 1DIAGNOSTIC,    65, -9.396182298660e-01, 3.589562084017e-06, 5.3138e+01, 7.8504e-01, 
 1DIAGNOSTIC,    66, -9.396401047707e-01, 3.387725882931e-06, 5.3936e+01, 7.9795e-01, 
 1DIAGNOSTIC,    67, -9.396703243256e-01, 3.217873199901e-06, 5.4733e+01, 7.9743e-01, 
 1DIAGNOSTIC,    68, -9.396951198578e-01, 3.045662879231e-06, 5.5492e+01, 7.5839e-01, 
 1DIAGNOSTIC,    69, -9.397178292274e-01, 2.926600473074e-06, 5.6285e+01, 7.9394e-01, 
 1DIAGNOSTIC,    70, -9.397437572479e-01, 2.830176299540e-06, 5.7085e+01, 7.9933e-01, 
 1DIAGNOSTIC,    71, -9.397601485252e-01, 2.687433607207e-06, 5.7882e+01, 7.9766e-01, 
 1DIAGNOSTIC,    72, -9.397789239883e-01, 2.564958776929e-06, 5.8732e+01, 8.5003e-01, 
 1DIAGNOSTIC,    73, -9.398012757301e-01, 2.406209205219e-06, 5.9507e+01, 7.7449e-01, 
 1DIAGNOSTIC,    74, -9.398188591003e-01, 2.293141506016e-06, 6.0318e+01, 8.1080e-01, 
 1DIAGNOSTIC,    75, -9.398386478424e-01, 2.188307234974e-06, 6.1115e+01, 7.9734e-01, 
 1DIAGNOSTIC,    76, -9.398552179337e-01, 2.067648438242e-06, 6.1897e+01, 7.8186e-01, 
 1DIAGNOSTIC,    77, -9.398738145828e-01, 1.982438107007e-06, 6.2747e+01, 8.4989e-01, 
 1DIAGNOSTIC,    78, -9.398778676987e-01, 1.858372570496e-06, 6.3535e+01, 7.8854e-01, 
 1DIAGNOSTIC,    79, -9.398963451385e-01, 1.755035100359e-06, 6.4370e+01, 8.3464e-01, 
 1DIAGNOSTIC,    80, -9.399114251137e-01, 1.677894829299e-06, 6.5189e+01, 8.1866e-01, 
 1DIAGNOSTIC,    81, -9.399242401123e-01, 1.586856910762e-06, 6.5965e+01, 7.7669e-01, 
 1DIAGNOSTIC,    82, -9.399405717850e-01, 1.511726509307e-06, 6.6820e+01, 8.5460e-01, 
 1DIAGNOSTIC,    83, -9.399682283401e-01, 1.512316316621e-06, 6.7651e+01, 8.3072e-01, 
 1DIAGNOSTIC,    84, -9.399595856667e-01, 1.433350803381e-06, 6.8432e+01, 7.8133e-01, 
 1DIAGNOSTIC,    85, -9.399725198746e-01, 1.372641122543e-06, 6.9259e+01, 8.2677e-01, 
 1DIAGNOSTIC,    86, -9.399752616882e-01, 1.283420488107e-06, 7.0073e+01, 8.1396e-01, 
 1DIAGNOSTIC,    87, -9.399895071983e-01, 1.222445689564e-06, 7.0847e+01, 7.7455e-01, 
 1DIAGNOSTIC,    88, -9.400151968002e-01, 1.180221602226e-06, 7.1677e+01, 8.2924e-01, 
 1DIAGNOSTIC,    89, -9.400115609169e-01, 1.108836272579e-06, 7.2462e+01, 7.8513e-01, 
 1DIAGNOSTIC,    90, -9.400390386581e-01, 1.112783820645e-06, 7.3288e+01, 8.2621e-01, 
 1DIAGNOSTIC,    91, -9.400286674500e-01, 1.048754711519e-06, 7.4119e+01, 8.3151e-01, 
 1DIAGNOSTIC,    92, -9.400573968887e-01, 1.066014760909e-06, 7.4917e+01, 7.9726e-01, 
 1DIAGNOSTIC,    93, -9.400623440742e-01, 1.118247610066e-06, 7.5756e+01, 8.3901e-01, 
 1DIAGNOSTIC,    94, -9.400531649590e-01, 1.036128082887e-06, 7.6546e+01, 7.9029e-01, 
 1DIAGNOSTIC,    95, -9.400951862335e-01, 1.067062157745e-06, 7.7343e+01, 7.9735e-01, 
 1DIAGNOSTIC,    96, -9.400703310966e-01, 9.521297670290e-07, 7.8153e+01, 8.0986e-01, 
 1DIAGNOSTIC,    97, -9.400956630707e-01, 9.044962894222e-07, 7.8924e+01, 7.7095e-01, 
 1DIAGNOSTIC,    98, -9.401040077209e-01, 9.070108717424e-07, 7.9732e+01, 8.0770e-01, 
 1DIAGNOSTIC,    99, -9.401115775108e-01, 8.628473437966e-07, 8.0541e+01, 8.0931e-01, 
 1DIAGNOSTIC,   100, -9.401025772095e-01, 8.247786240645e-07, 8.1359e+01, 8.1826e-01, 
XXDIAGNOSTIC,Iteration,metricValue,convergenceValue,ITERATION_TIME_INDEX,SINCE_LAST
 1DIAGNOSTIC,     1, -8.637588024139e-01, inf, 8.4652e+01, 3.2927e+00, 
 1DIAGNOSTIC,     2, -8.646082878113e-01, inf, 8.7304e+01, 2.6524e+00, 
 1DIAGNOSTIC,     3, -8.658642172813e-01, inf, 8.9938e+01, 2.6338e+00, 
 1DIAGNOSTIC,     4, -8.668517470360e-01, inf, 9.2603e+01, 2.6644e+00, 
 1DIAGNOSTIC,     5, -8.678154945374e-01, inf, 9.5234e+01, 2.6317e+00, 
 1DIAGNOSTIC,     6, -8.687090277672e-01, inf, 9.7872e+01, 2.6372e+00, 
 1DIAGNOSTIC,     7, -8.695899844170e-01, inf, 1.0046e+02, 2.5885e+00, 
 1DIAGNOSTIC,     8, -8.704013824463e-01, inf, 1.0310e+02, 2.6368e+00, 
 1DIAGNOSTIC,     9, -8.710270524025e-01, inf, 1.0577e+02, 2.6727e+00, 
 1DIAGNOSTIC,    10, -8.716008663177e-01, 5.945415468886e-04, 1.0840e+02, 2.6312e+00, 
 1DIAGNOSTIC,    11, -8.720696568489e-01, 5.014727357775e-04, 1.1108e+02, 2.6782e+00, 
 1DIAGNOSTIC,    12, -8.725758194923e-01, 4.155194037594e-04, 1.1372e+02, 2.6439e+00, 
 1DIAGNOSTIC,    13, -8.729407787323e-01, 3.458167775534e-04, 1.1636e+02, 2.6388e+00, 
 1DIAGNOSTIC,    14, -8.733650445938e-01, 2.875442733057e-04, 1.1902e+02, 2.6622e+00, 
 1DIAGNOSTIC,    15, -8.736598491669e-01, 2.381272061029e-04, 1.2166e+02, 2.6398e+00, 
 1DIAGNOSTIC,    16, -8.739711046219e-01, 1.975768536795e-04, 1.2430e+02, 2.6318e+00, 
 1DIAGNOSTIC,    17, -8.742895126343e-01, 1.665402378421e-04, 1.2693e+02, 2.6373e+00, 
 1DIAGNOSTIC,    18, -8.745132684708e-01, 1.422892237315e-04, 1.2949e+02, 2.5552e+00, 
 1DIAGNOSTIC,    19, -8.747640252113e-01, 1.224740699399e-04, 1.3205e+02, 2.5580e+00, 
 1DIAGNOSTIC,    20, -8.750007748604e-01, 1.065151300281e-04, 1.3462e+02, 2.5748e+00, 
 1DIAGNOSTIC,    21, -8.751497268677e-01, 9.173971920973e-05, 1.3728e+02, 2.6589e+00, 
 1DIAGNOSTIC,    22, -8.753266334534e-01, 7.994133920874e-05, 1.3984e+02, 2.5626e+00, 
 1DIAGNOSTIC,    23, -8.754450678825e-01, 6.855974061182e-05, 1.4244e+02, 2.6018e+00, 
 1DIAGNOSTIC,    24, -8.756429553032e-01, 6.022915840731e-05, 1.4508e+02, 2.6396e+00, 
 1DIAGNOSTIC,    25, -8.757396340370e-01, 5.203512409935e-05, 1.4771e+02, 2.6286e+00, 
 1DIAGNOSTIC,    26, -8.758650422096e-01, 4.511410588748e-05, 1.5036e+02, 2.6515e+00, 
 1DIAGNOSTIC,    27, -8.760097026825e-01, 4.013119905721e-05, 1.5294e+02, 2.5743e+00, 
 1DIAGNOSTIC,    28, -8.760749101639e-01, 3.512121838867e-05, 1.5558e+02, 2.6412e+00, 
 1DIAGNOSTIC,    29, -8.761966824532e-01, 3.138569445582e-05, 1.5823e+02, 2.6533e+00, 
 1DIAGNOSTIC,    30, -8.762719631195e-01, 2.838825821527e-05, 1.6079e+02, 2.5621e+00, 
 1DIAGNOSTIC,    31, -8.764128088951e-01, 2.601124833745e-05, 1.6336e+02, 2.5681e+00, 
 1DIAGNOSTIC,    32, -8.764626979828e-01, 2.368661262153e-05, 1.6602e+02, 2.6590e+00, 
 1DIAGNOSTIC,    33, -8.765208125114e-01, 2.106332976837e-05, 1.6858e+02, 2.5568e+00, 
 1DIAGNOSTIC,    34, -8.765550255775e-01, 1.890745261335e-05, 1.7115e+02, 2.5746e+00, 
 1DIAGNOSTIC,    35, -8.766329884529e-01, 1.676899046288e-05, 1.7374e+02, 2.5887e+00, 
 1DIAGNOSTIC,    36, -8.766407370567e-01, 1.439991956431e-05, 1.7632e+02, 2.5752e+00, 
 1DIAGNOSTIC,    37, -8.767772316933e-01, 1.335095748800e-05, 1.7896e+02, 2.6420e+00, 
 1DIAGNOSTIC,    38, -8.767953515053e-01, 1.184645043395e-05, 1.8159e+02, 2.6353e+00, 
 1DIAGNOSTIC,    39, -8.768477439880e-01, 1.082790640794e-05, 1.8416e+02, 2.5686e+00, 
 1DIAGNOSTIC,    40, -8.768632411957e-01, 9.619821867091e-06, 1.8679e+02, 2.6310e+00, 
 1DIAGNOSTIC,    41, -8.768844604492e-01, 8.910082215152e-06, 1.8944e+02, 2.6508e+00, 
 1DIAGNOSTIC,    42, -8.768960833549e-01, 7.919224117359e-06, 1.9210e+02, 2.6504e+00, 
 1DIAGNOSTIC,    43, -8.769350051880e-01, 7.018977157713e-06, 1.9459e+02, 2.4962e+00, 
 1DIAGNOSTIC,    44, -8.769274950027e-01, 5.745758244302e-06, 1.9726e+02, 2.6666e+00, 
 1DIAGNOSTIC,    45, -8.769786953926e-01, 4.997497853765e-06, 1.9989e+02, 2.6353e+00, 
 1DIAGNOSTIC,    46, -8.769879341125e-01, 3.961823949794e-06, 2.0255e+02, 2.6582e+00, 
 1DIAGNOSTIC,    47, -8.769783377647e-01, 3.536672693372e-06, 2.0505e+02, 2.4953e+00, 
 1DIAGNOSTIC,    48, -8.770235776901e-01, 3.281937324573e-06, 2.0763e+02, 2.5799e+00, 
 1DIAGNOSTIC,    49, -8.770079612732e-01, 3.021151087523e-06, 2.1029e+02, 2.6607e+00, 
 1DIAGNOSTIC,    50, -8.770392537117e-01, 2.848742042261e-06, 2.1292e+02, 2.6349e+00, 
 1DIAGNOSTIC,    51, -8.770362138748e-01, 2.582918796179e-06, 2.1549e+02, 2.5724e+00, 
 1DIAGNOSTIC,    52, -8.770612478256e-01, 2.367449269514e-06, 2.1813e+02, 2.6393e+00, 
 1DIAGNOSTIC,    53, -8.770577311516e-01, 2.209414560639e-06, 2.2078e+02, 2.6448e+00, 
 1DIAGNOSTIC,    54, -8.770885467529e-01, 2.036070327449e-06, 2.2342e+02, 2.6401e+00, 
 1DIAGNOSTIC,    55, -8.770766854286e-01, 1.959086375791e-06, 2.2600e+02, 2.5812e+00, 
 1DIAGNOSTIC,    56, -8.771038055420e-01, 1.969523282241e-06, 2.2864e+02, 2.6419e+00, 
 1DIAGNOSTIC,    57, -8.771109580994e-01, 1.820943452913e-06, 2.3129e+02, 2.6518e+00, 
 1DIAGNOSTIC,    58, -8.771226406097e-01, 1.878277544165e-06, 2.3396e+02, 2.6685e+00, 
 1DIAGNOSTIC,    59, -8.771040439606e-01, 1.613155518498e-06, 2.3653e+02, 2.5627e+00, 
 1DIAGNOSTIC,    60, -8.771364688873e-01, 1.604758494977e-06, 2.3916e+02, 2.6341e+00, 
 1DIAGNOSTIC,    61, -8.771216869354e-01, 1.389641056448e-06, 2.4182e+02, 2.6579e+00, 
 1DIAGNOSTIC,    62, -8.771513104439e-01, 1.387218617310e-06, 2.4446e+02, 2.6469e+00, 
 1DIAGNOSTIC,    63, -8.771450519562e-01, 1.244085638064e-06, 2.4711e+02, 2.6469e+00, 
 1DIAGNOSTIC,    64, -8.771634101868e-01, 1.290224645345e-06, 2.4975e+02, 2.6347e+00, 
 1DIAGNOSTIC,    65, -8.771486878395e-01, 1.120625256590e-06, 2.5232e+02, 2.5699e+00, 
 1DIAGNOSTIC,    66, -8.771774768829e-01, 1.171587314275e-06, 2.5496e+02, 2.6487e+00, 
 1DIAGNOSTIC,    67, -8.771756291389e-01, 1.174830345008e-06, 2.5755e+02, 2.5880e+00, 
 1DIAGNOSTIC,    68, -8.771970272064e-01, 1.272305098610e-06, 2.6015e+02, 2.6023e+00, 
 1DIAGNOSTIC,    69, -8.771896362305e-01, 1.162376520369e-06, 2.6276e+02, 2.6077e+00, 
 1DIAGNOSTIC,    70, -8.772214651108e-01, 1.291723606300e-06, 2.6541e+02, 2.6434e+00, 
 1DIAGNOSTIC,    71, -8.771982192993e-01, 1.155060658675e-06, 2.6797e+02, 2.5637e+00, 
 1DIAGNOSTIC,    72, -8.772251009941e-01, 1.213180894410e-06, 2.7056e+02, 2.5909e+00, 
 1DIAGNOSTIC,    73, -8.772048950195e-01, 1.072810277947e-06, 2.7322e+02, 2.6581e+00, 
 1DIAGNOSTIC,    74, -8.772410154343e-01, 1.119148691942e-06, 2.7578e+02, 2.5577e+00, 
 1DIAGNOSTIC,    75, -8.772069215775e-01, 8.788510967861e-07, 2.7834e+02, 2.5651e+00, 
 1DIAGNOSTIC,    76, -8.772406578064e-01, 8.744034403207e-07, 2.8098e+02, 2.6379e+00, 
 1DIAGNOSTIC,    77, -8.772332668304e-01, 7.818819085514e-07, 2.8363e+02, 2.6547e+00, 
 1DIAGNOSTIC,    78, -8.772425651550e-01, 7.855968533477e-07, 2.8629e+02, 2.6513e+00, 
 1DIAGNOSTIC,    79, -8.772268295288e-01, 6.538079446727e-07, 2.8886e+02, 2.5720e+00, 
 1DIAGNOSTIC,    80, -8.772519826889e-01, 7.381547675323e-07, 2.9142e+02, 2.5580e+00, 
 1DIAGNOSTIC,    81, -8.772332072258e-01, 6.127702363301e-07, 2.9407e+02, 2.6541e+00, 
 1DIAGNOSTIC,    82, -8.772523403168e-01, 6.554391234204e-07, 2.9671e+02, 2.6445e+00, 
 1DIAGNOSTIC,    83, -8.772420883179e-01, 5.469666461977e-07, 2.9928e+02, 2.5655e+00, 
 1DIAGNOSTIC,    84, -8.772501945496e-01, 6.025213679095e-07, 3.0180e+02, 2.5198e+00, 
 1DIAGNOSTIC,    85, -8.772350549698e-01, 4.424206281328e-07, 3.0446e+02, 2.6620e+00, 
 1DIAGNOSTIC,    86, -8.772600889206e-01, 5.035731192038e-07, 3.0710e+02, 2.6343e+00, 
 1DIAGNOSTIC,    87, -8.772357702255e-01, 4.283184864562e-07, 3.0974e+02, 2.6402e+00, 
 1DIAGNOSTIC,    88, -8.772640824318e-01, 4.922058565171e-07, 3.1225e+02, 2.5179e+00, 
 1DIAGNOSTIC,    89, -8.772495388985e-01, 4.266416908649e-07, 3.1490e+02, 2.6441e+00, 
 1DIAGNOSTIC,    90, -8.772720694542e-01, 5.318335638549e-07, 3.1755e+02, 2.6573e+00, 
 1DIAGNOSTIC,    91, -8.772595524788e-01, 5.017186595069e-07, 3.2015e+02, 2.5912e+00, 
 1DIAGNOSTIC,    92, -8.772798776627e-01, 5.994522211950e-07, 3.2266e+02, 2.5153e+00, 
 1DIAGNOSTIC,    93, -8.772522807121e-01, 5.360475370253e-07, 3.2531e+02, 2.6441e+00, 
 1DIAGNOSTIC,    94, -8.772935271263e-01, 6.299163715084e-07, 3.2795e+02, 2.6435e+00, 
 1DIAGNOSTIC,    95, -8.772614598274e-01, 5.255104156277e-07, 3.3059e+02, 2.6378e+00, 
 1DIAGNOSTIC,    96, -8.772902488708e-01, 5.929948656558e-07, 3.3315e+02, 2.5673e+00, 
 1DIAGNOSTIC,    97, -8.772681951523e-01, 4.741435191136e-07, 3.3580e+02, 2.6452e+00, 
 1DIAGNOSTIC,    98, -8.772839307785e-01, 4.933863237966e-07, 3.3839e+02, 2.5866e+00, 
 1DIAGNOSTIC,    99, -8.772747516632e-01, 4.143064415985e-07, 3.4105e+02, 2.6659e+00, 
 1DIAGNOSTIC,   100, -8.772953152657e-01, 4.694195183674e-07, 3.4357e+02, 2.5205e+00, 
XXDIAGNOSTIC,Iteration,metricValue,convergenceValue,ITERATION_TIME_INDEX,SINCE_LAST
 1DIAGNOSTIC,     1, -7.382929325104e-01, inf, 3.6518e+02, 2.1608e+01, 
 1DIAGNOSTIC,     2, -7.407039999962e-01, inf, 3.8583e+02, 2.0649e+01, 
 1DIAGNOSTIC,     3, -7.439489364624e-01, inf, 4.0646e+02, 2.0629e+01, 
 1DIAGNOSTIC,     4, -7.469887733459e-01, inf, 4.2690e+02, 2.0440e+01, 
 1DIAGNOSTIC,     5, -7.498180866241e-01, inf, 4.4753e+02, 2.0632e+01, 
 1DIAGNOSTIC,     6, -7.522690892220e-01, inf, 4.6843e+02, 2.0904e+01, 
 1DIAGNOSTIC,     7, -7.544190883636e-01, inf, 4.8894e+02, 2.0508e+01, 
 1DIAGNOSTIC,     8, -7.563434839249e-01, inf, 5.0954e+02, 2.0600e+01, 
 1DIAGNOSTIC,     9, -7.580887675285e-01, inf, 5.3011e+02, 2.0572e+01, 
 1DIAGNOSTIC,    10, -7.597236633301e-01, 1.867234706879e-03, 5.5073e+02, 2.0614e+01, 
 1DIAGNOSTIC,    11, -7.613481283188e-01, 1.572221866809e-03, 5.7144e+02, 2.0707e+01, 
 1DIAGNOSTIC,    12, -7.628448605537e-01, 1.307379221544e-03, 5.9190e+02, 2.0469e+01, 
 1DIAGNOSTIC,    13, -7.640883922577e-01, 1.094692503102e-03, 6.1270e+02, 2.0794e+01, 
 1DIAGNOSTIC,    14, -7.652017474174e-01, 9.241017978638e-04, 6.3326e+02, 2.0557e+01, 
 1DIAGNOSTIC,    15, -7.661483287811e-01, 7.860976620577e-04, 6.5406e+02, 2.0807e+01, 
 1DIAGNOSTIC,    16, -7.670912742615e-01, 6.725224084221e-04, 6.7477e+02, 2.0705e+01, 
 1DIAGNOSTIC,    17, -7.680123448372e-01, 5.777844926342e-04, 6.9545e+02, 2.0686e+01, 
 1DIAGNOSTIC,    18, -7.687048316002e-01, 4.944276297465e-04, 7.1621e+02, 2.0755e+01, 
 1DIAGNOSTIC,    19, -7.695002555847e-01, 4.240489215590e-04, 7.3685e+02, 2.0638e+01, 
 1DIAGNOSTIC,    20, -7.702062129974e-01, 3.648685233202e-04, 7.5769e+02, 2.0843e+01, 
 1DIAGNOSTIC,    21, -7.707951068878e-01, 3.164908557665e-04, 7.7851e+02, 2.0826e+01, 
 1DIAGNOSTIC,    22, -7.714098691940e-01, 2.786983095575e-04, 7.9976e+02, 2.1247e+01, 
 1DIAGNOSTIC,    23, -7.720494270325e-01, 2.485720324330e-04, 8.2055e+02, 2.0784e+01, 
 1DIAGNOSTIC,    24, -7.724981904030e-01, 2.218393055955e-04, 8.4124e+02, 2.0697e+01, 
 1DIAGNOSTIC,    25, -7.730743288994e-01, 1.990774762817e-04, 8.6215e+02, 2.0904e+01, 
 1DIAGNOSTIC,    26, -7.735821008682e-01, 1.800283644116e-04, 8.8333e+02, 2.1179e+01, 
 1DIAGNOSTIC,    27, -7.739720344543e-01, 1.634978252696e-04, 9.0413e+02, 2.0803e+01, 
 1DIAGNOSTIC,    28, -7.744216918945e-01, 1.478690101067e-04, 9.2505e+02, 2.0919e+01, 
 1DIAGNOSTIC,    29, -7.748947143555e-01, 1.355858694296e-04, 9.4592e+02, 2.0871e+01, 
 1DIAGNOSTIC,    30, -7.751677036285e-01, 1.234011870110e-04, 9.6685e+02, 2.0929e+01, 
 1DIAGNOSTIC,    31, -7.756063938141e-01, 1.126618226408e-04, 9.8829e+02, 2.1437e+01, 
 1DIAGNOSTIC,    32, -7.759767174721e-01, 1.033052467392e-04, 1.0092e+03, 2.0936e+01, 
 1DIAGNOSTIC,    33, -7.762435078621e-01, 9.493240213487e-05, 1.0302e+03, 2.0988e+01, 
 1DIAGNOSTIC,    34, -7.765684723854e-01, 8.648281072965e-05, 1.0512e+03, 2.0990e+01, 
 1DIAGNOSTIC,    35, -7.769359350204e-01, 8.030120079638e-05, 1.0720e+03, 2.0801e+01, 
 1DIAGNOSTIC,    36, -7.771177291870e-01, 7.393049600068e-05, 1.0931e+03, 2.1093e+01, 
 1DIAGNOSTIC,    37, -7.774467468262e-01, 6.810142076574e-05, 1.1140e+03, 2.0874e+01, 
 1DIAGNOSTIC,    38, -7.777354717255e-01, 6.327997834887e-05, 1.1350e+03, 2.1001e+01, 
 1DIAGNOSTIC,    39, -7.779228687286e-01, 5.898735980736e-05, 1.1559e+03, 2.0945e+01, 
 1DIAGNOSTIC,    40, -7.781883478165e-01, 5.428027361631e-05, 1.1769e+03, 2.0960e+01, 
 1DIAGNOSTIC,    41, -7.783650159836e-01, 5.019073796575e-05, 1.1978e+03, 2.0897e+01, 
 1DIAGNOSTIC,    42, -7.786308526993e-01, 4.715972318081e-05, 1.2188e+03, 2.1001e+01, 
 1DIAGNOSTIC,    43, -7.787834405899e-01, 4.336741039879e-05, 1.2398e+03, 2.1052e+01, 
 1DIAGNOSTIC,    44, -7.790343761444e-01, 4.046770845889e-05, 1.2608e+03, 2.0997e+01, 
 1DIAGNOSTIC,    45, -7.791717648506e-01, 3.802348146564e-05, 1.2820e+03, 2.1148e+01, 
 1DIAGNOSTIC,    46, -7.793875336647e-01, 3.526482760208e-05, 1.3028e+03, 2.0849e+01, 
 1DIAGNOSTIC,    47, -7.795138359070e-01, 3.283838668722e-05, 1.3235e+03, 2.0718e+01, 
 1DIAGNOSTIC,    48, -7.795972228050e-01, 3.028220089618e-05, 1.3446e+03, 2.1032e+01, 
 1DIAGNOSTIC,    49, -7.797272205353e-01, 2.736064925557e-05, 1.3653e+03, 2.0734e+01, 
 1DIAGNOSTIC,    50, -7.797175049782e-01, 2.385848893027e-05, 1.3861e+03, 2.0793e+01, 
 1DIAGNOSTIC,    51, -7.797603011131e-01, 1.983703441510e-05, 1.4072e+03, 2.1116e+01, 
 1DIAGNOSTIC,    52, -7.798464298248e-01, 1.661879832682e-05, 1.4283e+03, 2.1115e+01, 
 1DIAGNOSTIC,    53, -7.799050807953e-01, 1.341486495221e-05, 1.4492e+03, 2.0845e+01, 
 1DIAGNOSTIC,    54, -7.799212336540e-01, 1.091613194149e-05, 1.4700e+03, 2.0820e+01, 
 1DIAGNOSTIC,    55, -7.800701260567e-01, 9.425076314074e-06, 1.4907e+03, 2.0702e+01, 
 1DIAGNOSTIC,    56, -7.800850868225e-01, 8.628739124106e-06, 1.5115e+03, 2.0833e+01, 
 1DIAGNOSTIC,    57, -7.801383137703e-01, 8.241042451118e-06, 1.5324e+03, 2.0910e+01, 
 1DIAGNOSTIC,    58, -7.802331447601e-01, 8.240472197940e-06, 1.5533e+03, 2.0910e+01, 
 1DIAGNOSTIC,    59, -7.803025245667e-01, 8.742797945160e-06, 1.5741e+03, 2.0780e+01, 
 1DIAGNOSTIC,    60, -7.803163528442e-01, 8.453895134153e-06, 1.5951e+03, 2.0946e+01, 
 1DIAGNOSTIC,    61, -7.804748415947e-01, 8.625926056993e-06, 1.6161e+03, 2.1063e+01, 
 1DIAGNOSTIC,    62, -7.804788351059e-01, 8.527355930710e-06, 1.6370e+03, 2.0822e+01, 
 1DIAGNOSTIC,    63, -7.805422544479e-01, 8.384029570152e-06, 1.6578e+03, 2.0856e+01, 
 1DIAGNOSTIC,    64, -7.806404829025e-01, 8.122659892251e-06, 1.6789e+03, 2.1073e+01, 
 1DIAGNOSTIC,    65, -7.806978225708e-01, 8.296743544634e-06, 1.6995e+03, 2.0617e+01, 
 1DIAGNOSTIC,    66, -7.807227373123e-01, 7.928633749543e-06, 1.7202e+03, 2.0694e+01, 
 1DIAGNOSTIC,    67, -7.808644771576e-01, 7.920652933535e-06, 1.7411e+03, 2.0882e+01, 
 1DIAGNOSTIC,    68, -7.808601856232e-01, 7.667045792914e-06, 1.7623e+03, 2.1202e+01, 
 1DIAGNOSTIC,    69, -7.809200286865e-01, 7.425831427099e-06, 1.7832e+03, 2.0885e+01, 
 1DIAGNOSTIC,    70, -7.809377312660e-01, 6.663556632702e-06, 1.8041e+03, 2.0915e+01, 
XXDIAGNOSTIC,Iteration,metricValue,convergenceValue,ITERATION_TIME_INDEX,SINCE_LAST
 1DIAGNOSTIC,     1, -4.823390841484e-01, inf, 1.9740e+03, 1.6994e+02, 
 1DIAGNOSTIC,     2, -4.837670922279e-01, inf, 2.1419e+03, 1.6783e+02, 
 1DIAGNOSTIC,     3, -4.856118261814e-01, inf, 2.3083e+03, 1.6646e+02, 
 1DIAGNOSTIC,     4, -4.876038432121e-01, inf, 2.4758e+03, 1.6748e+02, 
 1DIAGNOSTIC,     5, -4.895540475845e-01, inf, 2.6441e+03, 1.6829e+02, 
 1DIAGNOSTIC,     6, -4.916255474091e-01, inf, 2.8127e+03, 1.6865e+02, 
 1DIAGNOSTIC,     7, -4.933318793774e-01, inf, 2.9818e+03, 1.6912e+02, 
 1DIAGNOSTIC,     8, -4.950380027294e-01, inf, 3.1507e+03, 1.6884e+02, 
 1DIAGNOSTIC,     9, -4.966790676117e-01, inf, 3.3197e+03, 1.6905e+02, 
 1DIAGNOSTIC,    10, -4.980989396572e-01, 2.128790365532e-03, 3.4886e+03, 1.6888e+02, 
 1DIAGNOSTIC,    11, -4.994333982468e-01, 1.885451842099e-03, 3.6568e+03, 1.6824e+02, 
 1DIAGNOSTIC,    12, -5.006539821625e-01, 1.640268601477e-03, 3.8260e+03, 1.6912e+02, 
 1DIAGNOSTIC,    13, -5.018807649612e-01, 1.420155400410e-03, 3.9963e+03, 1.7030e+02, 
 1DIAGNOSTIC,    14, -5.030732154846e-01, 1.232549198903e-03, 4.1662e+03, 1.6990e+02, 
 1DIAGNOSTIC,    15, -5.041584968567e-01, 1.072733779438e-03, 4.3363e+03, 1.7010e+02, 
 1DIAGNOSTIC,    16, -5.052043795586e-01, 9.459032444283e-04, 4.5066e+03, 1.7037e+02, 
 1DIAGNOSTIC,    17, -5.061765313148e-01, 8.366414112970e-04, 4.6762e+03, 1.6957e+02, 
 1DIAGNOSTIC,    18, -5.070741772652e-01, 7.444039802067e-04, 4.8440e+03, 1.6776e+02, 
 1DIAGNOSTIC,    19, -5.079268217087e-01, 6.674549658783e-04, 5.0120e+03, 1.6803e+02, 
 1DIAGNOSTIC,    20, -5.087630152702e-01, 6.001782603562e-04, 5.1708e+03, 1.5883e+02, 
  Elapsed time (stage 2): 5173


Total elapsed time: 5203
Using single precision for computations.
Input scalar image: /home/mpib/nemecz/Projects/miniTRK/Results/01_MRI/GroupTempl/T1w/T_template0sub-572551_T1wRepaired.nii.gz
Reference image: /home/mpib/nemecz/Projects/miniTRK/Results/01_MRI/GroupTempl/T1w/T_template0.nii.gz
=============================================================================
The composite transform comprises the following transforms (in order): 
  1. /home/mpib/nemecz/Projects/miniTRK/Results/01_MRI/GroupTempl/T1w/T_sub-572551_T1w190GenericAffine.mat (type = AffineTransform)
  2. /home/mpib/nemecz/Projects/miniTRK/Results/01_MRI/GroupTempl/T1w/T_sub-572551_T1w191Warp.nii.gz (type = DisplacementFieldTransform)
=============================================================================
Default pixel value: 0
Interpolation type: LinearInterpolateImageFunction
Output warped image: /home/mpib/nemecz/Projects/miniTRK/Results/01_MRI/GroupTempl/T1w/T_template0sub-572551_T1w19WarpedToTemplate.nii.gz
