
Running N4 for 3-dimensional images.

Mask not read.  Using the entire image as the mask.

Original intensity range:  [0, 918]

***********************************************************
Warning:  Your input image contains nonpositive values
which could cause failure or problematic results.  A
possible workaround would be to:
   1. rescale your image to positive values e.g., [10,100].
   2. run N4 on your rescaled image.
   3. (optional) rescale the N4 output to the original
      intensity range.
***********************************************************

Specified spline distance: 200mm
  original image size:  [192, 256, 256]
  padded image size:  [201, 401, 401]
  number of control points:  [4, 5, 5]

Current level = 1
  Iteration 1 (of 50).   Current convergence value = 0.00057297 (threshold = 1e-08)
  Iteration 2 (of 50).   Current convergence value = 0.000370164 (threshold = 1e-08)
  Iteration 3 (of 50).   Current convergence value = 0.000242835 (threshold = 1e-08)
  Iteration 4 (of 50).   Current convergence value = 0.000164316 (threshold = 1e-08)
  Iteration 5 (of 50).   Current convergence value = 0.000119913 (threshold = 1e-08)
  Iteration 6 (of 50).   Current convergence value = 9.98612e-05 (threshold = 1e-08)
  Iteration 7 (of 50).   Current convergence value = 9.42691e-05 (threshold = 1e-08)
  Iteration 8 (of 50).   Current convergence value = 9.49127e-05 (threshold = 1e-08)
  Iteration 9 (of 50).   Current convergence value = 9.73204e-05 (threshold = 1e-08)
  Iteration 10 (of 50).   Current convergence value = 9.96504e-05 (threshold = 1e-08)
  Iteration 11 (of 50).   Current convergence value = 0.000101601 (threshold = 1e-08)
  Iteration 12 (of 50).   Current convergence value = 0.00010297 (threshold = 1e-08)
  Iteration 13 (of 50).   Current convergence value = 0.000103788 (threshold = 1e-08)
  Iteration 14 (of 50).   Current convergence value = 0.000104315 (threshold = 1e-08)
  Iteration 15 (of 50).   Current convergence value = 0.00010438 (threshold = 1e-08)
  Iteration 16 (of 50).   Current convergence value = 0.000104281 (threshold = 1e-08)
  Iteration 17 (of 50).   Current convergence value = 0.00010398 (threshold = 1e-08)
  Iteration 18 (of 50).   Current convergence value = 0.000103542 (threshold = 1e-08)
  Iteration 19 (of 50).   Current convergence value = 0.000103142 (threshold = 1e-08)
  Iteration 20 (of 50).   Current convergence value = 0.000102458 (threshold = 1e-08)
  Iteration 21 (of 50).   Current convergence value = 0.000101876 (threshold = 1e-08)
  Iteration 22 (of 50).   Current convergence value = 0.000101207 (threshold = 1e-08)
  Iteration 23 (of 50).   Current convergence value = 0.000100515 (threshold = 1e-08)
  Iteration 24 (of 50).   Current convergence value = 0.000100001 (threshold = 1e-08)
  Iteration 25 (of 50).   Current convergence value = 9.92879e-05 (threshold = 1e-08)
  Iteration 26 (of 50).   Current convergence value = 9.86078e-05 (threshold = 1e-08)
  Iteration 27 (of 50).   Current convergence value = 9.80232e-05 (threshold = 1e-08)
  Iteration 28 (of 50).   Current convergence value = 9.73586e-05 (threshold = 1e-08)
  Iteration 29 (of 50).   Current convergence value = 9.68852e-05 (threshold = 1e-08)
  Iteration 30 (of 50).   Current convergence value = 9.62547e-05 (threshold = 1e-08)
  Iteration 31 (of 50).   Current convergence value = 9.566e-05 (threshold = 1e-08)
  Iteration 32 (of 50).   Current convergence value = 9.51308e-05 (threshold = 1e-08)
  Iteration 33 (of 50).   Current convergence value = 9.45947e-05 (threshold = 1e-08)
  Iteration 34 (of 50).   Current convergence value = 9.39726e-05 (threshold = 1e-08)
  Iteration 35 (of 50).   Current convergence value = 9.3496e-05 (threshold = 1e-08)
  Iteration 36 (of 50).   Current convergence value = 9.29551e-05 (threshold = 1e-08)
  Iteration 37 (of 50).   Current convergence value = 9.24682e-05 (threshold = 1e-08)
  Iteration 38 (of 50).   Current convergence value = 9.1921e-05 (threshold = 1e-08)
  Iteration 39 (of 50).   Current convergence value = 9.14343e-05 (threshold = 1e-08)
  Iteration 40 (of 50).   Current convergence value = 9.10302e-05 (threshold = 1e-08)
  Iteration 41 (of 50).   Current convergence value = 9.04967e-05 (threshold = 1e-08)
  Iteration 42 (of 50).   Current convergence value = 8.99698e-05 (threshold = 1e-08)
  Iteration 43 (of 50).   Current convergence value = 8.95562e-05 (threshold = 1e-08)
  Iteration 44 (of 50).   Current convergence value = 8.90386e-05 (threshold = 1e-08)
  Iteration 45 (of 50).   Current convergence value = 8.86897e-05 (threshold = 1e-08)
  Iteration 46 (of 50).   Current convergence value = 8.83222e-05 (threshold = 1e-08)
  Iteration 47 (of 50).   Current convergence value = 8.79617e-05 (threshold = 1e-08)
  Iteration 48 (of 50).   Current convergence value = 8.74673e-05 (threshold = 1e-08)
  Iteration 49 (of 50).   Current convergence value = 8.70258e-05 (threshold = 1e-08)
  Iteration 50 (of 50).   Current convergence value = 8.65827e-05 (threshold = 1e-08)
Current level = 2
  Iteration 1 (of 50).   Current convergence value = 0.000512702 (threshold = 1e-08)
  Iteration 2 (of 50).   Current convergence value = 0.00041861 (threshold = 1e-08)
  Iteration 3 (of 50).   Current convergence value = 0.00035442 (threshold = 1e-08)
  Iteration 4 (of 50).   Current convergence value = 0.00030261 (threshold = 1e-08)
  Iteration 5 (of 50).   Current convergence value = 0.00025891 (threshold = 1e-08)
  Iteration 6 (of 50).   Current convergence value = 0.000223914 (threshold = 1e-08)
  Iteration 7 (of 50).   Current convergence value = 0.000198709 (threshold = 1e-08)
  Iteration 8 (of 50).   Current convergence value = 0.000182966 (threshold = 1e-08)
  Iteration 9 (of 50).   Current convergence value = 0.000162688 (threshold = 1e-08)
  Iteration 10 (of 50).   Current convergence value = 0.000145608 (threshold = 1e-08)
  Iteration 11 (of 50).   Current convergence value = 0.000130859 (threshold = 1e-08)
  Iteration 12 (of 50).   Current convergence value = 0.000117762 (threshold = 1e-08)
  Iteration 13 (of 50).   Current convergence value = 0.000106655 (threshold = 1e-08)
  Iteration 14 (of 50).   Current convergence value = 9.72338e-05 (threshold = 1e-08)
  Iteration 15 (of 50).   Current convergence value = 9.03231e-05 (threshold = 1e-08)
  Iteration 16 (of 50).   Current convergence value = 8.84132e-05 (threshold = 1e-08)
  Iteration 17 (of 50).   Current convergence value = 8.72595e-05 (threshold = 1e-08)
  Iteration 18 (of 50).   Current convergence value = 8.66205e-05 (threshold = 1e-08)
  Iteration 19 (of 50).   Current convergence value = 8.62399e-05 (threshold = 1e-08)
  Iteration 20 (of 50).   Current convergence value = 8.60072e-05 (threshold = 1e-08)
  Iteration 21 (of 50).   Current convergence value = 8.59513e-05 (threshold = 1e-08)
  Iteration 22 (of 50).   Current convergence value = 8.6086e-05 (threshold = 1e-08)
  Iteration 23 (of 50).   Current convergence value = 8.61821e-05 (threshold = 1e-08)
  Iteration 24 (of 50).   Current convergence value = 8.61276e-05 (threshold = 1e-08)
  Iteration 25 (of 50).   Current convergence value = 8.59506e-05 (threshold = 1e-08)
  Iteration 26 (of 50).   Current convergence value = 8.57546e-05 (threshold = 1e-08)
  Iteration 27 (of 50).   Current convergence value = 8.56685e-05 (threshold = 1e-08)
  Iteration 28 (of 50).   Current convergence value = 8.5478e-05 (threshold = 1e-08)
  Iteration 29 (of 50).   Current convergence value = 8.51119e-05 (threshold = 1e-08)
  Iteration 30 (of 50).   Current convergence value = 8.47322e-05 (threshold = 1e-08)
  Iteration 31 (of 50).   Current convergence value = 8.43409e-05 (threshold = 1e-08)
  Iteration 32 (of 50).   Current convergence value = 8.4022e-05 (threshold = 1e-08)
  Iteration 33 (of 50).   Current convergence value = 8.35887e-05 (threshold = 1e-08)
  Iteration 34 (of 50).   Current convergence value = 8.30222e-05 (threshold = 1e-08)
  Iteration 35 (of 50).   Current convergence value = 8.24559e-05 (threshold = 1e-08)
  Iteration 36 (of 50).   Current convergence value = 8.17515e-05 (threshold = 1e-08)
  Iteration 37 (of 50).   Current convergence value = 8.13107e-05 (threshold = 1e-08)
  Iteration 38 (of 50).   Current convergence value = 8.07001e-05 (threshold = 1e-08)
  Iteration 39 (of 50).   Current convergence value = 8.00346e-05 (threshold = 1e-08)
  Iteration 40 (of 50).   Current convergence value = 7.92192e-05 (threshold = 1e-08)
  Iteration 41 (of 50).   Current convergence value = 7.88304e-05 (threshold = 1e-08)
  Iteration 42 (of 50).   Current convergence value = 7.79702e-05 (threshold = 1e-08)
  Iteration 43 (of 50).   Current convergence value = 7.71901e-05 (threshold = 1e-08)
  Iteration 44 (of 50).   Current convergence value = 7.66615e-05 (threshold = 1e-08)
  Iteration 45 (of 50).   Current convergence value = 7.61223e-05 (threshold = 1e-08)
  Iteration 46 (of 50).   Current convergence value = 7.53165e-05 (threshold = 1e-08)
  Iteration 47 (of 50).   Current convergence value = 7.46972e-05 (threshold = 1e-08)
  Iteration 48 (of 50).   Current convergence value = 7.40297e-05 (threshold = 1e-08)
  Iteration 49 (of 50).   Current convergence value = 7.33877e-05 (threshold = 1e-08)
  Iteration 50 (of 50).   Current convergence value = 7.26591e-05 (threshold = 1e-08)
Current level = 3
  Iteration 1 (of 40).   Current convergence value = 0.00164865 (threshold = 1e-08)
  Iteration 2 (of 40).   Current convergence value = 0.00122726 (threshold = 1e-08)
  Iteration 3 (of 40).   Current convergence value = 0.000987265 (threshold = 1e-08)
  Iteration 4 (of 40).   Current convergence value = 0.000825577 (threshold = 1e-08)
  Iteration 5 (of 40).   Current convergence value = 0.000715797 (threshold = 1e-08)
  Iteration 6 (of 40).   Current convergence value = 0.000630139 (threshold = 1e-08)
  Iteration 7 (of 40).   Current convergence value = 0.000567091 (threshold = 1e-08)
  Iteration 8 (of 40).   Current convergence value = 0.0005195 (threshold = 1e-08)
  Iteration 9 (of 40).   Current convergence value = 0.000482474 (threshold = 1e-08)
  Iteration 10 (of 40).   Current convergence value = 0.000452449 (threshold = 1e-08)
  Iteration 11 (of 40).   Current convergence value = 0.000428367 (threshold = 1e-08)
  Iteration 12 (of 40).   Current convergence value = 0.000408868 (threshold = 1e-08)
  Iteration 13 (of 40).   Current convergence value = 0.000392938 (threshold = 1e-08)
  Iteration 14 (of 40).   Current convergence value = 0.000379388 (threshold = 1e-08)
  Iteration 15 (of 40).   Current convergence value = 0.000367695 (threshold = 1e-08)
  Iteration 16 (of 40).   Current convergence value = 0.000356216 (threshold = 1e-08)
  Iteration 17 (of 40).   Current convergence value = 0.000345528 (threshold = 1e-08)
  Iteration 18 (of 40).   Current convergence value = 0.00033585 (threshold = 1e-08)
  Iteration 19 (of 40).   Current convergence value = 0.000327696 (threshold = 1e-08)
  Iteration 20 (of 40).   Current convergence value = 0.000320298 (threshold = 1e-08)
  Iteration 21 (of 40).   Current convergence value = 0.000313558 (threshold = 1e-08)
  Iteration 22 (of 40).   Current convergence value = 0.00030741 (threshold = 1e-08)
  Iteration 23 (of 40).   Current convergence value = 0.000301596 (threshold = 1e-08)
  Iteration 24 (of 40).   Current convergence value = 0.000296461 (threshold = 1e-08)
  Iteration 25 (of 40).   Current convergence value = 0.000291551 (threshold = 1e-08)
  Iteration 26 (of 40).   Current convergence value = 0.000287124 (threshold = 1e-08)
  Iteration 27 (of 40).   Current convergence value = 0.000283131 (threshold = 1e-08)
  Iteration 28 (of 40).   Current convergence value = 0.000279507 (threshold = 1e-08)
  Iteration 29 (of 40).   Current convergence value = 0.000276028 (threshold = 1e-08)
  Iteration 30 (of 40).   Current convergence value = 0.000272777 (threshold = 1e-08)
  Iteration 31 (of 40).   Current convergence value = 0.00026983 (threshold = 1e-08)
  Iteration 32 (of 40).   Current convergence value = 0.000267145 (threshold = 1e-08)
  Iteration 33 (of 40).   Current convergence value = 0.000264702 (threshold = 1e-08)
  Iteration 34 (of 40).   Current convergence value = 0.000262417 (threshold = 1e-08)
  Iteration 35 (of 40).   Current convergence value = 0.000260314 (threshold = 1e-08)
  Iteration 36 (of 40).   Current convergence value = 0.000258353 (threshold = 1e-08)
  Iteration 37 (of 40).   Current convergence value = 0.000256487 (threshold = 1e-08)
  Iteration 38 (of 40).   Current convergence value = 0.000254856 (threshold = 1e-08)
  Iteration 39 (of 40).   Current convergence value = 0.000253229 (threshold = 1e-08)
  Iteration 40 (of 40).   Current convergence value = 0.000251724 (threshold = 1e-08)
Current level = 4
  Iteration 1 (of 30).   Current convergence value = 0.00196663 (threshold = 1e-08)
  Iteration 2 (of 30).   Current convergence value = 0.00175996 (threshold = 1e-08)
  Iteration 3 (of 30).   Current convergence value = 0.00166098 (threshold = 1e-08)
  Iteration 4 (of 30).   Current convergence value = 0.00159848 (threshold = 1e-08)
  Iteration 5 (of 30).   Current convergence value = 0.00155545 (threshold = 1e-08)
  Iteration 6 (of 30).   Current convergence value = 0.00152479 (threshold = 1e-08)
  Iteration 7 (of 30).   Current convergence value = 0.00150897 (threshold = 1e-08)
  Iteration 8 (of 30).   Current convergence value = 0.00149984 (threshold = 1e-08)
  Iteration 9 (of 30).   Current convergence value = 0.00149541 (threshold = 1e-08)
  Iteration 10 (of 30).   Current convergence value = 0.00149399 (threshold = 1e-08)
  Iteration 11 (of 30).   Current convergence value = 0.00149315 (threshold = 1e-08)
  Iteration 12 (of 30).   Current convergence value = 0.00149279 (threshold = 1e-08)
  Iteration 13 (of 30).   Current convergence value = 0.00149112 (threshold = 1e-08)
  Iteration 14 (of 30).   Current convergence value = 0.00148231 (threshold = 1e-08)
  Iteration 15 (of 30).   Current convergence value = 0.00146542 (threshold = 1e-08)
  Iteration 16 (of 30).   Current convergence value = 0.00144619 (threshold = 1e-08)
  Iteration 17 (of 30).   Current convergence value = 0.0014389 (threshold = 1e-08)
  Iteration 18 (of 30).   Current convergence value = 0.00143009 (threshold = 1e-08)
  Iteration 19 (of 30).   Current convergence value = 0.00141817 (threshold = 1e-08)
  Iteration 20 (of 30).   Current convergence value = 0.00140124 (threshold = 1e-08)
  Iteration 21 (of 30).   Current convergence value = 0.00137909 (threshold = 1e-08)
  Iteration 22 (of 30).   Current convergence value = 0.00135052 (threshold = 1e-08)
  Iteration 23 (of 30).   Current convergence value = 0.00131393 (threshold = 1e-08)
  Iteration 24 (of 30).   Current convergence value = 0.00127063 (threshold = 1e-08)
  Iteration 25 (of 30).   Current convergence value = 0.00122314 (threshold = 1e-08)
  Iteration 26 (of 30).   Current convergence value = 0.00133624 (threshold = 1e-08)
  Iteration 27 (of 30).   Current convergence value = 0.00134033 (threshold = 1e-08)
  Iteration 28 (of 30).   Current convergence value = 0.00133278 (threshold = 1e-08)
  Iteration 29 (of 30).   Current convergence value = 0.00132071 (threshold = 1e-08)
  Iteration 30 (of 30).   Current convergence value = 0.00128258 (threshold = 1e-08)
   N4BiasFieldCorrectionImageFilter (0x55971d0dce20)
     RTTI typeinfo:   itk::N4BiasFieldCorrectionImageFilter<itk::Image<float, 3u>, itk::Image<float, 3u>, itk::Image<float, 3u> >
     Reference Count: 1
     Modified Time: 565
     Debug: Off
     Object Name: 
     Observers: 
       IterationEvent(Command)
     Inputs: 
       ConfidenceImage: (0)
       MaskImage: (0x55971d107540)
       Primary: (0x55971d1029f0) *
     Indexed Inputs: 
       0: Primary (0x55971d1029f0)
       1: MaskImage (0x55971d107540)
       2: ConfidenceImage (0)
     Required Input Names: Primary
     NumberOfRequiredInputs: 1
     Outputs: 
       Primary: (0x55971d0ecef0)
     Indexed Outputs: 
       0: Primary (0x55971d0ecef0)
     NumberOfRequiredOutputs: 1
     Number Of Work Units: 32
     ReleaseDataFlag: Off
     ReleaseDataBeforeUpdateFlag: Off
     AbortGenerateData: Off
     Progress: 0
     Multithreader: 
       RTTI typeinfo:   itk::PoolMultiThreader
       Reference Count: 1
       Modified Time: 144
       Debug: Off
       Object Name: 
       Observers: 
         none
       Number of Work Units: 32
       Number of Threads: 8
       Global Maximum Number Of Threads: 128
       Global Default Number Of Threads: 8
       Global Default Threader Type: itk::MultiThreaderBaseEnums::Threader::Pool
       SingleMethod: 0
       SingleData: 0
     DynamicMultiThreading: On
     CoordinateTolerance: 1e-06
     DirectionTolerance: 1e-06
     Use Mask Label: 0
     Mask label: 1
     Number of histogram bins: 200
     Wiener filter noise: 0.01
     Bias field FWHM: 0.15
     Maximum number of iterations: [50, 50, 40, 30]
     Convergence threshold: 1e-08
     Spline order: 3
     Number of fitting levels: [4, 4, 4]
     Number of control points: [4, 5, 5]
     CurrentConvergenceMeasurement: 0.00128258
     CurrentLevel: 4
     ElapsedIterations: 31
     LogBiasFieldControlPointLattice: 
       Image (0x559723be1f70)
         RTTI typeinfo:   itk::Image<itk::Vector<float, 1u>, 3u>
         Reference Count: 1
         Modified Time: 343560
         Debug: Off
         Object Name: 
         Observers: 
           none
         Source: (none)
         Source output name: (none)
         Release Data: Off
         Data Released: False
         Global Release Data: Off
         PipelineMTime: 0
         UpdateMTime: 0
         RealTimeStamp: 0 seconds 
         LargestPossibleRegion: 
           Dimension: 3
           Index: [0, 0, 0]
           Size: [11, 19, 19]
         BufferedRegion: 
           Dimension: 3
           Index: [0, 0, 0]
           Size: [11, 19, 19]
         RequestedRegion: 
           Dimension: 3
           Index: [0, 0, 0]
           Size: [11, 19, 19]
         Spacing: [24.75, 24.875, 24.875]
         Origin: [25.6434, 24.7714, -24.06]
         Direction: 
-0.999323 0.000206296 -0.0367971
-0.00037302 -0.99999 0.00452411
-0.0367958 0.00453477 0.999313

         IndexToPointMatrix: 
-24.7332 0.00513161 -0.915327
-0.00923225 -24.8747 0.112537
-0.910695 0.112802 24.8579

         PointToIndexMatrix: 
-0.0403767 -1.50715e-05 -0.0014867
8.2933e-06 -0.0402006 0.000182302
-0.00147928 0.000181874 0.0401734

         Inverse Direction: 
-0.999323 -0.00037302 -0.0367958
0.000206296 -0.99999 0.00453477
-0.0367971 0.00452411 0.999313

         PixelContainer: 
           ImportImageContainer (0x55972a309500)
             RTTI typeinfo:   itk::ImportImageContainer<unsigned long, itk::Vector<float, 1u> >
             Reference Count: 1
             Modified Time: 343561
             Debug: Off
             Object Name: 
             Observers: 
               none
             Pointer: 0x55972727b5b0
             Container manages memory: true
             Size: 3971
             Capacity: 3971
Elapsed time: 317.724
All_Command_lines_OK
Using single precision for computations.
=============================================================================
The composite transform comprises the following transforms (in order): 
  1. Center of mass alignment using fixed image: /home/mpib/nemecz/Projects/miniTRK/Results/01_MRI/GroupTempl/T1w/T_template0.nii.gz and moving image: /home/mpib/nemecz/Projects/miniTRK/Analysis/01_MRI/Preproc/GroupTempl/T1w/sub-676955_T1w.nii.gz (type = Euler3DTransform)
=============================================================================
  number of levels = 4
  number of levels = 4
  number of levels = 4
  fixed image: /home/mpib/nemecz/Projects/miniTRK/Results/01_MRI/GroupTempl/T1w/T_template0.nii.gz
  moving image: /home/mpib/nemecz/Projects/miniTRK/Results/01_MRI/GroupTempl/T1w/T_template0sub-676955_T1wRepaired.nii.gz
  fixed image: /home/mpib/nemecz/Projects/miniTRK/Results/01_MRI/GroupTempl/T1w/T_template0.nii.gz
  moving image: /home/mpib/nemecz/Projects/miniTRK/Results/01_MRI/GroupTempl/T1w/T_template0sub-676955_T1wRepaired.nii.gz
  fixed image: /home/mpib/nemecz/Projects/miniTRK/Results/01_MRI/GroupTempl/T1w/T_template0.nii.gz
  moving image: /home/mpib/nemecz/Projects/miniTRK/Results/01_MRI/GroupTempl/T1w/T_template0sub-676955_T1wRepaired.nii.gz
Dimension = 3
Number of stages = 3
Use Histogram Matching true
Winsorize image intensities true
Lower quantile = 0.01
Upper quantile = 0.99
Stage 1 State
   Image metric = Mattes
     Fixed image = Image (0x5609e6a35ad0)
  RTTI typeinfo:   itk::Image<float, 3u>
  Reference Count: 2
  Modified Time: 1721
  Debug: Off
  Object Name: 
  Observers: 
    none
  Source: (none)
  Source output name: (none)
  Release Data: Off
  Data Released: False
  Global Release Data: Off
  PipelineMTime: 0
  UpdateMTime: 1506
  RealTimeStamp: 0 seconds 
  LargestPossibleRegion: 
    Dimension: 3
    Index: [0, 0, 0]
    Size: [192, 256, 256]
  BufferedRegion: 
    Dimension: 3
    Index: [0, 0, 0]
    Size: [192, 256, 256]
  RequestedRegion: 
    Dimension: 3
    Index: [0, 0, 0]
    Size: [192, 256, 256]
  Spacing: [1, 1, 1]
  Origin: [95.0313, 100.538, -154.123]
  Direction: 
-0.999853 -0.014134 -0.00966312
0.014129 -0.9999 0.000586045
-0.00967044 0.000449429 0.999953

  IndexToPointMatrix: 
-0.999853 -0.014134 -0.00966312
0.014129 -0.9999 0.000586045
-0.00967044 0.000449429 0.999953

  PointToIndexMatrix: 
-0.999853 0.014129 -0.00967044
-0.014134 -0.9999 0.000449429
-0.00966312 0.000586045 0.999953

  Inverse Direction: 
-0.999853 0.014129 -0.00967044
-0.014134 -0.9999 0.000449429
-0.00966312 0.000586045 0.999953

  PixelContainer: 
    ImportImageContainer (0x5609e6a3dc80)
      RTTI typeinfo:   itk::ImportImageContainer<unsigned long, float>
      Reference Count: 1
      Modified Time: 1503
      Debug: Off
      Object Name: 
      Observers: 
        none
      Pointer: 0x7fa7c9616010
      Container manages memory: true
      Size: 12582912
      Capacity: 12582912

     Moving image = Image (0x5609e6a41e40)
  RTTI typeinfo:   itk::Image<float, 3u>
  Reference Count: 2
  Modified Time: 1722
  Debug: Off
  Object Name: 
  Observers: 
    none
  Source: (none)
  Source output name: (none)
  Release Data: Off
  Data Released: False
  Global Release Data: Off
  PipelineMTime: 0
  UpdateMTime: 1719
  RealTimeStamp: 0 seconds 
  LargestPossibleRegion: 
    Dimension: 3
    Index: [0, 0, 0]
    Size: [192, 256, 256]
  BufferedRegion: 
    Dimension: 3
    Index: [0, 0, 0]
    Size: [192, 256, 256]
  RequestedRegion: 
    Dimension: 3
    Index: [0, 0, 0]
    Size: [192, 256, 256]
  Spacing: [1, 1, 1]
  Origin: [102.732, 102.596, -144.076]
  Direction: 
-0.999323 0.000206296 -0.0367971
-0.00037302 -0.99999 0.00452411
-0.0367958 0.00453477 0.999313

  IndexToPointMatrix: 
-0.999323 0.000206296 -0.0367971
-0.00037302 -0.99999 0.00452411
-0.0367958 0.00453477 0.999313

  PointToIndexMatrix: 
-0.999323 -0.00037302 -0.0367958
0.000206296 -0.99999 0.00453477
-0.0367971 0.00452411 0.999313

  Inverse Direction: 
-0.999323 -0.00037302 -0.0367958
0.000206296 -0.99999 0.00453477
-0.0367971 0.00452411 0.999313

  PixelContainer: 
    ImportImageContainer (0x5609e6a392d0)
      RTTI typeinfo:   itk::ImportImageContainer<unsigned long, float>
      Reference Count: 1
      Modified Time: 1716
      Debug: Off
      Object Name: 
      Observers: 
        none
      Pointer: 0x7fa7c6615010
      Container manages memory: true
      Size: 12582912
      Capacity: 12582912

     Weighting = 1
     Sampling strategy = regular
     Number of bins = 32
     Radius = 4
     Sampling percentage  = 0.25
   Transform = Rigid
     Gradient step = 0.1
     Update field sigma (voxel space) = 0
     Total field sigma (voxel space) = 0
     Update field time sigma = 0
     Total field time sigma  = 0
     Number of time indices = 0
     Number of time point samples = 0
Stage 2 State
   Image metric = Mattes
     Fixed image = Image (0x5609e6a4e8d0)
  RTTI typeinfo:   itk::Image<float, 3u>
  Reference Count: 2
  Modified Time: 2149
  Debug: Off
  Object Name: 
  Observers: 
    none
  Source: (none)
  Source output name: (none)
  Release Data: Off
  Data Released: False
  Global Release Data: Off
  PipelineMTime: 0
  UpdateMTime: 1934
  RealTimeStamp: 0 seconds 
  LargestPossibleRegion: 
    Dimension: 3
    Index: [0, 0, 0]
    Size: [192, 256, 256]
  BufferedRegion: 
    Dimension: 3
    Index: [0, 0, 0]
    Size: [192, 256, 256]
  RequestedRegion: 
    Dimension: 3
    Index: [0, 0, 0]
    Size: [192, 256, 256]
  Spacing: [1, 1, 1]
  Origin: [95.0313, 100.538, -154.123]
  Direction: 
-0.999853 -0.014134 -0.00966312
0.014129 -0.9999 0.000586045
-0.00967044 0.000449429 0.999953

  IndexToPointMatrix: 
-0.999853 -0.014134 -0.00966312
0.014129 -0.9999 0.000586045
-0.00967044 0.000449429 0.999953

  PointToIndexMatrix: 
-0.999853 0.014129 -0.00967044
-0.014134 -0.9999 0.000449429
-0.00966312 0.000586045 0.999953

  Inverse Direction: 
-0.999853 0.014129 -0.00967044
-0.014134 -0.9999 0.000449429
-0.00966312 0.000586045 0.999953

  PixelContainer: 
    ImportImageContainer (0x5609e6a3e6a0)
      RTTI typeinfo:   itk::ImportImageContainer<unsigned long, float>
      Reference Count: 1
      Modified Time: 1931
      Debug: Off
      Object Name: 
      Observers: 
        none
      Pointer: 0x7fa7c3614010
      Container manages memory: true
      Size: 12582912
      Capacity: 12582912

     Moving image = Image (0x5609e6a4e530)
  RTTI typeinfo:   itk::Image<float, 3u>
  Reference Count: 2
  Modified Time: 2150
  Debug: Off
  Object Name: 
  Observers: 
    none
  Source: (none)
  Source output name: (none)
  Release Data: Off
  Data Released: False
  Global Release Data: Off
  PipelineMTime: 0
  UpdateMTime: 2147
  RealTimeStamp: 0 seconds 
  LargestPossibleRegion: 
    Dimension: 3
    Index: [0, 0, 0]
    Size: [192, 256, 256]
  BufferedRegion: 
    Dimension: 3
    Index: [0, 0, 0]
    Size: [192, 256, 256]
  RequestedRegion: 
    Dimension: 3
    Index: [0, 0, 0]
    Size: [192, 256, 256]
  Spacing: [1, 1, 1]
  Origin: [102.732, 102.596, -144.076]
  Direction: 
-0.999323 0.000206296 -0.0367971
-0.00037302 -0.99999 0.00452411
-0.0367958 0.00453477 0.999313

  IndexToPointMatrix: 
-0.999323 0.000206296 -0.0367971
-0.00037302 -0.99999 0.00452411
-0.0367958 0.00453477 0.999313

  PointToIndexMatrix: 
-0.999323 -0.00037302 -0.0367958
0.000206296 -0.99999 0.00453477
-0.0367971 0.00452411 0.999313

  Inverse Direction: 
-0.999323 -0.00037302 -0.0367958
0.000206296 -0.99999 0.00453477
-0.0367971 0.00452411 0.999313

  PixelContainer: 
    ImportImageContainer (0x5609e6a4f8a0)
      RTTI typeinfo:   itk::ImportImageContainer<unsigned long, float>
      Reference Count: 1
      Modified Time: 2144
      Debug: Off
      Object Name: 
      Observers: 
        none
      Pointer: 0x7fa7c0613010
      Container manages memory: true
      Size: 12582912
      Capacity: 12582912

     Weighting = 1
     Sampling strategy = regular
     Number of bins = 32
     Radius = 4
     Sampling percentage  = 0.25
   Transform = Affine
     Gradient step = 0.1
     Update field sigma (voxel space) = 0
     Total field sigma (voxel space) = 0
     Update field time sigma = 0
     Total field time sigma  = 0
     Number of time indices = 0
     Number of time point samples = 0
Stage 3 State
   Image metric = CC
     Fixed image = Image (0x5609e6a55a00)
  RTTI typeinfo:   itk::Image<float, 3u>
  Reference Count: 2
  Modified Time: 2577
  Debug: Off
  Object Name: 
  Observers: 
    none
  Source: (none)
  Source output name: (none)
  Release Data: Off
  Data Released: False
  Global Release Data: Off
  PipelineMTime: 0
  UpdateMTime: 2362
  RealTimeStamp: 0 seconds 
  LargestPossibleRegion: 
    Dimension: 3
    Index: [0, 0, 0]
    Size: [192, 256, 256]
  BufferedRegion: 
    Dimension: 3
    Index: [0, 0, 0]
    Size: [192, 256, 256]
  RequestedRegion: 
    Dimension: 3
    Index: [0, 0, 0]
    Size: [192, 256, 256]
  Spacing: [1, 1, 1]
  Origin: [95.0313, 100.538, -154.123]
  Direction: 
-0.999853 -0.014134 -0.00966312
0.014129 -0.9999 0.000586045
-0.00967044 0.000449429 0.999953

  IndexToPointMatrix: 
-0.999853 -0.014134 -0.00966312
0.014129 -0.9999 0.000586045
-0.00967044 0.000449429 0.999953

  PointToIndexMatrix: 
-0.999853 0.014129 -0.00967044
-0.014134 -0.9999 0.000449429
-0.00966312 0.000586045 0.999953

  Inverse Direction: 
-0.999853 0.014129 -0.00967044
-0.014134 -0.9999 0.000449429
-0.00966312 0.000586045 0.999953

  PixelContainer: 
    ImportImageContainer (0x5609e6a37b50)
      RTTI typeinfo:   itk::ImportImageContainer<unsigned long, float>
      Reference Count: 1
      Modified Time: 2359
      Debug: Off
      Object Name: 
      Observers: 
        none
      Pointer: 0x7fa7bd612010
      Container manages memory: true
      Size: 12582912
      Capacity: 12582912

     Moving image = Image (0x5609e6a52d50)
  RTTI typeinfo:   itk::Image<float, 3u>
  Reference Count: 2
  Modified Time: 2578
  Debug: Off
  Object Name: 
  Observers: 
    none
  Source: (none)
  Source output name: (none)
  Release Data: Off
  Data Released: False
  Global Release Data: Off
  PipelineMTime: 0
  UpdateMTime: 2575
  RealTimeStamp: 0 seconds 
  LargestPossibleRegion: 
    Dimension: 3
    Index: [0, 0, 0]
    Size: [192, 256, 256]
  BufferedRegion: 
    Dimension: 3
    Index: [0, 0, 0]
    Size: [192, 256, 256]
  RequestedRegion: 
    Dimension: 3
    Index: [0, 0, 0]
    Size: [192, 256, 256]
  Spacing: [1, 1, 1]
  Origin: [102.732, 102.596, -144.076]
  Direction: 
-0.999323 0.000206296 -0.0367971
-0.00037302 -0.99999 0.00452411
-0.0367958 0.00453477 0.999313

  IndexToPointMatrix: 
-0.999323 0.000206296 -0.0367971
-0.00037302 -0.99999 0.00452411
-0.0367958 0.00453477 0.999313

  PointToIndexMatrix: 
-0.999323 -0.00037302 -0.0367958
0.000206296 -0.99999 0.00453477
-0.0367971 0.00452411 0.999313

  Inverse Direction: 
-0.999323 -0.00037302 -0.0367958
0.000206296 -0.99999 0.00453477
-0.0367971 0.00452411 0.999313

  PixelContainer: 
    ImportImageContainer (0x5609e6a51b00)
      RTTI typeinfo:   itk::ImportImageContainer<unsigned long, float>
      Reference Count: 1
      Modified Time: 2572
      Debug: Off
      Object Name: 
      Observers: 
        none
      Pointer: 0x7fa7ba611010
      Container manages memory: true
      Size: 12582912
      Capacity: 12582912

     Weighting = 1
     Sampling strategy = none
     Number of bins = 32
     Radius = 4
     Sampling percentage  = 1
   Transform = SyN
     Gradient step = 0.1
     Update field sigma (voxel space) = 3
     Total field sigma (voxel space) = 0
     Update field time sigma = 0
     Total field time sigma  = 0
     Number of time indices = 0
     Number of time point samples = 0
Registration using 3 total stages.

Stage 0
  iterations = 1000x500x250x0
  convergence threshold = 1e-06
  convergence window size = 10
  number of levels = 4
  using the Mattes MI metric (number of bins = 32, weight = 1)
  preprocessing:  winsorizing the image intensities
  preprocessing:  histogram matching the images
  Shrink factors (level 1 out of 4): [6, 6, 6]
  Shrink factors (level 2 out of 4): [4, 4, 4]
  Shrink factors (level 3 out of 4): [2, 2, 2]
  Shrink factors (level 4 out of 4): [1, 1, 1]
  smoothing sigmas per level: [4, 2, 1, 0]
  regular sampling (percentage = 0.25)

*** Running Euler3DTransform registration ***

DIAGNOSTIC,Iteration,metricValue,convergenceValue,ITERATION_TIME_INDEX,SINCE_LAST
 2DIAGNOSTIC,     1, -7.581716179848e-01, inf, 6.5301e-01, 6.5301e-01, 
 2DIAGNOSTIC,     2, -7.602283358574e-01, inf, 6.6308e-01, 1.0072e-02, 
 2DIAGNOSTIC,     3, -7.633185386658e-01, inf, 6.7256e-01, 9.4781e-03, 
 2DIAGNOSTIC,     4, -7.675281763077e-01, inf, 6.8390e-01, 1.1335e-02, 
 2DIAGNOSTIC,     5, -7.728475332260e-01, inf, 6.9251e-01, 8.6122e-03, 
 2DIAGNOSTIC,     6, -7.790911793709e-01, inf, 7.0158e-01, 9.0749e-03, 
 2DIAGNOSTIC,     7, -7.842347621918e-01, inf, 7.1028e-01, 8.6951e-03, 
 2DIAGNOSTIC,     8, -7.887085080147e-01, inf, 7.1930e-01, 9.0230e-03, 
 2DIAGNOSTIC,     9, -7.958564758301e-01, inf, 7.2952e-01, 1.0218e-02, 
 2DIAGNOSTIC,    10, -8.155932426453e-01, 4.208629019558e-03, 7.4376e-01, 1.4238e-02, 
 2DIAGNOSTIC,    11, -8.176650404930e-01, 4.338671453297e-03, 7.5321e-01, 9.4550e-03, 
 2DIAGNOSTIC,    12, -8.177317380905e-01, 4.129422828555e-03, 7.6271e-01, 9.4960e-03, 
 2DIAGNOSTIC,    13, -8.177209496498e-01, 3.675114596263e-03, 7.7123e-01, 8.5161e-03, 
 2DIAGNOSTIC,    14, -8.178065419197e-01, 3.061352530494e-03, 7.7972e-01, 8.4970e-03, 
 2DIAGNOSTIC,    15, -8.178248405457e-01, 2.371388487518e-03, 7.8773e-01, 8.0059e-03, 
 2DIAGNOSTIC,    16, -8.179146647453e-01, 1.693413127214e-03, 7.9589e-01, 8.1649e-03, 
 2DIAGNOSTIC,    17, -8.179970979691e-01, 1.057714689523e-03, 8.0641e-01, 1.0512e-02, 
 2DIAGNOSTIC,    18, -8.180891871452e-01, 4.890842246823e-04, 8.1923e-01, 1.2828e-02, 
 2DIAGNOSTIC,    19, -8.181038498878e-01, 6.102930274210e-05, 8.2764e-01, 8.4090e-03, 
 2DIAGNOSTIC,    20, -8.181059360504e-01, 2.171706910303e-05, 8.3608e-01, 8.4341e-03, 
 2DIAGNOSTIC,    21, -8.181108236313e-01, 1.952110324055e-05, 8.4455e-01, 8.4751e-03, 
 2DIAGNOSTIC,    22, -8.181443214417e-01, 1.746604357322e-05, 8.5342e-01, 8.8730e-03, 
 2DIAGNOSTIC,    23, -8.181486129761e-01, 1.394412902300e-05, 8.6450e-01, 1.1079e-02, 
 2DIAGNOSTIC,    24, -8.181501626968e-01, 1.086016800400e-05, 8.7237e-01, 7.8630e-03, 
 2DIAGNOSTIC,    25, -8.181525468826e-01, 7.434070994350e-06, 8.8115e-01, 8.7831e-03, 
 2DIAGNOSTIC,    26, -8.181525468826e-01, 4.906400135951e-06, 8.9027e-01, 9.1250e-03, 
 2DIAGNOSTIC,    27, -8.181536197662e-01, 3.280079909018e-06, 9.0292e-01, 1.2649e-02, 
 2DIAGNOSTIC,    28, -8.181536197662e-01, 2.732164148256e-06, 9.1375e-01, 1.0823e-02, 
 2DIAGNOSTIC,    29, -8.181563019753e-01, 2.291429154866e-06, 9.2298e-01, 9.2380e-03, 
 2DIAGNOSTIC,    30, -8.181551694870e-01, 1.783363813956e-06, 9.3254e-01, 9.5539e-03, 
 2DIAGNOSTIC,    31, -8.181573152542e-01, 1.312449626312e-06, 9.4210e-01, 9.5580e-03, 
 2DIAGNOSTIC,    32, -8.181570768356e-01, 1.211224116560e-06, 9.5189e-01, 9.7890e-03, 
 2DIAGNOSTIC,    33, -8.181568384171e-01, 1.140232370744e-06, 9.6438e-01, 1.2496e-02, 
 2DIAGNOSTIC,    34, -8.181574940681e-01, 1.080429569811e-06, 9.7463e-01, 1.0252e-02, 
 2DIAGNOSTIC,    35, -8.181569576263e-01, 1.030108251143e-06, 9.8493e-01, 1.0292e-02, 
DIAGNOSTIC,Iteration,metricValue,convergenceValue,ITERATION_TIME_INDEX,SINCE_LAST
 2DIAGNOSTIC,     1, -6.317665576935e-01, inf, 1.5460e+00, 5.6105e-01, 
 2DIAGNOSTIC,     2, -6.323704719543e-01, inf, 1.5799e+00, 3.3947e-02, 
 2DIAGNOSTIC,     3, -6.332207322121e-01, inf, 1.6143e+00, 3.4416e-02, 
 2DIAGNOSTIC,     4, -6.342182755470e-01, inf, 1.6466e+00, 3.2309e-02, 
 2DIAGNOSTIC,     5, -6.352099776268e-01, inf, 1.6788e+00, 3.2112e-02, 
 2DIAGNOSTIC,     6, -6.357897520065e-01, inf, 1.7141e+00, 3.5330e-02, 
 2DIAGNOSTIC,     7, -6.371571421623e-01, inf, 1.7565e+00, 4.2390e-02, 
 2DIAGNOSTIC,     8, -6.376412510872e-01, inf, 1.8019e+00, 4.5406e-02, 
 2DIAGNOSTIC,     9, -6.377086639404e-01, inf, 1.8463e+00, 4.4389e-02, 
 2DIAGNOSTIC,    10, -6.377037167549e-01, 6.819510599598e-04, 1.8845e+00, 3.8273e-02, 
 2DIAGNOSTIC,    11, -6.377076506615e-01, 5.340818897821e-04, 1.9229e+00, 3.8355e-02, 
 2DIAGNOSTIC,    12, -6.377095580101e-01, 3.850620705634e-04, 1.9628e+00, 3.9915e-02, 
 2DIAGNOSTIC,    13, -6.377014517784e-01, 2.527565229684e-04, 2.0035e+00, 4.0664e-02, 
 2DIAGNOSTIC,    14, -6.376905441284e-01, 1.481113140471e-04, 2.0435e+00, 4.0014e-02, 
 2DIAGNOSTIC,    15, -6.376889348030e-01, 7.386789366137e-05, 2.0792e+00, 3.5717e-02, 
 2DIAGNOSTIC,    16, -6.376915574074e-01, 1.770137896528e-05, 2.1171e+00, 3.7922e-02, 
 2DIAGNOSTIC,    17, -6.376956105232e-01, 2.393285512881e-06, 2.1550e+00, 3.7904e-02, 
 2DIAGNOSTIC,    18, -6.377083063126e-01, 1.022375954562e-06, 2.1891e+00, 3.4033e-02, 
 2DIAGNOSTIC,    19, -6.377127170563e-01, 1.557531845719e-06, 2.2234e+00, 3.4343e-02, 
 2DIAGNOSTIC,    20, -6.377228498459e-01, 2.164403440474e-06, 2.2633e+00, 3.9842e-02, 
 2DIAGNOSTIC,    21, -6.377339959145e-01, 2.972011088787e-06, 2.2969e+00, 3.3632e-02, 
 2DIAGNOSTIC,    22, -6.377449631691e-01, 3.827957698377e-06, 2.3372e+00, 4.0287e-02, 
 2DIAGNOSTIC,    23, -6.377616524696e-01, 4.554780389299e-06, 2.3714e+00, 3.4219e-02, 
 2DIAGNOSTIC,    24, -6.377845406532e-01, 5.143315320311e-06, 2.4101e+00, 3.8708e-02, 
 2DIAGNOSTIC,    25, -6.377875804901e-01, 5.346173111320e-06, 2.4578e+00, 4.7666e-02, 
 2DIAGNOSTIC,    26, -6.377885341644e-01, 5.217044417805e-06, 2.5028e+00, 4.4986e-02, 
 2DIAGNOSTIC,    27, -6.377878189087e-01, 4.775829438586e-06, 2.5394e+00, 3.6630e-02, 
 2DIAGNOSTIC,    28, -6.377801895142e-01, 4.105388597964e-06, 2.5773e+00, 3.7941e-02, 
 2DIAGNOSTIC,    29, -6.377837657928e-01, 3.320621999592e-06, 2.6183e+00, 4.0980e-02, 
 2DIAGNOSTIC,    30, -6.377805471420e-01, 2.477084990460e-06, 2.6582e+00, 3.9877e-02, 
 2DIAGNOSTIC,    31, -6.377850770950e-01, 1.783247967069e-06, 2.6983e+00, 4.0068e-02, 
 2DIAGNOSTIC,    32, -6.377875804901e-01, 1.245894054591e-06, 2.7387e+00, 4.0415e-02, 
DIAGNOSTIC,Iteration,metricValue,convergenceValue,ITERATION_TIME_INDEX,SINCE_LAST
 2DIAGNOSTIC,     1, -5.642655491829e-01, inf, 3.7496e+00, 1.0109e+00, 
 2DIAGNOSTIC,     2, -5.646574497223e-01, inf, 3.9705e+00, 2.2092e-01, 
 2DIAGNOSTIC,     3, -5.650503635406e-01, inf, 4.1869e+00, 2.1638e-01, 
 2DIAGNOSTIC,     4, -5.653644800186e-01, inf, 4.3964e+00, 2.0953e-01, 
 2DIAGNOSTIC,     5, -5.655182600021e-01, inf, 4.6691e+00, 2.7272e-01, 
 2DIAGNOSTIC,     6, -5.655237436295e-01, inf, 4.9227e+00, 2.5354e-01, 
 2DIAGNOSTIC,     7, -5.655285716057e-01, inf, 5.2267e+00, 3.0399e-01, 
 2DIAGNOSTIC,     8, -5.655281543732e-01, inf, 5.4474e+00, 2.2077e-01, 
 2DIAGNOSTIC,     9, -5.655271410942e-01, inf, 5.6959e+00, 2.4850e-01, 
 2DIAGNOSTIC,    10, -5.655257701874e-01, 1.255120732822e-04, 5.9765e+00, 2.8059e-01, 
 2DIAGNOSTIC,    11, -5.655258893967e-01, 6.703743565595e-05, 6.2197e+00, 2.4320e-01, 
 2DIAGNOSTIC,    12, -5.655249953270e-01, 2.872926597774e-05, 6.5229e+00, 3.0314e-01, 
 2DIAGNOSTIC,    13, -5.655242800713e-01, 8.856563908921e-06, 6.7710e+00, 2.4817e-01, 
 2DIAGNOSTIC,    14, -5.655233860016e-01, 2.337547584830e-06, 7.0540e+00, 2.8302e-01, 
 2DIAGNOSTIC,    15, -5.655226111412e-01, 1.807495209505e-06, 7.2989e+00, 2.4484e-01, 
 2DIAGNOSTIC,    16, -5.655228495598e-01, 1.547452143313e-06, 7.6475e+00, 3.4863e-01, 
 2DIAGNOSTIC,    17, -5.655221939087e-01, 1.480949663346e-06, 7.9560e+00, 3.0846e-01, 
 2DIAGNOSTIC,    18, -5.655222535133e-01, 1.449128490094e-06, 8.2066e+00, 2.5066e-01, 
 2DIAGNOSTIC,    19, -5.655220150948e-01, 1.418149849997e-06, 8.4522e+00, 2.4560e-01, 
 2DIAGNOSTIC,    20, -5.655217170715e-01, 1.371817006657e-06, 8.7045e+00, 2.5229e-01, 
 2DIAGNOSTIC,    21, -5.655215978622e-01, 1.350554498458e-06, 8.9254e+00, 2.2091e-01, 
 2DIAGNOSTIC,    22, -5.655218362808e-01, 1.331675548499e-06, 9.2982e+00, 3.7272e-01, 
 2DIAGNOSTIC,    23, -5.655218362808e-01, 1.309730009780e-06, 9.5435e+00, 2.4536e-01, 
 2DIAGNOSTIC,    24, -5.655217170715e-01, 1.275714453186e-06, 9.7948e+00, 2.5129e-01, 
 2DIAGNOSTIC,    25, -5.655215978622e-01, 1.231133865076e-06, 1.0046e+01, 2.5074e-01, 
 2DIAGNOSTIC,    26, -5.655217766762e-01, 1.202336761708e-06, 1.0294e+01, 2.4802e-01, 
 2DIAGNOSTIC,    27, -5.655215382576e-01, 1.160638930742e-06, 1.0517e+01, 2.2365e-01, 
 2DIAGNOSTIC,    28, -5.655215978622e-01, 1.125872586272e-06, 1.0762e+01, 2.4523e-01, 
 2DIAGNOSTIC,    29, -5.655215978622e-01, 1.090557589123e-06, 1.1009e+01, 2.4605e-01, 
 2DIAGNOSTIC,    30, -5.655214786530e-01, 1.051305275723e-06, 1.1256e+01, 2.4715e-01, 
 2DIAGNOSTIC,    31, -5.655215382576e-01, 1.014391273202e-06, 1.1504e+01, 2.4853e-01, 
DIAGNOSTIC,Iteration,metricValue,convergenceValue,ITERATION_TIME_INDEX,SINCE_LAST
 2DIAGNOSTIC,     1, -5.247158408165e-01, inf, 1.4117e+01, 2.6130e+00, 
  Elapsed time (stage 0): 1.5165e+01


Stage 1
  iterations = 1000x500x250x0
  convergence threshold = 1.0000e-06
  convergence window size = 10
  number of levels = 4
  using the Mattes MI metric (number of bins = 32, weight = 1.0000e+00)
  preprocessing:  winsorizing the image intensities
  preprocessing:  histogram matching the images
  Shrink factors (level 1 out of 4): [6, 6, 6]
  Shrink factors (level 2 out of 4): [4, 4, 4]
  Shrink factors (level 3 out of 4): [2, 2, 2]
  Shrink factors (level 4 out of 4): [1, 1, 1]
  smoothing sigmas per level: [4, 2, 1, 0]
  regular sampling (percentage = 2.5000e-01)

*** Running AffineTransform registration ***

DIAGNOSTIC,Iteration,metricValue,convergenceValue,ITERATION_TIME_INDEX,SINCE_LAST
 2DIAGNOSTIC,     1, -8.124034404755e-01, inf, 6.2722e-01, 6.2722e-01, 
 2DIAGNOSTIC,     2, -8.152898550034e-01, inf, 6.3642e-01, 9.1970e-03, 
 2DIAGNOSTIC,     3, -8.199920654297e-01, inf, 6.4522e-01, 8.8029e-03, 
 2DIAGNOSTIC,     4, -8.284446597099e-01, inf, 6.5371e-01, 8.4891e-03, 
 2DIAGNOSTIC,     5, -8.433076739311e-01, inf, 6.6230e-01, 8.5959e-03, 
 2DIAGNOSTIC,     6, -8.720072507858e-01, inf, 6.7146e-01, 9.1560e-03, 
 2DIAGNOSTIC,     7, -9.354892969131e-01, inf, 6.8076e-01, 9.3021e-03, 
 2DIAGNOSTIC,     8, -1.006682991982e+00, inf, 6.9393e-01, 1.3162e-02, 
 2DIAGNOSTIC,     9, -1.025821566582e+00, inf, 7.0336e-01, 9.4299e-03, 
 2DIAGNOSTIC,    10, -1.041093468666e+00, 1.889913529158e-02, 7.1527e-01, 1.1914e-02, 
 2DIAGNOSTIC,    11, -1.047609806061e+00, 1.841114088893e-02, 7.2559e-01, 1.0325e-02, 
 2DIAGNOSTIC,    12, -1.049229860306e+00, 1.647398434579e-02, 7.3529e-01, 9.6960e-03, 
 2DIAGNOSTIC,    13, -1.050200581551e+00, 1.351189147681e-02, 7.4711e-01, 1.1821e-02, 
 2DIAGNOSTIC,    14, -1.050811886787e+00, 1.000840775669e-02, 7.5615e-01, 9.0339e-03, 
 2DIAGNOSTIC,    15, -1.051148414612e+00, 6.433479487896e-03, 7.6549e-01, 9.3470e-03, 
 2DIAGNOSTIC,    16, -1.051842570305e+00, 3.294690279290e-03, 7.7910e-01, 1.3609e-02, 
 2DIAGNOSTIC,    17, -1.052382349968e+00, 1.342743402347e-03, 7.8946e-01, 1.0364e-02, 
 2DIAGNOSTIC,    18, -1.052955150604e+00, 6.707587162964e-04, 8.0001e-01, 1.0545e-02, 
 2DIAGNOSTIC,    19, -1.053081512451e+00, 3.050116356462e-04, 8.1013e-01, 1.0118e-02, 
 2DIAGNOSTIC,    20, -1.053292989731e+00, 1.740179577610e-04, 8.2077e-01, 1.0638e-02, 
 2DIAGNOSTIC,    21, -1.053418397903e+00, 1.317504065810e-04, 8.3344e-01, 1.2679e-02, 
 2DIAGNOSTIC,    22, -1.053426504135e+00, 1.025316014420e-04, 8.4285e-01, 9.4020e-03, 
 2DIAGNOSTIC,    23, -1.053457498550e+00, 7.904536323622e-05, 8.5221e-01, 9.3589e-03, 
 2DIAGNOSTIC,    24, -1.053470253944e+00, 5.791376315756e-05, 8.6116e-01, 8.9571e-03, 
 2DIAGNOSTIC,    25, -1.053478956223e+00, 3.714993363246e-05, 8.7124e-01, 1.0081e-02, 
 2DIAGNOSTIC,    26, -1.053484439850e+00, 2.231837061117e-05, 8.8137e-01, 1.0125e-02, 
 2DIAGNOSTIC,    27, -1.053490161896e+00, 1.231250553246e-05, 8.9333e-01, 1.1960e-02, 
 2DIAGNOSTIC,    28, -1.053492188454e+00, 7.870833542256e-06, 9.0430e-01, 1.0969e-02, 
 2DIAGNOSTIC,    29, -1.053493976593e+00, 4.333312517701e-06, 9.1469e-01, 1.0393e-02, 
 2DIAGNOSTIC,    30, -1.053494930267e+00, 2.723513944147e-06, 9.2408e-01, 9.3861e-03, 
 2DIAGNOSTIC,    31, -1.053496479988e+00, 2.233060286017e-06, 9.3345e-01, 9.3720e-03, 
 2DIAGNOSTIC,    32, -1.053499460220e+00, 1.757027803251e-06, 9.4323e-01, 9.7771e-03, 
 2DIAGNOSTIC,    33, -1.053503036499e+00, 1.536926333756e-06, 9.5335e-01, 1.0126e-02, 
 2DIAGNOSTIC,    34, -1.053507447243e+00, 1.421286015102e-06, 9.6530e-01, 1.1946e-02, 
 2DIAGNOSTIC,    35, -1.053508758545e+00, 1.350123397970e-06, 9.7931e-01, 1.4017e-02, 
 2DIAGNOSTIC,    36, -1.053509116173e+00, 1.290019440603e-06, 9.8981e-01, 1.0496e-02, 
 2DIAGNOSTIC,    37, -1.053509950638e+00, 1.247957243322e-06, 1.0008e+00, 1.0951e-02, 
 2DIAGNOSTIC,    38, -1.053510069847e+00, 1.189773115584e-06, 1.0130e+00, 1.2191e-02, 
 2DIAGNOSTIC,    39, -1.053510069847e+00, 1.116905764320e-06, 1.0244e+00, 1.1472e-02, 
 2DIAGNOSTIC,    40, -1.053510308266e+00, 1.030702151184e-06, 1.0354e+00, 1.1002e-02, 
DIAGNOSTIC,Iteration,metricValue,convergenceValue,ITERATION_TIME_INDEX,SINCE_LAST
 2DIAGNOSTIC,     1, -8.161549568176e-01, inf, 1.5436e+00, 5.0819e-01, 
 2DIAGNOSTIC,     2, -8.175173401833e-01, inf, 1.5844e+00, 4.0736e-02, 
 2DIAGNOSTIC,     3, -8.189101219177e-01, inf, 1.6246e+00, 4.0256e-02, 
 2DIAGNOSTIC,     4, -8.199939727783e-01, inf, 1.6619e+00, 3.7251e-02, 
 2DIAGNOSTIC,     5, -8.209286928177e-01, inf, 1.6992e+00, 3.7357e-02, 
 2DIAGNOSTIC,     6, -8.222702741623e-01, inf, 1.7383e+00, 3.9040e-02, 
 2DIAGNOSTIC,     7, -8.229313492775e-01, inf, 1.7789e+00, 4.0658e-02, 
 2DIAGNOSTIC,     8, -8.238355517387e-01, inf, 1.8241e+00, 4.5153e-02, 
 2DIAGNOSTIC,     9, -8.239325284958e-01, inf, 1.8597e+00, 3.5613e-02, 
 2DIAGNOSTIC,    10, -8.239920139313e-01, 6.433165399358e-04, 1.8956e+00, 3.5880e-02, 
 2DIAGNOSTIC,    11, -8.241053223610e-01, 4.829160461668e-04, 1.9411e+00, 4.5541e-02, 
 2DIAGNOSTIC,    12, -8.241581320763e-01, 3.461724263616e-04, 1.9771e+00, 3.5989e-02, 
 2DIAGNOSTIC,    13, -8.242792487144e-01, 2.393877657596e-04, 2.0210e+00, 4.3911e-02, 
 2DIAGNOSTIC,    14, -8.246164321899e-01, 1.613273343537e-04, 2.0647e+00, 4.3654e-02, 
 2DIAGNOSTIC,    15, -8.247108459473e-01, 1.023324875860e-04, 2.1278e+00, 6.3119e-02, 
 2DIAGNOSTIC,    16, -8.246932625771e-01, 7.002829806879e-05, 2.1685e+00, 4.0773e-02, 
 2DIAGNOSTIC,    17, -8.246889114380e-01, 4.824743155041e-05, 2.2092e+00, 4.0670e-02, 
 2DIAGNOSTIC,    18, -8.246735334396e-01, 4.162714321865e-05, 2.2545e+00, 4.5304e-02, 
 2DIAGNOSTIC,    19, -8.246747851372e-01, 3.369182377355e-05, 2.3016e+00, 4.7070e-02, 
 2DIAGNOSTIC,    20, -8.246579766273e-01, 2.425018647045e-05, 2.3411e+00, 3.9518e-02, 
 2DIAGNOSTIC,    21, -8.246595263481e-01, 1.558132498758e-05, 2.3849e+00, 4.3811e-02, 
 2DIAGNOSTIC,    22, -8.246432542801e-01, 6.995821422606e-06, 2.4282e+00, 4.3252e-02, 
DIAGNOSTIC,Iteration,metricValue,convergenceValue,ITERATION_TIME_INDEX,SINCE_LAST
 2DIAGNOSTIC,     1, -7.238999009132e-01, inf, 3.4568e+00, 1.0287e+00, 
 2DIAGNOSTIC,     2, -7.241709232330e-01, inf, 3.7048e+00, 2.4795e-01, 
 2DIAGNOSTIC,     3, -7.244505882263e-01, inf, 4.0179e+00, 3.1312e-01, 
 2DIAGNOSTIC,     4, -7.246623039246e-01, inf, 4.3048e+00, 2.8687e-01, 
 2DIAGNOSTIC,     5, -7.247364521027e-01, inf, 4.7650e+00, 4.6026e-01, 
 2DIAGNOSTIC,     6, -7.247397303581e-01, inf, 5.0583e+00, 2.9329e-01, 
 2DIAGNOSTIC,     7, -7.247428894043e-01, inf, 5.3534e+00, 2.9509e-01, 
 2DIAGNOSTIC,     8, -7.247469425201e-01, inf, 5.6220e+00, 2.6858e-01, 
 2DIAGNOSTIC,     9, -7.247513532639e-01, inf, 5.9042e+00, 2.8223e-01, 
 2DIAGNOSTIC,    10, -7.247603535652e-01, 6.648059206782e-05, 6.1588e+00, 2.5461e-01, 
 2DIAGNOSTIC,    11, -7.247696518898e-01, 3.631363870227e-05, 6.4543e+00, 2.9544e-01, 
 2DIAGNOSTIC,    12, -7.247734069824e-01, 1.701578185020e-05, 6.7568e+00, 3.0253e-01, 
 2DIAGNOSTIC,    13, -7.247753143311e-01, 7.732888661849e-06, 7.0509e+00, 2.9413e-01, 
 2DIAGNOSTIC,    14, -7.247791886330e-01, 5.279690867610e-06, 7.3209e+00, 2.6996e-01, 
 2DIAGNOSTIC,    15, -7.247830629349e-01, 4.913459179079e-06, 7.6247e+00, 3.0383e-01, 
 2DIAGNOSTIC,    16, -7.247915267944e-01, 4.619683295459e-06, 7.9259e+00, 3.0117e-01, 
 2DIAGNOSTIC,    17, -7.248000502586e-01, 4.384207841213e-06, 8.1818e+00, 2.5589e-01, 
 2DIAGNOSTIC,    18, -7.248170971870e-01, 4.402373633638e-06, 8.4729e+00, 2.9108e-01, 
 2DIAGNOSTIC,    19, -7.248462438583e-01, 4.858469765168e-06, 8.7381e+00, 2.6519e-01, 
 2DIAGNOSTIC,    20, -7.248654365540e-01, 5.510390110430e-06, 9.0942e+00, 3.5610e-01, 
 2DIAGNOSTIC,    21, -7.248697280884e-01, 5.986422365822e-06, 9.3900e+00, 2.9578e-01, 
 2DIAGNOSTIC,    22, -7.248711585999e-01, 6.101239250711e-06, 9.7138e+00, 3.2388e-01, 
 2DIAGNOSTIC,    23, -7.248714566231e-01, 5.807596608065e-06, 1.0014e+01, 2.9980e-01, 
 2DIAGNOSTIC,    24, -7.248697876930e-01, 5.152892299520e-06, 1.0321e+01, 3.0777e-01, 
 2DIAGNOSTIC,    25, -7.248732447624e-01, 4.302482466301e-06, 1.0614e+01, 2.9247e-01, 
 2DIAGNOSTIC,    26, -7.248761653900e-01, 3.406853466004e-06, 1.0903e+01, 2.8955e-01, 
 2DIAGNOSTIC,    27, -7.248784303665e-01, 2.529586026867e-06, 1.1190e+01, 2.8690e-01, 
 2DIAGNOSTIC,    28, -7.248834371567e-01, 1.889247982945e-06, 1.1493e+01, 3.0242e-01, 
 2DIAGNOSTIC,    29, -7.248853445053e-01, 1.634734644540e-06, 1.1789e+01, 2.9628e-01, 
 2DIAGNOSTIC,    30, -7.248888611794e-01, 1.641618837311e-06, 1.2089e+01, 2.9969e-01, 
 2DIAGNOSTIC,    31, -7.248920798302e-01, 1.686392465672e-06, 1.2391e+01, 3.0277e-01, 
 2DIAGNOSTIC,    32, -7.248966097832e-01, 1.738138053042e-06, 1.2648e+01, 2.5655e-01, 
 2DIAGNOSTIC,    33, -7.249034643173e-01, 1.801221856113e-06, 1.2952e+01, 3.0374e-01, 
 2DIAGNOSTIC,    34, -7.249045968056e-01, 1.772854943738e-06, 1.3210e+01, 2.5853e-01, 
 2DIAGNOSTIC,    35, -7.249039411545e-01, 1.698747041701e-06, 1.3481e+01, 2.7100e-01, 
 2DIAGNOSTIC,    36, -7.249140143394e-01, 1.696125764283e-06, 1.3844e+01, 3.6257e-01, 
 2DIAGNOSTIC,    37, -7.249132990837e-01, 1.627935489523e-06, 1.4198e+01, 3.5364e-01, 
 2DIAGNOSTIC,    38, -7.249149084091e-01, 1.558812982694e-06, 1.4499e+01, 3.0115e-01, 
 2DIAGNOSTIC,    39, -7.249161005020e-01, 1.456423888158e-06, 1.4827e+01, 3.2797e-01, 
 2DIAGNOSTIC,    40, -7.249147295952e-01, 1.319256625720e-06, 1.5091e+01, 2.6461e-01, 
 2DIAGNOSTIC,    41, -7.249143123627e-01, 1.164494847217e-06, 1.5390e+01, 2.9841e-01, 
 2DIAGNOSTIC,    42, -7.249153256416e-01, 1.029792883855e-06, 1.5653e+01, 2.6332e-01, 
DIAGNOSTIC,Iteration,metricValue,convergenceValue,ITERATION_TIME_INDEX,SINCE_LAST
 2DIAGNOSTIC,     1, -6.541952490807e-01, inf, 1.8509e+01, 2.8556e+00, 
  Elapsed time (stage 1): 1.9581e+01


Stage 2
  iterations = 100x100x70x20
  convergence threshold = 1.0000e-09
  convergence window size = 10
  number of levels = 4
  using the CC metric (radius = 4, weight = 1.0000e+00)
  preprocessing:  winsorizing the image intensities
  preprocessing:  histogram matching the images
  Shrink factors (level 1 out of 4): [6, 6, 6]
  Shrink factors (level 2 out of 4): [4, 4, 4]
  Shrink factors (level 3 out of 4): [2, 2, 2]
  Shrink factors (level 4 out of 4): [1, 1, 1]
  smoothing sigmas per level: [3, 2, 1, 0]
  Using default NONE metricSamplingStrategy 

*** Running SyN registration (varianceForUpdateField = 3.0000e+00, varianceForTotalField = 0.0000e+00) ***

XXDIAGNOSTIC,Iteration,metricValue,convergenceValue,ITERATION_TIME_INDEX,SINCE_LAST
 1DIAGNOSTIC,     1, -9.188579320908e-01, inf, 1.3363e+00, 1.3363e+00, 
 1DIAGNOSTIC,     2, -9.275986552238e-01, inf, 2.1372e+00, 8.0091e-01, 
 1DIAGNOSTIC,     3, -9.369215965271e-01, inf, 2.9384e+00, 8.0120e-01, 
 1DIAGNOSTIC,     4, -9.423677921295e-01, inf, 3.7666e+00, 8.2815e-01, 
 1DIAGNOSTIC,     5, -9.463986754417e-01, inf, 4.5975e+00, 8.3091e-01, 
 1DIAGNOSTIC,     6, -9.493497610092e-01, inf, 5.3891e+00, 7.9161e-01, 
 1DIAGNOSTIC,     7, -9.515845775604e-01, inf, 6.1948e+00, 8.0571e-01, 
 1DIAGNOSTIC,     8, -9.533255100250e-01, inf, 7.0083e+00, 8.1352e-01, 
 1DIAGNOSTIC,     9, -9.546103477478e-01, inf, 7.8117e+00, 8.0334e-01, 
 1DIAGNOSTIC,    10, -9.556652903557e-01, 2.313582226634e-03, 8.6358e+00, 8.2412e-01, 
 1DIAGNOSTIC,    11, -9.565511941910e-01, 1.575984875672e-03, 9.4497e+00, 8.1395e-01, 
 1DIAGNOSTIC,    12, -9.573009610176e-01, 1.054813503288e-03, 1.0265e+01, 8.1564e-01, 
 1DIAGNOSTIC,    13, -9.579474925995e-01, 7.477703620680e-04, 1.1085e+01, 8.1937e-01, 
 1DIAGNOSTIC,    14, -9.585095643997e-01, 5.446090945043e-04, 1.1877e+01, 7.9223e-01, 
 1DIAGNOSTIC,    15, -9.590018987656e-01, 4.086827102583e-04, 1.2657e+01, 7.7973e-01, 
 1DIAGNOSTIC,    16, -9.594379663467e-01, 3.152962308377e-04, 1.3480e+01, 8.2288e-01, 
 1DIAGNOSTIC,    17, -9.598256349564e-01, 2.497639216017e-04, 1.4255e+01, 7.7518e-01, 
 1DIAGNOSTIC,    18, -9.601725339890e-01, 2.029992610915e-04, 1.5085e+01, 8.3068e-01, 
 1DIAGNOSTIC,    19, -9.604850411415e-01, 1.673935039435e-04, 1.5887e+01, 8.0143e-01, 
 1DIAGNOSTIC,    20, -9.607673883438e-01, 1.397225423716e-04, 1.6702e+01, 8.1477e-01, 
 1DIAGNOSTIC,    21, -9.610243439674e-01, 1.179032915388e-04, 1.7500e+01, 7.9814e-01, 
 1DIAGNOSTIC,    22, -9.612585902214e-01, 1.004099976853e-04, 1.8266e+01, 7.6621e-01, 
 1DIAGNOSTIC,    23, -9.614727497101e-01, 8.622400491731e-05, 1.9054e+01, 7.8814e-01, 
 1DIAGNOSTIC,    24, -9.616696238518e-01, 7.459656626452e-05, 1.9837e+01, 7.8283e-01, 
 1DIAGNOSTIC,    25, -9.618510007858e-01, 6.496479181806e-05, 2.0636e+01, 7.9944e-01, 
 1DIAGNOSTIC,    26, -9.620191454887e-01, 5.693263301509e-05, 2.1448e+01, 8.1129e-01, 
 1DIAGNOSTIC,    27, -9.621743559837e-01, 5.017134753871e-05, 2.2239e+01, 7.9100e-01, 
 1DIAGNOSTIC,    28, -9.623180031776e-01, 4.443115540198e-05, 2.3036e+01, 7.9777e-01, 
 1DIAGNOSTIC,    29, -9.624517560005e-01, 3.952826955356e-05, 2.3794e+01, 7.5730e-01, 
 1DIAGNOSTIC,    30, -9.625760316849e-01, 3.530689355102e-05, 2.4564e+01, 7.7038e-01, 
 1DIAGNOSTIC,    31, -9.626928567886e-01, 3.166321039316e-05, 2.5340e+01, 7.7628e-01, 
 1DIAGNOSTIC,    32, -9.628024697304e-01, 2.850435157598e-05, 2.6146e+01, 8.0510e-01, 
 1DIAGNOSTIC,    33, -9.629356861115e-01, 2.602563290566e-05, 2.6937e+01, 7.9150e-01, 
 1DIAGNOSTIC,    34, -9.630247950554e-01, 2.377748569415e-05, 2.7707e+01, 7.6974e-01, 
 1DIAGNOSTIC,    35, -9.631124734879e-01, 2.175088957301e-05, 2.8534e+01, 8.2723e-01, 
 1DIAGNOSTIC,    36, -9.631940126419e-01, 1.989621887333e-05, 2.9333e+01, 7.9910e-01, 
 1DIAGNOSTIC,    37, -9.632722735405e-01, 1.818426062528e-05, 3.0149e+01, 8.1547e-01, 
 1DIAGNOSTIC,    38, -9.633462429047e-01, 1.658991823206e-05, 3.0954e+01, 8.0575e-01, 
 1DIAGNOSTIC,    39, -9.634169340134e-01, 1.511515802122e-05, 3.1738e+01, 7.8414e-01, 
 1DIAGNOSTIC,    40, -9.634824395180e-01, 1.374717430735e-05, 3.2589e+01, 8.5061e-01, 
 1DIAGNOSTIC,    41, -9.635461568832e-01, 1.250493096450e-05, 3.3383e+01, 7.9433e-01, 
 1DIAGNOSTIC,    42, -9.636062383652e-01, 1.138058451033e-05, 3.4200e+01, 8.1626e-01, 
 1DIAGNOSTIC,    43, -9.636639952660e-01, 1.060012164089e-05, 3.5036e+01, 8.3601e-01, 
 1DIAGNOSTIC,    44, -9.637193679810e-01, 9.875451723929e-06, 3.5824e+01, 7.8795e-01, 
 1DIAGNOSTIC,    45, -9.637718796730e-01, 9.221663276548e-06, 3.6669e+01, 8.4550e-01, 
 1DIAGNOSTIC,    46, -9.638215899467e-01, 8.618294486951e-06, 3.7466e+01, 7.9680e-01, 
 1DIAGNOSTIC,    47, -9.638651609421e-01, 8.041634828260e-06, 3.8291e+01, 8.2497e-01, 
 1DIAGNOSTIC,    48, -9.639086127281e-01, 7.501287655032e-06, 3.9097e+01, 8.0645e-01, 
 1DIAGNOSTIC,    49, -9.639520049095e-01, 7.010506578808e-06, 3.9877e+01, 7.7939e-01, 
 1DIAGNOSTIC,    50, -9.639936089516e-01, 6.556846528838e-06, 4.0711e+01, 8.3397e-01, 
 1DIAGNOSTIC,    51, -9.640336632729e-01, 6.149653472676e-06, 4.1531e+01, 8.1988e-01, 
 1DIAGNOSTIC,    52, -9.640717506409e-01, 5.781670097349e-06, 4.2328e+01, 7.9784e-01, 
 1DIAGNOSTIC,    53, -9.641077518463e-01, 5.450013759400e-06, 4.3196e+01, 8.6802e-01, 
 1DIAGNOSTIC,    54, -9.641428589821e-01, 5.155786311661e-06, 4.3990e+01, 7.9353e-01, 
 1DIAGNOSTIC,    55, -9.641756415367e-01, 4.887546310783e-06, 4.4818e+01, 8.2800e-01, 
 1DIAGNOSTIC,    56, -9.642079472542e-01, 4.644505679607e-06, 4.5611e+01, 7.9264e-01, 
 1DIAGNOSTIC,    57, -9.642385244370e-01, 4.399303179525e-06, 4.6412e+01, 8.0097e-01, 
 1DIAGNOSTIC,    58, -9.642683267593e-01, 4.163213361608e-06, 4.7202e+01, 7.9012e-01, 
 1DIAGNOSTIC,    59, -9.642969965935e-01, 3.945282969653e-06, 4.7981e+01, 7.7897e-01, 
 1DIAGNOSTIC,    60, -9.643245339394e-01, 3.744445393750e-06, 4.8796e+01, 8.1583e-01, 
 1DIAGNOSTIC,    61, -9.643512964249e-01, 3.561753601389e-06, 4.9630e+01, 8.3379e-01, 
 1DIAGNOSTIC,    62, -9.643769264221e-01, 3.393328825041e-06, 5.0409e+01, 7.7903e-01, 
 1DIAGNOSTIC,    63, -9.644015431404e-01, 3.234657242501e-06, 5.1225e+01, 8.1582e-01, 
 1DIAGNOSTIC,    64, -9.644256234169e-01, 3.089010760959e-06, 5.2054e+01, 8.2848e-01, 
 1DIAGNOSTIC,    65, -9.644485712051e-01, 2.949130248453e-06, 5.2852e+01, 7.9851e-01, 
 1DIAGNOSTIC,    66, -9.644711613655e-01, 2.820119561875e-06, 5.3659e+01, 8.0645e-01, 
 1DIAGNOSTIC,    67, -9.644928574562e-01, 2.698020807657e-06, 5.4442e+01, 7.8295e-01, 
 1DIAGNOSTIC,    68, -9.645139575005e-01, 2.584390813354e-06, 5.5254e+01, 8.1287e-01, 
 1DIAGNOSTIC,    69, -9.645348191261e-01, 2.480184093656e-06, 5.6066e+01, 8.1121e-01, 
 1DIAGNOSTIC,    70, -9.645547866821e-01, 2.382841557846e-06, 5.6837e+01, 7.7099e-01, 
 1DIAGNOSTIC,    71, -9.645742774010e-01, 2.292967792528e-06, 5.7673e+01, 8.3598e-01, 
 1DIAGNOSTIC,    72, -9.645930528641e-01, 2.208159912698e-06, 5.8447e+01, 7.7403e-01, 
 1DIAGNOSTIC,    73, -9.646093845367e-01, 2.119330019923e-06, 5.9270e+01, 8.2383e-01, 
 1DIAGNOSTIC,    74, -9.646265506744e-01, 2.033780447164e-06, 6.0108e+01, 8.3743e-01, 
 1DIAGNOSTIC,    75, -9.646434783936e-01, 1.951223339347e-06, 6.0893e+01, 7.8472e-01, 
 1DIAGNOSTIC,    76, -9.646582603455e-01, 1.867155106083e-06, 6.1692e+01, 7.9926e-01, 
 1DIAGNOSTIC,    77, -9.646739363670e-01, 1.787626047189e-06, 6.2498e+01, 8.0643e-01, 
 1DIAGNOSTIC,    78, -9.646890163422e-01, 1.713166739137e-06, 6.3283e+01, 7.8501e-01, 
 1DIAGNOSTIC,    79, -9.647014141083e-01, 1.637603190829e-06, 6.4096e+01, 8.1271e-01, 
 1DIAGNOSTIC,    80, -9.647156000137e-01, 1.569693949932e-06, 6.4890e+01, 7.9400e-01, 
 1DIAGNOSTIC,    81, -9.647292494774e-01, 1.509828280177e-06, 6.5709e+01, 8.1878e-01, 
 1DIAGNOSTIC,    82, -9.647427201271e-01, 1.458622705286e-06, 6.6469e+01, 7.6034e-01, 
 1DIAGNOSTIC,    83, -9.647553563118e-01, 1.407179411217e-06, 6.7283e+01, 8.1391e-01, 
 1DIAGNOSTIC,    84, -9.647680521011e-01, 1.362095645163e-06, 6.8067e+01, 7.8371e-01, 
 1DIAGNOSTIC,    85, -9.647803306580e-01, 1.323700871581e-06, 6.8847e+01, 7.7997e-01, 
 1DIAGNOSTIC,    86, -9.647926092148e-01, 1.286281190005e-06, 6.9675e+01, 8.2827e-01, 
 1DIAGNOSTIC,    87, -9.648042321205e-01, 1.252799165741e-06, 7.0490e+01, 8.1542e-01, 
 1DIAGNOSTIC,    88, -9.648153185844e-01, 1.221506977345e-06, 7.1325e+01, 8.3450e-01, 
 1DIAGNOSTIC,    89, -9.648264646530e-01, 1.185096039080e-06, 7.2157e+01, 8.3184e-01, 
 1DIAGNOSTIC,    90, -9.648358225822e-01, 1.145886358245e-06, 7.2950e+01, 7.9297e-01, 
 1DIAGNOSTIC,    91, -9.648460745811e-01, 1.107787511501e-06, 7.3768e+01, 8.1793e-01, 
 1DIAGNOSTIC,    92, -9.648562669754e-01, 1.072411464520e-06, 7.4590e+01, 8.2232e-01, 
 1DIAGNOSTIC,    93, -9.648663401604e-01, 1.038852815327e-06, 7.5377e+01, 7.8698e-01, 
 1DIAGNOSTIC,    94, -9.648758769035e-01, 1.007764240057e-06, 7.6209e+01, 8.3196e-01, 
 1DIAGNOSTIC,    95, -9.648850560188e-01, 9.786622285901e-07, 7.7016e+01, 8.0701e-01, 
 1DIAGNOSTIC,    96, -9.648941755295e-01, 9.531090654491e-07, 7.7820e+01, 8.0397e-01, 
 1DIAGNOSTIC,    97, -9.649029374123e-01, 9.293095786234e-07, 7.8655e+01, 8.3476e-01, 
 1DIAGNOSTIC,    98, -9.649099111557e-01, 9.015450359584e-07, 7.9439e+01, 7.8435e-01, 
 1DIAGNOSTIC,    99, -9.649182558060e-01, 8.763262258071e-07, 8.0235e+01, 7.9583e-01, 
 1DIAGNOSTIC,   100, -9.649266004562e-01, 8.495917427354e-07, 8.1026e+01, 7.9151e-01, 
XXDIAGNOSTIC,Iteration,metricValue,convergenceValue,ITERATION_TIME_INDEX,SINCE_LAST
 1DIAGNOSTIC,     1, -9.242803454399e-01, inf, 8.4324e+01, 3.2977e+00, 
 1DIAGNOSTIC,     2, -9.262220859528e-01, inf, 8.6970e+01, 2.6465e+00, 
 1DIAGNOSTIC,     3, -9.280791282654e-01, inf, 8.9617e+01, 2.6469e+00, 
 1DIAGNOSTIC,     4, -9.296543598175e-01, inf, 9.2192e+01, 2.5745e+00, 
 1DIAGNOSTIC,     5, -9.309151172638e-01, inf, 9.4836e+01, 2.6445e+00, 
 1DIAGNOSTIC,     6, -9.320287704468e-01, inf, 9.7482e+01, 2.6451e+00, 
 1DIAGNOSTIC,     7, -9.330128431320e-01, inf, 1.0009e+02, 2.6118e+00, 
 1DIAGNOSTIC,     8, -9.338813424110e-01, inf, 1.0266e+02, 2.5682e+00, 
 1DIAGNOSTIC,     9, -9.346554279327e-01, inf, 1.0534e+02, 2.6787e+00, 
 1DIAGNOSTIC,    10, -9.352927803993e-01, 7.422709022649e-04, 1.0805e+02, 2.7146e+00, 
 1DIAGNOSTIC,    11, -9.358667135239e-01, 5.856695352122e-04, 1.1072e+02, 2.6676e+00, 
 1DIAGNOSTIC,    12, -9.363183379173e-01, 4.630184848793e-04, 1.1341e+02, 2.6891e+00, 
 1DIAGNOSTIC,    13, -9.367219805717e-01, 3.701152454596e-04, 1.1602e+02, 2.6044e+00, 
 1DIAGNOSTIC,    14, -9.370861053467e-01, 2.988971828017e-04, 1.1869e+02, 2.6761e+00, 
 1DIAGNOSTIC,    15, -9.374217987061e-01, 2.421679237159e-04, 1.2136e+02, 2.6725e+00, 
 1DIAGNOSTIC,    16, -9.377242922783e-01, 1.971799938474e-04, 1.2403e+02, 2.6684e+00, 
 1DIAGNOSTIC,    17, -9.379959106445e-01, 1.617639354663e-04, 1.2670e+02, 2.6651e+00, 
 1DIAGNOSTIC,    18, -9.382427930832e-01, 1.341651222901e-04, 1.2936e+02, 2.6590e+00, 
 1DIAGNOSTIC,    19, -9.384722113609e-01, 1.131035460276e-04, 1.3205e+02, 2.6919e+00, 
 1DIAGNOSTIC,    20, -9.386839866638e-01, 9.654412860982e-05, 1.3471e+02, 2.6659e+00, 
 1DIAGNOSTIC,    21, -9.388759136200e-01, 8.369115676032e-05, 1.3739e+02, 2.6766e+00, 
 1DIAGNOSTIC,    22, -9.390592575073e-01, 7.301373261726e-05, 1.4006e+02, 2.6705e+00, 
 1DIAGNOSTIC,    23, -9.392206668854e-01, 6.395165837603e-05, 1.4275e+02, 2.6929e+00, 
 1DIAGNOSTIC,    24, -9.393746852875e-01, 5.626572965411e-05, 1.4544e+02, 2.6878e+00, 
 1DIAGNOSTIC,    25, -9.395148754120e-01, 4.975189585821e-05, 1.4808e+02, 2.6412e+00, 
 1DIAGNOSTIC,    26, -9.396468400955e-01, 4.419822289492e-05, 1.5074e+02, 2.6550e+00, 
 1DIAGNOSTIC,    27, -9.397699236870e-01, 3.939749512938e-05, 1.5340e+02, 2.6616e+00, 
 1DIAGNOSTIC,    28, -9.398844242096e-01, 3.520848258631e-05, 1.5602e+02, 2.6168e+00, 
 1DIAGNOSTIC,    29, -9.399890899658e-01, 3.154799924232e-05, 1.5872e+02, 2.7064e+00, 
 1DIAGNOSTIC,    30, -9.400908350945e-01, 2.839001717803e-05, 1.6139e+02, 2.6675e+00, 
 1DIAGNOSTIC,    31, -9.401856064796e-01, 2.562109693827e-05, 1.6401e+02, 2.6183e+00, 
 1DIAGNOSTIC,    32, -9.402757883072e-01, 2.325991408725e-05, 1.6673e+02, 2.7172e+00, 
 1DIAGNOSTIC,    33, -9.403636455536e-01, 2.119496821251e-05, 1.6938e+02, 2.6534e+00, 
 1DIAGNOSTIC,    34, -9.404480457306e-01, 1.943434108398e-05, 1.7209e+02, 2.7080e+00, 
 1DIAGNOSTIC,    35, -9.405298829079e-01, 1.791838622012e-05, 1.7472e+02, 2.6285e+00, 
 1DIAGNOSTIC,    36, -9.406030178070e-01, 1.657620850892e-05, 1.7737e+02, 2.6545e+00, 
 1DIAGNOSTIC,    37, -9.406734108925e-01, 1.538143442303e-05, 1.8007e+02, 2.6970e+00, 
 1DIAGNOSTIC,    38, -9.407388567924e-01, 1.428639552614e-05, 1.8272e+02, 2.6531e+00, 
 1DIAGNOSTIC,    39, -9.408068656921e-01, 1.329221777269e-05, 1.8545e+02, 2.7280e+00, 
 1DIAGNOSTIC,    40, -9.408679008484e-01, 1.237616834260e-05, 1.8808e+02, 2.6295e+00, 
 1DIAGNOSTIC,    41, -9.409291744232e-01, 1.154096116807e-05, 1.9075e+02, 2.6701e+00, 
 1DIAGNOSTIC,    42, -9.409822821617e-01, 1.073975727195e-05, 1.9347e+02, 2.7193e+00, 
 1DIAGNOSTIC,    43, -9.410368800163e-01, 1.001542386803e-05, 1.9613e+02, 2.6614e+00, 
 1DIAGNOSTIC,    44, -9.410886764526e-01, 9.363393473905e-06, 1.9872e+02, 2.5854e+00, 
 1DIAGNOSTIC,    45, -9.411355853081e-01, 8.770548447501e-06, 2.0140e+02, 2.6860e+00, 
 1DIAGNOSTIC,    46, -9.411815404892e-01, 8.207736755139e-06, 2.0401e+02, 2.6105e+00, 
 1DIAGNOSTIC,    47, -9.412260055542e-01, 7.682033356105e-06, 2.0664e+02, 2.6275e+00, 
 1DIAGNOSTIC,    48, -9.412683844566e-01, 7.179089607234e-06, 2.0923e+02, 2.5943e+00, 
 1DIAGNOSTIC,    49, -9.413106441498e-01, 6.746386588929e-06, 2.1191e+02, 2.6781e+00, 
 1DIAGNOSTIC,    50, -9.413492083549e-01, 6.342233973555e-06, 2.1461e+02, 2.6947e+00, 
 1DIAGNOSTIC,    51, -9.413905143738e-01, 6.010305696691e-06, 2.1726e+02, 2.6544e+00, 
 1DIAGNOSTIC,    52, -9.414265155792e-01, 5.686380518455e-06, 2.1989e+02, 2.6309e+00, 
 1DIAGNOSTIC,    53, -9.414610266685e-01, 5.390941169026e-06, 2.2257e+02, 2.6770e+00, 
 1DIAGNOSTIC,    54, -9.414972066879e-01, 5.134923867445e-06, 2.2519e+02, 2.6205e+00, 
 1DIAGNOSTIC,    55, -9.415311217308e-01, 4.891059688816e-06, 2.2778e+02, 2.5882e+00, 
 1DIAGNOSTIC,    56, -9.415607452393e-01, 4.645099124900e-06, 2.3046e+02, 2.6863e+00, 
 1DIAGNOSTIC,    57, -9.415924549103e-01, 4.416627234605e-06, 2.3313e+02, 2.6674e+00, 
 1DIAGNOSTIC,    58, -9.416210651398e-01, 4.191208518023e-06, 2.3580e+02, 2.6643e+00, 
 1DIAGNOSTIC,    59, -9.416498541832e-01, 3.983745955338e-06, 2.3847e+02, 2.6778e+00, 
 1DIAGNOSTIC,    60, -9.416764974594e-01, 3.776313860726e-06, 2.4106e+02, 2.5823e+00, 
 1DIAGNOSTIC,    61, -9.417035579681e-01, 3.599370757001e-06, 2.4374e+02, 2.6814e+00, 
 1DIAGNOSTIC,    62, -9.417282938957e-01, 3.425148406677e-06, 2.4641e+02, 2.6714e+00, 
 1DIAGNOSTIC,    63, -9.417526125908e-01, 3.255202955188e-06, 2.4907e+02, 2.6662e+00, 
 1DIAGNOSTIC,    64, -9.417758584023e-01, 3.103524477410e-06, 2.5169e+02, 2.6166e+00, 
 1DIAGNOSTIC,    65, -9.417982697487e-01, 2.965081876027e-06, 2.5434e+02, 2.6462e+00, 
 1DIAGNOSTIC,    66, -9.418190717697e-01, 2.820559302563e-06, 2.5697e+02, 2.6295e+00, 
 1DIAGNOSTIC,    67, -9.418408274651e-01, 2.694062231967e-06, 2.5963e+02, 2.6601e+00, 
 1DIAGNOSTIC,    68, -9.418616294861e-01, 2.574584186732e-06, 2.6225e+02, 2.6258e+00, 
 1DIAGNOSTIC,    69, -9.418822526932e-01, 2.469787204973e-06, 2.6492e+02, 2.6658e+00, 
 1DIAGNOSTIC,    70, -9.419027566910e-01, 2.375684061917e-06, 2.6753e+02, 2.6112e+00, 
 1DIAGNOSTIC,    71, -9.419215321541e-01, 2.292135604876e-06, 2.7019e+02, 2.6648e+00, 
 1DIAGNOSTIC,    72, -9.419398307800e-01, 2.211848595834e-06, 2.7273e+02, 2.5331e+00, 
 1DIAGNOSTIC,    73, -9.419577121735e-01, 2.135888280463e-06, 2.7542e+02, 2.6883e+00, 
 1DIAGNOSTIC,    74, -9.419736862183e-01, 2.056310222542e-06, 2.7802e+02, 2.6038e+00, 
 1DIAGNOSTIC,    75, -9.419924020767e-01, 1.986217284866e-06, 2.8070e+02, 2.6837e+00, 
 1DIAGNOSTIC,    76, -9.420089125633e-01, 1.913685764521e-06, 2.8341e+02, 2.7067e+00, 
 1DIAGNOSTIC,    77, -9.420252442360e-01, 1.846738200584e-06, 2.8606e+02, 2.6461e+00, 
 1DIAGNOSTIC,    78, -9.420408606529e-01, 1.782800950423e-06, 2.8873e+02, 2.6774e+00, 
 1DIAGNOSTIC,    79, -9.420570135117e-01, 1.726936602608e-06, 2.9140e+02, 2.6675e+00, 
 1DIAGNOSTIC,    80, -9.420729279518e-01, 1.680621721789e-06, 2.9404e+02, 2.6412e+00, 
 1DIAGNOSTIC,    81, -9.420886039734e-01, 1.638563162487e-06, 2.9676e+02, 2.7205e+00, 
 1DIAGNOSTIC,    82, -9.421029090881e-01, 1.596064521436e-06, 2.9943e+02, 2.6709e+00, 
 1DIAGNOSTIC,    83, -9.421167969704e-01, 1.552617277412e-06, 3.0206e+02, 2.6225e+00, 
 1DIAGNOSTIC,    84, -9.421310424805e-01, 1.504570491306e-06, 3.0476e+02, 2.7026e+00, 
 1DIAGNOSTIC,    85, -9.421444535255e-01, 1.461780811951e-06, 3.0746e+02, 2.7031e+00, 
 1DIAGNOSTIC,    86, -9.421569108963e-01, 1.415503220414e-06, 3.1011e+02, 2.6533e+00, 
 1DIAGNOSTIC,    87, -9.421725273132e-01, 1.379296008963e-06, 3.1281e+02, 2.6932e+00, 
 1DIAGNOSTIC,    88, -9.421856403351e-01, 1.343240455753e-06, 3.1551e+02, 2.6981e+00, 
 1DIAGNOSTIC,    89, -9.421979784966e-01, 1.308741843786e-06, 3.1815e+02, 2.6441e+00, 
 1DIAGNOSTIC,    90, -9.422092437744e-01, 1.273360453524e-06, 3.2081e+02, 2.6612e+00, 
 1DIAGNOSTIC,    91, -9.422204494476e-01, 1.238240770363e-06, 3.2358e+02, 2.7678e+00, 
 1DIAGNOSTIC,    92, -9.422316551208e-01, 1.200706151394e-06, 3.2622e+02, 2.6427e+00, 
 1DIAGNOSTIC,    93, -9.422425031662e-01, 1.160574015557e-06, 3.2889e+02, 2.6661e+00, 
 1DIAGNOSTIC,    94, -9.422532320023e-01, 1.121646505453e-06, 3.3163e+02, 2.7391e+00, 
 1DIAGNOSTIC,    95, -9.422610998154e-01, 1.074835040527e-06, 3.3430e+02, 2.6719e+00, 
 1DIAGNOSTIC,    96, -9.422709941864e-01, 1.026981976793e-06, 3.3698e+02, 2.6824e+00, 
 1DIAGNOSTIC,    97, -9.422796964645e-01, 9.876487183647e-07, 3.3970e+02, 2.7143e+00, 
 1DIAGNOSTIC,    98, -9.422895908356e-01, 9.553904192217e-07, 3.4231e+02, 2.6132e+00, 
 1DIAGNOSTIC,    99, -9.422985315323e-01, 9.269459724237e-07, 3.4497e+02, 2.6635e+00, 
 1DIAGNOSTIC,   100, -9.423087835312e-01, 9.049180675902e-07, 3.4762e+02, 2.6438e+00, 
XXDIAGNOSTIC,Iteration,metricValue,convergenceValue,ITERATION_TIME_INDEX,SINCE_LAST
 1DIAGNOSTIC,     1, -8.608101010323e-01, inf, 3.6921e+02, 2.1596e+01, 
 1DIAGNOSTIC,     2, -8.637335300446e-01, inf, 3.8995e+02, 2.0741e+01, 
 1DIAGNOSTIC,     3, -8.663015365601e-01, inf, 4.1072e+02, 2.0762e+01, 
 1DIAGNOSTIC,     4, -8.684863448143e-01, inf, 4.3161e+02, 2.0895e+01, 
 1DIAGNOSTIC,     5, -8.702111840248e-01, inf, 4.5243e+02, 2.0818e+01, 
 1DIAGNOSTIC,     6, -8.717237114906e-01, inf, 4.7298e+02, 2.0548e+01, 
 1DIAGNOSTIC,     7, -8.730549216270e-01, inf, 4.9364e+02, 2.0662e+01, 
 1DIAGNOSTIC,     8, -8.742394447327e-01, inf, 5.1444e+02, 2.0798e+01, 
 1DIAGNOSTIC,     9, -8.752994537354e-01, inf, 5.3527e+02, 2.0837e+01, 
 1DIAGNOSTIC,    10, -8.762490749359e-01, 1.097509288229e-03, 5.5608e+02, 2.0805e+01, 
 1DIAGNOSTIC,    11, -8.771051168442e-01, 8.618835126981e-04, 5.7683e+02, 2.0754e+01, 
 1DIAGNOSTIC,    12, -8.778819441795e-01, 6.880742148496e-04, 5.9788e+02, 2.1052e+01, 
 1DIAGNOSTIC,    13, -8.785864114761e-01, 5.603064200841e-04, 6.1882e+02, 2.0935e+01, 
 1DIAGNOSTIC,    14, -8.791475892067e-01, 4.634160723072e-04, 6.3982e+02, 2.1003e+01, 
 1DIAGNOSTIC,    15, -8.797366619110e-01, 3.871087392326e-04, 6.6066e+02, 2.0842e+01, 
 1DIAGNOSTIC,    16, -8.802862167358e-01, 3.265248378739e-04, 6.8164e+02, 2.0975e+01, 
 1DIAGNOSTIC,    17, -8.807033300400e-01, 2.762436051853e-04, 7.0265e+02, 2.1014e+01, 
 1DIAGNOSTIC,    18, -8.811719417572e-01, 2.357922203373e-04, 7.2370e+02, 2.1046e+01, 
 1DIAGNOSTIC,    19, -8.815202713013e-01, 2.017321821768e-04, 7.4479e+02, 2.1093e+01, 
 1DIAGNOSTIC,    20, -8.818431496620e-01, 1.729386713123e-04, 7.6564e+02, 2.0847e+01, 
 1DIAGNOSTIC,    21, -8.821427822113e-01, 1.485872926423e-04, 7.8652e+02, 2.0876e+01, 
 1DIAGNOSTIC,    22, -8.824248909950e-01, 1.281603472307e-04, 8.0749e+02, 2.0978e+01, 
 1DIAGNOSTIC,    23, -8.826852440834e-01, 1.111413585022e-04, 8.2852e+02, 2.1031e+01, 
 1DIAGNOSTIC,    24, -8.829296827316e-01, 9.599885379430e-05, 8.4926e+02, 2.0733e+01, 
 1DIAGNOSTIC,    25, -8.831548690796e-01, 8.361838263227e-05, 8.7053e+02, 2.1277e+01, 
 1DIAGNOSTIC,    26, -8.834532499313e-01, 7.493678276660e-05, 8.9172e+02, 2.1183e+01, 
 1DIAGNOSTIC,    27, -8.836441636086e-01, 6.710794696119e-05, 9.1275e+02, 2.1030e+01, 
 1DIAGNOSTIC,    28, -8.837826251984e-01, 6.058350481908e-05, 9.3364e+02, 2.0894e+01, 
 1DIAGNOSTIC,    29, -8.839564323425e-01, 5.468913514051e-05, 9.5429e+02, 2.0652e+01, 
 1DIAGNOSTIC,    30, -8.840808868408e-01, 4.887807517662e-05, 9.7567e+02, 2.1373e+01, 
 1DIAGNOSTIC,    31, -8.842823505402e-01, 4.408192762639e-05, 9.9681e+02, 2.1144e+01, 
 1DIAGNOSTIC,    32, -8.843882679939e-01, 3.936170105590e-05, 1.0180e+03, 2.1141e+01, 
 1DIAGNOSTIC,    33, -8.844897150993e-01, 3.482264219201e-05, 1.0392e+03, 2.1222e+01, 
 1DIAGNOSTIC,    34, -8.845854401588e-01, 3.055681736441e-05, 1.0602e+03, 2.1038e+01, 
 1DIAGNOSTIC,    35, -8.847637176514e-01, 2.738400689850e-05, 1.0812e+03, 2.0970e+01, 
 1DIAGNOSTIC,    36, -8.848475813866e-01, 2.523808871047e-05, 1.1021e+03, 2.0890e+01, 
 1DIAGNOSTIC,    37, -8.849273920059e-01, 2.324503839191e-05, 1.1232e+03, 2.1118e+01, 
 1DIAGNOSTIC,    38, -8.850061893463e-01, 2.106591637130e-05, 1.1443e+03, 2.1121e+01, 
 1DIAGNOSTIC,    39, -8.851667642593e-01, 1.982669346035e-05, 1.1654e+03, 2.1071e+01, 
 1DIAGNOSTIC,    40, -8.852336406708e-01, 1.831164081523e-05, 1.1864e+03, 2.1017e+01, 
 1DIAGNOSTIC,    41, -8.852947950363e-01, 1.725925358187e-05, 1.2072e+03, 2.0824e+01, 
 1DIAGNOSTIC,    42, -8.853535652161e-01, 1.595749017724e-05, 1.2279e+03, 2.0689e+01, 
 1DIAGNOSTIC,    43, -8.855020999908e-01, 1.513297866040e-05, 1.2488e+03, 2.0867e+01, 
 1DIAGNOSTIC,    44, -8.855521082878e-01, 1.397750293108e-05, 1.2697e+03, 2.0899e+01, 
 1DIAGNOSTIC,    45, -8.856009840965e-01, 1.323089600191e-05, 1.2904e+03, 2.0746e+01, 
 1DIAGNOSTIC,    46, -8.856508731842e-01, 1.226775202667e-05, 1.3111e+03, 2.0694e+01, 
 1DIAGNOSTIC,    47, -8.857823610306e-01, 1.168233120552e-05, 1.3318e+03, 2.0669e+01, 
 1DIAGNOSTIC,    48, -8.858229517937e-01, 1.081641858036e-05, 1.3526e+03, 2.0822e+01, 
 1DIAGNOSTIC,    49, -8.858584165573e-01, 1.030113162415e-05, 1.3733e+03, 2.0717e+01, 
 1DIAGNOSTIC,    50, -8.858959674835e-01, 9.567403139954e-06, 1.3940e+03, 2.0628e+01, 
 1DIAGNOSTIC,    51, -8.860187530518e-01, 9.166625204671e-06, 1.4148e+03, 2.0816e+01, 
 1DIAGNOSTIC,    52, -8.860496878624e-01, 8.469799468003e-06, 1.4354e+03, 2.0654e+01, 
 1DIAGNOSTIC,    53, -8.860805034637e-01, 8.136535143421e-06, 1.4562e+03, 2.0809e+01, 
 1DIAGNOSTIC,    54, -8.861064910889e-01, 7.558141987829e-06, 1.4768e+03, 2.0617e+01, 
 1DIAGNOSTIC,    55, -8.862214088440e-01, 7.290841040231e-06, 1.4975e+03, 2.0694e+01, 
 1DIAGNOSTIC,    56, -8.862414956093e-01, 6.748433861503e-06, 1.5182e+03, 2.0681e+01, 
 1DIAGNOSTIC,    57, -8.862636089325e-01, 6.500618837890e-06, 1.5391e+03, 2.0916e+01, 
 1DIAGNOSTIC,    58, -8.862829208374e-01, 6.035664682713e-06, 1.5598e+03, 2.0650e+01, 
 1DIAGNOSTIC,    59, -8.863899111748e-01, 5.837467597303e-06, 1.5805e+03, 2.0749e+01, 
 1DIAGNOSTIC,    60, -8.864033818245e-01, 5.371943188948e-06, 1.6012e+03, 2.0667e+01, 
 1DIAGNOSTIC,    61, -8.864152431488e-01, 5.169207270228e-06, 1.6221e+03, 2.0921e+01, 
 1DIAGNOSTIC,    62, -8.864312767982e-01, 4.782451924257e-06, 1.6429e+03, 2.0752e+01, 
 1DIAGNOSTIC,    63, -8.865318894386e-01, 4.669984264183e-06, 1.6638e+03, 2.0918e+01, 
 1DIAGNOSTIC,    64, -8.865439891815e-01, 4.316270405980e-06, 1.6846e+03, 2.0777e+01, 
 1DIAGNOSTIC,    65, -8.865537047386e-01, 4.226087639836e-06, 1.7053e+03, 2.0765e+01, 
 1DIAGNOSTIC,    66, -8.865625858307e-01, 3.932776508009e-06, 1.7263e+03, 2.1001e+01, 
 1DIAGNOSTIC,    67, -8.866604566574e-01, 3.894527253578e-06, 1.7474e+03, 2.1080e+01, 
 1DIAGNOSTIC,    68, -8.866665363312e-01, 3.614982915678e-06, 1.7684e+03, 2.1026e+01, 
 1DIAGNOSTIC,    69, -8.866699934006e-01, 3.558659273040e-06, 1.7892e+03, 2.0778e+01, 
 1DIAGNOSTIC,    70, -8.866749405861e-01, 3.303260427856e-06, 1.8102e+03, 2.0927e+01, 
XXDIAGNOSTIC,Iteration,metricValue,convergenceValue,ITERATION_TIME_INDEX,SINCE_LAST
 1DIAGNOSTIC,     1, -7.070198655128e-01, inf, 1.9812e+03, 1.7109e+02, 
 1DIAGNOSTIC,     2, -7.089381814003e-01, inf, 2.1494e+03, 1.6815e+02, 
 1DIAGNOSTIC,     3, -7.110404372215e-01, inf, 2.3162e+03, 1.6676e+02, 
 1DIAGNOSTIC,     4, -7.130496501923e-01, inf, 2.4829e+03, 1.6670e+02, 
 1DIAGNOSTIC,     5, -7.148211002350e-01, inf, 2.6516e+03, 1.6871e+02, 
 1DIAGNOSTIC,     6, -7.164366245270e-01, inf, 2.8194e+03, 1.6787e+02, 
 1DIAGNOSTIC,     7, -7.179011106491e-01, inf, 2.9891e+03, 1.6965e+02, 
 1DIAGNOSTIC,     8, -7.192394137383e-01, inf, 3.1557e+03, 1.6658e+02, 
 1DIAGNOSTIC,     9, -7.204759120941e-01, inf, 3.3241e+03, 1.6841e+02, 
 1DIAGNOSTIC,    10, -7.216104865074e-01, 1.313171000220e-03, 3.4919e+03, 1.6779e+02, 
 1DIAGNOSTIC,    11, -7.226517200470e-01, 1.102682552300e-03, 3.6587e+03, 1.6680e+02, 
 1DIAGNOSTIC,    12, -7.235989570618e-01, 9.224106324837e-04, 3.8268e+03, 1.6811e+02, 
 1DIAGNOSTIC,    13, -7.244604825974e-01, 7.762728491798e-04, 3.9946e+03, 1.6783e+02, 
 1DIAGNOSTIC,    14, -7.252538800240e-01, 6.592614226975e-04, 4.1626e+03, 1.6794e+02, 
 1DIAGNOSTIC,    15, -7.259833216667e-01, 5.631892126985e-04, 4.3311e+03, 1.6856e+02, 
 1DIAGNOSTIC,    16, -7.266651988029e-01, 4.838895692956e-04, 4.4983e+03, 1.6717e+02, 
 1DIAGNOSTIC,    17, -7.272990345955e-01, 4.178379313089e-04, 4.6671e+03, 1.6879e+02, 
 1DIAGNOSTIC,    18, -7.278924584389e-01, 3.626429534052e-04, 4.8364e+03, 1.6934e+02, 
 1DIAGNOSTIC,    19, -7.284479141235e-01, 3.166511305608e-04, 5.0066e+03, 1.7019e+02, 
 1DIAGNOSTIC,    20, -7.289710640907e-01, 2.783332020044e-04, 5.1733e+03, 1.6671e+02, 
  Elapsed time (stage 2): 5175


Total elapsed time: 5210
Using single precision for computations.
Input scalar image: /home/mpib/nemecz/Projects/miniTRK/Results/01_MRI/GroupTempl/T1w/T_template0sub-676955_T1wRepaired.nii.gz
Reference image: /home/mpib/nemecz/Projects/miniTRK/Results/01_MRI/GroupTempl/T1w/T_template0.nii.gz
=============================================================================
The composite transform comprises the following transforms (in order): 
  1. /home/mpib/nemecz/Projects/miniTRK/Results/01_MRI/GroupTempl/T1w/T_sub-676955_T1w250GenericAffine.mat (type = AffineTransform)
  2. /home/mpib/nemecz/Projects/miniTRK/Results/01_MRI/GroupTempl/T1w/T_sub-676955_T1w251Warp.nii.gz (type = DisplacementFieldTransform)
=============================================================================
Default pixel value: 0
Interpolation type: LinearInterpolateImageFunction
Output warped image: /home/mpib/nemecz/Projects/miniTRK/Results/01_MRI/GroupTempl/T1w/T_template0sub-676955_T1w25WarpedToTemplate.nii.gz
