
Running N4 for 3-dimensional images.

Mask not read.  Using the entire image as the mask.

Original intensity range:  [0, 859]

***********************************************************
Warning:  Your input image contains nonpositive values
which could cause failure or problematic results.  A
possible workaround would be to:
   1. rescale your image to positive values e.g., [10,100].
   2. run N4 on your rescaled image.
   3. (optional) rescale the N4 output to the original
      intensity range.
***********************************************************

Specified spline distance: 200mm
  original image size:  [192, 256, 256]
  padded image size:  [201, 401, 401]
  number of control points:  [4, 5, 5]

Current level = 1
  Iteration 1 (of 50).   Current convergence value = 0.00042656 (threshold = 1e-08)
  Iteration 2 (of 50).   Current convergence value = 0.000278209 (threshold = 1e-08)
  Iteration 3 (of 50).   Current convergence value = 0.000186564 (threshold = 1e-08)
  Iteration 4 (of 50).   Current convergence value = 0.000135018 (threshold = 1e-08)
  Iteration 5 (of 50).   Current convergence value = 0.000110682 (threshold = 1e-08)
  Iteration 6 (of 50).   Current convergence value = 0.000102015 (threshold = 1e-08)
  Iteration 7 (of 50).   Current convergence value = 0.000100619 (threshold = 1e-08)
  Iteration 8 (of 50).   Current convergence value = 0.000101635 (threshold = 1e-08)
  Iteration 9 (of 50).   Current convergence value = 0.000103119 (threshold = 1e-08)
  Iteration 10 (of 50).   Current convergence value = 0.000104542 (threshold = 1e-08)
  Iteration 11 (of 50).   Current convergence value = 0.000105396 (threshold = 1e-08)
  Iteration 12 (of 50).   Current convergence value = 0.000105986 (threshold = 1e-08)
  Iteration 13 (of 50).   Current convergence value = 0.000106101 (threshold = 1e-08)
  Iteration 14 (of 50).   Current convergence value = 0.000105985 (threshold = 1e-08)
  Iteration 15 (of 50).   Current convergence value = 0.000105794 (threshold = 1e-08)
  Iteration 16 (of 50).   Current convergence value = 0.000105438 (threshold = 1e-08)
  Iteration 17 (of 50).   Current convergence value = 0.000104943 (threshold = 1e-08)
  Iteration 18 (of 50).   Current convergence value = 0.000104354 (threshold = 1e-08)
  Iteration 19 (of 50).   Current convergence value = 0.000103696 (threshold = 1e-08)
  Iteration 20 (of 50).   Current convergence value = 0.000103119 (threshold = 1e-08)
  Iteration 21 (of 50).   Current convergence value = 0.000102564 (threshold = 1e-08)
  Iteration 22 (of 50).   Current convergence value = 0.000101789 (threshold = 1e-08)
  Iteration 23 (of 50).   Current convergence value = 0.000101006 (threshold = 1e-08)
  Iteration 24 (of 50).   Current convergence value = 0.000100177 (threshold = 1e-08)
  Iteration 25 (of 50).   Current convergence value = 9.96308e-05 (threshold = 1e-08)
  Iteration 26 (of 50).   Current convergence value = 9.90454e-05 (threshold = 1e-08)
  Iteration 27 (of 50).   Current convergence value = 9.84219e-05 (threshold = 1e-08)
  Iteration 28 (of 50).   Current convergence value = 9.78068e-05 (threshold = 1e-08)
  Iteration 29 (of 50).   Current convergence value = 9.71903e-05 (threshold = 1e-08)
  Iteration 30 (of 50).   Current convergence value = 9.66634e-05 (threshold = 1e-08)
  Iteration 31 (of 50).   Current convergence value = 9.61993e-05 (threshold = 1e-08)
  Iteration 32 (of 50).   Current convergence value = 9.56132e-05 (threshold = 1e-08)
  Iteration 33 (of 50).   Current convergence value = 9.51048e-05 (threshold = 1e-08)
  Iteration 34 (of 50).   Current convergence value = 9.46498e-05 (threshold = 1e-08)
  Iteration 35 (of 50).   Current convergence value = 9.40395e-05 (threshold = 1e-08)
  Iteration 36 (of 50).   Current convergence value = 9.35947e-05 (threshold = 1e-08)
  Iteration 37 (of 50).   Current convergence value = 9.31169e-05 (threshold = 1e-08)
  Iteration 38 (of 50).   Current convergence value = 9.25504e-05 (threshold = 1e-08)
  Iteration 39 (of 50).   Current convergence value = 9.20516e-05 (threshold = 1e-08)
  Iteration 40 (of 50).   Current convergence value = 9.1579e-05 (threshold = 1e-08)
  Iteration 41 (of 50).   Current convergence value = 9.10705e-05 (threshold = 1e-08)
  Iteration 42 (of 50).   Current convergence value = 9.07302e-05 (threshold = 1e-08)
  Iteration 43 (of 50).   Current convergence value = 9.02463e-05 (threshold = 1e-08)
  Iteration 44 (of 50).   Current convergence value = 8.9796e-05 (threshold = 1e-08)
  Iteration 45 (of 50).   Current convergence value = 8.94175e-05 (threshold = 1e-08)
  Iteration 46 (of 50).   Current convergence value = 8.89724e-05 (threshold = 1e-08)
  Iteration 47 (of 50).   Current convergence value = 8.86066e-05 (threshold = 1e-08)
  Iteration 48 (of 50).   Current convergence value = 8.82249e-05 (threshold = 1e-08)
  Iteration 49 (of 50).   Current convergence value = 8.76896e-05 (threshold = 1e-08)
  Iteration 50 (of 50).   Current convergence value = 8.72445e-05 (threshold = 1e-08)
Current level = 2
  Iteration 1 (of 50).   Current convergence value = 0.000575512 (threshold = 1e-08)
  Iteration 2 (of 50).   Current convergence value = 0.000474269 (threshold = 1e-08)
  Iteration 3 (of 50).   Current convergence value = 0.000402928 (threshold = 1e-08)
  Iteration 4 (of 50).   Current convergence value = 0.000346598 (threshold = 1e-08)
  Iteration 5 (of 50).   Current convergence value = 0.000300148 (threshold = 1e-08)
  Iteration 6 (of 50).   Current convergence value = 0.000262085 (threshold = 1e-08)
  Iteration 7 (of 50).   Current convergence value = 0.000230929 (threshold = 1e-08)
  Iteration 8 (of 50).   Current convergence value = 0.000209911 (threshold = 1e-08)
  Iteration 9 (of 50).   Current convergence value = 0.00018894 (threshold = 1e-08)
  Iteration 10 (of 50).   Current convergence value = 0.000170078 (threshold = 1e-08)
  Iteration 11 (of 50).   Current convergence value = 0.000154174 (threshold = 1e-08)
  Iteration 12 (of 50).   Current convergence value = 0.000140218 (threshold = 1e-08)
  Iteration 13 (of 50).   Current convergence value = 0.000128421 (threshold = 1e-08)
  Iteration 14 (of 50).   Current convergence value = 0.000118351 (threshold = 1e-08)
  Iteration 15 (of 50).   Current convergence value = 0.000111954 (threshold = 1e-08)
  Iteration 16 (of 50).   Current convergence value = 0.000107365 (threshold = 1e-08)
  Iteration 17 (of 50).   Current convergence value = 0.000103543 (threshold = 1e-08)
  Iteration 18 (of 50).   Current convergence value = 0.000100773 (threshold = 1e-08)
  Iteration 19 (of 50).   Current convergence value = 9.84046e-05 (threshold = 1e-08)
  Iteration 20 (of 50).   Current convergence value = 9.65114e-05 (threshold = 1e-08)
  Iteration 21 (of 50).   Current convergence value = 9.49435e-05 (threshold = 1e-08)
  Iteration 22 (of 50).   Current convergence value = 9.36013e-05 (threshold = 1e-08)
  Iteration 23 (of 50).   Current convergence value = 9.2323e-05 (threshold = 1e-08)
  Iteration 24 (of 50).   Current convergence value = 9.10997e-05 (threshold = 1e-08)
  Iteration 25 (of 50).   Current convergence value = 9.00362e-05 (threshold = 1e-08)
  Iteration 26 (of 50).   Current convergence value = 8.90782e-05 (threshold = 1e-08)
  Iteration 27 (of 50).   Current convergence value = 8.79621e-05 (threshold = 1e-08)
  Iteration 28 (of 50).   Current convergence value = 8.69593e-05 (threshold = 1e-08)
  Iteration 29 (of 50).   Current convergence value = 8.59742e-05 (threshold = 1e-08)
  Iteration 30 (of 50).   Current convergence value = 8.51898e-05 (threshold = 1e-08)
  Iteration 31 (of 50).   Current convergence value = 8.42051e-05 (threshold = 1e-08)
  Iteration 32 (of 50).   Current convergence value = 8.32659e-05 (threshold = 1e-08)
  Iteration 33 (of 50).   Current convergence value = 8.23557e-05 (threshold = 1e-08)
  Iteration 34 (of 50).   Current convergence value = 8.15514e-05 (threshold = 1e-08)
  Iteration 35 (of 50).   Current convergence value = 8.07647e-05 (threshold = 1e-08)
  Iteration 36 (of 50).   Current convergence value = 8.00338e-05 (threshold = 1e-08)
  Iteration 37 (of 50).   Current convergence value = 7.9159e-05 (threshold = 1e-08)
  Iteration 38 (of 50).   Current convergence value = 7.84191e-05 (threshold = 1e-08)
  Iteration 39 (of 50).   Current convergence value = 7.76666e-05 (threshold = 1e-08)
  Iteration 40 (of 50).   Current convergence value = 7.69515e-05 (threshold = 1e-08)
  Iteration 41 (of 50).   Current convergence value = 7.6041e-05 (threshold = 1e-08)
  Iteration 42 (of 50).   Current convergence value = 7.53192e-05 (threshold = 1e-08)
  Iteration 43 (of 50).   Current convergence value = 7.46419e-05 (threshold = 1e-08)
  Iteration 44 (of 50).   Current convergence value = 7.37851e-05 (threshold = 1e-08)
  Iteration 45 (of 50).   Current convergence value = 7.28813e-05 (threshold = 1e-08)
  Iteration 46 (of 50).   Current convergence value = 7.23411e-05 (threshold = 1e-08)
  Iteration 47 (of 50).   Current convergence value = 7.16379e-05 (threshold = 1e-08)
  Iteration 48 (of 50).   Current convergence value = 7.08301e-05 (threshold = 1e-08)
  Iteration 49 (of 50).   Current convergence value = 7.01614e-05 (threshold = 1e-08)
  Iteration 50 (of 50).   Current convergence value = 6.93967e-05 (threshold = 1e-08)
Current level = 3
  Iteration 1 (of 40).   Current convergence value = 0.00165292 (threshold = 1e-08)
  Iteration 2 (of 40).   Current convergence value = 0.00118117 (threshold = 1e-08)
  Iteration 3 (of 40).   Current convergence value = 0.0009362 (threshold = 1e-08)
  Iteration 4 (of 40).   Current convergence value = 0.00078156 (threshold = 1e-08)
  Iteration 5 (of 40).   Current convergence value = 0.000679765 (threshold = 1e-08)
  Iteration 6 (of 40).   Current convergence value = 0.000604411 (threshold = 1e-08)
  Iteration 7 (of 40).   Current convergence value = 0.000548099 (threshold = 1e-08)
  Iteration 8 (of 40).   Current convergence value = 0.000505725 (threshold = 1e-08)
  Iteration 9 (of 40).   Current convergence value = 0.000471304 (threshold = 1e-08)
  Iteration 10 (of 40).   Current convergence value = 0.000443492 (threshold = 1e-08)
  Iteration 11 (of 40).   Current convergence value = 0.000420519 (threshold = 1e-08)
  Iteration 12 (of 40).   Current convergence value = 0.000401444 (threshold = 1e-08)
  Iteration 13 (of 40).   Current convergence value = 0.000384947 (threshold = 1e-08)
  Iteration 14 (of 40).   Current convergence value = 0.000370993 (threshold = 1e-08)
  Iteration 15 (of 40).   Current convergence value = 0.000358713 (threshold = 1e-08)
  Iteration 16 (of 40).   Current convergence value = 0.000347843 (threshold = 1e-08)
  Iteration 17 (of 40).   Current convergence value = 0.00033819 (threshold = 1e-08)
  Iteration 18 (of 40).   Current convergence value = 0.000329518 (threshold = 1e-08)
  Iteration 19 (of 40).   Current convergence value = 0.000321598 (threshold = 1e-08)
  Iteration 20 (of 40).   Current convergence value = 0.000314194 (threshold = 1e-08)
  Iteration 21 (of 40).   Current convergence value = 0.000308444 (threshold = 1e-08)
  Iteration 22 (of 40).   Current convergence value = 0.00030313 (threshold = 1e-08)
  Iteration 23 (of 40).   Current convergence value = 0.000298217 (threshold = 1e-08)
  Iteration 24 (of 40).   Current convergence value = 0.000293845 (threshold = 1e-08)
  Iteration 25 (of 40).   Current convergence value = 0.000289594 (threshold = 1e-08)
  Iteration 26 (of 40).   Current convergence value = 0.000285715 (threshold = 1e-08)
  Iteration 27 (of 40).   Current convergence value = 0.000282037 (threshold = 1e-08)
  Iteration 28 (of 40).   Current convergence value = 0.000278465 (threshold = 1e-08)
  Iteration 29 (of 40).   Current convergence value = 0.000275093 (threshold = 1e-08)
  Iteration 30 (of 40).   Current convergence value = 0.00027152 (threshold = 1e-08)
  Iteration 31 (of 40).   Current convergence value = 0.000268442 (threshold = 1e-08)
  Iteration 32 (of 40).   Current convergence value = 0.000265464 (threshold = 1e-08)
  Iteration 33 (of 40).   Current convergence value = 0.000262773 (threshold = 1e-08)
  Iteration 34 (of 40).   Current convergence value = 0.000260242 (threshold = 1e-08)
  Iteration 35 (of 40).   Current convergence value = 0.000257665 (threshold = 1e-08)
  Iteration 36 (of 40).   Current convergence value = 0.000255251 (threshold = 1e-08)
  Iteration 37 (of 40).   Current convergence value = 0.000252958 (threshold = 1e-08)
  Iteration 38 (of 40).   Current convergence value = 0.000250631 (threshold = 1e-08)
  Iteration 39 (of 40).   Current convergence value = 0.000248376 (threshold = 1e-08)
  Iteration 40 (of 40).   Current convergence value = 0.000246292 (threshold = 1e-08)
Current level = 4
  Iteration 1 (of 30).   Current convergence value = 0.00178105 (threshold = 1e-08)
  Iteration 2 (of 30).   Current convergence value = 0.00158134 (threshold = 1e-08)
  Iteration 3 (of 30).   Current convergence value = 0.00148391 (threshold = 1e-08)
  Iteration 4 (of 30).   Current convergence value = 0.00140429 (threshold = 1e-08)
  Iteration 5 (of 30).   Current convergence value = 0.00132502 (threshold = 1e-08)
  Iteration 6 (of 30).   Current convergence value = 0.00128325 (threshold = 1e-08)
  Iteration 7 (of 30).   Current convergence value = 0.00125245 (threshold = 1e-08)
  Iteration 8 (of 30).   Current convergence value = 0.00122466 (threshold = 1e-08)
  Iteration 9 (of 30).   Current convergence value = 0.00119804 (threshold = 1e-08)
  Iteration 10 (of 30).   Current convergence value = 0.00117203 (threshold = 1e-08)
  Iteration 11 (of 30).   Current convergence value = 0.00114586 (threshold = 1e-08)
  Iteration 12 (of 30).   Current convergence value = 0.00111465 (threshold = 1e-08)
  Iteration 13 (of 30).   Current convergence value = 0.00108915 (threshold = 1e-08)
  Iteration 14 (of 30).   Current convergence value = 0.00106916 (threshold = 1e-08)
  Iteration 15 (of 30).   Current convergence value = 0.00105308 (threshold = 1e-08)
  Iteration 16 (of 30).   Current convergence value = 0.00104344 (threshold = 1e-08)
  Iteration 17 (of 30).   Current convergence value = 0.00106341 (threshold = 1e-08)
  Iteration 18 (of 30).   Current convergence value = 0.00109128 (threshold = 1e-08)
  Iteration 19 (of 30).   Current convergence value = 0.00111627 (threshold = 1e-08)
  Iteration 20 (of 30).   Current convergence value = 0.00114043 (threshold = 1e-08)
  Iteration 21 (of 30).   Current convergence value = 0.00116806 (threshold = 1e-08)
  Iteration 22 (of 30).   Current convergence value = 0.00119806 (threshold = 1e-08)
  Iteration 23 (of 30).   Current convergence value = 0.00122781 (threshold = 1e-08)
  Iteration 24 (of 30).   Current convergence value = 0.00120782 (threshold = 1e-08)
  Iteration 25 (of 30).   Current convergence value = 0.00118828 (threshold = 1e-08)
  Iteration 26 (of 30).   Current convergence value = 0.00117199 (threshold = 1e-08)
  Iteration 27 (of 30).   Current convergence value = 0.00115123 (threshold = 1e-08)
  Iteration 28 (of 30).   Current convergence value = 0.00113977 (threshold = 1e-08)
  Iteration 29 (of 30).   Current convergence value = 0.00112928 (threshold = 1e-08)
  Iteration 30 (of 30).   Current convergence value = 0.00111788 (threshold = 1e-08)
   N4BiasFieldCorrectionImageFilter (0x561cd4162e20)
     RTTI typeinfo:   itk::N4BiasFieldCorrectionImageFilter<itk::Image<float, 3u>, itk::Image<float, 3u>, itk::Image<float, 3u> >
     Reference Count: 1
     Modified Time: 565
     Debug: Off
     Object Name: 
     Observers: 
       IterationEvent(Command)
     Inputs: 
       ConfidenceImage: (0)
       MaskImage: (0x561cd418d5d0)
       Primary: (0x561cd4188a50) *
     Indexed Inputs: 
       0: Primary (0x561cd4188a50)
       1: MaskImage (0x561cd418d5d0)
       2: ConfidenceImage (0)
     Required Input Names: Primary
     NumberOfRequiredInputs: 1
     Outputs: 
       Primary: (0x561cd4172ef0)
     Indexed Outputs: 
       0: Primary (0x561cd4172ef0)
     NumberOfRequiredOutputs: 1
     Number Of Work Units: 32
     ReleaseDataFlag: Off
     ReleaseDataBeforeUpdateFlag: Off
     AbortGenerateData: Off
     Progress: 0
     Multithreader: 
       RTTI typeinfo:   itk::PoolMultiThreader
       Reference Count: 1
       Modified Time: 144
       Debug: Off
       Object Name: 
       Observers: 
         none
       Number of Work Units: 32
       Number of Threads: 8
       Global Maximum Number Of Threads: 128
       Global Default Number Of Threads: 8
       Global Default Threader Type: itk::MultiThreaderBaseEnums::Threader::Pool
       SingleMethod: 0
       SingleData: 0
     DynamicMultiThreading: On
     CoordinateTolerance: 1e-06
     DirectionTolerance: 1e-06
     Use Mask Label: 0
     Mask label: 1
     Number of histogram bins: 200
     Wiener filter noise: 0.01
     Bias field FWHM: 0.15
     Maximum number of iterations: [50, 50, 40, 30]
     Convergence threshold: 1e-08
     Spline order: 3
     Number of fitting levels: [4, 4, 4]
     Number of control points: [4, 5, 5]
     CurrentConvergenceMeasurement: 0.00111788
     CurrentLevel: 4
     ElapsedIterations: 31
     LogBiasFieldControlPointLattice: 
       Image (0x561ce138eaf0)
         RTTI typeinfo:   itk::Image<itk::Vector<float, 1u>, 3u>
         Reference Count: 1
         Modified Time: 343560
         Debug: Off
         Object Name: 
         Observers: 
           none
         Source: (none)
         Source output name: (none)
         Release Data: Off
         Data Released: False
         Global Release Data: Off
         PipelineMTime: 0
         UpdateMTime: 0
         RealTimeStamp: 0 seconds 
         LargestPossibleRegion: 
           Dimension: 3
           Index: [0, 0, 0]
           Size: [11, 19, 19]
         BufferedRegion: 
           Dimension: 3
           Index: [0, 0, 0]
           Size: [11, 19, 19]
         RequestedRegion: 
           Dimension: 3
           Index: [0, 0, 0]
           Size: [11, 19, 19]
         Spacing: [24.75, 24.875, 24.875]
         Origin: [25.7792, 22.5226, -26.0434]
         Direction: 
-0.999355 -0.0352593 -0.00675763
0.034812 -0.997729 0.05766
-0.00877534 0.0573875 0.998313

         IndexToPointMatrix: 
-24.734 -0.877075 -0.168096
0.861598 -24.8185 1.43429
-0.21719 1.42751 24.833

         PointToIndexMatrix: 
-0.040378 0.00140655 -0.000354559
-0.00141746 -0.0401097 0.00230704
-0.000271664 0.00231799 0.0401332

         Inverse Direction: 
-0.999355 0.034812 -0.00877534
-0.0352593 -0.997729 0.0573876
-0.00675764 0.0576599 0.998313

         PixelContainer: 
           ImportImageContainer (0x561ce138de60)
             RTTI typeinfo:   itk::ImportImageContainer<unsigned long, itk::Vector<float, 1u> >
             Reference Count: 1
             Modified Time: 343561
             Debug: Off
             Object Name: 
             Observers: 
               none
             Pointer: 0x561cde305060
             Container manages memory: true
             Size: 3971
             Capacity: 3971
Elapsed time: 272.917
All_Command_lines_OK
Using single precision for computations.
=============================================================================
The composite transform comprises the following transforms (in order): 
  1. Center of mass alignment using fixed image: /home/mpib/nemecz/Projects/miniTRK/Results/01_MRI/GroupTempl/T1w/T_template0.nii.gz and moving image: /home/mpib/nemecz/Projects/miniTRK/Analysis/01_MRI/Preproc/GroupTempl/T1w/sub-112188_T1w.nii.gz (type = Euler3DTransform)
=============================================================================
  number of levels = 4
  number of levels = 4
  number of levels = 4
  fixed image: /home/mpib/nemecz/Projects/miniTRK/Results/01_MRI/GroupTempl/T1w/T_template0.nii.gz
  moving image: /home/mpib/nemecz/Projects/miniTRK/Results/01_MRI/GroupTempl/T1w/T_template0sub-112188_T1wRepaired.nii.gz
  fixed image: /home/mpib/nemecz/Projects/miniTRK/Results/01_MRI/GroupTempl/T1w/T_template0.nii.gz
  moving image: /home/mpib/nemecz/Projects/miniTRK/Results/01_MRI/GroupTempl/T1w/T_template0sub-112188_T1wRepaired.nii.gz
  fixed image: /home/mpib/nemecz/Projects/miniTRK/Results/01_MRI/GroupTempl/T1w/T_template0.nii.gz
  moving image: /home/mpib/nemecz/Projects/miniTRK/Results/01_MRI/GroupTempl/T1w/T_template0sub-112188_T1wRepaired.nii.gz
Dimension = 3
Number of stages = 3
Use Histogram Matching true
Winsorize image intensities true
Lower quantile = 0.01
Upper quantile = 0.99
Stage 1 State
   Image metric = Mattes
     Fixed image = Image (0x55f4cafb2ad0)
  RTTI typeinfo:   itk::Image<float, 3u>
  Reference Count: 2
  Modified Time: 1721
  Debug: Off
  Object Name: 
  Observers: 
    none
  Source: (none)
  Source output name: (none)
  Release Data: Off
  Data Released: False
  Global Release Data: Off
  PipelineMTime: 0
  UpdateMTime: 1506
  RealTimeStamp: 0 seconds 
  LargestPossibleRegion: 
    Dimension: 3
    Index: [0, 0, 0]
    Size: [192, 256, 256]
  BufferedRegion: 
    Dimension: 3
    Index: [0, 0, 0]
    Size: [192, 256, 256]
  RequestedRegion: 
    Dimension: 3
    Index: [0, 0, 0]
    Size: [192, 256, 256]
  Spacing: [1, 1, 1]
  Origin: [95.0313, 100.538, -154.123]
  Direction: 
-0.999853 -0.014134 -0.00966312
0.014129 -0.9999 0.000586045
-0.00967044 0.000449429 0.999953

  IndexToPointMatrix: 
-0.999853 -0.014134 -0.00966312
0.014129 -0.9999 0.000586045
-0.00967044 0.000449429 0.999953

  PointToIndexMatrix: 
-0.999853 0.014129 -0.00967044
-0.014134 -0.9999 0.000449429
-0.00966312 0.000586045 0.999953

  Inverse Direction: 
-0.999853 0.014129 -0.00967044
-0.014134 -0.9999 0.000449429
-0.00966312 0.000586045 0.999953

  PixelContainer: 
    ImportImageContainer (0x55f4cafbac80)
      RTTI typeinfo:   itk::ImportImageContainer<unsigned long, float>
      Reference Count: 1
      Modified Time: 1503
      Debug: Off
      Object Name: 
      Observers: 
        none
      Pointer: 0x7f8b70616010
      Container manages memory: true
      Size: 12582912
      Capacity: 12582912

     Moving image = Image (0x55f4cafb3bc0)
  RTTI typeinfo:   itk::Image<float, 3u>
  Reference Count: 2
  Modified Time: 1722
  Debug: Off
  Object Name: 
  Observers: 
    none
  Source: (none)
  Source output name: (none)
  Release Data: Off
  Data Released: False
  Global Release Data: Off
  PipelineMTime: 0
  UpdateMTime: 1719
  RealTimeStamp: 0 seconds 
  LargestPossibleRegion: 
    Dimension: 3
    Index: [0, 0, 0]
    Size: [192, 256, 256]
  BufferedRegion: 
    Dimension: 3
    Index: [0, 0, 0]
    Size: [192, 256, 256]
  RequestedRegion: 
    Dimension: 3
    Index: [0, 0, 0]
    Size: [192, 256, 256]
  Spacing: [1, 1, 1]
  Origin: [98.7312, 89.1745, -145.61]
  Direction: 
-0.999355 -0.0352593 -0.00675763
0.034812 -0.997729 0.05766
-0.00877534 0.0573876 0.998313

  IndexToPointMatrix: 
-0.999355 -0.0352593 -0.00675763
0.034812 -0.997729 0.05766
-0.00877534 0.0573876 0.998313

  PointToIndexMatrix: 
-0.999355 0.034812 -0.00877534
-0.0352593 -0.997729 0.0573876
-0.00675763 0.05766 0.998313

  Inverse Direction: 
-0.999355 0.034812 -0.00877534
-0.0352593 -0.997729 0.0573876
-0.00675763 0.05766 0.998313

  PixelContainer: 
    ImportImageContainer (0x55f4cafbf100)
      RTTI typeinfo:   itk::ImportImageContainer<unsigned long, float>
      Reference Count: 1
      Modified Time: 1716
      Debug: Off
      Object Name: 
      Observers: 
        none
      Pointer: 0x7f8b6d615010
      Container manages memory: true
      Size: 12582912
      Capacity: 12582912

     Weighting = 1
     Sampling strategy = regular
     Number of bins = 32
     Radius = 4
     Sampling percentage  = 0.25
   Transform = Rigid
     Gradient step = 0.1
     Update field sigma (voxel space) = 0
     Total field sigma (voxel space) = 0
     Update field time sigma = 0
     Total field time sigma  = 0
     Number of time indices = 0
     Number of time point samples = 0
Stage 2 State
   Image metric = Mattes
     Fixed image = Image (0x55f4cafcb870)
  RTTI typeinfo:   itk::Image<float, 3u>
  Reference Count: 2
  Modified Time: 2149
  Debug: Off
  Object Name: 
  Observers: 
    none
  Source: (none)
  Source output name: (none)
  Release Data: Off
  Data Released: False
  Global Release Data: Off
  PipelineMTime: 0
  UpdateMTime: 1934
  RealTimeStamp: 0 seconds 
  LargestPossibleRegion: 
    Dimension: 3
    Index: [0, 0, 0]
    Size: [192, 256, 256]
  BufferedRegion: 
    Dimension: 3
    Index: [0, 0, 0]
    Size: [192, 256, 256]
  RequestedRegion: 
    Dimension: 3
    Index: [0, 0, 0]
    Size: [192, 256, 256]
  Spacing: [1, 1, 1]
  Origin: [95.0313, 100.538, -154.123]
  Direction: 
-0.999853 -0.014134 -0.00966312
0.014129 -0.9999 0.000586045
-0.00967044 0.000449429 0.999953

  IndexToPointMatrix: 
-0.999853 -0.014134 -0.00966312
0.014129 -0.9999 0.000586045
-0.00967044 0.000449429 0.999953

  PointToIndexMatrix: 
-0.999853 0.014129 -0.00967044
-0.014134 -0.9999 0.000449429
-0.00966312 0.000586045 0.999953

  Inverse Direction: 
-0.999853 0.014129 -0.00967044
-0.014134 -0.9999 0.000449429
-0.00966312 0.000586045 0.999953

  PixelContainer: 
    ImportImageContainer (0x55f4cafb66d0)
      RTTI typeinfo:   itk::ImportImageContainer<unsigned long, float>
      Reference Count: 1
      Modified Time: 1931
      Debug: Off
      Object Name: 
      Observers: 
        none
      Pointer: 0x7f8b6a614010
      Container manages memory: true
      Size: 12582912
      Capacity: 12582912

     Moving image = Image (0x55f4cafcb4c0)
  RTTI typeinfo:   itk::Image<float, 3u>
  Reference Count: 2
  Modified Time: 2150
  Debug: Off
  Object Name: 
  Observers: 
    none
  Source: (none)
  Source output name: (none)
  Release Data: Off
  Data Released: False
  Global Release Data: Off
  PipelineMTime: 0
  UpdateMTime: 2147
  RealTimeStamp: 0 seconds 
  LargestPossibleRegion: 
    Dimension: 3
    Index: [0, 0, 0]
    Size: [192, 256, 256]
  BufferedRegion: 
    Dimension: 3
    Index: [0, 0, 0]
    Size: [192, 256, 256]
  RequestedRegion: 
    Dimension: 3
    Index: [0, 0, 0]
    Size: [192, 256, 256]
  Spacing: [1, 1, 1]
  Origin: [98.7312, 89.1745, -145.61]
  Direction: 
-0.999355 -0.0352593 -0.00675763
0.034812 -0.997729 0.05766
-0.00877534 0.0573876 0.998313

  IndexToPointMatrix: 
-0.999355 -0.0352593 -0.00675763
0.034812 -0.997729 0.05766
-0.00877534 0.0573876 0.998313

  PointToIndexMatrix: 
-0.999355 0.034812 -0.00877534
-0.0352593 -0.997729 0.0573876
-0.00675763 0.05766 0.998313

  Inverse Direction: 
-0.999355 0.034812 -0.00877534
-0.0352593 -0.997729 0.0573876
-0.00675763 0.05766 0.998313

  PixelContainer: 
    ImportImageContainer (0x55f4cafcc8c0)
      RTTI typeinfo:   itk::ImportImageContainer<unsigned long, float>
      Reference Count: 1
      Modified Time: 2144
      Debug: Off
      Object Name: 
      Observers: 
        none
      Pointer: 0x7f8b67613010
      Container manages memory: true
      Size: 12582912
      Capacity: 12582912

     Weighting = 1
     Sampling strategy = regular
     Number of bins = 32
     Radius = 4
     Sampling percentage  = 0.25
   Transform = Affine
     Gradient step = 0.1
     Update field sigma (voxel space) = 0
     Total field sigma (voxel space) = 0
     Update field time sigma = 0
     Total field time sigma  = 0
     Number of time indices = 0
     Number of time point samples = 0
Stage 3 State
   Image metric = CC
     Fixed image = Image (0x55f4cafd2960)
  RTTI typeinfo:   itk::Image<float, 3u>
  Reference Count: 2
  Modified Time: 2577
  Debug: Off
  Object Name: 
  Observers: 
    none
  Source: (none)
  Source output name: (none)
  Release Data: Off
  Data Released: False
  Global Release Data: Off
  PipelineMTime: 0
  UpdateMTime: 2362
  RealTimeStamp: 0 seconds 
  LargestPossibleRegion: 
    Dimension: 3
    Index: [0, 0, 0]
    Size: [192, 256, 256]
  BufferedRegion: 
    Dimension: 3
    Index: [0, 0, 0]
    Size: [192, 256, 256]
  RequestedRegion: 
    Dimension: 3
    Index: [0, 0, 0]
    Size: [192, 256, 256]
  Spacing: [1, 1, 1]
  Origin: [95.0313, 100.538, -154.123]
  Direction: 
-0.999853 -0.014134 -0.00966312
0.014129 -0.9999 0.000586045
-0.00967044 0.000449429 0.999953

  IndexToPointMatrix: 
-0.999853 -0.014134 -0.00966312
0.014129 -0.9999 0.000586045
-0.00967044 0.000449429 0.999953

  PointToIndexMatrix: 
-0.999853 0.014129 -0.00967044
-0.014134 -0.9999 0.000449429
-0.00966312 0.000586045 0.999953

  Inverse Direction: 
-0.999853 0.014129 -0.00967044
-0.014134 -0.9999 0.000449429
-0.00966312 0.000586045 0.999953

  PixelContainer: 
    ImportImageContainer (0x55f4cafb3660)
      RTTI typeinfo:   itk::ImportImageContainer<unsigned long, float>
      Reference Count: 1
      Modified Time: 2359
      Debug: Off
      Object Name: 
      Observers: 
        none
      Pointer: 0x7f8b64612010
      Container manages memory: true
      Size: 12582912
      Capacity: 12582912

     Moving image = Image (0x55f4cafd4840)
  RTTI typeinfo:   itk::Image<float, 3u>
  Reference Count: 2
  Modified Time: 2578
  Debug: Off
  Object Name: 
  Observers: 
    none
  Source: (none)
  Source output name: (none)
  Release Data: Off
  Data Released: False
  Global Release Data: Off
  PipelineMTime: 0
  UpdateMTime: 2575
  RealTimeStamp: 0 seconds 
  LargestPossibleRegion: 
    Dimension: 3
    Index: [0, 0, 0]
    Size: [192, 256, 256]
  BufferedRegion: 
    Dimension: 3
    Index: [0, 0, 0]
    Size: [192, 256, 256]
  RequestedRegion: 
    Dimension: 3
    Index: [0, 0, 0]
    Size: [192, 256, 256]
  Spacing: [1, 1, 1]
  Origin: [98.7312, 89.1745, -145.61]
  Direction: 
-0.999355 -0.0352593 -0.00675763
0.034812 -0.997729 0.05766
-0.00877534 0.0573876 0.998313

  IndexToPointMatrix: 
-0.999355 -0.0352593 -0.00675763
0.034812 -0.997729 0.05766
-0.00877534 0.0573876 0.998313

  PointToIndexMatrix: 
-0.999355 0.034812 -0.00877534
-0.0352593 -0.997729 0.0573876
-0.00675763 0.05766 0.998313

  Inverse Direction: 
-0.999355 0.034812 -0.00877534
-0.0352593 -0.997729 0.0573876
-0.00675763 0.05766 0.998313

  PixelContainer: 
    ImportImageContainer (0x55f4cafd1660)
      RTTI typeinfo:   itk::ImportImageContainer<unsigned long, float>
      Reference Count: 1
      Modified Time: 2572
      Debug: Off
      Object Name: 
      Observers: 
        none
      Pointer: 0x7f8b61611010
      Container manages memory: true
      Size: 12582912
      Capacity: 12582912

     Weighting = 1
     Sampling strategy = none
     Number of bins = 32
     Radius = 4
     Sampling percentage  = 1
   Transform = SyN
     Gradient step = 0.1
     Update field sigma (voxel space) = 3
     Total field sigma (voxel space) = 0
     Update field time sigma = 0
     Total field time sigma  = 0
     Number of time indices = 0
     Number of time point samples = 0
Registration using 3 total stages.

Stage 0
  iterations = 1000x500x250x0
  convergence threshold = 1e-06
  convergence window size = 10
  number of levels = 4
  using the Mattes MI metric (number of bins = 32, weight = 1)
  preprocessing:  winsorizing the image intensities
  preprocessing:  histogram matching the images
  Shrink factors (level 1 out of 4): [6, 6, 6]
  Shrink factors (level 2 out of 4): [4, 4, 4]
  Shrink factors (level 3 out of 4): [2, 2, 2]
  Shrink factors (level 4 out of 4): [1, 1, 1]
  smoothing sigmas per level: [4, 2, 1, 0]
  regular sampling (percentage = 0.25)

*** Running Euler3DTransform registration ***

DIAGNOSTIC,Iteration,metricValue,convergenceValue,ITERATION_TIME_INDEX,SINCE_LAST
 2DIAGNOSTIC,     1, -7.869084477425e-01, inf, 7.1018e-01, 7.1018e-01, 
 2DIAGNOSTIC,     2, -7.876937389374e-01, inf, 7.1990e-01, 9.7241e-03, 
 2DIAGNOSTIC,     3, -7.885758876801e-01, inf, 7.2957e-01, 9.6669e-03, 
 2DIAGNOSTIC,     4, -7.898967862129e-01, inf, 7.3849e-01, 8.9231e-03, 
 2DIAGNOSTIC,     5, -7.912190556526e-01, inf, 7.4667e-01, 8.1751e-03, 
 2DIAGNOSTIC,     6, -7.928434610367e-01, inf, 7.5483e-01, 8.1670e-03, 
 2DIAGNOSTIC,     7, -7.944951653481e-01, inf, 7.6298e-01, 8.1470e-03, 
 2DIAGNOSTIC,     8, -7.956640720367e-01, inf, 7.7658e-01, 1.3601e-02, 
 2DIAGNOSTIC,     9, -7.966930270195e-01, inf, 7.8465e-01, 8.0650e-03, 
 2DIAGNOSTIC,    10, -7.970595359802e-01, 9.147139498964e-04, 7.9287e-01, 8.2252e-03, 
 2DIAGNOSTIC,    11, -7.975306510925e-01, 7.972508901730e-04, 8.0106e-01, 8.1909e-03, 
 2DIAGNOSTIC,    12, -7.979105710983e-01, 6.625118548982e-04, 8.1238e-01, 1.1315e-02, 
 2DIAGNOSTIC,    13, -7.980880737305e-01, 5.175844999030e-04, 8.2056e-01, 8.1871e-03, 
 2DIAGNOSTIC,    14, -7.983903288841e-01, 3.880195436068e-04, 8.2866e-01, 8.1010e-03, 
 2DIAGNOSTIC,    15, -7.996831536293e-01, 3.025137993973e-04, 8.3832e-01, 9.6519e-03, 
 2DIAGNOSTIC,    16, -8.016206026077e-01, 2.785307879094e-04, 8.5423e-01, 1.5910e-02, 
 2DIAGNOSTIC,    17, -8.026805520058e-01, 2.877064980567e-04, 8.6260e-01, 8.3780e-03, 
 2DIAGNOSTIC,    18, -8.026761412621e-01, 2.923994325101e-04, 8.7190e-01, 9.2969e-03, 
 2DIAGNOSTIC,    19, -8.027165532112e-01, 2.904347784352e-04, 8.8194e-01, 1.0039e-02, 
 2DIAGNOSTIC,    20, -8.026527166367e-01, 2.668901579455e-04, 8.9104e-01, 9.1021e-03, 
 2DIAGNOSTIC,    21, -8.026639819145e-01, 2.283642825205e-04, 8.9906e-01, 8.0190e-03, 
 2DIAGNOSTIC,    22, -8.026511073112e-01, 1.780487364158e-04, 9.0695e-01, 7.8909e-03, 
 2DIAGNOSTIC,    23, -8.026450276375e-01, 1.188052992802e-04, 9.1699e-01, 1.0035e-02, 
 2DIAGNOSTIC,    24, -8.026535511017e-01, 5.819434227305e-05, 9.2486e-01, 7.8681e-03, 
 2DIAGNOSTIC,    25, -8.026098608971e-01, 1.432555109204e-05, 9.3246e-01, 7.6029e-03, 
DIAGNOSTIC,Iteration,metricValue,convergenceValue,ITERATION_TIME_INDEX,SINCE_LAST
 2DIAGNOSTIC,     1, -6.136438846588e-01, inf, 1.5858e+00, 6.5333e-01, 
 2DIAGNOSTIC,     2, -6.141653656960e-01, inf, 1.6204e+00, 3.4601e-02, 
 2DIAGNOSTIC,     3, -6.149484515190e-01, inf, 1.6518e+00, 3.1360e-02, 
 2DIAGNOSTIC,     4, -6.157031655312e-01, inf, 1.6821e+00, 3.0335e-02, 
 2DIAGNOSTIC,     5, -6.164790391922e-01, inf, 1.7122e+00, 3.0157e-02, 
 2DIAGNOSTIC,     6, -6.172031164169e-01, inf, 1.7413e+00, 2.9045e-02, 
 2DIAGNOSTIC,     7, -6.180396080017e-01, inf, 1.7733e+00, 3.2044e-02, 
 2DIAGNOSTIC,     8, -6.196134090424e-01, inf, 1.8091e+00, 3.5746e-02, 
 2DIAGNOSTIC,     9, -6.205035448074e-01, inf, 1.8375e+00, 2.8461e-02, 
 2DIAGNOSTIC,    10, -6.206812262535e-01, 7.889036787674e-04, 1.8697e+00, 3.2114e-02, 
 2DIAGNOSTIC,    11, -6.209502220154e-01, 7.044280646369e-04, 1.9058e+00, 3.6171e-02, 
 2DIAGNOSTIC,    12, -6.212158799171e-01, 6.008341442794e-04, 1.9384e+00, 3.2578e-02, 
 2DIAGNOSTIC,    13, -6.212328672409e-01, 4.863374051638e-04, 1.9670e+00, 2.8644e-02, 
 2DIAGNOSTIC,    14, -6.212757825851e-01, 3.700588713400e-04, 1.9955e+00, 2.8485e-02, 
 2DIAGNOSTIC,    15, -6.213149428368e-01, 2.610933734104e-04, 2.0243e+00, 2.8733e-02, 
 2DIAGNOSTIC,    16, -6.214318871498e-01, 1.662984432187e-04, 2.0569e+00, 3.2644e-02, 
 2DIAGNOSTIC,    17, -6.214711070061e-01, 9.017961565405e-05, 2.0895e+00, 3.2592e-02, 
 2DIAGNOSTIC,    18, -6.215762495995e-01, 5.672777479049e-05, 2.1418e+00, 5.2289e-02, 
 2DIAGNOSTIC,    19, -6.215662956238e-01, 4.300857108319e-05, 2.1702e+00, 2.8414e-02, 
 2DIAGNOSTIC,    20, -6.215881109238e-01, 3.132909841952e-05, 2.2056e+00, 3.5419e-02, 
 2DIAGNOSTIC,    21, -6.215954422951e-01, 2.385987318121e-05, 2.2343e+00, 2.8664e-02, 
 2DIAGNOSTIC,    22, -6.215921640396e-01, 2.043897802650e-05, 2.2658e+00, 3.1561e-02, 
 2DIAGNOSTIC,    23, -6.215993762016e-01, 1.601896838110e-05, 2.2946e+00, 2.8705e-02, 
 2DIAGNOSTIC,    24, -6.216140985489e-01, 1.170803443529e-05, 2.3236e+00, 2.9022e-02, 
 2DIAGNOSTIC,    25, -6.216256022453e-01, 7.662942152820e-06, 2.3520e+00, 2.8398e-02, 
 2DIAGNOSTIC,    26, -6.216385364532e-01, 5.615655027214e-06, 2.3847e+00, 3.2730e-02, 
 2DIAGNOSTIC,    27, -6.216487288475e-01, 4.099196758034e-06, 2.4168e+00, 3.2078e-02, 
 2DIAGNOSTIC,    28, -6.216465830803e-01, 4.111739144719e-06, 2.4487e+00, 3.1893e-02, 
 2DIAGNOSTIC,    29, -6.216496825218e-01, 3.726219347300e-06, 2.4774e+00, 2.8737e-02, 
 2DIAGNOSTIC,    30, -6.216668486595e-01, 3.707969881361e-06, 2.5092e+00, 3.1759e-02, 
 2DIAGNOSTIC,    31, -6.216702461243e-01, 3.593756900955e-06, 2.5377e+00, 2.8501e-02, 
 2DIAGNOSTIC,    32, -6.216825246811e-01, 3.374073457962e-06, 2.5660e+00, 2.8304e-02, 
 2DIAGNOSTIC,    33, -6.217039823532e-01, 3.338740725667e-06, 2.5941e+00, 2.8164e-02, 
 2DIAGNOSTIC,    34, -6.217489838600e-01, 3.878066763718e-06, 2.6257e+00, 3.1588e-02, 
 2DIAGNOSTIC,    35, -6.218160986900e-01, 5.117663476994e-06, 2.6680e+00, 4.2317e-02, 
 2DIAGNOSTIC,    36, -6.218380331993e-01, 6.313344329101e-06, 2.7031e+00, 3.5059e-02, 
 2DIAGNOSTIC,    37, -6.218391656876e-01, 7.080236173351e-06, 2.7350e+00, 3.1937e-02, 
 2DIAGNOSTIC,    38, -6.218345761299e-01, 7.144369192247e-06, 2.7637e+00, 2.8643e-02, 
 2DIAGNOSTIC,    39, -6.218545436859e-01, 6.865341674711e-06, 2.7958e+00, 3.2085e-02, 
 2DIAGNOSTIC,    40, -6.218787431717e-01, 6.479007879534e-06, 2.8240e+00, 2.8209e-02, 
 2DIAGNOSTIC,    41, -6.218758225441e-01, 5.568968845182e-06, 2.8521e+00, 2.8105e-02, 
 2DIAGNOSTIC,    42, -6.218920350075e-01, 4.573414116749e-06, 2.8838e+00, 3.1734e-02, 
 2DIAGNOSTIC,    43, -6.219030022621e-01, 3.602747256082e-06, 2.9158e+00, 3.2001e-02, 
 2DIAGNOSTIC,    44, -6.219500303268e-01, 3.337527004987e-06, 2.9556e+00, 3.9827e-02, 
 2DIAGNOSTIC,    45, -6.219609975815e-01, 3.607324288168e-06, 2.9846e+00, 2.8951e-02, 
 2DIAGNOSTIC,    46, -6.219803690910e-01, 4.004801667179e-06, 3.0142e+00, 2.9556e-02, 
 2DIAGNOSTIC,    47, -6.219913363457e-01, 4.194036591798e-06, 3.0474e+00, 3.3261e-02, 
 2DIAGNOSTIC,    48, -6.220146417618e-01, 4.210936822346e-06, 3.0804e+00, 3.2968e-02, 
 2DIAGNOSTIC,    49, -6.220407485962e-01, 4.303240075387e-06, 3.1090e+00, 2.8654e-02, 
 2DIAGNOSTIC,    50, -6.220629215240e-01, 4.463905042940e-06, 3.1410e+00, 3.1988e-02, 
 2DIAGNOSTIC,    51, -6.220901012421e-01, 4.469849955058e-06, 3.1855e+00, 4.4502e-02, 
 2DIAGNOSTIC,    52, -6.220981478691e-01, 4.320306743466e-06, 3.2175e+00, 3.1958e-02, 
 2DIAGNOSTIC,    53, -6.221171617508e-01, 4.071171133546e-06, 3.2480e+00, 3.0478e-02, 
 2DIAGNOSTIC,    54, -6.221297979355e-01, 3.999571163149e-06, 3.2781e+00, 3.0092e-02, 
 2DIAGNOSTIC,    55, -6.221714615822e-01, 4.036030532006e-06, 3.3264e+00, 4.8302e-02, 
 2DIAGNOSTIC,    56, -6.221938729286e-01, 4.073216587130e-06, 3.3550e+00, 2.8638e-02, 
 2DIAGNOSTIC,    57, -6.222064495087e-01, 3.959540208598e-06, 3.3835e+00, 2.8470e-02, 
 2DIAGNOSTIC,    58, -6.222319006920e-01, 3.908878625225e-06, 3.4154e+00, 3.1922e-02, 
 2DIAGNOSTIC,    59, -6.222435832024e-01, 3.823627594102e-06, 3.4474e+00, 3.1982e-02, 
 2DIAGNOSTIC,    60, -6.222537159920e-01, 3.663982852231e-06, 3.4756e+00, 2.8274e-02, 
 2DIAGNOSTIC,    61, -6.222594976425e-01, 3.454635361777e-06, 3.5039e+00, 2.8266e-02, 
 2DIAGNOSTIC,    62, -6.223077774048e-01, 3.385924401300e-06, 3.5425e+00, 3.8559e-02, 
 2DIAGNOSTIC,    63, -6.223213672638e-01, 3.271346258771e-06, 3.5734e+00, 3.0894e-02, 
 2DIAGNOSTIC,    64, -6.223310828209e-01, 3.048444341403e-06, 3.6022e+00, 2.8814e-02, 
 2DIAGNOSTIC,    65, -6.223479509354e-01, 3.001372760991e-06, 3.6336e+00, 3.1382e-02, 
 2DIAGNOSTIC,    66, -6.223554611206e-01, 2.919034386650e-06, 3.6687e+00, 3.5121e-02, 
 2DIAGNOSTIC,    67, -6.223652362823e-01, 2.749125087576e-06, 3.7005e+00, 3.1843e-02, 
 2DIAGNOSTIC,    68, -6.223666071892e-01, 2.542369657021e-06, 3.7324e+00, 3.1897e-02, 
 2DIAGNOSTIC,    69, -6.223682761192e-01, 2.233502300442e-06, 3.7644e+00, 3.1937e-02, 
 2DIAGNOSTIC,    70, -6.223697662354e-01, 1.841358198362e-06, 3.7963e+00, 3.1942e-02, 
 2DIAGNOSTIC,    71, -6.223722100258e-01, 1.371308826492e-06, 3.8241e+00, 2.7763e-02, 
 2DIAGNOSTIC,    72, -6.223672628403e-01, 1.099309315578e-06, 3.8593e+00, 3.5217e-02, 
DIAGNOSTIC,Iteration,metricValue,convergenceValue,ITERATION_TIME_INDEX,SINCE_LAST
 2DIAGNOSTIC,     1, -5.487266778946e-01, inf, 4.9331e+00, 1.0738e+00, 
 2DIAGNOSTIC,     2, -5.492141842842e-01, inf, 5.1533e+00, 2.2021e-01, 
 2DIAGNOSTIC,     3, -5.498003959656e-01, inf, 5.3724e+00, 2.1909e-01, 
 2DIAGNOSTIC,     4, -5.503401160240e-01, inf, 5.5970e+00, 2.2468e-01, 
 2DIAGNOSTIC,     5, -5.504829883575e-01, inf, 5.8443e+00, 2.4725e-01, 
 2DIAGNOSTIC,     6, -5.505006909370e-01, inf, 6.1784e+00, 3.3416e-01, 
 2DIAGNOSTIC,     7, -5.505032539368e-01, inf, 6.4591e+00, 2.8062e-01, 
 2DIAGNOSTIC,     8, -5.505027174950e-01, inf, 6.7648e+00, 3.0572e-01, 
 2DIAGNOSTIC,     9, -5.505016446114e-01, inf, 7.0110e+00, 2.4626e-01, 
 2DIAGNOSTIC,    10, -5.504997372627e-01, 1.824573701015e-04, 7.2577e+00, 2.4670e-01, 
 2DIAGNOSTIC,    11, -5.504999160767e-01, 9.774755744729e-05, 7.5064e+00, 2.4863e-01, 
 2DIAGNOSTIC,    12, -5.504997372627e-01, 3.928884325433e-05, 7.7547e+00, 2.4835e-01, 
 2DIAGNOSTIC,    13, -5.504983067513e-01, 9.221502295986e-06, 8.0092e+00, 2.5446e-01, 
 2DIAGNOSTIC,    14, -5.504981279373e-01, 2.604051815069e-06, 8.2565e+00, 2.4730e-01, 
 2DIAGNOSTIC,    15, -5.504997968674e-01, 1.800393192752e-06, 8.5971e+00, 3.4066e-01, 
 2DIAGNOSTIC,    16, -5.504997968674e-01, 1.692813611953e-06, 8.8182e+00, 2.2104e-01, 
 2DIAGNOSTIC,    17, -5.504997968674e-01, 1.702918211777e-06, 9.0659e+00, 2.4771e-01, 
 2DIAGNOSTIC,    18, -5.504994988441e-01, 1.705390104689e-06, 9.3183e+00, 2.5239e-01, 
 2DIAGNOSTIC,    19, -5.504999756813e-01, 1.698948267403e-06, 9.5704e+00, 2.5216e-01, 
 2DIAGNOSTIC,    20, -5.504996776581e-01, 1.632016278563e-06, 9.8178e+00, 2.4741e-01, 
 2DIAGNOSTIC,    21, -5.505000352859e-01, 1.580545472279e-06, 1.0064e+01, 2.4613e-01, 
 2DIAGNOSTIC,    22, -5.504989624023e-01, 1.499714926467e-06, 1.0319e+01, 2.5530e-01, 
 2DIAGNOSTIC,    23, -5.504987835884e-01, 1.386105395795e-06, 1.0575e+01, 2.5609e-01, 
 2DIAGNOSTIC,    24, -5.504990220070e-01, 1.281803974962e-06, 1.0881e+01, 3.0530e-01, 
 2DIAGNOSTIC,    25, -5.504987239838e-01, 1.217691988131e-06, 1.1187e+01, 3.0617e-01, 
 2DIAGNOSTIC,    26, -5.504989027977e-01, 1.167477989839e-06, 1.1436e+01, 2.4955e-01, 
 2DIAGNOSTIC,    27, -5.504987835884e-01, 1.124430468735e-06, 1.1658e+01, 2.2130e-01, 
 2DIAGNOSTIC,    28, -5.504989624023e-01, 1.087271016331e-06, 1.1904e+01, 2.4583e-01, 
 2DIAGNOSTIC,    29, -5.504988431931e-01, 1.063492049980e-06, 1.2186e+01, 2.8224e-01, 
 2DIAGNOSTIC,    30, -5.504989027977e-01, 1.040050733536e-06, 1.2434e+01, 2.4805e-01, 
 2DIAGNOSTIC,    31, -5.504989027977e-01, 1.026536551763e-06, 1.2683e+01, 2.4937e-01, 
DIAGNOSTIC,Iteration,metricValue,convergenceValue,ITERATION_TIME_INDEX,SINCE_LAST
 2DIAGNOSTIC,     1, -5.002810955048e-01, inf, 1.5256e+01, 2.5728e+00, 
  Elapsed time (stage 0): 1.6435e+01


Stage 1
  iterations = 1000x500x250x0
  convergence threshold = 1.0000e-06
  convergence window size = 10
  number of levels = 4
  using the Mattes MI metric (number of bins = 32, weight = 1.0000e+00)
  preprocessing:  winsorizing the image intensities
  preprocessing:  histogram matching the images
  Shrink factors (level 1 out of 4): [6, 6, 6]
  Shrink factors (level 2 out of 4): [4, 4, 4]
  Shrink factors (level 3 out of 4): [2, 2, 2]
  Shrink factors (level 4 out of 4): [1, 1, 1]
  smoothing sigmas per level: [4, 2, 1, 0]
  regular sampling (percentage = 2.5000e-01)

*** Running AffineTransform registration ***

DIAGNOSTIC,Iteration,metricValue,convergenceValue,ITERATION_TIME_INDEX,SINCE_LAST
 2DIAGNOSTIC,     1, -8.026428818703e-01, inf, 7.4697e-01, 7.4697e-01, 
 2DIAGNOSTIC,     2, -8.059400916100e-01, inf, 7.5694e-01, 9.9730e-03, 
 2DIAGNOSTIC,     3, -8.117837309837e-01, inf, 7.6729e-01, 1.0350e-02, 
 2DIAGNOSTIC,     4, -8.214025497437e-01, inf, 7.7745e-01, 1.0158e-02, 
 2DIAGNOSTIC,     5, -8.372209072113e-01, inf, 7.8747e-01, 1.0026e-02, 
 2DIAGNOSTIC,     6, -8.626195788383e-01, inf, 7.9768e-01, 1.0210e-02, 
 2DIAGNOSTIC,     7, -8.976086974144e-01, inf, 8.0789e-01, 1.0209e-02, 
 2DIAGNOSTIC,     8, -9.514169692993e-01, inf, 8.2010e-01, 1.2209e-02, 
 2DIAGNOSTIC,     9, -9.947211146355e-01, inf, 8.3975e-01, 1.9645e-02, 
 2DIAGNOSTIC,    10, -9.947489500046e-01, 1.602098159492e-02, 8.4899e-01, 9.2411e-03, 
 2DIAGNOSTIC,    11, -9.955386519432e-01, 1.541827805340e-02, 8.5816e-01, 9.1710e-03, 
 2DIAGNOSTIC,    12, -9.968289136887e-01, 1.367796957493e-02, 8.6779e-01, 9.6262e-03, 
 2DIAGNOSTIC,    13, -9.988703131676e-01, 1.117486506701e-02, 8.7690e-01, 9.1150e-03, 
 2DIAGNOSTIC,    14, -1.002031326294e+00, 8.326364681125e-03, 8.8587e-01, 8.9710e-03, 
 2DIAGNOSTIC,    15, -1.006292104721e+00, 5.557265132666e-03, 8.9521e-01, 9.3350e-03, 
 2DIAGNOSTIC,    16, -1.011048674583e+00, 3.242724109441e-03, 9.0447e-01, 9.2680e-03, 
 2DIAGNOSTIC,    17, -1.014701843262e+00, 1.602782052942e-03, 9.1518e-01, 1.0706e-02, 
 2DIAGNOSTIC,    18, -1.016471505165e+00, 9.313256596215e-04, 9.2450e-01, 9.3210e-03, 
 2DIAGNOSTIC,    19, -1.017608880997e+00, 9.590429253876e-04, 9.3388e-01, 9.3830e-03, 
 2DIAGNOSTIC,    20, -1.018439412117e+00, 9.076773421839e-04, 9.4634e-01, 1.2452e-02, 
 2DIAGNOSTIC,    21, -1.018716454506e+00, 7.919972413220e-04, 9.5529e-01, 8.9509e-03, 
 2DIAGNOSTIC,    22, -1.019040942192e+00, 6.357848178595e-04, 9.6453e-01, 9.2430e-03, 
 2DIAGNOSTIC,    23, -1.019484877586e+00, 4.671440110542e-04, 9.7821e-01, 1.3683e-02, 
 2DIAGNOSTIC,    24, -1.019760966301e+00, 3.120838373434e-04, 9.8795e-01, 9.7342e-03, 
 2DIAGNOSTIC,    25, -1.019897341728e+00, 1.923495728988e-04, 9.9748e-01, 9.5360e-03, 
 2DIAGNOSTIC,    26, -1.020158290863e+00, 1.208075773320e-04, 1.0088e+00, 1.1358e-02, 
 2DIAGNOSTIC,    27, -1.020799875259e+00, 9.024190512719e-05, 1.0204e+00, 1.1582e-02, 
 2DIAGNOSTIC,    28, -1.021016597748e+00, 7.407642988255e-05, 1.0302e+00, 9.8040e-03, 
 2DIAGNOSTIC,    29, -1.021130442619e+00, 6.473788380390e-05, 1.0414e+00, 1.1207e-02, 
 2DIAGNOSTIC,    30, -1.021172165871e+00, 5.867113213753e-05, 1.0509e+00, 9.4690e-03, 
 2DIAGNOSTIC,    31, -1.021202564240e+00, 5.045354555477e-05, 1.0615e+00, 1.0604e-02, 
 2DIAGNOSTIC,    32, -1.021247506142e+00, 4.131320747547e-05, 1.0710e+00, 9.4609e-03, 
 2DIAGNOSTIC,    33, -1.021303892136e+00, 3.328950697323e-05, 1.0819e+00, 1.0902e-02, 
 2DIAGNOSTIC,    34, -1.021317124367e+00, 2.523462353565e-05, 1.0936e+00, 1.1685e-02, 
 2DIAGNOSTIC,    35, -1.021319866180e+00, 1.654677544138e-05, 1.1040e+00, 1.0488e-02, 
 2DIAGNOSTIC,    36, -1.021323323250e+00, 8.906466064218e-06, 1.1141e+00, 1.0104e-02, 
 2DIAGNOSTIC,    37, -1.021324634552e+00, 5.944632903265e-06, 1.1255e+00, 1.1354e-02, 
 2DIAGNOSTIC,    38, -1.021324992180e+00, 4.296474344301e-06, 1.1354e+00, 9.9101e-03, 
 2DIAGNOSTIC,    39, -1.021325945854e+00, 3.259772711317e-06, 1.1443e+00, 8.9362e-03, 
 2DIAGNOSTIC,    40, -1.021325945854e+00, 2.352765022806e-06, 1.1567e+00, 1.2352e-02, 
 2DIAGNOSTIC,    41, -1.021326541901e+00, 1.561751446388e-06, 1.1668e+00, 1.0084e-02, 
 2DIAGNOSTIC,    42, -1.021326303482e+00, 1.035319087350e-06, 1.1756e+00, 8.8530e-03, 
DIAGNOSTIC,Iteration,metricValue,convergenceValue,ITERATION_TIME_INDEX,SINCE_LAST
 2DIAGNOSTIC,     1, -8.073762655258e-01, inf, 1.8098e+00, 6.3421e-01, 
 2DIAGNOSTIC,     2, -8.091969490051e-01, inf, 1.8444e+00, 3.4505e-02, 
 2DIAGNOSTIC,     3, -8.111582398415e-01, inf, 1.8794e+00, 3.5012e-02, 
 2DIAGNOSTIC,     4, -8.125292062759e-01, inf, 1.9126e+00, 3.3256e-02, 
 2DIAGNOSTIC,     5, -8.131818771362e-01, inf, 1.9453e+00, 3.2649e-02, 
 2DIAGNOSTIC,     6, -8.136584758759e-01, inf, 1.9774e+00, 3.2115e-02, 
 2DIAGNOSTIC,     7, -8.140495419502e-01, inf, 2.0097e+00, 3.2320e-02, 
 2DIAGNOSTIC,     8, -8.143464326859e-01, inf, 2.0541e+00, 4.4421e-02, 
 2DIAGNOSTIC,     9, -8.144211173058e-01, inf, 2.1059e+00, 5.1801e-02, 
 2DIAGNOSTIC,    10, -8.144230246544e-01, 5.152431549504e-04, 2.1379e+00, 3.1994e-02, 
 2DIAGNOSTIC,    11, -8.144558072090e-01, 3.223583917134e-04, 2.1704e+00, 3.2505e-02, 
 2DIAGNOSTIC,    12, -8.144835233688e-01, 1.857955794549e-04, 2.2035e+00, 3.3084e-02, 
 2DIAGNOSTIC,    13, -8.145015835762e-01, 1.061543662217e-04, 2.2376e+00, 3.4093e-02, 
 2DIAGNOSTIC,    14, -8.145334124565e-01, 6.330496398732e-05, 2.2702e+00, 3.2604e-02, 
 2DIAGNOSTIC,    15, -8.145774006844e-01, 3.672961247503e-05, 2.3033e+00, 3.3112e-02, 
 2DIAGNOSTIC,    16, -8.146428465843e-01, 2.198110632889e-05, 2.3443e+00, 4.1031e-02, 
 2DIAGNOSTIC,    17, -8.146826624870e-01, 1.580126445333e-05, 2.3894e+00, 4.5006e-02, 
 2DIAGNOSTIC,    18, -8.147023320198e-01, 1.513385086582e-05, 2.4425e+00, 5.3127e-02, 
 2DIAGNOSTIC,    19, -8.147025704384e-01, 1.469476137572e-05, 2.4756e+00, 3.3102e-02, 
 2DIAGNOSTIC,    20, -8.147115111351e-01, 1.327008249064e-05, 2.5083e+00, 3.2748e-02, 
 2DIAGNOSTIC,    21, -8.147230148315e-01, 1.160677311418e-05, 2.5454e+00, 3.7065e-02, 
 2DIAGNOSTIC,    22, -8.147354722023e-01, 9.780773325474e-06, 2.5823e+00, 3.6900e-02, 
 2DIAGNOSTIC,    23, -8.147434592247e-01, 7.731707228231e-06, 2.6226e+00, 4.0306e-02, 
 2DIAGNOSTIC,    24, -8.147467374802e-01, 5.772141776106e-06, 2.6564e+00, 3.3828e-02, 
 2DIAGNOSTIC,    25, -8.147522211075e-01, 4.228390480421e-06, 2.6895e+00, 3.3102e-02, 
 2DIAGNOSTIC,    26, -8.147572278976e-01, 3.456385684331e-06, 2.7224e+00, 3.2898e-02, 
 2DIAGNOSTIC,    27, -8.147620558739e-01, 3.099534069406e-06, 2.7586e+00, 3.6219e-02, 
 2DIAGNOSTIC,    28, -8.147670030594e-01, 2.895440957218e-06, 2.8116e+00, 5.2944e-02, 
 2DIAGNOSTIC,    29, -8.147675395012e-01, 2.548465545260e-06, 2.8487e+00, 3.7079e-02, 
 2DIAGNOSTIC,    30, -8.147683143616e-01, 2.200006974817e-06, 2.8858e+00, 3.7126e-02, 
 2DIAGNOSTIC,    31, -8.147683143616e-01, 1.892856403174e-06, 2.9219e+00, 3.6136e-02, 
 2DIAGNOSTIC,    32, -8.147692680359e-01, 1.667030005592e-06, 2.9587e+00, 3.6804e-02, 
 2DIAGNOSTIC,    33, -8.147696852684e-01, 1.479401248616e-06, 2.9913e+00, 3.2587e-02, 
 2DIAGNOSTIC,    34, -8.147799968719e-01, 1.393011871187e-06, 3.0277e+00, 3.6412e-02, 
 2DIAGNOSTIC,    35, -8.147901296616e-01, 1.421019646841e-06, 3.0598e+00, 3.2081e-02, 
 2DIAGNOSTIC,    36, -8.147898912430e-01, 1.442803863938e-06, 3.0927e+00, 3.2924e-02, 
 2DIAGNOSTIC,    37, -8.147917985916e-01, 1.475292151554e-06, 3.1331e+00, 4.0393e-02, 
 2DIAGNOSTIC,    38, -8.147993087769e-01, 1.562436068525e-06, 3.1695e+00, 3.6390e-02, 
 2DIAGNOSTIC,    39, -8.148002028465e-01, 1.585127506587e-06, 3.2108e+00, 4.1250e-02, 
 2DIAGNOSTIC,    40, -8.148084282875e-01, 1.611083234820e-06, 3.2508e+00, 4.0068e-02, 
 2DIAGNOSTIC,    41, -8.148089647293e-01, 1.562569082125e-06, 3.2866e+00, 3.5776e-02, 
 2DIAGNOSTIC,    42, -8.148086071014e-01, 1.448889975109e-06, 3.3308e+00, 4.4140e-02, 
 2DIAGNOSTIC,    43, -8.148096203804e-01, 1.284774498345e-06, 3.3669e+00, 3.6177e-02, 
 2DIAGNOSTIC,    44, -8.148095607758e-01, 1.154546907856e-06, 3.4068e+00, 3.9874e-02, 
 2DIAGNOSTIC,    45, -8.148095011711e-01, 1.067148446054e-06, 3.4480e+00, 4.1177e-02, 
DIAGNOSTIC,Iteration,metricValue,convergenceValue,ITERATION_TIME_INDEX,SINCE_LAST
 2DIAGNOSTIC,     1, -7.152516245842e-01, inf, 4.5498e+00, 1.1018e+00, 
 2DIAGNOSTIC,     2, -7.162846326828e-01, inf, 4.8124e+00, 2.6265e-01, 
 2DIAGNOSTIC,     3, -7.169745564461e-01, inf, 5.0698e+00, 2.5739e-01, 
 2DIAGNOSTIC,     4, -7.172588706017e-01, inf, 5.3285e+00, 2.5868e-01, 
 2DIAGNOSTIC,     5, -7.174633741379e-01, inf, 5.5869e+00, 2.5837e-01, 
 2DIAGNOSTIC,     6, -7.176606059074e-01, inf, 5.8493e+00, 2.6246e-01, 
 2DIAGNOSTIC,     7, -7.178427577019e-01, inf, 6.1057e+00, 2.5642e-01, 
 2DIAGNOSTIC,     8, -7.179467082024e-01, inf, 6.4851e+00, 3.7936e-01, 
 2DIAGNOSTIC,     9, -7.179514765739e-01, inf, 6.7732e+00, 2.8809e-01, 
 2DIAGNOSTIC,    10, -7.179568409920e-01, 2.072118222713e-04, 7.0316e+00, 2.5846e-01, 
 2DIAGNOSTIC,    11, -7.179644703865e-01, 1.210350601468e-04, 7.3272e+00, 2.9554e-01, 
 2DIAGNOSTIC,    12, -7.179685235023e-01, 7.230793562485e-05, 7.6220e+00, 2.9481e-01, 
 2DIAGNOSTIC,    13, -7.179741263390e-01, 4.584103589877e-05, 7.9109e+00, 2.8890e-01, 
 2DIAGNOSTIC,    14, -7.179740667343e-01, 2.723168472585e-05, 8.1678e+00, 2.5691e-01, 
 2DIAGNOSTIC,    15, -7.179775834084e-01, 1.427348161087e-05, 8.4585e+00, 2.9069e-01, 
 2DIAGNOSTIC,    16, -7.179830670357e-01, 6.739559921698e-06, 8.7454e+00, 2.8692e-01, 
 2DIAGNOSTIC,    17, -7.179836034775e-01, 3.840139925160e-06, 9.0342e+00, 2.8882e-01, 
 2DIAGNOSTIC,    18, -7.179844975471e-01, 3.389376388441e-06, 9.3234e+00, 2.8919e-01, 
 2DIAGNOSTIC,    19, -7.179849147797e-01, 2.944816060335e-06, 9.6112e+00, 2.8772e-01, 
 2DIAGNOSTIC,    20, -7.179874181747e-01, 2.579564579719e-06, 9.8725e+00, 2.6136e-01, 
 2DIAGNOSTIC,    21, -7.179865241051e-01, 2.280128001075e-06, 1.0159e+01, 2.8618e-01, 
 2DIAGNOSTIC,    22, -7.179917097092e-01, 2.101496193063e-06, 1.0453e+01, 2.9393e-01, 
 2DIAGNOSTIC,    23, -7.179920673370e-01, 1.979700982702e-06, 1.0772e+01, 3.1946e-01, 
 2DIAGNOSTIC,    24, -7.179907560349e-01, 1.789434350030e-06, 1.1061e+01, 2.8848e-01, 
 2DIAGNOSTIC,    25, -7.179921269417e-01, 1.647499288993e-06, 1.1387e+01, 3.2620e-01, 
 2DIAGNOSTIC,    26, -7.179914712906e-01, 1.553864990456e-06, 1.1690e+01, 3.0354e-01, 
 2DIAGNOSTIC,    27, -7.179916501045e-01, 1.445831344427e-06, 1.1983e+01, 2.9234e-01, 
 2DIAGNOSTIC,    28, -7.179905176163e-01, 1.316832936027e-06, 1.2272e+01, 2.8947e-01, 
 2DIAGNOSTIC,    29, -7.179915904999e-01, 1.200614747177e-06, 1.2558e+01, 2.8603e-01, 
 2DIAGNOSTIC,    30, -7.179912924767e-01, 1.111973347179e-06, 1.2884e+01, 3.2622e-01, 
 2DIAGNOSTIC,    31, -7.179917693138e-01, 1.016856231217e-06, 1.3211e+01, 3.2703e-01, 
DIAGNOSTIC,Iteration,metricValue,convergenceValue,ITERATION_TIME_INDEX,SINCE_LAST
 2DIAGNOSTIC,     1, -6.419231891632e-01, inf, 1.6032e+01, 2.8208e+00, 
  Elapsed time (stage 1): 1.7200e+01


Stage 2
  iterations = 100x100x70x20
  convergence threshold = 1.0000e-09
  convergence window size = 10
  number of levels = 4
  using the CC metric (radius = 4, weight = 1.0000e+00)
  preprocessing:  winsorizing the image intensities
  preprocessing:  histogram matching the images
  Shrink factors (level 1 out of 4): [6, 6, 6]
  Shrink factors (level 2 out of 4): [4, 4, 4]
  Shrink factors (level 3 out of 4): [2, 2, 2]
  Shrink factors (level 4 out of 4): [1, 1, 1]
  smoothing sigmas per level: [3, 2, 1, 0]
  Using default NONE metricSamplingStrategy 

*** Running SyN registration (varianceForUpdateField = 3.0000e+00, varianceForTotalField = 0.0000e+00) ***

XXDIAGNOSTIC,Iteration,metricValue,convergenceValue,ITERATION_TIME_INDEX,SINCE_LAST
 1DIAGNOSTIC,     1, -8.865002393723e-01, inf, 1.5026e+00, 1.5026e+00, 
 1DIAGNOSTIC,     2, -8.911622166634e-01, inf, 2.2775e+00, 7.7493e-01, 
 1DIAGNOSTIC,     3, -8.963599205017e-01, inf, 3.1044e+00, 8.2686e-01, 
 1DIAGNOSTIC,     4, -9.002328515053e-01, inf, 3.9054e+00, 8.0098e-01, 
 1DIAGNOSTIC,     5, -9.037888050079e-01, inf, 4.7083e+00, 8.0292e-01, 
 1DIAGNOSTIC,     6, -9.069126844406e-01, inf, 5.5093e+00, 8.0100e-01, 
 1DIAGNOSTIC,     7, -9.096250534058e-01, inf, 6.3153e+00, 8.0599e-01, 
 1DIAGNOSTIC,     8, -9.119026064873e-01, inf, 7.1336e+00, 8.1834e-01, 
 1DIAGNOSTIC,     9, -9.137908816338e-01, inf, 7.9283e+00, 7.9470e-01, 
 1DIAGNOSTIC,    10, -9.154015779495e-01, 2.031455747783e-03, 8.7249e+00, 7.9661e-01, 
 1DIAGNOSTIC,    11, -9.167760014534e-01, 1.602193573490e-03, 9.5509e+00, 8.2603e-01, 
 1DIAGNOSTIC,    12, -9.179618954659e-01, 1.252275775187e-03, 1.0361e+01, 8.0982e-01, 
 1DIAGNOSTIC,    13, -9.189943075180e-01, 9.927143109962e-04, 1.1195e+01, 8.3442e-01, 
 1DIAGNOSTIC,    14, -9.198908805847e-01, 7.861170452088e-04, 1.1980e+01, 7.8522e-01, 
 1DIAGNOSTIC,    15, -9.206737875938e-01, 6.252490566112e-04, 1.2792e+01, 8.1154e-01, 
 1DIAGNOSTIC,    16, -9.213677644730e-01, 5.012563196942e-04, 1.3600e+01, 8.0790e-01, 
 1DIAGNOSTIC,    17, -9.219845533371e-01, 4.064841486979e-04, 1.4415e+01, 8.1475e-01, 
 1DIAGNOSTIC,    18, -9.225313663483e-01, 3.333789645694e-04, 1.5218e+01, 8.0340e-01, 
 1DIAGNOSTIC,    19, -9.230219125748e-01, 2.759078342933e-04, 1.6042e+01, 8.2386e-01, 
 1DIAGNOSTIC,    20, -9.234652519226e-01, 2.303964283783e-04, 1.6874e+01, 8.3251e-01, 
 1DIAGNOSTIC,    21, -9.238677620888e-01, 1.939932844834e-04, 1.7689e+01, 8.1489e-01, 
 1DIAGNOSTIC,    22, -9.242348670959e-01, 1.646723976592e-04, 1.8516e+01, 8.2680e-01, 
 1DIAGNOSTIC,    23, -9.245705008507e-01, 1.409410760971e-04, 1.9346e+01, 8.2949e-01, 
 1DIAGNOSTIC,    24, -9.248787164688e-01, 1.215513329953e-04, 2.0176e+01, 8.3039e-01, 
 1DIAGNOSTIC,    25, -9.251605272293e-01, 1.055166940205e-04, 2.0992e+01, 8.1609e-01, 
 1DIAGNOSTIC,    26, -9.254209995270e-01, 9.219049388776e-05, 2.1820e+01, 8.2798e-01, 
 1DIAGNOSTIC,    27, -9.256601929665e-01, 8.101964340312e-05, 2.2638e+01, 8.1777e-01, 
 1DIAGNOSTIC,    28, -9.258787631989e-01, 7.150648161769e-05, 2.3465e+01, 8.2698e-01, 
 1DIAGNOSTIC,    29, -9.260885119438e-01, 6.341379048536e-05, 2.4258e+01, 7.9369e-01, 
 1DIAGNOSTIC,    30, -9.262818694115e-01, 5.647553916788e-05, 2.5083e+01, 8.2457e-01, 
 1DIAGNOSTIC,    31, -9.264649748802e-01, 5.053015047451e-05, 2.5858e+01, 7.7515e-01, 
 1DIAGNOSTIC,    32, -9.266393184662e-01, 4.545071715256e-05, 2.6662e+01, 8.0340e-01, 
 1DIAGNOSTIC,    33, -9.268013834953e-01, 4.108162829652e-05, 2.7470e+01, 8.0807e-01, 
 1DIAGNOSTIC,    34, -9.269538521767e-01, 3.730986645678e-05, 2.8293e+01, 8.2293e-01, 
 1DIAGNOSTIC,    35, -9.270964264870e-01, 3.400815694476e-05, 2.9127e+01, 8.3454e-01, 
 1DIAGNOSTIC,    36, -9.272331595421e-01, 3.111876503681e-05, 2.9933e+01, 8.0600e-01, 
 1DIAGNOSTIC,    37, -9.273622632027e-01, 2.855323327822e-05, 3.0729e+01, 7.9573e-01, 
 1DIAGNOSTIC,    38, -9.274846911430e-01, 2.622820829856e-05, 3.1517e+01, 7.8791e-01, 
 1DIAGNOSTIC,    39, -9.276019334793e-01, 2.416681854811e-05, 3.2295e+01, 7.7804e-01, 
 1DIAGNOSTIC,    40, -9.277133941650e-01, 2.231077451142e-05, 3.3075e+01, 7.8057e-01, 
 1DIAGNOSTIC,    41, -9.278193712234e-01, 2.064598993456e-05, 3.3893e+01, 8.1738e-01, 
 1DIAGNOSTIC,    42, -9.279208183289e-01, 1.916926339618e-05, 3.4724e+01, 8.3160e-01, 
 1DIAGNOSTIC,    43, -9.280140399933e-01, 1.781508217391e-05, 3.5528e+01, 8.0354e-01, 
 1DIAGNOSTIC,    44, -9.281047582626e-01, 1.657872417127e-05, 3.6339e+01, 8.1103e-01, 
 1DIAGNOSTIC,    45, -9.281920194626e-01, 1.543982034491e-05, 3.7130e+01, 7.9116e-01, 
 1DIAGNOSTIC,    46, -9.282757043839e-01, 1.440296091459e-05, 3.7934e+01, 8.0419e-01, 
 1DIAGNOSTIC,    47, -9.283497929573e-01, 1.341647021036e-05, 3.8744e+01, 8.0949e-01, 
 1DIAGNOSTIC,    48, -9.284233450890e-01, 1.249778961210e-05, 3.9574e+01, 8.3041e-01, 
 1DIAGNOSTIC,    49, -9.284957647324e-01, 1.166366018879e-05, 4.0407e+01, 8.3252e-01, 
 1DIAGNOSTIC,    50, -9.285616278648e-01, 1.088762564905e-05, 4.1189e+01, 7.8267e-01, 
 1DIAGNOSTIC,    51, -9.286260008812e-01, 1.017751401378e-05, 4.1987e+01, 7.9810e-01, 
 1DIAGNOSTIC,    52, -9.286864995956e-01, 9.528721420793e-06, 4.2785e+01, 7.9797e-01, 
 1DIAGNOSTIC,    53, -9.287434816360e-01, 8.912784323911e-06, 4.3589e+01, 8.0382e-01, 
 1DIAGNOSTIC,    54, -9.287965893745e-01, 8.333030564245e-06, 4.4381e+01, 7.9188e-01, 
 1DIAGNOSTIC,    55, -9.288413524628e-01, 7.761589586153e-06, 4.5177e+01, 7.9619e-01, 
 1DIAGNOSTIC,    56, -9.288895130157e-01, 7.239728347486e-06, 4.5997e+01, 8.2003e-01, 
 1DIAGNOSTIC,    57, -9.289287924767e-01, 6.700091034872e-06, 4.6799e+01, 8.0175e-01, 
 1DIAGNOSTIC,    58, -9.289721250534e-01, 6.202800250321e-06, 4.7602e+01, 8.0320e-01, 
 1DIAGNOSTIC,    59, -9.290131926537e-01, 5.764823981735e-06, 4.8404e+01, 8.0163e-01, 
 1DIAGNOSTIC,    60, -9.290520548820e-01, 5.370369308366e-06, 4.9207e+01, 8.0328e-01, 
 1DIAGNOSTIC,    61, -9.290890693665e-01, 5.029640306020e-06, 5.0007e+01, 7.9935e-01, 
 1DIAGNOSTIC,    62, -9.291241168976e-01, 4.735394213640e-06, 5.0830e+01, 8.2365e-01, 
 1DIAGNOSTIC,    63, -9.291575551033e-01, 4.480980805965e-06, 5.1656e+01, 8.2612e-01, 
 1DIAGNOSTIC,    64, -9.291895031929e-01, 4.256675765646e-06, 5.2467e+01, 8.1108e-01, 
 1DIAGNOSTIC,    65, -9.292199611664e-01, 4.028844614368e-06, 5.3287e+01, 8.2008e-01, 
 1DIAGNOSTIC,    66, -9.292487502098e-01, 3.822766757366e-06, 5.4107e+01, 8.1918e-01, 
 1DIAGNOSTIC,    67, -9.292764663696e-01, 3.605061010603e-06, 5.4920e+01, 8.1311e-01, 
 1DIAGNOSTIC,    68, -9.293035268784e-01, 3.407230224184e-06, 5.5734e+01, 8.1400e-01, 
 1DIAGNOSTIC,    69, -9.293288588524e-01, 3.224620968467e-06, 5.6546e+01, 8.1224e-01, 
 1DIAGNOSTIC,    70, -9.293530583382e-01, 3.054994522245e-06, 5.7361e+01, 8.1533e-01, 
 1DIAGNOSTIC,    71, -9.293767213821e-01, 2.899572336901e-06, 5.8240e+01, 8.7854e-01, 
 1DIAGNOSTIC,    72, -9.293966293335e-01, 2.744132416410e-06, 5.9064e+01, 8.2384e-01, 
 1DIAGNOSTIC,    73, -9.294122457504e-01, 2.575314738351e-06, 5.9894e+01, 8.3041e-01, 
 1DIAGNOSTIC,    74, -9.294329881668e-01, 2.421878662062e-06, 6.0721e+01, 8.2679e-01, 
 1DIAGNOSTIC,    75, -9.294528961182e-01, 2.284245510964e-06, 6.1544e+01, 8.2286e-01, 
 1DIAGNOSTIC,    76, -9.294717907906e-01, 2.161231122955e-06, 6.2330e+01, 7.8648e-01, 
 1DIAGNOSTIC,    77, -9.294895529747e-01, 2.053061734841e-06, 6.3122e+01, 7.9164e-01, 
 1DIAGNOSTIC,    78, -9.295071363449e-01, 1.963988097486e-06, 6.3960e+01, 8.3861e-01, 
 1DIAGNOSTIC,    79, -9.295242428780e-01, 1.890243424896e-06, 6.4787e+01, 8.2601e-01, 
 1DIAGNOSTIC,    80, -9.295407533646e-01, 1.828895392464e-06, 6.5612e+01, 8.2506e-01, 
 1DIAGNOSTIC,    81, -9.295564889908e-01, 1.778789055606e-06, 6.6390e+01, 7.7833e-01, 
 1DIAGNOSTIC,    82, -9.295715689659e-01, 1.726374421196e-06, 6.7214e+01, 8.2389e-01, 
 1DIAGNOSTIC,    83, -9.295862913132e-01, 1.656857079979e-06, 6.8013e+01, 7.9928e-01, 
 1DIAGNOSTIC,    84, -9.296002388000e-01, 1.591454065419e-06, 6.8844e+01, 8.3115e-01, 
 1DIAGNOSTIC,    85, -9.296140074730e-01, 1.530883423584e-06, 6.9646e+01, 8.0188e-01, 
 1DIAGNOSTIC,    86, -9.296272397041e-01, 1.473579800404e-06, 7.0423e+01, 7.7648e-01, 
 1DIAGNOSTIC,    87, -9.296398162842e-01, 1.416940904164e-06, 7.1254e+01, 8.3184e-01, 
 1DIAGNOSTIC,    88, -9.296519756317e-01, 1.362743660138e-06, 7.2092e+01, 8.3787e-01, 
 1DIAGNOSTIC,    89, -9.296642541885e-01, 1.313371740252e-06, 7.2909e+01, 8.1656e-01, 
 1DIAGNOSTIC,    90, -9.296755194664e-01, 1.266445224246e-06, 7.3719e+01, 8.1015e-01, 
 1DIAGNOSTIC,    91, -9.296866059303e-01, 1.221909769811e-06, 7.4549e+01, 8.3038e-01, 
 1DIAGNOSTIC,    92, -9.296886920929e-01, 1.150412686002e-06, 7.5379e+01, 8.2979e-01, 
 1DIAGNOSTIC,    93, -9.296991229057e-01, 1.085702024284e-06, 7.6211e+01, 8.3175e-01, 
 1DIAGNOSTIC,    94, -9.297094345093e-01, 1.028523911373e-06, 7.7006e+01, 7.9480e-01, 
 1DIAGNOSTIC,    95, -9.297189712524e-01, 9.798849305298e-07, 7.7808e+01, 8.0274e-01, 
 1DIAGNOSTIC,    96, -9.297273755074e-01, 9.385124712935e-07, 7.8638e+01, 8.2964e-01, 
 1DIAGNOSTIC,    97, -9.297364950180e-01, 9.078217431124e-07, 7.9458e+01, 8.1989e-01, 
 1DIAGNOSTIC,    98, -9.297451972961e-01, 8.863599987308e-07, 8.0272e+01, 8.1451e-01, 
 1DIAGNOSTIC,    99, -9.297512173653e-01, 8.666221447129e-07, 8.1059e+01, 7.8614e-01, 
 1DIAGNOSTIC,   100, -9.297595024109e-01, 8.538525548829e-07, 8.1882e+01, 8.2342e-01, 
XXDIAGNOSTIC,Iteration,metricValue,convergenceValue,ITERATION_TIME_INDEX,SINCE_LAST
 1DIAGNOSTIC,     1, -8.544220924377e-01, inf, 8.5189e+01, 3.3068e+00, 
 1DIAGNOSTIC,     2, -8.555787205696e-01, inf, 8.7809e+01, 2.6199e+00, 
 1DIAGNOSTIC,     3, -8.566514253616e-01, inf, 9.0408e+01, 2.5990e+00, 
 1DIAGNOSTIC,     4, -8.576927185059e-01, inf, 9.3021e+01, 2.6133e+00, 
 1DIAGNOSTIC,     5, -8.585133552551e-01, inf, 9.5656e+01, 2.6347e+00, 
 1DIAGNOSTIC,     6, -8.592698574066e-01, inf, 9.8295e+01, 2.6391e+00, 
 1DIAGNOSTIC,     7, -8.599687218666e-01, inf, 1.0089e+02, 2.5981e+00, 
 1DIAGNOSTIC,     8, -8.606135845184e-01, inf, 1.0350e+02, 2.6053e+00, 
 1DIAGNOSTIC,     9, -8.611657023430e-01, inf, 1.0613e+02, 2.6302e+00, 
 1DIAGNOSTIC,    10, -8.616119027138e-01, 5.341639625840e-04, 1.0873e+02, 2.6063e+00, 
 1DIAGNOSTIC,    11, -8.620858192444e-01, 4.353336407803e-04, 1.1133e+02, 2.5964e+00, 
 1DIAGNOSTIC,    12, -8.624611496925e-01, 3.559080359992e-04, 1.1393e+02, 2.6029e+00, 
 1DIAGNOSTIC,    13, -8.628046512604e-01, 2.923425054178e-04, 1.1654e+02, 2.6076e+00, 
 1DIAGNOSTIC,    14, -8.631299734116e-01, 2.435015921947e-04, 1.1915e+02, 2.6056e+00, 
 1DIAGNOSTIC,    15, -8.634302616119e-01, 2.035828510998e-04, 1.2177e+02, 2.6254e+00, 
 1DIAGNOSTIC,    16, -8.637093901634e-01, 1.713093370199e-04, 1.2444e+02, 2.6635e+00, 
 1DIAGNOSTIC,    17, -8.639661669731e-01, 1.455767051084e-04, 1.2702e+02, 2.5837e+00, 
 1DIAGNOSTIC,    18, -8.642064332962e-01, 1.254916278413e-04, 1.2962e+02, 2.5975e+00, 
 1DIAGNOSTIC,    19, -8.644302487373e-01, 1.094081235351e-04, 1.3223e+02, 2.6112e+00, 
 1DIAGNOSTIC,    20, -8.646519184113e-01, 9.578533354215e-05, 1.3482e+02, 2.5876e+00, 
 1DIAGNOSTIC,    21, -8.648571372032e-01, 8.524092118023e-05, 1.3743e+02, 2.6098e+00, 
 1DIAGNOSTIC,    22, -8.650412559509e-01, 7.613028719788e-05, 1.4002e+02, 2.5930e+00, 
 1DIAGNOSTIC,    23, -8.652169704437e-01, 6.818678957643e-05, 1.4262e+02, 2.5981e+00, 
 1DIAGNOSTIC,    24, -8.653808832169e-01, 6.128737732070e-05, 1.4524e+02, 2.6225e+00, 
 1DIAGNOSTIC,    25, -8.655387163162e-01, 5.527751272894e-05, 1.4781e+02, 2.5720e+00, 
 1DIAGNOSTIC,    26, -8.656816482544e-01, 4.993615948479e-05, 1.5041e+02, 2.6003e+00, 
 1DIAGNOSTIC,    27, -8.658189773560e-01, 4.515988985077e-05, 1.5302e+02, 2.6067e+00, 
 1DIAGNOSTIC,    28, -8.659408092499e-01, 4.079036079929e-05, 1.5561e+02, 2.5945e+00, 
 1DIAGNOSTIC,    29, -8.660612106323e-01, 3.684078910737e-05, 1.5824e+02, 2.6227e+00, 
 1DIAGNOSTIC,    30, -8.661724925041e-01, 3.338572787470e-05, 1.6083e+02, 2.5929e+00, 
 1DIAGNOSTIC,    31, -8.662778139114e-01, 3.035565350729e-05, 1.6344e+02, 2.6129e+00, 
 1DIAGNOSTIC,    32, -8.663763999939e-01, 2.761122232187e-05, 1.6606e+02, 2.6198e+00, 
 1DIAGNOSTIC,    33, -8.664791584015e-01, 2.525691525079e-05, 1.6867e+02, 2.6040e+00, 
 1DIAGNOSTIC,    34, -8.665705323219e-01, 2.317467078683e-05, 1.7126e+02, 2.5975e+00, 
 1DIAGNOSTIC,    35, -8.666549921036e-01, 2.135104659828e-05, 1.7386e+02, 2.5926e+00, 
 1DIAGNOSTIC,    36, -8.667377829552e-01, 1.972525205929e-05, 1.7649e+02, 2.6360e+00, 
 1DIAGNOSTIC,    37, -8.668153882027e-01, 1.828483982536e-05, 1.7907e+02, 2.5789e+00, 
 1DIAGNOSTIC,    38, -8.668889999390e-01, 1.693116973911e-05, 1.8168e+02, 2.6137e+00, 
 1DIAGNOSTIC,    39, -8.669595718384e-01, 1.570538188389e-05, 1.8430e+02, 2.6163e+00, 
 1DIAGNOSTIC,    40, -8.670234680176e-01, 1.454551966162e-05, 1.8691e+02, 2.6054e+00, 
 1DIAGNOSTIC,    41, -8.670859336853e-01, 1.346226144960e-05, 1.8953e+02, 2.6237e+00, 
 1DIAGNOSTIC,    42, -8.671444654465e-01, 1.243321821676e-05, 1.9217e+02, 2.6448e+00, 
 1DIAGNOSTIC,    43, -8.672088980675e-01, 1.160154079116e-05, 1.9479e+02, 2.6114e+00, 
 1DIAGNOSTIC,    44, -8.672664165497e-01, 1.086825704988e-05, 1.9741e+02, 2.6224e+00, 
 1DIAGNOSTIC,    45, -8.673201203346e-01, 1.019503633870e-05, 2.0000e+02, 2.5951e+00, 
 1DIAGNOSTIC,    46, -8.673724532127e-01, 9.599127224647e-06, 2.0266e+02, 2.6595e+00, 
 1DIAGNOSTIC,    47, -8.674216866493e-01, 9.052648238139e-06, 2.0525e+02, 2.5822e+00, 
 1DIAGNOSTIC,    48, -8.674705624580e-01, 8.554944542993e-06, 2.0784e+02, 2.5970e+00, 
 1DIAGNOSTIC,    49, -8.675134778023e-01, 8.073309800238e-06, 2.1043e+02, 2.5926e+00, 
 1DIAGNOSTIC,    50, -8.675603270531e-01, 7.620094493177e-06, 2.1315e+02, 2.7147e+00, 
 1DIAGNOSTIC,    51, -8.676023483276e-01, 7.180746706581e-06, 2.1574e+02, 2.5884e+00, 
 1DIAGNOSTIC,    52, -8.676434755325e-01, 6.750641659892e-06, 2.1834e+02, 2.6018e+00, 
 1DIAGNOSTIC,    53, -8.676866292953e-01, 6.407653927454e-06, 2.2097e+02, 2.6276e+00, 
 1DIAGNOSTIC,    54, -8.677229285240e-01, 6.083659627620e-06, 2.2358e+02, 2.6092e+00, 
 1DIAGNOSTIC,    55, -8.677588701248e-01, 5.773415523436e-06, 2.2623e+02, 2.6532e+00, 
 1DIAGNOSTIC,    56, -8.677952289581e-01, 5.489832801686e-06, 2.2891e+02, 2.6789e+00, 
 1DIAGNOSTIC,    57, -8.678307533264e-01, 5.225556378718e-06, 2.3154e+02, 2.6301e+00, 
 1DIAGNOSTIC,    58, -8.678634166718e-01, 4.978355264029e-06, 2.3416e+02, 2.6208e+00, 
 1DIAGNOSTIC,    59, -8.678957223892e-01, 4.727257419290e-06, 2.3675e+02, 2.5858e+00, 
 1DIAGNOSTIC,    60, -8.679279088974e-01, 4.510197868512e-06, 2.3936e+02, 2.6163e+00, 
 1DIAGNOSTIC,    61, -8.679564595222e-01, 4.292583071219e-06, 2.4195e+02, 2.5927e+00, 
 1DIAGNOSTIC,    62, -8.679845929146e-01, 4.081152837898e-06, 2.4456e+02, 2.6030e+00, 
 1DIAGNOSTIC,    63, -8.680115938187e-01, 3.895077952620e-06, 2.4715e+02, 2.5954e+00, 
 1DIAGNOSTIC,    64, -8.680374622345e-01, 3.703758920892e-06, 2.4979e+02, 2.6374e+00, 
 1DIAGNOSTIC,    65, -8.680629730225e-01, 3.516168817441e-06, 2.5240e+02, 2.6108e+00, 
 1DIAGNOSTIC,    66, -8.680828213692e-01, 3.318721383039e-06, 2.5503e+02, 2.6307e+00, 
 1DIAGNOSTIC,    67, -8.681073188782e-01, 3.145612481603e-06, 2.5768e+02, 2.6454e+00, 
 1DIAGNOSTIC,    68, -8.681328296661e-01, 2.997610863531e-06, 2.6028e+02, 2.6074e+00, 
 1DIAGNOSTIC,    69, -8.681535124779e-01, 2.858314473997e-06, 2.6289e+02, 2.6014e+00, 
 1DIAGNOSTIC,    70, -8.681806325912e-01, 2.767808155113e-06, 2.6554e+02, 2.6519e+00, 
 1DIAGNOSTIC,    71, -8.682023286819e-01, 2.686125753826e-06, 2.6812e+02, 2.5857e+00, 
 1DIAGNOSTIC,    72, -8.682220578194e-01, 2.606615453260e-06, 2.7075e+02, 2.6264e+00, 
 1DIAGNOSTIC,    73, -8.682470321655e-01, 2.551816805862e-06, 2.7334e+02, 2.5929e+00, 
 1DIAGNOSTIC,    74, -8.682658672333e-01, 2.489442977094e-06, 2.7594e+02, 2.5948e+00, 
 1DIAGNOSTIC,    75, -8.682852387428e-01, 2.424889999020e-06, 2.7853e+02, 2.5959e+00, 
 1DIAGNOSTIC,    76, -8.683004379272e-01, 2.318216274944e-06, 2.8116e+02, 2.6298e+00, 
 1DIAGNOSTIC,    77, -8.683209419250e-01, 2.221049726359e-06, 2.8376e+02, 2.6003e+00, 
 1DIAGNOSTIC,    78, -8.683366775513e-01, 2.123165813828e-06, 2.8639e+02, 2.6224e+00, 
 1DIAGNOSTIC,    79, -8.683533668518e-01, 2.014903202507e-06, 2.8897e+02, 2.5805e+00, 
 1DIAGNOSTIC,    80, -8.683690428734e-01, 1.927786570377e-06, 2.9157e+02, 2.5995e+00, 
 1DIAGNOSTIC,    81, -8.683863282204e-01, 1.851669367170e-06, 2.9422e+02, 2.6571e+00, 
 1DIAGNOSTIC,    82, -8.684025406837e-01, 1.777770080480e-06, 2.9682e+02, 2.6006e+00, 
 1DIAGNOSTIC,    83, -8.684183359146e-01, 1.730865960781e-06, 2.9942e+02, 2.6001e+00, 
 1DIAGNOSTIC,    84, -8.684341311455e-01, 1.688659381216e-06, 3.0202e+02, 2.5958e+00, 
 1DIAGNOSTIC,    85, -8.684499263763e-01, 1.655489086261e-06, 3.0463e+02, 2.6074e+00, 
 1DIAGNOSTIC,    86, -8.684660792351e-01, 1.616920485503e-06, 3.0722e+02, 2.5913e+00, 
 1DIAGNOSTIC,    87, -8.684805035591e-01, 1.589005137248e-06, 3.0983e+02, 2.6087e+00, 
 1DIAGNOSTIC,    88, -8.684945106506e-01, 1.553128640808e-06, 3.1248e+02, 2.6506e+00, 
 1DIAGNOSTIC,    89, -8.685076832771e-01, 1.511827349532e-06, 3.1508e+02, 2.6008e+00, 
 1DIAGNOSTIC,    90, -8.685243725777e-01, 1.476433794778e-06, 3.1768e+02, 2.6033e+00, 
 1DIAGNOSTIC,    91, -8.685382008553e-01, 1.443705286874e-06, 3.2033e+02, 2.6461e+00, 
 1DIAGNOSTIC,    92, -8.685498237610e-01, 1.403996293448e-06, 3.2293e+02, 2.6065e+00, 
 1DIAGNOSTIC,    93, -8.685639500618e-01, 1.367595928059e-06, 3.2554e+02, 2.6098e+00, 
 1DIAGNOSTIC,    94, -8.685786724091e-01, 1.337956405223e-06, 3.2820e+02, 2.6518e+00, 
 1DIAGNOSTIC,    95, -8.685873150826e-01, 1.294956064157e-06, 3.3080e+02, 2.6073e+00, 
 1DIAGNOSTIC,    96, -8.685998916626e-01, 1.257488634110e-06, 3.3347e+02, 2.6682e+00, 
 1DIAGNOSTIC,    97, -8.686119914055e-01, 1.219976297762e-06, 3.3608e+02, 2.6073e+00, 
 1DIAGNOSTIC,    98, -8.686240315437e-01, 1.183014660455e-06, 3.3868e+02, 2.6014e+00, 
 1DIAGNOSTIC,    99, -8.686349391937e-01, 1.142082169281e-06, 3.4127e+02, 2.5907e+00, 
 1DIAGNOSTIC,   100, -8.686464428902e-01, 1.114269593927e-06, 3.4390e+02, 2.6322e+00, 
XXDIAGNOSTIC,Iteration,metricValue,convergenceValue,ITERATION_TIME_INDEX,SINCE_LAST
 1DIAGNOSTIC,     1, -7.299850583076e-01, inf, 3.6617e+02, 2.2266e+01, 
 1DIAGNOSTIC,     2, -7.319494485855e-01, inf, 3.8714e+02, 2.0966e+01, 
 1DIAGNOSTIC,     3, -7.339038252831e-01, inf, 4.0843e+02, 2.1292e+01, 
 1DIAGNOSTIC,     4, -7.357041835785e-01, inf, 4.2949e+02, 2.1064e+01, 
 1DIAGNOSTIC,     5, -7.373266220093e-01, inf, 4.5068e+02, 2.1185e+01, 
 1DIAGNOSTIC,     6, -7.388078570366e-01, inf, 4.7176e+02, 2.1081e+01, 
 1DIAGNOSTIC,     7, -7.400928735733e-01, inf, 4.9319e+02, 2.1434e+01, 
 1DIAGNOSTIC,     8, -7.413433194160e-01, inf, 5.1453e+02, 2.1339e+01, 
 1DIAGNOSTIC,     9, -7.424415946007e-01, inf, 5.3586e+02, 2.1334e+01, 
 1DIAGNOSTIC,    10, -7.433671951294e-01, 1.161810243502e-03, 5.5691e+02, 2.1048e+01, 
 1DIAGNOSTIC,    11, -7.442228794098e-01, 9.605808882043e-04, 5.7810e+02, 2.1190e+01, 
 1DIAGNOSTIC,    12, -7.450152039528e-01, 7.945289253257e-04, 5.9905e+02, 2.0945e+01, 
 1DIAGNOSTIC,    13, -7.457528114319e-01, 6.613018922508e-04, 6.2025e+02, 2.1198e+01, 
 1DIAGNOSTIC,    14, -7.464373707771e-01, 5.547419423237e-04, 6.4144e+02, 2.1199e+01, 
 1DIAGNOSTIC,    15, -7.470688819885e-01, 4.690744972322e-04, 6.6254e+02, 2.1093e+01, 
 1DIAGNOSTIC,    16, -7.476636767387e-01, 4.006419330835e-04, 6.8397e+02, 2.1435e+01, 
 1DIAGNOSTIC,    17, -7.482190132141e-01, 3.445860638749e-04, 7.0528e+02, 2.1309e+01, 
 1DIAGNOSTIC,    18, -7.487391829491e-01, 3.003769379575e-04, 7.2677e+02, 2.1494e+01, 
 1DIAGNOSTIC,    19, -7.492287755013e-01, 2.648394438438e-04, 7.4788e+02, 2.1104e+01, 
 1DIAGNOSTIC,    20, -7.496824264526e-01, 2.345160173718e-04, 7.6912e+02, 2.1244e+01, 
 1DIAGNOSTIC,    21, -7.501140832901e-01, 2.085858577630e-04, 7.9031e+02, 2.1192e+01, 
 1DIAGNOSTIC,    22, -7.505242824554e-01, 1.863515208242e-04, 8.1150e+02, 2.1190e+01, 
 1DIAGNOSTIC,    23, -7.509078979492e-01, 1.671756763244e-04, 8.3269e+02, 2.1185e+01, 
 1DIAGNOSTIC,    24, -7.512717247009e-01, 1.505656982772e-04, 8.5415e+02, 2.1465e+01, 
 1DIAGNOSTIC,    25, -7.516129016876e-01, 1.359646994388e-04, 8.7545e+02, 2.1293e+01, 
 1DIAGNOSTIC,    26, -7.519339323044e-01, 1.231166097568e-04, 8.9696e+02, 2.1509e+01, 
 1DIAGNOSTIC,    27, -7.522356510162e-01, 1.117153078667e-04, 9.1840e+02, 2.1443e+01, 
 1DIAGNOSTIC,    28, -7.525215744972e-01, 1.015597154037e-04, 9.3940e+02, 2.0995e+01, 
 1DIAGNOSTIC,    29, -7.527942657471e-01, 9.253317693947e-05, 9.6076e+02, 2.1369e+01, 
 1DIAGNOSTIC,    30, -7.530531287193e-01, 8.441279351246e-05, 9.8219e+02, 2.1425e+01, 
 1DIAGNOSTIC,    31, -7.532941699028e-01, 7.709996134508e-05, 1.0031e+03, 2.0947e+01, 
 1DIAGNOSTIC,    32, -7.535197734833e-01, 7.052026194287e-05, 1.0243e+03, 2.1185e+01, 
 1DIAGNOSTIC,    33, -7.537279129028e-01, 6.449549255194e-05, 1.0456e+03, 2.1232e+01, 
 1DIAGNOSTIC,    34, -7.539249658585e-01, 5.900262840441e-05, 1.0668e+03, 2.1247e+01, 
 1DIAGNOSTIC,    35, -7.541182041168e-01, 5.405092451838e-05, 1.0880e+03, 2.1242e+01, 
 1DIAGNOSTIC,    36, -7.542936801910e-01, 4.950582297170e-05, 1.1095e+03, 2.1439e+01, 
 1DIAGNOSTIC,    37, -7.544655799866e-01, 4.539461588138e-05, 1.1318e+03, 2.2268e+01, 
 1DIAGNOSTIC,    38, -7.546327114105e-01, 4.174122659606e-05, 1.1529e+03, 2.1140e+01, 
 1DIAGNOSTIC,    39, -7.547812461853e-01, 3.843304875772e-05, 1.1741e+03, 2.1231e+01, 
 1DIAGNOSTIC,    40, -7.549316883087e-01, 3.554907380021e-05, 1.1951e+03, 2.1019e+01, 
 1DIAGNOSTIC,    41, -7.550732493401e-01, 3.299330637674e-05, 1.2166e+03, 2.1492e+01, 
 1DIAGNOSTIC,    42, -7.552049160004e-01, 3.067722354899e-05, 1.2379e+03, 2.1227e+01, 
 1DIAGNOSTIC,    43, -7.553334236145e-01, 2.855038292182e-05, 1.2594e+03, 2.1535e+01, 
 1DIAGNOSTIC,    44, -7.554531693459e-01, 2.656281139934e-05, 1.2805e+03, 2.1122e+01, 
 1DIAGNOSTIC,    45, -7.555682659149e-01, 2.476548979757e-05, 1.3016e+03, 2.1101e+01, 
 1DIAGNOSTIC,    46, -7.556781768799e-01, 2.307064096385e-05, 1.3229e+03, 2.1238e+01, 
 1DIAGNOSTIC,    47, -7.557876110077e-01, 2.155001675419e-05, 1.3442e+03, 2.1318e+01, 
 1DIAGNOSTIC,    48, -7.558887600899e-01, 2.019087514782e-05, 1.3654e+03, 2.1247e+01, 
 1DIAGNOSTIC,    49, -7.559840083122e-01, 1.888038605102e-05, 1.3866e+03, 2.1224e+01, 
 1DIAGNOSTIC,    50, -7.560784816742e-01, 1.771204915713e-05, 1.4076e+03, 2.0950e+01, 
 1DIAGNOSTIC,    51, -7.561697959900e-01, 1.666358730290e-05, 1.4288e+03, 2.1198e+01, 
 1DIAGNOSTIC,    52, -7.562539577484e-01, 1.567033541505e-05, 1.4498e+03, 2.0994e+01, 
 1DIAGNOSTIC,    53, -7.563387751579e-01, 1.477859041188e-05, 1.4709e+03, 2.1079e+01, 
 1DIAGNOSTIC,    54, -7.564170956612e-01, 1.393281127093e-05, 1.4921e+03, 2.1210e+01, 
 1DIAGNOSTIC,    55, -7.564979195595e-01, 1.317130136158e-05, 1.5133e+03, 2.1268e+01, 
 1DIAGNOSTIC,    56, -7.565762400627e-01, 1.248447370017e-05, 1.5345e+03, 2.1204e+01, 
 1DIAGNOSTIC,    57, -7.566404342651e-01, 1.181636616820e-05, 1.5564e+03, 2.1806e+01, 
 1DIAGNOSTIC,    58, -7.567095160484e-01, 1.119047647080e-05, 1.5775e+03, 2.1139e+01, 
 1DIAGNOSTIC,    59, -7.567744851112e-01, 1.057830650097e-05, 1.5986e+03, 2.1064e+01, 
 1DIAGNOSTIC,    60, -7.568432092667e-01, 1.003815941658e-05, 1.6197e+03, 2.1165e+01, 
 1DIAGNOSTIC,    61, -7.569029331207e-01, 9.526569556328e-06, 1.6410e+03, 2.1277e+01, 
 1DIAGNOSTIC,    62, -7.569602727890e-01, 9.019667231769e-06, 1.6623e+03, 2.1252e+01, 
 1DIAGNOSTIC,    63, -7.570166587830e-01, 8.550415259378e-06, 1.6841e+03, 2.1804e+01, 
 1DIAGNOSTIC,    64, -7.570750117302e-01, 8.118903679133e-06, 1.7053e+03, 2.1289e+01, 
 1DIAGNOSTIC,    65, -7.571293711662e-01, 7.742476554995e-06, 1.7267e+03, 2.1311e+01, 
 1DIAGNOSTIC,    66, -7.571825981140e-01, 7.425715011777e-06, 1.7479e+03, 2.1244e+01, 
 1DIAGNOSTIC,    67, -7.572323679924e-01, 7.085559900588e-06, 1.7690e+03, 2.1106e+01, 
 1DIAGNOSTIC,    68, -7.572841644287e-01, 6.783837307012e-06, 1.7903e+03, 2.1269e+01, 
 1DIAGNOSTIC,    69, -7.573305368423e-01, 6.483417109848e-06, 1.8114e+03, 2.1125e+01, 
 1DIAGNOSTIC,    70, -7.573747634888e-01, 6.214519544301e-06, 1.8326e+03, 2.1212e+01, 
XXDIAGNOSTIC,Iteration,metricValue,convergenceValue,ITERATION_TIME_INDEX,SINCE_LAST
 1DIAGNOSTIC,     1, -4.535100460052e-01, inf, 2.0061e+03, 1.7352e+02, 
 1DIAGNOSTIC,     2, -4.552762508392e-01, inf, 2.1767e+03, 1.7059e+02, 
 1DIAGNOSTIC,     3, -4.573479890823e-01, inf, 2.3483e+03, 1.7161e+02, 
 1DIAGNOSTIC,     4, -4.594825804234e-01, inf, 2.5178e+03, 1.6951e+02, 
 1DIAGNOSTIC,     5, -4.613923728466e-01, inf, 2.6891e+03, 1.7128e+02, 
 1DIAGNOSTIC,     6, -4.630996882915e-01, inf, 2.8595e+03, 1.7044e+02, 
 1DIAGNOSTIC,     7, -4.647843539715e-01, inf, 3.0300e+03, 1.7042e+02, 
 1DIAGNOSTIC,     8, -4.664202928543e-01, inf, 3.2008e+03, 1.7087e+02, 
 1DIAGNOSTIC,     9, -4.680164456367e-01, inf, 3.3707e+03, 1.6989e+02, 
 1DIAGNOSTIC,    10, -4.694941043854e-01, 2.233193255961e-03, 3.5428e+03, 1.7203e+02, 
 1DIAGNOSTIC,    11, -4.709030389786e-01, 1.949199824594e-03, 3.7132e+03, 1.7040e+02, 
 1DIAGNOSTIC,    12, -4.722091555595e-01, 1.693638507277e-03, 3.8831e+03, 1.6993e+02, 
 1DIAGNOSTIC,    13, -4.734835028648e-01, 1.480711624026e-03, 4.0543e+03, 1.7118e+02, 
 1DIAGNOSTIC,    14, -4.747039079666e-01, 1.309054554440e-03, 4.2253e+03, 1.7106e+02, 
 1DIAGNOSTIC,    15, -4.758842289448e-01, 1.165650552139e-03, 4.3948e+03, 1.6946e+02, 
 1DIAGNOSTIC,    16, -4.770402908325e-01, 1.041550654918e-03, 4.5651e+03, 1.7034e+02, 
 1DIAGNOSTIC,    17, -4.781815707684e-01, 9.365666192025e-04, 4.7358e+03, 1.7064e+02, 
 1DIAGNOSTIC,    18, -4.791736006737e-01, 8.446900174022e-04, 4.9101e+03, 1.7432e+02, 
 1DIAGNOSTIC,    19, -4.800540208817e-01, 7.627645391040e-04, 5.0846e+03, 1.7455e+02, 
 1DIAGNOSTIC,    20, -4.808941185474e-01, 6.879232823849e-04, 5.2559e+03, 1.7125e+02, 
  Elapsed time (stage 2): 5258


Total elapsed time: 5292
Using single precision for computations.
Input scalar image: /home/mpib/nemecz/Projects/miniTRK/Results/01_MRI/GroupTempl/T1w/T_template0sub-112188_T1wRepaired.nii.gz
Reference image: /home/mpib/nemecz/Projects/miniTRK/Results/01_MRI/GroupTempl/T1w/T_template0.nii.gz
=============================================================================
The composite transform comprises the following transforms (in order): 
  1. /home/mpib/nemecz/Projects/miniTRK/Results/01_MRI/GroupTempl/T1w/T_sub-112188_T1w10GenericAffine.mat (type = AffineTransform)
  2. /home/mpib/nemecz/Projects/miniTRK/Results/01_MRI/GroupTempl/T1w/T_sub-112188_T1w11Warp.nii.gz (type = DisplacementFieldTransform)
=============================================================================
Default pixel value: 0
Interpolation type: LinearInterpolateImageFunction
Output warped image: /home/mpib/nemecz/Projects/miniTRK/Results/01_MRI/GroupTempl/T1w/T_template0sub-112188_T1w1WarpedToTemplate.nii.gz
