
Running N4 for 3-dimensional images.

Mask not read.  Using the entire image as the mask.

Original intensity range:  [0, 970]

***********************************************************
Warning:  Your input image contains nonpositive values
which could cause failure or problematic results.  A
possible workaround would be to:
   1. rescale your image to positive values e.g., [10,100].
   2. run N4 on your rescaled image.
   3. (optional) rescale the N4 output to the original
      intensity range.
***********************************************************

Specified spline distance: 200mm
  original image size:  [192, 256, 256]
  padded image size:  [201, 401, 401]
  number of control points:  [4, 5, 5]

Current level = 1
  Iteration 1 (of 50).   Current convergence value = 0.000753183 (threshold = 1e-08)
  Iteration 2 (of 50).   Current convergence value = 0.000478587 (threshold = 1e-08)
  Iteration 3 (of 50).   Current convergence value = 0.00031201 (threshold = 1e-08)
  Iteration 4 (of 50).   Current convergence value = 0.000229922 (threshold = 1e-08)
  Iteration 5 (of 50).   Current convergence value = 0.00017976 (threshold = 1e-08)
  Iteration 6 (of 50).   Current convergence value = 0.000146589 (threshold = 1e-08)
  Iteration 7 (of 50).   Current convergence value = 0.000125082 (threshold = 1e-08)
  Iteration 8 (of 50).   Current convergence value = 0.000111464 (threshold = 1e-08)
  Iteration 9 (of 50).   Current convergence value = 0.000102596 (threshold = 1e-08)
  Iteration 10 (of 50).   Current convergence value = 9.66927e-05 (threshold = 1e-08)
  Iteration 11 (of 50).   Current convergence value = 9.24853e-05 (threshold = 1e-08)
  Iteration 12 (of 50).   Current convergence value = 8.89471e-05 (threshold = 1e-08)
  Iteration 13 (of 50).   Current convergence value = 8.53954e-05 (threshold = 1e-08)
  Iteration 14 (of 50).   Current convergence value = 8.23178e-05 (threshold = 1e-08)
  Iteration 15 (of 50).   Current convergence value = 7.87035e-05 (threshold = 1e-08)
  Iteration 16 (of 50).   Current convergence value = 7.50839e-05 (threshold = 1e-08)
  Iteration 17 (of 50).   Current convergence value = 7.1545e-05 (threshold = 1e-08)
  Iteration 18 (of 50).   Current convergence value = 6.81101e-05 (threshold = 1e-08)
  Iteration 19 (of 50).   Current convergence value = 6.47995e-05 (threshold = 1e-08)
  Iteration 20 (of 50).   Current convergence value = 6.13694e-05 (threshold = 1e-08)
  Iteration 21 (of 50).   Current convergence value = 5.85053e-05 (threshold = 1e-08)
  Iteration 22 (of 50).   Current convergence value = 5.5572e-05 (threshold = 1e-08)
  Iteration 23 (of 50).   Current convergence value = 5.2859e-05 (threshold = 1e-08)
  Iteration 24 (of 50).   Current convergence value = 5.02659e-05 (threshold = 1e-08)
  Iteration 25 (of 50).   Current convergence value = 4.80539e-05 (threshold = 1e-08)
  Iteration 26 (of 50).   Current convergence value = 4.58481e-05 (threshold = 1e-08)
  Iteration 27 (of 50).   Current convergence value = 4.38956e-05 (threshold = 1e-08)
  Iteration 28 (of 50).   Current convergence value = 4.20903e-05 (threshold = 1e-08)
  Iteration 29 (of 50).   Current convergence value = 4.04717e-05 (threshold = 1e-08)
  Iteration 30 (of 50).   Current convergence value = 3.90886e-05 (threshold = 1e-08)
  Iteration 31 (of 50).   Current convergence value = 3.78432e-05 (threshold = 1e-08)
  Iteration 32 (of 50).   Current convergence value = 3.67245e-05 (threshold = 1e-08)
  Iteration 33 (of 50).   Current convergence value = 3.58133e-05 (threshold = 1e-08)
  Iteration 34 (of 50).   Current convergence value = 3.5082e-05 (threshold = 1e-08)
  Iteration 35 (of 50).   Current convergence value = 3.44978e-05 (threshold = 1e-08)
  Iteration 36 (of 50).   Current convergence value = 3.40658e-05 (threshold = 1e-08)
  Iteration 37 (of 50).   Current convergence value = 3.3751e-05 (threshold = 1e-08)
  Iteration 38 (of 50).   Current convergence value = 3.35453e-05 (threshold = 1e-08)
  Iteration 39 (of 50).   Current convergence value = 3.34458e-05 (threshold = 1e-08)
  Iteration 40 (of 50).   Current convergence value = 3.34589e-05 (threshold = 1e-08)
  Iteration 41 (of 50).   Current convergence value = 3.34998e-05 (threshold = 1e-08)
  Iteration 42 (of 50).   Current convergence value = 3.365e-05 (threshold = 1e-08)
  Iteration 43 (of 50).   Current convergence value = 3.3896e-05 (threshold = 1e-08)
  Iteration 44 (of 50).   Current convergence value = 3.41114e-05 (threshold = 1e-08)
  Iteration 45 (of 50).   Current convergence value = 3.44145e-05 (threshold = 1e-08)
  Iteration 46 (of 50).   Current convergence value = 3.47485e-05 (threshold = 1e-08)
  Iteration 47 (of 50).   Current convergence value = 3.51689e-05 (threshold = 1e-08)
  Iteration 48 (of 50).   Current convergence value = 3.54825e-05 (threshold = 1e-08)
  Iteration 49 (of 50).   Current convergence value = 3.58395e-05 (threshold = 1e-08)
  Iteration 50 (of 50).   Current convergence value = 3.63029e-05 (threshold = 1e-08)
Current level = 2
  Iteration 1 (of 50).   Current convergence value = 0.000542103 (threshold = 1e-08)
  Iteration 2 (of 50).   Current convergence value = 0.000511062 (threshold = 1e-08)
  Iteration 3 (of 50).   Current convergence value = 0.000496915 (threshold = 1e-08)
  Iteration 4 (of 50).   Current convergence value = 0.000483468 (threshold = 1e-08)
  Iteration 5 (of 50).   Current convergence value = 0.000468581 (threshold = 1e-08)
  Iteration 6 (of 50).   Current convergence value = 0.000451708 (threshold = 1e-08)
  Iteration 7 (of 50).   Current convergence value = 0.000433795 (threshold = 1e-08)
  Iteration 8 (of 50).   Current convergence value = 0.000415924 (threshold = 1e-08)
  Iteration 9 (of 50).   Current convergence value = 0.000398557 (threshold = 1e-08)
  Iteration 10 (of 50).   Current convergence value = 0.00038126 (threshold = 1e-08)
  Iteration 11 (of 50).   Current convergence value = 0.00036481 (threshold = 1e-08)
  Iteration 12 (of 50).   Current convergence value = 0.000349732 (threshold = 1e-08)
  Iteration 13 (of 50).   Current convergence value = 0.000335943 (threshold = 1e-08)
  Iteration 14 (of 50).   Current convergence value = 0.000323285 (threshold = 1e-08)
  Iteration 15 (of 50).   Current convergence value = 0.000311882 (threshold = 1e-08)
  Iteration 16 (of 50).   Current convergence value = 0.000301566 (threshold = 1e-08)
  Iteration 17 (of 50).   Current convergence value = 0.000292142 (threshold = 1e-08)
  Iteration 18 (of 50).   Current convergence value = 0.000283739 (threshold = 1e-08)
  Iteration 19 (of 50).   Current convergence value = 0.000276373 (threshold = 1e-08)
  Iteration 20 (of 50).   Current convergence value = 0.000269354 (threshold = 1e-08)
  Iteration 21 (of 50).   Current convergence value = 0.000261632 (threshold = 1e-08)
  Iteration 22 (of 50).   Current convergence value = 0.000254818 (threshold = 1e-08)
  Iteration 23 (of 50).   Current convergence value = 0.000248448 (threshold = 1e-08)
  Iteration 24 (of 50).   Current convergence value = 0.000242686 (threshold = 1e-08)
  Iteration 25 (of 50).   Current convergence value = 0.000237363 (threshold = 1e-08)
  Iteration 26 (of 50).   Current convergence value = 0.000232231 (threshold = 1e-08)
  Iteration 27 (of 50).   Current convergence value = 0.0002276 (threshold = 1e-08)
  Iteration 28 (of 50).   Current convergence value = 0.000223346 (threshold = 1e-08)
  Iteration 29 (of 50).   Current convergence value = 0.000219531 (threshold = 1e-08)
  Iteration 30 (of 50).   Current convergence value = 0.000215773 (threshold = 1e-08)
  Iteration 31 (of 50).   Current convergence value = 0.000212312 (threshold = 1e-08)
  Iteration 32 (of 50).   Current convergence value = 0.000208903 (threshold = 1e-08)
  Iteration 33 (of 50).   Current convergence value = 0.000205746 (threshold = 1e-08)
  Iteration 34 (of 50).   Current convergence value = 0.000202747 (threshold = 1e-08)
  Iteration 35 (of 50).   Current convergence value = 0.000199816 (threshold = 1e-08)
  Iteration 36 (of 50).   Current convergence value = 0.000197312 (threshold = 1e-08)
  Iteration 37 (of 50).   Current convergence value = 0.000194725 (threshold = 1e-08)
  Iteration 38 (of 50).   Current convergence value = 0.000192143 (threshold = 1e-08)
  Iteration 39 (of 50).   Current convergence value = 0.00018977 (threshold = 1e-08)
  Iteration 40 (of 50).   Current convergence value = 0.000187496 (threshold = 1e-08)
  Iteration 41 (of 50).   Current convergence value = 0.000185319 (threshold = 1e-08)
  Iteration 42 (of 50).   Current convergence value = 0.000183251 (threshold = 1e-08)
  Iteration 43 (of 50).   Current convergence value = 0.000181262 (threshold = 1e-08)
  Iteration 44 (of 50).   Current convergence value = 0.000179457 (threshold = 1e-08)
  Iteration 45 (of 50).   Current convergence value = 0.000177666 (threshold = 1e-08)
  Iteration 46 (of 50).   Current convergence value = 0.000175872 (threshold = 1e-08)
  Iteration 47 (of 50).   Current convergence value = 0.00017417 (threshold = 1e-08)
  Iteration 48 (of 50).   Current convergence value = 0.000172522 (threshold = 1e-08)
  Iteration 49 (of 50).   Current convergence value = 0.00017088 (threshold = 1e-08)
  Iteration 50 (of 50).   Current convergence value = 0.000169348 (threshold = 1e-08)
Current level = 3
  Iteration 1 (of 40).   Current convergence value = 0.0016237 (threshold = 1e-08)
  Iteration 2 (of 40).   Current convergence value = 0.00150976 (threshold = 1e-08)
  Iteration 3 (of 40).   Current convergence value = 0.00144705 (threshold = 1e-08)
  Iteration 4 (of 40).   Current convergence value = 0.00143016 (threshold = 1e-08)
  Iteration 5 (of 40).   Current convergence value = 0.00138929 (threshold = 1e-08)
  Iteration 6 (of 40).   Current convergence value = 0.00134522 (threshold = 1e-08)
  Iteration 7 (of 40).   Current convergence value = 0.00127756 (threshold = 1e-08)
  Iteration 8 (of 40).   Current convergence value = 0.0012116 (threshold = 1e-08)
  Iteration 9 (of 40).   Current convergence value = 0.00115364 (threshold = 1e-08)
  Iteration 10 (of 40).   Current convergence value = 0.00110372 (threshold = 1e-08)
  Iteration 11 (of 40).   Current convergence value = 0.00106056 (threshold = 1e-08)
  Iteration 12 (of 40).   Current convergence value = 0.00102396 (threshold = 1e-08)
  Iteration 13 (of 40).   Current convergence value = 0.000993165 (threshold = 1e-08)
  Iteration 14 (of 40).   Current convergence value = 0.000982391 (threshold = 1e-08)
  Iteration 15 (of 40).   Current convergence value = 0.000977912 (threshold = 1e-08)
  Iteration 16 (of 40).   Current convergence value = 0.00097747 (threshold = 1e-08)
  Iteration 17 (of 40).   Current convergence value = 0.000979846 (threshold = 1e-08)
  Iteration 18 (of 40).   Current convergence value = 0.000970398 (threshold = 1e-08)
  Iteration 19 (of 40).   Current convergence value = 0.00090347 (threshold = 1e-08)
  Iteration 20 (of 40).   Current convergence value = 0.000849988 (threshold = 1e-08)
  Iteration 21 (of 40).   Current convergence value = 0.000806563 (threshold = 1e-08)
  Iteration 22 (of 40).   Current convergence value = 0.000758798 (threshold = 1e-08)
  Iteration 23 (of 40).   Current convergence value = 0.000713628 (threshold = 1e-08)
  Iteration 24 (of 40).   Current convergence value = 0.000676532 (threshold = 1e-08)
  Iteration 25 (of 40).   Current convergence value = 0.000645497 (threshold = 1e-08)
  Iteration 26 (of 40).   Current convergence value = 0.000619641 (threshold = 1e-08)
  Iteration 27 (of 40).   Current convergence value = 0.000597735 (threshold = 1e-08)
  Iteration 28 (of 40).   Current convergence value = 0.000579893 (threshold = 1e-08)
  Iteration 29 (of 40).   Current convergence value = 0.000564588 (threshold = 1e-08)
  Iteration 30 (of 40).   Current convergence value = 0.000549278 (threshold = 1e-08)
  Iteration 31 (of 40).   Current convergence value = 0.000536289 (threshold = 1e-08)
  Iteration 32 (of 40).   Current convergence value = 0.000525469 (threshold = 1e-08)
  Iteration 33 (of 40).   Current convergence value = 0.000516315 (threshold = 1e-08)
  Iteration 34 (of 40).   Current convergence value = 0.000508793 (threshold = 1e-08)
  Iteration 35 (of 40).   Current convergence value = 0.00050207 (threshold = 1e-08)
  Iteration 36 (of 40).   Current convergence value = 0.000484039 (threshold = 1e-08)
  Iteration 37 (of 40).   Current convergence value = 0.00046866 (threshold = 1e-08)
  Iteration 38 (of 40).   Current convergence value = 0.000456854 (threshold = 1e-08)
  Iteration 39 (of 40).   Current convergence value = 0.000447516 (threshold = 1e-08)
  Iteration 40 (of 40).   Current convergence value = 0.000439761 (threshold = 1e-08)
Current level = 4
  Iteration 1 (of 30).   Current convergence value = 0.0019372 (threshold = 1e-08)
  Iteration 2 (of 30).   Current convergence value = 0.00196002 (threshold = 1e-08)
  Iteration 3 (of 30).   Current convergence value = 0.00224742 (threshold = 1e-08)
  Iteration 4 (of 30).   Current convergence value = 0.00236862 (threshold = 1e-08)
  Iteration 5 (of 30).   Current convergence value = 0.00218988 (threshold = 1e-08)
  Iteration 6 (of 30).   Current convergence value = 0.00209976 (threshold = 1e-08)
  Iteration 7 (of 30).   Current convergence value = 0.00204525 (threshold = 1e-08)
  Iteration 8 (of 30).   Current convergence value = 0.00200609 (threshold = 1e-08)
  Iteration 9 (of 30).   Current convergence value = 0.0019652 (threshold = 1e-08)
  Iteration 10 (of 30).   Current convergence value = 0.0019277 (threshold = 1e-08)
  Iteration 11 (of 30).   Current convergence value = 0.0018767 (threshold = 1e-08)
  Iteration 12 (of 30).   Current convergence value = 0.00183965 (threshold = 1e-08)
  Iteration 13 (of 30).   Current convergence value = 0.00182661 (threshold = 1e-08)
  Iteration 14 (of 30).   Current convergence value = 0.00179499 (threshold = 1e-08)
  Iteration 15 (of 30).   Current convergence value = 0.00172826 (threshold = 1e-08)
  Iteration 16 (of 30).   Current convergence value = 0.0016311 (threshold = 1e-08)
  Iteration 17 (of 30).   Current convergence value = 0.00160288 (threshold = 1e-08)
  Iteration 18 (of 30).   Current convergence value = 0.00164347 (threshold = 1e-08)
  Iteration 19 (of 30).   Current convergence value = 0.00166686 (threshold = 1e-08)
  Iteration 20 (of 30).   Current convergence value = 0.00167233 (threshold = 1e-08)
  Iteration 21 (of 30).   Current convergence value = 0.0015555 (threshold = 1e-08)
  Iteration 22 (of 30).   Current convergence value = 0.00141331 (threshold = 1e-08)
  Iteration 23 (of 30).   Current convergence value = 0.00130495 (threshold = 1e-08)
  Iteration 24 (of 30).   Current convergence value = 0.00117272 (threshold = 1e-08)
  Iteration 25 (of 30).   Current convergence value = 0.00101455 (threshold = 1e-08)
  Iteration 26 (of 30).   Current convergence value = 0.000865994 (threshold = 1e-08)
  Iteration 27 (of 30).   Current convergence value = 0.000819227 (threshold = 1e-08)
  Iteration 28 (of 30).   Current convergence value = 0.00079716 (threshold = 1e-08)
  Iteration 29 (of 30).   Current convergence value = 0.000785454 (threshold = 1e-08)
  Iteration 30 (of 30).   Current convergence value = 0.000794557 (threshold = 1e-08)
   N4BiasFieldCorrectionImageFilter (0x555907c11e20)
     RTTI typeinfo:   itk::N4BiasFieldCorrectionImageFilter<itk::Image<float, 3u>, itk::Image<float, 3u>, itk::Image<float, 3u> >
     Reference Count: 1
     Modified Time: 565
     Debug: Off
     Object Name: 
     Observers: 
       IterationEvent(Command)
     Inputs: 
       ConfidenceImage: (0)
       MaskImage: (0x555907c3c5e0)
       Primary: (0x555907c37ae0) *
     Indexed Inputs: 
       0: Primary (0x555907c37ae0)
       1: MaskImage (0x555907c3c5e0)
       2: ConfidenceImage (0)
     Required Input Names: Primary
     NumberOfRequiredInputs: 1
     Outputs: 
       Primary: (0x555907c21ef0)
     Indexed Outputs: 
       0: Primary (0x555907c21ef0)
     NumberOfRequiredOutputs: 1
     Number Of Work Units: 32
     ReleaseDataFlag: Off
     ReleaseDataBeforeUpdateFlag: Off
     AbortGenerateData: Off
     Progress: 0
     Multithreader: 
       RTTI typeinfo:   itk::PoolMultiThreader
       Reference Count: 1
       Modified Time: 144
       Debug: Off
       Object Name: 
       Observers: 
         none
       Number of Work Units: 32
       Number of Threads: 8
       Global Maximum Number Of Threads: 128
       Global Default Number Of Threads: 8
       Global Default Threader Type: itk::MultiThreaderBaseEnums::Threader::Pool
       SingleMethod: 0
       SingleData: 0
     DynamicMultiThreading: On
     CoordinateTolerance: 1e-06
     DirectionTolerance: 1e-06
     Use Mask Label: 0
     Mask label: 1
     Number of histogram bins: 200
     Wiener filter noise: 0.01
     Bias field FWHM: 0.15
     Maximum number of iterations: [50, 50, 40, 30]
     Convergence threshold: 1e-08
     Spline order: 3
     Number of fitting levels: [4, 4, 4]
     Number of control points: [4, 5, 5]
     CurrentConvergenceMeasurement: 0.000794557
     CurrentLevel: 4
     ElapsedIterations: 31
     LogBiasFieldControlPointLattice: 
       Image (0x555913bbb020)
         RTTI typeinfo:   itk::Image<itk::Vector<float, 1u>, 3u>
         Reference Count: 1
         Modified Time: 343560
         Debug: Off
         Object Name: 
         Observers: 
           none
         Source: (none)
         Source output name: (none)
         Release Data: Off
         Data Released: False
         Global Release Data: Off
         PipelineMTime: 0
         UpdateMTime: 0
         RealTimeStamp: 0 seconds 
         LargestPossibleRegion: 
           Dimension: 3
           Index: [0, 0, 0]
           Size: [11, 19, 19]
         BufferedRegion: 
           Dimension: 3
           Index: [0, 0, 0]
           Size: [11, 19, 19]
         RequestedRegion: 
           Dimension: 3
           Index: [0, 0, 0]
           Size: [11, 19, 19]
         Spacing: [24.75, 24.875, 24.875]
         Origin: [25.1949, 20.171, -28.4331]
         Direction: 
-0.999368 -0.0326182 0.0141036
0.034311 -0.988989 0.143957
0.00925269 0.14435 0.989483

         IndexToPointMatrix: 
-24.7344 -0.811378 0.350827
0.849198 -24.6011 3.58093
0.229004 3.59071 24.6134

         PointToIndexMatrix: 
-0.0403785 0.0013863 0.000373846
-0.00131128 -0.0397583 0.00580302
0.000566979 0.00578722 0.0397782

         Inverse Direction: 
-0.999368 0.034311 0.00925269
-0.0326182 -0.988989 0.14435
0.0141036 0.143957 0.989483

         PixelContainer: 
           ImportImageContainer (0x55590e71f970)
             RTTI typeinfo:   itk::ImportImageContainer<unsigned long, itk::Vector<float, 1u> >
             Reference Count: 1
             Modified Time: 343561
             Debug: Off
             Object Name: 
             Observers: 
               none
             Pointer: 0x555911dac900
             Container manages memory: true
             Size: 3971
             Capacity: 3971
Elapsed time: 267.311
All_Command_lines_OK
Using single precision for computations.
=============================================================================
The composite transform comprises the following transforms (in order): 
  1. Center of mass alignment using fixed image: /home/mpib/nemecz/Projects/miniTRK/Results/01_MRI/GroupTempl/T1w/T_template0.nii.gz and moving image: /home/mpib/nemecz/Projects/miniTRK/Analysis/01_MRI/Preproc/GroupTempl/T1w/sub-876066_T1w.nii.gz (type = Euler3DTransform)
=============================================================================
  number of levels = 4
  number of levels = 4
  number of levels = 4
  fixed image: /home/mpib/nemecz/Projects/miniTRK/Results/01_MRI/GroupTempl/T1w/T_template0.nii.gz
  moving image: /home/mpib/nemecz/Projects/miniTRK/Results/01_MRI/GroupTempl/T1w/T_template0sub-876066_T1wRepaired.nii.gz
  fixed image: /home/mpib/nemecz/Projects/miniTRK/Results/01_MRI/GroupTempl/T1w/T_template0.nii.gz
  moving image: /home/mpib/nemecz/Projects/miniTRK/Results/01_MRI/GroupTempl/T1w/T_template0sub-876066_T1wRepaired.nii.gz
  fixed image: /home/mpib/nemecz/Projects/miniTRK/Results/01_MRI/GroupTempl/T1w/T_template0.nii.gz
  moving image: /home/mpib/nemecz/Projects/miniTRK/Results/01_MRI/GroupTempl/T1w/T_template0sub-876066_T1wRepaired.nii.gz
Dimension = 3
Number of stages = 3
Use Histogram Matching true
Winsorize image intensities true
Lower quantile = 0.01
Upper quantile = 0.99
Stage 1 State
   Image metric = Mattes
     Fixed image = Image (0x5631ca7d3ad0)
  RTTI typeinfo:   itk::Image<float, 3u>
  Reference Count: 2
  Modified Time: 1721
  Debug: Off
  Object Name: 
  Observers: 
    none
  Source: (none)
  Source output name: (none)
  Release Data: Off
  Data Released: False
  Global Release Data: Off
  PipelineMTime: 0
  UpdateMTime: 1506
  RealTimeStamp: 0 seconds 
  LargestPossibleRegion: 
    Dimension: 3
    Index: [0, 0, 0]
    Size: [192, 256, 256]
  BufferedRegion: 
    Dimension: 3
    Index: [0, 0, 0]
    Size: [192, 256, 256]
  RequestedRegion: 
    Dimension: 3
    Index: [0, 0, 0]
    Size: [192, 256, 256]
  Spacing: [1, 1, 1]
  Origin: [95.0313, 100.538, -154.123]
  Direction: 
-0.999853 -0.014134 -0.00966312
0.014129 -0.9999 0.000586045
-0.00967044 0.000449429 0.999953

  IndexToPointMatrix: 
-0.999853 -0.014134 -0.00966312
0.014129 -0.9999 0.000586045
-0.00967044 0.000449429 0.999953

  PointToIndexMatrix: 
-0.999853 0.014129 -0.00967044
-0.014134 -0.9999 0.000449429
-0.00966312 0.000586045 0.999953

  Inverse Direction: 
-0.999853 0.014129 -0.00967044
-0.014134 -0.9999 0.000449429
-0.00966312 0.000586045 0.999953

  PixelContainer: 
    ImportImageContainer (0x5631ca7dbc80)
      RTTI typeinfo:   itk::ImportImageContainer<unsigned long, float>
      Reference Count: 1
      Modified Time: 1503
      Debug: Off
      Object Name: 
      Observers: 
        none
      Pointer: 0x7f334d016010
      Container manages memory: true
      Size: 12582912
      Capacity: 12582912

     Moving image = Image (0x5631ca7d4bc0)
  RTTI typeinfo:   itk::Image<float, 3u>
  Reference Count: 2
  Modified Time: 1722
  Debug: Off
  Object Name: 
  Observers: 
    none
  Source: (none)
  Source output name: (none)
  Release Data: Off
  Data Released: False
  Global Release Data: Off
  PipelineMTime: 0
  UpdateMTime: 1719
  RealTimeStamp: 0 seconds 
  LargestPossibleRegion: 
    Dimension: 3
    Index: [0, 0, 0]
    Size: [192, 256, 256]
  BufferedRegion: 
    Dimension: 3
    Index: [0, 0, 0]
    Size: [192, 256, 256]
  RequestedRegion: 
    Dimension: 3
    Index: [0, 0, 0]
    Size: [192, 256, 256]
  Spacing: [1, 1, 1]
  Origin: [93.2246, 67.1787, -169.05]
  Direction: 
-0.999368 -0.0326182 0.0141036
0.034311 -0.988989 0.143957
0.00925269 0.14435 0.989483

  IndexToPointMatrix: 
-0.999368 -0.0326182 0.0141036
0.034311 -0.988989 0.143957
0.00925269 0.14435 0.989483

  PointToIndexMatrix: 
-0.999368 0.034311 0.00925269
-0.0326182 -0.988989 0.14435
0.0141036 0.143957 0.989483

  Inverse Direction: 
-0.999368 0.034311 0.00925269
-0.0326182 -0.988989 0.14435
0.0141036 0.143957 0.989483

  PixelContainer: 
    ImportImageContainer (0x5631ca7e0100)
      RTTI typeinfo:   itk::ImportImageContainer<unsigned long, float>
      Reference Count: 1
      Modified Time: 1716
      Debug: Off
      Object Name: 
      Observers: 
        none
      Pointer: 0x7f334a015010
      Container manages memory: true
      Size: 12582912
      Capacity: 12582912

     Weighting = 1
     Sampling strategy = regular
     Number of bins = 32
     Radius = 4
     Sampling percentage  = 0.25
   Transform = Rigid
     Gradient step = 0.1
     Update field sigma (voxel space) = 0
     Total field sigma (voxel space) = 0
     Update field time sigma = 0
     Total field time sigma  = 0
     Number of time indices = 0
     Number of time point samples = 0
Stage 2 State
   Image metric = Mattes
     Fixed image = Image (0x5631ca7ec870)
  RTTI typeinfo:   itk::Image<float, 3u>
  Reference Count: 2
  Modified Time: 2149
  Debug: Off
  Object Name: 
  Observers: 
    none
  Source: (none)
  Source output name: (none)
  Release Data: Off
  Data Released: False
  Global Release Data: Off
  PipelineMTime: 0
  UpdateMTime: 1934
  RealTimeStamp: 0 seconds 
  LargestPossibleRegion: 
    Dimension: 3
    Index: [0, 0, 0]
    Size: [192, 256, 256]
  BufferedRegion: 
    Dimension: 3
    Index: [0, 0, 0]
    Size: [192, 256, 256]
  RequestedRegion: 
    Dimension: 3
    Index: [0, 0, 0]
    Size: [192, 256, 256]
  Spacing: [1, 1, 1]
  Origin: [95.0313, 100.538, -154.123]
  Direction: 
-0.999853 -0.014134 -0.00966312
0.014129 -0.9999 0.000586045
-0.00967044 0.000449429 0.999953

  IndexToPointMatrix: 
-0.999853 -0.014134 -0.00966312
0.014129 -0.9999 0.000586045
-0.00967044 0.000449429 0.999953

  PointToIndexMatrix: 
-0.999853 0.014129 -0.00967044
-0.014134 -0.9999 0.000449429
-0.00966312 0.000586045 0.999953

  Inverse Direction: 
-0.999853 0.014129 -0.00967044
-0.014134 -0.9999 0.000449429
-0.00966312 0.000586045 0.999953

  PixelContainer: 
    ImportImageContainer (0x5631ca7d76d0)
      RTTI typeinfo:   itk::ImportImageContainer<unsigned long, float>
      Reference Count: 1
      Modified Time: 1931
      Debug: Off
      Object Name: 
      Observers: 
        none
      Pointer: 0x7f3347014010
      Container manages memory: true
      Size: 12582912
      Capacity: 12582912

     Moving image = Image (0x5631ca7ec4c0)
  RTTI typeinfo:   itk::Image<float, 3u>
  Reference Count: 2
  Modified Time: 2150
  Debug: Off
  Object Name: 
  Observers: 
    none
  Source: (none)
  Source output name: (none)
  Release Data: Off
  Data Released: False
  Global Release Data: Off
  PipelineMTime: 0
  UpdateMTime: 2147
  RealTimeStamp: 0 seconds 
  LargestPossibleRegion: 
    Dimension: 3
    Index: [0, 0, 0]
    Size: [192, 256, 256]
  BufferedRegion: 
    Dimension: 3
    Index: [0, 0, 0]
    Size: [192, 256, 256]
  RequestedRegion: 
    Dimension: 3
    Index: [0, 0, 0]
    Size: [192, 256, 256]
  Spacing: [1, 1, 1]
  Origin: [93.2246, 67.1787, -169.05]
  Direction: 
-0.999368 -0.0326182 0.0141036
0.034311 -0.988989 0.143957
0.00925269 0.14435 0.989483

  IndexToPointMatrix: 
-0.999368 -0.0326182 0.0141036
0.034311 -0.988989 0.143957
0.00925269 0.14435 0.989483

  PointToIndexMatrix: 
-0.999368 0.034311 0.00925269
-0.0326182 -0.988989 0.14435
0.0141036 0.143957 0.989483

  Inverse Direction: 
-0.999368 0.034311 0.00925269
-0.0326182 -0.988989 0.14435
0.0141036 0.143957 0.989483

  PixelContainer: 
    ImportImageContainer (0x5631ca7ed8c0)
      RTTI typeinfo:   itk::ImportImageContainer<unsigned long, float>
      Reference Count: 1
      Modified Time: 2144
      Debug: Off
      Object Name: 
      Observers: 
        none
      Pointer: 0x7f3344013010
      Container manages memory: true
      Size: 12582912
      Capacity: 12582912

     Weighting = 1
     Sampling strategy = regular
     Number of bins = 32
     Radius = 4
     Sampling percentage  = 0.25
   Transform = Affine
     Gradient step = 0.1
     Update field sigma (voxel space) = 0
     Total field sigma (voxel space) = 0
     Update field time sigma = 0
     Total field time sigma  = 0
     Number of time indices = 0
     Number of time point samples = 0
Stage 3 State
   Image metric = CC
     Fixed image = Image (0x5631ca7f3960)
  RTTI typeinfo:   itk::Image<float, 3u>
  Reference Count: 2
  Modified Time: 2577
  Debug: Off
  Object Name: 
  Observers: 
    none
  Source: (none)
  Source output name: (none)
  Release Data: Off
  Data Released: False
  Global Release Data: Off
  PipelineMTime: 0
  UpdateMTime: 2362
  RealTimeStamp: 0 seconds 
  LargestPossibleRegion: 
    Dimension: 3
    Index: [0, 0, 0]
    Size: [192, 256, 256]
  BufferedRegion: 
    Dimension: 3
    Index: [0, 0, 0]
    Size: [192, 256, 256]
  RequestedRegion: 
    Dimension: 3
    Index: [0, 0, 0]
    Size: [192, 256, 256]
  Spacing: [1, 1, 1]
  Origin: [95.0313, 100.538, -154.123]
  Direction: 
-0.999853 -0.014134 -0.00966312
0.014129 -0.9999 0.000586045
-0.00967044 0.000449429 0.999953

  IndexToPointMatrix: 
-0.999853 -0.014134 -0.00966312
0.014129 -0.9999 0.000586045
-0.00967044 0.000449429 0.999953

  PointToIndexMatrix: 
-0.999853 0.014129 -0.00967044
-0.014134 -0.9999 0.000449429
-0.00966312 0.000586045 0.999953

  Inverse Direction: 
-0.999853 0.014129 -0.00967044
-0.014134 -0.9999 0.000449429
-0.00966312 0.000586045 0.999953

  PixelContainer: 
    ImportImageContainer (0x5631ca7d4660)
      RTTI typeinfo:   itk::ImportImageContainer<unsigned long, float>
      Reference Count: 1
      Modified Time: 2359
      Debug: Off
      Object Name: 
      Observers: 
        none
      Pointer: 0x7f3341012010
      Container manages memory: true
      Size: 12582912
      Capacity: 12582912

     Moving image = Image (0x5631ca7f5840)
  RTTI typeinfo:   itk::Image<float, 3u>
  Reference Count: 2
  Modified Time: 2578
  Debug: Off
  Object Name: 
  Observers: 
    none
  Source: (none)
  Source output name: (none)
  Release Data: Off
  Data Released: False
  Global Release Data: Off
  PipelineMTime: 0
  UpdateMTime: 2575
  RealTimeStamp: 0 seconds 
  LargestPossibleRegion: 
    Dimension: 3
    Index: [0, 0, 0]
    Size: [192, 256, 256]
  BufferedRegion: 
    Dimension: 3
    Index: [0, 0, 0]
    Size: [192, 256, 256]
  RequestedRegion: 
    Dimension: 3
    Index: [0, 0, 0]
    Size: [192, 256, 256]
  Spacing: [1, 1, 1]
  Origin: [93.2246, 67.1787, -169.05]
  Direction: 
-0.999368 -0.0326182 0.0141036
0.034311 -0.988989 0.143957
0.00925269 0.14435 0.989483

  IndexToPointMatrix: 
-0.999368 -0.0326182 0.0141036
0.034311 -0.988989 0.143957
0.00925269 0.14435 0.989483

  PointToIndexMatrix: 
-0.999368 0.034311 0.00925269
-0.0326182 -0.988989 0.14435
0.0141036 0.143957 0.989483

  Inverse Direction: 
-0.999368 0.034311 0.00925269
-0.0326182 -0.988989 0.14435
0.0141036 0.143957 0.989483

  PixelContainer: 
    ImportImageContainer (0x5631ca7f2660)
      RTTI typeinfo:   itk::ImportImageContainer<unsigned long, float>
      Reference Count: 1
      Modified Time: 2572
      Debug: Off
      Object Name: 
      Observers: 
        none
      Pointer: 0x7f333e011010
      Container manages memory: true
      Size: 12582912
      Capacity: 12582912

     Weighting = 1
     Sampling strategy = none
     Number of bins = 32
     Radius = 4
     Sampling percentage  = 1
   Transform = SyN
     Gradient step = 0.1
     Update field sigma (voxel space) = 3
     Total field sigma (voxel space) = 0
     Update field time sigma = 0
     Total field time sigma  = 0
     Number of time indices = 0
     Number of time point samples = 0
Registration using 3 total stages.

Stage 0
  iterations = 1000x500x250x0
  convergence threshold = 1e-06
  convergence window size = 10
  number of levels = 4
  using the Mattes MI metric (number of bins = 32, weight = 1)
  preprocessing:  winsorizing the image intensities
  preprocessing:  histogram matching the images
  Shrink factors (level 1 out of 4): [6, 6, 6]
  Shrink factors (level 2 out of 4): [4, 4, 4]
  Shrink factors (level 3 out of 4): [2, 2, 2]
  Shrink factors (level 4 out of 4): [1, 1, 1]
  smoothing sigmas per level: [4, 2, 1, 0]
  regular sampling (percentage = 0.25)

*** Running Euler3DTransform registration ***

DIAGNOSTIC,Iteration,metricValue,convergenceValue,ITERATION_TIME_INDEX,SINCE_LAST
 2DIAGNOSTIC,     1, -8.967817425728e-01, inf, 5.6092e-01, 5.6092e-01, 
 2DIAGNOSTIC,     2, -9.003685116768e-01, inf, 5.6935e-01, 8.4281e-03, 
 2DIAGNOSTIC,     3, -9.063181877136e-01, inf, 5.7785e-01, 8.4991e-03, 
 2DIAGNOSTIC,     4, -9.148632287979e-01, inf, 5.8647e-01, 8.6188e-03, 
 2DIAGNOSTIC,     5, -9.242329597473e-01, inf, 5.9463e-01, 8.1682e-03, 
 2DIAGNOSTIC,     6, -9.316588640213e-01, inf, 6.0238e-01, 7.7450e-03, 
 2DIAGNOSTIC,     7, -9.351008534431e-01, inf, 6.1010e-01, 7.7221e-03, 
 2DIAGNOSTIC,     8, -9.399301409721e-01, inf, 6.1783e-01, 7.7260e-03, 
 2DIAGNOSTIC,     9, -9.556290507317e-01, inf, 6.2914e-01, 1.1312e-02, 
 2DIAGNOSTIC,    10, -9.560828804970e-01, 4.356432706118e-03, 6.3668e-01, 7.5421e-03, 
 2DIAGNOSTIC,    11, -9.562194943428e-01, 3.781730309129e-03, 6.4415e-01, 7.4649e-03, 
 2DIAGNOSTIC,    12, -9.563587307930e-01, 3.068209625781e-03, 6.5260e-01, 8.4522e-03, 
 2DIAGNOSTIC,    13, -9.567517638206e-01, 2.335791941732e-03, 6.6193e-01, 9.3319e-03, 
 2DIAGNOSTIC,    14, -9.568444490433e-01, 1.677478663623e-03, 6.7037e-01, 8.4398e-03, 
 2DIAGNOSTIC,    15, -9.568985104561e-01, 1.143736415543e-03, 6.7885e-01, 8.4760e-03, 
 2DIAGNOSTIC,    16, -9.569447040558e-01, 7.192253833637e-04, 6.8811e-01, 9.2680e-03, 
 2DIAGNOSTIC,    17, -9.569014310837e-01, 3.411877260078e-04, 6.9557e-01, 7.4549e-03, 
 2DIAGNOSTIC,    18, -9.569012522697e-01, 4.823732160730e-05, 7.0410e-01, 8.5261e-03, 
 2DIAGNOSTIC,    19, -9.569018483162e-01, 3.183275839547e-05, 7.1171e-01, 7.6101e-03, 
 2DIAGNOSTIC,    20, -9.569029808044e-01, 2.119612872775e-05, 7.2013e-01, 8.4209e-03, 
 2DIAGNOSTIC,    21, -9.568678140640e-01, 1.124335358327e-05, 7.2869e-01, 8.5642e-03, 
 2DIAGNOSTIC,    22, -9.568693041801e-01, 3.126245019303e-06, 7.3614e-01, 7.4511e-03, 
DIAGNOSTIC,Iteration,metricValue,convergenceValue,ITERATION_TIME_INDEX,SINCE_LAST
 2DIAGNOSTIC,     1, -7.439079880714e-01, inf, 1.2186e+00, 4.8241e-01, 
 2DIAGNOSTIC,     2, -7.458377480507e-01, inf, 1.2483e+00, 2.9743e-02, 
 2DIAGNOSTIC,     3, -7.480111122131e-01, inf, 1.2764e+00, 2.8067e-02, 
 2DIAGNOSTIC,     4, -7.502426505089e-01, inf, 1.3044e+00, 2.8058e-02, 
 2DIAGNOSTIC,     5, -7.513632178307e-01, inf, 1.3325e+00, 2.8075e-02, 
 2DIAGNOSTIC,     6, -7.517715096474e-01, inf, 1.3605e+00, 2.7993e-02, 
 2DIAGNOSTIC,     7, -7.519400715828e-01, inf, 1.3960e+00, 3.5518e-02, 
 2DIAGNOSTIC,     8, -7.521889805794e-01, inf, 1.4280e+00, 3.2010e-02, 
 2DIAGNOSTIC,     9, -7.523158192635e-01, inf, 1.4597e+00, 3.1716e-02, 
 2DIAGNOSTIC,    10, -7.523341774940e-01, 6.807008758187e-04, 1.4923e+00, 3.2519e-02, 
 2DIAGNOSTIC,    11, -7.523296475410e-01, 4.209138569422e-04, 1.5208e+00, 2.8587e-02, 
 2DIAGNOSTIC,    12, -7.523509860039e-01, 2.280142507516e-04, 1.5531e+00, 3.2263e-02, 
 2DIAGNOSTIC,    13, -7.523804903030e-01, 1.072448576451e-04, 1.5857e+00, 3.2587e-02, 
 2DIAGNOSTIC,    14, -7.523419857025e-01, 5.279432662064e-05, 1.6178e+00, 3.2101e-02, 
 2DIAGNOSTIC,    15, -7.523568868637e-01, 2.954788214993e-05, 1.6498e+00, 3.2043e-02, 
 2DIAGNOSTIC,    16, -7.523581981659e-01, 1.638255344005e-05, 1.6820e+00, 3.2199e-02, 
 2DIAGNOSTIC,    17, -7.523676753044e-01, 7.268738045241e-06, 1.7182e+00, 3.6156e-02, 
 2DIAGNOSTIC,    18, -7.523733377457e-01, 3.940313035855e-06, 1.7544e+00, 3.6174e-02, 
 2DIAGNOSTIC,    19, -7.523713111877e-01, 3.251846010244e-06, 1.7867e+00, 3.2318e-02, 
 2DIAGNOSTIC,    20, -7.523659467697e-01, 2.751455213001e-06, 1.8151e+00, 2.8413e-02, 
 2DIAGNOSTIC,    21, -7.523567676544e-01, 1.929921154442e-06, 1.8483e+00, 3.3170e-02, 
 2DIAGNOSTIC,    22, -7.523623704910e-01, 1.589174075889e-06, 1.8804e+00, 3.2183e-02, 
 2DIAGNOSTIC,    23, -7.523578405380e-01, 1.689188025011e-06, 1.9127e+00, 3.2276e-02, 
 2DIAGNOSTIC,    24, -7.523527145386e-01, 1.061914417733e-06, 1.9451e+00, 3.2363e-02, 
DIAGNOSTIC,Iteration,metricValue,convergenceValue,ITERATION_TIME_INDEX,SINCE_LAST
 2DIAGNOSTIC,     1, -6.597625017166e-01, inf, 2.8255e+00, 8.8044e-01, 
 2DIAGNOSTIC,     2, -6.606691479683e-01, inf, 3.0471e+00, 2.2155e-01, 
 2DIAGNOSTIC,     3, -6.612483859062e-01, inf, 3.2640e+00, 2.1690e-01, 
 2DIAGNOSTIC,     4, -6.614547371864e-01, inf, 3.4776e+00, 2.1358e-01, 
 2DIAGNOSTIC,     5, -6.615271568298e-01, inf, 3.6885e+00, 2.1097e-01, 
 2DIAGNOSTIC,     6, -6.616598963737e-01, inf, 3.8983e+00, 2.0976e-01, 
 2DIAGNOSTIC,     7, -6.617750525475e-01, inf, 4.1678e+00, 2.6950e-01, 
 2DIAGNOSTIC,     8, -6.618107557297e-01, inf, 4.4172e+00, 2.4943e-01, 
 2DIAGNOSTIC,     9, -6.618385910988e-01, inf, 4.6646e+00, 2.4741e-01, 
 2DIAGNOSTIC,    10, -6.618853211403e-01, 1.626447919989e-04, 4.9030e+00, 2.3838e-01, 
 2DIAGNOSTIC,    11, -6.619051098824e-01, 8.935321966419e-05, 5.2250e+00, 3.2200e-01, 
 2DIAGNOSTIC,    12, -6.619054675102e-01, 5.247034641798e-05, 5.5193e+00, 2.9431e-01, 
 2DIAGNOSTIC,    13, -6.619055271149e-01, 3.581325654523e-05, 5.7576e+00, 2.3826e-01, 
 2DIAGNOSTIC,    14, -6.619045138359e-01, 2.483732168912e-05, 6.0004e+00, 2.4281e-01, 
 2DIAGNOSTIC,    15, -6.619043946266e-01, 1.525726474938e-05, 6.2210e+00, 2.2065e-01, 
 2DIAGNOSTIC,    16, -6.619033217430e-01, 9.127241355600e-06, 6.5043e+00, 2.8330e-01, 
 2DIAGNOSTIC,    17, -6.619033217430e-01, 5.971763584967e-06, 6.7504e+00, 2.4602e-01, 
 2DIAGNOSTIC,    18, -6.619017720222e-01, 3.605197662182e-06, 6.9941e+00, 2.4369e-01, 
 2DIAGNOSTIC,    19, -6.619029641151e-01, 1.950107616722e-06, 7.2603e+00, 2.6627e-01, 
 2DIAGNOSTIC,    20, -6.619026660919e-01, 1.419290128979e-06, 7.4983e+00, 2.3793e-01, 
 2DIAGNOSTIC,    21, -6.619024276733e-01, 1.354750679639e-06, 7.7932e+00, 2.9499e-01, 
 2DIAGNOSTIC,    22, -6.619027256966e-01, 1.324201321040e-06, 8.0320e+00, 2.3877e-01, 
 2DIAGNOSTIC,    23, -6.619023680687e-01, 1.302470423070e-06, 8.2986e+00, 2.6663e-01, 
 2DIAGNOSTIC,    24, -6.619023680687e-01, 1.271786686630e-06, 8.5672e+00, 2.6852e-01, 
 2DIAGNOSTIC,    25, -6.619024872780e-01, 1.248764647244e-06, 8.8123e+00, 2.4511e-01, 
 2DIAGNOSTIC,    26, -6.619023084641e-01, 1.209024162563e-06, 9.0609e+00, 2.4858e-01, 
 2DIAGNOSTIC,    27, -6.619024872780e-01, 1.177386707241e-06, 9.3059e+00, 2.4507e-01, 
 2DIAGNOSTIC,    28, -6.619012355804e-01, 1.104497300730e-06, 9.5734e+00, 2.6749e-01, 
 2DIAGNOSTIC,    29, -6.619015336037e-01, 1.062406226993e-06, 9.8114e+00, 2.3796e-01, 
 2DIAGNOSTIC,    30, -6.619015932083e-01, 1.022749074764e-06, 1.0050e+01, 2.3843e-01, 
DIAGNOSTIC,Iteration,metricValue,convergenceValue,ITERATION_TIME_INDEX,SINCE_LAST
 2DIAGNOSTIC,     1, -6.043991446495e-01, inf, 1.2467e+01, 2.4173e+00, 
  Elapsed time (stage 0): 1.3597e+01


Stage 1
  iterations = 1000x500x250x0
  convergence threshold = 1.0000e-06
  convergence window size = 10
  number of levels = 4
  using the Mattes MI metric (number of bins = 32, weight = 1.0000e+00)
  preprocessing:  winsorizing the image intensities
  preprocessing:  histogram matching the images
  Shrink factors (level 1 out of 4): [6, 6, 6]
  Shrink factors (level 2 out of 4): [4, 4, 4]
  Shrink factors (level 3 out of 4): [2, 2, 2]
  Shrink factors (level 4 out of 4): [1, 1, 1]
  smoothing sigmas per level: [4, 2, 1, 0]
  regular sampling (percentage = 2.5000e-01)

*** Running AffineTransform registration ***

DIAGNOSTIC,Iteration,metricValue,convergenceValue,ITERATION_TIME_INDEX,SINCE_LAST
 2DIAGNOSTIC,     1, -9.485575556755e-01, inf, 5.9826e-01, 5.9826e-01, 
 2DIAGNOSTIC,     2, -9.513108730316e-01, inf, 6.0980e-01, 1.1539e-02, 
 2DIAGNOSTIC,     3, -9.555612206459e-01, inf, 6.2105e-01, 1.1252e-02, 
 2DIAGNOSTIC,     4, -9.626666903496e-01, inf, 6.3124e-01, 1.0191e-02, 
 2DIAGNOSTIC,     5, -9.742302894592e-01, inf, 6.4062e-01, 9.3782e-03, 
 2DIAGNOSTIC,     6, -9.924319386482e-01, inf, 6.5061e-01, 9.9840e-03, 
 2DIAGNOSTIC,     7, -1.016564011574e+00, inf, 6.6141e-01, 1.0806e-02, 
 2DIAGNOSTIC,     8, -1.036046504974e+00, inf, 6.7888e-01, 1.7472e-02, 
 2DIAGNOSTIC,     9, -1.036770939827e+00, inf, 6.9168e-01, 1.2795e-02, 
 2DIAGNOSTIC,    10, -1.036805868149e+00, 7.103092037141e-03, 7.0194e-01, 1.0259e-02, 
 2DIAGNOSTIC,    11, -1.037083864212e+00, 6.275463383645e-03, 7.1297e-01, 1.1036e-02, 
 2DIAGNOSTIC,    12, -1.037426829338e+00, 5.094592925161e-03, 7.2349e-01, 1.0517e-02, 
 2DIAGNOSTIC,    13, -1.037866711617e+00, 3.741448279470e-03, 7.3481e-01, 1.1323e-02, 
 2DIAGNOSTIC,    14, -1.038478612900e+00, 2.409088658169e-03, 7.4564e-01, 1.0829e-02, 
 2DIAGNOSTIC,    15, -1.039066553116e+00, 1.270848442800e-03, 7.5655e-01, 1.0910e-02, 
 2DIAGNOSTIC,    16, -1.039415836334e+00, 4.817243898287e-04, 7.6903e-01, 1.2478e-02, 
 2DIAGNOSTIC,    17, -1.039754033089e+00, 1.397122687194e-04, 7.8019e-01, 1.1162e-02, 
 2DIAGNOSTIC,    18, -1.039777755737e+00, 1.279498537770e-04, 8.0898e-01, 2.8782e-02, 
 2DIAGNOSTIC,    19, -1.039819955826e+00, 1.171404364868e-04, 8.1946e-01, 1.0481e-02, 
 2DIAGNOSTIC,    20, -1.039820909500e+00, 9.715052874526e-05, 8.3121e-01, 1.1757e-02, 
 2DIAGNOSTIC,    21, -1.039824247360e+00, 7.392684346996e-05, 8.4165e-01, 1.0441e-02, 
 2DIAGNOSTIC,    22, -1.039785265923e+00, 4.994402115699e-05, 8.5265e-01, 1.0998e-02, 
 2DIAGNOSTIC,    23, -1.039791584015e+00, 2.890986434068e-05, 8.6310e-01, 1.0447e-02, 
 2DIAGNOSTIC,    24, -1.039803147316e+00, 1.423429512215e-05, 8.7355e-01, 1.0452e-02, 
 2DIAGNOSTIC,    25, -1.039819955826e+00, 6.213696451596e-06, 8.8345e-01, 9.8960e-03, 
 2DIAGNOSTIC,    26, -1.039845108986e+00, 2.274482540088e-06, 8.9322e-01, 9.7680e-03, 
 2DIAGNOSTIC,    27, -1.039879798889e+00, 2.379778379691e-06, 9.0418e-01, 1.0961e-02, 
 2DIAGNOSTIC,    28, -1.039899587631e+00, 2.782744331853e-06, 9.1457e-01, 1.0390e-02, 
 2DIAGNOSTIC,    29, -1.039924979210e+00, 3.645445531220e-06, 9.2478e-01, 1.0212e-02, 
 2DIAGNOSTIC,    30, -1.039986968040e+00, 4.785834335053e-06, 9.3523e-01, 1.0454e-02, 
 2DIAGNOSTIC,    31, -1.040014147758e+00, 5.770518328063e-06, 9.4583e-01, 1.0598e-02, 
 2DIAGNOSTIC,    32, -1.040086150169e+00, 6.529975507874e-06, 9.5637e-01, 1.0542e-02, 
 2DIAGNOSTIC,    33, -1.040172934532e+00, 7.493305929529e-06, 9.6693e-01, 1.0555e-02, 
 2DIAGNOSTIC,    34, -1.040239810944e+00, 8.407998393523e-06, 9.7745e-01, 1.0526e-02, 
 2DIAGNOSTIC,    35, -1.040416121483e+00, 1.008278832160e-05, 9.8819e-01, 1.0739e-02, 
 2DIAGNOSTIC,    36, -1.040738224983e+00, 1.343219628325e-05, 9.9866e-01, 1.0467e-02, 
 2DIAGNOSTIC,    37, -1.041126251221e+00, 1.851674824138e-05, 1.0174e+00, 1.8724e-02, 
 2DIAGNOSTIC,    38, -1.041193604469e+00, 2.224197123724e-05, 1.0285e+00, 1.1071e-02, 
 2DIAGNOSTIC,    39, -1.041245460510e+00, 2.432304791000e-05, 1.0390e+00, 1.0524e-02, 
 2DIAGNOSTIC,    40, -1.041259527206e+00, 2.460326140863e-05, 1.0509e+00, 1.1938e-02, 
 2DIAGNOSTIC,    41, -1.041308283806e+00, 2.306984424649e-05, 1.0611e+00, 1.0166e-02, 
 2DIAGNOSTIC,    42, -1.041358947754e+00, 2.024308741966e-05, 1.0758e+00, 1.4765e-02, 
 2DIAGNOSTIC,    43, -1.041362881660e+00, 1.628529025766e-05, 1.0864e+00, 1.0504e-02, 
 2DIAGNOSTIC,    44, -1.041366219521e+00, 1.149872969108e-05, 1.0965e+00, 1.0178e-02, 
 2DIAGNOSTIC,    45, -1.041415452957e+00, 7.261828159244e-06, 1.1072e+00, 1.0658e-02, 
 2DIAGNOSTIC,    46, -1.041425466537e+00, 4.507313406066e-06, 1.1184e+00, 1.1166e-02, 
 2DIAGNOSTIC,    47, -1.041474103928e+00, 4.060958417540e-06, 1.1296e+00, 1.1288e-02, 
 2DIAGNOSTIC,    48, -1.041476964951e+00, 3.706529014380e-06, 1.1386e+00, 8.9881e-03, 
 2DIAGNOSTIC,    49, -1.041481614113e+00, 3.402000857022e-06, 1.1475e+00, 8.8308e-03, 
 2DIAGNOSTIC,    50, -1.041527628899e+00, 3.173061713824e-06, 1.1575e+00, 1.0086e-02, 
 2DIAGNOSTIC,    51, -1.041530847549e+00, 2.974901917696e-06, 1.1684e+00, 1.0858e-02, 
 2DIAGNOSTIC,    52, -1.041534423828e+00, 2.849278871508e-06, 1.1783e+00, 9.9399e-03, 
 2DIAGNOSTIC,    53, -1.041535973549e+00, 2.548598104113e-06, 1.1872e+00, 8.8770e-03, 
 2DIAGNOSTIC,    54, -1.041579604149e+00, 2.308824832653e-06, 1.1971e+00, 9.8808e-03, 
 2DIAGNOSTIC,    55, -1.041582703590e+00, 2.167324055335e-06, 1.2084e+00, 1.1274e-02, 
 2DIAGNOSTIC,    56, -1.041584730148e+00, 1.932855411724e-06, 1.2183e+00, 9.8739e-03, 
 2DIAGNOSTIC,    57, -1.041586041451e+00, 1.823933644118e-06, 1.2281e+00, 9.8450e-03, 
 2DIAGNOSTIC,    58, -1.041586279869e+00, 1.613826270841e-06, 1.2379e+00, 9.8131e-03, 
 2DIAGNOSTIC,    59, -1.041586041451e+00, 1.320533556282e-06, 1.2467e+00, 8.8279e-03, 
 2DIAGNOSTIC,    60, -1.041587948799e+00, 1.181351876767e-06, 1.2555e+00, 8.7650e-03, 
 2DIAGNOSTIC,    61, -1.041588425636e+00, 1.003633542496e-06, 1.2655e+00, 1.0035e-02, 
DIAGNOSTIC,Iteration,metricValue,convergenceValue,ITERATION_TIME_INDEX,SINCE_LAST
 2DIAGNOSTIC,     1, -8.101943731308e-01, inf, 1.7592e+00, 4.9369e-01, 
 2DIAGNOSTIC,     2, -8.122056126595e-01, inf, 1.7907e+00, 3.1477e-02, 
 2DIAGNOSTIC,     3, -8.148299455643e-01, inf, 1.8221e+00, 3.1433e-02, 
 2DIAGNOSTIC,     4, -8.176384568214e-01, inf, 1.8539e+00, 3.1753e-02, 
 2DIAGNOSTIC,     5, -8.196811676025e-01, inf, 1.8854e+00, 3.1503e-02, 
 2DIAGNOSTIC,     6, -8.215649724007e-01, inf, 1.9169e+00, 3.1551e-02, 
 2DIAGNOSTIC,     7, -8.238334655762e-01, inf, 1.9564e+00, 3.9445e-02, 
 2DIAGNOSTIC,     8, -8.239418864250e-01, inf, 1.9967e+00, 4.0356e-02, 
 2DIAGNOSTIC,     9, -8.239232301712e-01, inf, 2.0322e+00, 3.5445e-02, 
 2DIAGNOSTIC,    10, -8.239173889160e-01, 1.167559763417e-03, 2.0681e+00, 3.5888e-02, 
 2DIAGNOSTIC,    11, -8.239196538925e-01, 8.360611973330e-04, 2.0999e+00, 3.1829e-02, 
 2DIAGNOSTIC,    12, -8.239250183105e-01, 5.420884117484e-04, 2.1357e+00, 3.5802e-02, 
 2DIAGNOSTIC,    13, -8.239077925682e-01, 3.133919381071e-04, 2.1675e+00, 3.1754e-02, 
 2DIAGNOSTIC,    14, -8.239205479622e-01, 1.591101608938e-04, 2.1995e+00, 3.2069e-02, 
 2DIAGNOSTIC,    15, -8.239367008209e-01, 5.811195660499e-05, 2.2352e+00, 3.5627e-02, 
 2DIAGNOSTIC,    16, -8.239569067955e-01, 4.449716470845e-06, 2.2710e+00, 3.5795e-02, 
 2DIAGNOSTIC,    17, -8.239692449570e-01, 3.260126732130e-06, 2.3027e+00, 3.1730e-02, 
 2DIAGNOSTIC,    18, -8.239912390709e-01, 4.599549811246e-06, 2.3347e+00, 3.1986e-02, 
 2DIAGNOSTIC,    19, -8.240503072739e-01, 6.270041012613e-06, 2.3666e+00, 3.1893e-02, 
 2DIAGNOSTIC,    20, -8.241849541664e-01, 9.541338840791e-06, 2.4226e+00, 5.5986e-02, 
 2DIAGNOSTIC,    21, -8.242014646530e-01, 1.201354189106e-05, 2.4543e+00, 3.1790e-02, 
 2DIAGNOSTIC,    22, -8.242039084435e-01, 1.344514021184e-05, 2.4901e+00, 3.5787e-02, 
 2DIAGNOSTIC,    23, -8.242043256760e-01, 1.340474864264e-05, 2.5298e+00, 3.9674e-02, 
 2DIAGNOSTIC,    24, -8.242049217224e-01, 1.241466816282e-05, 2.5615e+00, 3.1704e-02, 
 2DIAGNOSTIC,    25, -8.242227435112e-01, 1.089698525902e-05, 2.5973e+00, 3.5785e-02, 
 2DIAGNOSTIC,    26, -8.242236375809e-01, 8.866526513884e-06, 2.6335e+00, 3.6165e-02, 
 2DIAGNOSTIC,    27, -8.242335915565e-01, 6.582992227777e-06, 2.6700e+00, 3.6570e-02, 
 2DIAGNOSTIC,    28, -8.242332935333e-01, 4.223695668770e-06, 2.7018e+00, 3.1780e-02, 
 2DIAGNOSTIC,    29, -8.242512345314e-01, 2.611430318211e-06, 2.7380e+00, 3.6201e-02, 
 2DIAGNOSTIC,    30, -8.242802023888e-01, 2.835895429598e-06, 2.7738e+00, 3.5792e-02, 
 2DIAGNOSTIC,    31, -8.242909908295e-01, 3.173452796545e-06, 2.8096e+00, 3.5760e-02, 
 2DIAGNOSTIC,    32, -8.242988586426e-01, 3.402789161555e-06, 2.8414e+00, 3.1831e-02, 
 2DIAGNOSTIC,    33, -8.243206143379e-01, 3.627188107203e-06, 2.8853e+00, 4.3880e-02, 
 2DIAGNOSTIC,    34, -8.243204951286e-01, 3.579385065677e-06, 2.9210e+00, 3.5753e-02, 
 2DIAGNOSTIC,    35, -8.243274688721e-01, 3.526903810780e-06, 2.9569e+00, 3.5917e-02, 
 2DIAGNOSTIC,    36, -8.243284225464e-01, 3.244716253903e-06, 2.9926e+00, 3.5664e-02, 
 2DIAGNOSTIC,    37, -8.243286013603e-01, 2.852504621842e-06, 3.0243e+00, 3.1694e-02, 
 2DIAGNOSTIC,    38, -8.243384957314e-01, 2.376147904215e-06, 3.0639e+00, 3.9642e-02, 
 2DIAGNOSTIC,    39, -8.243472576141e-01, 2.005848955378e-06, 3.1035e+00, 3.9569e-02, 
 2DIAGNOSTIC,    40, -8.243473768234e-01, 1.790930696188e-06, 3.1432e+00, 3.9730e-02, 
 2DIAGNOSTIC,    41, -8.243472576141e-01, 1.583649577697e-06, 3.1875e+00, 4.4299e-02, 
 2DIAGNOSTIC,    42, -8.243470788002e-01, 1.369117171635e-06, 3.2240e+00, 3.6432e-02, 
 2DIAGNOSTIC,    43, -8.243473768234e-01, 1.282625930799e-06, 3.2596e+00, 3.5646e-02, 
 2DIAGNOSTIC,    44, -8.243471384048e-01, 1.142477344729e-06, 3.2995e+00, 3.9846e-02, 
 2DIAGNOSTIC,    45, -8.243469595909e-01, 1.021530806611e-06, 3.3394e+00, 3.9922e-02, 
DIAGNOSTIC,Iteration,metricValue,convergenceValue,ITERATION_TIME_INDEX,SINCE_LAST
 2DIAGNOSTIC,     1, -7.298488616943e-01, inf, 4.2765e+00, 9.3712e-01, 
 2DIAGNOSTIC,     2, -7.302749752998e-01, inf, 4.5189e+00, 2.4238e-01, 
 2DIAGNOSTIC,     3, -7.305496931076e-01, inf, 4.7625e+00, 2.4357e-01, 
 2DIAGNOSTIC,     4, -7.308046817780e-01, inf, 5.0049e+00, 2.4244e-01, 
 2DIAGNOSTIC,     5, -7.309685945511e-01, inf, 5.2464e+00, 2.4154e-01, 
 2DIAGNOSTIC,     6, -7.312710881233e-01, inf, 5.7828e+00, 5.3633e-01, 
 2DIAGNOSTIC,     7, -7.312679886818e-01, inf, 6.0523e+00, 2.6955e-01, 
 2DIAGNOSTIC,     8, -7.312709689140e-01, inf, 6.3247e+00, 2.7235e-01, 
 2DIAGNOSTIC,     9, -7.312743663788e-01, inf, 6.5715e+00, 2.4683e-01, 
 2DIAGNOSTIC,    10, -7.312814593315e-01, 1.228868786711e-04, 6.8209e+00, 2.4940e-01, 
 2DIAGNOSTIC,    11, -7.312923669815e-01, 7.808247755747e-05, 7.0676e+00, 2.4667e-01, 
 2DIAGNOSTIC,    12, -7.313020229340e-01, 4.801709656022e-05, 7.3387e+00, 2.7110e-01, 
 2DIAGNOSTIC,    13, -7.313069701195e-01, 2.683316233743e-05, 7.6091e+00, 2.7041e-01, 
 2DIAGNOSTIC,    14, -7.313007116318e-01, 1.334044191026e-05, 7.8816e+00, 2.7249e-01, 
 2DIAGNOSTIC,    15, -7.312971353531e-01, 4.574044851324e-06, 8.1513e+00, 2.6974e-01, 
 2DIAGNOSTIC,    16, -7.312879562378e-01, 3.807052735283e-06, 8.5135e+00, 3.6222e-01, 
 2DIAGNOSTIC,    17, -7.312882542610e-01, 2.898097818615e-06, 8.8188e+00, 3.0533e-01, 
 2DIAGNOSTIC,    18, -7.312872409821e-01, 2.035519401034e-06, 9.1002e+00, 2.8131e-01, 
 2DIAGNOSTIC,    19, -7.312874794006e-01, 1.314756900683e-06, 9.3835e+00, 2.8336e-01, 
DIAGNOSTIC,Iteration,metricValue,convergenceValue,ITERATION_TIME_INDEX,SINCE_LAST
 2DIAGNOSTIC,     1, -6.658222675323e-01, inf, 1.2040e+01, 2.6562e+00, 
  Elapsed time (stage 1): 1.3158e+01


Stage 2
  iterations = 100x100x70x20
  convergence threshold = 1.0000e-09
  convergence window size = 10
  number of levels = 4
  using the CC metric (radius = 4, weight = 1.0000e+00)
  preprocessing:  winsorizing the image intensities
  preprocessing:  histogram matching the images
  Shrink factors (level 1 out of 4): [6, 6, 6]
  Shrink factors (level 2 out of 4): [4, 4, 4]
  Shrink factors (level 3 out of 4): [2, 2, 2]
  Shrink factors (level 4 out of 4): [1, 1, 1]
  smoothing sigmas per level: [3, 2, 1, 0]
  Using default NONE metricSamplingStrategy 

*** Running SyN registration (varianceForUpdateField = 3.0000e+00, varianceForTotalField = 0.0000e+00) ***

XXDIAGNOSTIC,Iteration,metricValue,convergenceValue,ITERATION_TIME_INDEX,SINCE_LAST
 1DIAGNOSTIC,     1, -9.173035621643e-01, inf, 1.3081e+00, 1.3081e+00, 
 1DIAGNOSTIC,     2, -9.275006055832e-01, inf, 2.1281e+00, 8.2000e-01, 
 1DIAGNOSTIC,     3, -9.383490085602e-01, inf, 2.9009e+00, 7.7277e-01, 
 1DIAGNOSTIC,     4, -9.470826387405e-01, inf, 3.6945e+00, 7.9370e-01, 
 1DIAGNOSTIC,     5, -9.536150097847e-01, inf, 4.4963e+00, 8.0177e-01, 
 1DIAGNOSTIC,     6, -9.581817984581e-01, inf, 5.2931e+00, 7.9682e-01, 
 1DIAGNOSTIC,     7, -9.620717763901e-01, inf, 6.1159e+00, 8.2274e-01, 
 1DIAGNOSTIC,     8, -9.648600816727e-01, inf, 6.9322e+00, 8.1633e-01, 
 1DIAGNOSTIC,     9, -9.672551751137e-01, inf, 7.7364e+00, 8.0419e-01, 
 1DIAGNOSTIC,    10, -9.689211249352e-01, 3.373387735337e-03, 8.5516e+00, 8.1521e-01, 
 1DIAGNOSTIC,    11, -9.703609347343e-01, 2.434492576867e-03, 9.3736e+00, 8.2194e-01, 
 1DIAGNOSTIC,    12, -9.713099598885e-01, 1.709401956759e-03, 1.0178e+01, 8.0471e-01, 
 1DIAGNOSTIC,    13, -9.720560908318e-01, 1.205698587000e-03, 1.0963e+01, 7.8433e-01, 
 1DIAGNOSTIC,    14, -9.725701212883e-01, 8.598283166066e-04, 1.1759e+01, 7.9614e-01, 
 1DIAGNOSTIC,    15, -9.731560945511e-01, 6.220035720617e-04, 1.2592e+01, 8.3279e-01, 
 1DIAGNOSTIC,    16, -9.732937216759e-01, 4.434203437995e-04, 1.3426e+01, 8.3435e-01, 
 1DIAGNOSTIC,    17, -9.737924337387e-01, 3.213708114345e-04, 1.4252e+01, 8.2650e-01, 
 1DIAGNOSTIC,    18, -9.738975167274e-01, 2.303954097442e-04, 1.5060e+01, 8.0750e-01, 
 1DIAGNOSTIC,    19, -9.742864370346e-01, 1.709220523480e-04, 1.5857e+01, 7.9692e-01, 
 1DIAGNOSTIC,    20, -9.743970632553e-01, 1.275409304071e-04, 1.6665e+01, 8.0799e-01, 
 1DIAGNOSTIC,    21, -9.746311903000e-01, 9.997696179198e-05, 1.7456e+01, 7.9087e-01, 
 1DIAGNOSTIC,    22, -9.747209548950e-01, 7.951206498547e-05, 1.8276e+01, 8.2012e-01, 
 1DIAGNOSTIC,    23, -9.749953746796e-01, 6.652918091277e-05, 1.9085e+01, 8.0884e-01, 
 1DIAGNOSTIC,    24, -9.749334454536e-01, 5.388003773987e-05, 1.9869e+01, 7.8443e-01, 
 1DIAGNOSTIC,    25, -9.751664400101e-01, 4.704871025751e-05, 2.0649e+01, 7.7979e-01, 
 1DIAGNOSTIC,    26, -9.752449393272e-01, 3.873257082887e-05, 2.1474e+01, 8.2513e-01, 
 1DIAGNOSTIC,    27, -9.753373861313e-01, 3.395136445761e-05, 2.2272e+01, 7.9770e-01, 
 1DIAGNOSTIC,    28, -9.753842353821e-01, 2.793263047352e-05, 2.3063e+01, 7.9144e-01, 
 1DIAGNOSTIC,    29, -9.754785299301e-01, 2.472045889590e-05, 2.3882e+01, 8.1844e-01, 
 1DIAGNOSTIC,    30, -9.754937887192e-01, 2.067023342534e-05, 2.4688e+01, 8.0679e-01, 
 1DIAGNOSTIC,    31, -9.756533503532e-01, 1.875045563793e-05, 2.5503e+01, 8.1427e-01, 
 1DIAGNOSTIC,    32, -9.756138324738e-01, 1.564626472828e-05, 2.6321e+01, 8.1859e-01, 
 1DIAGNOSTIC,    33, -9.757438898087e-01, 1.501380666014e-05, 2.7144e+01, 8.2248e-01, 
 1DIAGNOSTIC,    34, -9.757100343704e-01, 1.219238311023e-05, 2.7948e+01, 8.0443e-01, 
 1DIAGNOSTIC,    35, -9.758343696594e-01, 1.146637987404e-05, 2.8738e+01, 7.9018e-01, 
 1DIAGNOSTIC,    36, -9.757553935051e-01, 9.733460501593e-06, 2.9557e+01, 8.1869e-01, 
 1DIAGNOSTIC,    37, -9.759318828583e-01, 9.409985977982e-06, 3.0362e+01, 8.0456e-01, 
 1DIAGNOSTIC,    38, -9.758385419846e-01, 7.886232197052e-06, 3.1175e+01, 8.1323e-01, 
 1DIAGNOSTIC,    39, -9.759626984596e-01, 7.443807589880e-06, 3.1988e+01, 8.1288e-01, 
 1DIAGNOSTIC,    40, -9.759244918823e-01, 6.176992883411e-06, 3.2787e+01, 7.9919e-01, 
 1DIAGNOSTIC,    41, -9.760490059853e-01, 6.516585017380e-06, 3.3618e+01, 8.3139e-01, 
 1DIAGNOSTIC,    42, -9.759735465050e-01, 5.444488124340e-06, 3.4422e+01, 8.0342e-01, 
 1DIAGNOSTIC,    43, -9.760581851006e-01, 5.471421445691e-06, 3.5203e+01, 7.8148e-01, 
 1DIAGNOSTIC,    44, -9.760289192200e-01, 4.594510755851e-06, 3.5994e+01, 7.9045e-01, 
 1DIAGNOSTIC,    45, -9.761433601379e-01, 4.963571427652e-06, 3.6822e+01, 8.2795e-01, 
 1DIAGNOSTIC,    46, -9.760428667068e-01, 3.714577587743e-06, 3.7635e+01, 8.1364e-01, 
 1DIAGNOSTIC,    47, -9.761106967926e-01, 3.802413175436e-06, 3.8443e+01, 8.0803e-01, 
 1DIAGNOSTIC,    48, -9.761722087860e-01, 3.367023055034e-06, 3.9235e+01, 7.9227e-01, 
 1DIAGNOSTIC,    49, -9.761232137680e-01, 3.131517360089e-06, 4.0052e+01, 8.1652e-01, 
 1DIAGNOSTIC,    50, -9.762219786644e-01, 3.015187530764e-06, 4.0869e+01, 8.1740e-01, 
 1DIAGNOSTIC,    51, -9.760878086090e-01, 2.627789626786e-06, 4.1695e+01, 8.2593e-01, 
 1DIAGNOSTIC,    52, -9.762564897537e-01, 2.601602091090e-06, 4.2528e+01, 8.3297e-01, 
 1DIAGNOSTIC,    53, -9.761506319046e-01, 2.238989964098e-06, 4.3300e+01, 7.7180e-01, 
 1DIAGNOSTIC,    54, -9.762535095215e-01, 2.130484745066e-06, 4.4134e+01, 8.3359e-01, 
 1DIAGNOSTIC,    55, -9.761638641357e-01, 2.022323542406e-06, 4.4940e+01, 8.0665e-01, 
 1DIAGNOSTIC,    56, -9.763427376747e-01, 2.196347168137e-06, 4.5742e+01, 8.0195e-01, 
 1DIAGNOSTIC,    57, -9.761847853661e-01, 1.708263766886e-06, 4.6540e+01, 7.9766e-01, 
 1DIAGNOSTIC,    58, -9.762746095657e-01, 1.922798446685e-06, 4.7341e+01, 8.0139e-01, 
 1DIAGNOSTIC,    59, -9.762342572212e-01, 1.533836439194e-06, 4.8144e+01, 8.0275e-01, 
 1DIAGNOSTIC,    60, -9.763441085815e-01, 2.100888423229e-06, 4.8975e+01, 8.3050e-01, 
 1DIAGNOSTIC,    61, -9.762526750565e-01, 1.374475118610e-06, 4.9754e+01, 7.7945e-01, 
 1DIAGNOSTIC,    62, -9.763375520706e-01, 1.823024945224e-06, 5.0560e+01, 8.0587e-01, 
 1DIAGNOSTIC,    63, -9.762666225433e-01, 1.293577611250e-06, 5.1382e+01, 8.2182e-01, 
 1DIAGNOSTIC,    64, -9.763185977936e-01, 1.429592771274e-06, 5.2190e+01, 8.0819e-01, 
 1DIAGNOSTIC,    65, -9.762669205666e-01, 8.003167977222e-07, 5.3014e+01, 8.2400e-01, 
 1DIAGNOSTIC,    66, -9.764182567596e-01, 1.653740923757e-06, 5.3826e+01, 8.1191e-01, 
 1DIAGNOSTIC,    67, -9.762716889381e-01, 1.012445522974e-06, 5.4641e+01, 8.1564e-01, 
 1DIAGNOSTIC,    68, -9.763712882996e-01, 1.182664050248e-06, 5.5462e+01, 8.2035e-01, 
 1DIAGNOSTIC,    69, -9.763105511665e-01, 8.277542633550e-07, 5.6295e+01, 8.3344e-01, 
 1DIAGNOSTIC,    70, -9.763699769974e-01, 1.168189555756e-06, 5.7115e+01, 8.1986e-01, 
 1DIAGNOSTIC,    71, -9.763459563255e-01, 9.340396900370e-07, 5.7937e+01, 8.2167e-01, 
 1DIAGNOSTIC,    72, -9.763559103012e-01, 1.060126805896e-06, 5.8725e+01, 7.8777e-01, 
 1DIAGNOSTIC,    73, -9.763836860657e-01, 9.498368740424e-07, 5.9557e+01, 8.3270e-01, 
 1DIAGNOSTIC,    74, -9.763871431351e-01, 1.013223482005e-06, 6.0351e+01, 7.9373e-01, 
 1DIAGNOSTIC,    75, -9.763259291649e-01, 5.601708039649e-07, 6.1169e+01, 8.1770e-01, 
 1DIAGNOSTIC,    76, -9.763834476471e-01, 9.356528494209e-07, 6.1995e+01, 8.2634e-01, 
 1DIAGNOSTIC,    77, -9.763591289520e-01, 5.833898057972e-07, 6.2820e+01, 8.2495e-01, 
 1DIAGNOSTIC,    78, -9.764505624771e-01, 9.470590498495e-07, 6.3616e+01, 7.9633e-01, 
 1DIAGNOSTIC,    79, -9.763164520264e-01, 5.148802415533e-07, 6.4417e+01, 8.0055e-01, 
 1DIAGNOSTIC,    80, -9.764495491982e-01, 8.103374398161e-07, 6.5209e+01, 7.9224e-01, 
 1DIAGNOSTIC,    81, -9.763382077217e-01, 5.542360668187e-07, 6.6029e+01, 8.2019e-01, 
 1DIAGNOSTIC,    82, -9.764332175255e-01, 6.655037623204e-07, 6.6840e+01, 8.1091e-01, 
 1DIAGNOSTIC,    83, -9.763852953911e-01, 6.668610126326e-07, 6.7658e+01, 8.1815e-01, 
 1DIAGNOSTIC,    84, -9.764575362206e-01, 9.187450018544e-07, 6.8464e+01, 8.0571e-01, 
 1DIAGNOSTIC,    85, -9.763904213905e-01, 6.616277801186e-07, 6.9246e+01, 7.8238e-01, 
 1DIAGNOSTIC,    86, -9.763813614845e-01, 5.564784828493e-07, 7.0067e+01, 8.2012e-01, 
 1DIAGNOSTIC,    87, -9.765121340752e-01, 7.851320447116e-07, 7.0893e+01, 8.2680e-01, 
 1DIAGNOSTIC,    88, -9.763485789299e-01, 7.249703344314e-07, 7.1701e+01, 8.0764e-01, 
 1DIAGNOSTIC,    89, -9.764697551727e-01, 5.942758889432e-07, 7.2504e+01, 8.0296e-01, 
 1DIAGNOSTIC,    90, -9.763805866241e-01, 5.900451469643e-07, 7.3309e+01, 8.0530e-01, 
 1DIAGNOSTIC,    91, -9.764379262924e-01, 3.869926388234e-07, 7.4088e+01, 7.7878e-01, 
 1DIAGNOSTIC,    92, -9.764736890793e-01, 5.964608931208e-07, 7.4907e+01, 8.1911e-01, 
 1DIAGNOSTIC,    93, -9.764045476913e-01, 4.001594220426e-07, 7.5704e+01, 7.9698e-01, 
 1DIAGNOSTIC,    94, -9.764422178268e-01, 5.633320938614e-07, 7.6529e+01, 8.2486e-01, 
 1DIAGNOSTIC,    95, -9.764982461929e-01, 6.632327540501e-07, 7.7294e+01, 7.6541e-01, 
 1DIAGNOSTIC,    96, -9.764081835747e-01, 4.071622470292e-07, 7.8097e+01, 8.0224e-01, 
 1DIAGNOSTIC,    97, -9.764547348022e-01, 7.071628260746e-07, 7.8891e+01, 7.9465e-01, 
 1DIAGNOSTIC,    98, -9.764118194580e-01, 3.365159386703e-07, 7.9693e+01, 8.0205e-01, 
 1DIAGNOSTIC,    99, -9.764799475670e-01, 5.412712198449e-07, 8.0521e+01, 8.2786e-01, 
 1DIAGNOSTIC,   100, -9.764037728310e-01, 2.238787857323e-07, 8.1352e+01, 8.3096e-01, 
XXDIAGNOSTIC,Iteration,metricValue,convergenceValue,ITERATION_TIME_INDEX,SINCE_LAST
 1DIAGNOSTIC,     1, -9.432348608971e-01, inf, 8.4494e+01, 3.1422e+00, 
 1DIAGNOSTIC,     2, -9.439607262611e-01, inf, 8.7075e+01, 2.5802e+00, 
 1DIAGNOSTIC,     3, -9.446732997894e-01, inf, 8.9653e+01, 2.5790e+00, 
 1DIAGNOSTIC,     4, -9.451637268066e-01, inf, 9.2245e+01, 2.5919e+00, 
 1DIAGNOSTIC,     5, -9.456136822701e-01, inf, 9.4829e+01, 2.5833e+00, 
 1DIAGNOSTIC,     6, -9.460576176643e-01, inf, 9.7401e+01, 2.5720e+00, 
 1DIAGNOSTIC,     7, -9.463930130005e-01, inf, 9.9998e+01, 2.5975e+00, 
 1DIAGNOSTIC,     8, -9.467165470123e-01, inf, 1.0260e+02, 2.6012e+00, 
 1DIAGNOSTIC,     9, -9.469575881958e-01, inf, 1.0517e+02, 2.5736e+00, 
 1DIAGNOSTIC,    10, -9.471542239189e-01, 2.622441679705e-04, 1.0775e+02, 2.5806e+00, 
 1DIAGNOSTIC,    11, -9.473391175270e-01, 2.043868007604e-04, 1.1035e+02, 2.5958e+00, 
 1DIAGNOSTIC,    12, -9.475045204163e-01, 1.600688265171e-04, 1.1295e+02, 2.6015e+00, 
 1DIAGNOSTIC,    13, -9.476236104965e-01, 1.273943635169e-04, 1.1554e+02, 2.5841e+00, 
 1DIAGNOSTIC,    14, -9.477381110191e-01, 1.008868857753e-04, 1.1812e+02, 2.5858e+00, 
 1DIAGNOSTIC,    15, -9.478580951691e-01, 8.017936488613e-05, 1.2071e+02, 2.5886e+00, 
 1DIAGNOSTIC,    16, -9.479675292969e-01, 6.517369183712e-05, 1.2329e+02, 2.5809e+00, 
 1DIAGNOSTIC,    17, -9.480687379837e-01, 5.370962389861e-05, 1.2588e+02, 2.5870e+00, 
 1DIAGNOSTIC,    18, -9.481073021889e-01, 4.470298881643e-05, 1.2847e+02, 2.5949e+00, 
 1DIAGNOSTIC,    19, -9.481565356255e-01, 3.722843393916e-05, 1.3106e+02, 2.5841e+00, 
 1DIAGNOSTIC,    20, -9.481707215309e-01, 3.031063533854e-05, 1.3366e+02, 2.6022e+00, 
 1DIAGNOSTIC,    21, -9.481990933418e-01, 2.437880175421e-05, 1.3625e+02, 2.5926e+00, 
 1DIAGNOSTIC,    22, -9.481906890869e-01, 1.896486537589e-05, 1.3885e+02, 2.5990e+00, 
 1DIAGNOSTIC,    23, -9.481918215752e-01, 1.394644368702e-05, 1.4145e+02, 2.5984e+00, 
 1DIAGNOSTIC,    24, -9.482161402702e-01, 9.890625733533e-06, 1.4404e+02, 2.5929e+00, 
 1DIAGNOSTIC,    25, -9.482001662254e-01, 6.572503025382e-06, 1.4665e+02, 2.6043e+00, 
 1DIAGNOSTIC,    26, -9.482460021973e-01, 4.787957550434e-06, 1.4924e+02, 2.5945e+00, 
 1DIAGNOSTIC,    27, -9.482685327530e-01, 4.160327080172e-06, 1.5184e+02, 2.6016e+00, 
 1DIAGNOSTIC,    28, -9.482541084290e-01, 3.542182867022e-06, 1.5442e+02, 2.5824e+00, 
 1DIAGNOSTIC,    29, -9.483071565628e-01, 3.806919039562e-06, 1.5704e+02, 2.6109e+00, 
 1DIAGNOSTIC,    30, -9.482760429382e-01, 3.606432073866e-06, 1.5963e+02, 2.5916e+00, 
 1DIAGNOSTIC,    31, -9.483830928802e-01, 4.499723218032e-06, 1.6221e+02, 2.5867e+00, 
 1DIAGNOSTIC,    32, -9.483149051666e-01, 4.261247795512e-06, 1.6480e+02, 2.5911e+00, 
 1DIAGNOSTIC,    33, -9.483451247215e-01, 4.035637630295e-06, 1.6739e+02, 2.5857e+00, 
 1DIAGNOSTIC,    34, -9.483518004417e-01, 3.811582018898e-06, 1.6998e+02, 2.5921e+00, 
 1DIAGNOSTIC,    35, -9.484131336212e-01, 3.696251269503e-06, 1.7258e+02, 2.5975e+00, 
 1DIAGNOSTIC,    36, -9.483821988106e-01, 3.425148861425e-06, 1.7517e+02, 2.5875e+00, 
 1DIAGNOSTIC,    37, -9.484282732010e-01, 3.506720759106e-06, 1.7776e+02, 2.5883e+00, 
 1DIAGNOSTIC,    38, -9.484239220619e-01, 3.174936409778e-06, 1.8035e+02, 2.5898e+00, 
 1DIAGNOSTIC,    39, -9.484598040581e-01, 3.327495051053e-06, 1.8293e+02, 2.5876e+00, 
 1DIAGNOSTIC,    40, -9.484336972237e-01, 2.768852255031e-06, 1.8556e+02, 2.6260e+00, 
 1DIAGNOSTIC,    41, -9.484972357750e-01, 3.323912324049e-06, 1.8814e+02, 2.5846e+00, 
 1DIAGNOSTIC,    42, -9.484794139862e-01, 2.980952785947e-06, 1.9073e+02, 2.5814e+00, 
 1DIAGNOSTIC,    43, -9.484831690788e-01, 2.683157390493e-06, 1.9333e+02, 2.6072e+00, 
 1DIAGNOSTIC,    44, -9.485170841217e-01, 2.481992851244e-06, 1.9591e+02, 2.5771e+00, 
 1DIAGNOSTIC,    45, -9.485019445419e-01, 2.430970653222e-06, 1.9850e+02, 2.5908e+00, 
 1DIAGNOSTIC,    46, -9.485518336296e-01, 2.335655835850e-06, 2.0109e+02, 2.5914e+00, 
 1DIAGNOSTIC,    47, -9.485013484955e-01, 2.053339585473e-06, 2.0370e+02, 2.6051e+00, 
 1DIAGNOSTIC,    48, -9.485648870468e-01, 2.029330744335e-06, 2.0628e+02, 2.5802e+00, 
 1DIAGNOSTIC,    49, -9.485223889351e-01, 1.829323991842e-06, 2.0887e+02, 2.5975e+00, 
 1DIAGNOSTIC,    50, -9.485816359520e-01, 1.717734789963e-06, 2.1147e+02, 2.5976e+00, 
 1DIAGNOSTIC,    51, -9.485338330269e-01, 1.595553612788e-06, 2.1407e+02, 2.6030e+00, 
 1DIAGNOSTIC,    52, -9.486291408539e-01, 1.842487904469e-06, 2.1667e+02, 2.5992e+00, 
 1DIAGNOSTIC,    53, -9.485251307487e-01, 1.375591409669e-06, 2.1927e+02, 2.5982e+00, 
 1DIAGNOSTIC,    54, -9.486239552498e-01, 1.609859168639e-06, 2.2186e+02, 2.5854e+00, 
 1DIAGNOSTIC,    55, -9.485567212105e-01, 1.265696255359e-06, 2.2446e+02, 2.6025e+00, 
 1DIAGNOSTIC,    56, -9.485974907875e-01, 1.370219592900e-06, 2.2705e+02, 2.5892e+00, 
 1DIAGNOSTIC,    57, -9.485623836517e-01, 9.292030540564e-07, 2.2964e+02, 2.5910e+00, 
 1DIAGNOSTIC,    58, -9.486603736877e-01, 1.316144334851e-06, 2.3222e+02, 2.5823e+00, 
 1DIAGNOSTIC,    59, -9.485814571381e-01, 9.772818430065e-07, 2.3481e+02, 2.5920e+00, 
 1DIAGNOSTIC,    60, -9.486292004585e-01, 1.163757815448e-06, 2.3742e+02, 2.6048e+00, 
 1DIAGNOSTIC,    61, -9.486042261124e-01, 9.087775083572e-07, 2.4001e+02, 2.5909e+00, 
 1DIAGNOSTIC,    62, -9.486587643623e-01, 1.364682134408e-06, 2.4261e+02, 2.5993e+00, 
 1DIAGNOSTIC,    63, -9.486155509949e-01, 9.983480140363e-07, 2.4522e+02, 2.6099e+00, 
 1DIAGNOSTIC,    64, -9.486721754074e-01, 1.343512849417e-06, 2.4783e+02, 2.6086e+00, 
 1DIAGNOSTIC,    65, -9.486169815063e-01, 1.024198923005e-06, 2.5043e+02, 2.6015e+00, 
 1DIAGNOSTIC,    66, -9.486802220345e-01, 1.146887939285e-06, 2.5302e+02, 2.5910e+00, 
 1DIAGNOSTIC,    67, -9.486162066460e-01, 7.350769806180e-07, 2.5561e+02, 2.5912e+00, 
 1DIAGNOSTIC,    68, -9.486813545227e-01, 1.049152956512e-06, 2.5823e+02, 2.6228e+00, 
 1DIAGNOSTIC,    69, -9.486404061317e-01, 7.643973276572e-07, 2.6080e+02, 2.5657e+00, 
 1DIAGNOSTIC,    70, -9.486889839172e-01, 8.799211173027e-07, 2.6340e+02, 2.5973e+00, 
 1DIAGNOSTIC,    71, -9.486627578735e-01, 7.240154786814e-07, 2.6599e+02, 2.5934e+00, 
 1DIAGNOSTIC,    72, -9.487367868423e-01, 1.090699583983e-06, 2.6859e+02, 2.6008e+00, 
 1DIAGNOSTIC,    73, -9.486186504364e-01, 7.073511483213e-07, 2.7118e+02, 2.5897e+00, 
 1DIAGNOSTIC,    74, -9.487303495407e-01, 1.012002144307e-06, 2.7377e+02, 2.5835e+00, 
 1DIAGNOSTIC,    75, -9.486629962921e-01, 7.405491260215e-07, 2.7636e+02, 2.5996e+00, 
 1DIAGNOSTIC,    76, -9.487341642380e-01, 9.888442491501e-07, 2.7896e+02, 2.5940e+00, 
 1DIAGNOSTIC,    77, -9.486593008041e-01, 6.221177386578e-07, 2.8155e+02, 2.5950e+00, 
 1DIAGNOSTIC,    78, -9.487471580505e-01, 8.500830404046e-07, 2.8416e+02, 2.6031e+00, 
 1DIAGNOSTIC,    79, -9.487017393112e-01, 6.869011031085e-07, 2.8675e+02, 2.5931e+00, 
 1DIAGNOSTIC,    80, -9.487341642380e-01, 8.087833975878e-07, 2.8934e+02, 2.5904e+00, 
 1DIAGNOSTIC,    81, -9.486897587776e-01, 6.175602607073e-07, 2.9193e+02, 2.5903e+00, 
 1DIAGNOSTIC,    82, -9.487638473511e-01, 9.698622989163e-07, 2.9452e+02, 2.5931e+00, 
 1DIAGNOSTIC,    83, -9.486749768257e-01, 4.881233621745e-07, 2.9712e+02, 2.5977e+00, 
 1DIAGNOSTIC,    84, -9.487690329552e-01, 7.583976184833e-07, 2.9970e+02, 2.5827e+00, 
 1DIAGNOSTIC,    85, -9.487217664719e-01, 5.663448519044e-07, 3.0231e+02, 2.6015e+00, 
 1DIAGNOSTIC,    86, -9.487597942352e-01, 7.542402045146e-07, 3.0489e+02, 2.5871e+00, 
 1DIAGNOSTIC,    87, -9.487233161926e-01, 5.052987148702e-07, 3.0748e+02, 2.5879e+00, 
 1DIAGNOSTIC,    88, -9.487781524658e-01, 7.433325777129e-07, 3.1007e+02, 2.5868e+00, 
 1DIAGNOSTIC,    89, -9.487000107765e-01, 5.138022061146e-07, 3.1268e+02, 2.6153e+00, 
 1DIAGNOSTIC,    90, -9.487857818604e-01, 6.789741746616e-07, 3.1527e+02, 2.5898e+00, 
 1DIAGNOSTIC,    91, -9.486964941025e-01, 3.538873158959e-07, 3.1786e+02, 2.5869e+00, 
 1DIAGNOSTIC,    92, -9.487898349762e-01, 5.988619022901e-07, 3.2044e+02, 2.5801e+00, 
 1DIAGNOSTIC,    93, -9.487392902374e-01, 3.470664182714e-07, 3.2304e+02, 2.6018e+00, 
 1DIAGNOSTIC,    94, -9.487960338593e-01, 5.909831770623e-07, 3.2563e+02, 2.5918e+00, 
 1DIAGNOSTIC,    95, -9.487139582634e-01, 3.904237928509e-07, 3.2823e+02, 2.5956e+00, 
 1DIAGNOSTIC,    96, -9.487767219543e-01, 5.142173904460e-07, 3.3082e+02, 2.5956e+00, 
 1DIAGNOSTIC,    97, -9.487487077713e-01, 4.060602520894e-07, 3.3342e+02, 2.5912e+00, 
 1DIAGNOSTIC,    98, -9.488078355789e-01, 6.482397338914e-07, 3.3601e+02, 2.5985e+00, 
 1DIAGNOSTIC,    99, -9.487383365631e-01, 3.966826795931e-07, 3.3861e+02, 2.5958e+00, 
 1DIAGNOSTIC,   100, -9.488094449043e-01, 6.311954621196e-07, 3.4121e+02, 2.6034e+00, 
XXDIAGNOSTIC,Iteration,metricValue,convergenceValue,ITERATION_TIME_INDEX,SINCE_LAST
 1DIAGNOSTIC,     1, -8.702392578125e-01, inf, 3.6296e+02, 2.1745e+01, 
 1DIAGNOSTIC,     2, -8.727769255638e-01, inf, 3.8412e+02, 2.1163e+01, 
 1DIAGNOSTIC,     3, -8.754516243935e-01, inf, 4.0520e+02, 2.1082e+01, 
 1DIAGNOSTIC,     4, -8.777092695236e-01, inf, 4.2621e+02, 2.1005e+01, 
 1DIAGNOSTIC,     5, -8.796594738960e-01, inf, 4.4740e+02, 2.1192e+01, 
 1DIAGNOSTIC,     6, -8.812575340271e-01, inf, 4.6835e+02, 2.0952e+01, 
 1DIAGNOSTIC,     7, -8.827145099640e-01, inf, 4.8933e+02, 2.0983e+01, 
 1DIAGNOSTIC,     8, -8.841308355331e-01, inf, 5.1028e+02, 2.0945e+01, 
 1DIAGNOSTIC,     9, -8.854074478149e-01, inf, 5.3139e+02, 2.1108e+01, 
 1DIAGNOSTIC,    10, -8.865082263947e-01, 1.166327507235e-03, 5.5237e+02, 2.0982e+01, 
 1DIAGNOSTIC,    11, -8.873813152313e-01, 9.420206770301e-04, 5.7341e+02, 2.1041e+01, 
 1DIAGNOSTIC,    12, -8.881902694702e-01, 7.599508389831e-04, 5.9435e+02, 2.0939e+01, 
 1DIAGNOSTIC,    13, -8.889276981354e-01, 6.212634034455e-04, 6.1537e+02, 2.1024e+01, 
 1DIAGNOSTIC,    14, -8.895992040634e-01, 5.128110060468e-04, 6.3634e+02, 2.0971e+01, 
 1DIAGNOSTIC,    15, -8.902096748352e-01, 4.266791802365e-04, 6.5739e+02, 2.1048e+01, 
 1DIAGNOSTIC,    16, -8.907721042633e-01, 3.554641152732e-04, 6.7844e+02, 2.1048e+01, 
 1DIAGNOSTIC,    17, -8.912866115570e-01, 2.969926863443e-04, 6.9949e+02, 2.1052e+01, 
 1DIAGNOSTIC,    18, -8.917587399483e-01, 2.510930353310e-04, 7.2053e+02, 2.1036e+01, 
 1DIAGNOSTIC,    19, -8.921981453896e-01, 2.156079717679e-04, 7.4159e+02, 2.1059e+01, 
 1DIAGNOSTIC,    20, -8.926038146019e-01, 1.877495669760e-04, 7.6268e+02, 2.1088e+01, 
 1DIAGNOSTIC,    21, -8.929823040962e-01, 1.641222042963e-04, 7.8376e+02, 2.1082e+01, 
 1DIAGNOSTIC,    22, -8.933343291283e-01, 1.442060456611e-04, 8.0480e+02, 2.1042e+01, 
 1DIAGNOSTIC,    23, -8.936595320702e-01, 1.273193483939e-04, 8.2581e+02, 2.1007e+01, 
 1DIAGNOSTIC,    24, -8.939632177353e-01, 1.129193042289e-04, 8.4679e+02, 2.0983e+01, 
 1DIAGNOSTIC,    25, -8.942456245422e-01, 1.005097146844e-04, 8.6790e+02, 2.1111e+01, 
 1DIAGNOSTIC,    26, -8.945109844208e-01, 8.980733400676e-05, 8.8895e+02, 2.1052e+01, 
 1DIAGNOSTIC,    27, -8.947584629059e-01, 8.049087773543e-05, 9.0993e+02, 2.0980e+01, 
 1DIAGNOSTIC,    28, -8.949971199036e-01, 7.239540718729e-05, 9.3112e+02, 2.1188e+01, 
 1DIAGNOSTIC,    29, -8.952197432518e-01, 6.535194552271e-05, 9.5216e+02, 2.1042e+01, 
 1DIAGNOSTIC,    30, -8.954240679741e-01, 5.913374479860e-05, 9.7321e+02, 2.1044e+01, 
 1DIAGNOSTIC,    31, -8.956153392792e-01, 5.363311720430e-05, 9.9430e+02, 2.1097e+01, 
 1DIAGNOSTIC,    32, -8.957983851433e-01, 4.877909668721e-05, 1.0153e+03, 2.1040e+01, 
 1DIAGNOSTIC,    33, -8.959690332413e-01, 4.443391662790e-05, 1.0364e+03, 2.1071e+01, 
 1DIAGNOSTIC,    34, -8.961327075958e-01, 4.056048419443e-05, 1.0574e+03, 2.1005e+01, 
 1DIAGNOSTIC,    35, -8.962860703468e-01, 3.707670475706e-05, 1.0785e+03, 2.1068e+01, 
 1DIAGNOSTIC,    36, -8.964319229126e-01, 3.395631938474e-05, 1.0994e+03, 2.0924e+01, 
 1DIAGNOSTIC,    37, -8.965694904327e-01, 3.114166611340e-05, 1.1205e+03, 2.1132e+01, 
 1DIAGNOSTIC,    38, -8.967001438141e-01, 2.865841997846e-05, 1.1416e+03, 2.1047e+01, 
 1DIAGNOSTIC,    39, -8.968248963356e-01, 2.646263237693e-05, 1.1627e+03, 2.1066e+01, 
 1DIAGNOSTIC,    40, -8.969435691833e-01, 2.447880069667e-05, 1.1837e+03, 2.0997e+01, 
 1DIAGNOSTIC,    41, -8.970546722412e-01, 2.265767943754e-05, 1.2048e+03, 2.1144e+01, 
 1DIAGNOSTIC,    42, -8.971618413925e-01, 2.101423342538e-05, 1.2258e+03, 2.1038e+01, 
 1DIAGNOSTIC,    43, -8.972665667534e-01, 1.953126047738e-05, 1.2469e+03, 2.1026e+01, 
 1DIAGNOSTIC,    44, -8.973686695099e-01, 1.822370904847e-05, 1.2680e+03, 2.1101e+01, 
 1DIAGNOSTIC,    45, -8.974614739418e-01, 1.702405643300e-05, 1.2889e+03, 2.0985e+01, 
 1DIAGNOSTIC,    46, -8.975518941879e-01, 1.593526758370e-05, 1.3099e+03, 2.0988e+01, 
 1DIAGNOSTIC,    47, -8.976356983185e-01, 1.491797138442e-05, 1.3310e+03, 2.1038e+01, 
 1DIAGNOSTIC,    48, -8.977223634720e-01, 1.400578457833e-05, 1.3521e+03, 2.1120e+01, 
 1DIAGNOSTIC,    49, -8.977975249290e-01, 1.313580560236e-05, 1.3732e+03, 2.1080e+01, 
 1DIAGNOSTIC,    50, -8.978680372238e-01, 1.229646659340e-05, 1.3943e+03, 2.1096e+01, 
 1DIAGNOSTIC,    51, -8.979339599609e-01, 1.146622253145e-05, 1.4153e+03, 2.0998e+01, 
 1DIAGNOSTIC,    52, -8.980028033257e-01, 1.069398422260e-05, 1.4362e+03, 2.0924e+01, 
 1DIAGNOSTIC,    53, -8.980697989464e-01, 1.000182419375e-05, 1.4572e+03, 2.1025e+01, 
 1DIAGNOSTIC,    54, -8.981354236603e-01, 9.410681741429e-06, 1.4782e+03, 2.0961e+01, 
 1DIAGNOSTIC,    55, -8.981919288635e-01, 8.848585821397e-06, 1.4992e+03, 2.1046e+01, 
 1DIAGNOSTIC,    56, -8.982546329498e-01, 8.375021934626e-06, 1.5204e+03, 2.1127e+01, 
 1DIAGNOSTIC,    57, -8.983082771301e-01, 7.924414603622e-06, 1.5416e+03, 2.1267e+01, 
 1DIAGNOSTIC,    58, -8.983657956123e-01, 7.563895451312e-06, 1.5627e+03, 2.1109e+01, 
 1DIAGNOSTIC,    59, -8.984189629555e-01, 7.225120498333e-06, 1.5838e+03, 2.1077e+01, 
 1DIAGNOSTIC,    60, -8.984719514847e-01, 6.903122539370e-06, 1.6048e+03, 2.1000e+01, 
 1DIAGNOSTIC,    61, -8.985271453857e-01, 6.603173915209e-06, 1.6259e+03, 2.1118e+01, 
 1DIAGNOSTIC,    62, -8.985764384270e-01, 6.326125003397e-06, 1.6470e+03, 2.1071e+01, 
 1DIAGNOSTIC,    63, -8.986206650734e-01, 6.053354809410e-06, 1.6680e+03, 2.1043e+01, 
 1DIAGNOSTIC,    64, -8.986697196960e-01, 5.820165370096e-06, 1.6892e+03, 2.1141e+01, 
 1DIAGNOSTIC,    65, -8.987119793892e-01, 5.557618351304e-06, 1.7101e+03, 2.0973e+01, 
 1DIAGNOSTIC,    66, -8.987549543381e-01, 5.318887815520e-06, 1.7312e+03, 2.1100e+01, 
 1DIAGNOSTIC,    67, -8.988014459610e-01, 5.091040293337e-06, 1.7523e+03, 2.1032e+01, 
 1DIAGNOSTIC,    68, -8.988486528397e-01, 4.909538347420e-06, 1.7734e+03, 2.1078e+01, 
 1DIAGNOSTIC,    69, -8.988843560219e-01, 4.709191671282e-06, 1.7945e+03, 2.1094e+01, 
 1DIAGNOSTIC,    70, -8.989264965057e-01, 4.532898401521e-06, 1.8155e+03, 2.0999e+01, 
XXDIAGNOSTIC,Iteration,metricValue,convergenceValue,ITERATION_TIME_INDEX,SINCE_LAST
 1DIAGNOSTIC,     1, -7.151103019714e-01, inf, 1.9851e+03, 1.6969e+02, 
 1DIAGNOSTIC,     2, -7.170681953430e-01, inf, 2.1552e+03, 1.7003e+02, 
 1DIAGNOSTIC,     3, -7.193075418472e-01, inf, 2.3245e+03, 1.6928e+02, 
 1DIAGNOSTIC,     4, -7.212052941322e-01, inf, 2.4935e+03, 1.6907e+02, 
 1DIAGNOSTIC,     5, -7.229155302048e-01, inf, 2.6627e+03, 1.6915e+02, 
 1DIAGNOSTIC,     6, -7.244241237640e-01, inf, 2.8327e+03, 1.7007e+02, 
 1DIAGNOSTIC,     7, -7.260866165161e-01, inf, 3.0012e+03, 1.6846e+02, 
 1DIAGNOSTIC,     8, -7.276280522346e-01, inf, 3.1696e+03, 1.6843e+02, 
 1DIAGNOSTIC,     9, -7.289780974388e-01, inf, 3.3384e+03, 1.6877e+02, 
 1DIAGNOSTIC,    10, -7.302142977715e-01, 1.334399566986e-03, 3.5075e+03, 1.6910e+02, 
 1DIAGNOSTIC,    11, -7.313760519028e-01, 1.136555452831e-03, 3.6769e+03, 1.6939e+02, 
 1DIAGNOSTIC,    12, -7.324803471565e-01, 9.687801939435e-04, 3.8467e+03, 1.6978e+02, 
 1DIAGNOSTIC,    13, -7.335331439972e-01, 8.377211634070e-04, 4.0162e+03, 1.6949e+02, 
 1DIAGNOSTIC,    14, -7.344212532043e-01, 7.266374886967e-04, 4.1857e+03, 1.6955e+02, 
 1DIAGNOSTIC,    15, -7.352480888367e-01, 6.299531669356e-04, 4.3544e+03, 1.6874e+02, 
 1DIAGNOSTIC,    16, -7.360272407532e-01, 5.430403398350e-04, 4.5243e+03, 1.6987e+02, 
 1DIAGNOSTIC,    17, -7.367499470711e-01, 4.707122279797e-04, 4.6939e+03, 1.6956e+02, 
 1DIAGNOSTIC,    18, -7.373889088631e-01, 4.098775098100e-04, 4.8632e+03, 1.6931e+02, 
 1DIAGNOSTIC,    19, -7.379510998726e-01, 3.565033548512e-04, 5.0326e+03, 1.6942e+02, 
 1DIAGNOSTIC,    20, -7.384505271912e-01, 3.090048558079e-04, 5.2021e+03, 1.6946e+02, 
  Elapsed time (stage 2): 5204


Total elapsed time: 5231
Using single precision for computations.
Input scalar image: /home/mpib/nemecz/Projects/miniTRK/Results/01_MRI/GroupTempl/T1w/T_template0sub-876066_T1wRepaired.nii.gz
Reference image: /home/mpib/nemecz/Projects/miniTRK/Results/01_MRI/GroupTempl/T1w/T_template0.nii.gz
=============================================================================
The composite transform comprises the following transforms (in order): 
  1. /home/mpib/nemecz/Projects/miniTRK/Results/01_MRI/GroupTempl/T1w/T_sub-876066_T1w330GenericAffine.mat (type = AffineTransform)
  2. /home/mpib/nemecz/Projects/miniTRK/Results/01_MRI/GroupTempl/T1w/T_sub-876066_T1w331Warp.nii.gz (type = DisplacementFieldTransform)
=============================================================================
Default pixel value: 0
Interpolation type: LinearInterpolateImageFunction
Output warped image: /home/mpib/nemecz/Projects/miniTRK/Results/01_MRI/GroupTempl/T1w/T_template0sub-876066_T1w33WarpedToTemplate.nii.gz
