
Running N4 for 3-dimensional images.

Mask not read.  Using the entire image as the mask.

Original intensity range:  [0, 754]

***********************************************************
Warning:  Your input image contains nonpositive values
which could cause failure or problematic results.  A
possible workaround would be to:
   1. rescale your image to positive values e.g., [10,100].
   2. run N4 on your rescaled image.
   3. (optional) rescale the N4 output to the original
      intensity range.
***********************************************************

Specified spline distance: 200mm
  original image size:  [192, 256, 256]
  padded image size:  [201, 401, 401]
  number of control points:  [4, 5, 5]

Current level = 1
  Iteration 1 (of 50).   Current convergence value = 0.000274625 (threshold = 1e-08)
  Iteration 2 (of 50).   Current convergence value = 0.000221148 (threshold = 1e-08)
  Iteration 3 (of 50).   Current convergence value = 0.000150971 (threshold = 1e-08)
  Iteration 4 (of 50).   Current convergence value = 0.000119456 (threshold = 1e-08)
  Iteration 5 (of 50).   Current convergence value = 0.000105761 (threshold = 1e-08)
  Iteration 6 (of 50).   Current convergence value = 9.84375e-05 (threshold = 1e-08)
  Iteration 7 (of 50).   Current convergence value = 9.47462e-05 (threshold = 1e-08)
  Iteration 8 (of 50).   Current convergence value = 9.36214e-05 (threshold = 1e-08)
  Iteration 9 (of 50).   Current convergence value = 9.3107e-05 (threshold = 1e-08)
  Iteration 10 (of 50).   Current convergence value = 9.13757e-05 (threshold = 1e-08)
  Iteration 11 (of 50).   Current convergence value = 8.84311e-05 (threshold = 1e-08)
  Iteration 12 (of 50).   Current convergence value = 8.61215e-05 (threshold = 1e-08)
  Iteration 13 (of 50).   Current convergence value = 8.35751e-05 (threshold = 1e-08)
  Iteration 14 (of 50).   Current convergence value = 8.11627e-05 (threshold = 1e-08)
  Iteration 15 (of 50).   Current convergence value = 7.84461e-05 (threshold = 1e-08)
  Iteration 16 (of 50).   Current convergence value = 7.5893e-05 (threshold = 1e-08)
  Iteration 17 (of 50).   Current convergence value = 7.31372e-05 (threshold = 1e-08)
  Iteration 18 (of 50).   Current convergence value = 7.01961e-05 (threshold = 1e-08)
  Iteration 19 (of 50).   Current convergence value = 6.62958e-05 (threshold = 1e-08)
  Iteration 20 (of 50).   Current convergence value = 6.2527e-05 (threshold = 1e-08)
  Iteration 21 (of 50).   Current convergence value = 5.95387e-05 (threshold = 1e-08)
  Iteration 22 (of 50).   Current convergence value = 5.69244e-05 (threshold = 1e-08)
  Iteration 23 (of 50).   Current convergence value = 5.43137e-05 (threshold = 1e-08)
  Iteration 24 (of 50).   Current convergence value = 5.18071e-05 (threshold = 1e-08)
  Iteration 25 (of 50).   Current convergence value = 4.94796e-05 (threshold = 1e-08)
  Iteration 26 (of 50).   Current convergence value = 4.72112e-05 (threshold = 1e-08)
  Iteration 27 (of 50).   Current convergence value = 4.49571e-05 (threshold = 1e-08)
  Iteration 28 (of 50).   Current convergence value = 4.29073e-05 (threshold = 1e-08)
  Iteration 29 (of 50).   Current convergence value = 4.09164e-05 (threshold = 1e-08)
  Iteration 30 (of 50).   Current convergence value = 3.89449e-05 (threshold = 1e-08)
  Iteration 31 (of 50).   Current convergence value = 3.70283e-05 (threshold = 1e-08)
  Iteration 32 (of 50).   Current convergence value = 3.51194e-05 (threshold = 1e-08)
  Iteration 33 (of 50).   Current convergence value = 3.32189e-05 (threshold = 1e-08)
  Iteration 34 (of 50).   Current convergence value = 3.12899e-05 (threshold = 1e-08)
  Iteration 35 (of 50).   Current convergence value = 2.94825e-05 (threshold = 1e-08)
  Iteration 36 (of 50).   Current convergence value = 2.79643e-05 (threshold = 1e-08)
  Iteration 37 (of 50).   Current convergence value = 2.63747e-05 (threshold = 1e-08)
  Iteration 38 (of 50).   Current convergence value = 2.50428e-05 (threshold = 1e-08)
  Iteration 39 (of 50).   Current convergence value = 2.35727e-05 (threshold = 1e-08)
  Iteration 40 (of 50).   Current convergence value = 2.22228e-05 (threshold = 1e-08)
  Iteration 41 (of 50).   Current convergence value = 2.10216e-05 (threshold = 1e-08)
  Iteration 42 (of 50).   Current convergence value = 1.99172e-05 (threshold = 1e-08)
  Iteration 43 (of 50).   Current convergence value = 1.88166e-05 (threshold = 1e-08)
  Iteration 44 (of 50).   Current convergence value = 1.7845e-05 (threshold = 1e-08)
  Iteration 45 (of 50).   Current convergence value = 1.70218e-05 (threshold = 1e-08)
  Iteration 46 (of 50).   Current convergence value = 1.62141e-05 (threshold = 1e-08)
  Iteration 47 (of 50).   Current convergence value = 1.55202e-05 (threshold = 1e-08)
  Iteration 48 (of 50).   Current convergence value = 1.49059e-05 (threshold = 1e-08)
  Iteration 49 (of 50).   Current convergence value = 1.43494e-05 (threshold = 1e-08)
  Iteration 50 (of 50).   Current convergence value = 1.38914e-05 (threshold = 1e-08)
Current level = 2
  Iteration 1 (of 50).   Current convergence value = 0.000386144 (threshold = 1e-08)
  Iteration 2 (of 50).   Current convergence value = 0.000375551 (threshold = 1e-08)
  Iteration 3 (of 50).   Current convergence value = 0.000367024 (threshold = 1e-08)
  Iteration 4 (of 50).   Current convergence value = 0.000361902 (threshold = 1e-08)
  Iteration 5 (of 50).   Current convergence value = 0.000361379 (threshold = 1e-08)
  Iteration 6 (of 50).   Current convergence value = 0.00035989 (threshold = 1e-08)
  Iteration 7 (of 50).   Current convergence value = 0.000357496 (threshold = 1e-08)
  Iteration 8 (of 50).   Current convergence value = 0.000354296 (threshold = 1e-08)
  Iteration 9 (of 50).   Current convergence value = 0.00035119 (threshold = 1e-08)
  Iteration 10 (of 50).   Current convergence value = 0.000348198 (threshold = 1e-08)
  Iteration 11 (of 50).   Current convergence value = 0.000345497 (threshold = 1e-08)
  Iteration 12 (of 50).   Current convergence value = 0.000343137 (threshold = 1e-08)
  Iteration 13 (of 50).   Current convergence value = 0.000340786 (threshold = 1e-08)
  Iteration 14 (of 50).   Current convergence value = 0.000338569 (threshold = 1e-08)
  Iteration 15 (of 50).   Current convergence value = 0.000336725 (threshold = 1e-08)
  Iteration 16 (of 50).   Current convergence value = 0.000334965 (threshold = 1e-08)
  Iteration 17 (of 50).   Current convergence value = 0.000333169 (threshold = 1e-08)
  Iteration 18 (of 50).   Current convergence value = 0.000331346 (threshold = 1e-08)
  Iteration 19 (of 50).   Current convergence value = 0.000328234 (threshold = 1e-08)
  Iteration 20 (of 50).   Current convergence value = 0.000324406 (threshold = 1e-08)
  Iteration 21 (of 50).   Current convergence value = 0.000320106 (threshold = 1e-08)
  Iteration 22 (of 50).   Current convergence value = 0.000315628 (threshold = 1e-08)
  Iteration 23 (of 50).   Current convergence value = 0.000310997 (threshold = 1e-08)
  Iteration 24 (of 50).   Current convergence value = 0.000306564 (threshold = 1e-08)
  Iteration 25 (of 50).   Current convergence value = 0.000302434 (threshold = 1e-08)
  Iteration 26 (of 50).   Current convergence value = 0.000298365 (threshold = 1e-08)
  Iteration 27 (of 50).   Current convergence value = 0.000294458 (threshold = 1e-08)
  Iteration 28 (of 50).   Current convergence value = 0.000290244 (threshold = 1e-08)
  Iteration 29 (of 50).   Current convergence value = 0.000284453 (threshold = 1e-08)
  Iteration 30 (of 50).   Current convergence value = 0.000279307 (threshold = 1e-08)
  Iteration 31 (of 50).   Current convergence value = 0.000274165 (threshold = 1e-08)
  Iteration 32 (of 50).   Current convergence value = 0.000269268 (threshold = 1e-08)
  Iteration 33 (of 50).   Current convergence value = 0.00026465 (threshold = 1e-08)
  Iteration 34 (of 50).   Current convergence value = 0.000260269 (threshold = 1e-08)
  Iteration 35 (of 50).   Current convergence value = 0.000256141 (threshold = 1e-08)
  Iteration 36 (of 50).   Current convergence value = 0.000252261 (threshold = 1e-08)
  Iteration 37 (of 50).   Current convergence value = 0.000248502 (threshold = 1e-08)
  Iteration 38 (of 50).   Current convergence value = 0.000245006 (threshold = 1e-08)
  Iteration 39 (of 50).   Current convergence value = 0.00024169 (threshold = 1e-08)
  Iteration 40 (of 50).   Current convergence value = 0.000238514 (threshold = 1e-08)
  Iteration 41 (of 50).   Current convergence value = 0.000235363 (threshold = 1e-08)
  Iteration 42 (of 50).   Current convergence value = 0.000232228 (threshold = 1e-08)
  Iteration 43 (of 50).   Current convergence value = 0.000229317 (threshold = 1e-08)
  Iteration 44 (of 50).   Current convergence value = 0.00022653 (threshold = 1e-08)
  Iteration 45 (of 50).   Current convergence value = 0.000223811 (threshold = 1e-08)
  Iteration 46 (of 50).   Current convergence value = 0.000221215 (threshold = 1e-08)
  Iteration 47 (of 50).   Current convergence value = 0.000218748 (threshold = 1e-08)
  Iteration 48 (of 50).   Current convergence value = 0.000216313 (threshold = 1e-08)
  Iteration 49 (of 50).   Current convergence value = 0.000214017 (threshold = 1e-08)
  Iteration 50 (of 50).   Current convergence value = 0.000211844 (threshold = 1e-08)
Current level = 3
  Iteration 1 (of 40).   Current convergence value = 0.00157621 (threshold = 1e-08)
  Iteration 2 (of 40).   Current convergence value = 0.00150706 (threshold = 1e-08)
  Iteration 3 (of 40).   Current convergence value = 0.00149924 (threshold = 1e-08)
  Iteration 4 (of 40).   Current convergence value = 0.0015054 (threshold = 1e-08)
  Iteration 5 (of 40).   Current convergence value = 0.00152493 (threshold = 1e-08)
  Iteration 6 (of 40).   Current convergence value = 0.00146555 (threshold = 1e-08)
  Iteration 7 (of 40).   Current convergence value = 0.00142577 (threshold = 1e-08)
  Iteration 8 (of 40).   Current convergence value = 0.00138783 (threshold = 1e-08)
  Iteration 9 (of 40).   Current convergence value = 0.00136172 (threshold = 1e-08)
  Iteration 10 (of 40).   Current convergence value = 0.00134534 (threshold = 1e-08)
  Iteration 11 (of 40).   Current convergence value = 0.00133463 (threshold = 1e-08)
  Iteration 12 (of 40).   Current convergence value = 0.00132642 (threshold = 1e-08)
  Iteration 13 (of 40).   Current convergence value = 0.00132487 (threshold = 1e-08)
  Iteration 14 (of 40).   Current convergence value = 0.00132799 (threshold = 1e-08)
  Iteration 15 (of 40).   Current convergence value = 0.00128177 (threshold = 1e-08)
  Iteration 16 (of 40).   Current convergence value = 0.00122288 (threshold = 1e-08)
  Iteration 17 (of 40).   Current convergence value = 0.00117738 (threshold = 1e-08)
  Iteration 18 (of 40).   Current convergence value = 0.00112726 (threshold = 1e-08)
  Iteration 19 (of 40).   Current convergence value = 0.00107645 (threshold = 1e-08)
  Iteration 20 (of 40).   Current convergence value = 0.00103623 (threshold = 1e-08)
  Iteration 21 (of 40).   Current convergence value = 0.0010042 (threshold = 1e-08)
  Iteration 22 (of 40).   Current convergence value = 0.000978516 (threshold = 1e-08)
  Iteration 23 (of 40).   Current convergence value = 0.000957615 (threshold = 1e-08)
  Iteration 24 (of 40).   Current convergence value = 0.000941145 (threshold = 1e-08)
  Iteration 25 (of 40).   Current convergence value = 0.000928586 (threshold = 1e-08)
  Iteration 26 (of 40).   Current convergence value = 0.000918902 (threshold = 1e-08)
  Iteration 27 (of 40).   Current convergence value = 0.000911899 (threshold = 1e-08)
  Iteration 28 (of 40).   Current convergence value = 0.000906945 (threshold = 1e-08)
  Iteration 29 (of 40).   Current convergence value = 0.000903751 (threshold = 1e-08)
  Iteration 30 (of 40).   Current convergence value = 0.000902214 (threshold = 1e-08)
  Iteration 31 (of 40).   Current convergence value = 0.000902349 (threshold = 1e-08)
  Iteration 32 (of 40).   Current convergence value = 0.000887093 (threshold = 1e-08)
  Iteration 33 (of 40).   Current convergence value = 0.000840474 (threshold = 1e-08)
  Iteration 34 (of 40).   Current convergence value = 0.000803177 (threshold = 1e-08)
  Iteration 35 (of 40).   Current convergence value = 0.000772204 (threshold = 1e-08)
  Iteration 36 (of 40).   Current convergence value = 0.000745534 (threshold = 1e-08)
  Iteration 37 (of 40).   Current convergence value = 0.000722324 (threshold = 1e-08)
  Iteration 38 (of 40).   Current convergence value = 0.000702447 (threshold = 1e-08)
  Iteration 39 (of 40).   Current convergence value = 0.00068529 (threshold = 1e-08)
  Iteration 40 (of 40).   Current convergence value = 0.000670085 (threshold = 1e-08)
Current level = 4
  Iteration 1 (of 30).   Current convergence value = 0.00210971 (threshold = 1e-08)
  Iteration 2 (of 30).   Current convergence value = 0.00179144 (threshold = 1e-08)
  Iteration 3 (of 30).   Current convergence value = 0.00165431 (threshold = 1e-08)
  Iteration 4 (of 30).   Current convergence value = 0.00157136 (threshold = 1e-08)
  Iteration 5 (of 30).   Current convergence value = 0.00151221 (threshold = 1e-08)
  Iteration 6 (of 30).   Current convergence value = 0.00146885 (threshold = 1e-08)
  Iteration 7 (of 30).   Current convergence value = 0.00143567 (threshold = 1e-08)
  Iteration 8 (of 30).   Current convergence value = 0.00141099 (threshold = 1e-08)
  Iteration 9 (of 30).   Current convergence value = 0.00132788 (threshold = 1e-08)
  Iteration 10 (of 30).   Current convergence value = 0.0012219 (threshold = 1e-08)
  Iteration 11 (of 30).   Current convergence value = 0.00113546 (threshold = 1e-08)
  Iteration 12 (of 30).   Current convergence value = 0.00106231 (threshold = 1e-08)
  Iteration 13 (of 30).   Current convergence value = 0.000998373 (threshold = 1e-08)
  Iteration 14 (of 30).   Current convergence value = 0.00094223 (threshold = 1e-08)
  Iteration 15 (of 30).   Current convergence value = 0.00089253 (threshold = 1e-08)
  Iteration 16 (of 30).   Current convergence value = 0.000848009 (threshold = 1e-08)
  Iteration 17 (of 30).   Current convergence value = 0.000808142 (threshold = 1e-08)
  Iteration 18 (of 30).   Current convergence value = 0.000773297 (threshold = 1e-08)
  Iteration 19 (of 30).   Current convergence value = 0.000740346 (threshold = 1e-08)
  Iteration 20 (of 30).   Current convergence value = 0.000705622 (threshold = 1e-08)
  Iteration 21 (of 30).   Current convergence value = 0.000675341 (threshold = 1e-08)
  Iteration 22 (of 30).   Current convergence value = 0.000648836 (threshold = 1e-08)
  Iteration 23 (of 30).   Current convergence value = 0.000625743 (threshold = 1e-08)
  Iteration 24 (of 30).   Current convergence value = 0.000605675 (threshold = 1e-08)
  Iteration 25 (of 30).   Current convergence value = 0.000588465 (threshold = 1e-08)
  Iteration 26 (of 30).   Current convergence value = 0.000573764 (threshold = 1e-08)
  Iteration 27 (of 30).   Current convergence value = 0.000562217 (threshold = 1e-08)
  Iteration 28 (of 30).   Current convergence value = 0.000552437 (threshold = 1e-08)
  Iteration 29 (of 30).   Current convergence value = 0.000544924 (threshold = 1e-08)
  Iteration 30 (of 30).   Current convergence value = 0.000539801 (threshold = 1e-08)
   N4BiasFieldCorrectionImageFilter (0x55858a49ce20)
     RTTI typeinfo:   itk::N4BiasFieldCorrectionImageFilter<itk::Image<float, 3u>, itk::Image<float, 3u>, itk::Image<float, 3u> >
     Reference Count: 1
     Modified Time: 565
     Debug: Off
     Object Name: 
     Observers: 
       IterationEvent(Command)
     Inputs: 
       ConfidenceImage: (0)
       MaskImage: (0x55858a4c7610)
       Primary: (0x55858a4c2ae0) *
     Indexed Inputs: 
       0: Primary (0x55858a4c2ae0)
       1: MaskImage (0x55858a4c7610)
       2: ConfidenceImage (0)
     Required Input Names: Primary
     NumberOfRequiredInputs: 1
     Outputs: 
       Primary: (0x55858a4acef0)
     Indexed Outputs: 
       0: Primary (0x55858a4acef0)
     NumberOfRequiredOutputs: 1
     Number Of Work Units: 32
     ReleaseDataFlag: Off
     ReleaseDataBeforeUpdateFlag: Off
     AbortGenerateData: Off
     Progress: 0
     Multithreader: 
       RTTI typeinfo:   itk::PoolMultiThreader
       Reference Count: 1
       Modified Time: 144
       Debug: Off
       Object Name: 
       Observers: 
         none
       Number of Work Units: 32
       Number of Threads: 8
       Global Maximum Number Of Threads: 128
       Global Default Number Of Threads: 8
       Global Default Threader Type: itk::MultiThreaderBaseEnums::Threader::Pool
       SingleMethod: 0
       SingleData: 0
     DynamicMultiThreading: On
     CoordinateTolerance: 1e-06
     DirectionTolerance: 1e-06
     Use Mask Label: 0
     Mask label: 1
     Number of histogram bins: 200
     Wiener filter noise: 0.01
     Bias field FWHM: 0.15
     Maximum number of iterations: [50, 50, 40, 30]
     Convergence threshold: 1e-08
     Spline order: 3
     Number of fitting levels: [4, 4, 4]
     Number of control points: [4, 5, 5]
     CurrentConvergenceMeasurement: 0.000539801
     CurrentLevel: 4
     ElapsedIterations: 31
     LogBiasFieldControlPointLattice: 
       Image (0x558590f9edb0)
         RTTI typeinfo:   itk::Image<itk::Vector<float, 1u>, 3u>
         Reference Count: 1
         Modified Time: 343560
         Debug: Off
         Object Name: 
         Observers: 
           none
         Source: (none)
         Source output name: (none)
         Release Data: Off
         Data Released: False
         Global Release Data: Off
         PipelineMTime: 0
         UpdateMTime: 0
         RealTimeStamp: 0 seconds 
         LargestPossibleRegion: 
           Dimension: 3
           Index: [0, 0, 0]
           Size: [11, 19, 19]
         BufferedRegion: 
           Dimension: 3
           Index: [0, 0, 0]
           Size: [11, 19, 19]
         RequestedRegion: 
           Dimension: 3
           Index: [0, 0, 0]
           Size: [11, 19, 19]
         Spacing: [24.75, 24.875, 24.875]
         Origin: [26.4027, 20.1251, -27.3491]
         Direction: 
-0.998477 -0.053144 -0.0148125
0.0507629 -0.990137 0.130582
-0.0216061 0.129631 0.991327

         IndexToPointMatrix: 
-24.7123 -1.32196 -0.368461
1.25638 -24.6297 3.24823
-0.53475 3.22457 24.6593

         PointToIndexMatrix: 
-0.0403425 0.00205103 -0.000872972
-0.00213644 -0.0398045 0.0052113
-0.000595478 0.00524952 0.0398523

         Inverse Direction: 
-0.998477 0.0507629 -0.0216061
-0.053144 -0.990137 0.129631
-0.0148125 0.130582 0.991327

         PixelContainer: 
           ImportImageContainer (0x5585954fd970)
             RTTI typeinfo:   itk::ImportImageContainer<unsigned long, itk::Vector<float, 1u> >
             Reference Count: 1
             Modified Time: 343561
             Debug: Off
             Object Name: 
             Observers: 
               none
             Pointer: 0x55859463c1d0
             Container manages memory: true
             Size: 3971
             Capacity: 3971
Elapsed time: 271.077
All_Command_lines_OK
Using single precision for computations.
=============================================================================
The composite transform comprises the following transforms (in order): 
  1. Center of mass alignment using fixed image: /home/mpib/nemecz/Projects/miniTRK/Results/01_MRI/GroupTempl/T1w/T_template0.nii.gz and moving image: /home/mpib/nemecz/Projects/miniTRK/Analysis/01_MRI/Preproc/GroupTempl/T1w/sub-991905_T1w.nii.gz (type = Euler3DTransform)
=============================================================================
  number of levels = 4
  number of levels = 4
  number of levels = 4
  fixed image: /home/mpib/nemecz/Projects/miniTRK/Results/01_MRI/GroupTempl/T1w/T_template0.nii.gz
  moving image: /home/mpib/nemecz/Projects/miniTRK/Results/01_MRI/GroupTempl/T1w/T_template0sub-991905_T1wRepaired.nii.gz
  fixed image: /home/mpib/nemecz/Projects/miniTRK/Results/01_MRI/GroupTempl/T1w/T_template0.nii.gz
  moving image: /home/mpib/nemecz/Projects/miniTRK/Results/01_MRI/GroupTempl/T1w/T_template0sub-991905_T1wRepaired.nii.gz
  fixed image: /home/mpib/nemecz/Projects/miniTRK/Results/01_MRI/GroupTempl/T1w/T_template0.nii.gz
  moving image: /home/mpib/nemecz/Projects/miniTRK/Results/01_MRI/GroupTempl/T1w/T_template0sub-991905_T1wRepaired.nii.gz
Dimension = 3
Number of stages = 3
Use Histogram Matching true
Winsorize image intensities true
Lower quantile = 0.01
Upper quantile = 0.99
Stage 1 State
   Image metric = Mattes
     Fixed image = Image (0x55e14d7fead0)
  RTTI typeinfo:   itk::Image<float, 3u>
  Reference Count: 2
  Modified Time: 1721
  Debug: Off
  Object Name: 
  Observers: 
    none
  Source: (none)
  Source output name: (none)
  Release Data: Off
  Data Released: False
  Global Release Data: Off
  PipelineMTime: 0
  UpdateMTime: 1506
  RealTimeStamp: 0 seconds 
  LargestPossibleRegion: 
    Dimension: 3
    Index: [0, 0, 0]
    Size: [192, 256, 256]
  BufferedRegion: 
    Dimension: 3
    Index: [0, 0, 0]
    Size: [192, 256, 256]
  RequestedRegion: 
    Dimension: 3
    Index: [0, 0, 0]
    Size: [192, 256, 256]
  Spacing: [1, 1, 1]
  Origin: [95.0313, 100.538, -154.123]
  Direction: 
-0.999853 -0.014134 -0.00966312
0.014129 -0.9999 0.000586045
-0.00967044 0.000449429 0.999953

  IndexToPointMatrix: 
-0.999853 -0.014134 -0.00966312
0.014129 -0.9999 0.000586045
-0.00967044 0.000449429 0.999953

  PointToIndexMatrix: 
-0.999853 0.014129 -0.00967044
-0.014134 -0.9999 0.000449429
-0.00966312 0.000586045 0.999953

  Inverse Direction: 
-0.999853 0.014129 -0.00967044
-0.014134 -0.9999 0.000449429
-0.00966312 0.000586045 0.999953

  PixelContainer: 
    ImportImageContainer (0x55e14d806c80)
      RTTI typeinfo:   itk::ImportImageContainer<unsigned long, float>
      Reference Count: 1
      Modified Time: 1503
      Debug: Off
      Object Name: 
      Observers: 
        none
      Pointer: 0x7f55aa616010
      Container manages memory: true
      Size: 12582912
      Capacity: 12582912

     Moving image = Image (0x55e14d7ffbc0)
  RTTI typeinfo:   itk::Image<float, 3u>
  Reference Count: 2
  Modified Time: 1722
  Debug: Off
  Object Name: 
  Observers: 
    none
  Source: (none)
  Source output name: (none)
  Release Data: Off
  Data Released: False
  Global Release Data: Off
  PipelineMTime: 0
  UpdateMTime: 1719
  RealTimeStamp: 0 seconds 
  LargestPossibleRegion: 
    Dimension: 3
    Index: [0, 0, 0]
    Size: [192, 256, 256]
  BufferedRegion: 
    Dimension: 3
    Index: [0, 0, 0]
    Size: [192, 256, 256]
  RequestedRegion: 
    Dimension: 3
    Index: [0, 0, 0]
    Size: [192, 256, 256]
  Spacing: [1, 1, 1]
  Origin: [103.132, 80.3468, -182.437]
  Direction: 
-0.998477 -0.053144 -0.0148125
0.0507629 -0.990137 0.130582
-0.0216061 0.129631 0.991327

  IndexToPointMatrix: 
-0.998477 -0.053144 -0.0148125
0.0507629 -0.990137 0.130582
-0.0216061 0.129631 0.991327

  PointToIndexMatrix: 
-0.998477 0.0507629 -0.0216061
-0.053144 -0.990137 0.129631
-0.0148125 0.130582 0.991327

  Inverse Direction: 
-0.998477 0.0507629 -0.0216061
-0.053144 -0.990137 0.129631
-0.0148125 0.130582 0.991327

  PixelContainer: 
    ImportImageContainer (0x55e14d80b100)
      RTTI typeinfo:   itk::ImportImageContainer<unsigned long, float>
      Reference Count: 1
      Modified Time: 1716
      Debug: Off
      Object Name: 
      Observers: 
        none
      Pointer: 0x7f55a7615010
      Container manages memory: true
      Size: 12582912
      Capacity: 12582912

     Weighting = 1
     Sampling strategy = regular
     Number of bins = 32
     Radius = 4
     Sampling percentage  = 0.25
   Transform = Rigid
     Gradient step = 0.1
     Update field sigma (voxel space) = 0
     Total field sigma (voxel space) = 0
     Update field time sigma = 0
     Total field time sigma  = 0
     Number of time indices = 0
     Number of time point samples = 0
Stage 2 State
   Image metric = Mattes
     Fixed image = Image (0x55e14d817870)
  RTTI typeinfo:   itk::Image<float, 3u>
  Reference Count: 2
  Modified Time: 2149
  Debug: Off
  Object Name: 
  Observers: 
    none
  Source: (none)
  Source output name: (none)
  Release Data: Off
  Data Released: False
  Global Release Data: Off
  PipelineMTime: 0
  UpdateMTime: 1934
  RealTimeStamp: 0 seconds 
  LargestPossibleRegion: 
    Dimension: 3
    Index: [0, 0, 0]
    Size: [192, 256, 256]
  BufferedRegion: 
    Dimension: 3
    Index: [0, 0, 0]
    Size: [192, 256, 256]
  RequestedRegion: 
    Dimension: 3
    Index: [0, 0, 0]
    Size: [192, 256, 256]
  Spacing: [1, 1, 1]
  Origin: [95.0313, 100.538, -154.123]
  Direction: 
-0.999853 -0.014134 -0.00966312
0.014129 -0.9999 0.000586045
-0.00967044 0.000449429 0.999953

  IndexToPointMatrix: 
-0.999853 -0.014134 -0.00966312
0.014129 -0.9999 0.000586045
-0.00967044 0.000449429 0.999953

  PointToIndexMatrix: 
-0.999853 0.014129 -0.00967044
-0.014134 -0.9999 0.000449429
-0.00966312 0.000586045 0.999953

  Inverse Direction: 
-0.999853 0.014129 -0.00967044
-0.014134 -0.9999 0.000449429
-0.00966312 0.000586045 0.999953

  PixelContainer: 
    ImportImageContainer (0x55e14d8026d0)
      RTTI typeinfo:   itk::ImportImageContainer<unsigned long, float>
      Reference Count: 1
      Modified Time: 1931
      Debug: Off
      Object Name: 
      Observers: 
        none
      Pointer: 0x7f55a4614010
      Container manages memory: true
      Size: 12582912
      Capacity: 12582912

     Moving image = Image (0x55e14d8174c0)
  RTTI typeinfo:   itk::Image<float, 3u>
  Reference Count: 2
  Modified Time: 2150
  Debug: Off
  Object Name: 
  Observers: 
    none
  Source: (none)
  Source output name: (none)
  Release Data: Off
  Data Released: False
  Global Release Data: Off
  PipelineMTime: 0
  UpdateMTime: 2147
  RealTimeStamp: 0 seconds 
  LargestPossibleRegion: 
    Dimension: 3
    Index: [0, 0, 0]
    Size: [192, 256, 256]
  BufferedRegion: 
    Dimension: 3
    Index: [0, 0, 0]
    Size: [192, 256, 256]
  RequestedRegion: 
    Dimension: 3
    Index: [0, 0, 0]
    Size: [192, 256, 256]
  Spacing: [1, 1, 1]
  Origin: [103.132, 80.3468, -182.437]
  Direction: 
-0.998477 -0.053144 -0.0148125
0.0507629 -0.990137 0.130582
-0.0216061 0.129631 0.991327

  IndexToPointMatrix: 
-0.998477 -0.053144 -0.0148125
0.0507629 -0.990137 0.130582
-0.0216061 0.129631 0.991327

  PointToIndexMatrix: 
-0.998477 0.0507629 -0.0216061
-0.053144 -0.990137 0.129631
-0.0148125 0.130582 0.991327

  Inverse Direction: 
-0.998477 0.0507629 -0.0216061
-0.053144 -0.990137 0.129631
-0.0148125 0.130582 0.991327

  PixelContainer: 
    ImportImageContainer (0x55e14d8188c0)
      RTTI typeinfo:   itk::ImportImageContainer<unsigned long, float>
      Reference Count: 1
      Modified Time: 2144
      Debug: Off
      Object Name: 
      Observers: 
        none
      Pointer: 0x7f55a1613010
      Container manages memory: true
      Size: 12582912
      Capacity: 12582912

     Weighting = 1
     Sampling strategy = regular
     Number of bins = 32
     Radius = 4
     Sampling percentage  = 0.25
   Transform = Affine
     Gradient step = 0.1
     Update field sigma (voxel space) = 0
     Total field sigma (voxel space) = 0
     Update field time sigma = 0
     Total field time sigma  = 0
     Number of time indices = 0
     Number of time point samples = 0
Stage 3 State
   Image metric = CC
     Fixed image = Image (0x55e14d81e960)
  RTTI typeinfo:   itk::Image<float, 3u>
  Reference Count: 2
  Modified Time: 2577
  Debug: Off
  Object Name: 
  Observers: 
    none
  Source: (none)
  Source output name: (none)
  Release Data: Off
  Data Released: False
  Global Release Data: Off
  PipelineMTime: 0
  UpdateMTime: 2362
  RealTimeStamp: 0 seconds 
  LargestPossibleRegion: 
    Dimension: 3
    Index: [0, 0, 0]
    Size: [192, 256, 256]
  BufferedRegion: 
    Dimension: 3
    Index: [0, 0, 0]
    Size: [192, 256, 256]
  RequestedRegion: 
    Dimension: 3
    Index: [0, 0, 0]
    Size: [192, 256, 256]
  Spacing: [1, 1, 1]
  Origin: [95.0313, 100.538, -154.123]
  Direction: 
-0.999853 -0.014134 -0.00966312
0.014129 -0.9999 0.000586045
-0.00967044 0.000449429 0.999953

  IndexToPointMatrix: 
-0.999853 -0.014134 -0.00966312
0.014129 -0.9999 0.000586045
-0.00967044 0.000449429 0.999953

  PointToIndexMatrix: 
-0.999853 0.014129 -0.00967044
-0.014134 -0.9999 0.000449429
-0.00966312 0.000586045 0.999953

  Inverse Direction: 
-0.999853 0.014129 -0.00967044
-0.014134 -0.9999 0.000449429
-0.00966312 0.000586045 0.999953

  PixelContainer: 
    ImportImageContainer (0x55e14d7ff660)
      RTTI typeinfo:   itk::ImportImageContainer<unsigned long, float>
      Reference Count: 1
      Modified Time: 2359
      Debug: Off
      Object Name: 
      Observers: 
        none
      Pointer: 0x7f559e612010
      Container manages memory: true
      Size: 12582912
      Capacity: 12582912

     Moving image = Image (0x55e14d820840)
  RTTI typeinfo:   itk::Image<float, 3u>
  Reference Count: 2
  Modified Time: 2578
  Debug: Off
  Object Name: 
  Observers: 
    none
  Source: (none)
  Source output name: (none)
  Release Data: Off
  Data Released: False
  Global Release Data: Off
  PipelineMTime: 0
  UpdateMTime: 2575
  RealTimeStamp: 0 seconds 
  LargestPossibleRegion: 
    Dimension: 3
    Index: [0, 0, 0]
    Size: [192, 256, 256]
  BufferedRegion: 
    Dimension: 3
    Index: [0, 0, 0]
    Size: [192, 256, 256]
  RequestedRegion: 
    Dimension: 3
    Index: [0, 0, 0]
    Size: [192, 256, 256]
  Spacing: [1, 1, 1]
  Origin: [103.132, 80.3468, -182.437]
  Direction: 
-0.998477 -0.053144 -0.0148125
0.0507629 -0.990137 0.130582
-0.0216061 0.129631 0.991327

  IndexToPointMatrix: 
-0.998477 -0.053144 -0.0148125
0.0507629 -0.990137 0.130582
-0.0216061 0.129631 0.991327

  PointToIndexMatrix: 
-0.998477 0.0507629 -0.0216061
-0.053144 -0.990137 0.129631
-0.0148125 0.130582 0.991327

  Inverse Direction: 
-0.998477 0.0507629 -0.0216061
-0.053144 -0.990137 0.129631
-0.0148125 0.130582 0.991327

  PixelContainer: 
    ImportImageContainer (0x55e14d81d660)
      RTTI typeinfo:   itk::ImportImageContainer<unsigned long, float>
      Reference Count: 1
      Modified Time: 2572
      Debug: Off
      Object Name: 
      Observers: 
        none
      Pointer: 0x7f559b611010
      Container manages memory: true
      Size: 12582912
      Capacity: 12582912

     Weighting = 1
     Sampling strategy = none
     Number of bins = 32
     Radius = 4
     Sampling percentage  = 1
   Transform = SyN
     Gradient step = 0.1
     Update field sigma (voxel space) = 3
     Total field sigma (voxel space) = 0
     Update field time sigma = 0
     Total field time sigma  = 0
     Number of time indices = 0
     Number of time point samples = 0
Registration using 3 total stages.

Stage 0
  iterations = 1000x500x250x0
  convergence threshold = 1e-06
  convergence window size = 10
  number of levels = 4
  using the Mattes MI metric (number of bins = 32, weight = 1)
  preprocessing:  winsorizing the image intensities
  preprocessing:  histogram matching the images
  Shrink factors (level 1 out of 4): [6, 6, 6]
  Shrink factors (level 2 out of 4): [4, 4, 4]
  Shrink factors (level 3 out of 4): [2, 2, 2]
  Shrink factors (level 4 out of 4): [1, 1, 1]
  smoothing sigmas per level: [4, 2, 1, 0]
  regular sampling (percentage = 0.25)

*** Running Euler3DTransform registration ***

DIAGNOSTIC,Iteration,metricValue,convergenceValue,ITERATION_TIME_INDEX,SINCE_LAST
 2DIAGNOSTIC,     1, -9.663783907890e-01, inf, 6.0393e-01, 6.0392e-01, 
 2DIAGNOSTIC,     2, -9.693192839622e-01, inf, 6.1567e-01, 1.1748e-02, 
 2DIAGNOSTIC,     3, -9.734057784081e-01, inf, 6.2727e-01, 1.1599e-02, 
 2DIAGNOSTIC,     4, -9.781110286713e-01, inf, 6.3845e-01, 1.1176e-02, 
 2DIAGNOSTIC,     5, -9.826122522354e-01, inf, 6.4974e-01, 1.1294e-02, 
 2DIAGNOSTIC,     6, -9.860728383064e-01, inf, 6.6095e-01, 1.1208e-02, 
 2DIAGNOSTIC,     7, -9.903213381767e-01, inf, 6.7197e-01, 1.1017e-02, 
 2DIAGNOSTIC,     8, -9.984945058823e-01, inf, 6.8308e-01, 1.1115e-02, 
 2DIAGNOSTIC,     9, -1.003630757332e+00, inf, 6.9861e-01, 1.5529e-02, 
 2DIAGNOSTIC,    10, -1.005275845528e+00, 2.678668126464e-03, 7.0832e-01, 9.7110e-03, 
 2DIAGNOSTIC,    11, -1.006667852402e+00, 2.390222623944e-03, 7.1783e-01, 9.5022e-03, 
 2DIAGNOSTIC,    12, -1.008962154388e+00, 2.061062725261e-03, 7.3123e-01, 1.3404e-02, 
 2DIAGNOSTIC,    13, -1.009958028793e+00, 1.705102622509e-03, 7.4102e-01, 9.7899e-03, 
 2DIAGNOSTIC,    14, -1.010327696800e+00, 1.347838435322e-03, 7.5113e-01, 1.0106e-02, 
 2DIAGNOSTIC,    15, -1.010992646217e+00, 1.016203081235e-03, 7.6085e-01, 9.7258e-03, 
 2DIAGNOSTIC,    16, -1.011695742607e+00, 7.085895631462e-04, 7.7067e-01, 9.8150e-03, 
 2DIAGNOSTIC,    17, -1.012585163116e+00, 4.556822241284e-04, 7.8545e-01, 1.4783e-02, 
 2DIAGNOSTIC,    18, -1.012735605240e+00, 3.191469586454e-04, 7.9502e-01, 9.5751e-03, 
 2DIAGNOSTIC,    19, -1.012888669968e+00, 2.473337226547e-04, 8.0581e-01, 1.0787e-02, 
 2DIAGNOSTIC,    20, -1.013013720512e+00, 1.852090499597e-04, 8.1695e-01, 1.1136e-02, 
 2DIAGNOSTIC,    21, -1.013340592384e+00, 1.344030897599e-04, 8.2963e-01, 1.2678e-02, 
 2DIAGNOSTIC,    22, -1.013400077820e+00, 1.058273483068e-04, 8.3959e-01, 9.9649e-03, 
 2DIAGNOSTIC,    23, -1.013390898705e+00, 8.228438673541e-05, 8.5116e-01, 1.1570e-02, 
 2DIAGNOSTIC,    24, -1.013362646103e+00, 5.726887320634e-05, 8.6311e-01, 1.1947e-02, 
 2DIAGNOSTIC,    25, -1.013327717781e+00, 3.607874532463e-05, 8.7653e-01, 1.3426e-02, 
 2DIAGNOSTIC,    26, -1.013329505920e+00, 2.066571687465e-05, 8.8760e-01, 1.1070e-02, 
 2DIAGNOSTIC,    27, -1.013291954994e+00, 1.348882142338e-05, 8.9706e-01, 9.4531e-03, 
 2DIAGNOSTIC,    28, -1.013255119324e+00, 6.851414582343e-06, 9.0617e-01, 9.1150e-03, 
 2DIAGNOSTIC,    29, -1.013258934021e+00, 1.696533900031e-06, 9.1517e-01, 8.9982e-03, 
DIAGNOSTIC,Iteration,metricValue,convergenceValue,ITERATION_TIME_INDEX,SINCE_LAST
 2DIAGNOSTIC,     1, -7.924116253853e-01, inf, 1.4273e+00, 5.1214e-01, 
 2DIAGNOSTIC,     2, -7.926960587502e-01, inf, 1.4612e+00, 3.3896e-02, 
 2DIAGNOSTIC,     3, -7.929415106773e-01, inf, 1.4997e+00, 3.8455e-02, 
 2DIAGNOSTIC,     4, -7.931972146034e-01, inf, 1.5389e+00, 3.9259e-02, 
 2DIAGNOSTIC,     5, -7.935686707497e-01, inf, 1.5822e+00, 4.3299e-02, 
 2DIAGNOSTIC,     6, -7.936692237854e-01, inf, 1.6353e+00, 5.3039e-02, 
 2DIAGNOSTIC,     7, -7.937403917313e-01, inf, 1.6948e+00, 5.9575e-02, 
 2DIAGNOSTIC,     8, -7.937273383141e-01, inf, 1.7300e+00, 3.5146e-02, 
 2DIAGNOSTIC,     9, -7.937659025192e-01, inf, 1.7696e+00, 3.9579e-02, 
 2DIAGNOSTIC,    10, -7.937706112862e-01, 1.147923321696e-04, 1.8069e+00, 3.7373e-02, 
 2DIAGNOSTIC,    11, -7.937606573105e-01, 7.694867963437e-05, 1.8581e+00, 5.1153e-02, 
 2DIAGNOSTIC,    12, -7.937577962875e-01, 4.722644007416e-05, 1.9060e+00, 4.7897e-02, 
 2DIAGNOSTIC,    13, -7.937591075897e-01, 2.481566480128e-05, 1.9430e+00, 3.7033e-02, 
 2DIAGNOSTIC,    14, -7.937546372414e-01, 9.770157703315e-06, 1.9822e+00, 3.9210e-02, 
 2DIAGNOSTIC,    15, -7.937608957291e-01, 5.010677341488e-06, 2.0164e+00, 3.4141e-02, 
 2DIAGNOSTIC,    16, -7.937611937523e-01, 2.802740027619e-06, 2.0555e+00, 3.9104e-02, 
 2DIAGNOSTIC,    17, -7.937666773796e-01, 2.415514018139e-06, 2.0901e+00, 3.4648e-02, 
 2DIAGNOSTIC,    18, -7.937676310539e-01, 1.755316588969e-06, 2.1292e+00, 3.9046e-02, 
 2DIAGNOSTIC,    19, -7.937740087509e-01, 2.008958517763e-06, 2.1639e+00, 3.4786e-02, 
 2DIAGNOSTIC,    20, -7.937759757042e-01, 2.327518814127e-06, 2.2035e+00, 3.9573e-02, 
 2DIAGNOSTIC,    21, -7.937895655632e-01, 2.609311877677e-06, 2.2434e+00, 3.9854e-02, 
 2DIAGNOSTIC,    22, -7.937891483307e-01, 2.704297230594e-06, 2.2831e+00, 3.9764e-02, 
 2DIAGNOSTIC,    23, -7.937918305397e-01, 2.741035132203e-06, 2.3228e+00, 3.9652e-02, 
 2DIAGNOSTIC,    24, -7.937971949577e-01, 2.659810888872e-06, 2.3577e+00, 3.4870e-02, 
 2DIAGNOSTIC,    25, -7.938121557236e-01, 2.761433734122e-06, 2.3972e+00, 3.9541e-02, 
 2DIAGNOSTIC,    26, -7.938256859779e-01, 2.897467538787e-06, 2.4384e+00, 4.1225e-02, 
 2DIAGNOSTIC,    27, -7.938238978386e-01, 2.913572188845e-06, 2.4790e+00, 4.0562e-02, 
 2DIAGNOSTIC,    28, -7.938240766525e-01, 2.785189963106e-06, 2.5185e+00, 3.9468e-02, 
 2DIAGNOSTIC,    29, -7.938207387924e-01, 2.549183818701e-06, 2.5574e+00, 3.8932e-02, 
 2DIAGNOSTIC,    30, -7.938150167465e-01, 2.139564458048e-06, 2.5968e+00, 3.9379e-02, 
 2DIAGNOSTIC,    31, -7.938053011894e-01, 1.698776031844e-06, 2.6367e+00, 3.9890e-02, 
 2DIAGNOSTIC,    32, -7.938053011894e-01, 1.221238107973e-06, 2.6759e+00, 3.9293e-02, 
DIAGNOSTIC,Iteration,metricValue,convergenceValue,ITERATION_TIME_INDEX,SINCE_LAST
 2DIAGNOSTIC,     1, -7.010016441345e-01, inf, 3.6454e+00, 9.6942e-01, 
 2DIAGNOSTIC,     2, -7.012638449669e-01, inf, 3.9038e+00, 2.5840e-01, 
 2DIAGNOSTIC,     3, -7.012881636620e-01, inf, 4.1669e+00, 2.6316e-01, 
 2DIAGNOSTIC,     4, -7.012906074524e-01, inf, 4.4275e+00, 2.6059e-01, 
 2DIAGNOSTIC,     5, -7.012917399406e-01, inf, 4.6856e+00, 2.5812e-01, 
 2DIAGNOSTIC,     6, -7.012890577316e-01, inf, 4.9706e+00, 2.8495e-01, 
 2DIAGNOSTIC,     7, -7.012871503830e-01, inf, 5.2286e+00, 2.5797e-01, 
 2DIAGNOSTIC,     8, -7.012857794762e-01, inf, 5.5227e+00, 2.9410e-01, 
 2DIAGNOSTIC,     9, -7.012856006622e-01, inf, 5.7540e+00, 2.3130e-01, 
 2DIAGNOSTIC,    10, -7.012849450111e-01, 1.528193570266e-05, 6.0189e+00, 2.6491e-01, 
 2DIAGNOSTIC,    11, -7.012849450111e-01, 3.322092425151e-06, 6.2783e+00, 2.5940e-01, 
 2DIAGNOSTIC,    12, -7.012847065926e-01, 2.143796564269e-06, 6.5644e+00, 2.8618e-01, 
 2DIAGNOSTIC,    13, -7.012841701508e-01, 1.931720589710e-06, 6.8496e+00, 2.8518e-01, 
 2DIAGNOSTIC,    14, -7.012836933136e-01, 1.851576485024e-06, 7.1113e+00, 2.6170e-01, 
 2DIAGNOSTIC,    15, -7.012833952904e-01, 1.844324401645e-06, 7.3746e+00, 2.6332e-01, 
 2DIAGNOSTIC,    16, -7.012838721275e-01, 1.808288743632e-06, 7.6627e+00, 2.8809e-01, 
 2DIAGNOSTIC,    17, -7.012844085693e-01, 1.760548457241e-06, 7.8875e+00, 2.2474e-01, 
 2DIAGNOSTIC,    18, -7.012834548950e-01, 1.675874273133e-06, 8.1407e+00, 2.5318e-01, 
 2DIAGNOSTIC,    19, -7.012829780579e-01, 1.596038487151e-06, 8.3999e+00, 2.5920e-01, 
 2DIAGNOSTIC,    20, -7.012839317322e-01, 1.537578327770e-06, 8.6854e+00, 2.8550e-01, 
 2DIAGNOSTIC,    21, -7.012834548950e-01, 1.479163643126e-06, 8.9449e+00, 2.5957e-01, 
 2DIAGNOSTIC,    22, -7.012832760811e-01, 1.421973593096e-06, 9.1989e+00, 2.5400e-01, 
 2DIAGNOSTIC,    23, -7.012835144997e-01, 1.367603431390e-06, 9.4268e+00, 2.2783e-01, 
 2DIAGNOSTIC,    24, -7.012842893600e-01, 1.324487357124e-06, 9.6851e+00, 2.5839e-01, 
 2DIAGNOSTIC,    25, -7.012847065926e-01, 1.285910457227e-06, 9.9319e+00, 2.4671e-01, 
 2DIAGNOSTIC,    26, -7.012842297554e-01, 1.248591843250e-06, 1.0156e+01, 2.2415e-01, 
 2DIAGNOSTIC,    27, -7.012847065926e-01, 1.227967459272e-06, 1.0411e+01, 2.5453e-01, 
 2DIAGNOSTIC,    28, -7.012834548950e-01, 1.172177576336e-06, 1.0635e+01, 2.2443e-01, 
 2DIAGNOSTIC,    29, -7.012841701508e-01, 1.119909484260e-06, 1.0923e+01, 2.8764e-01, 
 2DIAGNOSTIC,    30, -7.012841105461e-01, 1.080752326743e-06, 1.1183e+01, 2.5997e-01, 
 2DIAGNOSTIC,    31, -7.012836337090e-01, 1.029921349982e-06, 1.1438e+01, 2.5497e-01, 
DIAGNOSTIC,Iteration,metricValue,convergenceValue,ITERATION_TIME_INDEX,SINCE_LAST
 2DIAGNOSTIC,     1, -6.365143060684e-01, inf, 1.4009e+01, 2.5710e+00, 
  Elapsed time (stage 0): 1.5259e+01


Stage 1
  iterations = 1000x500x250x0
  convergence threshold = 1.0000e-06
  convergence window size = 10
  number of levels = 4
  using the Mattes MI metric (number of bins = 32, weight = 1.0000e+00)
  preprocessing:  winsorizing the image intensities
  preprocessing:  histogram matching the images
  Shrink factors (level 1 out of 4): [6, 6, 6]
  Shrink factors (level 2 out of 4): [4, 4, 4]
  Shrink factors (level 3 out of 4): [2, 2, 2]
  Shrink factors (level 4 out of 4): [1, 1, 1]
  smoothing sigmas per level: [4, 2, 1, 0]
  regular sampling (percentage = 2.5000e-01)

*** Running AffineTransform registration ***

DIAGNOSTIC,Iteration,metricValue,convergenceValue,ITERATION_TIME_INDEX,SINCE_LAST
 2DIAGNOSTIC,     1, -1.016807913780e+00, inf, 6.1219e-01, 6.1219e-01, 
 2DIAGNOSTIC,     2, -1.019324541092e+00, inf, 6.2486e-01, 1.2670e-02, 
 2DIAGNOSTIC,     3, -1.023305535316e+00, inf, 6.3808e-01, 1.3224e-02, 
 2DIAGNOSTIC,     4, -1.029617071152e+00, inf, 6.5103e-01, 1.2944e-02, 
 2DIAGNOSTIC,     5, -1.038042187691e+00, inf, 6.6318e-01, 1.2152e-02, 
 2DIAGNOSTIC,     6, -1.047453641891e+00, inf, 6.7546e-01, 1.2279e-02, 
 2DIAGNOSTIC,     7, -1.059753775597e+00, inf, 6.8856e-01, 1.3108e-02, 
 2DIAGNOSTIC,     8, -1.061560869217e+00, inf, 7.0656e-01, 1.7994e-02, 
 2DIAGNOSTIC,     9, -1.061661243439e+00, inf, 7.1863e-01, 1.2071e-02, 
 2DIAGNOSTIC,    10, -1.062085628510e+00, 3.405843162909e-03, 7.3111e-01, 1.2479e-02, 
 2DIAGNOSTIC,    11, -1.062422275543e+00, 2.787254285067e-03, 7.4244e-01, 1.1332e-02, 
 2DIAGNOSTIC,    12, -1.062746167183e+00, 2.084994222969e-03, 7.5415e-01, 1.1706e-02, 
 2DIAGNOSTIC,    13, -1.063242316246e+00, 1.398085849360e-03, 7.6751e-01, 1.3359e-02, 
 2DIAGNOSTIC,    14, -1.064219832420e+00, 8.263839408755e-04, 7.8065e-01, 1.3148e-02, 
 2DIAGNOSTIC,    15, -1.064359068871e+00, 4.094009927940e-04, 8.0173e-01, 2.1075e-02, 
 2DIAGNOSTIC,    16, -1.064359188080e+00, 1.617018133402e-04, 8.1344e-01, 1.1716e-02, 
 2DIAGNOSTIC,    17, -1.064344048500e+00, 1.237118267454e-04, 8.2533e-01, 1.1889e-02, 
 2DIAGNOSTIC,    18, -1.064329504967e+00, 1.056192777469e-04, 8.3863e-01, 1.3293e-02, 
 2DIAGNOSTIC,    19, -1.064342260361e+00, 8.114024240058e-05, 8.5038e-01, 1.1756e-02, 
 2DIAGNOSTIC,    20, -1.064271688461e+00, 5.647244688589e-05, 8.6384e-01, 1.3457e-02, 
 2DIAGNOSTIC,    21, -1.064281582832e+00, 3.370288686710e-05, 8.7544e-01, 1.1603e-02, 
 2DIAGNOSTIC,    22, -1.064253211021e+00, 1.363376850350e-05, 8.9033e-01, 1.4885e-02, 
DIAGNOSTIC,Iteration,metricValue,convergenceValue,ITERATION_TIME_INDEX,SINCE_LAST
 2DIAGNOSTIC,     1, -8.373389244080e-01, inf, 1.3992e+00, 5.0889e-01, 
 2DIAGNOSTIC,     2, -8.387714028358e-01, inf, 1.4405e+00, 4.1251e-02, 
 2DIAGNOSTIC,     3, -8.405137062073e-01, inf, 1.4799e+00, 3.9450e-02, 
 2DIAGNOSTIC,     4, -8.423522114754e-01, inf, 1.5185e+00, 3.8609e-02, 
 2DIAGNOSTIC,     5, -8.463796377182e-01, inf, 1.5608e+00, 4.2299e-02, 
 2DIAGNOSTIC,     6, -8.466915488243e-01, inf, 1.6031e+00, 4.2292e-02, 
 2DIAGNOSTIC,     7, -8.466940522194e-01, inf, 1.6453e+00, 4.2218e-02, 
 2DIAGNOSTIC,     8, -8.467311859131e-01, inf, 1.6970e+00, 5.1635e-02, 
 2DIAGNOSTIC,     9, -8.467119336128e-01, inf, 1.7392e+00, 4.2240e-02, 
 2DIAGNOSTIC,    10, -8.467036485672e-01, 7.692168001086e-04, 1.7894e+00, 5.0184e-02, 
 2DIAGNOSTIC,    11, -8.467067480087e-01, 5.100273410790e-04, 1.8329e+00, 4.3546e-02, 
 2DIAGNOSTIC,    12, -8.467006087303e-01, 2.897163503803e-04, 1.8758e+00, 4.2840e-02, 
 2DIAGNOSTIC,    13, -8.467032313347e-01, 1.226546592079e-04, 1.9139e+00, 3.8092e-02, 
 2DIAGNOSTIC,    14, -8.467125296593e-01, 1.032693853631e-05, 1.9628e+00, 4.8896e-02, 
 2DIAGNOSTIC,    15, -8.467209935188e-01, 2.600365178296e-06, 2.0085e+00, 4.5728e-02, 
 2DIAGNOSTIC,    16, -8.467092514038e-01, 2.108007493007e-06, 2.0486e+00, 4.0127e-02, 
 2DIAGNOSTIC,    17, -8.467043638229e-01, 1.600815267011e-06, 2.0990e+00, 5.0343e-02, 
 2DIAGNOSTIC,    18, -8.467017412186e-01, 1.831045778999e-06, 2.1415e+00, 4.2504e-02, 
 2DIAGNOSTIC,    19, -8.466870188713e-01, 1.426609287591e-06, 2.1846e+00, 4.3102e-02, 
 2DIAGNOSTIC,    20, -8.466911315918e-01, 1.016758801597e-06, 2.2228e+00, 3.8233e-02, 
DIAGNOSTIC,Iteration,metricValue,convergenceValue,ITERATION_TIME_INDEX,SINCE_LAST
 2DIAGNOSTIC,     1, -7.446652054787e-01, inf, 3.2031e+00, 9.8030e-01, 
 2DIAGNOSTIC,     2, -7.453638315201e-01, inf, 3.4622e+00, 2.5913e-01, 
 2DIAGNOSTIC,     3, -7.458304166794e-01, inf, 3.7222e+00, 2.5998e-01, 
 2DIAGNOSTIC,     4, -7.461645007133e-01, inf, 3.9848e+00, 2.6258e-01, 
 2DIAGNOSTIC,     5, -7.463770508766e-01, inf, 4.4691e+00, 4.8430e-01, 
 2DIAGNOSTIC,     6, -7.463778257370e-01, inf, 4.7595e+00, 2.9044e-01, 
 2DIAGNOSTIC,     7, -7.463767528534e-01, inf, 5.2408e+00, 4.8124e-01, 
 2DIAGNOSTIC,     8, -7.463772296906e-01, inf, 5.5704e+00, 3.2958e-01, 
 2DIAGNOSTIC,     9, -7.463767528534e-01, inf, 5.8665e+00, 2.9609e-01, 
 2DIAGNOSTIC,    10, -7.463768124580e-01, 1.205045700772e-04, 6.1891e+00, 3.2261e-01, 
 2DIAGNOSTIC,    11, -7.463768720627e-01, 5.966445314698e-05, 6.4810e+00, 2.9190e-01, 
 2DIAGNOSTIC,    12, -7.463766336441e-01, 2.586143273220e-05, 6.7734e+00, 2.9238e-01, 
 2DIAGNOSTIC,    13, -7.463767528534e-01, 8.635369340482e-06, 7.0667e+00, 2.9334e-01, 
 2DIAGNOSTIC,    14, -7.463766932487e-01, 2.231115104223e-06, 7.3944e+00, 3.2766e-01, 
 2DIAGNOSTIC,    15, -7.463766336441e-01, 2.080060994558e-06, 7.6915e+00, 2.9717e-01, 
 2DIAGNOSTIC,    16, -7.463766336441e-01, 1.970870243895e-06, 7.9855e+00, 2.9398e-01, 
 2DIAGNOSTIC,    17, -7.463765144348e-01, 1.849085037975e-06, 8.2766e+00, 2.9104e-01, 
 2DIAGNOSTIC,    18, -7.463767528534e-01, 1.758415351105e-06, 8.5726e+00, 2.9602e-01, 
 2DIAGNOSTIC,    19, -7.463764548302e-01, 1.662369982114e-06, 8.8620e+00, 2.8946e-01, 
 2DIAGNOSTIC,    20, -7.463765740395e-01, 1.580627781550e-06, 9.1542e+00, 2.9219e-01, 
 2DIAGNOSTIC,    21, -7.463766336441e-01, 1.509876256023e-06, 9.4459e+00, 2.9169e-01, 
 2DIAGNOSTIC,    22, -7.463763952255e-01, 1.437632477064e-06, 9.7363e+00, 2.9039e-01, 
 2DIAGNOSTIC,    23, -7.463765144348e-01, 1.376555474053e-06, 1.0021e+01, 2.8452e-01, 
 2DIAGNOSTIC,    24, -7.463764548302e-01, 1.319282091572e-06, 1.0312e+01, 2.9139e-01, 
 2DIAGNOSTIC,    25, -7.463764548302e-01, 1.266292315449e-06, 1.0594e+01, 2.8205e-01, 
 2DIAGNOSTIC,    26, -7.463764548302e-01, 1.218006559611e-06, 1.0881e+01, 2.8639e-01, 
 2DIAGNOSTIC,    27, -7.463764548302e-01, 1.172064685306e-06, 1.1141e+01, 2.6076e-01, 
 2DIAGNOSTIC,    28, -7.463765144348e-01, 1.134188210017e-06, 1.1434e+01, 2.9304e-01, 
 2DIAGNOSTIC,    29, -7.463765144348e-01, 1.095104266824e-06, 1.1731e+01, 2.9648e-01, 
 2DIAGNOSTIC,    30, -7.463763356209e-01, 1.058034058588e-06, 1.2027e+01, 2.9623e-01, 
 2DIAGNOSTIC,    31, -7.463764548302e-01, 1.025950041367e-06, 1.2322e+01, 2.9454e-01, 
DIAGNOSTIC,Iteration,metricValue,convergenceValue,ITERATION_TIME_INDEX,SINCE_LAST
 2DIAGNOSTIC,     1, -6.761120557785e-01, inf, 1.5081e+01, 2.7596e+00, 
  Elapsed time (stage 1): 1.6265e+01


Stage 2
  iterations = 100x100x70x20
  convergence threshold = 1.0000e-09
  convergence window size = 10
  number of levels = 4
  using the CC metric (radius = 4, weight = 1.0000e+00)
  preprocessing:  winsorizing the image intensities
  preprocessing:  histogram matching the images
  Shrink factors (level 1 out of 4): [6, 6, 6]
  Shrink factors (level 2 out of 4): [4, 4, 4]
  Shrink factors (level 3 out of 4): [2, 2, 2]
  Shrink factors (level 4 out of 4): [1, 1, 1]
  smoothing sigmas per level: [3, 2, 1, 0]
  Using default NONE metricSamplingStrategy 

*** Running SyN registration (varianceForUpdateField = 3.0000e+00, varianceForTotalField = 0.0000e+00) ***

XXDIAGNOSTIC,Iteration,metricValue,convergenceValue,ITERATION_TIME_INDEX,SINCE_LAST
 1DIAGNOSTIC,     1, -9.295634627342e-01, inf, 1.2352e+00, 1.2352e+00, 
 1DIAGNOSTIC,     2, -9.369343519211e-01, inf, 2.0716e+00, 8.3641e-01, 
 1DIAGNOSTIC,     3, -9.447036385536e-01, inf, 2.8966e+00, 8.2496e-01, 
 1DIAGNOSTIC,     4, -9.507881402969e-01, inf, 3.6767e+00, 7.8015e-01, 
 1DIAGNOSTIC,     5, -9.551229476929e-01, inf, 4.4951e+00, 8.1835e-01, 
 1DIAGNOSTIC,     6, -9.584053158760e-01, inf, 5.3012e+00, 8.0613e-01, 
 1DIAGNOSTIC,     7, -9.607765674591e-01, inf, 6.1079e+00, 8.0673e-01, 
 1DIAGNOSTIC,     8, -9.625021815300e-01, inf, 6.9254e+00, 8.1749e-01, 
 1DIAGNOSTIC,     9, -9.637993574142e-01, inf, 7.7361e+00, 8.1065e-01, 
 1DIAGNOSTIC,    10, -9.647760987282e-01, 2.281788969412e-03, 8.5506e+00, 8.1450e-01, 
 1DIAGNOSTIC,    11, -9.655419588089e-01, 1.604087534361e-03, 9.3546e+00, 8.0402e-01, 
 1DIAGNOSTIC,    12, -9.661980271339e-01, 1.093071885407e-03, 1.0166e+01, 8.1163e-01, 
 1DIAGNOSTIC,    13, -9.667312502861e-01, 7.506347028539e-04, 1.0981e+01, 8.1499e-01, 
 1DIAGNOSTIC,    14, -9.671756625175e-01, 5.267222877592e-04, 1.1801e+01, 8.1978e-01, 
 1DIAGNOSTIC,    15, -9.675600528717e-01, 3.773865173571e-04, 1.2639e+01, 8.3818e-01, 
 1DIAGNOSTIC,    16, -9.678866267204e-01, 2.786463301163e-04, 1.3461e+01, 8.2224e-01, 
 1DIAGNOSTIC,    17, -9.681689739227e-01, 2.119114069501e-04, 1.4233e+01, 7.7172e-01, 
 1DIAGNOSTIC,    18, -9.684129953384e-01, 1.652969658608e-04, 1.5051e+01, 8.1831e-01, 
 1DIAGNOSTIC,    19, -9.686334729195e-01, 1.318745053140e-04, 1.5875e+01, 8.2358e-01, 
 1DIAGNOSTIC,    20, -9.688223600388e-01, 1.067834309652e-04, 1.6703e+01, 8.2776e-01, 
 1DIAGNOSTIC,    21, -9.689910411835e-01, 8.730732224649e-05, 1.7529e+01, 8.2626e-01, 
 1DIAGNOSTIC,    22, -9.691466093063e-01, 7.239347905852e-05, 1.8341e+01, 8.1148e-01, 
 1DIAGNOSTIC,    23, -9.692846536636e-01, 6.067650610930e-05, 1.9156e+01, 8.1513e-01, 
 1DIAGNOSTIC,    24, -9.694076180458e-01, 5.128711563884e-05, 1.9959e+01, 8.0373e-01, 
 1DIAGNOSTIC,    25, -9.695159196854e-01, 4.371778049972e-05, 2.0802e+01, 8.4299e-01, 
 1DIAGNOSTIC,    26, -9.696208238602e-01, 3.758897219086e-05, 2.1622e+01, 8.1971e-01, 
 1DIAGNOSTIC,    27, -9.697135090828e-01, 3.254353214288e-05, 2.2458e+01, 8.3599e-01, 
 1DIAGNOSTIC,    28, -9.697940945625e-01, 2.828111428244e-05, 2.3268e+01, 8.0979e-01, 
 1DIAGNOSTIC,    29, -9.698677062988e-01, 2.471139669069e-05, 2.4059e+01, 7.9139e-01, 
 1DIAGNOSTIC,    30, -9.699428081512e-01, 2.171625601477e-05, 2.4878e+01, 8.1890e-01, 
 1DIAGNOSTIC,    31, -9.700088500977e-01, 1.916388828249e-05, 2.5694e+01, 8.1547e-01, 
 1DIAGNOSTIC,    32, -9.700629711151e-01, 1.696151230135e-05, 2.6531e+01, 8.3732e-01, 
 1DIAGNOSTIC,    33, -9.701181054115e-01, 1.508783043391e-05, 2.7329e+01, 7.9827e-01, 
 1DIAGNOSTIC,    34, -9.701699018478e-01, 1.348287969449e-05, 2.8120e+01, 7.9100e-01, 
 1DIAGNOSTIC,    35, -9.702118635178e-01, 1.202473322337e-05, 2.8958e+01, 8.3771e-01, 
 1DIAGNOSTIC,    36, -9.702551364899e-01, 1.079022695194e-05, 2.9752e+01, 7.9380e-01, 
 1DIAGNOSTIC,    37, -9.702923893929e-01, 9.703834621178e-06, 3.0586e+01, 8.3413e-01, 
 1DIAGNOSTIC,    38, -9.703314304352e-01, 8.750445886108e-06, 3.1394e+01, 8.0835e-01, 
 1DIAGNOSTIC,    39, -9.703648686409e-01, 7.888455002103e-06, 3.2193e+01, 7.9852e-01, 
 1DIAGNOSTIC,    40, -9.703934192657e-01, 7.149510111049e-06, 3.3022e+01, 8.2948e-01, 
 1DIAGNOSTIC,    41, -9.704246520996e-01, 6.533489340654e-06, 3.3816e+01, 7.9341e-01, 
 1DIAGNOSTIC,    42, -9.704502224922e-01, 5.947807949269e-06, 3.4628e+01, 8.1214e-01, 
 1DIAGNOSTIC,    43, -9.704675674438e-01, 5.382842118706e-06, 3.5466e+01, 8.3838e-01, 
 1DIAGNOSTIC,    44, -9.704865813255e-01, 4.870174052485e-06, 3.6280e+01, 8.1392e-01, 
 1DIAGNOSTIC,    45, -9.705064296722e-01, 4.383216946735e-06, 3.7078e+01, 7.9828e-01, 
 1DIAGNOSTIC,    46, -9.705252051353e-01, 3.957738044846e-06, 3.7895e+01, 8.1620e-01, 
 1DIAGNOSTIC,    47, -9.705421924591e-01, 3.572381956474e-06, 3.8708e+01, 8.1304e-01, 
 1DIAGNOSTIC,    48, -9.705599546432e-01, 3.271293962825e-06, 3.9547e+01, 8.3969e-01, 
 1DIAGNOSTIC,    49, -9.705778956413e-01, 3.038518798348e-06, 4.0337e+01, 7.9024e-01, 
 1DIAGNOSTIC,    50, -9.705922603607e-01, 2.834138285834e-06, 4.1142e+01, 8.0468e-01, 
 1DIAGNOSTIC,    51, -9.706045389175e-01, 2.674979896256e-06, 4.1954e+01, 8.1190e-01, 
 1DIAGNOSTIC,    52, -9.706196784973e-01, 2.554302227509e-06, 4.2779e+01, 8.2490e-01, 
 1DIAGNOSTIC,    53, -9.706319570541e-01, 2.413757556496e-06, 4.3555e+01, 7.7637e-01, 
 1DIAGNOSTIC,    54, -9.706389904022e-01, 2.243955123049e-06, 4.4372e+01, 8.1680e-01, 
 1DIAGNOSTIC,    55, -9.706481695175e-01, 2.075771362797e-06, 4.5198e+01, 8.2550e-01, 
 1DIAGNOSTIC,    56, -9.706605672836e-01, 1.932238774316e-06, 4.5997e+01, 7.9895e-01, 
 1DIAGNOSTIC,    57, -9.706696271896e-01, 1.794491822693e-06, 4.6820e+01, 8.2374e-01, 
 1DIAGNOSTIC,    58, -9.706791043282e-01, 1.678972125774e-06, 4.7632e+01, 8.1127e-01, 
 1DIAGNOSTIC,    59, -9.706769585609e-01, 1.536721697448e-06, 4.8442e+01, 8.1065e-01, 
 1DIAGNOSTIC,    60, -9.706871509552e-01, 1.424419110663e-06, 4.9234e+01, 7.9205e-01, 
 1DIAGNOSTIC,    61, -9.706939458847e-01, 1.318938757322e-06, 5.0042e+01, 8.0815e-01, 
 1DIAGNOSTIC,    62, -9.707013368607e-01, 1.244956479240e-06, 5.0875e+01, 8.3219e-01, 
 1DIAGNOSTIC,    63, -9.707078933716e-01, 1.190758666780e-06, 5.1688e+01, 8.1376e-01, 
 1DIAGNOSTIC,    64, -9.707124829292e-01, 1.125819608205e-06, 5.2523e+01, 8.3468e-01, 
 1DIAGNOSTIC,    65, -9.707200527191e-01, 1.077265551430e-06, 5.3308e+01, 7.8492e-01, 
 1DIAGNOSTIC,    66, -9.707251787186e-01, 1.049899765349e-06, 5.4074e+01, 7.6635e-01, 
 1DIAGNOSTIC,    67, -9.707299470901e-01, 1.028186829899e-06, 5.4863e+01, 7.8877e-01, 
 1DIAGNOSTIC,    68, -9.707330465317e-01, 1.009099264593e-06, 5.5687e+01, 8.2337e-01, 
 1DIAGNOSTIC,    69, -9.707381129265e-01, 9.502674060968e-07, 5.6487e+01, 8.0076e-01, 
 1DIAGNOSTIC,    70, -9.707417488098e-01, 9.033324772645e-07, 5.7311e+01, 8.2417e-01, 
 1DIAGNOSTIC,    71, -9.707444906235e-01, 8.532855986232e-07, 5.8135e+01, 8.2364e-01, 
 1DIAGNOSTIC,    72, -9.707443118095e-01, 7.948210622999e-07, 5.8941e+01, 8.0555e-01, 
 1DIAGNOSTIC,    73, -9.707443714142e-01, 7.308793783523e-07, 5.9784e+01, 8.4335e-01, 
 1DIAGNOSTIC,    74, -9.707495570183e-01, 6.785482469240e-07, 6.0604e+01, 8.2008e-01, 
 1DIAGNOSTIC,    75, -9.707524776459e-01, 6.437377351176e-07, 6.1419e+01, 8.1507e-01, 
 1DIAGNOSTIC,    76, -9.707552194595e-01, 6.188143970576e-07, 6.2254e+01, 8.3440e-01, 
 1DIAGNOSTIC,    77, -9.707577228546e-01, 6.033197337274e-07, 6.3080e+01, 8.2686e-01, 
 1DIAGNOSTIC,    78, -9.707576036453e-01, 5.809498588860e-07, 6.3891e+01, 8.1032e-01, 
 1DIAGNOSTIC,    79, -9.707617759705e-01, 5.765415380665e-07, 6.4714e+01, 8.2290e-01, 
 1DIAGNOSTIC,    80, -9.707639813423e-01, 5.761321517639e-07, 6.5516e+01, 8.0279e-01, 
 1DIAGNOSTIC,    81, -9.707657694817e-01, 5.750593459197e-07, 6.6333e+01, 8.1688e-01, 
 1DIAGNOSTIC,    82, -9.707639813423e-01, 5.498226869349e-07, 6.7142e+01, 8.0857e-01, 
 1DIAGNOSTIC,    83, -9.707676768303e-01, 5.230048714111e-07, 6.7946e+01, 8.0446e-01, 
 1DIAGNOSTIC,    84, -9.707697033882e-01, 5.079874085823e-07, 6.8755e+01, 8.0906e-01, 
 1DIAGNOSTIC,    85, -9.707712531090e-01, 4.958461090609e-07, 6.9561e+01, 8.0550e-01, 
 1DIAGNOSTIC,    86, -9.707725048065e-01, 4.859795126322e-07, 7.0380e+01, 8.1882e-01, 
 1DIAGNOSTIC,    87, -9.707720875740e-01, 4.726447286885e-07, 7.1221e+01, 8.4112e-01, 
 1DIAGNOSTIC,    88, -9.707729816437e-01, 4.516994351889e-07, 7.2023e+01, 8.0226e-01, 
 1DIAGNOSTIC,    89, -9.707741737366e-01, 4.398462181143e-07, 7.2835e+01, 8.1197e-01, 
 1DIAGNOSTIC,    90, -9.707725048065e-01, 4.218636604492e-07, 7.3665e+01, 8.2999e-01, 
 1DIAGNOSTIC,    91, -9.707658886909e-01, 3.827590262517e-07, 7.4490e+01, 8.2498e-01, 
 1DIAGNOSTIC,    92, -9.707688689232e-01, 3.456067929619e-07, 7.5323e+01, 8.3307e-01, 
 1DIAGNOSTIC,    93, -9.707695841789e-01, 3.225569855658e-07, 7.6114e+01, 7.9062e-01, 
 1DIAGNOSTIC,    94, -9.707704782486e-01, 3.106356984972e-07, 7.6953e+01, 8.3895e-01, 
 1DIAGNOSTIC,    95, -9.707716107368e-01, 3.101914671788e-07, 7.7775e+01, 8.2253e-01, 
 1DIAGNOSTIC,    96, -9.707709550858e-01, 3.144722882098e-07, 7.8556e+01, 7.8116e-01, 
 1DIAGNOSTIC,    97, -9.707738757133e-01, 3.278950373442e-07, 7.9364e+01, 8.0752e-01, 
 1DIAGNOSTIC,    98, -9.707745909691e-01, 3.451622774264e-07, 8.0158e+01, 7.9414e-01, 
 1DIAGNOSTIC,    99, -9.707756042480e-01, 3.666998793506e-07, 8.0976e+01, 8.1807e-01, 
 1DIAGNOSTIC,   100, -9.707732796669e-01, 3.724851183051e-07, 8.1819e+01, 8.4316e-01, 
XXDIAGNOSTIC,Iteration,metricValue,convergenceValue,ITERATION_TIME_INDEX,SINCE_LAST
 1DIAGNOSTIC,     1, -9.314452409744e-01, inf, 8.4865e+01, 3.0461e+00, 
 1DIAGNOSTIC,     2, -9.342862963676e-01, inf, 8.7494e+01, 2.6284e+00, 
 1DIAGNOSTIC,     3, -9.365937709808e-01, inf, 9.0124e+01, 2.6304e+00, 
 1DIAGNOSTIC,     4, -9.382722377777e-01, inf, 9.2749e+01, 2.6247e+00, 
 1DIAGNOSTIC,     5, -9.396696090698e-01, inf, 9.5373e+01, 2.6239e+00, 
 1DIAGNOSTIC,     6, -9.407489299774e-01, inf, 9.7978e+01, 2.6054e+00, 
 1DIAGNOSTIC,     7, -9.416880607605e-01, inf, 1.0060e+02, 2.6210e+00, 
 1DIAGNOSTIC,     8, -9.423684477806e-01, inf, 1.0322e+02, 2.6243e+00, 
 1DIAGNOSTIC,     9, -9.429678916931e-01, inf, 1.0583e+02, 2.6116e+00, 
 1DIAGNOSTIC,    10, -9.434964060783e-01, 7.737491396256e-04, 1.0849e+02, 2.6553e+00, 
 1DIAGNOSTIC,    11, -9.439520835876e-01, 5.640825256705e-04, 1.1111e+02, 2.6233e+00, 
 1DIAGNOSTIC,    12, -9.443528652191e-01, 4.198098613415e-04, 1.1371e+02, 2.5934e+00, 
 1DIAGNOSTIC,    13, -9.447053670883e-01, 3.213531163055e-04, 1.1631e+02, 2.6005e+00, 
 1DIAGNOSTIC,    14, -9.450201988220e-01, 2.505557495169e-04, 1.1896e+02, 2.6490e+00, 
 1DIAGNOSTIC,    15, -9.452999234200e-01, 1.999498053920e-04, 1.2161e+02, 2.6495e+00, 
 1DIAGNOSTIC,    16, -9.455385208130e-01, 1.620790717425e-04, 1.2419e+02, 2.5847e+00, 
 1DIAGNOSTIC,    17, -9.457651972771e-01, 1.344385236735e-04, 1.2680e+02, 2.6132e+00, 
 1DIAGNOSTIC,    18, -9.459706544876e-01, 1.123038236983e-04, 1.2939e+02, 2.5892e+00, 
 1DIAGNOSTIC,    19, -9.461526274681e-01, 9.451625373913e-05, 1.3203e+02, 2.6394e+00, 
 1DIAGNOSTIC,    20, -9.463238716125e-01, 8.031746256165e-05, 1.3465e+02, 2.6222e+00, 
 1DIAGNOSTIC,    21, -9.464783668518e-01, 6.880029832246e-05, 1.3728e+02, 2.6205e+00, 
 1DIAGNOSTIC,    22, -9.466203451157e-01, 5.940100527368e-05, 1.3991e+02, 2.6352e+00, 
 1DIAGNOSTIC,    23, -9.467494487762e-01, 5.163242894923e-05, 1.4254e+02, 2.6280e+00, 
 1DIAGNOSTIC,    24, -9.468683600426e-01, 4.518380956142e-05, 1.4515e+02, 2.6076e+00, 
 1DIAGNOSTIC,    25, -9.469723701477e-01, 3.970759644290e-05, 1.4777e+02, 2.6245e+00, 
 1DIAGNOSTIC,    26, -9.470763206482e-01, 3.496020144667e-05, 1.5040e+02, 2.6307e+00, 
 1DIAGNOSTIC,    27, -9.471626281738e-01, 3.083470437559e-05, 1.5301e+02, 2.6042e+00, 
 1DIAGNOSTIC,    28, -9.472516775131e-01, 2.734094232437e-05, 1.5560e+02, 2.5970e+00, 
 1DIAGNOSTIC,    29, -9.473193287849e-01, 2.417162249913e-05, 1.5823e+02, 2.6297e+00, 
 1DIAGNOSTIC,    30, -9.473926424980e-01, 2.146120277757e-05, 1.6085e+02, 2.6197e+00, 
 1DIAGNOSTIC,    31, -9.474592804909e-01, 1.911554318212e-05, 1.6345e+02, 2.5932e+00, 
 1DIAGNOSTIC,    32, -9.475228786469e-01, 1.711228833301e-05, 1.6607e+02, 2.6249e+00, 
 1DIAGNOSTIC,    33, -9.475805759430e-01, 1.538492324471e-05, 1.6872e+02, 2.6476e+00, 
 1DIAGNOSTIC,    34, -9.476351737976e-01, 1.391029036313e-05, 1.7133e+02, 2.6170e+00, 
 1DIAGNOSTIC,    35, -9.476853609085e-01, 1.259595228476e-05, 1.7396e+02, 2.6265e+00, 
 1DIAGNOSTIC,    36, -9.477343559265e-01, 1.150749176304e-05, 1.7658e+02, 2.6183e+00, 
 1DIAGNOSTIC,    37, -9.477794766426e-01, 1.051997514878e-05, 1.7918e+02, 2.5978e+00, 
 1DIAGNOSTIC,    38, -9.478228092194e-01, 9.702993338578e-06, 1.8180e+02, 2.6183e+00, 
 1DIAGNOSTIC,    39, -9.478626251221e-01, 8.900919056032e-06, 1.8446e+02, 2.6622e+00, 
 1DIAGNOSTIC,    40, -9.478921890259e-01, 8.132048606058e-06, 1.8708e+02, 2.6244e+00, 
 1DIAGNOSTIC,    41, -9.479296207428e-01, 7.456504590664e-06, 1.8970e+02, 2.6140e+00, 
 1DIAGNOSTIC,    42, -9.479587078094e-01, 6.829654012108e-06, 1.9234e+02, 2.6481e+00, 
 1DIAGNOSTIC,    43, -9.479884505272e-01, 6.255959760892e-06, 1.9495e+02, 2.6078e+00, 
 1DIAGNOSTIC,    44, -9.480221867561e-01, 5.778616923635e-06, 1.9756e+02, 2.6076e+00, 
 1DIAGNOSTIC,    45, -9.480485916138e-01, 5.343882094166e-06, 2.0016e+02, 2.6002e+00, 
 1DIAGNOSTIC,    46, -9.480763673782e-01, 4.980967332813e-06, 2.0275e+02, 2.5869e+00, 
 1DIAGNOSTIC,    47, -9.481022953987e-01, 4.671542228607e-06, 2.0537e+02, 2.6227e+00, 
 1DIAGNOSTIC,    48, -9.481248855591e-01, 4.399985300552e-06, 2.0802e+02, 2.6543e+00, 
 1DIAGNOSTIC,    49, -9.481481909752e-01, 4.165329755779e-06, 2.1066e+02, 2.6398e+00, 
 1DIAGNOSTIC,    50, -9.481687545776e-01, 3.899275725416e-06, 2.1327e+02, 2.6013e+00, 
 1DIAGNOSTIC,    51, -9.481914043427e-01, 3.681946964207e-06, 2.1586e+02, 2.5981e+00, 
 1DIAGNOSTIC,    52, -9.482126235962e-01, 3.466748466963e-06, 2.1846e+02, 2.5939e+00, 
 1DIAGNOSTIC,    53, -9.482325315475e-01, 3.263121243435e-06, 2.2105e+02, 2.5947e+00, 
 1DIAGNOSTIC,    54, -9.482529759407e-01, 3.110342049695e-06, 2.2366e+02, 2.6083e+00, 
 1DIAGNOSTIC,    55, -9.482710957527e-01, 2.960985966638e-06, 2.2626e+02, 2.6025e+00, 
 1DIAGNOSTIC,    56, -9.482886791229e-01, 2.828552169376e-06, 2.2889e+02, 2.6228e+00, 
 1DIAGNOSTIC,    57, -9.482973814011e-01, 2.663626446520e-06, 2.3149e+02, 2.6076e+00, 
 1DIAGNOSTIC,    58, -9.483120441437e-01, 2.493667807357e-06, 2.3411e+02, 2.6219e+00, 
 1DIAGNOSTIC,    59, -9.483245015144e-01, 2.322236014152e-06, 2.3672e+02, 2.6090e+00, 
 1DIAGNOSTIC,    60, -9.483435153961e-01, 2.180573574151e-06, 2.3933e+02, 2.6032e+00, 
 1DIAGNOSTIC,    61, -9.483587145805e-01, 2.068440380754e-06, 2.4193e+02, 2.6056e+00, 
 1DIAGNOSTIC,    62, -9.483606219292e-01, 1.921803459481e-06, 2.4454e+02, 2.6039e+00, 
 1DIAGNOSTIC,    63, -9.483866095543e-01, 1.863351258180e-06, 2.4719e+02, 2.6492e+00, 
 1DIAGNOSTIC,    64, -9.484009146690e-01, 1.834588488236e-06, 2.4985e+02, 2.6648e+00, 
 1DIAGNOSTIC,    65, -9.484004378319e-01, 1.756548499543e-06, 2.5246e+02, 2.6146e+00, 
 1DIAGNOSTIC,    66, -9.484247565269e-01, 1.751476474965e-06, 2.5509e+02, 2.6204e+00, 
 1DIAGNOSTIC,    67, -9.484326839447e-01, 1.696142703622e-06, 2.5772e+02, 2.6375e+00, 
 1DIAGNOSTIC,    68, -9.484404921532e-01, 1.622680315450e-06, 2.6035e+02, 2.6262e+00, 
 1DIAGNOSTIC,    69, -9.484526515007e-01, 1.545548798276e-06, 2.6296e+02, 2.6063e+00, 
 1DIAGNOSTIC,    70, -9.484682083130e-01, 1.513416918897e-06, 2.6561e+02, 2.6503e+00, 
 1DIAGNOSTIC,    71, -9.484692215919e-01, 1.448254238312e-06, 2.6825e+02, 2.6431e+00, 
 1DIAGNOSTIC,    72, -9.484903216362e-01, 1.382497430313e-06, 2.7090e+02, 2.6546e+00, 
 1DIAGNOSTIC,    73, -9.484904408455e-01, 1.332973056378e-06, 2.7354e+02, 2.6374e+00, 
 1DIAGNOSTIC,    74, -9.485048055649e-01, 1.316323164247e-06, 2.7615e+02, 2.6102e+00, 
 1DIAGNOSTIC,    75, -9.485051631927e-01, 1.210771642945e-06, 2.7877e+02, 2.6231e+00, 
 1DIAGNOSTIC,    76, -9.485245347023e-01, 1.205084231515e-06, 2.8140e+02, 2.6257e+00, 
 1DIAGNOSTIC,    77, -9.485235214233e-01, 1.148716819444e-06, 2.8405e+02, 2.6549e+00, 
 1DIAGNOSTIC,    78, -9.485322833061e-01, 1.086597194444e-06, 2.8666e+02, 2.6015e+00, 
 1DIAGNOSTIC,    79, -9.485376477242e-01, 1.026122049552e-06, 2.8927e+02, 2.6176e+00, 
 1DIAGNOSTIC,    80, -9.485443234444e-01, 9.905788829201e-07, 2.9189e+02, 2.6141e+00, 
 1DIAGNOSTIC,    81, -9.485387206078e-01, 8.791918162387e-07, 2.9448e+02, 2.5949e+00, 
 1DIAGNOSTIC,    82, -9.485583305359e-01, 8.741782266952e-07, 2.9714e+02, 2.6607e+00, 
 1DIAGNOSTIC,    83, -9.485645294189e-01, 8.424231054960e-07, 2.9975e+02, 2.6101e+00, 
 1DIAGNOSTIC,    84, -9.485608935356e-01, 8.055624789449e-07, 3.0236e+02, 2.6081e+00, 
 1DIAGNOSTIC,    85, -9.485852718353e-01, 8.156110311575e-07, 3.0495e+02, 2.5879e+00, 
 1DIAGNOSTIC,    86, -9.485789537430e-01, 8.269227009805e-07, 3.0757e+02, 2.6192e+00, 
 1DIAGNOSTIC,    87, -9.485778808594e-01, 7.866708529036e-07, 3.1019e+02, 2.6180e+00, 
 1DIAGNOSTIC,    88, -9.485954642296e-01, 7.966379484969e-07, 3.1280e+02, 2.6162e+00, 
 1DIAGNOSTIC,    89, -9.486007094383e-01, 7.980844998201e-07, 3.1542e+02, 2.6169e+00, 
 1DIAGNOSTIC,    90, -9.485933184624e-01, 7.551204816991e-07, 3.1807e+02, 2.6493e+00, 
 1DIAGNOSTIC,    91, -9.486078619957e-01, 7.039100751172e-07, 3.2068e+02, 2.6125e+00, 
 1DIAGNOSTIC,    92, -9.486098289490e-01, 6.891225439176e-07, 3.2329e+02, 2.6104e+00, 
 1DIAGNOSTIC,    93, -9.486162662506e-01, 6.822163527431e-07, 3.2596e+02, 2.6726e+00, 
 1DIAGNOSTIC,    94, -9.486232995987e-01, 6.507560215141e-07, 3.2857e+02, 2.6023e+00, 
 1DIAGNOSTIC,    95, -9.486199617386e-01, 6.575752991012e-07, 3.3119e+02, 2.6219e+00, 
 1DIAGNOSTIC,    96, -9.486376643181e-01, 6.698799097649e-07, 3.3379e+02, 2.5988e+00, 
 1DIAGNOSTIC,    97, -9.486286640167e-01, 6.146293003439e-07, 3.3639e+02, 2.6040e+00, 
 1DIAGNOSTIC,    98, -9.486389160156e-01, 6.188896009007e-07, 3.3900e+02, 2.6067e+00, 
 1DIAGNOSTIC,    99, -9.486380219460e-01, 6.083500920795e-07, 3.4160e+02, 2.6052e+00, 
 1DIAGNOSTIC,   100, -9.486520290375e-01, 5.891677687941e-07, 3.4422e+02, 2.6177e+00, 
XXDIAGNOSTIC,Iteration,metricValue,convergenceValue,ITERATION_TIME_INDEX,SINCE_LAST
 1DIAGNOSTIC,     1, -8.615999221802e-01, inf, 3.6622e+02, 2.1999e+01, 
 1DIAGNOSTIC,     2, -8.641811013222e-01, inf, 3.8739e+02, 2.1171e+01, 
 1DIAGNOSTIC,     3, -8.667867183685e-01, inf, 4.0867e+02, 2.1284e+01, 
 1DIAGNOSTIC,     4, -8.690517544746e-01, inf, 4.2986e+02, 2.1186e+01, 
 1DIAGNOSTIC,     5, -8.708871603012e-01, inf, 4.5133e+02, 2.1470e+01, 
 1DIAGNOSTIC,     6, -8.725585937500e-01, inf, 4.7240e+02, 2.1074e+01, 
 1DIAGNOSTIC,     7, -8.740600347519e-01, inf, 4.9374e+02, 2.1332e+01, 
 1DIAGNOSTIC,     8, -8.754088282585e-01, inf, 5.1522e+02, 2.1487e+01, 
 1DIAGNOSTIC,     9, -8.764564990997e-01, inf, 5.3654e+02, 2.1313e+01, 
 1DIAGNOSTIC,    10, -8.774049282074e-01, 1.151876873337e-03, 5.5780e+02, 2.1267e+01, 
 1DIAGNOSTIC,    11, -8.782680630684e-01, 9.195927414112e-04, 5.7931e+02, 2.1509e+01, 
 1DIAGNOSTIC,    12, -8.790641427040e-01, 7.344537298195e-04, 6.0074e+02, 2.1429e+01, 
 1DIAGNOSTIC,    13, -8.797950744629e-01, 5.943984724581e-04, 6.2199e+02, 2.1249e+01, 
 1DIAGNOSTIC,    14, -8.804633617401e-01, 4.881999630015e-04, 6.4340e+02, 2.1408e+01, 
 1DIAGNOSTIC,    15, -8.810886144638e-01, 4.046574467793e-04, 6.6468e+02, 2.1284e+01, 
 1DIAGNOSTIC,    16, -8.816694617271e-01, 3.399095439818e-04, 6.8587e+02, 2.1189e+01, 
 1DIAGNOSTIC,    17, -8.822018504143e-01, 2.900686522480e-04, 7.0723e+02, 2.1355e+01, 
 1DIAGNOSTIC,    18, -8.826923370361e-01, 2.520069538150e-04, 7.2840e+02, 2.1178e+01, 
 1DIAGNOSTIC,    19, -8.831511139870e-01, 2.202231553383e-04, 7.4972e+02, 2.1316e+01, 
 1DIAGNOSTIC,    20, -8.835800290108e-01, 1.934075262398e-04, 7.7095e+02, 2.1227e+01, 
 1DIAGNOSTIC,    21, -8.839773535728e-01, 1.705199683784e-04, 7.9211e+02, 2.1164e+01, 
 1DIAGNOSTIC,    22, -8.843460083008e-01, 1.509041176178e-04, 8.1349e+02, 2.1376e+01, 
 1DIAGNOSTIC,    23, -8.846918940544e-01, 1.340171293123e-04, 8.3495e+02, 2.1458e+01, 
 1DIAGNOSTIC,    24, -8.850154876709e-01, 1.193388452521e-04, 8.5628e+02, 2.1337e+01, 
 1DIAGNOSTIC,    25, -8.853225111961e-01, 1.066882905434e-04, 8.7777e+02, 2.1487e+01, 
 1DIAGNOSTIC,    26, -8.856094479561e-01, 9.577594755683e-05, 8.9899e+02, 2.1221e+01, 
 1DIAGNOSTIC,    27, -8.858780860901e-01, 8.625772898085e-05, 9.2043e+02, 2.1440e+01, 
 1DIAGNOSTIC,    28, -8.861324191093e-01, 7.790142262820e-05, 9.4187e+02, 2.1442e+01, 
 1DIAGNOSTIC,    29, -8.863683938980e-01, 7.052785804262e-05, 9.6349e+02, 2.1613e+01, 
 1DIAGNOSTIC,    30, -8.865890502930e-01, 6.399964331649e-05, 9.8489e+02, 2.1406e+01, 
 1DIAGNOSTIC,    31, -8.868022561073e-01, 5.822755338158e-05, 1.0062e+03, 2.1285e+01, 
 1DIAGNOSTIC,    32, -8.869999051094e-01, 5.304618389346e-05, 1.0275e+03, 2.1361e+01, 
 1DIAGNOSTIC,    33, -8.871855139732e-01, 4.838400127483e-05, 1.0489e+03, 2.1332e+01, 
 1DIAGNOSTIC,    34, -8.873626589775e-01, 4.419520701049e-05, 1.0701e+03, 2.1180e+01, 
 1DIAGNOSTIC,    35, -8.875296711922e-01, 4.045726382174e-05, 1.0915e+03, 2.1479e+01, 
 1DIAGNOSTIC,    36, -8.876847028732e-01, 3.708178337547e-05, 1.1130e+03, 2.1437e+01, 
 1DIAGNOSTIC,    37, -8.878343105316e-01, 3.404880771996e-05, 1.1345e+03, 2.1531e+01, 
 1DIAGNOSTIC,    38, -8.879738450050e-01, 3.131980702165e-05, 1.1558e+03, 2.1294e+01, 
 1DIAGNOSTIC,    39, -8.881058692932e-01, 2.883417437261e-05, 1.1771e+03, 2.1350e+01, 
 1DIAGNOSTIC,    40, -8.882309198380e-01, 2.655431853782e-05, 1.1986e+03, 2.1425e+01, 
 1DIAGNOSTIC,    41, -8.883522152901e-01, 2.452807348163e-05, 1.2201e+03, 2.1541e+01, 
 1DIAGNOSTIC,    42, -8.884668350220e-01, 2.269887227158e-05, 1.2414e+03, 2.1309e+01, 
 1DIAGNOSTIC,    43, -8.885756134987e-01, 2.103868246195e-05, 1.2630e+03, 2.1571e+01, 
 1DIAGNOSTIC,    44, -8.886796832085e-01, 1.954928120540e-05, 1.2844e+03, 2.1435e+01, 
 1DIAGNOSTIC,    45, -8.887779712677e-01, 1.820326178859e-05, 1.3057e+03, 2.1293e+01, 
 1DIAGNOSTIC,    46, -8.888747692108e-01, 1.698405685602e-05, 1.3273e+03, 2.1543e+01, 
 1DIAGNOSTIC,    47, -8.889648318291e-01, 1.587962651683e-05, 1.3486e+03, 2.1318e+01, 
 1DIAGNOSTIC,    48, -8.890514373779e-01, 1.486483688495e-05, 1.3700e+03, 2.1434e+01, 
 1DIAGNOSTIC,    49, -8.891328573227e-01, 1.391710338794e-05, 1.3913e+03, 2.1297e+01, 
 1DIAGNOSTIC,    50, -8.892135620117e-01, 1.304474153585e-05, 1.4124e+03, 2.1067e+01, 
 1DIAGNOSTIC,    51, -8.892884254456e-01, 1.223960134666e-05, 1.4338e+03, 2.1407e+01, 
 1DIAGNOSTIC,    52, -8.893606662750e-01, 1.149413128587e-05, 1.4552e+03, 2.1420e+01, 
 1DIAGNOSTIC,    53, -8.894332051277e-01, 1.082089602278e-05, 1.4765e+03, 2.1275e+01, 
 1DIAGNOSTIC,    54, -8.894962668419e-01, 1.017502745526e-05, 1.4977e+03, 2.1195e+01, 
 1DIAGNOSTIC,    55, -8.895604610443e-01, 9.571590453561e-06, 1.5189e+03, 2.1219e+01, 
 1DIAGNOSTIC,    56, -8.896265029907e-01, 9.050631888385e-06, 1.5401e+03, 2.1180e+01, 
 1DIAGNOSTIC,    57, -8.896842002869e-01, 8.555629392504e-06, 1.5614e+03, 2.1341e+01, 
 1DIAGNOSTIC,    58, -8.897463679314e-01, 8.125088243105e-06, 1.5828e+03, 2.1434e+01, 
 1DIAGNOSTIC,    59, -8.898019194603e-01, 7.717761036474e-06, 1.6041e+03, 2.1282e+01, 
 1DIAGNOSTIC,    60, -8.898563385010e-01, 7.349802217504e-06, 1.6257e+03, 2.1559e+01, 
 1DIAGNOSTIC,    61, -8.899067640305e-01, 6.990088422754e-06, 1.6470e+03, 2.1337e+01, 
 1DIAGNOSTIC,    62, -8.899561762810e-01, 6.642339940299e-06, 1.6684e+03, 2.1374e+01, 
 1DIAGNOSTIC,    63, -8.900043964386e-01, 6.325295544229e-06, 1.6898e+03, 2.1383e+01, 
 1DIAGNOSTIC,    64, -8.900496959686e-01, 5.995101673761e-06, 1.7114e+03, 2.1614e+01, 
 1DIAGNOSTIC,    65, -8.900942802429e-01, 5.676807177224e-06, 1.7325e+03, 2.1140e+01, 
 1DIAGNOSTIC,    66, -8.901377320290e-01, 5.396174856287e-06, 1.7537e+03, 2.1201e+01, 
 1DIAGNOSTIC,    67, -8.901757597923e-01, 5.103154762764e-06, 1.7753e+03, 2.1516e+01, 
 1DIAGNOSTIC,    68, -8.902145028114e-01, 4.844529485126e-06, 1.7967e+03, 2.1465e+01, 
 1DIAGNOSTIC,    69, -8.902559280396e-01, 4.617756985681e-06, 1.8180e+03, 2.1291e+01, 
 1DIAGNOSTIC,    70, -8.902915716171e-01, 4.404579613038e-06, 1.8396e+03, 2.1570e+01, 
XXDIAGNOSTIC,Iteration,metricValue,convergenceValue,ITERATION_TIME_INDEX,SINCE_LAST
 1DIAGNOSTIC,     1, -6.757891774178e-01, inf, 2.0133e+03, 1.7376e+02, 
 1DIAGNOSTIC,     2, -6.778054237366e-01, inf, 2.1848e+03, 1.7149e+02, 
 1DIAGNOSTIC,     3, -6.799414157867e-01, inf, 2.3595e+03, 1.7464e+02, 
 1DIAGNOSTIC,     4, -6.821335554123e-01, inf, 2.5318e+03, 1.7233e+02, 
 1DIAGNOSTIC,     5, -6.839179992676e-01, inf, 2.7031e+03, 1.7130e+02, 
 1DIAGNOSTIC,     6, -6.855866909027e-01, inf, 2.8760e+03, 1.7289e+02, 
 1DIAGNOSTIC,     7, -6.871478557587e-01, inf, 3.0467e+03, 1.7071e+02, 
 1DIAGNOSTIC,     8, -6.886700987816e-01, inf, 3.2188e+03, 1.7216e+02, 
 1DIAGNOSTIC,     9, -6.901325583458e-01, inf, 3.3908e+03, 1.7199e+02, 
 1DIAGNOSTIC,    10, -6.915299892426e-01, 1.467499416322e-03, 3.5626e+03, 1.7173e+02, 
 1DIAGNOSTIC,    11, -6.927699446678e-01, 1.254366361536e-03, 3.7344e+03, 1.7181e+02, 
 1DIAGNOSTIC,    12, -6.938669681549e-01, 1.071067526937e-03, 3.9059e+03, 1.7155e+02, 
 1DIAGNOSTIC,    13, -6.948477029800e-01, 9.176366147585e-04, 4.0762e+03, 1.7032e+02, 
 1DIAGNOSTIC,    14, -6.957291364670e-01, 7.930026622489e-04, 4.2474e+03, 1.7114e+02, 
 1DIAGNOSTIC,    15, -6.965344548225e-01, 6.834295345470e-04, 4.4195e+03, 1.7207e+02, 
 1DIAGNOSTIC,    16, -6.972960233688e-01, 5.872117471881e-04, 4.5915e+03, 1.7205e+02, 
 1DIAGNOSTIC,    17, -6.979164481163e-01, 5.008610896766e-04, 4.7636e+03, 1.7210e+02, 
 1DIAGNOSTIC,    18, -6.985228657722e-01, 4.263354057912e-04, 4.9362e+03, 1.7264e+02, 
 1DIAGNOSTIC,    19, -6.991284489632e-01, 3.646883415058e-04, 5.1077e+03, 1.7149e+02, 
 1DIAGNOSTIC,    20, -6.997132897377e-01, 3.158260078635e-04, 5.2800e+03, 1.7230e+02, 
  Elapsed time (stage 2): 5282


Total elapsed time: 5314
Using single precision for computations.
Input scalar image: /home/mpib/nemecz/Projects/miniTRK/Results/01_MRI/GroupTempl/T1w/T_template0sub-991905_T1wRepaired.nii.gz
Reference image: /home/mpib/nemecz/Projects/miniTRK/Results/01_MRI/GroupTempl/T1w/T_template0.nii.gz
=============================================================================
The composite transform comprises the following transforms (in order): 
  1. /home/mpib/nemecz/Projects/miniTRK/Results/01_MRI/GroupTempl/T1w/T_sub-991905_T1w380GenericAffine.mat (type = AffineTransform)
  2. /home/mpib/nemecz/Projects/miniTRK/Results/01_MRI/GroupTempl/T1w/T_sub-991905_T1w381Warp.nii.gz (type = DisplacementFieldTransform)
=============================================================================
Default pixel value: 0
Interpolation type: LinearInterpolateImageFunction
Output warped image: /home/mpib/nemecz/Projects/miniTRK/Results/01_MRI/GroupTempl/T1w/T_template0sub-991905_T1w38WarpedToTemplate.nii.gz
