
Running N4 for 3-dimensional images.

Mask not read.  Using the entire image as the mask.

Original intensity range:  [0, 957]

***********************************************************
Warning:  Your input image contains nonpositive values
which could cause failure or problematic results.  A
possible workaround would be to:
   1. rescale your image to positive values e.g., [10,100].
   2. run N4 on your rescaled image.
   3. (optional) rescale the N4 output to the original
      intensity range.
***********************************************************

Specified spline distance: 200mm
  original image size:  [192, 256, 256]
  padded image size:  [201, 401, 401]
  number of control points:  [4, 5, 5]

Current level = 1
  Iteration 1 (of 50).   Current convergence value = 0.000698593 (threshold = 1e-08)
  Iteration 2 (of 50).   Current convergence value = 0.000468378 (threshold = 1e-08)
  Iteration 3 (of 50).   Current convergence value = 0.000314742 (threshold = 1e-08)
  Iteration 4 (of 50).   Current convergence value = 0.000219444 (threshold = 1e-08)
  Iteration 5 (of 50).   Current convergence value = 0.000158188 (threshold = 1e-08)
  Iteration 6 (of 50).   Current convergence value = 0.000119427 (threshold = 1e-08)
  Iteration 7 (of 50).   Current convergence value = 9.64813e-05 (threshold = 1e-08)
  Iteration 8 (of 50).   Current convergence value = 8.43475e-05 (threshold = 1e-08)
  Iteration 9 (of 50).   Current convergence value = 7.8989e-05 (threshold = 1e-08)
  Iteration 10 (of 50).   Current convergence value = 7.72647e-05 (threshold = 1e-08)
  Iteration 11 (of 50).   Current convergence value = 7.71791e-05 (threshold = 1e-08)
  Iteration 12 (of 50).   Current convergence value = 7.76683e-05 (threshold = 1e-08)
  Iteration 13 (of 50).   Current convergence value = 7.82468e-05 (threshold = 1e-08)
  Iteration 14 (of 50).   Current convergence value = 7.89438e-05 (threshold = 1e-08)
  Iteration 15 (of 50).   Current convergence value = 7.9479e-05 (threshold = 1e-08)
  Iteration 16 (of 50).   Current convergence value = 7.98066e-05 (threshold = 1e-08)
  Iteration 17 (of 50).   Current convergence value = 8.00072e-05 (threshold = 1e-08)
  Iteration 18 (of 50).   Current convergence value = 8.00552e-05 (threshold = 1e-08)
  Iteration 19 (of 50).   Current convergence value = 8.0045e-05 (threshold = 1e-08)
  Iteration 20 (of 50).   Current convergence value = 8.00015e-05 (threshold = 1e-08)
  Iteration 21 (of 50).   Current convergence value = 7.98616e-05 (threshold = 1e-08)
  Iteration 22 (of 50).   Current convergence value = 7.98182e-05 (threshold = 1e-08)
  Iteration 23 (of 50).   Current convergence value = 7.97107e-05 (threshold = 1e-08)
  Iteration 24 (of 50).   Current convergence value = 7.93973e-05 (threshold = 1e-08)
  Iteration 25 (of 50).   Current convergence value = 7.91083e-05 (threshold = 1e-08)
  Iteration 26 (of 50).   Current convergence value = 7.88765e-05 (threshold = 1e-08)
  Iteration 27 (of 50).   Current convergence value = 7.86404e-05 (threshold = 1e-08)
  Iteration 28 (of 50).   Current convergence value = 7.84769e-05 (threshold = 1e-08)
  Iteration 29 (of 50).   Current convergence value = 7.78957e-05 (threshold = 1e-08)
  Iteration 30 (of 50).   Current convergence value = 7.64025e-05 (threshold = 1e-08)
  Iteration 31 (of 50).   Current convergence value = 7.5183e-05 (threshold = 1e-08)
  Iteration 32 (of 50).   Current convergence value = 7.40439e-05 (threshold = 1e-08)
  Iteration 33 (of 50).   Current convergence value = 7.30365e-05 (threshold = 1e-08)
  Iteration 34 (of 50).   Current convergence value = 7.22532e-05 (threshold = 1e-08)
  Iteration 35 (of 50).   Current convergence value = 7.15702e-05 (threshold = 1e-08)
  Iteration 36 (of 50).   Current convergence value = 7.0715e-05 (threshold = 1e-08)
  Iteration 37 (of 50).   Current convergence value = 7.00856e-05 (threshold = 1e-08)
  Iteration 38 (of 50).   Current convergence value = 6.9543e-05 (threshold = 1e-08)
  Iteration 39 (of 50).   Current convergence value = 6.88646e-05 (threshold = 1e-08)
  Iteration 40 (of 50).   Current convergence value = 6.81243e-05 (threshold = 1e-08)
  Iteration 41 (of 50).   Current convergence value = 6.75339e-05 (threshold = 1e-08)
  Iteration 42 (of 50).   Current convergence value = 6.71281e-05 (threshold = 1e-08)
  Iteration 43 (of 50).   Current convergence value = 6.659e-05 (threshold = 1e-08)
  Iteration 44 (of 50).   Current convergence value = 6.59907e-05 (threshold = 1e-08)
  Iteration 45 (of 50).   Current convergence value = 6.55245e-05 (threshold = 1e-08)
  Iteration 46 (of 50).   Current convergence value = 6.50015e-05 (threshold = 1e-08)
  Iteration 47 (of 50).   Current convergence value = 6.44745e-05 (threshold = 1e-08)
  Iteration 48 (of 50).   Current convergence value = 6.39099e-05 (threshold = 1e-08)
  Iteration 49 (of 50).   Current convergence value = 6.34249e-05 (threshold = 1e-08)
  Iteration 50 (of 50).   Current convergence value = 6.30221e-05 (threshold = 1e-08)
Current level = 2
  Iteration 1 (of 50).   Current convergence value = 0.000485663 (threshold = 1e-08)
  Iteration 2 (of 50).   Current convergence value = 0.000397539 (threshold = 1e-08)
  Iteration 3 (of 50).   Current convergence value = 0.000345461 (threshold = 1e-08)
  Iteration 4 (of 50).   Current convergence value = 0.000299899 (threshold = 1e-08)
  Iteration 5 (of 50).   Current convergence value = 0.000261551 (threshold = 1e-08)
  Iteration 6 (of 50).   Current convergence value = 0.000231013 (threshold = 1e-08)
  Iteration 7 (of 50).   Current convergence value = 0.000209058 (threshold = 1e-08)
  Iteration 8 (of 50).   Current convergence value = 0.000194411 (threshold = 1e-08)
  Iteration 9 (of 50).   Current convergence value = 0.00017455 (threshold = 1e-08)
  Iteration 10 (of 50).   Current convergence value = 0.00015759 (threshold = 1e-08)
  Iteration 11 (of 50).   Current convergence value = 0.000142844 (threshold = 1e-08)
  Iteration 12 (of 50).   Current convergence value = 0.000130038 (threshold = 1e-08)
  Iteration 13 (of 50).   Current convergence value = 0.000119091 (threshold = 1e-08)
  Iteration 14 (of 50).   Current convergence value = 0.000109469 (threshold = 1e-08)
  Iteration 15 (of 50).   Current convergence value = 0.000101046 (threshold = 1e-08)
  Iteration 16 (of 50).   Current convergence value = 9.39823e-05 (threshold = 1e-08)
  Iteration 17 (of 50).   Current convergence value = 8.78393e-05 (threshold = 1e-08)
  Iteration 18 (of 50).   Current convergence value = 8.26758e-05 (threshold = 1e-08)
  Iteration 19 (of 50).   Current convergence value = 7.81971e-05 (threshold = 1e-08)
  Iteration 20 (of 50).   Current convergence value = 7.59722e-05 (threshold = 1e-08)
  Iteration 21 (of 50).   Current convergence value = 7.43687e-05 (threshold = 1e-08)
  Iteration 22 (of 50).   Current convergence value = 7.31416e-05 (threshold = 1e-08)
  Iteration 23 (of 50).   Current convergence value = 7.20368e-05 (threshold = 1e-08)
  Iteration 24 (of 50).   Current convergence value = 7.12504e-05 (threshold = 1e-08)
  Iteration 25 (of 50).   Current convergence value = 7.05683e-05 (threshold = 1e-08)
  Iteration 26 (of 50).   Current convergence value = 7.00293e-05 (threshold = 1e-08)
  Iteration 27 (of 50).   Current convergence value = 6.94669e-05 (threshold = 1e-08)
  Iteration 28 (of 50).   Current convergence value = 6.89756e-05 (threshold = 1e-08)
  Iteration 29 (of 50).   Current convergence value = 6.84567e-05 (threshold = 1e-08)
  Iteration 30 (of 50).   Current convergence value = 6.80766e-05 (threshold = 1e-08)
  Iteration 31 (of 50).   Current convergence value = 6.77712e-05 (threshold = 1e-08)
  Iteration 32 (of 50).   Current convergence value = 6.72241e-05 (threshold = 1e-08)
  Iteration 33 (of 50).   Current convergence value = 6.67862e-05 (threshold = 1e-08)
  Iteration 34 (of 50).   Current convergence value = 6.64755e-05 (threshold = 1e-08)
  Iteration 35 (of 50).   Current convergence value = 6.61381e-05 (threshold = 1e-08)
  Iteration 36 (of 50).   Current convergence value = 6.56761e-05 (threshold = 1e-08)
  Iteration 37 (of 50).   Current convergence value = 6.54039e-05 (threshold = 1e-08)
  Iteration 38 (of 50).   Current convergence value = 6.52272e-05 (threshold = 1e-08)
  Iteration 39 (of 50).   Current convergence value = 6.49695e-05 (threshold = 1e-08)
  Iteration 40 (of 50).   Current convergence value = 6.47264e-05 (threshold = 1e-08)
  Iteration 41 (of 50).   Current convergence value = 6.47054e-05 (threshold = 1e-08)
  Iteration 42 (of 50).   Current convergence value = 6.44755e-05 (threshold = 1e-08)
  Iteration 43 (of 50).   Current convergence value = 6.43818e-05 (threshold = 1e-08)
  Iteration 44 (of 50).   Current convergence value = 6.42257e-05 (threshold = 1e-08)
  Iteration 45 (of 50).   Current convergence value = 6.41897e-05 (threshold = 1e-08)
  Iteration 46 (of 50).   Current convergence value = 6.41261e-05 (threshold = 1e-08)
  Iteration 47 (of 50).   Current convergence value = 6.41322e-05 (threshold = 1e-08)
  Iteration 48 (of 50).   Current convergence value = 6.40449e-05 (threshold = 1e-08)
  Iteration 49 (of 50).   Current convergence value = 6.40684e-05 (threshold = 1e-08)
  Iteration 50 (of 50).   Current convergence value = 6.40104e-05 (threshold = 1e-08)
Current level = 3
  Iteration 1 (of 40).   Current convergence value = 0.00148738 (threshold = 1e-08)
  Iteration 2 (of 40).   Current convergence value = 0.00112222 (threshold = 1e-08)
  Iteration 3 (of 40).   Current convergence value = 0.000913735 (threshold = 1e-08)
  Iteration 4 (of 40).   Current convergence value = 0.000752543 (threshold = 1e-08)
  Iteration 5 (of 40).   Current convergence value = 0.000650328 (threshold = 1e-08)
  Iteration 6 (of 40).   Current convergence value = 0.000593078 (threshold = 1e-08)
  Iteration 7 (of 40).   Current convergence value = 0.000565965 (threshold = 1e-08)
  Iteration 8 (of 40).   Current convergence value = 0.000557721 (threshold = 1e-08)
  Iteration 9 (of 40).   Current convergence value = 0.000559394 (threshold = 1e-08)
  Iteration 10 (of 40).   Current convergence value = 0.000567922 (threshold = 1e-08)
  Iteration 11 (of 40).   Current convergence value = 0.000580373 (threshold = 1e-08)
  Iteration 12 (of 40).   Current convergence value = 0.000597339 (threshold = 1e-08)
  Iteration 13 (of 40).   Current convergence value = 0.000617738 (threshold = 1e-08)
  Iteration 14 (of 40).   Current convergence value = 0.000638586 (threshold = 1e-08)
  Iteration 15 (of 40).   Current convergence value = 0.000660632 (threshold = 1e-08)
  Iteration 16 (of 40).   Current convergence value = 0.000683749 (threshold = 1e-08)
  Iteration 17 (of 40).   Current convergence value = 0.000705327 (threshold = 1e-08)
  Iteration 18 (of 40).   Current convergence value = 0.000725585 (threshold = 1e-08)
  Iteration 19 (of 40).   Current convergence value = 0.000746235 (threshold = 1e-08)
  Iteration 20 (of 40).   Current convergence value = 0.000757809 (threshold = 1e-08)
  Iteration 21 (of 40).   Current convergence value = 0.000781934 (threshold = 1e-08)
  Iteration 22 (of 40).   Current convergence value = 0.000804231 (threshold = 1e-08)
  Iteration 23 (of 40).   Current convergence value = 0.000825842 (threshold = 1e-08)
  Iteration 24 (of 40).   Current convergence value = 0.000847699 (threshold = 1e-08)
  Iteration 25 (of 40).   Current convergence value = 0.000868999 (threshold = 1e-08)
  Iteration 26 (of 40).   Current convergence value = 0.000893542 (threshold = 1e-08)
  Iteration 27 (of 40).   Current convergence value = 0.000916293 (threshold = 1e-08)
  Iteration 28 (of 40).   Current convergence value = 0.000938483 (threshold = 1e-08)
  Iteration 29 (of 40).   Current convergence value = 0.000961043 (threshold = 1e-08)
  Iteration 30 (of 40).   Current convergence value = 0.00098099 (threshold = 1e-08)
  Iteration 31 (of 40).   Current convergence value = 0.000999852 (threshold = 1e-08)
  Iteration 32 (of 40).   Current convergence value = 0.00101879 (threshold = 1e-08)
  Iteration 33 (of 40).   Current convergence value = 0.00103511 (threshold = 1e-08)
  Iteration 34 (of 40).   Current convergence value = 0.00105015 (threshold = 1e-08)
  Iteration 35 (of 40).   Current convergence value = 0.00106371 (threshold = 1e-08)
  Iteration 36 (of 40).   Current convergence value = 0.0010689 (threshold = 1e-08)
  Iteration 37 (of 40).   Current convergence value = 0.00106889 (threshold = 1e-08)
  Iteration 38 (of 40).   Current convergence value = 0.00105759 (threshold = 1e-08)
  Iteration 39 (of 40).   Current convergence value = 0.0010433 (threshold = 1e-08)
  Iteration 40 (of 40).   Current convergence value = 0.00102799 (threshold = 1e-08)
Current level = 4
  Iteration 1 (of 30).   Current convergence value = 0.00263854 (threshold = 1e-08)
  Iteration 2 (of 30).   Current convergence value = 0.00227417 (threshold = 1e-08)
  Iteration 3 (of 30).   Current convergence value = 0.00214735 (threshold = 1e-08)
  Iteration 4 (of 30).   Current convergence value = 0.00204207 (threshold = 1e-08)
  Iteration 5 (of 30).   Current convergence value = 0.00187817 (threshold = 1e-08)
  Iteration 6 (of 30).   Current convergence value = 0.00175298 (threshold = 1e-08)
  Iteration 7 (of 30).   Current convergence value = 0.00164405 (threshold = 1e-08)
  Iteration 8 (of 30).   Current convergence value = 0.00154766 (threshold = 1e-08)
  Iteration 9 (of 30).   Current convergence value = 0.00145405 (threshold = 1e-08)
  Iteration 10 (of 30).   Current convergence value = 0.00136293 (threshold = 1e-08)
  Iteration 11 (of 30).   Current convergence value = 0.00127743 (threshold = 1e-08)
  Iteration 12 (of 30).   Current convergence value = 0.00128132 (threshold = 1e-08)
  Iteration 13 (of 30).   Current convergence value = 0.00132473 (threshold = 1e-08)
  Iteration 14 (of 30).   Current convergence value = 0.00137229 (threshold = 1e-08)
  Iteration 15 (of 30).   Current convergence value = 0.00142441 (threshold = 1e-08)
  Iteration 16 (of 30).   Current convergence value = 0.00147298 (threshold = 1e-08)
  Iteration 17 (of 30).   Current convergence value = 0.00147458 (threshold = 1e-08)
  Iteration 18 (of 30).   Current convergence value = 0.00145527 (threshold = 1e-08)
  Iteration 19 (of 30).   Current convergence value = 0.00145113 (threshold = 1e-08)
  Iteration 20 (of 30).   Current convergence value = 0.00143785 (threshold = 1e-08)
  Iteration 21 (of 30).   Current convergence value = 0.0014128 (threshold = 1e-08)
  Iteration 22 (of 30).   Current convergence value = 0.00137584 (threshold = 1e-08)
  Iteration 23 (of 30).   Current convergence value = 0.00132883 (threshold = 1e-08)
  Iteration 24 (of 30).   Current convergence value = 0.00129335 (threshold = 1e-08)
  Iteration 25 (of 30).   Current convergence value = 0.00125905 (threshold = 1e-08)
  Iteration 26 (of 30).   Current convergence value = 0.00121966 (threshold = 1e-08)
  Iteration 27 (of 30).   Current convergence value = 0.00121527 (threshold = 1e-08)
  Iteration 28 (of 30).   Current convergence value = 0.00122574 (threshold = 1e-08)
  Iteration 29 (of 30).   Current convergence value = 0.00123666 (threshold = 1e-08)
  Iteration 30 (of 30).   Current convergence value = 0.00124719 (threshold = 1e-08)
   N4BiasFieldCorrectionImageFilter (0x55d11f4e7e20)
     RTTI typeinfo:   itk::N4BiasFieldCorrectionImageFilter<itk::Image<float, 3u>, itk::Image<float, 3u>, itk::Image<float, 3u> >
     Reference Count: 1
     Modified Time: 565
     Debug: Off
     Object Name: 
     Observers: 
       IterationEvent(Command)
     Inputs: 
       ConfidenceImage: (0)
       MaskImage: (0x55d11f5125d0)
       Primary: (0x55d11f50daf0) *
     Indexed Inputs: 
       0: Primary (0x55d11f50daf0)
       1: MaskImage (0x55d11f5125d0)
       2: ConfidenceImage (0)
     Required Input Names: Primary
     NumberOfRequiredInputs: 1
     Outputs: 
       Primary: (0x55d11f4f7ef0)
     Indexed Outputs: 
       0: Primary (0x55d11f4f7ef0)
     NumberOfRequiredOutputs: 1
     Number Of Work Units: 32
     ReleaseDataFlag: Off
     ReleaseDataBeforeUpdateFlag: Off
     AbortGenerateData: Off
     Progress: 0
     Multithreader: 
       RTTI typeinfo:   itk::PoolMultiThreader
       Reference Count: 1
       Modified Time: 144
       Debug: Off
       Object Name: 
       Observers: 
         none
       Number of Work Units: 32
       Number of Threads: 8
       Global Maximum Number Of Threads: 128
       Global Default Number Of Threads: 8
       Global Default Threader Type: itk::MultiThreaderBaseEnums::Threader::Pool
       SingleMethod: 0
       SingleData: 0
     DynamicMultiThreading: On
     CoordinateTolerance: 1e-06
     DirectionTolerance: 1e-06
     Use Mask Label: 0
     Mask label: 1
     Number of histogram bins: 200
     Wiener filter noise: 0.01
     Bias field FWHM: 0.15
     Maximum number of iterations: [50, 50, 40, 30]
     Convergence threshold: 1e-08
     Spline order: 3
     Number of fitting levels: [4, 4, 4]
     Number of control points: [4, 5, 5]
     CurrentConvergenceMeasurement: 0.00124719
     CurrentLevel: 4
     ElapsedIterations: 31
     LogBiasFieldControlPointLattice: 
       Image (0x55d12a541f40)
         RTTI typeinfo:   itk::Image<itk::Vector<float, 1u>, 3u>
         Reference Count: 1
         Modified Time: 343560
         Debug: Off
         Object Name: 
         Observers: 
           none
         Source: (none)
         Source output name: (none)
         Release Data: Off
         Data Released: False
         Global Release Data: Off
         PipelineMTime: 0
         UpdateMTime: 0
         RealTimeStamp: 0 seconds 
         LargestPossibleRegion: 
           Dimension: 3
           Index: [0, 0, 0]
           Size: [11, 19, 19]
         BufferedRegion: 
           Dimension: 3
           Index: [0, 0, 0]
           Size: [11, 19, 19]
         RequestedRegion: 
           Dimension: 3
           Index: [0, 0, 0]
           Size: [11, 19, 19]
         Spacing: [24.75, 24.875, 24.875]
         Origin: [27.6587, 26.0351, -20.1808]
         Direction: 
-0.996035 -0.0429988 -0.0778782
0.051022 -0.993252 -0.104152
-0.0728742 -0.107712 0.991508

         IndexToPointMatrix: 
-24.6519 -1.06959 -1.93722
1.2628 -24.7071 -2.59078
-1.80364 -2.67934 24.6638

         PointToIndexMatrix: 
-0.0402438 0.0020615 -0.00294441
-0.00172859 -0.0399297 -0.00433015
-0.00313078 -0.00418699 0.0398596

         Inverse Direction: 
-0.996035 0.051022 -0.0728742
-0.0429988 -0.993252 -0.107713
-0.0778781 -0.104151 0.991508

         PixelContainer: 
           ImportImageContainer (0x55d125fe8eb0)
             RTTI typeinfo:   itk::ImportImageContainer<unsigned long, itk::Vector<float, 1u> >
             Reference Count: 1
             Modified Time: 343561
             Debug: Off
             Object Name: 
             Observers: 
               none
             Pointer: 0x55d12969cd00
             Container manages memory: true
             Size: 3971
             Capacity: 3971
Elapsed time: 304.627
All_Command_lines_OK
Using single precision for computations.
=============================================================================
The composite transform comprises the following transforms (in order): 
  1. Center of mass alignment using fixed image: /home/mpib/nemecz/Projects/miniTRK/Results/01_MRI/GroupTempl/T1w/T_template0.nii.gz and moving image: /home/mpib/nemecz/Projects/miniTRK/Analysis/01_MRI/Preproc/GroupTempl/T1w/sub-546563_T1w.nii.gz (type = Euler3DTransform)
=============================================================================
  number of levels = 4
  number of levels = 4
  number of levels = 4
  fixed image: /home/mpib/nemecz/Projects/miniTRK/Results/01_MRI/GroupTempl/T1w/T_template0.nii.gz
  moving image: /home/mpib/nemecz/Projects/miniTRK/Results/01_MRI/GroupTempl/T1w/T_template0sub-546563_T1wRepaired.nii.gz
  fixed image: /home/mpib/nemecz/Projects/miniTRK/Results/01_MRI/GroupTempl/T1w/T_template0.nii.gz
  moving image: /home/mpib/nemecz/Projects/miniTRK/Results/01_MRI/GroupTempl/T1w/T_template0sub-546563_T1wRepaired.nii.gz
  fixed image: /home/mpib/nemecz/Projects/miniTRK/Results/01_MRI/GroupTempl/T1w/T_template0.nii.gz
  moving image: /home/mpib/nemecz/Projects/miniTRK/Results/01_MRI/GroupTempl/T1w/T_template0sub-546563_T1wRepaired.nii.gz
Dimension = 3
Number of stages = 3
Use Histogram Matching true
Winsorize image intensities true
Lower quantile = 0.01
Upper quantile = 0.99
Stage 1 State
   Image metric = Mattes
     Fixed image = Image (0x556abf3d3ad0)
  RTTI typeinfo:   itk::Image<float, 3u>
  Reference Count: 2
  Modified Time: 1721
  Debug: Off
  Object Name: 
  Observers: 
    none
  Source: (none)
  Source output name: (none)
  Release Data: Off
  Data Released: False
  Global Release Data: Off
  PipelineMTime: 0
  UpdateMTime: 1506
  RealTimeStamp: 0 seconds 
  LargestPossibleRegion: 
    Dimension: 3
    Index: [0, 0, 0]
    Size: [192, 256, 256]
  BufferedRegion: 
    Dimension: 3
    Index: [0, 0, 0]
    Size: [192, 256, 256]
  RequestedRegion: 
    Dimension: 3
    Index: [0, 0, 0]
    Size: [192, 256, 256]
  Spacing: [1, 1, 1]
  Origin: [95.0313, 100.538, -154.123]
  Direction: 
-0.999853 -0.014134 -0.00966312
0.014129 -0.9999 0.000586045
-0.00967044 0.000449429 0.999953

  IndexToPointMatrix: 
-0.999853 -0.014134 -0.00966312
0.014129 -0.9999 0.000586045
-0.00967044 0.000449429 0.999953

  PointToIndexMatrix: 
-0.999853 0.014129 -0.00967044
-0.014134 -0.9999 0.000449429
-0.00966312 0.000586045 0.999953

  Inverse Direction: 
-0.999853 0.014129 -0.00967044
-0.014134 -0.9999 0.000449429
-0.00966312 0.000586045 0.999953

  PixelContainer: 
    ImportImageContainer (0x556abf3dbc80)
      RTTI typeinfo:   itk::ImportImageContainer<unsigned long, float>
      Reference Count: 1
      Modified Time: 1503
      Debug: Off
      Object Name: 
      Observers: 
        none
      Pointer: 0x7f0333a16010
      Container manages memory: true
      Size: 12582912
      Capacity: 12582912

     Moving image = Image (0x556abf3d4bc0)
  RTTI typeinfo:   itk::Image<float, 3u>
  Reference Count: 2
  Modified Time: 1722
  Debug: Off
  Object Name: 
  Observers: 
    none
  Source: (none)
  Source output name: (none)
  Release Data: Off
  Data Released: False
  Global Release Data: Off
  PipelineMTime: 0
  UpdateMTime: 1719
  RealTimeStamp: 0 seconds 
  LargestPossibleRegion: 
    Dimension: 3
    Index: [0, 0, 0]
    Size: [192, 256, 256]
  BufferedRegion: 
    Dimension: 3
    Index: [0, 0, 0]
    Size: [192, 256, 256]
  RequestedRegion: 
    Dimension: 3
    Index: [0, 0, 0]
    Size: [192, 256, 256]
  Spacing: [1, 1, 1]
  Origin: [113.079, 108.227, -128.833]
  Direction: 
-0.996035 -0.0429988 -0.0778782
0.051022 -0.993252 -0.104152
-0.0728742 -0.107712 0.991508

  IndexToPointMatrix: 
-0.996035 -0.0429988 -0.0778782
0.051022 -0.993252 -0.104152
-0.0728742 -0.107712 0.991508

  PointToIndexMatrix: 
-0.996035 0.051022 -0.0728742
-0.0429988 -0.993252 -0.107712
-0.0778782 -0.104152 0.991508

  Inverse Direction: 
-0.996035 0.051022 -0.0728742
-0.0429988 -0.993252 -0.107712
-0.0778782 -0.104152 0.991508

  PixelContainer: 
    ImportImageContainer (0x556abf3e0100)
      RTTI typeinfo:   itk::ImportImageContainer<unsigned long, float>
      Reference Count: 1
      Modified Time: 1716
      Debug: Off
      Object Name: 
      Observers: 
        none
      Pointer: 0x7f0330a15010
      Container manages memory: true
      Size: 12582912
      Capacity: 12582912

     Weighting = 1
     Sampling strategy = regular
     Number of bins = 32
     Radius = 4
     Sampling percentage  = 0.25
   Transform = Rigid
     Gradient step = 0.1
     Update field sigma (voxel space) = 0
     Total field sigma (voxel space) = 0
     Update field time sigma = 0
     Total field time sigma  = 0
     Number of time indices = 0
     Number of time point samples = 0
Stage 2 State
   Image metric = Mattes
     Fixed image = Image (0x556abf3ec870)
  RTTI typeinfo:   itk::Image<float, 3u>
  Reference Count: 2
  Modified Time: 2149
  Debug: Off
  Object Name: 
  Observers: 
    none
  Source: (none)
  Source output name: (none)
  Release Data: Off
  Data Released: False
  Global Release Data: Off
  PipelineMTime: 0
  UpdateMTime: 1934
  RealTimeStamp: 0 seconds 
  LargestPossibleRegion: 
    Dimension: 3
    Index: [0, 0, 0]
    Size: [192, 256, 256]
  BufferedRegion: 
    Dimension: 3
    Index: [0, 0, 0]
    Size: [192, 256, 256]
  RequestedRegion: 
    Dimension: 3
    Index: [0, 0, 0]
    Size: [192, 256, 256]
  Spacing: [1, 1, 1]
  Origin: [95.0313, 100.538, -154.123]
  Direction: 
-0.999853 -0.014134 -0.00966312
0.014129 -0.9999 0.000586045
-0.00967044 0.000449429 0.999953

  IndexToPointMatrix: 
-0.999853 -0.014134 -0.00966312
0.014129 -0.9999 0.000586045
-0.00967044 0.000449429 0.999953

  PointToIndexMatrix: 
-0.999853 0.014129 -0.00967044
-0.014134 -0.9999 0.000449429
-0.00966312 0.000586045 0.999953

  Inverse Direction: 
-0.999853 0.014129 -0.00967044
-0.014134 -0.9999 0.000449429
-0.00966312 0.000586045 0.999953

  PixelContainer: 
    ImportImageContainer (0x556abf3d76d0)
      RTTI typeinfo:   itk::ImportImageContainer<unsigned long, float>
      Reference Count: 1
      Modified Time: 1931
      Debug: Off
      Object Name: 
      Observers: 
        none
      Pointer: 0x7f032da14010
      Container manages memory: true
      Size: 12582912
      Capacity: 12582912

     Moving image = Image (0x556abf3ec4c0)
  RTTI typeinfo:   itk::Image<float, 3u>
  Reference Count: 2
  Modified Time: 2150
  Debug: Off
  Object Name: 
  Observers: 
    none
  Source: (none)
  Source output name: (none)
  Release Data: Off
  Data Released: False
  Global Release Data: Off
  PipelineMTime: 0
  UpdateMTime: 2147
  RealTimeStamp: 0 seconds 
  LargestPossibleRegion: 
    Dimension: 3
    Index: [0, 0, 0]
    Size: [192, 256, 256]
  BufferedRegion: 
    Dimension: 3
    Index: [0, 0, 0]
    Size: [192, 256, 256]
  RequestedRegion: 
    Dimension: 3
    Index: [0, 0, 0]
    Size: [192, 256, 256]
  Spacing: [1, 1, 1]
  Origin: [113.079, 108.227, -128.833]
  Direction: 
-0.996035 -0.0429988 -0.0778782
0.051022 -0.993252 -0.104152
-0.0728742 -0.107712 0.991508

  IndexToPointMatrix: 
-0.996035 -0.0429988 -0.0778782
0.051022 -0.993252 -0.104152
-0.0728742 -0.107712 0.991508

  PointToIndexMatrix: 
-0.996035 0.051022 -0.0728742
-0.0429988 -0.993252 -0.107712
-0.0778782 -0.104152 0.991508

  Inverse Direction: 
-0.996035 0.051022 -0.0728742
-0.0429988 -0.993252 -0.107712
-0.0778782 -0.104152 0.991508

  PixelContainer: 
    ImportImageContainer (0x556abf3ed8c0)
      RTTI typeinfo:   itk::ImportImageContainer<unsigned long, float>
      Reference Count: 1
      Modified Time: 2144
      Debug: Off
      Object Name: 
      Observers: 
        none
      Pointer: 0x7f032aa13010
      Container manages memory: true
      Size: 12582912
      Capacity: 12582912

     Weighting = 1
     Sampling strategy = regular
     Number of bins = 32
     Radius = 4
     Sampling percentage  = 0.25
   Transform = Affine
     Gradient step = 0.1
     Update field sigma (voxel space) = 0
     Total field sigma (voxel space) = 0
     Update field time sigma = 0
     Total field time sigma  = 0
     Number of time indices = 0
     Number of time point samples = 0
Stage 3 State
   Image metric = CC
     Fixed image = Image (0x556abf3f3960)
  RTTI typeinfo:   itk::Image<float, 3u>
  Reference Count: 2
  Modified Time: 2577
  Debug: Off
  Object Name: 
  Observers: 
    none
  Source: (none)
  Source output name: (none)
  Release Data: Off
  Data Released: False
  Global Release Data: Off
  PipelineMTime: 0
  UpdateMTime: 2362
  RealTimeStamp: 0 seconds 
  LargestPossibleRegion: 
    Dimension: 3
    Index: [0, 0, 0]
    Size: [192, 256, 256]
  BufferedRegion: 
    Dimension: 3
    Index: [0, 0, 0]
    Size: [192, 256, 256]
  RequestedRegion: 
    Dimension: 3
    Index: [0, 0, 0]
    Size: [192, 256, 256]
  Spacing: [1, 1, 1]
  Origin: [95.0313, 100.538, -154.123]
  Direction: 
-0.999853 -0.014134 -0.00966312
0.014129 -0.9999 0.000586045
-0.00967044 0.000449429 0.999953

  IndexToPointMatrix: 
-0.999853 -0.014134 -0.00966312
0.014129 -0.9999 0.000586045
-0.00967044 0.000449429 0.999953

  PointToIndexMatrix: 
-0.999853 0.014129 -0.00967044
-0.014134 -0.9999 0.000449429
-0.00966312 0.000586045 0.999953

  Inverse Direction: 
-0.999853 0.014129 -0.00967044
-0.014134 -0.9999 0.000449429
-0.00966312 0.000586045 0.999953

  PixelContainer: 
    ImportImageContainer (0x556abf3d4660)
      RTTI typeinfo:   itk::ImportImageContainer<unsigned long, float>
      Reference Count: 1
      Modified Time: 2359
      Debug: Off
      Object Name: 
      Observers: 
        none
      Pointer: 0x7f0327a12010
      Container manages memory: true
      Size: 12582912
      Capacity: 12582912

     Moving image = Image (0x556abf3f5840)
  RTTI typeinfo:   itk::Image<float, 3u>
  Reference Count: 2
  Modified Time: 2578
  Debug: Off
  Object Name: 
  Observers: 
    none
  Source: (none)
  Source output name: (none)
  Release Data: Off
  Data Released: False
  Global Release Data: Off
  PipelineMTime: 0
  UpdateMTime: 2575
  RealTimeStamp: 0 seconds 
  LargestPossibleRegion: 
    Dimension: 3
    Index: [0, 0, 0]
    Size: [192, 256, 256]
  BufferedRegion: 
    Dimension: 3
    Index: [0, 0, 0]
    Size: [192, 256, 256]
  RequestedRegion: 
    Dimension: 3
    Index: [0, 0, 0]
    Size: [192, 256, 256]
  Spacing: [1, 1, 1]
  Origin: [113.079, 108.227, -128.833]
  Direction: 
-0.996035 -0.0429988 -0.0778782
0.051022 -0.993252 -0.104152
-0.0728742 -0.107712 0.991508

  IndexToPointMatrix: 
-0.996035 -0.0429988 -0.0778782
0.051022 -0.993252 -0.104152
-0.0728742 -0.107712 0.991508

  PointToIndexMatrix: 
-0.996035 0.051022 -0.0728742
-0.0429988 -0.993252 -0.107712
-0.0778782 -0.104152 0.991508

  Inverse Direction: 
-0.996035 0.051022 -0.0728742
-0.0429988 -0.993252 -0.107712
-0.0778782 -0.104152 0.991508

  PixelContainer: 
    ImportImageContainer (0x556abf3f2660)
      RTTI typeinfo:   itk::ImportImageContainer<unsigned long, float>
      Reference Count: 1
      Modified Time: 2572
      Debug: Off
      Object Name: 
      Observers: 
        none
      Pointer: 0x7f0324a11010
      Container manages memory: true
      Size: 12582912
      Capacity: 12582912

     Weighting = 1
     Sampling strategy = none
     Number of bins = 32
     Radius = 4
     Sampling percentage  = 1
   Transform = SyN
     Gradient step = 0.1
     Update field sigma (voxel space) = 3
     Total field sigma (voxel space) = 0
     Update field time sigma = 0
     Total field time sigma  = 0
     Number of time indices = 0
     Number of time point samples = 0
Registration using 3 total stages.

Stage 0
  iterations = 1000x500x250x0
  convergence threshold = 1e-06
  convergence window size = 10
  number of levels = 4
  using the Mattes MI metric (number of bins = 32, weight = 1)
  preprocessing:  winsorizing the image intensities
  preprocessing:  histogram matching the images
  Shrink factors (level 1 out of 4): [6, 6, 6]
  Shrink factors (level 2 out of 4): [4, 4, 4]
  Shrink factors (level 3 out of 4): [2, 2, 2]
  Shrink factors (level 4 out of 4): [1, 1, 1]
  smoothing sigmas per level: [4, 2, 1, 0]
  regular sampling (percentage = 0.25)

*** Running Euler3DTransform registration ***

DIAGNOSTIC,Iteration,metricValue,convergenceValue,ITERATION_TIME_INDEX,SINCE_LAST
 2DIAGNOSTIC,     1, -7.554889917374e-01, inf, 7.4737e-01, 7.4737e-01, 
 2DIAGNOSTIC,     2, -7.590575218201e-01, inf, 7.5557e-01, 8.1921e-03, 
 2DIAGNOSTIC,     3, -7.649408578873e-01, inf, 7.6330e-01, 7.7369e-03, 
 2DIAGNOSTIC,     4, -7.743533849716e-01, inf, 7.7129e-01, 7.9901e-03, 
 2DIAGNOSTIC,     5, -7.887345552444e-01, inf, 7.7922e-01, 7.9231e-03, 
 2DIAGNOSTIC,     6, -8.099259734154e-01, inf, 7.8709e-01, 7.8769e-03, 
 2DIAGNOSTIC,     7, -8.329232931137e-01, inf, 7.9495e-01, 7.8599e-03, 
 2DIAGNOSTIC,     8, -8.442964553833e-01, inf, 8.0382e-01, 8.8639e-03, 
 2DIAGNOSTIC,     9, -8.456439971924e-01, inf, 8.1297e-01, 9.1538e-03, 
 2DIAGNOSTIC,    10, -8.471720218658e-01, 8.997518569231e-03, 8.2213e-01, 9.1560e-03, 
 2DIAGNOSTIC,    11, -8.497402667999e-01, 7.765063084662e-03, 8.3011e-01, 7.9849e-03, 
 2DIAGNOSTIC,    12, -8.524047732353e-01, 6.225027143955e-03, 8.4017e-01, 1.0063e-02, 
 2DIAGNOSTIC,    13, -8.533418774605e-01, 4.555027931929e-03, 8.4816e-01, 7.9861e-03, 
 2DIAGNOSTIC,    14, -8.537290096283e-01, 2.970664296299e-03, 8.5716e-01, 8.9960e-03, 
 2DIAGNOSTIC,    15, -8.538960814476e-01, 1.669583143666e-03, 8.6593e-01, 8.7769e-03, 
 2DIAGNOSTIC,    16, -8.539044857025e-01, 8.318922482431e-04, 8.7375e-01, 7.8132e-03, 
 2DIAGNOSTIC,    17, -8.540900349617e-01, 4.842575581279e-04, 8.8548e-01, 1.1737e-02, 
 2DIAGNOSTIC,    18, -8.540600538254e-01, 3.491262323223e-04, 8.9444e-01, 8.9531e-03, 
 2DIAGNOSTIC,    19, -8.540808558464e-01, 2.217585715698e-04, 9.0237e-01, 7.9310e-03, 
 2DIAGNOSTIC,    20, -8.541621565819e-01, 1.142576584243e-04, 9.1114e-01, 8.7709e-03, 
 2DIAGNOSTIC,    21, -8.542363047600e-01, 4.893940422335e-05, 9.1993e-01, 8.7919e-03, 
 2DIAGNOSTIC,    22, -8.543075919151e-01, 2.752160617092e-05, 9.2779e-01, 7.8590e-03, 
 2DIAGNOSTIC,    23, -8.543686866760e-01, 2.028936251008e-05, 9.3646e-01, 8.6699e-03, 
 2DIAGNOSTIC,    24, -8.543956279755e-01, 1.777439683792e-05, 9.4744e-01, 1.0984e-02, 
 2DIAGNOSTIC,    25, -8.543829917908e-01, 1.604589851922e-05, 9.5732e-01, 9.8801e-03, 
 2DIAGNOSTIC,    26, -8.543693423271e-01, 1.292788056162e-05, 9.6655e-01, 9.2320e-03, 
 2DIAGNOSTIC,    27, -8.543522357941e-01, 1.108960259444e-05, 9.7510e-01, 8.5449e-03, 
 2DIAGNOSTIC,    28, -8.543404340744e-01, 7.950266990520e-06, 9.8371e-01, 8.6100e-03, 
 2DIAGNOSTIC,    29, -8.543087840080e-01, 4.252673534211e-06, 9.9227e-01, 8.5559e-03, 
 2DIAGNOSTIC,    30, -8.543155789375e-01, 1.512691824246e-06, 1.0015e+00, 9.2199e-03, 
DIAGNOSTIC,Iteration,metricValue,convergenceValue,ITERATION_TIME_INDEX,SINCE_LAST
 2DIAGNOSTIC,     1, -6.681739091873e-01, inf, 1.8403e+00, 8.3886e-01, 
 2DIAGNOSTIC,     2, -6.695256829262e-01, inf, 1.8746e+00, 3.4284e-02, 
 2DIAGNOSTIC,     3, -6.712797880173e-01, inf, 1.9069e+00, 3.2244e-02, 
 2DIAGNOSTIC,     4, -6.732414364815e-01, inf, 1.9393e+00, 3.2455e-02, 
 2DIAGNOSTIC,     5, -6.746883392334e-01, inf, 1.9713e+00, 3.1987e-02, 
 2DIAGNOSTIC,     6, -6.752843260765e-01, inf, 2.0029e+00, 3.1578e-02, 
 2DIAGNOSTIC,     7, -6.753931045532e-01, inf, 2.0386e+00, 3.5755e-02, 
 2DIAGNOSTIC,     8, -6.754664778709e-01, inf, 2.0710e+00, 3.2373e-02, 
 2DIAGNOSTIC,     9, -6.756475567818e-01, inf, 2.1065e+00, 3.5502e-02, 
 2DIAGNOSTIC,    10, -6.760416626930e-01, 7.314963731915e-04, 2.1593e+00, 5.2773e-02, 
 2DIAGNOSTIC,    11, -6.760421991348e-01, 4.917581100017e-04, 2.1991e+00, 3.9785e-02, 
 2DIAGNOSTIC,    12, -6.760250926018e-01, 2.952000068035e-04, 2.2347e+00, 3.5650e-02, 
 2DIAGNOSTIC,    13, -6.760282516479e-01, 1.587618171470e-04, 2.2667e+00, 3.2008e-02, 
 2DIAGNOSTIC,    14, -6.760571599007e-01, 8.647661888972e-05, 2.3160e+00, 4.9311e-02, 
 2DIAGNOSTIC,    15, -6.760625243187e-01, 5.632884131046e-05, 2.3518e+00, 3.5788e-02, 
 2DIAGNOSTIC,    16, -6.760578155518e-01, 4.054966848344e-05, 2.3875e+00, 3.5712e-02, 
 2DIAGNOSTIC,    17, -6.760571002960e-01, 2.594502257125e-05, 2.4274e+00, 3.9867e-02, 
 2DIAGNOSTIC,    18, -6.760549545288e-01, 1.239914945472e-05, 2.4583e+00, 3.0894e-02, 
 2DIAGNOSTIC,    19, -6.760554909706e-01, 3.055113893424e-06, 2.4939e+00, 3.5587e-02, 
 2DIAGNOSTIC,    20, -6.760514378548e-01, 2.725302920226e-06, 2.5303e+00, 3.6409e-02, 
 2DIAGNOSTIC,    21, -6.760511994362e-01, 2.350569275222e-06, 2.5667e+00, 3.6380e-02, 
 2DIAGNOSTIC,    22, -6.760518550873e-01, 1.623981802368e-06, 2.6022e+00, 3.5479e-02, 
DIAGNOSTIC,Iteration,metricValue,convergenceValue,ITERATION_TIME_INDEX,SINCE_LAST
 2DIAGNOSTIC,     1, -6.046707034111e-01, inf, 3.7646e+00, 1.1624e+00, 
 2DIAGNOSTIC,     2, -6.047897338867e-01, inf, 3.9930e+00, 2.2843e-01, 
 2DIAGNOSTIC,     3, -6.049063205719e-01, inf, 4.2177e+00, 2.2467e-01, 
 2DIAGNOSTIC,     4, -6.050213575363e-01, inf, 4.4400e+00, 2.2230e-01, 
 2DIAGNOSTIC,     5, -6.051211357117e-01, inf, 4.6677e+00, 2.2769e-01, 
 2DIAGNOSTIC,     6, -6.053454875946e-01, inf, 5.0544e+00, 3.8672e-01, 
 2DIAGNOSTIC,     7, -6.053969264030e-01, inf, 5.3583e+00, 3.0385e-01, 
 2DIAGNOSTIC,     8, -6.053982973099e-01, inf, 5.5939e+00, 2.3565e-01, 
 2DIAGNOSTIC,     9, -6.054033637047e-01, inf, 5.8249e+00, 2.3096e-01, 
 2DIAGNOSTIC,    10, -6.054186224937e-01, 8.968306792667e-05, 6.0518e+00, 2.2688e-01, 
 2DIAGNOSTIC,    11, -6.054568290710e-01, 6.781842967030e-05, 6.2781e+00, 2.2631e-01, 
 2DIAGNOSTIC,    12, -6.055257916451e-01, 5.102225986775e-05, 6.4997e+00, 2.2164e-01, 
 2DIAGNOSTIC,    13, -6.056337356567e-01, 4.055635508848e-05, 6.7213e+00, 2.2163e-01, 
 2DIAGNOSTIC,    14, -6.057050228119e-01, 3.433743768255e-05, 7.0724e+00, 3.5109e-01, 
 2DIAGNOSTIC,    15, -6.057988405228e-01, 3.189832568751e-05, 7.3931e+00, 3.2067e-01, 
 2DIAGNOSTIC,    16, -6.058120727539e-01, 3.393509541638e-05, 7.6211e+00, 2.2801e-01, 
 2DIAGNOSTIC,    17, -6.058405637741e-01, 3.501152241370e-05, 7.8807e+00, 2.5960e-01, 
 2DIAGNOSTIC,    18, -6.058364510536e-01, 3.281428507762e-05, 8.2003e+00, 3.1958e-01, 
 2DIAGNOSTIC,    19, -6.058380007744e-01, 2.813175342453e-05, 8.4608e+00, 2.6051e-01, 
 2DIAGNOSTIC,    20, -6.058376431465e-01, 2.180839874200e-05, 8.7197e+00, 2.5895e-01, 
 2DIAGNOSTIC,    21, -6.058367490768e-01, 1.503315888840e-05, 8.9781e+00, 2.5835e-01, 
 2DIAGNOSTIC,    22, -6.058365106583e-01, 9.053416761162e-06, 9.2684e+00, 2.9033e-01, 
 2DIAGNOSTIC,    23, -6.058369278908e-01, 5.078410140413e-06, 9.5265e+00, 2.5810e-01, 
 2DIAGNOSTIC,    24, -6.058365702629e-01, 2.434544057905e-06, 9.7856e+00, 2.5906e-01, 
 2DIAGNOSTIC,    25, -6.058358550072e-01, 1.644537519496e-06, 1.0076e+01, 2.9039e-01, 
 2DIAGNOSTIC,    26, -6.058360338211e-01, 1.108030346586e-06, 1.0506e+01, 4.2985e-01, 
 2DIAGNOSTIC,    27, -6.058361530304e-01, 1.121589889408e-06, 1.0766e+01, 2.5970e-01, 
 2DIAGNOSTIC,    28, -6.058360338211e-01, 1.067274070010e-06, 1.1024e+01, 2.5841e-01, 
 2DIAGNOSTIC,    29, -6.058358550072e-01, 1.045610133588e-06, 1.1314e+01, 2.9008e-01, 
 2DIAGNOSTIC,    30, -6.058357357979e-01, 1.023577169690e-06, 1.1574e+01, 2.5993e-01, 
DIAGNOSTIC,Iteration,metricValue,convergenceValue,ITERATION_TIME_INDEX,SINCE_LAST
 2DIAGNOSTIC,     1, -5.532943606377e-01, inf, 1.4330e+01, 2.7565e+00, 
  Elapsed time (stage 0): 1.5471e+01


Stage 1
  iterations = 1000x500x250x0
  convergence threshold = 1.0000e-06
  convergence window size = 10
  number of levels = 4
  using the Mattes MI metric (number of bins = 32, weight = 1.0000e+00)
  preprocessing:  winsorizing the image intensities
  preprocessing:  histogram matching the images
  Shrink factors (level 1 out of 4): [6, 6, 6]
  Shrink factors (level 2 out of 4): [4, 4, 4]
  Shrink factors (level 3 out of 4): [2, 2, 2]
  Shrink factors (level 4 out of 4): [1, 1, 1]
  smoothing sigmas per level: [4, 2, 1, 0]
  regular sampling (percentage = 2.5000e-01)

*** Running AffineTransform registration ***

DIAGNOSTIC,Iteration,metricValue,convergenceValue,ITERATION_TIME_INDEX,SINCE_LAST
 2DIAGNOSTIC,     1, -8.461508750916e-01, inf, 7.8334e-01, 7.8334e-01, 
 2DIAGNOSTIC,     2, -8.479138612747e-01, inf, 7.9260e-01, 9.2640e-03, 
 2DIAGNOSTIC,     3, -8.508262634277e-01, inf, 8.0178e-01, 9.1770e-03, 
 2DIAGNOSTIC,     4, -8.553583621979e-01, inf, 8.1138e-01, 9.5961e-03, 
 2DIAGNOSTIC,     5, -8.625095486641e-01, inf, 8.2047e-01, 9.0919e-03, 
 2DIAGNOSTIC,     6, -8.736491203308e-01, inf, 8.2961e-01, 9.1369e-03, 
 2DIAGNOSTIC,     7, -8.912557959557e-01, inf, 8.3919e-01, 9.5789e-03, 
 2DIAGNOSTIC,     8, -9.175004959106e-01, inf, 8.4966e-01, 1.0473e-02, 
 2DIAGNOSTIC,     9, -9.309884905815e-01, inf, 8.6668e-01, 1.7018e-02, 
 2DIAGNOSTIC,    10, -9.309493303299e-01, 7.192606572062e-03, 8.7621e-01, 9.5329e-03, 
 2DIAGNOSTIC,    11, -9.310240745544e-01, 6.855306681246e-03, 8.8679e-01, 1.0585e-02, 
 2DIAGNOSTIC,    12, -9.310669898987e-01, 6.009653676301e-03, 8.9699e-01, 1.0192e-02, 
 2DIAGNOSTIC,    13, -9.311158061028e-01, 4.821519833058e-03, 9.0711e-01, 1.0124e-02, 
 2DIAGNOSTIC,    14, -9.310153722763e-01, 3.471662988886e-03, 9.1717e-01, 1.0057e-02, 
 2DIAGNOSTIC,    15, -9.309664964676e-01, 2.148376544937e-03, 9.2729e-01, 1.0125e-02, 
 2DIAGNOSTIC,    16, -9.310117363930e-01, 1.021391130053e-03, 9.3926e-01, 1.1963e-02, 
 2DIAGNOSTIC,    17, -9.309996366501e-01, 2.529674966354e-04, 9.4832e-01, 9.0640e-03, 
DIAGNOSTIC,Iteration,metricValue,convergenceValue,ITERATION_TIME_INDEX,SINCE_LAST
 2DIAGNOSTIC,     1, -7.456587553024e-01, inf, 1.8297e+00, 8.8143e-01, 
 2DIAGNOSTIC,     2, -7.466975450516e-01, inf, 1.8660e+00, 3.6214e-02, 
 2DIAGNOSTIC,     3, -7.477483749390e-01, inf, 1.9005e+00, 3.4557e-02, 
 2DIAGNOSTIC,     4, -7.487655282021e-01, inf, 1.9355e+00, 3.4931e-02, 
 2DIAGNOSTIC,     5, -7.498631477356e-01, inf, 1.9701e+00, 3.4631e-02, 
 2DIAGNOSTIC,     6, -7.509866952896e-01, inf, 2.0096e+00, 3.9566e-02, 
 2DIAGNOSTIC,     7, -7.525268793106e-01, inf, 2.0728e+00, 6.3144e-02, 
 2DIAGNOSTIC,     8, -7.525012493134e-01, inf, 2.1075e+00, 3.4706e-02, 
 2DIAGNOSTIC,     9, -7.525510787964e-01, inf, 2.1423e+00, 3.4817e-02, 
 2DIAGNOSTIC,    10, -7.526567578316e-01, 6.621856009588e-04, 2.1772e+00, 3.4848e-02, 
 2DIAGNOSTIC,    11, -7.527958154678e-01, 5.032910848968e-04, 2.2129e+00, 3.5711e-02, 
 2DIAGNOSTIC,    12, -7.529770731926e-01, 3.635948523879e-04, 2.2480e+00, 3.5165e-02, 
 2DIAGNOSTIC,    13, -7.532437443733e-01, 2.510949270800e-04, 2.2830e+00, 3.4986e-02, 
 2DIAGNOSTIC,    14, -7.535676360130e-01, 1.684678427409e-04, 2.3180e+00, 3.4988e-02, 
 2DIAGNOSTIC,    15, -7.537272572517e-01, 1.129445590777e-04, 2.3741e+00, 5.6048e-02, 
 2DIAGNOSTIC,    16, -7.540241479874e-01, 8.678175072419e-05, 2.4327e+00, 5.8636e-02, 
 2DIAGNOSTIC,    17, -7.540496587753e-01, 9.067531937035e-05, 2.4691e+00, 3.6444e-02, 
 2DIAGNOSTIC,    18, -7.540690302849e-01, 8.582596638007e-05, 2.5136e+00, 4.4504e-02, 
 2DIAGNOSTIC,    19, -7.540870904922e-01, 7.503457163693e-05, 2.5588e+00, 4.5125e-02, 
 2DIAGNOSTIC,    20, -7.540845274925e-01, 6.041478991392e-05, 2.5982e+00, 3.9446e-02, 
 2DIAGNOSTIC,    21, -7.540686130524e-01, 4.389678360894e-05, 2.6424e+00, 4.4215e-02, 
 2DIAGNOSTIC,    22, -7.540711164474e-01, 2.804987525451e-05, 2.6826e+00, 4.0179e-02, 
 2DIAGNOSTIC,    23, -7.540599703789e-01, 1.523971877759e-05, 2.7169e+00, 3.4279e-02, 
 2DIAGNOSTIC,    24, -7.540573477745e-01, 7.245549113577e-06, 2.7560e+00, 3.9115e-02, 
 2DIAGNOSTIC,    25, -7.540678977966e-01, 1.789500061022e-06, 2.7906e+00, 3.4599e-02, 
 2DIAGNOSTIC,    26, -7.540722489357e-01, 1.076106173059e-06, 2.8254e+00, 3.4751e-02, 
 2DIAGNOSTIC,    27, -7.540913820267e-01, 1.049339175552e-06, 2.8602e+00, 3.4840e-02, 
 2DIAGNOSTIC,    28, -7.540985941887e-01, 1.382758000545e-06, 2.8938e+00, 3.3617e-02, 
 2DIAGNOSTIC,    29, -7.541373968124e-01, 2.411416062387e-06, 2.9279e+00, 3.4088e-02, 
 2DIAGNOSTIC,    30, -7.541806101799e-01, 3.751540134544e-06, 2.9618e+00, 3.3875e-02, 
 2DIAGNOSTIC,    31, -7.542815208435e-01, 5.772573786089e-06, 2.9957e+00, 3.3914e-02, 
 2DIAGNOSTIC,    32, -7.543885707855e-01, 8.490769687342e-06, 3.0296e+00, 3.3913e-02, 
 2DIAGNOSTIC,    33, -7.545359730721e-01, 1.187803900393e-05, 3.0680e+00, 3.8367e-02, 
 2DIAGNOSTIC,    34, -7.546637058258e-01, 1.539588265587e-05, 3.1297e+00, 6.1725e-02, 
 2DIAGNOSTIC,    35, -7.547032237053e-01, 1.786592838471e-05, 3.1818e+00, 5.2077e-02, 
 2DIAGNOSTIC,    36, -7.547016143799e-01, 1.862238968897e-05, 3.2199e+00, 3.8161e-02, 
 2DIAGNOSTIC,    37, -7.546976804733e-01, 1.781346509233e-05, 3.2537e+00, 3.3768e-02, 
 2DIAGNOSTIC,    38, -7.546948790550e-01, 1.546093881188e-05, 3.2921e+00, 3.8401e-02, 
 2DIAGNOSTIC,    39, -7.546976804733e-01, 1.222752598551e-05, 3.3318e+00, 3.9690e-02, 
 2DIAGNOSTIC,    40, -7.546870708466e-01, 8.370741852559e-06, 3.3702e+00, 3.8409e-02, 
 2DIAGNOSTIC,    41, -7.546908259392e-01, 4.952101335221e-06, 3.4039e+00, 3.3668e-02, 
 2DIAGNOSTIC,    42, -7.546890377998e-01, 2.224411673524e-06, 3.4419e+00, 3.8030e-02, 
DIAGNOSTIC,Iteration,metricValue,convergenceValue,ITERATION_TIME_INDEX,SINCE_LAST
 2DIAGNOSTIC,     1, -6.728773117065e-01, inf, 4.6047e+00, 1.1628e+00, 
 2DIAGNOSTIC,     2, -6.731882691383e-01, inf, 4.8509e+00, 2.4626e-01, 
 2DIAGNOSTIC,     3, -6.733477711678e-01, inf, 5.0954e+00, 2.4452e-01, 
 2DIAGNOSTIC,     4, -6.734183430672e-01, inf, 5.3715e+00, 2.7606e-01, 
 2DIAGNOSTIC,     5, -6.734358668327e-01, inf, 5.6839e+00, 3.1243e-01, 
 2DIAGNOSTIC,     6, -6.734431982040e-01, inf, 6.0283e+00, 3.4438e-01, 
 2DIAGNOSTIC,     7, -6.734451651573e-01, inf, 6.3407e+00, 3.1239e-01, 
 2DIAGNOSTIC,     8, -6.734454035759e-01, inf, 6.6539e+00, 3.1326e-01, 
 2DIAGNOSTIC,     9, -6.734439134598e-01, inf, 7.0282e+00, 3.7428e-01, 
 2DIAGNOSTIC,    10, -6.734429597855e-01, 3.995565566584e-05, 7.3318e+00, 3.0360e-01, 
 2DIAGNOSTIC,    11, -6.734426617622e-01, 1.671622339927e-05, 7.6082e+00, 2.7638e-01, 
 2DIAGNOSTIC,    12, -6.734426617622e-01, 6.924219178472e-06, 7.9213e+00, 3.1308e-01, 
 2DIAGNOSTIC,    13, -6.734429597855e-01, 3.385474428796e-06, 8.2332e+00, 3.1187e-01, 
 2DIAGNOSTIC,    14, -6.734414100647e-01, 2.336872512387e-06, 8.5149e+00, 2.8173e-01, 
 2DIAGNOSTIC,    15, -6.734405159950e-01, 1.886980612653e-06, 8.7988e+00, 2.8387e-01, 
 2DIAGNOSTIC,    16, -6.734408736229e-01, 1.716087808745e-06, 9.0794e+00, 2.8065e-01, 
 2DIAGNOSTIC,    17, -6.734409928322e-01, 1.640003688408e-06, 9.3611e+00, 2.8168e-01, 
 2DIAGNOSTIC,    18, -6.734411120415e-01, 1.602445649951e-06, 9.6420e+00, 2.8094e-01, 
 2DIAGNOSTIC,    19, -6.734408736229e-01, 1.546969883748e-06, 9.9244e+00, 2.8238e-01, 
 2DIAGNOSTIC,    20, -6.734407544136e-01, 1.487146619183e-06, 1.0270e+01, 3.4511e-01, 
 2DIAGNOSTIC,    21, -6.734407544136e-01, 1.436220827600e-06, 1.0564e+01, 2.9489e-01, 
 2DIAGNOSTIC,    22, -6.734406352043e-01, 1.394002879351e-06, 1.0844e+01, 2.7952e-01, 
 2DIAGNOSTIC,    23, -6.734406352043e-01, 1.366512492496e-06, 1.1123e+01, 2.7927e-01, 
 2DIAGNOSTIC,    24, -6.734405755997e-01, 1.315175836680e-06, 1.1407e+01, 2.8384e-01, 
 2DIAGNOSTIC,    25, -6.734407544136e-01, 1.256768541680e-06, 1.1687e+01, 2.7949e-01, 
 2DIAGNOSTIC,    26, -6.734406352043e-01, 1.208025537380e-06, 1.1966e+01, 2.7915e-01, 
 2DIAGNOSTIC,    27, -6.734406352043e-01, 1.166190827462e-06, 1.2246e+01, 2.8067e-01, 
 2DIAGNOSTIC,    28, -6.734406352043e-01, 1.130388341153e-06, 1.2528e+01, 2.8132e-01, 
 2DIAGNOSTIC,    29, -6.734406948090e-01, 1.094992285289e-06, 1.2815e+01, 2.8727e-01, 
 2DIAGNOSTIC,    30, -6.734405159950e-01, 1.057871031662e-06, 1.3139e+01, 3.2429e-01, 
 2DIAGNOSTIC,    31, -6.734405755997e-01, 1.024324546961e-06, 1.3423e+01, 2.8344e-01, 
DIAGNOSTIC,Iteration,metricValue,convergenceValue,ITERATION_TIME_INDEX,SINCE_LAST
 2DIAGNOSTIC,     1, -6.107654571533e-01, inf, 1.6145e+01, 2.7225e+00, 
  Elapsed time (stage 1): 1.7268e+01


Stage 2
  iterations = 100x100x70x20
  convergence threshold = 1.0000e-09
  convergence window size = 10
  number of levels = 4
  using the CC metric (radius = 4, weight = 1.0000e+00)
  preprocessing:  winsorizing the image intensities
  preprocessing:  histogram matching the images
  Shrink factors (level 1 out of 4): [6, 6, 6]
  Shrink factors (level 2 out of 4): [4, 4, 4]
  Shrink factors (level 3 out of 4): [2, 2, 2]
  Shrink factors (level 4 out of 4): [1, 1, 1]
  smoothing sigmas per level: [3, 2, 1, 0]
  Using default NONE metricSamplingStrategy 

*** Running SyN registration (varianceForUpdateField = 3.0000e+00, varianceForTotalField = 0.0000e+00) ***

XXDIAGNOSTIC,Iteration,metricValue,convergenceValue,ITERATION_TIME_INDEX,SINCE_LAST
 1DIAGNOSTIC,     1, -8.310924172401e-01, inf, 1.4631e+00, 1.4631e+00, 
 1DIAGNOSTIC,     2, -8.463228940964e-01, inf, 2.2374e+00, 7.7431e-01, 
 1DIAGNOSTIC,     3, -8.614480495453e-01, inf, 2.9913e+00, 7.5392e-01, 
 1DIAGNOSTIC,     4, -8.731752634048e-01, inf, 3.7491e+00, 7.5777e-01, 
 1DIAGNOSTIC,     5, -8.839383125305e-01, inf, 4.5189e+00, 7.6981e-01, 
 1DIAGNOSTIC,     6, -8.921068310738e-01, inf, 5.2930e+00, 7.7406e-01, 
 1DIAGNOSTIC,     7, -8.988698124886e-01, inf, 6.0878e+00, 7.9480e-01, 
 1DIAGNOSTIC,     8, -9.046845436096e-01, inf, 6.8621e+00, 7.7439e-01, 
 1DIAGNOSTIC,     9, -9.100952148438e-01, inf, 7.6298e+00, 7.6768e-01, 
 1DIAGNOSTIC,    10, -9.147439002991e-01, 5.904514342546e-03, 8.4017e+00, 7.7188e-01, 
 1DIAGNOSTIC,    11, -9.189650416374e-01, 4.554927349091e-03, 9.1790e+00, 7.7727e-01, 
 1DIAGNOSTIC,    12, -9.227938055992e-01, 3.531506517902e-03, 9.9759e+00, 7.9688e-01, 
 1DIAGNOSTIC,    13, -9.263057112694e-01, 2.805125666782e-03, 1.0769e+01, 7.9356e-01, 
 1DIAGNOSTIC,    14, -9.295207262039e-01, 2.266419818625e-03, 1.1555e+01, 7.8587e-01, 
 1DIAGNOSTIC,    15, -9.324032068253e-01, 1.880757045001e-03, 1.2308e+01, 7.5321e-01, 
 1DIAGNOSTIC,    16, -9.350699186325e-01, 1.584672369063e-03, 1.3079e+01, 7.7024e-01, 
 1DIAGNOSTIC,    17, -9.375078678131e-01, 1.347886165604e-03, 1.3827e+01, 7.4849e-01, 
 1DIAGNOSTIC,    18, -9.397008419037e-01, 1.152325188741e-03, 1.4569e+01, 7.4129e-01, 
 1DIAGNOSTIC,    19, -9.416789412498e-01, 9.922776371241e-04, 1.5350e+01, 7.8104e-01, 
 1DIAGNOSTIC,    20, -9.432883262634e-01, 8.537106914446e-04, 1.6128e+01, 7.7832e-01, 
 1DIAGNOSTIC,    21, -9.447215199471e-01, 7.327630301006e-04, 1.6893e+01, 7.6497e-01, 
 1DIAGNOSTIC,    22, -9.459337592125e-01, 6.256481283344e-04, 1.7669e+01, 7.7591e-01, 
 1DIAGNOSTIC,    23, -9.469645023346e-01, 5.306084058248e-04, 1.8456e+01, 7.8763e-01, 
 1DIAGNOSTIC,    24, -9.478445053101e-01, 4.466606478672e-04, 1.9206e+01, 7.4940e-01, 
 1DIAGNOSTIC,    25, -9.486070871353e-01, 3.726389259100e-04, 1.9976e+01, 7.7004e-01, 
 1DIAGNOSTIC,    26, -9.492706060410e-01, 3.088697849307e-04, 2.0762e+01, 7.8624e-01, 
 1DIAGNOSTIC,    27, -9.498496055603e-01, 2.552175137680e-04, 2.1536e+01, 7.7384e-01, 
 1DIAGNOSTIC,    28, -9.503593444824e-01, 2.110620553140e-04, 2.2303e+01, 7.6729e-01, 
 1DIAGNOSTIC,    29, -9.508117437363e-01, 1.758511061780e-04, 2.3065e+01, 7.6195e-01, 
 1DIAGNOSTIC,    30, -9.512135386467e-01, 1.469833659939e-04, 2.3845e+01, 7.7985e-01, 
 1DIAGNOSTIC,    31, -9.515715837479e-01, 1.238343829755e-04, 2.4636e+01, 7.9109e-01, 
 1DIAGNOSTIC,    32, -9.518957138062e-01, 1.051588624250e-04, 2.5433e+01, 7.9699e-01, 
 1DIAGNOSTIC,    33, -9.523192048073e-01, 9.118814341491e-05, 2.6209e+01, 7.7607e-01, 
 1DIAGNOSTIC,    34, -9.526913166046e-01, 8.066589361988e-05, 2.6993e+01, 7.8398e-01, 
 1DIAGNOSTIC,    35, -9.528843164444e-01, 7.145883137127e-05, 2.7765e+01, 7.7140e-01, 
 1DIAGNOSTIC,    36, -9.530558586121e-01, 6.314329948509e-05, 2.8512e+01, 7.4705e-01, 
 1DIAGNOSTIC,    37, -9.532290101051e-01, 5.554175368161e-05, 2.9292e+01, 7.8006e-01, 
 1DIAGNOSTIC,    38, -9.533789753914e-01, 4.837317828787e-05, 3.0068e+01, 7.7613e-01, 
 1DIAGNOSTIC,    39, -9.535330533981e-01, 4.173996421741e-05, 3.0831e+01, 7.6339e-01, 
 1DIAGNOSTIC,    40, -9.536694884300e-01, 3.563098653103e-05, 3.1610e+01, 7.7867e-01, 
 1DIAGNOSTIC,    41, -9.538024067879e-01, 3.015385664185e-05, 3.2383e+01, 7.7359e-01, 
 1DIAGNOSTIC,    42, -9.539247751236e-01, 2.533064252930e-05, 3.3162e+01, 7.7890e-01, 
 1DIAGNOSTIC,    43, -9.540380239487e-01, 2.214082451246e-05, 3.3957e+01, 7.9434e-01, 
 1DIAGNOSTIC,    44, -9.541487097740e-01, 2.037836020463e-05, 3.4733e+01, 7.7630e-01, 
 1DIAGNOSTIC,    45, -9.542507529259e-01, 1.879464070953e-05, 3.5518e+01, 7.8484e-01, 
 1DIAGNOSTIC,    46, -9.543448686600e-01, 1.728993629513e-05, 3.6295e+01, 7.7733e-01, 
 1DIAGNOSTIC,    47, -9.544295668602e-01, 1.591719410499e-05, 3.7081e+01, 7.8546e-01, 
 1DIAGNOSTIC,    48, -9.545146822929e-01, 1.461793090130e-05, 3.7846e+01, 7.6530e-01, 
 1DIAGNOSTIC,    49, -9.545953869820e-01, 1.347857232759e-05, 3.8641e+01, 7.9472e-01, 
 1DIAGNOSTIC,    50, -9.546694755554e-01, 1.242155758518e-05, 3.9406e+01, 7.6510e-01, 
 1DIAGNOSTIC,    51, -9.547414779663e-01, 1.148639785242e-05, 4.0183e+01, 7.7719e-01, 
 1DIAGNOSTIC,    52, -9.548084735870e-01, 1.064185926225e-05, 4.0962e+01, 7.7956e-01, 
 1DIAGNOSTIC,    53, -9.548742771149e-01, 9.882358426694e-06, 4.1739e+01, 7.7670e-01, 
 1DIAGNOSTIC,    54, -9.549366235733e-01, 9.222630069416e-06, 4.2512e+01, 7.7299e-01, 
 1DIAGNOSTIC,    55, -9.549950361252e-01, 8.634523510409e-06, 4.3292e+01, 7.8013e-01, 
 1DIAGNOSTIC,    56, -9.550536274910e-01, 8.113980584312e-06, 4.4041e+01, 7.4874e-01, 
 1DIAGNOSTIC,    57, -9.551107287407e-01, 7.633221684955e-06, 4.4828e+01, 7.8707e-01, 
 1DIAGNOSTIC,    58, -9.551573395729e-01, 7.169958735176e-06, 4.5604e+01, 7.7579e-01, 
 1DIAGNOSTIC,    59, -9.552037715912e-01, 6.733622740285e-06, 4.6379e+01, 7.7561e-01, 
 1DIAGNOSTIC,    60, -9.552450776100e-01, 6.293127171375e-06, 4.7148e+01, 7.6873e-01, 
 1DIAGNOSTIC,    61, -9.552926421165e-01, 5.901096301386e-06, 4.7940e+01, 7.9152e-01, 
 1DIAGNOSTIC,    62, -9.553307890892e-01, 5.511039944395e-06, 4.8735e+01, 7.9485e-01, 
 1DIAGNOSTIC,    63, -9.553746581078e-01, 5.175250407774e-06, 4.9524e+01, 7.8982e-01, 
 1DIAGNOSTIC,    64, -9.554110765457e-01, 4.863179583481e-06, 5.0298e+01, 7.7383e-01, 
 1DIAGNOSTIC,    65, -9.554524421692e-01, 4.600546617439e-06, 5.1079e+01, 7.8060e-01, 
 1DIAGNOSTIC,    66, -9.554902315140e-01, 4.386187811178e-06, 5.1877e+01, 7.9802e-01, 
 1DIAGNOSTIC,    67, -9.555210471153e-01, 4.195173460175e-06, 5.2675e+01, 7.9789e-01, 
 1DIAGNOSTIC,    68, -9.555560350418e-01, 4.011450982944e-06, 5.3449e+01, 7.7407e-01, 
 1DIAGNOSTIC,    69, -9.555896520615e-01, 3.839098098979e-06, 5.4242e+01, 7.9304e-01, 
 1DIAGNOSTIC,    70, -9.556224346161e-01, 3.661646132969e-06, 5.5041e+01, 7.9939e-01, 
 1DIAGNOSTIC,    71, -9.556539058685e-01, 3.513647470754e-06, 5.5823e+01, 7.8176e-01, 
 1DIAGNOSTIC,    72, -9.556803703308e-01, 3.342313675603e-06, 5.6590e+01, 7.6692e-01, 
 1DIAGNOSTIC,    73, -9.557098150253e-01, 3.197578053005e-06, 5.7374e+01, 7.8367e-01, 
 1DIAGNOSTIC,    74, -9.557342529297e-01, 3.035116606043e-06, 5.8157e+01, 7.8373e-01, 
 1DIAGNOSTIC,    75, -9.557595252991e-01, 2.891210442613e-06, 5.8945e+01, 7.8739e-01, 
 1DIAGNOSTIC,    76, -9.557884931564e-01, 2.776451083264e-06, 5.9715e+01, 7.7027e-01, 
 1DIAGNOSTIC,    77, -9.558139443398e-01, 2.654933950907e-06, 6.0502e+01, 7.8660e-01, 
 1DIAGNOSTIC,    78, -9.558336734772e-01, 2.529721996325e-06, 6.1274e+01, 7.7256e-01, 
 1DIAGNOSTIC,    79, -9.558548927307e-01, 2.410848082945e-06, 6.2021e+01, 7.4720e-01, 
 1DIAGNOSTIC,    80, -9.558777809143e-01, 2.308986722710e-06, 6.2803e+01, 7.8192e-01, 
 1DIAGNOSTIC,    81, -9.559000730515e-01, 2.222993998657e-06, 6.3626e+01, 8.2313e-01, 
 1DIAGNOSTIC,    82, -9.559202790260e-01, 2.131694145646e-06, 6.4413e+01, 7.8662e-01, 
 1DIAGNOSTIC,    83, -9.559285044670e-01, 2.010196112678e-06, 6.5233e+01, 8.2020e-01, 
 1DIAGNOSTIC,    84, -9.559503793716e-01, 1.900772531371e-06, 6.6006e+01, 7.7246e-01, 
 1DIAGNOSTIC,    85, -9.559669494629e-01, 1.792384523469e-06, 6.6801e+01, 7.9548e-01, 
 1DIAGNOSTIC,    86, -9.559856057167e-01, 1.714204131531e-06, 6.7591e+01, 7.9000e-01, 
 1DIAGNOSTIC,    87, -9.560035467148e-01, 1.657387429077e-06, 6.8375e+01, 7.8347e-01, 
 1DIAGNOSTIC,    88, -9.560187458992e-01, 1.596073275323e-06, 6.9166e+01, 7.9134e-01, 
 1DIAGNOSTIC,    89, -9.560341238976e-01, 1.539639015391e-06, 6.9942e+01, 7.7558e-01, 
 1DIAGNOSTIC,    90, -9.560492038727e-01, 1.495462811363e-06, 7.0719e+01, 7.7738e-01, 
 1DIAGNOSTIC,    91, -9.560650587082e-01, 1.466626372348e-06, 7.1489e+01, 7.7019e-01, 
 1DIAGNOSTIC,    92, -9.560800790787e-01, 1.445596694793e-06, 7.2245e+01, 7.5611e-01, 
 1DIAGNOSTIC,    93, -9.560954570770e-01, 1.393847583131e-06, 7.3043e+01, 7.9828e-01, 
 1DIAGNOSTIC,    94, -9.561092853546e-01, 1.355138806503e-06, 7.3795e+01, 7.5112e-01, 
 1DIAGNOSTIC,    95, -9.561228752136e-01, 1.313540792580e-06, 7.4554e+01, 7.5947e-01, 
 1DIAGNOSTIC,    96, -9.561405181885e-01, 1.290942350352e-06, 7.5330e+01, 7.7617e-01, 
 1DIAGNOSTIC,    97, -9.561518430710e-01, 1.265596893063e-06, 7.6121e+01, 7.9028e-01, 
 1DIAGNOSTIC,    98, -9.561619162560e-01, 1.227192342412e-06, 7.6903e+01, 7.8248e-01, 
 1DIAGNOSTIC,    99, -9.561777114868e-01, 1.196682319460e-06, 7.7702e+01, 7.9918e-01, 
 1DIAGNOSTIC,   100, -9.561899304390e-01, 1.162970079349e-06, 7.8492e+01, 7.8974e-01, 
XXDIAGNOSTIC,Iteration,metricValue,convergenceValue,ITERATION_TIME_INDEX,SINCE_LAST
 1DIAGNOSTIC,     1, -9.081330299377e-01, inf, 8.1737e+01, 3.2451e+00, 
 1DIAGNOSTIC,     2, -9.093668460846e-01, inf, 8.4261e+01, 2.5237e+00, 
 1DIAGNOSTIC,     3, -9.113321900368e-01, inf, 8.6761e+01, 2.5005e+00, 
 1DIAGNOSTIC,     4, -9.132238626480e-01, inf, 8.9346e+01, 2.5851e+00, 
 1DIAGNOSTIC,     5, -9.149190783501e-01, inf, 9.1840e+01, 2.4937e+00, 
 1DIAGNOSTIC,     6, -9.164192676544e-01, inf, 9.4328e+01, 2.4884e+00, 
 1DIAGNOSTIC,     7, -9.176315069199e-01, inf, 9.6819e+01, 2.4910e+00, 
 1DIAGNOSTIC,     8, -9.186857938766e-01, inf, 9.9332e+01, 2.5129e+00, 
 1DIAGNOSTIC,     9, -9.196082949638e-01, inf, 1.0181e+02, 2.4825e+00, 
 1DIAGNOSTIC,    10, -9.203242659569e-01, 8.917793165892e-04, 1.0430e+02, 2.4842e+00, 
 1DIAGNOSTIC,    11, -9.209590554237e-01, 7.335305563174e-04, 1.0680e+02, 2.5055e+00, 
 1DIAGNOSTIC,    12, -9.215089678764e-01, 5.816271877848e-04, 1.0940e+02, 2.5976e+00, 
 1DIAGNOSTIC,    13, -9.219841957092e-01, 4.584222624544e-04, 1.1191e+02, 2.5071e+00, 
 1DIAGNOSTIC,    14, -9.224172234535e-01, 3.623242955655e-04, 1.1443e+02, 2.5179e+00, 
 1DIAGNOSTIC,    15, -9.227950572968e-01, 2.885141293518e-04, 1.1691e+02, 2.4861e+00, 
 1DIAGNOSTIC,    16, -9.231423139572e-01, 2.330932184123e-04, 1.1941e+02, 2.4988e+00, 
 1DIAGNOSTIC,    17, -9.234488010406e-01, 1.902671356220e-04, 1.2194e+02, 2.5312e+00, 
 1DIAGNOSTIC,    18, -9.237177371979e-01, 1.572750479681e-04, 1.2444e+02, 2.5008e+00, 
 1DIAGNOSTIC,    19, -9.239690899849e-01, 1.322752359556e-04, 1.2696e+02, 2.5113e+00, 
 1DIAGNOSTIC,    20, -9.241895079613e-01, 1.119505614042e-04, 1.2952e+02, 2.5670e+00, 
 1DIAGNOSTIC,    21, -9.243912696838e-01, 9.545989450999e-05, 1.3203e+02, 2.5038e+00, 
 1DIAGNOSTIC,    22, -9.245724678040e-01, 8.185728074750e-05, 1.3454e+02, 2.5130e+00, 
 1DIAGNOSTIC,    23, -9.247406125069e-01, 7.045990787446e-05, 1.3704e+02, 2.5037e+00, 
 1DIAGNOSTIC,    24, -9.248918294907e-01, 6.097442019382e-05, 1.3956e+02, 2.5137e+00, 
 1DIAGNOSTIC,    25, -9.250454902649e-01, 5.313720976119e-05, 1.4209e+02, 2.5360e+00, 
 1DIAGNOSTIC,    26, -9.251665472984e-01, 4.651859126170e-05, 1.4462e+02, 2.5225e+00, 
 1DIAGNOSTIC,    27, -9.252886176109e-01, 4.097502096556e-05, 1.4715e+02, 2.5343e+00, 
 1DIAGNOSTIC,    28, -9.254001379013e-01, 3.621781797847e-05, 1.4967e+02, 2.5177e+00, 
 1DIAGNOSTIC,    29, -9.255060553551e-01, 3.223345265724e-05, 1.5219e+02, 2.5192e+00, 
 1DIAGNOSTIC,    30, -9.256048202515e-01, 2.881329601223e-05, 1.5467e+02, 2.4841e+00, 
 1DIAGNOSTIC,    31, -9.256954193115e-01, 2.586361188150e-05, 1.5720e+02, 2.5324e+00, 
 1DIAGNOSTIC,    32, -9.257843494415e-01, 2.332071198907e-05, 1.5971e+02, 2.5084e+00, 
 1DIAGNOSTIC,    33, -9.258666634560e-01, 2.112785841746e-05, 1.6223e+02, 2.5197e+00, 
 1DIAGNOSTIC,    34, -9.259455800056e-01, 1.920815884660e-05, 1.6481e+02, 2.5783e+00, 
 1DIAGNOSTIC,    35, -9.260132312775e-01, 1.759173028404e-05, 1.6732e+02, 2.5109e+00, 
 1DIAGNOSTIC,    36, -9.260787367821e-01, 1.605767829460e-05, 1.6983e+02, 2.5144e+00, 
 1DIAGNOSTIC,    37, -9.261417388916e-01, 1.468675964134e-05, 1.7243e+02, 2.5921e+00, 
 1DIAGNOSTIC,    38, -9.261991977692e-01, 1.342400355497e-05, 1.7493e+02, 2.5043e+00, 
 1DIAGNOSTIC,    39, -9.262562990189e-01, 1.229964891536e-05, 1.7744e+02, 2.5134e+00, 
 1DIAGNOSTIC,    40, -9.263093471527e-01, 1.129288557422e-05, 1.7998e+02, 2.5320e+00, 
 1DIAGNOSTIC,    41, -9.263611435890e-01, 1.039106064127e-05, 1.8249e+02, 2.5089e+00, 
 1DIAGNOSTIC,    42, -9.264031052589e-01, 9.562084414938e-06, 1.8498e+02, 2.4915e+00, 
 1DIAGNOSTIC,    43, -9.264442324638e-01, 8.804589924694e-06, 1.8750e+02, 2.5208e+00, 
 1DIAGNOSTIC,    44, -9.264890551567e-01, 8.168115527951e-06, 1.9004e+02, 2.5409e+00, 
 1DIAGNOSTIC,    45, -9.265484213829e-01, 7.706863470958e-06, 1.9256e+02, 2.5239e+00, 
 1DIAGNOSTIC,    46, -9.265806078911e-01, 7.237628324219e-06, 1.9508e+02, 2.5200e+00, 
 1DIAGNOSTIC,    47, -9.266183376312e-01, 6.818009296694e-06, 1.9759e+02, 2.5105e+00, 
 1DIAGNOSTIC,    48, -9.266489148140e-01, 6.387092071236e-06, 2.0012e+02, 2.5265e+00, 
 1DIAGNOSTIC,    49, -9.266865253448e-01, 6.012977337377e-06, 2.0263e+02, 2.5086e+00, 
 1DIAGNOSTIC,    50, -9.267237782478e-01, 5.685631094821e-06, 2.0515e+02, 2.5261e+00, 
 1DIAGNOSTIC,    51, -9.267487525940e-01, 5.344619694370e-06, 2.0765e+02, 2.4975e+00, 
 1DIAGNOSTIC,    52, -9.267817139626e-01, 5.006525043427e-06, 2.1024e+02, 2.5890e+00, 
 1DIAGNOSTIC,    53, -9.268189072609e-01, 4.709492714028e-06, 2.1277e+02, 2.5277e+00, 
 1DIAGNOSTIC,    54, -9.268377423286e-01, 4.381548023957e-06, 2.1530e+02, 2.5275e+00, 
 1DIAGNOSTIC,    55, -9.268622398376e-01, 4.168720806774e-06, 2.1783e+02, 2.5344e+00, 
 1DIAGNOSTIC,    56, -9.268925786018e-01, 3.958853085351e-06, 2.2035e+02, 2.5238e+00, 
 1DIAGNOSTIC,    57, -9.269159436226e-01, 3.755876377909e-06, 2.2285e+02, 2.4940e+00, 
 1DIAGNOSTIC,    58, -9.269380569458e-01, 3.527251465130e-06, 2.2534e+02, 2.4915e+00, 
 1DIAGNOSTIC,    59, -9.269666671753e-01, 3.362210236446e-06, 2.2785e+02, 2.5126e+00, 
 1DIAGNOSTIC,    60, -9.269886016846e-01, 3.232394192310e-06, 2.3037e+02, 2.5157e+00, 
 1DIAGNOSTIC,    61, -9.270090460777e-01, 3.072075742239e-06, 2.3287e+02, 2.5070e+00, 
 1DIAGNOSTIC,    62, -9.270243644714e-01, 2.906838972194e-06, 2.3539e+02, 2.5193e+00, 
 1DIAGNOSTIC,    63, -9.270477890968e-01, 2.811862941599e-06, 2.3792e+02, 2.5216e+00, 
 1DIAGNOSTIC,    64, -9.270672798157e-01, 2.678485998331e-06, 2.4050e+02, 2.5805e+00, 
 1DIAGNOSTIC,    65, -9.270865917206e-01, 2.542792572058e-06, 2.4301e+02, 2.5098e+00, 
 1DIAGNOSTIC,    66, -9.271011352539e-01, 2.421077169856e-06, 2.4558e+02, 2.5693e+00, 
 1DIAGNOSTIC,    67, -9.271187782288e-01, 2.303558403582e-06, 2.4809e+02, 2.5141e+00, 
 1DIAGNOSTIC,    68, -9.271350502968e-01, 2.183567630709e-06, 2.5061e+02, 2.5206e+00, 
 1DIAGNOSTIC,    69, -9.271509647369e-01, 2.097424612657e-06, 2.5313e+02, 2.5210e+00, 
 1DIAGNOSTIC,    70, -9.271629452705e-01, 2.003159352171e-06, 2.5576e+02, 2.6334e+00, 
 1DIAGNOSTIC,    71, -9.271776676178e-01, 1.914183258123e-06, 2.5828e+02, 2.5165e+00, 
 1DIAGNOSTIC,    72, -9.271950125694e-01, 1.823541651902e-06, 2.6081e+02, 2.5255e+00, 
 1DIAGNOSTIC,    73, -9.272044301033e-01, 1.737975935612e-06, 2.6334e+02, 2.5355e+00, 
 1DIAGNOSTIC,    74, -9.272205233574e-01, 1.675868702478e-06, 2.6592e+02, 2.5744e+00, 
 1DIAGNOSTIC,    75, -9.272225499153e-01, 1.581463152434e-06, 2.6851e+02, 2.5922e+00, 
 1DIAGNOSTIC,    76, -9.272425174713e-01, 1.517083433100e-06, 2.7101e+02, 2.5054e+00, 
 1DIAGNOSTIC,    77, -9.272539019585e-01, 1.461359943278e-06, 2.7356e+02, 2.5450e+00, 
 1DIAGNOSTIC,    78, -9.272606372833e-01, 1.395039589625e-06, 2.7612e+02, 2.5645e+00, 
 1DIAGNOSTIC,    79, -9.272623062134e-01, 1.303882640968e-06, 2.7864e+02, 2.5120e+00, 
 1DIAGNOSTIC,    80, -9.272840619087e-01, 1.257662347598e-06, 2.8113e+02, 2.4990e+00, 
 1DIAGNOSTIC,    81, -9.272916913033e-01, 1.210637265103e-06, 2.8368e+02, 2.5505e+00, 
 1DIAGNOSTIC,    82, -9.272969961166e-01, 1.169754682451e-06, 2.8619e+02, 2.5057e+00, 
 1DIAGNOSTIC,    83, -9.273099303246e-01, 1.137262870543e-06, 2.8877e+02, 2.5779e+00, 
 1DIAGNOSTIC,    84, -9.273169636726e-01, 1.117584247368e-06, 2.9131e+02, 2.5397e+00, 
 1DIAGNOSTIC,    85, -9.273097515106e-01, 1.005819854072e-06, 2.9389e+02, 2.5786e+00, 
 1DIAGNOSTIC,    86, -9.273282885551e-01, 9.734922059579e-07, 2.9646e+02, 2.5770e+00, 
 1DIAGNOSTIC,    87, -9.273324012756e-01, 9.366672770739e-07, 2.9896e+02, 2.4937e+00, 
 1DIAGNOSTIC,    88, -9.273505210876e-01, 9.325724477094e-07, 3.0153e+02, 2.5684e+00, 
 1DIAGNOSTIC,    89, -9.273560047150e-01, 8.955315138337e-07, 3.0413e+02, 2.6060e+00, 
 1DIAGNOSTIC,    90, -9.273545742035e-01, 8.774740081208e-07, 3.0669e+02, 2.5610e+00, 
 1DIAGNOSTIC,    91, -9.273803830147e-01, 9.228633075509e-07, 3.0920e+02, 2.5043e+00, 
 1DIAGNOSTIC,    92, -9.273688793182e-01, 8.869188832250e-07, 3.1176e+02, 2.5675e+00, 
 1DIAGNOSTIC,    93, -9.273831248283e-01, 8.902256354304e-07, 3.1435e+02, 2.5886e+00, 
 1DIAGNOSTIC,    94, -9.273862838745e-01, 8.745240620556e-07, 3.1689e+02, 2.5396e+00, 
 1DIAGNOSTIC,    95, -9.273924231529e-01, 8.026303248698e-07, 3.1945e+02, 2.5539e+00, 
 1DIAGNOSTIC,    96, -9.273991584778e-01, 7.675978395127e-07, 3.2195e+02, 2.4985e+00, 
 1DIAGNOSTIC,    97, -9.274093508720e-01, 7.348624535553e-07, 3.2444e+02, 2.4991e+00, 
 1DIAGNOSTIC,    98, -9.274060726166e-01, 7.097808634171e-07, 3.2697e+02, 2.5247e+00, 
 1DIAGNOSTIC,    99, -9.274192452431e-01, 7.070023571032e-07, 3.2954e+02, 2.5680e+00, 
 1DIAGNOSTIC,   100, -9.274320602417e-01, 6.987942811065e-07, 3.3208e+02, 2.5414e+00, 
XXDIAGNOSTIC,Iteration,metricValue,convergenceValue,ITERATION_TIME_INDEX,SINCE_LAST
 1DIAGNOSTIC,     1, -8.454958200455e-01, inf, 3.5353e+02, 2.1451e+01, 
 1DIAGNOSTIC,     2, -8.485175967216e-01, inf, 3.7377e+02, 2.0236e+01, 
 1DIAGNOSTIC,     3, -8.514263629913e-01, inf, 3.9420e+02, 2.0437e+01, 
 1DIAGNOSTIC,     4, -8.540587425232e-01, inf, 4.1465e+02, 2.0447e+01, 
 1DIAGNOSTIC,     5, -8.564336895943e-01, inf, 4.3523e+02, 2.0576e+01, 
 1DIAGNOSTIC,     6, -8.585509657860e-01, inf, 4.5569e+02, 2.0463e+01, 
 1DIAGNOSTIC,     7, -8.604207038879e-01, inf, 4.7600e+02, 2.0313e+01, 
 1DIAGNOSTIC,     8, -8.620445728302e-01, inf, 4.9667e+02, 2.0664e+01, 
 1DIAGNOSTIC,     9, -8.633757829666e-01, inf, 5.1709e+02, 2.0420e+01, 
 1DIAGNOSTIC,    10, -8.644473552704e-01, 1.420347718522e-03, 5.3758e+02, 2.0495e+01, 
 1DIAGNOSTIC,    11, -8.653976321220e-01, 1.139873522334e-03, 5.5828e+02, 2.0696e+01, 
 1DIAGNOSTIC,    12, -8.662532567978e-01, 9.102342883125e-04, 5.7870e+02, 2.0418e+01, 
 1DIAGNOSTIC,    13, -8.670213222504e-01, 7.267114706337e-04, 5.9924e+02, 2.0548e+01, 
 1DIAGNOSTIC,    14, -8.677119016647e-01, 5.814078031108e-04, 6.1982e+02, 2.0572e+01, 
 1DIAGNOSTIC,    15, -8.683386445045e-01, 4.681638674811e-04, 6.4012e+02, 2.0303e+01, 
 1DIAGNOSTIC,    16, -8.689057230949e-01, 3.812174254563e-04, 6.6081e+02, 2.0690e+01, 
 1DIAGNOSTIC,    17, -8.694274425507e-01, 3.155170707032e-04, 6.8125e+02, 2.0437e+01, 
 1DIAGNOSTIC,    18, -8.699072003365e-01, 2.662879414856e-04, 7.0162e+02, 2.0379e+01, 
 1DIAGNOSTIC,    19, -8.703427314758e-01, 2.280888293171e-04, 7.2220e+02, 2.0578e+01, 
 1DIAGNOSTIC,    20, -8.707464337349e-01, 1.967260468518e-04, 7.4256e+02, 2.0361e+01, 
 1DIAGNOSTIC,    21, -8.711185455322e-01, 1.706902985461e-04, 7.6312e+02, 2.0556e+01, 
 1DIAGNOSTIC,    22, -8.714591264725e-01, 1.489314163337e-04, 7.8397e+02, 2.0848e+01, 
 1DIAGNOSTIC,    23, -8.717765212059e-01, 1.306275080424e-04, 8.0458e+02, 2.0617e+01, 
 1DIAGNOSTIC,    24, -8.720753192902e-01, 1.151454198407e-04, 8.2494e+02, 2.0354e+01, 
 1DIAGNOSTIC,    25, -8.723469376564e-01, 1.018984039547e-04, 8.4531e+02, 2.0372e+01, 
 1DIAGNOSTIC,    26, -8.726030588150e-01, 9.049789514393e-05, 8.6583e+02, 2.0520e+01, 
 1DIAGNOSTIC,    27, -8.728423118591e-01, 8.068965689745e-05, 8.8637e+02, 2.0539e+01, 
 1DIAGNOSTIC,    28, -8.730651140213e-01, 7.223198190331e-05, 9.0697e+02, 2.0598e+01, 
 1DIAGNOSTIC,    29, -8.732743263245e-01, 6.485958147096e-05, 9.2754e+02, 2.0574e+01, 
 1DIAGNOSTIC,    30, -8.734724521637e-01, 5.846005660715e-05, 9.4805e+02, 2.0505e+01, 
 1DIAGNOSTIC,    31, -8.736618757248e-01, 5.291796696838e-05, 9.6860e+02, 2.0559e+01, 
 1DIAGNOSTIC,    32, -8.738371133804e-01, 4.803150659427e-05, 9.8918e+02, 2.0573e+01, 
 1DIAGNOSTIC,    33, -8.740069866180e-01, 4.376671859063e-05, 1.0100e+03, 2.0794e+01, 
 1DIAGNOSTIC,    34, -8.741652369499e-01, 4.004712172900e-05, 1.0308e+03, 2.0841e+01, 
 1DIAGNOSTIC,    35, -8.743187785149e-01, 3.675962943817e-05, 1.0513e+03, 2.0441e+01, 
 1DIAGNOSTIC,    36, -8.744609355927e-01, 3.382806971786e-05, 1.0718e+03, 2.0572e+01, 
 1DIAGNOSTIC,    37, -8.745969533920e-01, 3.120502151432e-05, 1.0925e+03, 2.0661e+01, 
 1DIAGNOSTIC,    38, -8.747239112854e-01, 2.881031286961e-05, 1.1128e+03, 2.0282e+01, 
 1DIAGNOSTIC,    39, -8.748492598534e-01, 2.664972453204e-05, 1.1332e+03, 2.0471e+01, 
 1DIAGNOSTIC,    40, -8.749642372131e-01, 2.466488513164e-05, 1.1535e+03, 2.0292e+01, 
 1DIAGNOSTIC,    41, -8.750795722008e-01, 2.290563134011e-05, 1.1740e+03, 2.0433e+01, 
 1DIAGNOSTIC,    42, -8.751845359802e-01, 2.127408151864e-05, 1.1944e+03, 2.0421e+01, 
 1DIAGNOSTIC,    43, -8.752903342247e-01, 1.983322181331e-05, 1.2147e+03, 2.0345e+01, 
 1DIAGNOSTIC,    44, -8.753885030746e-01, 1.851577690104e-05, 1.2352e+03, 2.0475e+01, 
 1DIAGNOSTIC,    45, -8.754851818085e-01, 1.735344267217e-05, 1.2557e+03, 2.0538e+01, 
 1DIAGNOSTIC,    46, -8.755795955658e-01, 1.631106351851e-05, 1.2762e+03, 2.0499e+01, 
 1DIAGNOSTIC,    47, -8.756651878357e-01, 1.534137300041e-05, 1.2967e+03, 2.0499e+01, 
 1DIAGNOSTIC,    48, -8.757520318031e-01, 1.444722056476e-05, 1.3172e+03, 2.0425e+01, 
 1DIAGNOSTIC,    49, -8.758333921432e-01, 1.363201135973e-05, 1.3377e+03, 2.0538e+01, 
 1DIAGNOSTIC,    50, -8.759153485298e-01, 1.287653503823e-05, 1.3581e+03, 2.0424e+01, 
 1DIAGNOSTIC,    51, -8.759922981262e-01, 1.219483601744e-05, 1.3787e+03, 2.0565e+01, 
 1DIAGNOSTIC,    52, -8.760616779327e-01, 1.151134074462e-05, 1.3992e+03, 2.0504e+01, 
 1DIAGNOSTIC,    53, -8.761359453201e-01, 1.090658679459e-05, 1.4194e+03, 2.0244e+01, 
 1DIAGNOSTIC,    54, -8.762052059174e-01, 1.033462740452e-05, 1.4399e+03, 2.0432e+01, 
 1DIAGNOSTIC,    55, -8.762726783752e-01, 9.810105439101e-06, 1.4603e+03, 2.0455e+01, 
 1DIAGNOSTIC,    56, -8.763418197632e-01, 9.361292541143e-06, 1.4806e+03, 2.0298e+01, 
 1DIAGNOSTIC,    57, -8.764049410820e-01, 8.924665962695e-06, 1.5011e+03, 2.0432e+01, 
 1DIAGNOSTIC,    58, -8.764690160751e-01, 8.539268492314e-06, 1.5216e+03, 2.0521e+01, 
 1DIAGNOSTIC,    59, -8.765321373940e-01, 8.187907042156e-06, 1.5421e+03, 2.0524e+01, 
 1DIAGNOSTIC,    60, -8.765947818756e-01, 7.889922926552e-06, 1.5626e+03, 2.0450e+01, 
 1DIAGNOSTIC,    61, -8.766512274742e-01, 7.599306627526e-06, 1.5831e+03, 2.0589e+01, 
 1DIAGNOSTIC,    62, -8.767161965370e-01, 7.336248472711e-06, 1.6035e+03, 2.0319e+01, 
 1DIAGNOSTIC,    63, -8.767733573914e-01, 7.096883109625e-06, 1.6239e+03, 2.0459e+01, 
 1DIAGNOSTIC,    64, -8.768329024315e-01, 6.879564807605e-06, 1.6443e+03, 2.0365e+01, 
 1DIAGNOSTIC,    65, -8.768908977509e-01, 6.676228167635e-06, 1.6650e+03, 2.0665e+01, 
 1DIAGNOSTIC,    66, -8.769424557686e-01, 6.472922905232e-06, 1.6853e+03, 2.0376e+01, 
 1DIAGNOSTIC,    67, -8.769912719727e-01, 6.237093202799e-06, 1.7057e+03, 2.0363e+01, 
 1DIAGNOSTIC,    68, -8.770476579666e-01, 6.024360573065e-06, 1.7261e+03, 2.0454e+01, 
 1DIAGNOSTIC,    69, -8.771010041237e-01, 5.825117114000e-06, 1.7467e+03, 2.0539e+01, 
 1DIAGNOSTIC,    70, -8.771466016769e-01, 5.612730092253e-06, 1.7671e+03, 2.0433e+01, 
XXDIAGNOSTIC,Iteration,metricValue,convergenceValue,ITERATION_TIME_INDEX,SINCE_LAST
 1DIAGNOSTIC,     1, -7.047926783562e-01, inf, 1.9351e+03, 1.6800e+02, 
 1DIAGNOSTIC,     2, -7.068353891373e-01, inf, 2.1005e+03, 1.6541e+02, 
 1DIAGNOSTIC,     3, -7.088835239410e-01, inf, 2.2661e+03, 1.6556e+02, 
 1DIAGNOSTIC,     4, -7.111449241638e-01, inf, 2.4312e+03, 1.6509e+02, 
 1DIAGNOSTIC,     5, -7.130851149559e-01, inf, 2.5984e+03, 1.6721e+02, 
 1DIAGNOSTIC,     6, -7.151807546616e-01, inf, 2.7642e+03, 1.6578e+02, 
 1DIAGNOSTIC,     7, -7.169313430786e-01, inf, 2.9280e+03, 1.6383e+02, 
 1DIAGNOSTIC,     8, -7.183927893639e-01, inf, 3.0933e+03, 1.6532e+02, 
 1DIAGNOSTIC,     9, -7.197558879852e-01, inf, 3.2596e+03, 1.6626e+02, 
 1DIAGNOSTIC,    10, -7.209682464600e-01, 1.484266249463e-03, 3.4245e+03, 1.6495e+02, 
 1DIAGNOSTIC,    11, -7.220634818077e-01, 1.254250993952e-03, 3.5912e+03, 1.6662e+02, 
 1DIAGNOSTIC,    12, -7.230625152588e-01, 1.050249789841e-03, 3.7567e+03, 1.6550e+02, 
 1DIAGNOSTIC,    13, -7.237985134125e-01, 8.672274998389e-04, 3.9224e+03, 1.6572e+02, 
 1DIAGNOSTIC,    14, -7.243809700012e-01, 7.119562942535e-04, 4.0882e+03, 1.6577e+02, 
 1DIAGNOSTIC,    15, -7.248523235321e-01, 5.756121827289e-04, 4.2549e+03, 1.6679e+02, 
 1DIAGNOSTIC,    16, -7.252287864685e-01, 4.643442807719e-04, 4.4201e+03, 1.6513e+02, 
 1DIAGNOSTIC,    17, -7.255432605743e-01, 3.712603647728e-04, 4.5858e+03, 1.6570e+02, 
 1DIAGNOSTIC,    18, -7.258067727089e-01, 2.919500111602e-04, 4.7508e+03, 1.6505e+02, 
 1DIAGNOSTIC,    19, -7.259402275085e-01, 2.249798271805e-04, 4.9171e+03, 1.6633e+02, 
 1DIAGNOSTIC,    20, -7.260583639145e-01, 1.700361754047e-04, 5.0838e+03, 1.6661e+02, 
  Elapsed time (stage 2): 5086


Total elapsed time: 5119
Using single precision for computations.
Input scalar image: /home/mpib/nemecz/Projects/miniTRK/Results/01_MRI/GroupTempl/T1w/T_template0sub-546563_T1wRepaired.nii.gz
Reference image: /home/mpib/nemecz/Projects/miniTRK/Results/01_MRI/GroupTempl/T1w/T_template0.nii.gz
=============================================================================
The composite transform comprises the following transforms (in order): 
  1. /home/mpib/nemecz/Projects/miniTRK/Results/01_MRI/GroupTempl/T1w/T_sub-546563_T1w170GenericAffine.mat (type = AffineTransform)
  2. /home/mpib/nemecz/Projects/miniTRK/Results/01_MRI/GroupTempl/T1w/T_sub-546563_T1w171Warp.nii.gz (type = DisplacementFieldTransform)
=============================================================================
Default pixel value: 0
Interpolation type: LinearInterpolateImageFunction
Output warped image: /home/mpib/nemecz/Projects/miniTRK/Results/01_MRI/GroupTempl/T1w/T_template0sub-546563_T1w17WarpedToTemplate.nii.gz
