
Running N4 for 3-dimensional images.

Mask not read.  Using the entire image as the mask.

Original intensity range:  [0, 918]

***********************************************************
Warning:  Your input image contains nonpositive values
which could cause failure or problematic results.  A
possible workaround would be to:
   1. rescale your image to positive values e.g., [10,100].
   2. run N4 on your rescaled image.
   3. (optional) rescale the N4 output to the original
      intensity range.
***********************************************************

Specified spline distance: 200mm
  original image size:  [192, 256, 256]
  padded image size:  [201, 401, 401]
  number of control points:  [4, 5, 5]

Current level = 1
  Iteration 1 (of 50).   Current convergence value = 0.00057297 (threshold = 1e-08)
  Iteration 2 (of 50).   Current convergence value = 0.000370164 (threshold = 1e-08)
  Iteration 3 (of 50).   Current convergence value = 0.000242835 (threshold = 1e-08)
  Iteration 4 (of 50).   Current convergence value = 0.000164316 (threshold = 1e-08)
  Iteration 5 (of 50).   Current convergence value = 0.000119913 (threshold = 1e-08)
  Iteration 6 (of 50).   Current convergence value = 9.98612e-05 (threshold = 1e-08)
  Iteration 7 (of 50).   Current convergence value = 9.42691e-05 (threshold = 1e-08)
  Iteration 8 (of 50).   Current convergence value = 9.49127e-05 (threshold = 1e-08)
  Iteration 9 (of 50).   Current convergence value = 9.73204e-05 (threshold = 1e-08)
  Iteration 10 (of 50).   Current convergence value = 9.96504e-05 (threshold = 1e-08)
  Iteration 11 (of 50).   Current convergence value = 0.000101601 (threshold = 1e-08)
  Iteration 12 (of 50).   Current convergence value = 0.00010297 (threshold = 1e-08)
  Iteration 13 (of 50).   Current convergence value = 0.000103788 (threshold = 1e-08)
  Iteration 14 (of 50).   Current convergence value = 0.000104315 (threshold = 1e-08)
  Iteration 15 (of 50).   Current convergence value = 0.00010438 (threshold = 1e-08)
  Iteration 16 (of 50).   Current convergence value = 0.000104281 (threshold = 1e-08)
  Iteration 17 (of 50).   Current convergence value = 0.00010398 (threshold = 1e-08)
  Iteration 18 (of 50).   Current convergence value = 0.000103542 (threshold = 1e-08)
  Iteration 19 (of 50).   Current convergence value = 0.000103142 (threshold = 1e-08)
  Iteration 20 (of 50).   Current convergence value = 0.000102458 (threshold = 1e-08)
  Iteration 21 (of 50).   Current convergence value = 0.000101876 (threshold = 1e-08)
  Iteration 22 (of 50).   Current convergence value = 0.000101207 (threshold = 1e-08)
  Iteration 23 (of 50).   Current convergence value = 0.000100515 (threshold = 1e-08)
  Iteration 24 (of 50).   Current convergence value = 0.000100001 (threshold = 1e-08)
  Iteration 25 (of 50).   Current convergence value = 9.92879e-05 (threshold = 1e-08)
  Iteration 26 (of 50).   Current convergence value = 9.86078e-05 (threshold = 1e-08)
  Iteration 27 (of 50).   Current convergence value = 9.80232e-05 (threshold = 1e-08)
  Iteration 28 (of 50).   Current convergence value = 9.73586e-05 (threshold = 1e-08)
  Iteration 29 (of 50).   Current convergence value = 9.68852e-05 (threshold = 1e-08)
  Iteration 30 (of 50).   Current convergence value = 9.62547e-05 (threshold = 1e-08)
  Iteration 31 (of 50).   Current convergence value = 9.566e-05 (threshold = 1e-08)
  Iteration 32 (of 50).   Current convergence value = 9.51308e-05 (threshold = 1e-08)
  Iteration 33 (of 50).   Current convergence value = 9.45947e-05 (threshold = 1e-08)
  Iteration 34 (of 50).   Current convergence value = 9.39726e-05 (threshold = 1e-08)
  Iteration 35 (of 50).   Current convergence value = 9.3496e-05 (threshold = 1e-08)
  Iteration 36 (of 50).   Current convergence value = 9.29551e-05 (threshold = 1e-08)
  Iteration 37 (of 50).   Current convergence value = 9.24682e-05 (threshold = 1e-08)
  Iteration 38 (of 50).   Current convergence value = 9.1921e-05 (threshold = 1e-08)
  Iteration 39 (of 50).   Current convergence value = 9.14343e-05 (threshold = 1e-08)
  Iteration 40 (of 50).   Current convergence value = 9.10302e-05 (threshold = 1e-08)
  Iteration 41 (of 50).   Current convergence value = 9.04967e-05 (threshold = 1e-08)
  Iteration 42 (of 50).   Current convergence value = 8.99698e-05 (threshold = 1e-08)
  Iteration 43 (of 50).   Current convergence value = 8.95562e-05 (threshold = 1e-08)
  Iteration 44 (of 50).   Current convergence value = 8.90386e-05 (threshold = 1e-08)
  Iteration 45 (of 50).   Current convergence value = 8.86897e-05 (threshold = 1e-08)
  Iteration 46 (of 50).   Current convergence value = 8.83222e-05 (threshold = 1e-08)
  Iteration 47 (of 50).   Current convergence value = 8.79617e-05 (threshold = 1e-08)
  Iteration 48 (of 50).   Current convergence value = 8.74673e-05 (threshold = 1e-08)
  Iteration 49 (of 50).   Current convergence value = 8.70258e-05 (threshold = 1e-08)
  Iteration 50 (of 50).   Current convergence value = 8.65827e-05 (threshold = 1e-08)
Current level = 2
  Iteration 1 (of 50).   Current convergence value = 0.000512702 (threshold = 1e-08)
  Iteration 2 (of 50).   Current convergence value = 0.00041861 (threshold = 1e-08)
  Iteration 3 (of 50).   Current convergence value = 0.00035442 (threshold = 1e-08)
  Iteration 4 (of 50).   Current convergence value = 0.00030261 (threshold = 1e-08)
  Iteration 5 (of 50).   Current convergence value = 0.00025891 (threshold = 1e-08)
  Iteration 6 (of 50).   Current convergence value = 0.000223914 (threshold = 1e-08)
  Iteration 7 (of 50).   Current convergence value = 0.000198709 (threshold = 1e-08)
  Iteration 8 (of 50).   Current convergence value = 0.000182966 (threshold = 1e-08)
  Iteration 9 (of 50).   Current convergence value = 0.000162688 (threshold = 1e-08)
  Iteration 10 (of 50).   Current convergence value = 0.000145608 (threshold = 1e-08)
  Iteration 11 (of 50).   Current convergence value = 0.000130859 (threshold = 1e-08)
  Iteration 12 (of 50).   Current convergence value = 0.000117762 (threshold = 1e-08)
  Iteration 13 (of 50).   Current convergence value = 0.000106655 (threshold = 1e-08)
  Iteration 14 (of 50).   Current convergence value = 9.72338e-05 (threshold = 1e-08)
  Iteration 15 (of 50).   Current convergence value = 9.03231e-05 (threshold = 1e-08)
  Iteration 16 (of 50).   Current convergence value = 8.84132e-05 (threshold = 1e-08)
  Iteration 17 (of 50).   Current convergence value = 8.72595e-05 (threshold = 1e-08)
  Iteration 18 (of 50).   Current convergence value = 8.66205e-05 (threshold = 1e-08)
  Iteration 19 (of 50).   Current convergence value = 8.62399e-05 (threshold = 1e-08)
  Iteration 20 (of 50).   Current convergence value = 8.60072e-05 (threshold = 1e-08)
  Iteration 21 (of 50).   Current convergence value = 8.59513e-05 (threshold = 1e-08)
  Iteration 22 (of 50).   Current convergence value = 8.6086e-05 (threshold = 1e-08)
  Iteration 23 (of 50).   Current convergence value = 8.61821e-05 (threshold = 1e-08)
  Iteration 24 (of 50).   Current convergence value = 8.61276e-05 (threshold = 1e-08)
  Iteration 25 (of 50).   Current convergence value = 8.59506e-05 (threshold = 1e-08)
  Iteration 26 (of 50).   Current convergence value = 8.57546e-05 (threshold = 1e-08)
  Iteration 27 (of 50).   Current convergence value = 8.56685e-05 (threshold = 1e-08)
  Iteration 28 (of 50).   Current convergence value = 8.5478e-05 (threshold = 1e-08)
  Iteration 29 (of 50).   Current convergence value = 8.51119e-05 (threshold = 1e-08)
  Iteration 30 (of 50).   Current convergence value = 8.47322e-05 (threshold = 1e-08)
  Iteration 31 (of 50).   Current convergence value = 8.43409e-05 (threshold = 1e-08)
  Iteration 32 (of 50).   Current convergence value = 8.4022e-05 (threshold = 1e-08)
  Iteration 33 (of 50).   Current convergence value = 8.35887e-05 (threshold = 1e-08)
  Iteration 34 (of 50).   Current convergence value = 8.30222e-05 (threshold = 1e-08)
  Iteration 35 (of 50).   Current convergence value = 8.24559e-05 (threshold = 1e-08)
  Iteration 36 (of 50).   Current convergence value = 8.17515e-05 (threshold = 1e-08)
  Iteration 37 (of 50).   Current convergence value = 8.13107e-05 (threshold = 1e-08)
  Iteration 38 (of 50).   Current convergence value = 8.07001e-05 (threshold = 1e-08)
  Iteration 39 (of 50).   Current convergence value = 8.00346e-05 (threshold = 1e-08)
  Iteration 40 (of 50).   Current convergence value = 7.92192e-05 (threshold = 1e-08)
  Iteration 41 (of 50).   Current convergence value = 7.88304e-05 (threshold = 1e-08)
  Iteration 42 (of 50).   Current convergence value = 7.79702e-05 (threshold = 1e-08)
  Iteration 43 (of 50).   Current convergence value = 7.71901e-05 (threshold = 1e-08)
  Iteration 44 (of 50).   Current convergence value = 7.66615e-05 (threshold = 1e-08)
  Iteration 45 (of 50).   Current convergence value = 7.61223e-05 (threshold = 1e-08)
  Iteration 46 (of 50).   Current convergence value = 7.53165e-05 (threshold = 1e-08)
  Iteration 47 (of 50).   Current convergence value = 7.46972e-05 (threshold = 1e-08)
  Iteration 48 (of 50).   Current convergence value = 7.40297e-05 (threshold = 1e-08)
  Iteration 49 (of 50).   Current convergence value = 7.33877e-05 (threshold = 1e-08)
  Iteration 50 (of 50).   Current convergence value = 7.26591e-05 (threshold = 1e-08)
Current level = 3
  Iteration 1 (of 40).   Current convergence value = 0.00164865 (threshold = 1e-08)
  Iteration 2 (of 40).   Current convergence value = 0.00122726 (threshold = 1e-08)
  Iteration 3 (of 40).   Current convergence value = 0.000987265 (threshold = 1e-08)
  Iteration 4 (of 40).   Current convergence value = 0.000825577 (threshold = 1e-08)
  Iteration 5 (of 40).   Current convergence value = 0.000715797 (threshold = 1e-08)
  Iteration 6 (of 40).   Current convergence value = 0.000630139 (threshold = 1e-08)
  Iteration 7 (of 40).   Current convergence value = 0.000567091 (threshold = 1e-08)
  Iteration 8 (of 40).   Current convergence value = 0.0005195 (threshold = 1e-08)
  Iteration 9 (of 40).   Current convergence value = 0.000482474 (threshold = 1e-08)
  Iteration 10 (of 40).   Current convergence value = 0.000452449 (threshold = 1e-08)
  Iteration 11 (of 40).   Current convergence value = 0.000428367 (threshold = 1e-08)
  Iteration 12 (of 40).   Current convergence value = 0.000408868 (threshold = 1e-08)
  Iteration 13 (of 40).   Current convergence value = 0.000392938 (threshold = 1e-08)
  Iteration 14 (of 40).   Current convergence value = 0.000379388 (threshold = 1e-08)
  Iteration 15 (of 40).   Current convergence value = 0.000367695 (threshold = 1e-08)
  Iteration 16 (of 40).   Current convergence value = 0.000356216 (threshold = 1e-08)
  Iteration 17 (of 40).   Current convergence value = 0.000345528 (threshold = 1e-08)
  Iteration 18 (of 40).   Current convergence value = 0.00033585 (threshold = 1e-08)
  Iteration 19 (of 40).   Current convergence value = 0.000327696 (threshold = 1e-08)
  Iteration 20 (of 40).   Current convergence value = 0.000320298 (threshold = 1e-08)
  Iteration 21 (of 40).   Current convergence value = 0.000313558 (threshold = 1e-08)
  Iteration 22 (of 40).   Current convergence value = 0.00030741 (threshold = 1e-08)
  Iteration 23 (of 40).   Current convergence value = 0.000301596 (threshold = 1e-08)
  Iteration 24 (of 40).   Current convergence value = 0.000296461 (threshold = 1e-08)
  Iteration 25 (of 40).   Current convergence value = 0.000291551 (threshold = 1e-08)
  Iteration 26 (of 40).   Current convergence value = 0.000287124 (threshold = 1e-08)
  Iteration 27 (of 40).   Current convergence value = 0.000283131 (threshold = 1e-08)
  Iteration 28 (of 40).   Current convergence value = 0.000279507 (threshold = 1e-08)
  Iteration 29 (of 40).   Current convergence value = 0.000276028 (threshold = 1e-08)
  Iteration 30 (of 40).   Current convergence value = 0.000272777 (threshold = 1e-08)
  Iteration 31 (of 40).   Current convergence value = 0.00026983 (threshold = 1e-08)
  Iteration 32 (of 40).   Current convergence value = 0.000267145 (threshold = 1e-08)
  Iteration 33 (of 40).   Current convergence value = 0.000264702 (threshold = 1e-08)
  Iteration 34 (of 40).   Current convergence value = 0.000262417 (threshold = 1e-08)
  Iteration 35 (of 40).   Current convergence value = 0.000260314 (threshold = 1e-08)
  Iteration 36 (of 40).   Current convergence value = 0.000258353 (threshold = 1e-08)
  Iteration 37 (of 40).   Current convergence value = 0.000256487 (threshold = 1e-08)
  Iteration 38 (of 40).   Current convergence value = 0.000254856 (threshold = 1e-08)
  Iteration 39 (of 40).   Current convergence value = 0.000253229 (threshold = 1e-08)
  Iteration 40 (of 40).   Current convergence value = 0.000251724 (threshold = 1e-08)
Current level = 4
  Iteration 1 (of 30).   Current convergence value = 0.00196663 (threshold = 1e-08)
  Iteration 2 (of 30).   Current convergence value = 0.00175996 (threshold = 1e-08)
  Iteration 3 (of 30).   Current convergence value = 0.00166098 (threshold = 1e-08)
  Iteration 4 (of 30).   Current convergence value = 0.00159848 (threshold = 1e-08)
  Iteration 5 (of 30).   Current convergence value = 0.00155545 (threshold = 1e-08)
  Iteration 6 (of 30).   Current convergence value = 0.00152479 (threshold = 1e-08)
  Iteration 7 (of 30).   Current convergence value = 0.00150897 (threshold = 1e-08)
  Iteration 8 (of 30).   Current convergence value = 0.00149984 (threshold = 1e-08)
  Iteration 9 (of 30).   Current convergence value = 0.00149541 (threshold = 1e-08)
  Iteration 10 (of 30).   Current convergence value = 0.00149399 (threshold = 1e-08)
  Iteration 11 (of 30).   Current convergence value = 0.00149315 (threshold = 1e-08)
  Iteration 12 (of 30).   Current convergence value = 0.00149279 (threshold = 1e-08)
  Iteration 13 (of 30).   Current convergence value = 0.00149112 (threshold = 1e-08)
  Iteration 14 (of 30).   Current convergence value = 0.00148231 (threshold = 1e-08)
  Iteration 15 (of 30).   Current convergence value = 0.00146542 (threshold = 1e-08)
  Iteration 16 (of 30).   Current convergence value = 0.00144619 (threshold = 1e-08)
  Iteration 17 (of 30).   Current convergence value = 0.0014389 (threshold = 1e-08)
  Iteration 18 (of 30).   Current convergence value = 0.00143009 (threshold = 1e-08)
  Iteration 19 (of 30).   Current convergence value = 0.00141817 (threshold = 1e-08)
  Iteration 20 (of 30).   Current convergence value = 0.00140124 (threshold = 1e-08)
  Iteration 21 (of 30).   Current convergence value = 0.00137909 (threshold = 1e-08)
  Iteration 22 (of 30).   Current convergence value = 0.00135052 (threshold = 1e-08)
  Iteration 23 (of 30).   Current convergence value = 0.00131393 (threshold = 1e-08)
  Iteration 24 (of 30).   Current convergence value = 0.00127063 (threshold = 1e-08)
  Iteration 25 (of 30).   Current convergence value = 0.00122314 (threshold = 1e-08)
  Iteration 26 (of 30).   Current convergence value = 0.00133624 (threshold = 1e-08)
  Iteration 27 (of 30).   Current convergence value = 0.00134033 (threshold = 1e-08)
  Iteration 28 (of 30).   Current convergence value = 0.00133278 (threshold = 1e-08)
  Iteration 29 (of 30).   Current convergence value = 0.00132071 (threshold = 1e-08)
  Iteration 30 (of 30).   Current convergence value = 0.00128258 (threshold = 1e-08)
   N4BiasFieldCorrectionImageFilter (0x559b79b2fe20)
     RTTI typeinfo:   itk::N4BiasFieldCorrectionImageFilter<itk::Image<float, 3u>, itk::Image<float, 3u>, itk::Image<float, 3u> >
     Reference Count: 1
     Modified Time: 565
     Debug: Off
     Object Name: 
     Observers: 
       IterationEvent(Command)
     Inputs: 
       ConfidenceImage: (0)
       MaskImage: (0x559b79b5a2c0)
       Primary: (0x559b79b55a40) *
     Indexed Inputs: 
       0: Primary (0x559b79b55a40)
       1: MaskImage (0x559b79b5a2c0)
       2: ConfidenceImage (0)
     Required Input Names: Primary
     NumberOfRequiredInputs: 1
     Outputs: 
       Primary: (0x559b79b3fef0)
     Indexed Outputs: 
       0: Primary (0x559b79b3fef0)
     NumberOfRequiredOutputs: 1
     Number Of Work Units: 32
     ReleaseDataFlag: Off
     ReleaseDataBeforeUpdateFlag: Off
     AbortGenerateData: Off
     Progress: 0
     Multithreader: 
       RTTI typeinfo:   itk::PoolMultiThreader
       Reference Count: 1
       Modified Time: 144
       Debug: Off
       Object Name: 
       Observers: 
         none
       Number of Work Units: 32
       Number of Threads: 8
       Global Maximum Number Of Threads: 128
       Global Default Number Of Threads: 8
       Global Default Threader Type: itk::MultiThreaderBaseEnums::Threader::Pool
       SingleMethod: 0
       SingleData: 0
     DynamicMultiThreading: On
     CoordinateTolerance: 1e-06
     DirectionTolerance: 1e-06
     Use Mask Label: 0
     Mask label: 1
     Number of histogram bins: 200
     Wiener filter noise: 0.01
     Bias field FWHM: 0.15
     Maximum number of iterations: [50, 50, 40, 30]
     Convergence threshold: 1e-08
     Spline order: 3
     Number of fitting levels: [4, 4, 4]
     Number of control points: [4, 5, 5]
     CurrentConvergenceMeasurement: 0.00128258
     CurrentLevel: 4
     ElapsedIterations: 31
     LogBiasFieldControlPointLattice: 
       Image (0x559b7f6ea9e0)
         RTTI typeinfo:   itk::Image<itk::Vector<float, 1u>, 3u>
         Reference Count: 1
         Modified Time: 343560
         Debug: Off
         Object Name: 
         Observers: 
           none
         Source: (none)
         Source output name: (none)
         Release Data: Off
         Data Released: False
         Global Release Data: Off
         PipelineMTime: 0
         UpdateMTime: 0
         RealTimeStamp: 0 seconds 
         LargestPossibleRegion: 
           Dimension: 3
           Index: [0, 0, 0]
           Size: [11, 19, 19]
         BufferedRegion: 
           Dimension: 3
           Index: [0, 0, 0]
           Size: [11, 19, 19]
         RequestedRegion: 
           Dimension: 3
           Index: [0, 0, 0]
           Size: [11, 19, 19]
         Spacing: [24.75, 24.875, 24.875]
         Origin: [25.6434, 24.7714, -24.06]
         Direction: 
-0.999323 0.000206296 -0.0367971
-0.00037302 -0.99999 0.00452411
-0.0367958 0.00453477 0.999313

         IndexToPointMatrix: 
-24.7332 0.00513161 -0.915327
-0.00923225 -24.8747 0.112537
-0.910695 0.112802 24.8579

         PointToIndexMatrix: 
-0.0403767 -1.50715e-05 -0.0014867
8.2933e-06 -0.0402006 0.000182302
-0.00147928 0.000181874 0.0401734

         Inverse Direction: 
-0.999323 -0.00037302 -0.0367958
0.000206296 -0.99999 0.00453477
-0.0367971 0.00452411 0.999313

         PixelContainer: 
           ImportImageContainer (0x559b85ad3340)
             RTTI typeinfo:   itk::ImportImageContainer<unsigned long, itk::Vector<float, 1u> >
             Reference Count: 1
             Modified Time: 343561
             Debug: Off
             Object Name: 
             Observers: 
               none
             Pointer: 0x559b83cc9160
             Container manages memory: true
             Size: 3971
             Capacity: 3971
Elapsed time: 295.886
All_Command_lines_OK
Using single precision for computations.
=============================================================================
The composite transform comprises the following transforms (in order): 
  1. Center of mass alignment using fixed image: /home/mpib/nemecz/Projects/miniTRK/Results/01_MRI/GroupTempl/T1w/T_template0.nii.gz and moving image: /home/mpib/nemecz/Projects/miniTRK/Analysis/01_MRI/Preproc/GroupTempl/T1w/sub-676955_T1w.nii.gz (type = Euler3DTransform)
=============================================================================
  number of levels = 4
  number of levels = 4
  number of levels = 4
  fixed image: /home/mpib/nemecz/Projects/miniTRK/Results/01_MRI/GroupTempl/T1w/T_template0.nii.gz
  moving image: /home/mpib/nemecz/Projects/miniTRK/Results/01_MRI/GroupTempl/T1w/T_template0sub-676955_T1wRepaired.nii.gz
  fixed image: /home/mpib/nemecz/Projects/miniTRK/Results/01_MRI/GroupTempl/T1w/T_template0.nii.gz
  moving image: /home/mpib/nemecz/Projects/miniTRK/Results/01_MRI/GroupTempl/T1w/T_template0sub-676955_T1wRepaired.nii.gz
  fixed image: /home/mpib/nemecz/Projects/miniTRK/Results/01_MRI/GroupTempl/T1w/T_template0.nii.gz
  moving image: /home/mpib/nemecz/Projects/miniTRK/Results/01_MRI/GroupTempl/T1w/T_template0sub-676955_T1wRepaired.nii.gz
Dimension = 3
Number of stages = 3
Use Histogram Matching true
Winsorize image intensities true
Lower quantile = 0.01
Upper quantile = 0.99
Stage 1 State
   Image metric = Mattes
     Fixed image = Image (0x55b064265ad0)
  RTTI typeinfo:   itk::Image<float, 3u>
  Reference Count: 2
  Modified Time: 1721
  Debug: Off
  Object Name: 
  Observers: 
    none
  Source: (none)
  Source output name: (none)
  Release Data: Off
  Data Released: False
  Global Release Data: Off
  PipelineMTime: 0
  UpdateMTime: 1506
  RealTimeStamp: 0 seconds 
  LargestPossibleRegion: 
    Dimension: 3
    Index: [0, 0, 0]
    Size: [192, 256, 256]
  BufferedRegion: 
    Dimension: 3
    Index: [0, 0, 0]
    Size: [192, 256, 256]
  RequestedRegion: 
    Dimension: 3
    Index: [0, 0, 0]
    Size: [192, 256, 256]
  Spacing: [1, 1, 1]
  Origin: [95.0313, 100.538, -154.123]
  Direction: 
-0.999853 -0.014134 -0.00966312
0.014129 -0.9999 0.000586045
-0.00967044 0.000449429 0.999953

  IndexToPointMatrix: 
-0.999853 -0.014134 -0.00966312
0.014129 -0.9999 0.000586045
-0.00967044 0.000449429 0.999953

  PointToIndexMatrix: 
-0.999853 0.014129 -0.00967044
-0.014134 -0.9999 0.000449429
-0.00966312 0.000586045 0.999953

  Inverse Direction: 
-0.999853 0.014129 -0.00967044
-0.014134 -0.9999 0.000449429
-0.00966312 0.000586045 0.999953

  PixelContainer: 
    ImportImageContainer (0x55b06426dc80)
      RTTI typeinfo:   itk::ImportImageContainer<unsigned long, float>
      Reference Count: 1
      Modified Time: 1503
      Debug: Off
      Object Name: 
      Observers: 
        none
      Pointer: 0x7f2629a16010
      Container manages memory: true
      Size: 12582912
      Capacity: 12582912

     Moving image = Image (0x55b064271e40)
  RTTI typeinfo:   itk::Image<float, 3u>
  Reference Count: 2
  Modified Time: 1722
  Debug: Off
  Object Name: 
  Observers: 
    none
  Source: (none)
  Source output name: (none)
  Release Data: Off
  Data Released: False
  Global Release Data: Off
  PipelineMTime: 0
  UpdateMTime: 1719
  RealTimeStamp: 0 seconds 
  LargestPossibleRegion: 
    Dimension: 3
    Index: [0, 0, 0]
    Size: [192, 256, 256]
  BufferedRegion: 
    Dimension: 3
    Index: [0, 0, 0]
    Size: [192, 256, 256]
  RequestedRegion: 
    Dimension: 3
    Index: [0, 0, 0]
    Size: [192, 256, 256]
  Spacing: [1, 1, 1]
  Origin: [102.732, 102.596, -144.076]
  Direction: 
-0.999323 0.000206296 -0.0367971
-0.00037302 -0.99999 0.00452411
-0.0367958 0.00453477 0.999313

  IndexToPointMatrix: 
-0.999323 0.000206296 -0.0367971
-0.00037302 -0.99999 0.00452411
-0.0367958 0.00453477 0.999313

  PointToIndexMatrix: 
-0.999323 -0.00037302 -0.0367958
0.000206296 -0.99999 0.00453477
-0.0367971 0.00452411 0.999313

  Inverse Direction: 
-0.999323 -0.00037302 -0.0367958
0.000206296 -0.99999 0.00453477
-0.0367971 0.00452411 0.999313

  PixelContainer: 
    ImportImageContainer (0x55b0642692d0)
      RTTI typeinfo:   itk::ImportImageContainer<unsigned long, float>
      Reference Count: 1
      Modified Time: 1716
      Debug: Off
      Object Name: 
      Observers: 
        none
      Pointer: 0x7f2626a15010
      Container manages memory: true
      Size: 12582912
      Capacity: 12582912

     Weighting = 1
     Sampling strategy = regular
     Number of bins = 32
     Radius = 4
     Sampling percentage  = 0.25
   Transform = Rigid
     Gradient step = 0.1
     Update field sigma (voxel space) = 0
     Total field sigma (voxel space) = 0
     Update field time sigma = 0
     Total field time sigma  = 0
     Number of time indices = 0
     Number of time point samples = 0
Stage 2 State
   Image metric = Mattes
     Fixed image = Image (0x55b06427e8d0)
  RTTI typeinfo:   itk::Image<float, 3u>
  Reference Count: 2
  Modified Time: 2149
  Debug: Off
  Object Name: 
  Observers: 
    none
  Source: (none)
  Source output name: (none)
  Release Data: Off
  Data Released: False
  Global Release Data: Off
  PipelineMTime: 0
  UpdateMTime: 1934
  RealTimeStamp: 0 seconds 
  LargestPossibleRegion: 
    Dimension: 3
    Index: [0, 0, 0]
    Size: [192, 256, 256]
  BufferedRegion: 
    Dimension: 3
    Index: [0, 0, 0]
    Size: [192, 256, 256]
  RequestedRegion: 
    Dimension: 3
    Index: [0, 0, 0]
    Size: [192, 256, 256]
  Spacing: [1, 1, 1]
  Origin: [95.0313, 100.538, -154.123]
  Direction: 
-0.999853 -0.014134 -0.00966312
0.014129 -0.9999 0.000586045
-0.00967044 0.000449429 0.999953

  IndexToPointMatrix: 
-0.999853 -0.014134 -0.00966312
0.014129 -0.9999 0.000586045
-0.00967044 0.000449429 0.999953

  PointToIndexMatrix: 
-0.999853 0.014129 -0.00967044
-0.014134 -0.9999 0.000449429
-0.00966312 0.000586045 0.999953

  Inverse Direction: 
-0.999853 0.014129 -0.00967044
-0.014134 -0.9999 0.000449429
-0.00966312 0.000586045 0.999953

  PixelContainer: 
    ImportImageContainer (0x55b06426e6a0)
      RTTI typeinfo:   itk::ImportImageContainer<unsigned long, float>
      Reference Count: 1
      Modified Time: 1931
      Debug: Off
      Object Name: 
      Observers: 
        none
      Pointer: 0x7f2623a14010
      Container manages memory: true
      Size: 12582912
      Capacity: 12582912

     Moving image = Image (0x55b06427e530)
  RTTI typeinfo:   itk::Image<float, 3u>
  Reference Count: 2
  Modified Time: 2150
  Debug: Off
  Object Name: 
  Observers: 
    none
  Source: (none)
  Source output name: (none)
  Release Data: Off
  Data Released: False
  Global Release Data: Off
  PipelineMTime: 0
  UpdateMTime: 2147
  RealTimeStamp: 0 seconds 
  LargestPossibleRegion: 
    Dimension: 3
    Index: [0, 0, 0]
    Size: [192, 256, 256]
  BufferedRegion: 
    Dimension: 3
    Index: [0, 0, 0]
    Size: [192, 256, 256]
  RequestedRegion: 
    Dimension: 3
    Index: [0, 0, 0]
    Size: [192, 256, 256]
  Spacing: [1, 1, 1]
  Origin: [102.732, 102.596, -144.076]
  Direction: 
-0.999323 0.000206296 -0.0367971
-0.00037302 -0.99999 0.00452411
-0.0367958 0.00453477 0.999313

  IndexToPointMatrix: 
-0.999323 0.000206296 -0.0367971
-0.00037302 -0.99999 0.00452411
-0.0367958 0.00453477 0.999313

  PointToIndexMatrix: 
-0.999323 -0.00037302 -0.0367958
0.000206296 -0.99999 0.00453477
-0.0367971 0.00452411 0.999313

  Inverse Direction: 
-0.999323 -0.00037302 -0.0367958
0.000206296 -0.99999 0.00453477
-0.0367971 0.00452411 0.999313

  PixelContainer: 
    ImportImageContainer (0x55b06427f8a0)
      RTTI typeinfo:   itk::ImportImageContainer<unsigned long, float>
      Reference Count: 1
      Modified Time: 2144
      Debug: Off
      Object Name: 
      Observers: 
        none
      Pointer: 0x7f2620a13010
      Container manages memory: true
      Size: 12582912
      Capacity: 12582912

     Weighting = 1
     Sampling strategy = regular
     Number of bins = 32
     Radius = 4
     Sampling percentage  = 0.25
   Transform = Affine
     Gradient step = 0.1
     Update field sigma (voxel space) = 0
     Total field sigma (voxel space) = 0
     Update field time sigma = 0
     Total field time sigma  = 0
     Number of time indices = 0
     Number of time point samples = 0
Stage 3 State
   Image metric = CC
     Fixed image = Image (0x55b064285a00)
  RTTI typeinfo:   itk::Image<float, 3u>
  Reference Count: 2
  Modified Time: 2577
  Debug: Off
  Object Name: 
  Observers: 
    none
  Source: (none)
  Source output name: (none)
  Release Data: Off
  Data Released: False
  Global Release Data: Off
  PipelineMTime: 0
  UpdateMTime: 2362
  RealTimeStamp: 0 seconds 
  LargestPossibleRegion: 
    Dimension: 3
    Index: [0, 0, 0]
    Size: [192, 256, 256]
  BufferedRegion: 
    Dimension: 3
    Index: [0, 0, 0]
    Size: [192, 256, 256]
  RequestedRegion: 
    Dimension: 3
    Index: [0, 0, 0]
    Size: [192, 256, 256]
  Spacing: [1, 1, 1]
  Origin: [95.0313, 100.538, -154.123]
  Direction: 
-0.999853 -0.014134 -0.00966312
0.014129 -0.9999 0.000586045
-0.00967044 0.000449429 0.999953

  IndexToPointMatrix: 
-0.999853 -0.014134 -0.00966312
0.014129 -0.9999 0.000586045
-0.00967044 0.000449429 0.999953

  PointToIndexMatrix: 
-0.999853 0.014129 -0.00967044
-0.014134 -0.9999 0.000449429
-0.00966312 0.000586045 0.999953

  Inverse Direction: 
-0.999853 0.014129 -0.00967044
-0.014134 -0.9999 0.000449429
-0.00966312 0.000586045 0.999953

  PixelContainer: 
    ImportImageContainer (0x55b064267b50)
      RTTI typeinfo:   itk::ImportImageContainer<unsigned long, float>
      Reference Count: 1
      Modified Time: 2359
      Debug: Off
      Object Name: 
      Observers: 
        none
      Pointer: 0x7f261da12010
      Container manages memory: true
      Size: 12582912
      Capacity: 12582912

     Moving image = Image (0x55b064282d50)
  RTTI typeinfo:   itk::Image<float, 3u>
  Reference Count: 2
  Modified Time: 2578
  Debug: Off
  Object Name: 
  Observers: 
    none
  Source: (none)
  Source output name: (none)
  Release Data: Off
  Data Released: False
  Global Release Data: Off
  PipelineMTime: 0
  UpdateMTime: 2575
  RealTimeStamp: 0 seconds 
  LargestPossibleRegion: 
    Dimension: 3
    Index: [0, 0, 0]
    Size: [192, 256, 256]
  BufferedRegion: 
    Dimension: 3
    Index: [0, 0, 0]
    Size: [192, 256, 256]
  RequestedRegion: 
    Dimension: 3
    Index: [0, 0, 0]
    Size: [192, 256, 256]
  Spacing: [1, 1, 1]
  Origin: [102.732, 102.596, -144.076]
  Direction: 
-0.999323 0.000206296 -0.0367971
-0.00037302 -0.99999 0.00452411
-0.0367958 0.00453477 0.999313

  IndexToPointMatrix: 
-0.999323 0.000206296 -0.0367971
-0.00037302 -0.99999 0.00452411
-0.0367958 0.00453477 0.999313

  PointToIndexMatrix: 
-0.999323 -0.00037302 -0.0367958
0.000206296 -0.99999 0.00453477
-0.0367971 0.00452411 0.999313

  Inverse Direction: 
-0.999323 -0.00037302 -0.0367958
0.000206296 -0.99999 0.00453477
-0.0367971 0.00452411 0.999313

  PixelContainer: 
    ImportImageContainer (0x55b064281b00)
      RTTI typeinfo:   itk::ImportImageContainer<unsigned long, float>
      Reference Count: 1
      Modified Time: 2572
      Debug: Off
      Object Name: 
      Observers: 
        none
      Pointer: 0x7f261aa11010
      Container manages memory: true
      Size: 12582912
      Capacity: 12582912

     Weighting = 1
     Sampling strategy = none
     Number of bins = 32
     Radius = 4
     Sampling percentage  = 1
   Transform = SyN
     Gradient step = 0.1
     Update field sigma (voxel space) = 3
     Total field sigma (voxel space) = 0
     Update field time sigma = 0
     Total field time sigma  = 0
     Number of time indices = 0
     Number of time point samples = 0
Registration using 3 total stages.

Stage 0
  iterations = 1000x500x250x0
  convergence threshold = 1e-06
  convergence window size = 10
  number of levels = 4
  using the Mattes MI metric (number of bins = 32, weight = 1)
  preprocessing:  winsorizing the image intensities
  preprocessing:  histogram matching the images
  Shrink factors (level 1 out of 4): [6, 6, 6]
  Shrink factors (level 2 out of 4): [4, 4, 4]
  Shrink factors (level 3 out of 4): [2, 2, 2]
  Shrink factors (level 4 out of 4): [1, 1, 1]
  smoothing sigmas per level: [4, 2, 1, 0]
  regular sampling (percentage = 0.25)

*** Running Euler3DTransform registration ***

DIAGNOSTIC,Iteration,metricValue,convergenceValue,ITERATION_TIME_INDEX,SINCE_LAST
 2DIAGNOSTIC,     1, -8.156893253326e-01, inf, 8.1553e-01, 8.1553e-01, 
 2DIAGNOSTIC,     2, -8.170703649521e-01, inf, 8.2456e-01, 9.0349e-03, 
 2DIAGNOSTIC,     3, -8.195717930794e-01, inf, 8.4017e-01, 1.5606e-02, 
 2DIAGNOSTIC,     4, -8.227329850197e-01, inf, 8.4915e-01, 8.9810e-03, 
 2DIAGNOSTIC,     5, -8.266454935074e-01, inf, 8.5822e-01, 9.0711e-03, 
 2DIAGNOSTIC,     6, -8.304923772812e-01, inf, 8.6725e-01, 9.0318e-03, 
 2DIAGNOSTIC,     7, -8.340370655060e-01, inf, 8.7548e-01, 8.2319e-03, 
 2DIAGNOSTIC,     8, -8.374379873276e-01, inf, 8.8445e-01, 8.9710e-03, 
 2DIAGNOSTIC,     9, -8.439846634865e-01, inf, 8.9470e-01, 1.0251e-02, 
 2DIAGNOSTIC,    10, -8.477355241776e-01, 2.539026318118e-03, 9.0788e-01, 1.3173e-02, 
 2DIAGNOSTIC,    11, -8.507995009422e-01, 2.453979803249e-03, 9.1640e-01, 8.5270e-03, 
 2DIAGNOSTIC,    12, -8.524503707886e-01, 2.250096760690e-03, 9.2622e-01, 9.8109e-03, 
 2DIAGNOSTIC,    13, -8.561589121819e-01, 2.036976395175e-03, 9.3580e-01, 9.5880e-03, 
 2DIAGNOSTIC,    14, -8.587419390678e-01, 1.805160893127e-03, 9.4651e-01, 1.0702e-02, 
 2DIAGNOSTIC,    15, -8.625904917717e-01, 1.613090164028e-03, 9.5583e-01, 9.3281e-03, 
 2DIAGNOSTIC,    16, -8.633685112000e-01, 1.395008526742e-03, 9.6413e-01, 8.2979e-03, 
 2DIAGNOSTIC,    17, -8.636991381645e-01, 1.153306802735e-03, 9.7359e-01, 9.4569e-03, 
 2DIAGNOSTIC,    18, -8.638683557510e-01, 8.977822726592e-04, 9.8267e-01, 9.0830e-03, 
 2DIAGNOSTIC,    19, -8.639400005341e-01, 7.023702492006e-04, 9.9213e-01, 9.4581e-03, 
 2DIAGNOSTIC,    20, -8.640342950821e-01, 5.252543487586e-04, 1.0013e+00, 9.1410e-03, 
 2DIAGNOSTIC,    21, -8.640056848526e-01, 3.654090978671e-04, 1.0124e+00, 1.1149e-02, 
 2DIAGNOSTIC,    22, -8.640494942665e-01, 2.120363351423e-04, 1.0215e+00, 9.0630e-03, 
 2DIAGNOSTIC,    23, -8.640378117561e-01, 1.062155133695e-04, 1.0296e+00, 8.0900e-03, 
 2DIAGNOSTIC,    24, -8.640075922012e-01, 3.385440140846e-05, 1.0392e+00, 9.6371e-03, 
 2DIAGNOSTIC,    25, -8.639653921127e-01, 1.511674963695e-05, 1.0474e+00, 8.2099e-03, 
 2DIAGNOSTIC,    26, -8.639739751816e-01, 6.599107564398e-06, 1.0567e+00, 9.2680e-03, 
 2DIAGNOSTIC,    27, -8.639245629311e-01, 1.649495970923e-06, 1.0660e+00, 9.3250e-03, 
DIAGNOSTIC,Iteration,metricValue,convergenceValue,ITERATION_TIME_INDEX,SINCE_LAST
 2DIAGNOSTIC,     1, -6.790057420731e-01, inf, 1.9491e+00, 8.8309e-01, 
 2DIAGNOSTIC,     2, -6.797202825546e-01, inf, 1.9839e+00, 3.4833e-02, 
 2DIAGNOSTIC,     3, -6.805506944656e-01, inf, 2.0151e+00, 3.1147e-02, 
 2DIAGNOSTIC,     4, -6.811529397964e-01, inf, 2.0455e+00, 3.0431e-02, 
 2DIAGNOSTIC,     5, -6.817035079002e-01, inf, 2.0764e+00, 3.0918e-02, 
 2DIAGNOSTIC,     6, -6.821734905243e-01, inf, 2.1180e+00, 4.1545e-02, 
 2DIAGNOSTIC,     7, -6.824039220810e-01, inf, 2.1531e+00, 3.5145e-02, 
 2DIAGNOSTIC,     8, -6.825090646744e-01, inf, 2.1828e+00, 2.9703e-02, 
 2DIAGNOSTIC,     9, -6.828380227089e-01, inf, 2.2217e+00, 3.8896e-02, 
 2DIAGNOSTIC,    10, -6.828448772430e-01, 3.618146292865e-04, 2.2603e+00, 3.8580e-02, 
 2DIAGNOSTIC,    11, -6.828442215919e-01, 2.578289713711e-04, 2.2930e+00, 3.2665e-02, 
 2DIAGNOSTIC,    12, -6.828776597977e-01, 1.740501902532e-04, 2.3386e+00, 4.5616e-02, 
 2DIAGNOSTIC,    13, -6.828667521477e-01, 1.137381550507e-04, 2.3725e+00, 3.3917e-02, 
 2DIAGNOSTIC,    14, -6.828771829605e-01, 6.984165520407e-05, 2.4090e+00, 3.6469e-02, 
 2DIAGNOSTIC,    15, -6.828892230988e-01, 4.098570934730e-05, 2.4486e+00, 3.9639e-02, 
 2DIAGNOSTIC,    16, -6.828707456589e-01, 2.392430542386e-05, 2.5036e+00, 5.5012e-02, 
 2DIAGNOSTIC,    17, -6.828773617744e-01, 1.269776839763e-05, 2.5402e+00, 3.6601e-02, 
 2DIAGNOSTIC,    18, -6.828588247299e-01, 3.503641437419e-06, 2.5804e+00, 4.0174e-02, 
 2DIAGNOSTIC,    19, -6.828597784042e-01, 2.362407940382e-06, 2.6130e+00, 3.2599e-02, 
 2DIAGNOSTIC,    20, -6.828543543816e-01, 1.299949644817e-06, 2.6514e+00, 3.8379e-02, 
DIAGNOSTIC,Iteration,metricValue,convergenceValue,ITERATION_TIME_INDEX,SINCE_LAST
 2DIAGNOSTIC,     1, -5.922212600708e-01, inf, 3.8306e+00, 1.1792e+00, 
 2DIAGNOSTIC,     2, -5.924605131149e-01, inf, 4.0520e+00, 2.2140e-01, 
 2DIAGNOSTIC,     3, -5.926089882851e-01, inf, 4.2741e+00, 2.2212e-01, 
 2DIAGNOSTIC,     4, -5.926688313484e-01, inf, 4.5878e+00, 3.1365e-01, 
 2DIAGNOSTIC,     5, -5.926631689072e-01, inf, 5.0359e+00, 4.4812e-01, 
 2DIAGNOSTIC,     6, -5.926639437675e-01, inf, 5.3027e+00, 2.6683e-01, 
 2DIAGNOSTIC,     7, -5.926641821861e-01, inf, 5.5787e+00, 2.7597e-01, 
 2DIAGNOSTIC,     8, -5.926641821861e-01, inf, 5.8424e+00, 2.6368e-01, 
 2DIAGNOSTIC,     9, -5.926640629768e-01, inf, 6.0846e+00, 2.4226e-01, 
 2DIAGNOSTIC,    10, -5.926641225815e-01, 3.470983574516e-05, 6.3330e+00, 2.4833e-01, 
 2DIAGNOSTIC,    11, -5.926638245583e-01, 1.373257509840e-05, 6.5835e+00, 2.5051e-01, 
 2DIAGNOSTIC,    12, -5.926639437675e-01, 4.701650595962e-06, 6.8505e+00, 2.6704e-01, 
 2DIAGNOSTIC,    13, -5.926638841629e-01, 2.284757101734e-06, 7.1000e+00, 2.4951e-01, 
 2DIAGNOSTIC,    14, -5.926638841629e-01, 2.283931053171e-06, 7.3423e+00, 2.4232e-01, 
 2DIAGNOSTIC,    15, -5.926637053490e-01, 2.094836190736e-06, 7.5838e+00, 2.4143e-01, 
 2DIAGNOSTIC,    16, -5.926638245583e-01, 1.958553184522e-06, 7.8240e+00, 2.4021e-01, 
 2DIAGNOSTIC,    17, -5.926637649536e-01, 1.845895894803e-06, 8.0716e+00, 2.4760e-01, 
 2DIAGNOSTIC,    18, -5.926637649536e-01, 1.748105205479e-06, 8.3628e+00, 2.9125e-01, 
 2DIAGNOSTIC,    19, -5.926638841629e-01, 1.662359522925e-06, 8.6660e+00, 3.0320e-01, 
 2DIAGNOSTIC,    20, -5.926637053490e-01, 1.583613538969e-06, 8.9114e+00, 2.4534e-01, 
 2DIAGNOSTIC,    21, -5.926637649536e-01, 1.507602405582e-06, 9.1617e+00, 2.5037e-01, 
 2DIAGNOSTIC,    22, -5.926637649536e-01, 1.441720428375e-06, 9.4369e+00, 2.7519e-01, 
 2DIAGNOSTIC,    23, -5.926636457443e-01, 1.378183128509e-06, 9.6907e+00, 2.5372e-01, 
 2DIAGNOSTIC,    24, -5.926637649536e-01, 1.322957245975e-06, 9.9144e+00, 2.2379e-01, 
 2DIAGNOSTIC,    25, -5.926637649536e-01, 1.268828896173e-06, 1.0215e+01, 3.0079e-01, 
 2DIAGNOSTIC,    26, -5.926638245583e-01, 1.222555624736e-06, 1.0483e+01, 2.6732e-01, 
 2DIAGNOSTIC,    27, -5.926635861397e-01, 1.174489170808e-06, 1.0731e+01, 2.4892e-01, 
 2DIAGNOSTIC,    28, -5.926635861397e-01, 1.130282839767e-06, 1.0989e+01, 2.5736e-01, 
 2DIAGNOSTIC,    29, -5.926635265350e-01, 1.090701402973e-06, 1.1233e+01, 2.4369e-01, 
 2DIAGNOSTIC,    30, -5.926635265350e-01, 1.051385993378e-06, 1.1493e+01, 2.6034e-01, 
 2DIAGNOSTIC,    31, -5.926635861397e-01, 1.017296995087e-06, 1.1732e+01, 2.3953e-01, 
DIAGNOSTIC,Iteration,metricValue,convergenceValue,ITERATION_TIME_INDEX,SINCE_LAST
 2DIAGNOSTIC,     1, -5.358935594559e-01, inf, 1.4363e+01, 2.6311e+00, 
  Elapsed time (stage 0): 1.5537e+01


Stage 1
  iterations = 1000x500x250x0
  convergence threshold = 1.0000e-06
  convergence window size = 10
  number of levels = 4
  using the Mattes MI metric (number of bins = 32, weight = 1.0000e+00)
  preprocessing:  winsorizing the image intensities
  preprocessing:  histogram matching the images
  Shrink factors (level 1 out of 4): [6, 6, 6]
  Shrink factors (level 2 out of 4): [4, 4, 4]
  Shrink factors (level 3 out of 4): [2, 2, 2]
  Shrink factors (level 4 out of 4): [1, 1, 1]
  smoothing sigmas per level: [4, 2, 1, 0]
  regular sampling (percentage = 2.5000e-01)

*** Running AffineTransform registration ***

DIAGNOSTIC,Iteration,metricValue,convergenceValue,ITERATION_TIME_INDEX,SINCE_LAST
 2DIAGNOSTIC,     1, -8.528021574020e-01, inf, 8.4023e-01, 8.4023e-01, 
 2DIAGNOSTIC,     2, -8.557483553886e-01, inf, 8.5054e-01, 1.0310e-02, 
 2DIAGNOSTIC,     3, -8.607791066170e-01, inf, 8.6071e-01, 1.0167e-02, 
 2DIAGNOSTIC,     4, -8.692122101784e-01, inf, 8.7095e-01, 1.0237e-02, 
 2DIAGNOSTIC,     5, -8.837721943855e-01, inf, 8.8111e-01, 1.0157e-02, 
 2DIAGNOSTIC,     6, -9.100971817970e-01, inf, 8.9120e-01, 1.0092e-02, 
 2DIAGNOSTIC,     7, -9.575740098953e-01, inf, 9.0148e-01, 1.0284e-02, 
 2DIAGNOSTIC,     8, -1.001474261284e+00, inf, 9.1337e-01, 1.1887e-02, 
 2DIAGNOSTIC,     9, -1.018540740013e+00, inf, 9.3214e-01, 1.8770e-02, 
 2DIAGNOSTIC,    10, -1.018813490868e+00, 1.394186727703e-02, 9.4182e-01, 9.6779e-03, 
 2DIAGNOSTIC,    11, -1.019866704941e+00, 1.303163636476e-02, 9.5118e-01, 9.3589e-03, 
 2DIAGNOSTIC,    12, -1.021573901176e+00, 1.122717559338e-02, 9.6056e-01, 9.3820e-03, 
 2DIAGNOSTIC,    13, -1.024297952652e+00, 8.878258056939e-03, 9.7004e-01, 9.4790e-03, 
 2DIAGNOSTIC,    14, -1.028205752373e+00, 6.354546640068e-03, 9.7951e-01, 9.4769e-03, 
 2DIAGNOSTIC,    15, -1.033643722534e+00, 4.018283914775e-03, 9.8863e-01, 9.1181e-03, 
 2DIAGNOSTIC,    16, -1.039838194847e+00, 2.217166591436e-03, 9.9797e-01, 9.3389e-03, 
 2DIAGNOSTIC,    17, -1.046024203300e+00, 1.348699675873e-03, 1.0109e+00, 1.2976e-02, 
 2DIAGNOSTIC,    18, -1.047144889832e+00, 1.182921812870e-03, 1.0306e+00, 1.9614e-02, 
 2DIAGNOSTIC,    19, -1.047148108482e+00, 1.189816277474e-03, 1.0399e+00, 9.3081e-03, 
 2DIAGNOSTIC,    20, -1.047165751457e+00, 1.090473961085e-03, 1.0490e+00, 9.1529e-03, 
 2DIAGNOSTIC,    21, -1.047193884850e+00, 9.138779132627e-04, 1.0584e+00, 9.3451e-03, 
 2DIAGNOSTIC,    22, -1.047241806984e+00, 6.914503173903e-04, 1.0674e+00, 9.0079e-03, 
 2DIAGNOSTIC,    23, -1.047320008278e+00, 4.603379347827e-04, 1.0767e+00, 9.3231e-03, 
 2DIAGNOSTIC,    24, -1.047445297241e+00, 2.550655917730e-04, 1.0859e+00, 9.1829e-03, 
 2DIAGNOSTIC,    25, -1.047635793686e+00, 1.068055498763e-04, 1.0951e+00, 9.1779e-03, 
 2DIAGNOSTIC,    26, -1.047919154167e+00, 2.998938180099e-05, 1.1043e+00, 9.2399e-03, 
 2DIAGNOSTIC,    27, -1.048292875290e+00, 2.533163569751e-05, 1.1137e+00, 9.4161e-03, 
 2DIAGNOSTIC,    28, -1.048670649529e+00, 3.392654980416e-05, 1.1231e+00, 9.3470e-03, 
 2DIAGNOSTIC,    29, -1.049128174782e+00, 4.328529757913e-05, 1.1323e+00, 9.2299e-03, 
 2DIAGNOSTIC,    30, -1.049624085426e+00, 5.280893310555e-05, 1.1416e+00, 9.3510e-03, 
 2DIAGNOSTIC,    31, -1.050158381462e+00, 6.186863902258e-05, 1.1521e+00, 1.0476e-02, 
 2DIAGNOSTIC,    32, -1.050477623940e+00, 6.775466317777e-05, 1.1659e+00, 1.3804e-02, 
 2DIAGNOSTIC,    33, -1.050573825836e+00, 6.843425217085e-05, 1.1752e+00, 9.2959e-03, 
 2DIAGNOSTIC,    34, -1.050590515137e+00, 6.388003384927e-05, 1.1854e+00, 1.0198e-02, 
 2DIAGNOSTIC,    35, -1.050726771355e+00, 5.622649405268e-05, 1.1955e+00, 1.0122e-02, 
 2DIAGNOSTIC,    36, -1.050815701485e+00, 4.657261888497e-05, 1.2076e+00, 1.2044e-02, 
 2DIAGNOSTIC,    37, -1.050896048546e+00, 3.652687519207e-05, 1.2178e+00, 1.0267e-02, 
 2DIAGNOSTIC,    38, -1.050907015800e+00, 2.650933856785e-05, 1.2294e+00, 1.1519e-02, 
 2DIAGNOSTIC,    39, -1.050915837288e+00, 1.792527655198e-05, 1.2409e+00, 1.1572e-02, 
 2DIAGNOSTIC,    40, -1.051007747650e+00, 1.219639489136e-05, 1.2537e+00, 1.2786e-02, 
 2DIAGNOSTIC,    41, -1.051007390022e+00, 9.233887794835e-06, 1.2643e+00, 1.0539e-02, 
 2DIAGNOSTIC,    42, -1.051011919975e+00, 7.763979738229e-06, 1.2760e+00, 1.1768e-02, 
 2DIAGNOSTIC,    43, -1.050972938538e+00, 6.092781859479e-06, 1.2853e+00, 9.2208e-03, 
 2DIAGNOSTIC,    44, -1.050974845886e+00, 4.103435458092e-06, 1.2957e+00, 1.0414e-02, 
 2DIAGNOSTIC,    45, -1.050975203514e+00, 2.710487933655e-06, 1.3060e+00, 1.0380e-02, 
 2DIAGNOSTIC,    46, -1.050976037979e+00, 1.716572910482e-06, 1.3154e+00, 9.3360e-03, 
 2DIAGNOSTIC,    47, -1.050976753235e+00, 1.159094949799e-06, 1.3257e+00, 1.0300e-02, 
DIAGNOSTIC,Iteration,metricValue,convergenceValue,ITERATION_TIME_INDEX,SINCE_LAST
 2DIAGNOSTIC,     1, -7.991756200790e-01, inf, 2.2044e+00, 8.7871e-01, 
 2DIAGNOSTIC,     2, -8.005108237267e-01, inf, 2.2432e+00, 3.8810e-02, 
 2DIAGNOSTIC,     3, -8.023091554642e-01, inf, 2.2767e+00, 3.3509e-02, 
 2DIAGNOSTIC,     4, -8.040099143982e-01, inf, 2.3104e+00, 3.3673e-02, 
 2DIAGNOSTIC,     5, -8.056001067162e-01, inf, 2.3443e+00, 3.3880e-02, 
 2DIAGNOSTIC,     6, -8.072424530983e-01, inf, 2.3778e+00, 3.3565e-02, 
 2DIAGNOSTIC,     7, -8.087475299835e-01, inf, 2.4165e+00, 3.8641e-02, 
 2DIAGNOSTIC,     8, -8.090685606003e-01, inf, 2.4590e+00, 4.2511e-02, 
 2DIAGNOSTIC,     9, -8.093137145042e-01, inf, 2.4940e+00, 3.5049e-02, 
 2DIAGNOSTIC,    10, -8.094083070755e-01, 8.905913564377e-04, 2.5321e+00, 3.8059e-02, 
 2DIAGNOSTIC,    11, -8.097637891769e-01, 6.776350201108e-04, 2.5732e+00, 4.1108e-02, 
 2DIAGNOSTIC,    12, -8.099024891853e-01, 4.818806482945e-04, 2.6112e+00, 3.8049e-02, 
 2DIAGNOSTIC,    13, -8.107647299767e-01, 3.448522766121e-04, 2.6451e+00, 3.3869e-02, 
 2DIAGNOSTIC,    14, -8.108779191971e-01, 2.414325717837e-04, 2.6920e+00, 4.6921e-02, 
 2DIAGNOSTIC,    15, -8.108710050583e-01, 1.667787728366e-04, 2.7329e+00, 4.0853e-02, 
 2DIAGNOSTIC,    16, -8.108623027802e-01, 1.217591780005e-04, 2.7768e+00, 4.3879e-02, 
 2DIAGNOSTIC,    17, -8.108773827553e-01, 1.023041186272e-04, 2.8140e+00, 3.7249e-02, 
 2DIAGNOSTIC,    18, -8.108477592468e-01, 8.112264185911e-05, 2.8480e+00, 3.4034e-02, 
 2DIAGNOSTIC,    19, -8.108509182930e-01, 5.941708150203e-05, 2.8865e+00, 3.8464e-02, 
 2DIAGNOSTIC,    20, -8.108466863632e-01, 3.620335701271e-05, 2.9412e+00, 5.4678e-02, 
 2DIAGNOSTIC,    21, -8.108479380608e-01, 1.809271088860e-05, 2.9796e+00, 3.8376e-02, 
 2DIAGNOSTIC,    22, -8.108408451080e-01, 1.812182063077e-06, 3.0174e+00, 3.7854e-02, 
DIAGNOSTIC,Iteration,metricValue,convergenceValue,ITERATION_TIME_INDEX,SINCE_LAST
 2DIAGNOSTIC,     1, -6.920669674873e-01, inf, 4.1865e+00, 1.1691e+00, 
 2DIAGNOSTIC,     2, -6.925391554832e-01, inf, 4.4729e+00, 2.8641e-01, 
 2DIAGNOSTIC,     3, -6.928760409355e-01, inf, 4.7444e+00, 2.7146e-01, 
 2DIAGNOSTIC,     4, -6.930965781212e-01, inf, 4.9995e+00, 2.5513e-01, 
 2DIAGNOSTIC,     5, -6.932552456856e-01, inf, 5.2869e+00, 2.8736e-01, 
 2DIAGNOSTIC,     6, -6.933950781822e-01, inf, 5.5778e+00, 2.9090e-01, 
 2DIAGNOSTIC,     7, -6.934204697609e-01, inf, 6.1682e+00, 5.9041e-01, 
 2DIAGNOSTIC,     8, -6.934212446213e-01, inf, 6.4552e+00, 2.8701e-01, 
 2DIAGNOSTIC,     9, -6.934210062027e-01, inf, 6.7435e+00, 2.8833e-01, 
 2DIAGNOSTIC,    10, -6.934210062027e-01, 1.131406970671e-04, 7.0542e+00, 3.1066e-01, 
 2DIAGNOSTIC,    11, -6.934211850166e-01, 6.505465717055e-05, 7.3391e+00, 2.8486e-01, 
 2DIAGNOSTIC,    12, -6.934199929237e-01, 3.532235496095e-05, 7.5966e+00, 2.5759e-01, 
 2DIAGNOSTIC,    13, -6.934200525284e-01, 1.777387114998e-05, 7.9085e+00, 3.1190e-01, 
 2DIAGNOSTIC,    14, -6.934193372726e-01, 7.706787982897e-06, 8.2401e+00, 3.3156e-01, 
 2DIAGNOSTIC,    15, -6.934198737144e-01, 2.737032900768e-06, 8.5349e+00, 2.9484e-01, 
 2DIAGNOSTIC,    16, -6.934199929237e-01, 1.899317339848e-06, 8.8430e+00, 3.0805e-01, 
 2DIAGNOSTIC,    17, -6.934201717377e-01, 1.784734308785e-06, 9.1461e+00, 3.0311e-01, 
 2DIAGNOSTIC,    18, -6.934194564819e-01, 1.692755859040e-06, 9.4350e+00, 2.8887e-01, 
 2DIAGNOSTIC,    19, -6.934186220169e-01, 1.594624336576e-06, 9.7256e+00, 2.9064e-01, 
 2DIAGNOSTIC,    20, -6.934188604355e-01, 1.518481894891e-06, 1.0060e+01, 3.3420e-01, 
 2DIAGNOSTIC,    21, -6.934179663658e-01, 1.442179041078e-06, 1.0437e+01, 3.7668e-01, 
 2DIAGNOSTIC,    22, -6.934182047844e-01, 1.362083821732e-06, 1.0818e+01, 3.8144e-01, 
 2DIAGNOSTIC,    23, -6.934180855751e-01, 1.296294385611e-06, 1.1106e+01, 2.8789e-01, 
 2DIAGNOSTIC,    24, -6.934182643890e-01, 1.234924070559e-06, 1.1422e+01, 3.1608e-01, 
 2DIAGNOSTIC,    25, -6.934185028076e-01, 1.199476741931e-06, 1.1713e+01, 2.9096e-01, 
 2DIAGNOSTIC,    26, -6.934180259705e-01, 1.167672735392e-06, 1.2015e+01, 3.0172e-01, 
 2DIAGNOSTIC,    27, -6.934182643890e-01, 1.150344587586e-06, 1.2385e+01, 3.7089e-01, 
 2DIAGNOSTIC,    28, -6.934183835983e-01, 1.128227609115e-06, 1.2712e+01, 3.2610e-01, 
 2DIAGNOSTIC,    29, -6.934185028076e-01, 1.097923586713e-06, 1.3002e+01, 2.9050e-01, 
 2DIAGNOSTIC,    30, -6.934185624123e-01, 1.073981479749e-06, 1.3302e+01, 3.0014e-01, 
 2DIAGNOSTIC,    31, -6.934184432030e-01, 1.036942535393e-06, 1.3699e+01, 3.9707e-01, 
 2DIAGNOSTIC,    32, -6.934183239937e-01, 1.002900717140e-06, 1.4035e+01, 3.3525e-01, 
DIAGNOSTIC,Iteration,metricValue,convergenceValue,ITERATION_TIME_INDEX,SINCE_LAST
 2DIAGNOSTIC,     1, -6.137850284576e-01, inf, 1.6844e+01, 2.8096e+00, 
  Elapsed time (stage 1): 1.7994e+01


Stage 2
  iterations = 100x100x70x20
  convergence threshold = 1.0000e-09
  convergence window size = 10
  number of levels = 4
  using the CC metric (radius = 4, weight = 1.0000e+00)
  preprocessing:  winsorizing the image intensities
  preprocessing:  histogram matching the images
  Shrink factors (level 1 out of 4): [6, 6, 6]
  Shrink factors (level 2 out of 4): [4, 4, 4]
  Shrink factors (level 3 out of 4): [2, 2, 2]
  Shrink factors (level 4 out of 4): [1, 1, 1]
  smoothing sigmas per level: [3, 2, 1, 0]
  Using default NONE metricSamplingStrategy 

*** Running SyN registration (varianceForUpdateField = 3.0000e+00, varianceForTotalField = 0.0000e+00) ***

XXDIAGNOSTIC,Iteration,metricValue,convergenceValue,ITERATION_TIME_INDEX,SINCE_LAST
 1DIAGNOSTIC,     1, -8.854175209999e-01, inf, 1.5444e+00, 1.5444e+00, 
 1DIAGNOSTIC,     2, -8.920730352402e-01, inf, 2.3113e+00, 7.6692e-01, 
 1DIAGNOSTIC,     3, -8.989072442055e-01, inf, 3.0746e+00, 7.6326e-01, 
 1DIAGNOSTIC,     4, -9.035159945488e-01, inf, 3.8398e+00, 7.6516e-01, 
 1DIAGNOSTIC,     5, -9.074714183807e-01, inf, 4.6023e+00, 7.6258e-01, 
 1DIAGNOSTIC,     6, -9.108049869537e-01, inf, 5.3816e+00, 7.7924e-01, 
 1DIAGNOSTIC,     7, -9.136086106300e-01, inf, 6.1602e+00, 7.7864e-01, 
 1DIAGNOSTIC,     8, -9.158743619919e-01, inf, 6.9206e+00, 7.6041e-01, 
 1DIAGNOSTIC,     9, -9.178211092949e-01, inf, 7.6781e+00, 7.5743e-01, 
 1DIAGNOSTIC,    10, -9.195172786713e-01, 2.316007856280e-03, 8.4461e+00, 7.6800e-01, 
 1DIAGNOSTIC,    11, -9.210045933723e-01, 1.749441260472e-03, 9.1996e+00, 7.5352e-01, 
 1DIAGNOSTIC,    12, -9.223347902298e-01, 1.326564466581e-03, 9.9597e+00, 7.6009e-01, 
 1DIAGNOSTIC,    13, -9.235100746155e-01, 1.040642382577e-03, 1.0735e+01, 7.7560e-01, 
 1DIAGNOSTIC,    14, -9.245623350143e-01, 8.264654898085e-04, 1.1499e+01, 7.6354e-01, 
 1DIAGNOSTIC,    15, -9.255021810532e-01, 6.664579850622e-04, 1.2265e+01, 7.6582e-01, 
 1DIAGNOSTIC,    16, -9.263574481010e-01, 5.463028210215e-04, 1.3038e+01, 7.7316e-01, 
 1DIAGNOSTIC,    17, -9.271261096001e-01, 4.549720906653e-04, 1.3804e+01, 7.6668e-01, 
 1DIAGNOSTIC,    18, -9.278262257576e-01, 3.826665633824e-04, 1.4573e+01, 7.6835e-01, 
 1DIAGNOSTIC,    19, -9.284651875496e-01, 3.245369298384e-04, 1.5336e+01, 7.6281e-01, 
 1DIAGNOSTIC,    20, -9.290427565575e-01, 2.771545259748e-04, 1.6104e+01, 7.6854e-01, 
 1DIAGNOSTIC,    21, -9.295806884766e-01, 2.382184029557e-04, 1.6879e+01, 7.7506e-01, 
 1DIAGNOSTIC,    22, -9.300783872604e-01, 2.062058774754e-04, 1.7664e+01, 7.8521e-01, 
 1DIAGNOSTIC,    23, -9.305360317230e-01, 1.795758435037e-04, 1.8424e+01, 7.5917e-01, 
 1DIAGNOSTIC,    24, -9.309586286545e-01, 1.572836918058e-04, 1.9191e+01, 7.6693e-01, 
 1DIAGNOSTIC,    25, -9.313520193100e-01, 1.384509087075e-04, 1.9947e+01, 7.5647e-01, 
 1DIAGNOSTIC,    26, -9.317164421082e-01, 1.225127343787e-04, 2.0719e+01, 7.7182e-01, 
 1DIAGNOSTIC,    27, -9.320510625839e-01, 1.088174467441e-04, 2.1483e+01, 7.6414e-01, 
 1DIAGNOSTIC,    28, -9.323674440384e-01, 9.703780960990e-05, 2.2268e+01, 7.8463e-01, 
 1DIAGNOSTIC,    29, -9.326624870300e-01, 8.684841304785e-05, 2.3036e+01, 7.6832e-01, 
 1DIAGNOSTIC,    30, -9.329385161400e-01, 7.791098323651e-05, 2.3823e+01, 7.8677e-01, 
 1DIAGNOSTIC,    31, -9.331948757172e-01, 7.008938700892e-05, 2.4587e+01, 7.6381e-01, 
 1DIAGNOSTIC,    32, -9.334371089935e-01, 6.326294533210e-05, 2.5376e+01, 7.8953e-01, 
 1DIAGNOSTIC,    33, -9.336642026901e-01, 5.726690869778e-05, 2.6122e+01, 7.4619e-01, 
 1DIAGNOSTIC,    34, -9.338779449463e-01, 5.197770224186e-05, 2.6890e+01, 7.6765e-01, 
 1DIAGNOSTIC,    35, -9.340788125992e-01, 4.730984073831e-05, 2.7650e+01, 7.6046e-01, 
 1DIAGNOSTIC,    36, -9.342626333237e-01, 4.312449163990e-05, 2.8457e+01, 8.0708e-01, 
 1DIAGNOSTIC,    37, -9.344419240952e-01, 3.937196379411e-05, 2.9235e+01, 7.7732e-01, 
 1DIAGNOSTIC,    38, -9.346100091934e-01, 3.602551078075e-05, 2.9967e+01, 7.3251e-01, 
 1DIAGNOSTIC,    39, -9.347693920135e-01, 3.303882112959e-05, 3.0722e+01, 7.5475e-01, 
 1DIAGNOSTIC,    40, -9.349183440208e-01, 3.035801455553e-05, 3.1487e+01, 7.6488e-01, 
 1DIAGNOSTIC,    41, -9.350606799126e-01, 2.794228203129e-05, 3.2248e+01, 7.6081e-01, 
 1DIAGNOSTIC,    42, -9.351957440376e-01, 2.577633131295e-05, 3.3013e+01, 7.6537e-01, 
 1DIAGNOSTIC,    43, -9.353200197220e-01, 2.380102887400e-05, 3.3781e+01, 7.6752e-01, 
 1DIAGNOSTIC,    44, -9.354401826859e-01, 2.201523602707e-05, 3.4549e+01, 7.6796e-01, 
 1DIAGNOSTIC,    45, -9.355557560921e-01, 2.040793697233e-05, 3.5327e+01, 7.7803e-01, 
 1DIAGNOSTIC,    46, -9.356650114059e-01, 1.891750798677e-05, 3.6090e+01, 7.6346e-01, 
 1DIAGNOSTIC,    47, -9.357625246048e-01, 1.753183460096e-05, 3.6844e+01, 7.5384e-01, 
 1DIAGNOSTIC,    48, -9.358611106873e-01, 1.627600613574e-05, 3.7619e+01, 7.7473e-01, 
 1DIAGNOSTIC,    49, -9.359558224678e-01, 1.514793166280e-05, 3.8418e+01, 7.9944e-01, 
 1DIAGNOSTIC,    50, -9.360457658768e-01, 1.412244819221e-05, 3.9180e+01, 7.6205e-01, 
 1DIAGNOSTIC,    51, -9.361305832863e-01, 1.319357670582e-05, 3.9946e+01, 7.6597e-01, 
 1DIAGNOSTIC,    52, -9.362100362778e-01, 1.234599585587e-05, 4.0717e+01, 7.7104e-01, 
 1DIAGNOSTIC,    53, -9.362874031067e-01, 1.155742847914e-05, 4.1481e+01, 7.6432e-01, 
 1DIAGNOSTIC,    54, -9.363613128662e-01, 1.083390270651e-05, 4.2265e+01, 7.8343e-01, 
 1DIAGNOSTIC,    55, -9.364320039749e-01, 1.017794329528e-05, 4.3018e+01, 7.5278e-01, 
 1DIAGNOSTIC,    56, -9.364998340607e-01, 9.581931408320e-06, 4.3802e+01, 7.8434e-01, 
 1DIAGNOSTIC,    57, -9.365646243095e-01, 9.002616934595e-06, 4.4574e+01, 7.7216e-01, 
 1DIAGNOSTIC,    58, -9.366268515587e-01, 8.470839020447e-06, 4.5346e+01, 7.7173e-01, 
 1DIAGNOSTIC,    59, -9.366836547852e-01, 7.972260391398e-06, 4.6101e+01, 7.5526e-01, 
 1DIAGNOSTIC,    60, -9.367406368256e-01, 7.516831828980e-06, 4.6862e+01, 7.6041e-01, 
 1DIAGNOSTIC,    61, -9.367948770523e-01, 7.094005923136e-06, 4.7642e+01, 7.8014e-01, 
 1DIAGNOSTIC,    62, -9.368470907211e-01, 6.694574949506e-06, 4.8409e+01, 7.6730e-01, 
 1DIAGNOSTIC,    63, -9.368970990181e-01, 6.324473815766e-06, 4.9181e+01, 7.7157e-01, 
 1DIAGNOSTIC,    64, -9.369450807571e-01, 5.981902631902e-06, 4.9938e+01, 7.5772e-01, 
 1DIAGNOSTIC,    65, -9.369913935661e-01, 5.666106972058e-06, 5.0708e+01, 7.6974e-01, 
 1DIAGNOSTIC,    66, -9.370357394218e-01, 5.375000910135e-06, 5.1472e+01, 7.6358e-01, 
 1DIAGNOSTIC,    67, -9.370780587196e-01, 5.104353476781e-06, 5.2250e+01, 7.7823e-01, 
 1DIAGNOSTIC,    68, -9.371191263199e-01, 4.855160113948e-06, 5.3034e+01, 7.8402e-01, 
 1DIAGNOSTIC,    69, -9.371588230133e-01, 4.612902102963e-06, 5.3801e+01, 7.6763e-01, 
 1DIAGNOSTIC,    70, -9.371953010559e-01, 4.380748578114e-06, 5.4574e+01, 7.7277e-01, 
 1DIAGNOSTIC,    71, -9.372302889824e-01, 4.156461727689e-06, 5.5339e+01, 7.6457e-01, 
 1DIAGNOSTIC,    72, -9.372653365135e-01, 3.947161530959e-06, 5.6102e+01, 7.6300e-01, 
 1DIAGNOSTIC,    73, -9.372996091843e-01, 3.754192448469e-06, 5.6898e+01, 7.9615e-01, 
 1DIAGNOSTIC,    74, -9.373326897621e-01, 3.577077450245e-06, 5.7668e+01, 7.7020e-01, 
 1DIAGNOSTIC,    75, -9.373641014099e-01, 3.414153752601e-06, 5.8440e+01, 7.7204e-01, 
 1DIAGNOSTIC,    76, -9.373948574066e-01, 3.265715122325e-06, 5.9204e+01, 7.6364e-01, 
 1DIAGNOSTIC,    77, -9.374241232872e-01, 3.127016270810e-06, 5.9971e+01, 7.6668e-01, 
 1DIAGNOSTIC,    78, -9.374523162842e-01, 2.997845967911e-06, 6.0735e+01, 7.6438e-01, 
 1DIAGNOSTIC,    79, -9.374797940254e-01, 2.878759687519e-06, 6.1502e+01, 7.6685e-01, 
 1DIAGNOSTIC,    80, -9.375063180923e-01, 2.761444875432e-06, 6.2306e+01, 8.0457e-01, 
 1DIAGNOSTIC,    81, -9.375317096710e-01, 2.643754442033e-06, 6.3073e+01, 7.6706e-01, 
 1DIAGNOSTIC,    82, -9.375567436218e-01, 2.532726284699e-06, 6.3841e+01, 7.6804e-01, 
 1DIAGNOSTIC,    83, -9.375808238983e-01, 2.429389496683e-06, 6.4610e+01, 7.6904e-01, 
 1DIAGNOSTIC,    84, -9.376036524773e-01, 2.331746827622e-06, 6.5406e+01, 7.9504e-01, 
 1DIAGNOSTIC,    85, -9.376251101494e-01, 2.235390184069e-06, 6.6165e+01, 7.5970e-01, 
 1DIAGNOSTIC,    86, -9.376466274261e-01, 2.144983454855e-06, 6.6941e+01, 7.7576e-01, 
 1DIAGNOSTIC,    87, -9.376674890518e-01, 2.058938662231e-06, 6.7710e+01, 7.6911e-01, 
 1DIAGNOSTIC,    88, -9.376863837242e-01, 1.972516884052e-06, 6.8467e+01, 7.5717e-01, 
 1DIAGNOSTIC,    89, -9.377058744431e-01, 1.891700435408e-06, 6.9232e+01, 7.6522e-01, 
 1DIAGNOSTIC,    90, -9.377248883247e-01, 1.817071506593e-06, 6.9995e+01, 7.6284e-01, 
 1DIAGNOSTIC,    91, -9.377433657646e-01, 1.747912961036e-06, 7.0758e+01, 7.6268e-01, 
 1DIAGNOSTIC,    92, -9.377617239952e-01, 1.687301050879e-06, 7.1532e+01, 7.7369e-01, 
 1DIAGNOSTIC,    93, -9.377790689468e-01, 1.632660769246e-06, 7.2302e+01, 7.6981e-01, 
 1DIAGNOSTIC,    94, -9.377960562706e-01, 1.582251002219e-06, 7.3078e+01, 7.7688e-01, 
 1DIAGNOSTIC,    95, -9.378124475479e-01, 1.532686951577e-06, 7.3836e+01, 7.5800e-01, 
 1DIAGNOSTIC,    96, -9.378286600113e-01, 1.486777364335e-06, 7.4633e+01, 7.9690e-01, 
 1DIAGNOSTIC,    97, -9.378439188004e-01, 1.442412667529e-06, 7.5387e+01, 7.5395e-01, 
 1DIAGNOSTIC,    98, -9.378592967987e-01, 1.396604602633e-06, 7.6174e+01, 7.8697e-01, 
 1DIAGNOSTIC,    99, -9.378740191460e-01, 1.352213985228e-06, 7.6951e+01, 7.7706e-01, 
 1DIAGNOSTIC,   100, -9.378882050514e-01, 1.309075059908e-06, 7.7747e+01, 7.9566e-01, 
XXDIAGNOSTIC,Iteration,metricValue,convergenceValue,ITERATION_TIME_INDEX,SINCE_LAST
 1DIAGNOSTIC,     1, -8.584901094437e-01, inf, 8.0999e+01, 3.2516e+00, 
 1DIAGNOSTIC,     2, -8.598315715790e-01, inf, 8.3677e+01, 2.6781e+00, 
 1DIAGNOSTIC,     3, -8.616517186165e-01, inf, 8.6260e+01, 2.5829e+00, 
 1DIAGNOSTIC,     4, -8.631718158722e-01, inf, 8.8818e+01, 2.5581e+00, 
 1DIAGNOSTIC,     5, -8.644775748253e-01, inf, 9.1362e+01, 2.5445e+00, 
 1DIAGNOSTIC,     6, -8.657085299492e-01, inf, 9.3889e+01, 2.5267e+00, 
 1DIAGNOSTIC,     7, -8.668638467789e-01, inf, 9.6408e+01, 2.5191e+00, 
 1DIAGNOSTIC,     8, -8.678306341171e-01, inf, 9.8954e+01, 2.5465e+00, 
 1DIAGNOSTIC,     9, -8.687123656273e-01, inf, 1.0149e+02, 2.5336e+00, 
 1DIAGNOSTIC,    10, -8.694293498993e-01, 8.237396250479e-04, 1.0405e+02, 2.5603e+00, 
 1DIAGNOSTIC,    11, -8.700833320618e-01, 6.806285819039e-04, 1.0659e+02, 2.5387e+00, 
 1DIAGNOSTIC,    12, -8.706908226013e-01, 5.530687049031e-04, 1.0917e+02, 2.5832e+00, 
 1DIAGNOSTIC,    13, -8.712475895882e-01, 4.548048309516e-04, 1.1167e+02, 2.4993e+00, 
 1DIAGNOSTIC,    14, -8.717598915100e-01, 3.766580193769e-04, 1.1431e+02, 2.6454e+00, 
 1DIAGNOSTIC,    15, -8.722372055054e-01, 3.133212740067e-04, 1.1686e+02, 2.5459e+00, 
 1DIAGNOSTIC,    16, -8.726770877838e-01, 2.631994138937e-04, 1.1943e+02, 2.5670e+00, 
 1DIAGNOSTIC,    17, -8.730857372284e-01, 2.247456868645e-04, 1.2195e+02, 2.5206e+00, 
 1DIAGNOSTIC,    18, -8.734629154205e-01, 1.941257069120e-04, 1.2453e+02, 2.5835e+00, 
 1DIAGNOSTIC,    19, -8.738108277321e-01, 1.698724081507e-04, 1.2713e+02, 2.5962e+00, 
 1DIAGNOSTIC,    20, -8.741397261620e-01, 1.493381714681e-04, 1.2965e+02, 2.5220e+00, 
 1DIAGNOSTIC,    21, -8.744413852692e-01, 1.317087735515e-04, 1.3218e+02, 2.5345e+00, 
 1DIAGNOSTIC,    22, -8.747229576111e-01, 1.165922731161e-04, 1.3480e+02, 2.6204e+00, 
 1DIAGNOSTIC,    23, -8.749743103981e-01, 1.033726803144e-04, 1.3737e+02, 2.5686e+00, 
 1DIAGNOSTIC,    24, -8.752097487450e-01, 9.176271123579e-05, 1.3989e+02, 2.5199e+00, 
 1DIAGNOSTIC,    25, -8.754264712334e-01, 8.155574323609e-05, 1.4243e+02, 2.5329e+00, 
 1DIAGNOSTIC,    26, -8.756327629089e-01, 7.260648271767e-05, 1.4493e+02, 2.5016e+00, 
 1DIAGNOSTIC,    27, -8.758172392845e-01, 6.468575156759e-05, 1.4750e+02, 2.5714e+00, 
 1DIAGNOSTIC,    28, -8.759887218475e-01, 5.766780304839e-05, 1.5009e+02, 2.5885e+00, 
 1DIAGNOSTIC,    29, -8.761528730392e-01, 5.149314165465e-05, 1.5255e+02, 2.4583e+00, 
 1DIAGNOSTIC,    30, -8.762978911400e-01, 4.605835056282e-05, 1.5517e+02, 2.6210e+00, 
 1DIAGNOSTIC,    31, -8.764345645905e-01, 4.127338979742e-05, 1.5772e+02, 2.5574e+00, 
 1DIAGNOSTIC,    32, -8.765621185303e-01, 3.709827797138e-05, 1.6032e+02, 2.5972e+00, 
 1DIAGNOSTIC,    33, -8.766784667969e-01, 3.334307984915e-05, 1.6280e+02, 2.4812e+00, 
 1DIAGNOSTIC,    34, -8.767874240875e-01, 2.999972639373e-05, 1.6532e+02, 2.5197e+00, 
 1DIAGNOSTIC,    35, -8.768846392632e-01, 2.697416130104e-05, 1.6788e+02, 2.5572e+00, 
 1DIAGNOSTIC,    36, -8.769776821136e-01, 2.431921711832e-05, 1.7049e+02, 2.6087e+00, 
 1DIAGNOSTIC,    37, -8.770657777786e-01, 2.195035267505e-05, 1.7297e+02, 2.4858e+00, 
 1DIAGNOSTIC,    38, -8.771493434906e-01, 1.985716698982e-05, 1.7551e+02, 2.5401e+00, 
 1DIAGNOSTIC,    39, -8.772187232971e-01, 1.798696757760e-05, 1.7805e+02, 2.5368e+00, 
 1DIAGNOSTIC,    40, -8.772881031036e-01, 1.630035330891e-05, 1.8068e+02, 2.6260e+00, 
 1DIAGNOSTIC,    41, -8.773511052132e-01, 1.478379999753e-05, 1.8319e+02, 2.5126e+00, 
 1DIAGNOSTIC,    42, -8.774102926254e-01, 1.343226358586e-05, 1.8571e+02, 2.5153e+00, 
 1DIAGNOSTIC,    43, -8.774659633636e-01, 1.221936145157e-05, 1.8832e+02, 2.6120e+00, 
 1DIAGNOSTIC,    44, -8.775172233582e-01, 1.113722555601e-05, 1.9090e+02, 2.5820e+00, 
 1DIAGNOSTIC,    45, -8.775646686554e-01, 1.014194003801e-05, 1.9338e+02, 2.4765e+00, 
 1DIAGNOSTIC,    46, -8.776061534882e-01, 9.227363989339e-06, 1.9588e+02, 2.5013e+00, 
 1DIAGNOSTIC,    47, -8.776514530182e-01, 8.447591426375e-06, 1.9846e+02, 2.5801e+00, 
 1DIAGNOSTIC,    48, -8.776929378510e-01, 7.794373232173e-06, 2.0094e+02, 2.4837e+00, 
 1DIAGNOSTIC,    49, -8.777300715446e-01, 7.182582521637e-06, 2.0347e+02, 2.5268e+00, 
 1DIAGNOSTIC,    50, -8.777656555176e-01, 6.645061148447e-06, 2.0599e+02, 2.5225e+00, 
 1DIAGNOSTIC,    51, -8.777995109558e-01, 6.163565103634e-06, 2.0854e+02, 2.5463e+00, 
 1DIAGNOSTIC,    52, -8.778338432312e-01, 5.747077921114e-06, 2.1109e+02, 2.5543e+00, 
 1DIAGNOSTIC,    53, -8.778636455536e-01, 5.370990038500e-06, 2.1357e+02, 2.4782e+00, 
 1DIAGNOSTIC,    54, -8.778943419456e-01, 5.039317784394e-06, 2.1605e+02, 2.4845e+00, 
 1DIAGNOSTIC,    55, -8.779239058495e-01, 4.743402769236e-06, 2.1870e+02, 2.6442e+00, 
 1DIAGNOSTIC,    56, -8.779485225677e-01, 4.436257313500e-06, 2.2123e+02, 2.5302e+00, 
 1DIAGNOSTIC,    57, -8.779731392860e-01, 4.162661298324e-06, 2.2367e+02, 2.4405e+00, 
 1DIAGNOSTIC,    58, -8.779964447021e-01, 3.911314706784e-06, 2.2624e+02, 2.5696e+00, 
 1DIAGNOSTIC,    59, -8.780223131180e-01, 3.688432343552e-06, 2.2880e+02, 2.5647e+00, 
 1DIAGNOSTIC,    60, -8.780429363251e-01, 3.470401679806e-06, 2.3140e+02, 2.5950e+00, 
 1DIAGNOSTIC,    61, -8.780605196953e-01, 3.247637550885e-06, 2.3401e+02, 2.6098e+00, 
 1DIAGNOSTIC,    62, -8.780806064606e-01, 3.053042746615e-06, 2.3659e+02, 2.5779e+00, 
 1DIAGNOSTIC,    63, -8.781006336212e-01, 2.873703579098e-06, 2.3921e+02, 2.6274e+00, 
 1DIAGNOSTIC,    64, -8.781177997589e-01, 2.711172783165e-06, 2.4174e+02, 2.5252e+00, 
 1DIAGNOSTIC,    65, -8.781329393387e-01, 2.561850124039e-06, 2.4423e+02, 2.4955e+00, 
 1DIAGNOSTIC,    66, -8.781481385231e-01, 2.411956984361e-06, 2.4671e+02, 2.4726e+00, 
 1DIAGNOSTIC,    67, -8.781656622887e-01, 2.282898094563e-06, 2.4922e+02, 2.5183e+00, 
 1DIAGNOSTIC,    68, -8.781817555428e-01, 2.168251285184e-06, 2.5178e+02, 2.5536e+00, 
 1DIAGNOSTIC,    69, -8.781975507736e-01, 2.087178245347e-06, 2.5430e+02, 2.5251e+00, 
 1DIAGNOSTIC,    70, -8.782098889351e-01, 2.003500412684e-06, 2.5673e+02, 2.4231e+00, 
 1DIAGNOSTIC,    71, -8.782250881195e-01, 1.921466264321e-06, 2.5923e+02, 2.5067e+00, 
 1DIAGNOSTIC,    72, -8.782394528389e-01, 1.852689138104e-06, 2.6171e+02, 2.4772e+00, 
 1DIAGNOSTIC,    73, -8.782514929771e-01, 1.790406486180e-06, 2.6422e+02, 2.5126e+00, 
 1DIAGNOSTIC,    74, -8.782622814178e-01, 1.720831733110e-06, 2.6674e+02, 2.5192e+00, 
 1DIAGNOSTIC,    75, -8.782732486725e-01, 1.640824621063e-06, 2.6936e+02, 2.6230e+00, 
 1DIAGNOSTIC,    76, -8.782855868340e-01, 1.561647309245e-06, 2.7197e+02, 2.6040e+00, 
 1DIAGNOSTIC,    77, -8.782962560654e-01, 1.491314037594e-06, 2.7453e+02, 2.5578e+00, 
 1DIAGNOSTIC,    78, -8.783079385757e-01, 1.433103989257e-06, 2.7703e+02, 2.5046e+00, 
 1DIAGNOSTIC,    79, -8.783147931099e-01, 1.369755182168e-06, 2.7961e+02, 2.5785e+00, 
 1DIAGNOSTIC,    80, -8.783248662949e-01, 1.304811007685e-06, 2.8212e+02, 2.5117e+00, 
 1DIAGNOSTIC,    81, -8.783343434334e-01, 1.251321236850e-06, 2.8465e+02, 2.5242e+00, 
 1DIAGNOSTIC,    82, -8.783437609673e-01, 1.209132278746e-06, 2.8717e+02, 2.5195e+00, 
 1DIAGNOSTIC,    83, -8.783537745476e-01, 1.174118438030e-06, 2.8969e+02, 2.5275e+00, 
 1DIAGNOSTIC,    84, -8.783602118492e-01, 1.129417910306e-06, 2.9224e+02, 2.5454e+00, 
 1DIAGNOSTIC,    85, -8.783672451973e-01, 1.081420009541e-06, 2.9474e+02, 2.5001e+00, 
 1DIAGNOSTIC,    86, -8.783755302429e-01, 1.043224642672e-06, 2.9728e+02, 2.5410e+00, 
 1DIAGNOSTIC,    87, -8.783832788467e-01, 1.008286062643e-06, 2.9982e+02, 2.5388e+00, 
 1DIAGNOSTIC,    88, -8.783904314041e-01, 9.810272558752e-07, 3.0236e+02, 2.5395e+00, 
 1DIAGNOSTIC,    89, -8.783979415894e-01, 9.463573178436e-07, 3.0488e+02, 2.5250e+00, 
 1DIAGNOSTIC,    90, -8.784041404724e-01, 9.136830954048e-07, 3.0741e+02, 2.5235e+00, 
 1DIAGNOSTIC,    91, -8.784119486809e-01, 8.885553484106e-07, 3.0989e+02, 2.4891e+00, 
 1DIAGNOSTIC,    92, -8.784157633781e-01, 8.575318588555e-07, 3.1239e+02, 2.4988e+00, 
 1DIAGNOSTIC,    93, -8.784220218658e-01, 8.343604349648e-07, 3.1494e+02, 2.5437e+00, 
 1DIAGNOSTIC,    94, -8.784291148186e-01, 8.103196478260e-07, 3.1749e+02, 2.5553e+00, 
 1DIAGNOSTIC,    95, -8.784351944923e-01, 7.851459145058e-07, 3.2002e+02, 2.5285e+00, 
 1DIAGNOSTIC,    96, -8.784414529800e-01, 7.656093430342e-07, 3.2264e+02, 2.6221e+00, 
 1DIAGNOSTIC,    97, -8.784487843513e-01, 7.545889388894e-07, 3.2515e+02, 2.5080e+00, 
 1DIAGNOSTIC,    98, -8.784524798393e-01, 7.378642976619e-07, 3.2767e+02, 2.5214e+00, 
 1DIAGNOSTIC,    99, -8.784570693970e-01, 7.208858505692e-07, 3.3026e+02, 2.5900e+00, 
 1DIAGNOSTIC,   100, -8.784624934196e-01, 7.027321657915e-07, 3.3281e+02, 2.5494e+00, 
XXDIAGNOSTIC,Iteration,metricValue,convergenceValue,ITERATION_TIME_INDEX,SINCE_LAST
 1DIAGNOSTIC,     1, -7.394416928291e-01, inf, 3.5484e+02, 2.2032e+01, 
 1DIAGNOSTIC,     2, -7.422621250153e-01, inf, 3.7534e+02, 2.0500e+01, 
 1DIAGNOSTIC,     3, -7.451179027557e-01, inf, 3.9572e+02, 2.0375e+01, 
 1DIAGNOSTIC,     4, -7.475655674934e-01, inf, 4.1618e+02, 2.0462e+01, 
 1DIAGNOSTIC,     5, -7.498524188995e-01, inf, 4.3675e+02, 2.0567e+01, 
 1DIAGNOSTIC,     6, -7.519608736038e-01, inf, 4.5741e+02, 2.0662e+01, 
 1DIAGNOSTIC,     7, -7.538819909096e-01, inf, 4.7820e+02, 2.0787e+01, 
 1DIAGNOSTIC,     8, -7.556443810463e-01, inf, 4.9876e+02, 2.0558e+01, 
 1DIAGNOSTIC,     9, -7.570903301239e-01, inf, 5.1943e+02, 2.0673e+01, 
 1DIAGNOSTIC,    10, -7.584118843079e-01, 1.617689384148e-03, 5.4005e+02, 2.0622e+01, 
 1DIAGNOSTIC,    11, -7.596316337585e-01, 1.334073022008e-03, 5.6058e+02, 2.0525e+01, 
 1DIAGNOSTIC,    12, -7.607803344727e-01, 1.102086389437e-03, 5.8178e+02, 2.1201e+01, 
 1DIAGNOSTIC,    13, -7.618452310562e-01, 9.194413432851e-04, 6.0245e+02, 2.0678e+01, 
 1DIAGNOSTIC,    14, -7.628222107887e-01, 7.710790960118e-04, 6.2295e+02, 2.0491e+01, 
 1DIAGNOSTIC,    15, -7.637231349945e-01, 6.517278379761e-04, 6.4335e+02, 2.0404e+01, 
 1DIAGNOSTIC,    16, -7.645630836487e-01, 5.564546445385e-04, 6.6393e+02, 2.0578e+01, 
 1DIAGNOSTIC,    17, -7.653334736824e-01, 4.802611947525e-04, 6.8414e+02, 2.0212e+01, 
 1DIAGNOSTIC,    18, -7.660429477692e-01, 4.194923385512e-04, 7.0460e+02, 2.0457e+01, 
 1DIAGNOSTIC,    19, -7.667049765587e-01, 3.676826017909e-04, 7.2506e+02, 2.0469e+01, 
 1DIAGNOSTIC,    20, -7.673227787018e-01, 3.230845031794e-04, 7.4525e+02, 2.0185e+01, 
 1DIAGNOSTIC,    21, -7.679006457329e-01, 2.845608105417e-04, 7.6566e+02, 2.0410e+01, 
 1DIAGNOSTIC,    22, -7.684371471405e-01, 2.515274100006e-04, 7.8598e+02, 2.0323e+01, 
 1DIAGNOSTIC,    23, -7.689425945282e-01, 2.232873812318e-04, 8.0644e+02, 2.0458e+01, 
 1DIAGNOSTIC,    24, -7.694191932678e-01, 1.990409509744e-04, 8.2673e+02, 2.0287e+01, 
 1DIAGNOSTIC,    25, -7.698636054993e-01, 1.780861202860e-04, 8.4701e+02, 2.0280e+01, 
 1DIAGNOSTIC,    26, -7.702350020409e-01, 1.593458146090e-04, 8.6720e+02, 2.0194e+01, 
 1DIAGNOSTIC,    27, -7.706322669983e-01, 1.431138953194e-04, 8.8749e+02, 2.0291e+01, 
 1DIAGNOSTIC,    28, -7.710127830505e-01, 1.290331711061e-04, 9.0782e+02, 2.0330e+01, 
 1DIAGNOSTIC,    29, -7.713221311569e-01, 1.161974432762e-04, 9.2849e+02, 2.0670e+01, 
 1DIAGNOSTIC,    30, -7.716639041901e-01, 1.051623112289e-04, 9.4887e+02, 2.0379e+01, 
 1DIAGNOSTIC,    31, -7.719472050667e-01, 9.523461631034e-05, 9.6923e+02, 2.0363e+01, 
 1DIAGNOSTIC,    32, -7.722610831261e-01, 8.680794417160e-05, 9.8967e+02, 2.0437e+01, 
 1DIAGNOSTIC,    33, -7.725507020950e-01, 7.961731171235e-05, 1.0099e+03, 2.0212e+01, 
 1DIAGNOSTIC,    34, -7.727906107903e-01, 7.313978130696e-05, 1.0302e+03, 2.0325e+01, 
 1DIAGNOSTIC,    35, -7.730627059937e-01, 6.774282519473e-05, 1.0507e+03, 2.0463e+01, 
 1DIAGNOSTIC,    36, -7.732826471329e-01, 6.231869338080e-05, 1.0710e+03, 2.0377e+01, 
 1DIAGNOSTIC,    37, -7.734920382500e-01, 5.736879757023e-05, 1.0913e+03, 2.0290e+01, 
 1DIAGNOSTIC,    38, -7.736957073212e-01, 5.296523886500e-05, 1.1115e+03, 2.0153e+01, 
 1DIAGNOSTIC,    39, -7.738912105560e-01, 4.857183012064e-05, 1.1320e+03, 2.0465e+01, 
 1DIAGNOSTIC,    40, -7.740814685822e-01, 4.474209708860e-05, 1.1525e+03, 2.0585e+01, 
 1DIAGNOSTIC,    41, -7.742640972137e-01, 4.107194763492e-05, 1.1729e+03, 2.0382e+01, 
 1DIAGNOSTIC,    42, -7.744287252426e-01, 3.791526978603e-05, 1.1935e+03, 2.0545e+01, 
 1DIAGNOSTIC,    43, -7.745964527130e-01, 3.527262742864e-05, 1.2142e+03, 2.0759e+01, 
 1DIAGNOSTIC,    44, -7.747568488121e-01, 3.277764699305e-05, 1.2344e+03, 2.0124e+01, 
 1DIAGNOSTIC,    45, -7.749094963074e-01, 3.079437374254e-05, 1.2548e+03, 2.0414e+01, 
 1DIAGNOSTIC,    46, -7.750518918037e-01, 2.890869654948e-05, 1.2751e+03, 2.0378e+01, 
 1DIAGNOSTIC,    47, -7.751953005791e-01, 2.715766095207e-05, 1.2951e+03, 1.9921e+01, 
 1DIAGNOSTIC,    48, -7.753392457962e-01, 2.559929089330e-05, 1.3153e+03, 2.0263e+01, 
 1DIAGNOSTIC,    49, -7.754749655724e-01, 2.419003067189e-05, 1.3360e+03, 2.0634e+01, 
 1DIAGNOSTIC,    50, -7.756043076515e-01, 2.292280260008e-05, 1.3563e+03, 2.0375e+01, 
 1DIAGNOSTIC,    51, -7.757318019867e-01, 2.180010596931e-05, 1.3767e+03, 2.0331e+01, 
 1DIAGNOSTIC,    52, -7.758534550667e-01, 2.070448317681e-05, 1.3971e+03, 2.0407e+01, 
 1DIAGNOSTIC,    53, -7.759668231010e-01, 1.966263334907e-05, 1.4175e+03, 2.0396e+01, 
 1DIAGNOSTIC,    54, -7.760806083679e-01, 1.868900835689e-05, 1.4377e+03, 2.0245e+01, 
 1DIAGNOSTIC,    55, -7.761952280998e-01, 1.779311241989e-05, 1.4578e+03, 2.0077e+01, 
 1DIAGNOSTIC,    56, -7.763032317162e-01, 1.691068973741e-05, 1.4784e+03, 2.0622e+01, 
 1DIAGNOSTIC,    57, -7.764089107513e-01, 1.608723141544e-05, 1.4991e+03, 2.0667e+01, 
 1DIAGNOSTIC,    58, -7.765135765076e-01, 1.536877061881e-05, 1.5195e+03, 2.0450e+01, 
 1DIAGNOSTIC,    59, -7.766102552414e-01, 1.469019389333e-05, 1.5401e+03, 2.0581e+01, 
 1DIAGNOSTIC,    60, -7.767052650452e-01, 1.404000977345e-05, 1.5608e+03, 2.0642e+01, 
 1DIAGNOSTIC,    61, -7.767906785011e-01, 1.338690526609e-05, 1.5812e+03, 2.0470e+01, 
 1DIAGNOSTIC,    62, -7.768802642822e-01, 1.276419516216e-05, 1.6016e+03, 2.0366e+01, 
 1DIAGNOSTIC,    63, -7.769612669945e-01, 1.210847040056e-05, 1.6221e+03, 2.0540e+01, 
 1DIAGNOSTIC,    64, -7.770442962646e-01, 1.147965213022e-05, 1.6424e+03, 2.0247e+01, 
 1DIAGNOSTIC,    65, -7.771250605583e-01, 1.091132162401e-05, 1.6629e+03, 2.0510e+01, 
 1DIAGNOSTIC,    66, -7.772054076195e-01, 1.039900507749e-05, 1.6835e+03, 2.0657e+01, 
 1DIAGNOSTIC,    67, -7.772827148438e-01, 9.943405530066e-06, 1.7040e+03, 2.0459e+01, 
 1DIAGNOSTIC,    68, -7.773507237434e-01, 9.515942110738e-06, 1.7244e+03, 2.0412e+01, 
 1DIAGNOSTIC,    69, -7.774177193642e-01, 9.095373570744e-06, 1.7448e+03, 2.0390e+01, 
 1DIAGNOSTIC,    70, -7.774866223335e-01, 8.710221663932e-06, 1.7656e+03, 2.0772e+01, 
XXDIAGNOSTIC,Iteration,metricValue,convergenceValue,ITERATION_TIME_INDEX,SINCE_LAST
 1DIAGNOSTIC,     1, -4.667415320873e-01, inf, 1.9343e+03, 1.6868e+02, 
 1DIAGNOSTIC,     2, -4.685111045837e-01, inf, 2.0992e+03, 1.6494e+02, 
 1DIAGNOSTIC,     3, -4.704349935055e-01, inf, 2.2628e+03, 1.6357e+02, 
 1DIAGNOSTIC,     4, -4.723982214928e-01, inf, 2.4278e+03, 1.6503e+02, 
 1DIAGNOSTIC,     5, -4.744402170181e-01, inf, 2.5912e+03, 1.6337e+02, 
 1DIAGNOSTIC,     6, -4.760927259922e-01, inf, 2.7554e+03, 1.6426e+02, 
 1DIAGNOSTIC,     7, -4.775575101376e-01, inf, 2.9198e+03, 1.6439e+02, 
 1DIAGNOSTIC,     8, -4.789121150970e-01, inf, 3.0884e+03, 1.6863e+02, 
 1DIAGNOSTIC,     9, -4.802146255970e-01, inf, 3.2531e+03, 1.6462e+02, 
 1DIAGNOSTIC,    10, -4.814530611038e-01, 2.013128716499e-03, 3.4186e+03, 1.6552e+02, 
 1DIAGNOSTIC,    11, -4.826451241970e-01, 1.719068968669e-03, 3.5828e+03, 1.6424e+02, 
 1DIAGNOSTIC,    12, -4.838554263115e-01, 1.467375899665e-03, 3.7474e+03, 1.6462e+02, 
 1DIAGNOSTIC,    13, -4.851183593273e-01, 1.267050276510e-03, 3.9129e+03, 1.6548e+02, 
 1DIAGNOSTIC,    14, -4.863416552544e-01, 1.114322454669e-03, 4.0787e+03, 1.6578e+02, 
 1DIAGNOSTIC,    15, -4.875606298447e-01, 1.008479739539e-03, 4.2438e+03, 1.6509e+02, 
 1DIAGNOSTIC,    16, -4.887786805630e-01, 9.290669695474e-04, 4.4097e+03, 1.6591e+02, 
 1DIAGNOSTIC,    17, -4.897951483727e-01, 8.592153317295e-04, 4.5728e+03, 1.6313e+02, 
 1DIAGNOSTIC,    18, -4.907306730747e-01, 7.924989331514e-04, 4.7329e+03, 1.6006e+02, 
 1DIAGNOSTIC,    19, -4.916321337223e-01, 7.274739327841e-04, 4.8960e+03, 1.6310e+02, 
 1DIAGNOSTIC,    20, -4.924662709236e-01, 6.620813510381e-04, 5.0559e+03, 1.5995e+02, 
  Elapsed time (stage 2): 5058


Total elapsed time: 5091
Using single precision for computations.
Input scalar image: /home/mpib/nemecz/Projects/miniTRK/Results/01_MRI/GroupTempl/T1w/T_template0sub-676955_T1wRepaired.nii.gz
Reference image: /home/mpib/nemecz/Projects/miniTRK/Results/01_MRI/GroupTempl/T1w/T_template0.nii.gz
=============================================================================
The composite transform comprises the following transforms (in order): 
  1. /home/mpib/nemecz/Projects/miniTRK/Results/01_MRI/GroupTempl/T1w/T_sub-676955_T1w250GenericAffine.mat (type = AffineTransform)
  2. /home/mpib/nemecz/Projects/miniTRK/Results/01_MRI/GroupTempl/T1w/T_sub-676955_T1w251Warp.nii.gz (type = DisplacementFieldTransform)
=============================================================================
Default pixel value: 0
Interpolation type: LinearInterpolateImageFunction
Output warped image: /home/mpib/nemecz/Projects/miniTRK/Results/01_MRI/GroupTempl/T1w/T_template0sub-676955_T1w25WarpedToTemplate.nii.gz
