
Running N4 for 3-dimensional images.

Mask not read.  Using the entire image as the mask.

Original intensity range:  [0, 777]

***********************************************************
Warning:  Your input image contains nonpositive values
which could cause failure or problematic results.  A
possible workaround would be to:
   1. rescale your image to positive values e.g., [10,100].
   2. run N4 on your rescaled image.
   3. (optional) rescale the N4 output to the original
      intensity range.
***********************************************************

Specified spline distance: 200mm
  original image size:  [192, 256, 256]
  padded image size:  [201, 401, 401]
  number of control points:  [4, 5, 5]

Current level = 1
  Iteration 1 (of 50).   Current convergence value = 0.000577064 (threshold = 1e-08)
  Iteration 2 (of 50).   Current convergence value = 0.000463314 (threshold = 1e-08)
  Iteration 3 (of 50).   Current convergence value = 0.000344612 (threshold = 1e-08)
  Iteration 4 (of 50).   Current convergence value = 0.000258453 (threshold = 1e-08)
  Iteration 5 (of 50).   Current convergence value = 0.000198275 (threshold = 1e-08)
  Iteration 6 (of 50).   Current convergence value = 0.000155622 (threshold = 1e-08)
  Iteration 7 (of 50).   Current convergence value = 0.000125502 (threshold = 1e-08)
  Iteration 8 (of 50).   Current convergence value = 0.000104894 (threshold = 1e-08)
  Iteration 9 (of 50).   Current convergence value = 9.04344e-05 (threshold = 1e-08)
  Iteration 10 (of 50).   Current convergence value = 8.04368e-05 (threshold = 1e-08)
  Iteration 11 (of 50).   Current convergence value = 7.39333e-05 (threshold = 1e-08)
  Iteration 12 (of 50).   Current convergence value = 6.92979e-05 (threshold = 1e-08)
  Iteration 13 (of 50).   Current convergence value = 6.60457e-05 (threshold = 1e-08)
  Iteration 14 (of 50).   Current convergence value = 6.36809e-05 (threshold = 1e-08)
  Iteration 15 (of 50).   Current convergence value = 6.18572e-05 (threshold = 1e-08)
  Iteration 16 (of 50).   Current convergence value = 6.06427e-05 (threshold = 1e-08)
  Iteration 17 (of 50).   Current convergence value = 5.97711e-05 (threshold = 1e-08)
  Iteration 18 (of 50).   Current convergence value = 5.90578e-05 (threshold = 1e-08)
  Iteration 19 (of 50).   Current convergence value = 5.88268e-05 (threshold = 1e-08)
  Iteration 20 (of 50).   Current convergence value = 5.85518e-05 (threshold = 1e-08)
  Iteration 21 (of 50).   Current convergence value = 5.84305e-05 (threshold = 1e-08)
  Iteration 22 (of 50).   Current convergence value = 5.8465e-05 (threshold = 1e-08)
  Iteration 23 (of 50).   Current convergence value = 5.86185e-05 (threshold = 1e-08)
  Iteration 24 (of 50).   Current convergence value = 5.87083e-05 (threshold = 1e-08)
  Iteration 25 (of 50).   Current convergence value = 5.89195e-05 (threshold = 1e-08)
  Iteration 26 (of 50).   Current convergence value = 5.90097e-05 (threshold = 1e-08)
  Iteration 27 (of 50).   Current convergence value = 5.91718e-05 (threshold = 1e-08)
  Iteration 28 (of 50).   Current convergence value = 5.9479e-05 (threshold = 1e-08)
  Iteration 29 (of 50).   Current convergence value = 5.96471e-05 (threshold = 1e-08)
  Iteration 30 (of 50).   Current convergence value = 5.99261e-05 (threshold = 1e-08)
  Iteration 31 (of 50).   Current convergence value = 6.03083e-05 (threshold = 1e-08)
  Iteration 32 (of 50).   Current convergence value = 6.04776e-05 (threshold = 1e-08)
  Iteration 33 (of 50).   Current convergence value = 6.07958e-05 (threshold = 1e-08)
  Iteration 34 (of 50).   Current convergence value = 6.10783e-05 (threshold = 1e-08)
  Iteration 35 (of 50).   Current convergence value = 6.14481e-05 (threshold = 1e-08)
  Iteration 36 (of 50).   Current convergence value = 6.17462e-05 (threshold = 1e-08)
  Iteration 37 (of 50).   Current convergence value = 6.19966e-05 (threshold = 1e-08)
  Iteration 38 (of 50).   Current convergence value = 6.25116e-05 (threshold = 1e-08)
  Iteration 39 (of 50).   Current convergence value = 6.29275e-05 (threshold = 1e-08)
  Iteration 40 (of 50).   Current convergence value = 6.32139e-05 (threshold = 1e-08)
  Iteration 41 (of 50).   Current convergence value = 6.3585e-05 (threshold = 1e-08)
  Iteration 42 (of 50).   Current convergence value = 6.38172e-05 (threshold = 1e-08)
  Iteration 43 (of 50).   Current convergence value = 6.39686e-05 (threshold = 1e-08)
  Iteration 44 (of 50).   Current convergence value = 6.41789e-05 (threshold = 1e-08)
  Iteration 45 (of 50).   Current convergence value = 6.41597e-05 (threshold = 1e-08)
  Iteration 46 (of 50).   Current convergence value = 6.43429e-05 (threshold = 1e-08)
  Iteration 47 (of 50).   Current convergence value = 6.4504e-05 (threshold = 1e-08)
  Iteration 48 (of 50).   Current convergence value = 6.46839e-05 (threshold = 1e-08)
  Iteration 49 (of 50).   Current convergence value = 6.47194e-05 (threshold = 1e-08)
  Iteration 50 (of 50).   Current convergence value = 6.47866e-05 (threshold = 1e-08)
Current level = 2
  Iteration 1 (of 50).   Current convergence value = 0.000517642 (threshold = 1e-08)
  Iteration 2 (of 50).   Current convergence value = 0.000476336 (threshold = 1e-08)
  Iteration 3 (of 50).   Current convergence value = 0.000446545 (threshold = 1e-08)
  Iteration 4 (of 50).   Current convergence value = 0.000422111 (threshold = 1e-08)
  Iteration 5 (of 50).   Current convergence value = 0.000401256 (threshold = 1e-08)
  Iteration 6 (of 50).   Current convergence value = 0.000382763 (threshold = 1e-08)
  Iteration 7 (of 50).   Current convergence value = 0.000365564 (threshold = 1e-08)
  Iteration 8 (of 50).   Current convergence value = 0.000349688 (threshold = 1e-08)
  Iteration 9 (of 50).   Current convergence value = 0.000334691 (threshold = 1e-08)
  Iteration 10 (of 50).   Current convergence value = 0.000320319 (threshold = 1e-08)
  Iteration 11 (of 50).   Current convergence value = 0.000306775 (threshold = 1e-08)
  Iteration 12 (of 50).   Current convergence value = 0.000294323 (threshold = 1e-08)
  Iteration 13 (of 50).   Current convergence value = 0.000283026 (threshold = 1e-08)
  Iteration 14 (of 50).   Current convergence value = 0.000273171 (threshold = 1e-08)
  Iteration 15 (of 50).   Current convergence value = 0.000264143 (threshold = 1e-08)
  Iteration 16 (of 50).   Current convergence value = 0.00025596 (threshold = 1e-08)
  Iteration 17 (of 50).   Current convergence value = 0.000248765 (threshold = 1e-08)
  Iteration 18 (of 50).   Current convergence value = 0.000242309 (threshold = 1e-08)
  Iteration 19 (of 50).   Current convergence value = 0.000236525 (threshold = 1e-08)
  Iteration 20 (of 50).   Current convergence value = 0.00023127 (threshold = 1e-08)
  Iteration 21 (of 50).   Current convergence value = 0.0002265 (threshold = 1e-08)
  Iteration 22 (of 50).   Current convergence value = 0.000222254 (threshold = 1e-08)
  Iteration 23 (of 50).   Current convergence value = 0.000218309 (threshold = 1e-08)
  Iteration 24 (of 50).   Current convergence value = 0.000214591 (threshold = 1e-08)
  Iteration 25 (of 50).   Current convergence value = 0.000211143 (threshold = 1e-08)
  Iteration 26 (of 50).   Current convergence value = 0.000207981 (threshold = 1e-08)
  Iteration 27 (of 50).   Current convergence value = 0.000204801 (threshold = 1e-08)
  Iteration 28 (of 50).   Current convergence value = 0.000201906 (threshold = 1e-08)
  Iteration 29 (of 50).   Current convergence value = 0.000199209 (threshold = 1e-08)
  Iteration 30 (of 50).   Current convergence value = 0.000196705 (threshold = 1e-08)
  Iteration 31 (of 50).   Current convergence value = 0.000194267 (threshold = 1e-08)
  Iteration 32 (of 50).   Current convergence value = 0.000191932 (threshold = 1e-08)
  Iteration 33 (of 50).   Current convergence value = 0.000189674 (threshold = 1e-08)
  Iteration 34 (of 50).   Current convergence value = 0.000187558 (threshold = 1e-08)
  Iteration 35 (of 50).   Current convergence value = 0.000185442 (threshold = 1e-08)
  Iteration 36 (of 50).   Current convergence value = 0.000183473 (threshold = 1e-08)
  Iteration 37 (of 50).   Current convergence value = 0.000181497 (threshold = 1e-08)
  Iteration 38 (of 50).   Current convergence value = 0.000179645 (threshold = 1e-08)
  Iteration 39 (of 50).   Current convergence value = 0.000177782 (threshold = 1e-08)
  Iteration 40 (of 50).   Current convergence value = 0.000175973 (threshold = 1e-08)
  Iteration 41 (of 50).   Current convergence value = 0.000174202 (threshold = 1e-08)
  Iteration 42 (of 50).   Current convergence value = 0.000172532 (threshold = 1e-08)
  Iteration 43 (of 50).   Current convergence value = 0.000170919 (threshold = 1e-08)
  Iteration 44 (of 50).   Current convergence value = 0.000169347 (threshold = 1e-08)
  Iteration 45 (of 50).   Current convergence value = 0.000167792 (threshold = 1e-08)
  Iteration 46 (of 50).   Current convergence value = 0.000166176 (threshold = 1e-08)
  Iteration 47 (of 50).   Current convergence value = 0.000164523 (threshold = 1e-08)
  Iteration 48 (of 50).   Current convergence value = 0.000162959 (threshold = 1e-08)
  Iteration 49 (of 50).   Current convergence value = 0.000161513 (threshold = 1e-08)
  Iteration 50 (of 50).   Current convergence value = 0.000160026 (threshold = 1e-08)
Current level = 3
  Iteration 1 (of 40).   Current convergence value = 0.0015 (threshold = 1e-08)
  Iteration 2 (of 40).   Current convergence value = 0.0013821 (threshold = 1e-08)
  Iteration 3 (of 40).   Current convergence value = 0.00133104 (threshold = 1e-08)
  Iteration 4 (of 40).   Current convergence value = 0.00129816 (threshold = 1e-08)
  Iteration 5 (of 40).   Current convergence value = 0.00127719 (threshold = 1e-08)
  Iteration 6 (of 40).   Current convergence value = 0.00124983 (threshold = 1e-08)
  Iteration 7 (of 40).   Current convergence value = 0.00122747 (threshold = 1e-08)
  Iteration 8 (of 40).   Current convergence value = 0.00120669 (threshold = 1e-08)
  Iteration 9 (of 40).   Current convergence value = 0.00118273 (threshold = 1e-08)
  Iteration 10 (of 40).   Current convergence value = 0.00115553 (threshold = 1e-08)
  Iteration 11 (of 40).   Current convergence value = 0.00112867 (threshold = 1e-08)
  Iteration 12 (of 40).   Current convergence value = 0.0011033 (threshold = 1e-08)
  Iteration 13 (of 40).   Current convergence value = 0.00105358 (threshold = 1e-08)
  Iteration 14 (of 40).   Current convergence value = 0.0010026 (threshold = 1e-08)
  Iteration 15 (of 40).   Current convergence value = 0.000959153 (threshold = 1e-08)
  Iteration 16 (of 40).   Current convergence value = 0.000921832 (threshold = 1e-08)
  Iteration 17 (of 40).   Current convergence value = 0.00088932 (threshold = 1e-08)
  Iteration 18 (of 40).   Current convergence value = 0.000859782 (threshold = 1e-08)
  Iteration 19 (of 40).   Current convergence value = 0.000833596 (threshold = 1e-08)
  Iteration 20 (of 40).   Current convergence value = 0.000810147 (threshold = 1e-08)
  Iteration 21 (of 40).   Current convergence value = 0.00078931 (threshold = 1e-08)
  Iteration 22 (of 40).   Current convergence value = 0.000770349 (threshold = 1e-08)
  Iteration 23 (of 40).   Current convergence value = 0.000753685 (threshold = 1e-08)
  Iteration 24 (of 40).   Current convergence value = 0.000725366 (threshold = 1e-08)
  Iteration 25 (of 40).   Current convergence value = 0.000685553 (threshold = 1e-08)
  Iteration 26 (of 40).   Current convergence value = 0.000652743 (threshold = 1e-08)
  Iteration 27 (of 40).   Current convergence value = 0.000627725 (threshold = 1e-08)
  Iteration 28 (of 40).   Current convergence value = 0.000607865 (threshold = 1e-08)
  Iteration 29 (of 40).   Current convergence value = 0.000591468 (threshold = 1e-08)
  Iteration 30 (of 40).   Current convergence value = 0.000570392 (threshold = 1e-08)
  Iteration 31 (of 40).   Current convergence value = 0.000530286 (threshold = 1e-08)
  Iteration 32 (of 40).   Current convergence value = 0.000496532 (threshold = 1e-08)
  Iteration 33 (of 40).   Current convergence value = 0.000467554 (threshold = 1e-08)
  Iteration 34 (of 40).   Current convergence value = 0.00044285 (threshold = 1e-08)
  Iteration 35 (of 40).   Current convergence value = 0.000421265 (threshold = 1e-08)
  Iteration 36 (of 40).   Current convergence value = 0.000402677 (threshold = 1e-08)
  Iteration 37 (of 40).   Current convergence value = 0.000384779 (threshold = 1e-08)
  Iteration 38 (of 40).   Current convergence value = 0.000363362 (threshold = 1e-08)
  Iteration 39 (of 40).   Current convergence value = 0.000344747 (threshold = 1e-08)
  Iteration 40 (of 40).   Current convergence value = 0.000328211 (threshold = 1e-08)
Current level = 4
  Iteration 1 (of 30).   Current convergence value = 0.00172783 (threshold = 1e-08)
  Iteration 2 (of 30).   Current convergence value = 0.00197974 (threshold = 1e-08)
  Iteration 3 (of 30).   Current convergence value = 0.00227856 (threshold = 1e-08)
  Iteration 4 (of 30).   Current convergence value = 0.0020753 (threshold = 1e-08)
  Iteration 5 (of 30).   Current convergence value = 0.00193693 (threshold = 1e-08)
  Iteration 6 (of 30).   Current convergence value = 0.00185728 (threshold = 1e-08)
  Iteration 7 (of 30).   Current convergence value = 0.00179931 (threshold = 1e-08)
  Iteration 8 (of 30).   Current convergence value = 0.00174584 (threshold = 1e-08)
  Iteration 9 (of 30).   Current convergence value = 0.00168978 (threshold = 1e-08)
  Iteration 10 (of 30).   Current convergence value = 0.00160299 (threshold = 1e-08)
  Iteration 11 (of 30).   Current convergence value = 0.00135726 (threshold = 1e-08)
  Iteration 12 (of 30).   Current convergence value = 0.00101309 (threshold = 1e-08)
  Iteration 13 (of 30).   Current convergence value = 0.0010161 (threshold = 1e-08)
  Iteration 14 (of 30).   Current convergence value = 0.00103825 (threshold = 1e-08)
  Iteration 15 (of 30).   Current convergence value = 0.00103702 (threshold = 1e-08)
  Iteration 16 (of 30).   Current convergence value = 0.00101623 (threshold = 1e-08)
  Iteration 17 (of 30).   Current convergence value = 0.000887655 (threshold = 1e-08)
  Iteration 18 (of 30).   Current convergence value = 0.00081346 (threshold = 1e-08)
  Iteration 19 (of 30).   Current convergence value = 0.000785987 (threshold = 1e-08)
  Iteration 20 (of 30).   Current convergence value = 0.000774785 (threshold = 1e-08)
  Iteration 21 (of 30).   Current convergence value = 0.000772676 (threshold = 1e-08)
  Iteration 22 (of 30).   Current convergence value = 0.000776018 (threshold = 1e-08)
  Iteration 23 (of 30).   Current convergence value = 0.000784375 (threshold = 1e-08)
  Iteration 24 (of 30).   Current convergence value = 0.000795994 (threshold = 1e-08)
  Iteration 25 (of 30).   Current convergence value = 0.000812559 (threshold = 1e-08)
  Iteration 26 (of 30).   Current convergence value = 0.000784275 (threshold = 1e-08)
  Iteration 27 (of 30).   Current convergence value = 0.000733377 (threshold = 1e-08)
  Iteration 28 (of 30).   Current convergence value = 0.000697465 (threshold = 1e-08)
  Iteration 29 (of 30).   Current convergence value = 0.000670625 (threshold = 1e-08)
  Iteration 30 (of 30).   Current convergence value = 0.00064951 (threshold = 1e-08)
   N4BiasFieldCorrectionImageFilter (0x56290b9cde20)
     RTTI typeinfo:   itk::N4BiasFieldCorrectionImageFilter<itk::Image<float, 3u>, itk::Image<float, 3u>, itk::Image<float, 3u> >
     Reference Count: 1
     Modified Time: 565
     Debug: Off
     Object Name: 
     Observers: 
       IterationEvent(Command)
     Inputs: 
       ConfidenceImage: (0)
       MaskImage: (0x56290b9f85c0)
       Primary: (0x56290b9f3a40) *
     Indexed Inputs: 
       0: Primary (0x56290b9f3a40)
       1: MaskImage (0x56290b9f85c0)
       2: ConfidenceImage (0)
     Required Input Names: Primary
     NumberOfRequiredInputs: 1
     Outputs: 
       Primary: (0x56290b9ddef0)
     Indexed Outputs: 
       0: Primary (0x56290b9ddef0)
     NumberOfRequiredOutputs: 1
     Number Of Work Units: 32
     ReleaseDataFlag: Off
     ReleaseDataBeforeUpdateFlag: Off
     AbortGenerateData: Off
     Progress: 0
     Multithreader: 
       RTTI typeinfo:   itk::PoolMultiThreader
       Reference Count: 1
       Modified Time: 144
       Debug: Off
       Object Name: 
       Observers: 
         none
       Number of Work Units: 32
       Number of Threads: 8
       Global Maximum Number Of Threads: 128
       Global Default Number Of Threads: 8
       Global Default Threader Type: itk::MultiThreaderBaseEnums::Threader::Pool
       SingleMethod: 0
       SingleData: 0
     DynamicMultiThreading: On
     CoordinateTolerance: 1e-06
     DirectionTolerance: 1e-06
     Use Mask Label: 0
     Mask label: 1
     Number of histogram bins: 200
     Wiener filter noise: 0.01
     Bias field FWHM: 0.15
     Maximum number of iterations: [50, 50, 40, 30]
     Convergence threshold: 1e-08
     Spline order: 3
     Number of fitting levels: [4, 4, 4]
     Number of control points: [4, 5, 5]
     CurrentConvergenceMeasurement: 0.00064951
     CurrentLevel: 4
     ElapsedIterations: 31
     LogBiasFieldControlPointLattice: 
       Image (0x562915e24000)
         RTTI typeinfo:   itk::Image<itk::Vector<float, 1u>, 3u>
         Reference Count: 1
         Modified Time: 343560
         Debug: Off
         Object Name: 
         Observers: 
           none
         Source: (none)
         Source output name: (none)
         Release Data: Off
         Data Released: False
         Global Release Data: Off
         PipelineMTime: 0
         UpdateMTime: 0
         RealTimeStamp: 0 seconds 
         LargestPossibleRegion: 
           Dimension: 3
           Index: [0, 0, 0]
           Size: [11, 19, 19]
         BufferedRegion: 
           Dimension: 3
           Index: [0, 0, 0]
           Size: [11, 19, 19]
         RequestedRegion: 
           Dimension: 3
           Index: [0, 0, 0]
           Size: [11, 19, 19]
         Spacing: [24.75, 24.875, 24.875]
         Origin: [23.0251, 23.1837, -27.9725]
         Direction: 
-0.998762 0.0252342 0.042878
-0.021497 -0.996107 0.0854899
0.0448683 0.0844623 0.995416

         IndexToPointMatrix: 
-24.7193 0.627701 1.06659
-0.53205 -24.7782 2.12656
1.11049 2.101 24.761

         PointToIndexMatrix: 
-0.040354 -0.000868564 0.00181286
0.00101444 -0.0400445 0.00339547
0.00172374 0.00343678 0.0400167

         Inverse Direction: 
-0.998762 -0.021497 0.0448683
0.0252342 -0.996107 0.0844623
0.042878 0.0854899 0.995416

         PixelContainer: 
           ImportImageContainer (0x562916d6c310)
             RTTI typeinfo:   itk::ImportImageContainer<unsigned long, itk::Vector<float, 1u> >
             Reference Count: 1
             Modified Time: 343561
             Debug: Off
             Object Name: 
             Observers: 
               none
             Pointer: 0x562915b8aa30
             Container manages memory: true
             Size: 3971
             Capacity: 3971
Elapsed time: 317.336
All_Command_lines_OK
Using single precision for computations.
=============================================================================
The composite transform comprises the following transforms (in order): 
  1. Center of mass alignment using fixed image: /home/mpib/nemecz/Projects/miniTRK/Results/01_MRI/GroupTempl/T1w/T_template0.nii.gz and moving image: /home/mpib/nemecz/Projects/miniTRK/Analysis/01_MRI/Preproc/GroupTempl/T1w/sub-439021_T1w.nii.gz (type = Euler3DTransform)
=============================================================================
  number of levels = 4
  number of levels = 4
  number of levels = 4
  fixed image: /home/mpib/nemecz/Projects/miniTRK/Results/01_MRI/GroupTempl/T1w/T_template0.nii.gz
  moving image: /home/mpib/nemecz/Projects/miniTRK/Results/01_MRI/GroupTempl/T1w/T_template0sub-439021_T1wRepaired.nii.gz
  fixed image: /home/mpib/nemecz/Projects/miniTRK/Results/01_MRI/GroupTempl/T1w/T_template0.nii.gz
  moving image: /home/mpib/nemecz/Projects/miniTRK/Results/01_MRI/GroupTempl/T1w/T_template0sub-439021_T1wRepaired.nii.gz
  fixed image: /home/mpib/nemecz/Projects/miniTRK/Results/01_MRI/GroupTempl/T1w/T_template0.nii.gz
  moving image: /home/mpib/nemecz/Projects/miniTRK/Results/01_MRI/GroupTempl/T1w/T_template0sub-439021_T1wRepaired.nii.gz
Dimension = 3
Number of stages = 3
Use Histogram Matching true
Winsorize image intensities true
Lower quantile = 0.01
Upper quantile = 0.99
Stage 1 State
   Image metric = Mattes
     Fixed image = Image (0x559c749d6ad0)
  RTTI typeinfo:   itk::Image<float, 3u>
  Reference Count: 2
  Modified Time: 1721
  Debug: Off
  Object Name: 
  Observers: 
    none
  Source: (none)
  Source output name: (none)
  Release Data: Off
  Data Released: False
  Global Release Data: Off
  PipelineMTime: 0
  UpdateMTime: 1506
  RealTimeStamp: 0 seconds 
  LargestPossibleRegion: 
    Dimension: 3
    Index: [0, 0, 0]
    Size: [192, 256, 256]
  BufferedRegion: 
    Dimension: 3
    Index: [0, 0, 0]
    Size: [192, 256, 256]
  RequestedRegion: 
    Dimension: 3
    Index: [0, 0, 0]
    Size: [192, 256, 256]
  Spacing: [1, 1, 1]
  Origin: [95.0313, 100.538, -154.123]
  Direction: 
-0.999853 -0.014134 -0.00966312
0.014129 -0.9999 0.000586045
-0.00967044 0.000449429 0.999953

  IndexToPointMatrix: 
-0.999853 -0.014134 -0.00966312
0.014129 -0.9999 0.000586045
-0.00967044 0.000449429 0.999953

  PointToIndexMatrix: 
-0.999853 0.014129 -0.00967044
-0.014134 -0.9999 0.000449429
-0.00966312 0.000586045 0.999953

  Inverse Direction: 
-0.999853 0.014129 -0.00967044
-0.014134 -0.9999 0.000449429
-0.00966312 0.000586045 0.999953

  PixelContainer: 
    ImportImageContainer (0x559c749dec80)
      RTTI typeinfo:   itk::ImportImageContainer<unsigned long, float>
      Reference Count: 1
      Modified Time: 1503
      Debug: Off
      Object Name: 
      Observers: 
        none
      Pointer: 0x7f10b4ff5010
      Container manages memory: true
      Size: 12582912
      Capacity: 12582912

     Moving image = Image (0x559c749d7bc0)
  RTTI typeinfo:   itk::Image<float, 3u>
  Reference Count: 2
  Modified Time: 1722
  Debug: Off
  Object Name: 
  Observers: 
    none
  Source: (none)
  Source output name: (none)
  Release Data: Off
  Data Released: False
  Global Release Data: Off
  PipelineMTime: 0
  UpdateMTime: 1719
  RealTimeStamp: 0 seconds 
  LargestPossibleRegion: 
    Dimension: 3
    Index: [0, 0, 0]
    Size: [192, 256, 256]
  BufferedRegion: 
    Dimension: 3
    Index: [0, 0, 0]
    Size: [192, 256, 256]
  RequestedRegion: 
    Dimension: 3
    Index: [0, 0, 0]
    Size: [192, 256, 256]
  Spacing: [1, 1, 1]
  Origin: [86.0592, 92.8093, -163.517]
  Direction: 
-0.998762 0.0252342 0.042878
-0.021497 -0.996107 0.0854899
0.0448683 0.0844623 0.995416

  IndexToPointMatrix: 
-0.998762 0.0252342 0.042878
-0.021497 -0.996107 0.0854899
0.0448683 0.0844623 0.995416

  PointToIndexMatrix: 
-0.998762 -0.021497 0.0448683
0.0252342 -0.996107 0.0844623
0.042878 0.0854899 0.995416

  Inverse Direction: 
-0.998762 -0.021497 0.0448683
0.0252342 -0.996107 0.0844623
0.042878 0.0854899 0.995416

  PixelContainer: 
    ImportImageContainer (0x559c749e3100)
      RTTI typeinfo:   itk::ImportImageContainer<unsigned long, float>
      Reference Count: 1
      Modified Time: 1716
      Debug: Off
      Object Name: 
      Observers: 
        none
      Pointer: 0x7f10b1ff4010
      Container manages memory: true
      Size: 12582912
      Capacity: 12582912

     Weighting = 1
     Sampling strategy = regular
     Number of bins = 32
     Radius = 4
     Sampling percentage  = 0.25
   Transform = Rigid
     Gradient step = 0.1
     Update field sigma (voxel space) = 0
     Total field sigma (voxel space) = 0
     Update field time sigma = 0
     Total field time sigma  = 0
     Number of time indices = 0
     Number of time point samples = 0
Stage 2 State
   Image metric = Mattes
     Fixed image = Image (0x559c749ef870)
  RTTI typeinfo:   itk::Image<float, 3u>
  Reference Count: 2
  Modified Time: 2149
  Debug: Off
  Object Name: 
  Observers: 
    none
  Source: (none)
  Source output name: (none)
  Release Data: Off
  Data Released: False
  Global Release Data: Off
  PipelineMTime: 0
  UpdateMTime: 1934
  RealTimeStamp: 0 seconds 
  LargestPossibleRegion: 
    Dimension: 3
    Index: [0, 0, 0]
    Size: [192, 256, 256]
  BufferedRegion: 
    Dimension: 3
    Index: [0, 0, 0]
    Size: [192, 256, 256]
  RequestedRegion: 
    Dimension: 3
    Index: [0, 0, 0]
    Size: [192, 256, 256]
  Spacing: [1, 1, 1]
  Origin: [95.0313, 100.538, -154.123]
  Direction: 
-0.999853 -0.014134 -0.00966312
0.014129 -0.9999 0.000586045
-0.00967044 0.000449429 0.999953

  IndexToPointMatrix: 
-0.999853 -0.014134 -0.00966312
0.014129 -0.9999 0.000586045
-0.00967044 0.000449429 0.999953

  PointToIndexMatrix: 
-0.999853 0.014129 -0.00967044
-0.014134 -0.9999 0.000449429
-0.00966312 0.000586045 0.999953

  Inverse Direction: 
-0.999853 0.014129 -0.00967044
-0.014134 -0.9999 0.000449429
-0.00966312 0.000586045 0.999953

  PixelContainer: 
    ImportImageContainer (0x559c749da6d0)
      RTTI typeinfo:   itk::ImportImageContainer<unsigned long, float>
      Reference Count: 1
      Modified Time: 1931
      Debug: Off
      Object Name: 
      Observers: 
        none
      Pointer: 0x7f10aeff3010
      Container manages memory: true
      Size: 12582912
      Capacity: 12582912

     Moving image = Image (0x559c749ef4c0)
  RTTI typeinfo:   itk::Image<float, 3u>
  Reference Count: 2
  Modified Time: 2150
  Debug: Off
  Object Name: 
  Observers: 
    none
  Source: (none)
  Source output name: (none)
  Release Data: Off
  Data Released: False
  Global Release Data: Off
  PipelineMTime: 0
  UpdateMTime: 2147
  RealTimeStamp: 0 seconds 
  LargestPossibleRegion: 
    Dimension: 3
    Index: [0, 0, 0]
    Size: [192, 256, 256]
  BufferedRegion: 
    Dimension: 3
    Index: [0, 0, 0]
    Size: [192, 256, 256]
  RequestedRegion: 
    Dimension: 3
    Index: [0, 0, 0]
    Size: [192, 256, 256]
  Spacing: [1, 1, 1]
  Origin: [86.0592, 92.8093, -163.517]
  Direction: 
-0.998762 0.0252342 0.042878
-0.021497 -0.996107 0.0854899
0.0448683 0.0844623 0.995416

  IndexToPointMatrix: 
-0.998762 0.0252342 0.042878
-0.021497 -0.996107 0.0854899
0.0448683 0.0844623 0.995416

  PointToIndexMatrix: 
-0.998762 -0.021497 0.0448683
0.0252342 -0.996107 0.0844623
0.042878 0.0854899 0.995416

  Inverse Direction: 
-0.998762 -0.021497 0.0448683
0.0252342 -0.996107 0.0844623
0.042878 0.0854899 0.995416

  PixelContainer: 
    ImportImageContainer (0x559c749f08c0)
      RTTI typeinfo:   itk::ImportImageContainer<unsigned long, float>
      Reference Count: 1
      Modified Time: 2144
      Debug: Off
      Object Name: 
      Observers: 
        none
      Pointer: 0x7f10abff2010
      Container manages memory: true
      Size: 12582912
      Capacity: 12582912

     Weighting = 1
     Sampling strategy = regular
     Number of bins = 32
     Radius = 4
     Sampling percentage  = 0.25
   Transform = Affine
     Gradient step = 0.1
     Update field sigma (voxel space) = 0
     Total field sigma (voxel space) = 0
     Update field time sigma = 0
     Total field time sigma  = 0
     Number of time indices = 0
     Number of time point samples = 0
Stage 3 State
   Image metric = CC
     Fixed image = Image (0x559c749f6960)
  RTTI typeinfo:   itk::Image<float, 3u>
  Reference Count: 2
  Modified Time: 2577
  Debug: Off
  Object Name: 
  Observers: 
    none
  Source: (none)
  Source output name: (none)
  Release Data: Off
  Data Released: False
  Global Release Data: Off
  PipelineMTime: 0
  UpdateMTime: 2362
  RealTimeStamp: 0 seconds 
  LargestPossibleRegion: 
    Dimension: 3
    Index: [0, 0, 0]
    Size: [192, 256, 256]
  BufferedRegion: 
    Dimension: 3
    Index: [0, 0, 0]
    Size: [192, 256, 256]
  RequestedRegion: 
    Dimension: 3
    Index: [0, 0, 0]
    Size: [192, 256, 256]
  Spacing: [1, 1, 1]
  Origin: [95.0313, 100.538, -154.123]
  Direction: 
-0.999853 -0.014134 -0.00966312
0.014129 -0.9999 0.000586045
-0.00967044 0.000449429 0.999953

  IndexToPointMatrix: 
-0.999853 -0.014134 -0.00966312
0.014129 -0.9999 0.000586045
-0.00967044 0.000449429 0.999953

  PointToIndexMatrix: 
-0.999853 0.014129 -0.00967044
-0.014134 -0.9999 0.000449429
-0.00966312 0.000586045 0.999953

  Inverse Direction: 
-0.999853 0.014129 -0.00967044
-0.014134 -0.9999 0.000449429
-0.00966312 0.000586045 0.999953

  PixelContainer: 
    ImportImageContainer (0x559c749d7660)
      RTTI typeinfo:   itk::ImportImageContainer<unsigned long, float>
      Reference Count: 1
      Modified Time: 2359
      Debug: Off
      Object Name: 
      Observers: 
        none
      Pointer: 0x7f10a8ff1010
      Container manages memory: true
      Size: 12582912
      Capacity: 12582912

     Moving image = Image (0x559c749f8840)
  RTTI typeinfo:   itk::Image<float, 3u>
  Reference Count: 2
  Modified Time: 2578
  Debug: Off
  Object Name: 
  Observers: 
    none
  Source: (none)
  Source output name: (none)
  Release Data: Off
  Data Released: False
  Global Release Data: Off
  PipelineMTime: 0
  UpdateMTime: 2575
  RealTimeStamp: 0 seconds 
  LargestPossibleRegion: 
    Dimension: 3
    Index: [0, 0, 0]
    Size: [192, 256, 256]
  BufferedRegion: 
    Dimension: 3
    Index: [0, 0, 0]
    Size: [192, 256, 256]
  RequestedRegion: 
    Dimension: 3
    Index: [0, 0, 0]
    Size: [192, 256, 256]
  Spacing: [1, 1, 1]
  Origin: [86.0592, 92.8093, -163.517]
  Direction: 
-0.998762 0.0252342 0.042878
-0.021497 -0.996107 0.0854899
0.0448683 0.0844623 0.995416

  IndexToPointMatrix: 
-0.998762 0.0252342 0.042878
-0.021497 -0.996107 0.0854899
0.0448683 0.0844623 0.995416

  PointToIndexMatrix: 
-0.998762 -0.021497 0.0448683
0.0252342 -0.996107 0.0844623
0.042878 0.0854899 0.995416

  Inverse Direction: 
-0.998762 -0.021497 0.0448683
0.0252342 -0.996107 0.0844623
0.042878 0.0854899 0.995416

  PixelContainer: 
    ImportImageContainer (0x559c749f5660)
      RTTI typeinfo:   itk::ImportImageContainer<unsigned long, float>
      Reference Count: 1
      Modified Time: 2572
      Debug: Off
      Object Name: 
      Observers: 
        none
      Pointer: 0x7f10a5ff0010
      Container manages memory: true
      Size: 12582912
      Capacity: 12582912

     Weighting = 1
     Sampling strategy = none
     Number of bins = 32
     Radius = 4
     Sampling percentage  = 1
   Transform = SyN
     Gradient step = 0.1
     Update field sigma (voxel space) = 3
     Total field sigma (voxel space) = 0
     Update field time sigma = 0
     Total field time sigma  = 0
     Number of time indices = 0
     Number of time point samples = 0
Registration using 3 total stages.

Stage 0
  iterations = 1000x500x250x0
  convergence threshold = 1e-06
  convergence window size = 10
  number of levels = 4
  using the Mattes MI metric (number of bins = 32, weight = 1)
  preprocessing:  winsorizing the image intensities
  preprocessing:  histogram matching the images
  Shrink factors (level 1 out of 4): [6, 6, 6]
  Shrink factors (level 2 out of 4): [4, 4, 4]
  Shrink factors (level 3 out of 4): [2, 2, 2]
  Shrink factors (level 4 out of 4): [1, 1, 1]
  smoothing sigmas per level: [4, 2, 1, 0]
  regular sampling (percentage = 0.25)

*** Running Euler3DTransform registration ***

DIAGNOSTIC,Iteration,metricValue,convergenceValue,ITERATION_TIME_INDEX,SINCE_LAST
 2DIAGNOSTIC,     1, -8.756630420685e-01, inf, 8.5802e-01, 8.5802e-01, 
 2DIAGNOSTIC,     2, -8.770225644112e-01, inf, 8.6612e-01, 8.1000e-03, 
 2DIAGNOSTIC,     3, -8.789692521095e-01, inf, 8.7585e-01, 9.7320e-03, 
 2DIAGNOSTIC,     4, -8.812982439995e-01, inf, 8.8524e-01, 9.3830e-03, 
 2DIAGNOSTIC,     5, -8.836752176285e-01, inf, 8.9380e-01, 8.5628e-03, 
 2DIAGNOSTIC,     6, -8.850691914558e-01, inf, 9.0233e-01, 8.5261e-03, 
 2DIAGNOSTIC,     7, -8.868531584740e-01, inf, 9.0993e-01, 7.6060e-03, 
 2DIAGNOSTIC,     8, -8.892164230347e-01, inf, 9.1831e-01, 8.3759e-03, 
 2DIAGNOSTIC,     9, -8.912791013718e-01, inf, 9.2924e-01, 1.0928e-02, 
 2DIAGNOSTIC,    10, -8.921065330505e-01, 1.254197559319e-03, 9.3940e-01, 1.0165e-02, 
 2DIAGNOSTIC,    11, -8.928005695343e-01, 1.087426790036e-03, 9.4730e-01, 7.8959e-03, 
 2DIAGNOSTIC,    12, -8.957105278969e-01, 9.651742293499e-04, 9.5676e-01, 9.4631e-03, 
 2DIAGNOSTIC,    13, -8.960242271423e-01, 8.275777217932e-04, 9.6559e-01, 8.8310e-03, 
 2DIAGNOSTIC,    14, -8.963537812233e-01, 6.950300885364e-04, 9.7609e-01, 1.0503e-02, 
 2DIAGNOSTIC,    15, -8.964639306068e-01, 5.709946854040e-04, 9.8544e-01, 9.3451e-03, 
 2DIAGNOSTIC,    16, -8.973181247711e-01, 4.552140890155e-04, 9.9470e-01, 9.2580e-03, 
 2DIAGNOSTIC,    17, -8.985471725464e-01, 3.662334056571e-04, 1.0035e+00, 8.8000e-03, 
 2DIAGNOSTIC,    18, -8.987036347389e-01, 2.969278430101e-04, 1.0128e+00, 9.3231e-03, 
 2DIAGNOSTIC,    19, -8.987449407578e-01, 2.438374503981e-04, 1.0208e+00, 7.9968e-03, 
 2DIAGNOSTIC,    20, -8.987524509430e-01, 1.874920271803e-04, 1.0314e+00, 1.0630e-02, 
 2DIAGNOSTIC,    21, -8.987568020821e-01, 1.284788158955e-04, 1.0413e+00, 9.8889e-03, 
 2DIAGNOSTIC,    22, -8.987588286400e-01, 1.048418125720e-04, 1.0506e+00, 9.2840e-03, 
 2DIAGNOSTIC,    23, -8.987584114075e-01, 7.792862015776e-05, 1.0584e+00, 7.7331e-03, 
 2DIAGNOSTIC,    24, -8.987613320351e-01, 5.086288001621e-05, 1.0665e+00, 8.1561e-03, 
 2DIAGNOSTIC,    25, -8.987662196159e-01, 2.269959077239e-05, 1.0745e+00, 7.9892e-03, 
 2DIAGNOSTIC,    26, -8.987743854523e-01, 4.864014044870e-06, 1.0832e+00, 8.7161e-03, 
 2DIAGNOSTIC,    27, -8.988171815872e-01, 2.966548890981e-06, 1.0921e+00, 8.9259e-03, 
 2DIAGNOSTIC,    28, -8.987600803375e-01, 2.143558049283e-06, 1.1000e+00, 7.8862e-03, 
 2DIAGNOSTIC,    29, -8.988007903099e-01, 2.206138333349e-06, 1.1130e+00, 1.3004e-02, 
 2DIAGNOSTIC,    30, -8.988431692123e-01, 2.674701818250e-06, 1.1238e+00, 1.0782e-02, 
 2DIAGNOSTIC,    31, -8.988441228867e-01, 2.994753003804e-06, 1.1321e+00, 8.2731e-03, 
 2DIAGNOSTIC,    32, -8.988442420959e-01, 3.137403609799e-06, 1.1411e+00, 9.0411e-03, 
 2DIAGNOSTIC,    33, -8.988451361656e-01, 3.087268623858e-06, 1.1500e+00, 8.8930e-03, 
 2DIAGNOSTIC,    34, -8.988452553749e-01, 2.867642024285e-06, 1.1591e+00, 9.0649e-03, 
 2DIAGNOSTIC,    35, -8.988463282585e-01, 2.517970642657e-06, 1.1680e+00, 8.9040e-03, 
 2DIAGNOSTIC,    36, -8.988465070724e-01, 2.096223397530e-06, 1.1777e+00, 9.6731e-03, 
 2DIAGNOSTIC,    37, -8.988466262817e-01, 1.975257646336e-06, 1.1870e+00, 9.3000e-03, 
 2DIAGNOSTIC,    38, -8.988466858864e-01, 1.272543727282e-06, 1.1956e+00, 8.6441e-03, 
DIAGNOSTIC,Iteration,metricValue,convergenceValue,ITERATION_TIME_INDEX,SINCE_LAST
 2DIAGNOSTIC,     1, -7.152587771416e-01, inf, 1.8678e+00, 6.7216e-01, 
 2DIAGNOSTIC,     2, -7.164555788040e-01, inf, 1.8997e+00, 3.1904e-02, 
 2DIAGNOSTIC,     3, -7.180735468864e-01, inf, 1.9307e+00, 3.1043e-02, 
 2DIAGNOSTIC,     4, -7.197890877724e-01, inf, 1.9601e+00, 2.9414e-02, 
 2DIAGNOSTIC,     5, -7.206965088844e-01, inf, 1.9892e+00, 2.9110e-02, 
 2DIAGNOSTIC,     6, -7.208977341652e-01, inf, 2.0223e+00, 3.3089e-02, 
 2DIAGNOSTIC,     7, -7.209321260452e-01, inf, 2.0556e+00, 3.3257e-02, 
 2DIAGNOSTIC,     8, -7.210507988930e-01, inf, 2.0999e+00, 4.4360e-02, 
 2DIAGNOSTIC,     9, -7.210507988930e-01, inf, 2.1331e+00, 3.3111e-02, 
 2DIAGNOSTIC,    10, -7.210487127304e-01, 4.954130272381e-04, 2.1625e+00, 2.9474e-02, 
 2DIAGNOSTIC,    11, -7.210394144058e-01, 2.987216576003e-04, 2.1941e+00, 3.1583e-02, 
 2DIAGNOSTIC,    12, -7.210509181023e-01, 1.476980396546e-04, 2.2308e+00, 3.6673e-02, 
 2DIAGNOSTIC,    13, -7.210602760315e-01, 5.513219730346e-05, 2.2676e+00, 3.6795e-02, 
 2DIAGNOSTIC,    14, -7.210609912872e-01, 1.874920235423e-05, 2.3021e+00, 3.4503e-02, 
 2DIAGNOSTIC,    15, -7.210619449615e-01, 9.543018677505e-06, 2.3361e+00, 3.4037e-02, 
 2DIAGNOSTIC,    16, -7.210546135902e-01, 5.609019808617e-06, 2.3668e+00, 3.0677e-02, 
 2DIAGNOSTIC,    17, -7.210639715195e-01, 2.742069455053e-06, 2.4027e+00, 3.5878e-02, 
 2DIAGNOSTIC,    18, -7.210808992386e-01, 3.070837010455e-06, 2.4332e+00, 3.0546e-02, 
 2DIAGNOSTIC,    19, -7.211050987244e-01, 3.738473651538e-06, 2.4690e+00, 3.5738e-02, 
 2DIAGNOSTIC,    20, -7.211142778397e-01, 4.292128323868e-06, 2.4991e+00, 3.0100e-02, 
 2DIAGNOSTIC,    21, -7.211223840714e-01, 4.522553354036e-06, 2.5367e+00, 3.7628e-02, 
 2DIAGNOSTIC,    22, -7.211379408836e-01, 4.933646778227e-06, 2.5665e+00, 2.9851e-02, 
 2DIAGNOSTIC,    23, -7.211452126503e-01, 5.255369160295e-06, 2.6158e+00, 4.9243e-02, 
 2DIAGNOSTIC,    24, -7.211515307426e-01, 5.297130883264e-06, 2.6501e+00, 3.4279e-02, 
 2DIAGNOSTIC,    25, -7.211596965790e-01, 5.114248324389e-06, 2.6848e+00, 3.4726e-02, 
 2DIAGNOSTIC,    26, -7.211595177650e-01, 4.471228749026e-06, 2.7215e+00, 3.6733e-02, 
 2DIAGNOSTIC,    27, -7.211595177650e-01, 3.704492655743e-06, 2.7588e+00, 3.7251e-02, 
 2DIAGNOSTIC,    28, -7.211597561836e-01, 2.988811047544e-06, 2.7923e+00, 3.3542e-02, 
 2DIAGNOSTIC,    29, -7.211594581604e-01, 2.471559582773e-06, 2.8343e+00, 4.1980e-02, 
 2DIAGNOSTIC,    30, -7.211599349976e-01, 1.984881691897e-06, 2.8707e+00, 3.6429e-02, 
 2DIAGNOSTIC,    31, -7.211593389511e-01, 1.533970703349e-06, 2.9165e+00, 4.5778e-02, 
 2DIAGNOSTIC,    32, -7.211595177650e-01, 1.257385861209e-06, 2.9504e+00, 3.3920e-02, 
 2DIAGNOSTIC,    33, -7.211592793465e-01, 1.055615143741e-06, 2.9846e+00, 3.4204e-02, 
DIAGNOSTIC,Iteration,metricValue,convergenceValue,ITERATION_TIME_INDEX,SINCE_LAST
 2DIAGNOSTIC,     1, -6.258842349052e-01, inf, 4.1498e+00, 1.1652e+00, 
 2DIAGNOSTIC,     2, -6.259437203407e-01, inf, 4.4375e+00, 2.8763e-01, 
 2DIAGNOSTIC,     3, -6.260667443275e-01, inf, 4.6869e+00, 2.4942e-01, 
 2DIAGNOSTIC,     4, -6.261180043221e-01, inf, 4.9936e+00, 3.0669e-01, 
 2DIAGNOSTIC,     5, -6.261498332024e-01, inf, 5.2038e+00, 2.1023e-01, 
 2DIAGNOSTIC,     6, -6.261640787125e-01, inf, 5.4115e+00, 2.0764e-01, 
 2DIAGNOSTIC,     7, -6.261907815933e-01, inf, 5.6594e+00, 2.4791e-01, 
 2DIAGNOSTIC,     8, -6.261966824532e-01, inf, 5.9509e+00, 2.9150e-01, 
 2DIAGNOSTIC,     9, -6.262112855911e-01, inf, 6.1951e+00, 2.4428e-01, 
 2DIAGNOSTIC,    10, -6.262162923813e-01, 3.465444024187e-05, 6.4026e+00, 2.0741e-01, 
 2DIAGNOSTIC,    11, -6.262198090553e-01, 2.346336805203e-05, 6.6102e+00, 2.0767e-01, 
 2DIAGNOSTIC,    12, -6.262233257294e-01, 1.457352209400e-05, 6.8968e+00, 2.8661e-01, 
 2DIAGNOSTIC,    13, -6.262280941010e-01, 1.039915787260e-05, 7.1052e+00, 2.0835e-01, 
 2DIAGNOSTIC,    14, -6.262283325195e-01, 7.748214557068e-06, 7.3407e+00, 2.3551e-01, 
 2DIAGNOSTIC,    15, -6.262307167053e-01, 5.985096322547e-06, 7.5737e+00, 2.3296e-01, 
 2DIAGNOSTIC,    16, -6.262311935425e-01, 4.490505034482e-06, 7.8085e+00, 2.3485e-01, 
 2DIAGNOSTIC,    17, -6.262329816818e-01, 3.702568164954e-06, 8.0492e+00, 2.4071e-01, 
 2DIAGNOSTIC,    18, -6.262330412865e-01, 2.973182745336e-06, 8.2888e+00, 2.3959e-01, 
 2DIAGNOSTIC,    19, -6.262329816818e-01, 2.555149194450e-06, 8.5101e+00, 2.2131e-01, 
 2DIAGNOSTIC,    20, -6.262339353561e-01, 2.232527322121e-06, 8.7536e+00, 2.4344e-01, 
 2DIAGNOSTIC,    21, -6.262381076813e-01, 2.045070232271e-06, 8.9950e+00, 2.4140e-01, 
 2DIAGNOSTIC,    22, -6.262381672859e-01, 1.894069441732e-06, 9.2371e+00, 2.4216e-01, 
 2DIAGNOSTIC,    23, -6.262389421463e-01, 1.825373260544e-06, 9.4536e+00, 2.1653e-01, 
 2DIAGNOSTIC,    24, -6.262407302856e-01, 1.759468318596e-06, 9.6928e+00, 2.3920e-01, 
 2DIAGNOSTIC,    25, -6.262402534485e-01, 1.691563397799e-06, 1.0100e+01, 4.0750e-01, 
 2DIAGNOSTIC,    26, -6.262406110764e-01, 1.602675638424e-06, 1.0364e+01, 2.6353e-01, 
 2DIAGNOSTIC,    27, -6.262407302856e-01, 1.516838210591e-06, 1.0579e+01, 2.1509e-01, 
 2DIAGNOSTIC,    28, -6.262404322624e-01, 1.402212205903e-06, 1.0824e+01, 2.4530e-01, 
 2DIAGNOSTIC,    29, -6.262401938438e-01, 1.265833475372e-06, 1.1071e+01, 2.4720e-01, 
 2DIAGNOSTIC,    30, -6.262400150299e-01, 1.132773718382e-06, 1.1317e+01, 2.4511e-01, 
 2DIAGNOSTIC,    31, -6.262401938438e-01, 1.065585252036e-06, 1.1557e+01, 2.4029e-01, 
 2DIAGNOSTIC,    32, -6.262405514717e-01, 1.004472210298e-06, 1.1847e+01, 2.9006e-01, 
DIAGNOSTIC,Iteration,metricValue,convergenceValue,ITERATION_TIME_INDEX,SINCE_LAST
 2DIAGNOSTIC,     1, -5.642017126083e-01, inf, 1.4401e+01, 2.5539e+00, 
  Elapsed time (stage 0): 1.5599e+01


Stage 1
  iterations = 1000x500x250x0
  convergence threshold = 1.0000e-06
  convergence window size = 10
  number of levels = 4
  using the Mattes MI metric (number of bins = 32, weight = 1.0000e+00)
  preprocessing:  winsorizing the image intensities
  preprocessing:  histogram matching the images
  Shrink factors (level 1 out of 4): [6, 6, 6]
  Shrink factors (level 2 out of 4): [4, 4, 4]
  Shrink factors (level 3 out of 4): [2, 2, 2]
  Shrink factors (level 4 out of 4): [1, 1, 1]
  smoothing sigmas per level: [4, 2, 1, 0]
  regular sampling (percentage = 2.5000e-01)

*** Running AffineTransform registration ***

DIAGNOSTIC,Iteration,metricValue,convergenceValue,ITERATION_TIME_INDEX,SINCE_LAST
 2DIAGNOSTIC,     1, -8.910208344460e-01, inf, 8.3041e-01, 8.3041e-01, 
 2DIAGNOSTIC,     2, -8.946655392647e-01, inf, 8.3933e-01, 8.9152e-03, 
 2DIAGNOSTIC,     3, -9.008276462555e-01, inf, 8.4811e-01, 8.7872e-03, 
 2DIAGNOSTIC,     4, -9.108674526215e-01, inf, 8.5714e-01, 9.0232e-03, 
 2DIAGNOSTIC,     5, -9.279578328133e-01, inf, 8.6564e-01, 8.5001e-03, 
 2DIAGNOSTIC,     6, -9.555976986885e-01, inf, 8.7436e-01, 8.7271e-03, 
 2DIAGNOSTIC,     7, -9.930501580238e-01, inf, 8.8317e-01, 8.8069e-03, 
 2DIAGNOSTIC,     8, -1.008458971977e+00, inf, 8.9554e-01, 1.2370e-02, 
 2DIAGNOSTIC,     9, -1.009099006653e+00, inf, 9.0500e-01, 9.4540e-03, 
 2DIAGNOSTIC,    10, -1.011932969093e+00, 1.015281584114e-02, 9.1632e-01, 1.1321e-02, 
 2DIAGNOSTIC,    11, -1.012559294701e+00, 8.859346620739e-03, 9.2509e-01, 8.7781e-03, 
 2DIAGNOSTIC,    12, -1.012740612030e+00, 7.083696778864e-03, 9.3601e-01, 1.0918e-02, 
 2DIAGNOSTIC,    13, -1.012816905975e+00, 5.099794827402e-03, 9.4700e-01, 1.0984e-02, 
 2DIAGNOSTIC,    14, -1.012837767601e+00, 3.170062555000e-03, 9.5711e-01, 1.0109e-02, 
 2DIAGNOSTIC,    15, -1.012773752213e+00, 1.549849286675e-03, 9.6711e-01, 1.0009e-02, 
 2DIAGNOSTIC,    16, -1.012681365013e+00, 4.849084361922e-04, 9.7733e-01, 1.0219e-02, 
 2DIAGNOSTIC,    17, -1.012693405151e+00, 1.406279770890e-04, 9.8742e-01, 1.0088e-02, 
 2DIAGNOSTIC,    18, -1.012711167336e+00, 7.255520904437e-05, 1.0009e+00, 1.3472e-02, 
 2DIAGNOSTIC,    19, -1.012681961060e+00, 1.355587119178e-05, 1.0108e+00, 9.9211e-03, 
DIAGNOSTIC,Iteration,metricValue,convergenceValue,ITERATION_TIME_INDEX,SINCE_LAST
 2DIAGNOSTIC,     1, -7.894047498703e-01, inf, 1.6952e+00, 6.8437e-01, 
 2DIAGNOSTIC,     2, -7.904139757156e-01, inf, 1.7303e+00, 3.5095e-02, 
 2DIAGNOSTIC,     3, -7.917290925980e-01, inf, 1.7641e+00, 3.3819e-02, 
 2DIAGNOSTIC,     4, -7.928629517555e-01, inf, 1.7978e+00, 3.3709e-02, 
 2DIAGNOSTIC,     5, -7.936438918114e-01, inf, 1.8322e+00, 3.4363e-02, 
 2DIAGNOSTIC,     6, -7.942454218864e-01, inf, 1.8653e+00, 3.3160e-02, 
 2DIAGNOSTIC,     7, -7.946197390556e-01, inf, 1.9035e+00, 3.8202e-02, 
 2DIAGNOSTIC,     8, -7.947314977646e-01, inf, 1.9533e+00, 4.9724e-02, 
 2DIAGNOSTIC,     9, -7.947980761528e-01, inf, 1.9882e+00, 3.4982e-02, 
 2DIAGNOSTIC,    10, -7.948566079140e-01, 4.442766949069e-04, 2.0276e+00, 3.9345e-02, 
 2DIAGNOSTIC,    11, -7.949538230896e-01, 3.025439218618e-04, 2.0702e+00, 4.2610e-02, 
 2DIAGNOSTIC,    12, -7.949449419975e-01, 1.868408144219e-04, 2.1080e+00, 3.7805e-02, 
 2DIAGNOSTIC,    13, -7.949403524399e-01, 1.080485453713e-04, 2.1422e+00, 3.4214e-02, 
 2DIAGNOSTIC,    14, -7.949382066727e-01, 5.965355012449e-05, 2.1760e+00, 3.3734e-02, 
 2DIAGNOSTIC,    15, -7.949463725090e-01, 3.101798938587e-05, 2.2103e+00, 3.4339e-02, 
 2DIAGNOSTIC,    16, -7.949507832527e-01, 1.664265619183e-05, 2.2569e+00, 4.6601e-02, 
 2DIAGNOSTIC,    17, -7.949538826942e-01, 1.052409515978e-05, 2.2909e+00, 3.4052e-02, 
 2DIAGNOSTIC,    18, -7.949274778366e-01, 5.996582785883e-06, 2.3247e+00, 3.3784e-02, 
 2DIAGNOSTIC,    19, -7.949181795120e-01, 2.638107389430e-06, 2.3643e+00, 3.9540e-02, 
DIAGNOSTIC,Iteration,metricValue,convergenceValue,ITERATION_TIME_INDEX,SINCE_LAST
 2DIAGNOSTIC,     1, -6.881388425827e-01, inf, 3.5359e+00, 1.1717e+00, 
 2DIAGNOSTIC,     2, -6.883230805397e-01, inf, 3.7756e+00, 2.3969e-01, 
 2DIAGNOSTIC,     3, -6.884552240372e-01, inf, 4.0127e+00, 2.3704e-01, 
 2DIAGNOSTIC,     4, -6.885213255882e-01, inf, 4.3634e+00, 3.5071e-01, 
 2DIAGNOSTIC,     5, -6.885226964951e-01, inf, 4.6320e+00, 2.6861e-01, 
 2DIAGNOSTIC,     6, -6.885176301003e-01, inf, 4.8995e+00, 2.6748e-01, 
 2DIAGNOSTIC,     7, -6.885187625885e-01, inf, 5.2157e+00, 3.1627e-01, 
 2DIAGNOSTIC,     8, -6.885182857513e-01, inf, 5.4798e+00, 2.6406e-01, 
 2DIAGNOSTIC,     9, -6.885182857513e-01, inf, 5.7493e+00, 2.6946e-01, 
 2DIAGNOSTIC,    10, -6.885170936584e-01, 2.757993206615e-05, 6.0719e+00, 3.2269e-01, 
 2DIAGNOSTIC,    11, -6.885146498680e-01, 1.195934510179e-05, 6.3378e+00, 2.6588e-01, 
 2DIAGNOSTIC,    12, -6.885134577751e-01, 4.326201633376e-06, 6.6623e+00, 3.2444e-01, 
 2DIAGNOSTIC,    13, -6.885123848915e-01, 1.815714767872e-06, 6.8931e+00, 2.3087e-01, 
 2DIAGNOSTIC,    14, -6.885120272636e-01, 1.656882886891e-06, 7.1578e+00, 2.6465e-01, 
 2DIAGNOSTIC,    15, -6.885108351707e-01, 1.584692313372e-06, 7.4364e+00, 2.7865e-01, 
 2DIAGNOSTIC,    16, -6.885115504265e-01, 1.459048348806e-06, 7.7099e+00, 2.7350e-01, 
 2DIAGNOSTIC,    17, -6.885115504265e-01, 1.424085667168e-06, 7.9780e+00, 2.6807e-01, 
 2DIAGNOSTIC,    18, -6.885114908218e-01, 1.421072511221e-06, 8.2689e+00, 2.9089e-01, 
 2DIAGNOSTIC,    19, -6.885113716125e-01, 1.448157036066e-06, 8.5356e+00, 2.6669e-01, 
 2DIAGNOSTIC,    20, -6.885113716125e-01, 1.470171241635e-06, 8.7975e+00, 2.6195e-01, 
 2DIAGNOSTIC,    21, -6.885112524033e-01, 1.451028879274e-06, 9.0332e+00, 2.3569e-01, 
 2DIAGNOSTIC,    22, -6.885121464729e-01, 1.434102614439e-06, 9.2967e+00, 2.6346e-01, 
 2DIAGNOSTIC,    23, -6.885126829147e-01, 1.409805918229e-06, 9.5644e+00, 2.6774e-01, 
 2DIAGNOSTIC,    24, -6.885123252869e-01, 1.373390318804e-06, 9.8102e+00, 2.4573e-01, 
 2DIAGNOSTIC,    25, -6.885134577751e-01, 1.334578200840e-06, 1.0088e+01, 2.7796e-01, 
 2DIAGNOSTIC,    26, -6.885121464729e-01, 1.282937546421e-06, 1.0356e+01, 2.6765e-01, 
 2DIAGNOSTIC,    27, -6.885100603104e-01, 1.198072027364e-06, 1.0623e+01, 2.6729e-01, 
 2DIAGNOSTIC,    28, -6.885104179382e-01, 1.122563276112e-06, 1.0861e+01, 2.3747e-01, 
 2DIAGNOSTIC,    29, -6.885109543800e-01, 1.058855445990e-06, 1.1100e+01, 2.3980e-01, 
 2DIAGNOSTIC,    30, -6.885116100311e-01, 1.011535687212e-06, 1.1402e+01, 3.0178e-01, 
DIAGNOSTIC,Iteration,metricValue,convergenceValue,ITERATION_TIME_INDEX,SINCE_LAST
 2DIAGNOSTIC,     1, -6.136327385902e-01, inf, 1.4054e+01, 2.6522e+00, 
  Elapsed time (stage 1): 1.5150e+01


Stage 2
  iterations = 100x100x70x20
  convergence threshold = 1.0000e-09
  convergence window size = 10
  number of levels = 4
  using the CC metric (radius = 4, weight = 1.0000e+00)
  preprocessing:  winsorizing the image intensities
  preprocessing:  histogram matching the images
  Shrink factors (level 1 out of 4): [6, 6, 6]
  Shrink factors (level 2 out of 4): [4, 4, 4]
  Shrink factors (level 3 out of 4): [2, 2, 2]
  Shrink factors (level 4 out of 4): [1, 1, 1]
  smoothing sigmas per level: [3, 2, 1, 0]
  Using default NONE metricSamplingStrategy 

*** Running SyN registration (varianceForUpdateField = 3.0000e+00, varianceForTotalField = 0.0000e+00) ***

XXDIAGNOSTIC,Iteration,metricValue,convergenceValue,ITERATION_TIME_INDEX,SINCE_LAST
 1DIAGNOSTIC,     1, -8.808614015579e-01, inf, 1.4858e+00, 1.4858e+00, 
 1DIAGNOSTIC,     2, -8.885900974274e-01, inf, 2.2311e+00, 7.4529e-01, 
 1DIAGNOSTIC,     3, -8.964568376541e-01, inf, 2.9667e+00, 7.3555e-01, 
 1DIAGNOSTIC,     4, -9.027637243271e-01, inf, 3.7330e+00, 7.6633e-01, 
 1DIAGNOSTIC,     5, -9.076473712921e-01, inf, 4.4609e+00, 7.2784e-01, 
 1DIAGNOSTIC,     6, -9.118489027023e-01, inf, 5.1802e+00, 7.1934e-01, 
 1DIAGNOSTIC,     7, -9.154129028320e-01, inf, 5.9375e+00, 7.5728e-01, 
 1DIAGNOSTIC,     8, -9.183756113052e-01, inf, 6.7006e+00, 7.6315e-01, 
 1DIAGNOSTIC,     9, -9.207839965820e-01, inf, 7.4698e+00, 7.6922e-01, 
 1DIAGNOSTIC,    10, -9.228643178940e-01, 2.891070907936e-03, 8.2449e+00, 7.7505e-01, 
 1DIAGNOSTIC,    11, -9.246427416801e-01, 2.204035874456e-03, 9.0172e+00, 7.7233e-01, 
 1DIAGNOSTIC,    12, -9.261972308159e-01, 1.674086903222e-03, 9.7906e+00, 7.7334e-01, 
 1DIAGNOSTIC,    13, -9.275584220886e-01, 1.294878893532e-03, 1.0555e+01, 7.6448e-01, 
 1DIAGNOSTIC,    14, -9.287811517715e-01, 1.019151881337e-03, 1.1297e+01, 7.4163e-01, 
 1DIAGNOSTIC,    15, -9.298484325409e-01, 8.099411497824e-04, 1.2070e+01, 7.7375e-01, 
 1DIAGNOSTIC,    16, -9.308341741562e-01, 6.527834339067e-04, 1.2836e+01, 7.6533e-01, 
 1DIAGNOSTIC,    17, -9.316915869713e-01, 5.342704826035e-04, 1.3597e+01, 7.6082e-01, 
 1DIAGNOSTIC,    18, -9.324927330017e-01, 4.440814955160e-04, 1.4358e+01, 7.6101e-01, 
 1DIAGNOSTIC,    19, -9.331911206245e-01, 3.725991700776e-04, 1.5138e+01, 7.8068e-01, 
 1DIAGNOSTIC,    20, -9.338487386703e-01, 3.158014442306e-04, 1.5906e+01, 7.6760e-01, 
 1DIAGNOSTIC,    21, -9.344391822815e-01, 2.696999581531e-04, 1.6664e+01, 7.5791e-01, 
 1DIAGNOSTIC,    22, -9.349886178970e-01, 2.320235507796e-04, 1.7409e+01, 7.4530e-01, 
 1DIAGNOSTIC,    23, -9.354809522629e-01, 2.006858121604e-04, 1.8158e+01, 7.4942e-01, 
 1DIAGNOSTIC,    24, -9.359400272369e-01, 1.746970228851e-04, 1.8914e+01, 7.5550e-01, 
 1DIAGNOSTIC,    25, -9.363613128662e-01, 1.526750420453e-04, 1.9658e+01, 7.4397e-01, 
 1DIAGNOSTIC,    26, -9.367536902428e-01, 1.342799077975e-04, 2.0428e+01, 7.7002e-01, 
 1DIAGNOSTIC,    27, -9.371093511581e-01, 1.183991917060e-04, 2.1201e+01, 7.7286e-01, 
 1DIAGNOSTIC,    28, -9.374278783798e-01, 1.047840632964e-04, 2.1956e+01, 7.5482e-01, 
 1DIAGNOSTIC,    29, -9.377433061600e-01, 9.296219650423e-05, 2.2718e+01, 7.6250e-01, 
 1DIAGNOSTIC,    30, -9.380381107330e-01, 8.289780089399e-05, 2.3457e+01, 7.3853e-01, 
 1DIAGNOSTIC,    31, -9.383103847504e-01, 7.419065514114e-05, 2.4228e+01, 7.7161e-01, 
 1DIAGNOSTIC,    32, -9.385444521904e-01, 6.653694435954e-05, 2.4978e+01, 7.4942e-01, 
 1DIAGNOSTIC,    33, -9.387983083725e-01, 6.000715802656e-05, 2.5757e+01, 7.7916e-01, 
 1DIAGNOSTIC,    34, -9.390289187431e-01, 5.440759559860e-05, 2.6522e+01, 7.6560e-01, 
 1DIAGNOSTIC,    35, -9.392306208611e-01, 4.943926614942e-05, 2.7284e+01, 7.6115e-01, 
 1DIAGNOSTIC,    36, -9.394401311874e-01, 4.520892616711e-05, 2.8037e+01, 7.5369e-01, 
 1DIAGNOSTIC,    37, -9.396091699600e-01, 4.128984801355e-05, 2.8785e+01, 7.4754e-01, 
 1DIAGNOSTIC,    38, -9.398020505905e-01, 3.780642146012e-05, 2.9531e+01, 7.4572e-01, 
 1DIAGNOSTIC,    39, -9.399337768555e-01, 3.443987952778e-05, 3.0273e+01, 7.4275e-01, 
 1DIAGNOSTIC,    40, -9.401100873947e-01, 3.161072891089e-05, 3.1016e+01, 7.4304e-01, 
 1DIAGNOSTIC,    41, -9.402669072151e-01, 2.914811739174e-05, 3.1776e+01, 7.6002e-01, 
 1DIAGNOSTIC,    42, -9.403960108757e-01, 2.670096364454e-05, 3.2545e+01, 7.6841e-01, 
 1DIAGNOSTIC,    43, -9.405336380005e-01, 2.464843419148e-05, 3.3323e+01, 7.7773e-01, 
 1DIAGNOSTIC,    44, -9.406361579895e-01, 2.269475226058e-05, 3.4090e+01, 7.6705e-01, 
 1DIAGNOSTIC,    45, -9.407885074615e-01, 2.110718560289e-05, 3.4865e+01, 7.7569e-01, 
 1DIAGNOSTIC,    46, -9.408955574036e-01, 1.970891025849e-05, 3.5613e+01, 7.4768e-01, 
 1DIAGNOSTIC,    47, -9.409926533699e-01, 1.825660547183e-05, 3.6353e+01, 7.4008e-01, 
 1DIAGNOSTIC,    48, -9.411023855209e-01, 1.710099786578e-05, 3.7085e+01, 7.3230e-01, 
 1DIAGNOSTIC,    49, -9.412181377411e-01, 1.593630622665e-05, 3.7845e+01, 7.5949e-01, 
 1DIAGNOSTIC,    50, -9.412889480591e-01, 1.483654705225e-05, 3.8609e+01, 7.6395e-01, 
 1DIAGNOSTIC,    51, -9.413924813271e-01, 1.396658808517e-05, 3.9383e+01, 7.7396e-01, 
 1DIAGNOSTIC,    52, -9.414733648300e-01, 1.306705235038e-05, 4.0143e+01, 7.6067e-01, 
 1DIAGNOSTIC,    53, -9.415557384491e-01, 1.226320000569e-05, 4.0902e+01, 7.5833e-01, 
 1DIAGNOSTIC,    54, -9.416121244431e-01, 1.124694063037e-05, 4.1692e+01, 7.9013e-01, 
 1DIAGNOSTIC,    55, -9.417131543159e-01, 1.064279604179e-05, 4.2435e+01, 7.4283e-01, 
 1DIAGNOSTIC,    56, -9.417774081230e-01, 1.001237615128e-05, 4.3199e+01, 7.6439e-01, 
 1DIAGNOSTIC,    57, -9.418210983276e-01, 9.238051461580e-06, 4.3936e+01, 7.3743e-01, 
 1DIAGNOSTIC,    58, -9.419113397598e-01, 8.700307262188e-06, 4.4687e+01, 7.5083e-01, 
 1DIAGNOSTIC,    59, -9.419632554054e-01, 8.253216037701e-06, 4.5423e+01, 7.3611e-01, 
 1DIAGNOSTIC,    60, -9.420251846313e-01, 7.741487024759e-06, 4.6189e+01, 7.6582e-01, 
 1DIAGNOSTIC,    61, -9.420885443687e-01, 7.378740065178e-06, 4.6958e+01, 7.6890e-01, 
 1DIAGNOSTIC,    62, -9.421328306198e-01, 6.975897122175e-06, 4.7699e+01, 7.4126e-01, 
 1DIAGNOSTIC,    63, -9.422035217285e-01, 6.701069651172e-06, 4.8465e+01, 7.6530e-01, 
 1DIAGNOSTIC,    64, -9.422276616096e-01, 6.206354555616e-06, 4.9239e+01, 7.7463e-01, 
 1DIAGNOSTIC,    65, -9.422957897186e-01, 5.968194727757e-06, 4.9987e+01, 7.4803e-01, 
 1DIAGNOSTIC,    66, -9.423488974571e-01, 5.745569069404e-06, 5.0742e+01, 7.5510e-01, 
 1DIAGNOSTIC,    67, -9.423676729202e-01, 5.295451046550e-06, 5.1501e+01, 7.5879e-01, 
 1DIAGNOSTIC,    68, -9.424306154251e-01, 5.080595656182e-06, 5.2262e+01, 7.6044e-01, 
 1DIAGNOSTIC,    69, -9.424750804901e-01, 4.844497198064e-06, 5.3010e+01, 7.4843e-01, 
 1DIAGNOSTIC,    70, -9.425116777420e-01, 4.613657893060e-06, 5.3783e+01, 7.7312e-01, 
 1DIAGNOSTIC,    71, -9.425563216209e-01, 4.448477284313e-06, 5.4538e+01, 7.5467e-01, 
 1DIAGNOSTIC,    72, -9.425827860832e-01, 4.195178917143e-06, 5.5291e+01, 7.5300e-01, 
 1DIAGNOSTIC,    73, -9.426364898682e-01, 4.105904281460e-06, 5.6047e+01, 7.5623e-01, 
 1DIAGNOSTIC,    74, -9.426446557045e-01, 3.787358537011e-06, 5.6799e+01, 7.5211e-01, 
 1DIAGNOSTIC,    75, -9.426965713501e-01, 3.639023816504e-06, 5.7567e+01, 7.6775e-01, 
 1DIAGNOSTIC,    76, -9.427362084389e-01, 3.553581564120e-06, 5.8325e+01, 7.5780e-01, 
 1DIAGNOSTIC,    77, -9.427413940430e-01, 3.255355750298e-06, 5.9067e+01, 7.4230e-01, 
 1DIAGNOSTIC,    78, -9.427974820137e-01, 3.154867499688e-06, 5.9823e+01, 7.5550e-01, 
 1DIAGNOSTIC,    79, -9.428241252899e-01, 3.059833943553e-06, 6.0587e+01, 7.6486e-01, 
 1DIAGNOSTIC,    80, -9.428315162659e-01, 2.873689709304e-06, 6.1364e+01, 7.7614e-01, 
 1DIAGNOSTIC,    81, -9.428864717484e-01, 2.827658818205e-06, 6.2112e+01, 7.4837e-01, 
 1DIAGNOSTIC,    82, -9.429090023041e-01, 2.721665168792e-06, 6.2880e+01, 7.6806e-01, 
 1DIAGNOSTIC,    83, -9.429221749306e-01, 2.638309297254e-06, 6.3629e+01, 7.4921e-01, 
 1DIAGNOSTIC,    84, -9.429588913918e-01, 2.498691628716e-06, 6.4376e+01, 7.4653e-01, 
 1DIAGNOSTIC,    85, -9.429692625999e-01, 2.376424617978e-06, 6.5149e+01, 7.7308e-01, 
 1DIAGNOSTIC,    86, -9.430090188980e-01, 2.345218035771e-06, 6.5916e+01, 7.6676e-01, 
 1DIAGNOSTIC,    87, -9.430000782013e-01, 2.103191036440e-06, 6.6678e+01, 7.6192e-01, 
 1DIAGNOSTIC,    88, -9.430495500565e-01, 2.065663693429e-06, 6.7442e+01, 7.6472e-01, 
 1DIAGNOSTIC,    89, -9.430671334267e-01, 2.012767254200e-06, 6.8201e+01, 7.5904e-01, 
 1DIAGNOSTIC,    90, -9.430772066116e-01, 1.854729930528e-06, 6.8952e+01, 7.5023e-01, 
 1DIAGNOSTIC,    91, -9.430992603302e-01, 1.812760046960e-06, 6.9715e+01, 7.6362e-01, 
 1DIAGNOSTIC,    92, -9.431367516518e-01, 1.827929622777e-06, 7.0490e+01, 7.7508e-01, 
 1DIAGNOSTIC,    93, -9.431205987930e-01, 1.684049266260e-06, 7.1255e+01, 7.6477e-01, 
 1DIAGNOSTIC,    94, -9.431713819504e-01, 1.698773417047e-06, 7.2000e+01, 7.4542e-01, 
 1DIAGNOSTIC,    95, -9.431756734848e-01, 1.622889953978e-06, 7.2775e+01, 7.7452e-01, 
 1DIAGNOSTIC,    96, -9.431806206703e-01, 1.568091533954e-06, 7.3541e+01, 7.6628e-01, 
 1DIAGNOSTIC,    97, -9.432162642479e-01, 1.475499516346e-06, 7.4292e+01, 7.5098e-01, 
 1DIAGNOSTIC,    98, -9.432431459427e-01, 1.507389129074e-06, 7.5057e+01, 7.6490e-01, 
 1DIAGNOSTIC,    99, -9.432256221771e-01, 1.423045659976e-06, 7.5830e+01, 7.7299e-01, 
 1DIAGNOSTIC,   100, -9.432591199875e-01, 1.368218249809e-06, 7.6600e+01, 7.6955e-01, 
XXDIAGNOSTIC,Iteration,metricValue,convergenceValue,ITERATION_TIME_INDEX,SINCE_LAST
 1DIAGNOSTIC,     1, -8.664979338646e-01, inf, 7.9802e+01, 3.2028e+00, 
 1DIAGNOSTIC,     2, -8.670675158501e-01, inf, 8.2235e+01, 2.4330e+00, 
 1DIAGNOSTIC,     3, -8.680431842804e-01, inf, 8.4663e+01, 2.4274e+00, 
 1DIAGNOSTIC,     4, -8.688147664070e-01, inf, 8.7111e+01, 2.4484e+00, 
 1DIAGNOSTIC,     5, -8.695767521858e-01, inf, 8.9537e+01, 2.4258e+00, 
 1DIAGNOSTIC,     6, -8.702957034111e-01, inf, 9.1992e+01, 2.4547e+00, 
 1DIAGNOSTIC,     7, -8.709853887558e-01, inf, 9.4440e+01, 2.4481e+00, 
 1DIAGNOSTIC,     8, -8.716568350792e-01, inf, 9.6858e+01, 2.4178e+00, 
 1DIAGNOSTIC,     9, -8.722227215767e-01, inf, 9.9448e+01, 2.5898e+00, 
 1DIAGNOSTIC,    10, -8.726645708084e-01, 4.717404663097e-04, 1.0197e+02, 2.5226e+00, 
 1DIAGNOSTIC,    11, -8.730597496033e-01, 4.039964114781e-04, 1.0444e+02, 2.4665e+00, 
 1DIAGNOSTIC,    12, -8.734273910522e-01, 3.365764569025e-04, 1.0689e+02, 2.4518e+00, 
 1DIAGNOSTIC,    13, -8.737616539001e-01, 2.819100045599e-04, 1.0934e+02, 2.4469e+00, 
 1DIAGNOSTIC,    14, -8.740665912628e-01, 2.344577078475e-04, 1.1177e+02, 2.4318e+00, 
 1DIAGNOSTIC,    15, -8.743526935577e-01, 1.947138225660e-04, 1.1426e+02, 2.4885e+00, 
 1DIAGNOSTIC,    16, -8.746051788330e-01, 1.618715177756e-04, 1.1671e+02, 2.4516e+00, 
 1DIAGNOSTIC,    17, -8.748445510864e-01, 1.357623550575e-04, 1.1916e+02, 2.4550e+00, 
 1DIAGNOSTIC,    18, -8.750617504120e-01, 1.160801912192e-04, 1.2162e+02, 2.4582e+00, 
 1DIAGNOSTIC,    19, -8.752629160881e-01, 1.008977633319e-04, 1.2405e+02, 2.4284e+00, 
 1DIAGNOSTIC,    20, -8.754461407661e-01, 8.808175334707e-05, 1.2651e+02, 2.4634e+00, 
 1DIAGNOSTIC,    21, -8.756198883057e-01, 7.715274841757e-05, 1.2896e+02, 2.4515e+00, 
 1DIAGNOSTIC,    22, -8.757753372192e-01, 6.780904368497e-05, 1.3145e+02, 2.4881e+00, 
 1DIAGNOSTIC,    23, -8.759286403656e-01, 5.989444616716e-05, 1.3400e+02, 2.5460e+00, 
 1DIAGNOSTIC,    24, -8.760594129562e-01, 5.299107215251e-05, 1.3651e+02, 2.5122e+00, 
 1DIAGNOSTIC,    25, -8.761832714081e-01, 4.707000334747e-05, 1.3902e+02, 2.5112e+00, 
 1DIAGNOSTIC,    26, -8.762974739075e-01, 4.183293640381e-05, 1.4153e+02, 2.5075e+00, 
 1DIAGNOSTIC,    27, -8.764053583145e-01, 3.729546006070e-05, 1.4402e+02, 2.4917e+00, 
 1DIAGNOSTIC,    28, -8.765072822571e-01, 3.333934364491e-05, 1.4655e+02, 2.5252e+00, 
 1DIAGNOSTIC,    29, -8.765890598297e-01, 2.975073584821e-05, 1.4908e+02, 2.5313e+00, 
 1DIAGNOSTIC,    30, -8.766766190529e-01, 2.659819438122e-05, 1.5160e+02, 2.5197e+00, 
 1DIAGNOSTIC,    31, -8.767553567886e-01, 2.384986510151e-05, 1.5404e+02, 2.4400e+00, 
 1DIAGNOSTIC,    32, -8.768261671066e-01, 2.137828778359e-05, 1.5655e+02, 2.5137e+00, 
 1DIAGNOSTIC,    33, -8.768975734711e-01, 1.931451879500e-05, 1.5901e+02, 2.4646e+00, 
 1DIAGNOSTIC,    34, -8.769602775574e-01, 1.745850386214e-05, 1.6146e+02, 2.4485e+00, 
 1DIAGNOSTIC,    35, -8.770090937614e-01, 1.572355176904e-05, 1.6391e+02, 2.4429e+00, 
 1DIAGNOSTIC,    36, -8.770680427551e-01, 1.422339028068e-05, 1.6635e+02, 2.4469e+00, 
 1DIAGNOSTIC,    37, -8.771167993546e-01, 1.289128613280e-05, 1.6882e+02, 2.4660e+00, 
 1DIAGNOSTIC,    38, -8.771679401398e-01, 1.177982358058e-05, 1.7129e+02, 2.4757e+00, 
 1DIAGNOSTIC,    39, -8.772072196007e-01, 1.067675657396e-05, 1.7375e+02, 2.4521e+00, 
 1DIAGNOSTIC,    40, -8.772504925728e-01, 9.742041584104e-06, 1.7626e+02, 2.5124e+00, 
 1DIAGNOSTIC,    41, -8.772857189178e-01, 8.891615834727e-06, 1.7873e+02, 2.4742e+00, 
 1DIAGNOSTIC,    42, -8.773200511932e-01, 8.108546353469e-06, 1.8122e+02, 2.4842e+00, 
 1DIAGNOSTIC,    43, -8.773518204689e-01, 7.429925517499e-06, 1.8367e+02, 2.4552e+00, 
 1DIAGNOSTIC,    44, -8.773823976517e-01, 6.825734999438e-06, 1.8610e+02, 2.4270e+00, 
 1DIAGNOSTIC,    45, -8.774158954620e-01, 6.250657861528e-06, 1.8860e+02, 2.5015e+00, 
 1DIAGNOSTIC,    46, -8.774411678314e-01, 5.757527105743e-06, 1.9105e+02, 2.4455e+00, 
 1DIAGNOSTIC,    47, -8.774619102478e-01, 5.274595878291e-06, 1.9350e+02, 2.4563e+00, 
 1DIAGNOSTIC,    48, -8.774857521057e-01, 4.875436388829e-06, 1.9600e+02, 2.4931e+00, 
 1DIAGNOSTIC,    49, -8.775098323822e-01, 4.502324827627e-06, 1.9847e+02, 2.4750e+00, 
 1DIAGNOSTIC,    50, -8.775286674500e-01, 4.172551143711e-06, 2.0090e+02, 2.4258e+00, 
 1DIAGNOSTIC,    51, -8.775530457497e-01, 3.892638233083e-06, 2.0337e+02, 2.4742e+00, 
 1DIAGNOSTIC,    52, -8.775724172592e-01, 3.641732973847e-06, 2.0581e+02, 2.4417e+00, 
 1DIAGNOSTIC,    53, -8.775884509087e-01, 3.399050456210e-06, 2.0827e+02, 2.4523e+00, 
 1DIAGNOSTIC,    54, -8.776026964188e-01, 3.162129132761e-06, 2.1074e+02, 2.4705e+00, 
 1DIAGNOSTIC,    55, -8.776206970215e-01, 2.988104824908e-06, 2.1319e+02, 2.4544e+00, 
 1DIAGNOSTIC,    56, -8.776269555092e-01, 2.768610784187e-06, 2.1563e+02, 2.4407e+00, 
 1DIAGNOSTIC,    57, -8.776397109032e-01, 2.534662144171e-06, 2.1810e+02, 2.4718e+00, 
 1DIAGNOSTIC,    58, -8.776518106461e-01, 2.317579628652e-06, 2.2059e+02, 2.4888e+00, 
 1DIAGNOSTIC,    59, -8.776634931564e-01, 2.132564532076e-06, 2.2302e+02, 2.4324e+00, 
 1DIAGNOSTIC,    60, -8.776722550392e-01, 1.946878910530e-06, 2.2551e+02, 2.4833e+00, 
 1DIAGNOSTIC,    61, -8.776813745499e-01, 1.808001115933e-06, 2.2794e+02, 2.4330e+00, 
 1DIAGNOSTIC,    62, -8.776886463165e-01, 1.688162910796e-06, 2.3041e+02, 2.4655e+00, 
 1DIAGNOSTIC,    63, -8.776974081993e-01, 1.585155246175e-06, 2.3288e+02, 2.4749e+00, 
 1DIAGNOSTIC,    64, -8.777021169662e-01, 1.474970986237e-06, 2.3534e+02, 2.4557e+00, 
 1DIAGNOSTIC,    65, -8.777101039886e-01, 1.404069507771e-06, 2.3782e+02, 2.4823e+00, 
 1DIAGNOSTIC,    66, -8.777216076851e-01, 1.333335603704e-06, 2.4026e+02, 2.4365e+00, 
 1DIAGNOSTIC,    67, -8.777279257774e-01, 1.273213456443e-06, 2.4273e+02, 2.4704e+00, 
 1DIAGNOSTIC,    68, -8.777326345444e-01, 1.217363887918e-06, 2.4516e+02, 2.4322e+00, 
 1DIAGNOSTIC,    69, -8.777306079865e-01, 1.136235823651e-06, 2.4763e+02, 2.4714e+00, 
 1DIAGNOSTIC,    70, -8.777396678925e-01, 1.075015006791e-06, 2.5008e+02, 2.4482e+00, 
 1DIAGNOSTIC,    71, -8.777408003807e-01, 1.000439283416e-06, 2.5256e+02, 2.4814e+00, 
 1DIAGNOSTIC,    72, -8.777472972870e-01, 9.359638966089e-07, 2.5501e+02, 2.4499e+00, 
 1DIAGNOSTIC,    73, -8.777516484261e-01, 8.841001317705e-07, 2.5747e+02, 2.4566e+00, 
 1DIAGNOSTIC,    74, -8.777523636818e-01, 8.141138323481e-07, 2.5993e+02, 2.4690e+00, 
 1DIAGNOSTIC,    75, -8.777573108673e-01, 7.641482397958e-07, 2.6241e+02, 2.4722e+00, 
 1DIAGNOSTIC,    76, -8.777619004250e-01, 7.502086987188e-07, 2.6492e+02, 2.5139e+00, 
 1DIAGNOSTIC,    77, -8.777546882629e-01, 7.000818413871e-07, 2.6736e+02, 2.4434e+00, 
 1DIAGNOSTIC,    78, -8.777587413788e-01, 6.618425913985e-07, 2.6981e+02, 2.4490e+00, 
 1DIAGNOSTIC,    79, -8.777598142624e-01, 5.949111141490e-07, 2.7227e+02, 2.4548e+00, 
 1DIAGNOSTIC,    80, -8.777652978897e-01, 5.697987148778e-07, 2.7473e+02, 2.4603e+00, 
 1DIAGNOSTIC,    81, -8.777570724487e-01, 4.992668323212e-07, 2.7718e+02, 2.4555e+00, 
 1DIAGNOSTIC,    82, -8.777601718903e-01, 4.596796259193e-07, 2.7962e+02, 2.4391e+00, 
 1DIAGNOSTIC,    83, -8.777583837509e-01, 4.240908992870e-07, 2.8203e+02, 2.4038e+00, 
 1DIAGNOSTIC,    84, -8.777636885643e-01, 4.075521644609e-07, 2.8445e+02, 2.4287e+00, 
 1DIAGNOSTIC,    85, -8.777606487274e-01, 3.946635445118e-07, 2.8696e+02, 2.5015e+00, 
 1DIAGNOSTIC,    86, -8.777598142624e-01, 3.962247774325e-07, 2.8945e+02, 2.4975e+00, 
 1DIAGNOSTIC,    87, -8.777546286583e-01, 3.492130247196e-07, 2.9193e+02, 2.4805e+00, 
 1DIAGNOSTIC,    88, -8.777542114258e-01, 3.182848899996e-07, 2.9443e+02, 2.4986e+00, 
 1DIAGNOSTIC,    89, -8.777549266815e-01, 2.975675670314e-07, 2.9692e+02, 2.4842e+00, 
 1DIAGNOSTIC,    90, -8.777538537979e-01, 2.996676187195e-07, 2.9937e+02, 2.4522e+00, 
 1DIAGNOSTIC,    91, -8.777580857277e-01, 2.929405695795e-07, 3.0185e+02, 2.4801e+00, 
 1DIAGNOSTIC,    92, -8.777505159378e-01, 2.762635062936e-07, 3.0429e+02, 2.4386e+00, 
 1DIAGNOSTIC,    93, -8.777504563332e-01, 2.605335112094e-07, 3.0678e+02, 2.4890e+00, 
 1DIAGNOSTIC,    94, -8.777540326118e-01, 2.836089834091e-07, 3.0927e+02, 2.4892e+00, 
 1DIAGNOSTIC,    95, -8.777453899384e-01, 2.707431576709e-07, 3.1176e+02, 2.4923e+00, 
 1DIAGNOSTIC,    96, -8.777458667755e-01, 2.645676886459e-07, 3.1425e+02, 2.4909e+00, 
 1DIAGNOSTIC,    97, -8.777502775192e-01, 2.626330797284e-07, 3.1670e+02, 2.4498e+00, 
 1DIAGNOSTIC,    98, -8.777453899384e-01, 2.488638415343e-07, 3.1918e+02, 2.4818e+00, 
 1DIAGNOSTIC,    99, -8.777446746826e-01, 2.431877987874e-07, 3.2166e+02, 2.4782e+00, 
 1DIAGNOSTIC,   100, -8.777463436127e-01, 2.470129061294e-07, 3.2409e+02, 2.4353e+00, 
XXDIAGNOSTIC,Iteration,metricValue,convergenceValue,ITERATION_TIME_INDEX,SINCE_LAST
 1DIAGNOSTIC,     1, -7.416973114014e-01, inf, 3.4511e+02, 2.1020e+01, 
 1DIAGNOSTIC,     2, -7.432602047920e-01, inf, 3.6500e+02, 1.9882e+01, 
 1DIAGNOSTIC,     3, -7.453129887581e-01, inf, 3.8491e+02, 1.9918e+01, 
 1DIAGNOSTIC,     4, -7.469953894615e-01, inf, 4.0471e+02, 1.9793e+01, 
 1DIAGNOSTIC,     5, -7.485467195511e-01, inf, 4.2417e+02, 1.9462e+01, 
 1DIAGNOSTIC,     6, -7.499537467957e-01, inf, 4.4409e+02, 1.9917e+01, 
 1DIAGNOSTIC,     7, -7.512419223785e-01, inf, 4.6404e+02, 1.9951e+01, 
 1DIAGNOSTIC,     8, -7.523316144943e-01, inf, 4.8393e+02, 1.9896e+01, 
 1DIAGNOSTIC,     9, -7.534195780754e-01, inf, 5.0404e+02, 2.0108e+01, 
 1DIAGNOSTIC,    10, -7.544236183167e-01, 1.094304258004e-03, 5.2422e+02, 2.0178e+01, 
 1DIAGNOSTIC,    11, -7.552019953728e-01, 9.129038662650e-04, 5.4427e+02, 2.0046e+01, 
 1DIAGNOSTIC,    12, -7.559158802032e-01, 7.511078729294e-04, 5.6462e+02, 2.0355e+01, 
 1DIAGNOSTIC,    13, -7.565909624100e-01, 6.254589534365e-04, 5.8467e+02, 2.0045e+01, 
 1DIAGNOSTIC,    14, -7.572176456451e-01, 5.229151574895e-04, 6.0474e+02, 2.0074e+01, 
 1DIAGNOSTIC,    15, -7.578024864197e-01, 4.397635057103e-04, 6.2485e+02, 2.0115e+01, 
 1DIAGNOSTIC,    16, -7.584328055382e-01, 3.745386784431e-04, 6.4490e+02, 2.0046e+01, 
 1DIAGNOSTIC,    17, -7.589433193207e-01, 3.222937812097e-04, 6.6505e+02, 2.0145e+01, 
 1DIAGNOSTIC,    18, -7.594149112701e-01, 2.786389959510e-04, 6.8547e+02, 2.0420e+01, 
 1DIAGNOSTIC,    19, -7.598573565483e-01, 2.439711824991e-04, 7.0599e+02, 2.0519e+01, 
 1DIAGNOSTIC,    20, -7.602719068527e-01, 2.167493803427e-04, 7.2652e+02, 2.0535e+01, 
 1DIAGNOSTIC,    21, -7.606581449509e-01, 1.927354460349e-04, 7.4715e+02, 2.0629e+01, 
 1DIAGNOSTIC,    22, -7.610285878181e-01, 1.714150275802e-04, 7.6759e+02, 2.0436e+01, 
 1DIAGNOSTIC,    23, -7.613840103149e-01, 1.527614949737e-04, 7.8817e+02, 2.0588e+01, 
 1DIAGNOSTIC,    24, -7.617146968842e-01, 1.363401825074e-04, 8.0870e+02, 2.0528e+01, 
 1DIAGNOSTIC,    25, -7.620267868042e-01, 1.218735269504e-04, 8.2922e+02, 2.0521e+01, 
 1DIAGNOSTIC,    26, -7.623229026794e-01, 1.104496332118e-04, 8.4990e+02, 2.0678e+01, 
 1DIAGNOSTIC,    27, -7.626004219055e-01, 1.004377409117e-04, 8.7044e+02, 2.0534e+01, 
 1DIAGNOSTIC,    28, -7.628591060638e-01, 9.147114906227e-05, 8.9077e+02, 2.0334e+01, 
 1DIAGNOSTIC,    29, -7.631114125252e-01, 8.349567360710e-05, 9.1122e+02, 2.0450e+01, 
 1DIAGNOSTIC,    30, -7.633599638939e-01, 7.647430174984e-05, 9.3152e+02, 2.0306e+01, 
 1DIAGNOSTIC,    31, -7.635917067528e-01, 7.016595191089e-05, 9.5184e+02, 2.0314e+01, 
 1DIAGNOSTIC,    32, -7.638111114502e-01, 6.454205140471e-05, 9.7236e+02, 2.0524e+01, 
 1DIAGNOSTIC,    33, -7.640197873116e-01, 5.957870598650e-05, 9.9289e+02, 2.0524e+01, 
 1DIAGNOSTIC,    34, -7.642173767090e-01, 5.510678238352e-05, 1.0134e+03, 2.0559e+01, 
 1DIAGNOSTIC,    35, -7.644047737122e-01, 5.103274088469e-05, 1.0338e+03, 2.0345e+01, 
 1DIAGNOSTIC,    36, -7.645749449730e-01, 4.721905861516e-05, 1.0545e+03, 2.0725e+01, 
 1DIAGNOSTIC,    37, -7.647470235825e-01, 4.371123213787e-05, 1.0751e+03, 2.0603e+01, 
 1DIAGNOSTIC,    38, -7.649136185646e-01, 4.045347668580e-05, 1.0956e+03, 2.0492e+01, 
 1DIAGNOSTIC,    39, -7.650650143623e-01, 3.741761247511e-05, 1.1161e+03, 2.0482e+01, 
 1DIAGNOSTIC,    40, -7.652208805084e-01, 3.479110455373e-05, 1.1366e+03, 2.0509e+01, 
 1DIAGNOSTIC,    41, -7.653596997261e-01, 3.239460784243e-05, 1.1571e+03, 2.0453e+01, 
 1DIAGNOSTIC,    42, -7.655013203621e-01, 3.027672937606e-05, 1.1775e+03, 2.0467e+01, 
 1DIAGNOSTIC,    43, -7.656362056732e-01, 2.839239095920e-05, 1.1980e+03, 2.0516e+01, 
 1DIAGNOSTIC,    44, -7.657599449158e-01, 2.665131614776e-05, 1.2184e+03, 2.0408e+01, 
 1DIAGNOSTIC,    45, -7.658827304840e-01, 2.506169948902e-05, 1.2392e+03, 2.0706e+01, 
 1DIAGNOSTIC,    46, -7.659998536110e-01, 2.351962575631e-05, 1.2596e+03, 2.0426e+01, 
 1DIAGNOSTIC,    47, -7.661116123199e-01, 2.208998921560e-05, 1.2802e+03, 2.0630e+01, 
 1DIAGNOSTIC,    48, -7.662213444710e-01, 2.079906698782e-05, 1.3008e+03, 2.0611e+01, 
 1DIAGNOSTIC,    49, -7.663273811340e-01, 1.957195672730e-05, 1.3212e+03, 2.0343e+01, 
 1DIAGNOSTIC,    50, -7.664278149605e-01, 1.847655767051e-05, 1.3415e+03, 2.0314e+01, 
 1DIAGNOSTIC,    51, -7.665237188339e-01, 1.741298729030e-05, 1.3621e+03, 2.0621e+01, 
 1DIAGNOSTIC,    52, -7.666170597076e-01, 1.644927579036e-05, 1.3826e+03, 2.0519e+01, 
 1DIAGNOSTIC,    53, -7.667098641396e-01, 1.558999792906e-05, 1.4030e+03, 2.0393e+01, 
 1DIAGNOSTIC,    54, -7.668046951294e-01, 1.481774870626e-05, 1.4236e+03, 2.0550e+01, 
 1DIAGNOSTIC,    55, -7.668851017952e-01, 1.407003037457e-05, 1.4439e+03, 2.0331e+01, 
 1DIAGNOSTIC,    56, -7.669693827629e-01, 1.338335187029e-05, 1.4649e+03, 2.1030e+01, 
 1DIAGNOSTIC,    57, -7.670541405678e-01, 1.276233251701e-05, 1.4854e+03, 2.0434e+01, 
 1DIAGNOSTIC,    58, -7.671347856522e-01, 1.219949172082e-05, 1.5059e+03, 2.0555e+01, 
 1DIAGNOSTIC,    59, -7.672132253647e-01, 1.168900962512e-05, 1.5264e+03, 2.0454e+01, 
 1DIAGNOSTIC,    60, -7.672938704491e-01, 1.123822130467e-05, 1.5470e+03, 2.0590e+01, 
 1DIAGNOSTIC,    61, -7.673681378365e-01, 1.080145193555e-05, 1.5676e+03, 2.0618e+01, 
 1DIAGNOSTIC,    62, -7.674443125725e-01, 1.039805010805e-05, 1.5880e+03, 2.0477e+01, 
 1DIAGNOSTIC,    63, -7.675212621689e-01, 1.004864134302e-05, 1.6086e+03, 2.0504e+01, 
 1DIAGNOSTIC,    64, -7.676005959511e-01, 9.796411177376e-06, 1.6291e+03, 2.0514e+01, 
 1DIAGNOSTIC,    65, -7.676755785942e-01, 9.536910511088e-06, 1.6495e+03, 2.0445e+01, 
 1DIAGNOSTIC,    66, -7.677463889122e-01, 9.280052836402e-06, 1.6701e+03, 2.0569e+01, 
 1DIAGNOSTIC,    67, -7.678180336952e-01, 9.044976650330e-06, 1.6905e+03, 2.0374e+01, 
 1DIAGNOSTIC,    68, -7.678876519203e-01, 8.805201105133e-06, 1.7108e+03, 2.0343e+01, 
 1DIAGNOSTIC,    69, -7.679538130760e-01, 8.539779628336e-06, 1.7312e+03, 2.0413e+01, 
 1DIAGNOSTIC,    70, -7.680128216743e-01, 8.238715054176e-06, 1.7515e+03, 2.0336e+01, 
XXDIAGNOSTIC,Iteration,metricValue,convergenceValue,ITERATION_TIME_INDEX,SINCE_LAST
 1DIAGNOSTIC,     1, -4.597562551498e-01, inf, 1.9187e+03, 1.6718e+02, 
 1DIAGNOSTIC,     2, -4.613230824471e-01, inf, 2.0860e+03, 1.6728e+02, 
 1DIAGNOSTIC,     3, -4.632104039192e-01, inf, 2.2537e+03, 1.6766e+02, 
 1DIAGNOSTIC,     4, -4.651752710342e-01, inf, 2.4212e+03, 1.6753e+02, 
 1DIAGNOSTIC,     5, -4.667630195618e-01, inf, 2.5885e+03, 1.6735e+02, 
 1DIAGNOSTIC,     6, -4.684089422226e-01, inf, 2.7546e+03, 1.6607e+02, 
 1DIAGNOSTIC,     7, -4.699839949608e-01, inf, 2.9216e+03, 1.6700e+02, 
 1DIAGNOSTIC,     8, -4.714811444283e-01, inf, 3.0887e+03, 1.6708e+02, 
 1DIAGNOSTIC,     9, -4.728975296021e-01, inf, 3.2554e+03, 1.6670e+02, 
 1DIAGNOSTIC,    10, -4.743475615978e-01, 2.011700998992e-03, 3.4226e+03, 1.6720e+02, 
 1DIAGNOSTIC,    11, -4.755839407444e-01, 1.762331929058e-03, 3.5893e+03, 1.6669e+02, 
 1DIAGNOSTIC,    12, -4.766738116741e-01, 1.529628061689e-03, 3.7557e+03, 1.6638e+02, 
 1DIAGNOSTIC,    13, -4.776718616486e-01, 1.327913370915e-03, 3.9215e+03, 1.6582e+02, 
 1DIAGNOSTIC,    14, -4.786089956760e-01, 1.159099745564e-03, 4.0887e+03, 1.6721e+02, 
 1DIAGNOSTIC,    15, -4.795241951942e-01, 1.006892882288e-03, 4.2570e+03, 1.6829e+02, 
 1DIAGNOSTIC,    16, -4.804351627827e-01, 8.770283311605e-04, 4.4238e+03, 1.6681e+02, 
 1DIAGNOSTIC,    17, -4.813565313816e-01, 7.695889216848e-04, 4.5918e+03, 1.6800e+02, 
 1DIAGNOSTIC,    18, -4.822942912579e-01, 6.838330300525e-04, 4.7592e+03, 1.6742e+02, 
 1DIAGNOSTIC,    19, -4.832487404346e-01, 6.180139025673e-04, 4.9256e+03, 1.6643e+02, 
 1DIAGNOSTIC,    20, -4.841633737087e-01, 5.717158783227e-04, 5.0919e+03, 1.6622e+02, 
  Elapsed time (stage 2): 5094


Total elapsed time: 5125
Using single precision for computations.
Input scalar image: /home/mpib/nemecz/Projects/miniTRK/Results/01_MRI/GroupTempl/T1w/T_template0sub-439021_T1wRepaired.nii.gz
Reference image: /home/mpib/nemecz/Projects/miniTRK/Results/01_MRI/GroupTempl/T1w/T_template0.nii.gz
=============================================================================
The composite transform comprises the following transforms (in order): 
  1. /home/mpib/nemecz/Projects/miniTRK/Results/01_MRI/GroupTempl/T1w/T_sub-439021_T1w110GenericAffine.mat (type = AffineTransform)
  2. /home/mpib/nemecz/Projects/miniTRK/Results/01_MRI/GroupTempl/T1w/T_sub-439021_T1w111Warp.nii.gz (type = DisplacementFieldTransform)
=============================================================================
Default pixel value: 0
Interpolation type: LinearInterpolateImageFunction
Output warped image: /home/mpib/nemecz/Projects/miniTRK/Results/01_MRI/GroupTempl/T1w/T_template0sub-439021_T1w11WarpedToTemplate.nii.gz
