
Running N4 for 3-dimensional images.

Mask not read.  Using the entire image as the mask.

Original intensity range:  [0, 909]

***********************************************************
Warning:  Your input image contains nonpositive values
which could cause failure or problematic results.  A
possible workaround would be to:
   1. rescale your image to positive values e.g., [10,100].
   2. run N4 on your rescaled image.
   3. (optional) rescale the N4 output to the original
      intensity range.
***********************************************************

Specified spline distance: 200mm
  original image size:  [192, 256, 256]
  padded image size:  [201, 401, 401]
  number of control points:  [4, 5, 5]

Current level = 1
  Iteration 1 (of 50).   Current convergence value = 0.000359043 (threshold = 1e-08)
  Iteration 2 (of 50).   Current convergence value = 0.00033845 (threshold = 1e-08)
  Iteration 3 (of 50).   Current convergence value = 0.000262818 (threshold = 1e-08)
  Iteration 4 (of 50).   Current convergence value = 0.000192734 (threshold = 1e-08)
  Iteration 5 (of 50).   Current convergence value = 0.000144206 (threshold = 1e-08)
  Iteration 6 (of 50).   Current convergence value = 0.00011103 (threshold = 1e-08)
  Iteration 7 (of 50).   Current convergence value = 8.89749e-05 (threshold = 1e-08)
  Iteration 8 (of 50).   Current convergence value = 7.45626e-05 (threshold = 1e-08)
  Iteration 9 (of 50).   Current convergence value = 6.52652e-05 (threshold = 1e-08)
  Iteration 10 (of 50).   Current convergence value = 5.94407e-05 (threshold = 1e-08)
  Iteration 11 (of 50).   Current convergence value = 5.55434e-05 (threshold = 1e-08)
  Iteration 12 (of 50).   Current convergence value = 5.28508e-05 (threshold = 1e-08)
  Iteration 13 (of 50).   Current convergence value = 5.11062e-05 (threshold = 1e-08)
  Iteration 14 (of 50).   Current convergence value = 4.99226e-05 (threshold = 1e-08)
  Iteration 15 (of 50).   Current convergence value = 4.90723e-05 (threshold = 1e-08)
  Iteration 16 (of 50).   Current convergence value = 4.84899e-05 (threshold = 1e-08)
  Iteration 17 (of 50).   Current convergence value = 4.80546e-05 (threshold = 1e-08)
  Iteration 18 (of 50).   Current convergence value = 4.77882e-05 (threshold = 1e-08)
  Iteration 19 (of 50).   Current convergence value = 4.76555e-05 (threshold = 1e-08)
  Iteration 20 (of 50).   Current convergence value = 4.77078e-05 (threshold = 1e-08)
  Iteration 21 (of 50).   Current convergence value = 4.78578e-05 (threshold = 1e-08)
  Iteration 22 (of 50).   Current convergence value = 4.80675e-05 (threshold = 1e-08)
  Iteration 23 (of 50).   Current convergence value = 4.83533e-05 (threshold = 1e-08)
  Iteration 24 (of 50).   Current convergence value = 4.87766e-05 (threshold = 1e-08)
  Iteration 25 (of 50).   Current convergence value = 4.90994e-05 (threshold = 1e-08)
  Iteration 26 (of 50).   Current convergence value = 4.95533e-05 (threshold = 1e-08)
  Iteration 27 (of 50).   Current convergence value = 5.00889e-05 (threshold = 1e-08)
  Iteration 28 (of 50).   Current convergence value = 5.05904e-05 (threshold = 1e-08)
  Iteration 29 (of 50).   Current convergence value = 5.12361e-05 (threshold = 1e-08)
  Iteration 30 (of 50).   Current convergence value = 5.1765e-05 (threshold = 1e-08)
  Iteration 31 (of 50).   Current convergence value = 5.24701e-05 (threshold = 1e-08)
  Iteration 32 (of 50).   Current convergence value = 5.30102e-05 (threshold = 1e-08)
  Iteration 33 (of 50).   Current convergence value = 5.35929e-05 (threshold = 1e-08)
  Iteration 34 (of 50).   Current convergence value = 5.42615e-05 (threshold = 1e-08)
  Iteration 35 (of 50).   Current convergence value = 5.47772e-05 (threshold = 1e-08)
  Iteration 36 (of 50).   Current convergence value = 5.53517e-05 (threshold = 1e-08)
  Iteration 37 (of 50).   Current convergence value = 5.56901e-05 (threshold = 1e-08)
  Iteration 38 (of 50).   Current convergence value = 5.61504e-05 (threshold = 1e-08)
  Iteration 39 (of 50).   Current convergence value = 5.65934e-05 (threshold = 1e-08)
  Iteration 40 (of 50).   Current convergence value = 5.71037e-05 (threshold = 1e-08)
  Iteration 41 (of 50).   Current convergence value = 5.74845e-05 (threshold = 1e-08)
  Iteration 42 (of 50).   Current convergence value = 5.77405e-05 (threshold = 1e-08)
  Iteration 43 (of 50).   Current convergence value = 5.81088e-05 (threshold = 1e-08)
  Iteration 44 (of 50).   Current convergence value = 5.85322e-05 (threshold = 1e-08)
  Iteration 45 (of 50).   Current convergence value = 5.88123e-05 (threshold = 1e-08)
  Iteration 46 (of 50).   Current convergence value = 5.90374e-05 (threshold = 1e-08)
  Iteration 47 (of 50).   Current convergence value = 5.93337e-05 (threshold = 1e-08)
  Iteration 48 (of 50).   Current convergence value = 5.97157e-05 (threshold = 1e-08)
  Iteration 49 (of 50).   Current convergence value = 6.00459e-05 (threshold = 1e-08)
  Iteration 50 (of 50).   Current convergence value = 6.04477e-05 (threshold = 1e-08)
Current level = 2
  Iteration 1 (of 50).   Current convergence value = 0.00055015 (threshold = 1e-08)
  Iteration 2 (of 50).   Current convergence value = 0.000513774 (threshold = 1e-08)
  Iteration 3 (of 50).   Current convergence value = 0.000490509 (threshold = 1e-08)
  Iteration 4 (of 50).   Current convergence value = 0.000470625 (threshold = 1e-08)
  Iteration 5 (of 50).   Current convergence value = 0.000452162 (threshold = 1e-08)
  Iteration 6 (of 50).   Current convergence value = 0.000434165 (threshold = 1e-08)
  Iteration 7 (of 50).   Current convergence value = 0.000416239 (threshold = 1e-08)
  Iteration 8 (of 50).   Current convergence value = 0.000399342 (threshold = 1e-08)
  Iteration 9 (of 50).   Current convergence value = 0.000382306 (threshold = 1e-08)
  Iteration 10 (of 50).   Current convergence value = 0.000366168 (threshold = 1e-08)
  Iteration 11 (of 50).   Current convergence value = 0.000350494 (threshold = 1e-08)
  Iteration 12 (of 50).   Current convergence value = 0.000336083 (threshold = 1e-08)
  Iteration 13 (of 50).   Current convergence value = 0.000323125 (threshold = 1e-08)
  Iteration 14 (of 50).   Current convergence value = 0.000311653 (threshold = 1e-08)
  Iteration 15 (of 50).   Current convergence value = 0.000301541 (threshold = 1e-08)
  Iteration 16 (of 50).   Current convergence value = 0.000292586 (threshold = 1e-08)
  Iteration 17 (of 50).   Current convergence value = 0.000284461 (threshold = 1e-08)
  Iteration 18 (of 50).   Current convergence value = 0.000277504 (threshold = 1e-08)
  Iteration 19 (of 50).   Current convergence value = 0.000270315 (threshold = 1e-08)
  Iteration 20 (of 50).   Current convergence value = 0.000263749 (threshold = 1e-08)
  Iteration 21 (of 50).   Current convergence value = 0.000257922 (threshold = 1e-08)
  Iteration 22 (of 50).   Current convergence value = 0.000252617 (threshold = 1e-08)
  Iteration 23 (of 50).   Current convergence value = 0.000247976 (threshold = 1e-08)
  Iteration 24 (of 50).   Current convergence value = 0.000243399 (threshold = 1e-08)
  Iteration 25 (of 50).   Current convergence value = 0.000239408 (threshold = 1e-08)
  Iteration 26 (of 50).   Current convergence value = 0.000235783 (threshold = 1e-08)
  Iteration 27 (of 50).   Current convergence value = 0.00023236 (threshold = 1e-08)
  Iteration 28 (of 50).   Current convergence value = 0.000229174 (threshold = 1e-08)
  Iteration 29 (of 50).   Current convergence value = 0.000226179 (threshold = 1e-08)
  Iteration 30 (of 50).   Current convergence value = 0.000223377 (threshold = 1e-08)
  Iteration 31 (of 50).   Current convergence value = 0.00022078 (threshold = 1e-08)
  Iteration 32 (of 50).   Current convergence value = 0.000218325 (threshold = 1e-08)
  Iteration 33 (of 50).   Current convergence value = 0.000216044 (threshold = 1e-08)
  Iteration 34 (of 50).   Current convergence value = 0.000213862 (threshold = 1e-08)
  Iteration 35 (of 50).   Current convergence value = 0.000211792 (threshold = 1e-08)
  Iteration 36 (of 50).   Current convergence value = 0.000209882 (threshold = 1e-08)
  Iteration 37 (of 50).   Current convergence value = 0.000208033 (threshold = 1e-08)
  Iteration 38 (of 50).   Current convergence value = 0.000206305 (threshold = 1e-08)
  Iteration 39 (of 50).   Current convergence value = 0.000204535 (threshold = 1e-08)
  Iteration 40 (of 50).   Current convergence value = 0.000202955 (threshold = 1e-08)
  Iteration 41 (of 50).   Current convergence value = 0.000201358 (threshold = 1e-08)
  Iteration 42 (of 50).   Current convergence value = 0.000199387 (threshold = 1e-08)
  Iteration 43 (of 50).   Current convergence value = 0.00019761 (threshold = 1e-08)
  Iteration 44 (of 50).   Current convergence value = 0.00019563 (threshold = 1e-08)
  Iteration 45 (of 50).   Current convergence value = 0.000193821 (threshold = 1e-08)
  Iteration 46 (of 50).   Current convergence value = 0.00019202 (threshold = 1e-08)
  Iteration 47 (of 50).   Current convergence value = 0.000190355 (threshold = 1e-08)
  Iteration 48 (of 50).   Current convergence value = 0.000188773 (threshold = 1e-08)
  Iteration 49 (of 50).   Current convergence value = 0.000187292 (threshold = 1e-08)
  Iteration 50 (of 50).   Current convergence value = 0.000185693 (threshold = 1e-08)
Current level = 3
  Iteration 1 (of 40).   Current convergence value = 0.00159758 (threshold = 1e-08)
  Iteration 2 (of 40).   Current convergence value = 0.00149085 (threshold = 1e-08)
  Iteration 3 (of 40).   Current convergence value = 0.00140933 (threshold = 1e-08)
  Iteration 4 (of 40).   Current convergence value = 0.00134203 (threshold = 1e-08)
  Iteration 5 (of 40).   Current convergence value = 0.00128922 (threshold = 1e-08)
  Iteration 6 (of 40).   Current convergence value = 0.00124075 (threshold = 1e-08)
  Iteration 7 (of 40).   Current convergence value = 0.00120881 (threshold = 1e-08)
  Iteration 8 (of 40).   Current convergence value = 0.00118324 (threshold = 1e-08)
  Iteration 9 (of 40).   Current convergence value = 0.00116044 (threshold = 1e-08)
  Iteration 10 (of 40).   Current convergence value = 0.00114252 (threshold = 1e-08)
  Iteration 11 (of 40).   Current convergence value = 0.0011307 (threshold = 1e-08)
  Iteration 12 (of 40).   Current convergence value = 0.00112515 (threshold = 1e-08)
  Iteration 13 (of 40).   Current convergence value = 0.0010731 (threshold = 1e-08)
  Iteration 14 (of 40).   Current convergence value = 0.00100188 (threshold = 1e-08)
  Iteration 15 (of 40).   Current convergence value = 0.000945088 (threshold = 1e-08)
  Iteration 16 (of 40).   Current convergence value = 0.000892617 (threshold = 1e-08)
  Iteration 17 (of 40).   Current convergence value = 0.000836426 (threshold = 1e-08)
  Iteration 18 (of 40).   Current convergence value = 0.00079096 (threshold = 1e-08)
  Iteration 19 (of 40).   Current convergence value = 0.000753319 (threshold = 1e-08)
  Iteration 20 (of 40).   Current convergence value = 0.000722374 (threshold = 1e-08)
  Iteration 21 (of 40).   Current convergence value = 0.000696905 (threshold = 1e-08)
  Iteration 22 (of 40).   Current convergence value = 0.000675977 (threshold = 1e-08)
  Iteration 23 (of 40).   Current convergence value = 0.000658994 (threshold = 1e-08)
  Iteration 24 (of 40).   Current convergence value = 0.00064492 (threshold = 1e-08)
  Iteration 25 (of 40).   Current convergence value = 0.000634149 (threshold = 1e-08)
  Iteration 26 (of 40).   Current convergence value = 0.000626318 (threshold = 1e-08)
  Iteration 27 (of 40).   Current convergence value = 0.000620843 (threshold = 1e-08)
  Iteration 28 (of 40).   Current convergence value = 0.000618035 (threshold = 1e-08)
  Iteration 29 (of 40).   Current convergence value = 0.000605566 (threshold = 1e-08)
  Iteration 30 (of 40).   Current convergence value = 0.000593894 (threshold = 1e-08)
  Iteration 31 (of 40).   Current convergence value = 0.000586185 (threshold = 1e-08)
  Iteration 32 (of 40).   Current convergence value = 0.000581614 (threshold = 1e-08)
  Iteration 33 (of 40).   Current convergence value = 0.000556017 (threshold = 1e-08)
  Iteration 34 (of 40).   Current convergence value = 0.000509414 (threshold = 1e-08)
  Iteration 35 (of 40).   Current convergence value = 0.000471731 (threshold = 1e-08)
  Iteration 36 (of 40).   Current convergence value = 0.000440392 (threshold = 1e-08)
  Iteration 37 (of 40).   Current convergence value = 0.000413657 (threshold = 1e-08)
  Iteration 38 (of 40).   Current convergence value = 0.000390334 (threshold = 1e-08)
  Iteration 39 (of 40).   Current convergence value = 0.000369886 (threshold = 1e-08)
  Iteration 40 (of 40).   Current convergence value = 0.000351607 (threshold = 1e-08)
Current level = 4
  Iteration 1 (of 30).   Current convergence value = 0.00197469 (threshold = 1e-08)
  Iteration 2 (of 30).   Current convergence value = 0.00176324 (threshold = 1e-08)
  Iteration 3 (of 30).   Current convergence value = 0.00174614 (threshold = 1e-08)
  Iteration 4 (of 30).   Current convergence value = 0.00174631 (threshold = 1e-08)
  Iteration 5 (of 30).   Current convergence value = 0.00175688 (threshold = 1e-08)
  Iteration 6 (of 30).   Current convergence value = 0.00176609 (threshold = 1e-08)
  Iteration 7 (of 30).   Current convergence value = 0.00177096 (threshold = 1e-08)
  Iteration 8 (of 30).   Current convergence value = 0.00177645 (threshold = 1e-08)
  Iteration 9 (of 30).   Current convergence value = 0.00176238 (threshold = 1e-08)
  Iteration 10 (of 30).   Current convergence value = 0.00174157 (threshold = 1e-08)
  Iteration 11 (of 30).   Current convergence value = 0.00174446 (threshold = 1e-08)
  Iteration 12 (of 30).   Current convergence value = 0.00180967 (threshold = 1e-08)
  Iteration 13 (of 30).   Current convergence value = 0.00179708 (threshold = 1e-08)
  Iteration 14 (of 30).   Current convergence value = 0.00175814 (threshold = 1e-08)
  Iteration 15 (of 30).   Current convergence value = 0.00176108 (threshold = 1e-08)
  Iteration 16 (of 30).   Current convergence value = 0.00177726 (threshold = 1e-08)
  Iteration 17 (of 30).   Current convergence value = 0.00179269 (threshold = 1e-08)
  Iteration 18 (of 30).   Current convergence value = 0.00179518 (threshold = 1e-08)
  Iteration 19 (of 30).   Current convergence value = 0.00178079 (threshold = 1e-08)
  Iteration 20 (of 30).   Current convergence value = 0.0017501 (threshold = 1e-08)
  Iteration 21 (of 30).   Current convergence value = 0.00176178 (threshold = 1e-08)
  Iteration 22 (of 30).   Current convergence value = 0.00175888 (threshold = 1e-08)
  Iteration 23 (of 30).   Current convergence value = 0.00173268 (threshold = 1e-08)
  Iteration 24 (of 30).   Current convergence value = 0.00167796 (threshold = 1e-08)
  Iteration 25 (of 30).   Current convergence value = 0.0015915 (threshold = 1e-08)
  Iteration 26 (of 30).   Current convergence value = 0.00147872 (threshold = 1e-08)
  Iteration 27 (of 30).   Current convergence value = 0.00144374 (threshold = 1e-08)
  Iteration 28 (of 30).   Current convergence value = 0.00148588 (threshold = 1e-08)
  Iteration 29 (of 30).   Current convergence value = 0.00152616 (threshold = 1e-08)
  Iteration 30 (of 30).   Current convergence value = 0.0015634 (threshold = 1e-08)
   N4BiasFieldCorrectionImageFilter (0x55f127536e20)
     RTTI typeinfo:   itk::N4BiasFieldCorrectionImageFilter<itk::Image<float, 3u>, itk::Image<float, 3u>, itk::Image<float, 3u> >
     Reference Count: 1
     Modified Time: 565
     Debug: Off
     Object Name: 
     Observers: 
       IterationEvent(Command)
     Inputs: 
       ConfidenceImage: (0)
       MaskImage: (0x55f127561580)
       Primary: (0x55f12755ca30) *
     Indexed Inputs: 
       0: Primary (0x55f12755ca30)
       1: MaskImage (0x55f127561580)
       2: ConfidenceImage (0)
     Required Input Names: Primary
     NumberOfRequiredInputs: 1
     Outputs: 
       Primary: (0x55f127546ef0)
     Indexed Outputs: 
       0: Primary (0x55f127546ef0)
     NumberOfRequiredOutputs: 1
     Number Of Work Units: 32
     ReleaseDataFlag: Off
     ReleaseDataBeforeUpdateFlag: Off
     AbortGenerateData: Off
     Progress: 0
     Multithreader: 
       RTTI typeinfo:   itk::PoolMultiThreader
       Reference Count: 1
       Modified Time: 144
       Debug: Off
       Object Name: 
       Observers: 
         none
       Number of Work Units: 32
       Number of Threads: 8
       Global Maximum Number Of Threads: 128
       Global Default Number Of Threads: 8
       Global Default Threader Type: itk::MultiThreaderBaseEnums::Threader::Pool
       SingleMethod: 0
       SingleData: 0
     DynamicMultiThreading: On
     CoordinateTolerance: 1e-06
     DirectionTolerance: 1e-06
     Use Mask Label: 0
     Mask label: 1
     Number of histogram bins: 200
     Wiener filter noise: 0.01
     Bias field FWHM: 0.15
     Maximum number of iterations: [50, 50, 40, 30]
     Convergence threshold: 1e-08
     Spline order: 3
     Number of fitting levels: [4, 4, 4]
     Number of control points: [4, 5, 5]
     CurrentConvergenceMeasurement: 0.0015634
     CurrentLevel: 4
     ElapsedIterations: 31
     LogBiasFieldControlPointLattice: 
       Image (0x55f12e036450)
         RTTI typeinfo:   itk::Image<itk::Vector<float, 1u>, 3u>
         Reference Count: 1
         Modified Time: 343560
         Debug: Off
         Object Name: 
         Observers: 
           none
         Source: (none)
         Source output name: (none)
         Release Data: Off
         Data Released: False
         Global Release Data: Off
         PipelineMTime: 0
         UpdateMTime: 0
         RealTimeStamp: 0 seconds 
         LargestPossibleRegion: 
           Dimension: 3
           Index: [0, 0, 0]
           Size: [11, 19, 19]
         BufferedRegion: 
           Dimension: 3
           Index: [0, 0, 0]
           Size: [11, 19, 19]
         RequestedRegion: 
           Dimension: 3
           Index: [0, 0, 0]
           Size: [11, 19, 19]
         Spacing: [24.75, 24.875, 24.875]
         Origin: [24.5746, 23.5272, -26.3183]
         Direction: 
-0.999981 0.00608391 0.000950037
-0.00601799 -0.998273 0.058442
0.00130395 0.0584352 0.99829

         IndexToPointMatrix: 
-24.7495 0.151337 0.0236322
-0.148945 -24.832 1.45375
0.0322728 1.45358 24.8325

         PointToIndexMatrix: 
-0.0404033 -0.000243151 5.26849e-05
0.000244579 -0.0401316 0.00234915
3.81925e-05 0.00234943 0.0401323

         Inverse Direction: 
-0.999981 -0.00601799 0.00130395
0.00608391 -0.998273 0.0584352
0.000950037 0.058442 0.99829

         PixelContainer: 
           ImportImageContainer (0x55f12e0460e0)
             RTTI typeinfo:   itk::ImportImageContainer<unsigned long, itk::Vector<float, 1u> >
             Reference Count: 1
             Modified Time: 343561
             Debug: Off
             Object Name: 
             Observers: 
               none
             Pointer: 0x55f1316e5180
             Container manages memory: true
             Size: 3971
             Capacity: 3971
Elapsed time: 266.656
All_Command_lines_OK
Using single precision for computations.
=============================================================================
The composite transform comprises the following transforms (in order): 
  1. Center of mass alignment using fixed image: /home/mpib/nemecz/Projects/miniTRK/Results/01_MRI/GroupTempl/T1w/T_template0.nii.gz and moving image: /home/mpib/nemecz/Projects/miniTRK/Analysis/01_MRI/Preproc/GroupTempl/T1w/sub-193847_T1w.nii.gz (type = Euler3DTransform)
=============================================================================
  number of levels = 4
  number of levels = 4
  number of levels = 4
  fixed image: /home/mpib/nemecz/Projects/miniTRK/Results/01_MRI/GroupTempl/T1w/T_template0.nii.gz
  moving image: /home/mpib/nemecz/Projects/miniTRK/Results/01_MRI/GroupTempl/T1w/T_template0sub-193847_T1wRepaired.nii.gz
  fixed image: /home/mpib/nemecz/Projects/miniTRK/Results/01_MRI/GroupTempl/T1w/T_template0.nii.gz
  moving image: /home/mpib/nemecz/Projects/miniTRK/Results/01_MRI/GroupTempl/T1w/T_template0sub-193847_T1wRepaired.nii.gz
  fixed image: /home/mpib/nemecz/Projects/miniTRK/Results/01_MRI/GroupTempl/T1w/T_template0.nii.gz
  moving image: /home/mpib/nemecz/Projects/miniTRK/Results/01_MRI/GroupTempl/T1w/T_template0sub-193847_T1wRepaired.nii.gz
Dimension = 3
Number of stages = 3
Use Histogram Matching true
Winsorize image intensities true
Lower quantile = 0.01
Upper quantile = 0.99
Stage 1 State
   Image metric = Mattes
     Fixed image = Image (0x55e8b16a0ad0)
  RTTI typeinfo:   itk::Image<float, 3u>
  Reference Count: 2
  Modified Time: 1721
  Debug: Off
  Object Name: 
  Observers: 
    none
  Source: (none)
  Source output name: (none)
  Release Data: Off
  Data Released: False
  Global Release Data: Off
  PipelineMTime: 0
  UpdateMTime: 1506
  RealTimeStamp: 0 seconds 
  LargestPossibleRegion: 
    Dimension: 3
    Index: [0, 0, 0]
    Size: [192, 256, 256]
  BufferedRegion: 
    Dimension: 3
    Index: [0, 0, 0]
    Size: [192, 256, 256]
  RequestedRegion: 
    Dimension: 3
    Index: [0, 0, 0]
    Size: [192, 256, 256]
  Spacing: [1, 1, 1]
  Origin: [95.0313, 100.538, -154.123]
  Direction: 
-0.999853 -0.014134 -0.00966312
0.014129 -0.9999 0.000586045
-0.00967044 0.000449429 0.999953

  IndexToPointMatrix: 
-0.999853 -0.014134 -0.00966312
0.014129 -0.9999 0.000586045
-0.00967044 0.000449429 0.999953

  PointToIndexMatrix: 
-0.999853 0.014129 -0.00967044
-0.014134 -0.9999 0.000449429
-0.00966312 0.000586045 0.999953

  Inverse Direction: 
-0.999853 0.014129 -0.00967044
-0.014134 -0.9999 0.000449429
-0.00966312 0.000586045 0.999953

  PixelContainer: 
    ImportImageContainer (0x55e8b16a8c80)
      RTTI typeinfo:   itk::ImportImageContainer<unsigned long, float>
      Reference Count: 1
      Modified Time: 1503
      Debug: Off
      Object Name: 
      Observers: 
        none
      Pointer: 0x7f213d7f5010
      Container manages memory: true
      Size: 12582912
      Capacity: 12582912

     Moving image = Image (0x55e8b16ace40)
  RTTI typeinfo:   itk::Image<float, 3u>
  Reference Count: 2
  Modified Time: 1722
  Debug: Off
  Object Name: 
  Observers: 
    none
  Source: (none)
  Source output name: (none)
  Release Data: Off
  Data Released: False
  Global Release Data: Off
  PipelineMTime: 0
  UpdateMTime: 1719
  RealTimeStamp: 0 seconds 
  LargestPossibleRegion: 
    Dimension: 3
    Index: [0, 0, 0]
    Size: [192, 256, 256]
  BufferedRegion: 
    Dimension: 3
    Index: [0, 0, 0]
    Size: [192, 256, 256]
  RequestedRegion: 
    Dimension: 3
    Index: [0, 0, 0]
    Size: [192, 256, 256]
  Spacing: [1, 1, 1]
  Origin: [93.1805, 92.9992, -159.088]
  Direction: 
-0.999981 0.00608391 0.000950037
-0.00601799 -0.998273 0.058442
0.00130395 0.0584352 0.99829

  IndexToPointMatrix: 
-0.999981 0.00608391 0.000950037
-0.00601799 -0.998273 0.058442
0.00130395 0.0584352 0.99829

  PointToIndexMatrix: 
-0.999981 -0.00601799 0.00130395
0.00608391 -0.998273 0.0584352
0.000950037 0.058442 0.99829

  Inverse Direction: 
-0.999981 -0.00601799 0.00130395
0.00608391 -0.998273 0.0584352
0.000950037 0.058442 0.99829

  PixelContainer: 
    ImportImageContainer (0x55e8b16a42d0)
      RTTI typeinfo:   itk::ImportImageContainer<unsigned long, float>
      Reference Count: 1
      Modified Time: 1716
      Debug: Off
      Object Name: 
      Observers: 
        none
      Pointer: 0x7f213a7f4010
      Container manages memory: true
      Size: 12582912
      Capacity: 12582912

     Weighting = 1
     Sampling strategy = regular
     Number of bins = 32
     Radius = 4
     Sampling percentage  = 0.25
   Transform = Rigid
     Gradient step = 0.1
     Update field sigma (voxel space) = 0
     Total field sigma (voxel space) = 0
     Update field time sigma = 0
     Total field time sigma  = 0
     Number of time indices = 0
     Number of time point samples = 0
Stage 2 State
   Image metric = Mattes
     Fixed image = Image (0x55e8b16b98d0)
  RTTI typeinfo:   itk::Image<float, 3u>
  Reference Count: 2
  Modified Time: 2149
  Debug: Off
  Object Name: 
  Observers: 
    none
  Source: (none)
  Source output name: (none)
  Release Data: Off
  Data Released: False
  Global Release Data: Off
  PipelineMTime: 0
  UpdateMTime: 1934
  RealTimeStamp: 0 seconds 
  LargestPossibleRegion: 
    Dimension: 3
    Index: [0, 0, 0]
    Size: [192, 256, 256]
  BufferedRegion: 
    Dimension: 3
    Index: [0, 0, 0]
    Size: [192, 256, 256]
  RequestedRegion: 
    Dimension: 3
    Index: [0, 0, 0]
    Size: [192, 256, 256]
  Spacing: [1, 1, 1]
  Origin: [95.0313, 100.538, -154.123]
  Direction: 
-0.999853 -0.014134 -0.00966312
0.014129 -0.9999 0.000586045
-0.00967044 0.000449429 0.999953

  IndexToPointMatrix: 
-0.999853 -0.014134 -0.00966312
0.014129 -0.9999 0.000586045
-0.00967044 0.000449429 0.999953

  PointToIndexMatrix: 
-0.999853 0.014129 -0.00967044
-0.014134 -0.9999 0.000449429
-0.00966312 0.000586045 0.999953

  Inverse Direction: 
-0.999853 0.014129 -0.00967044
-0.014134 -0.9999 0.000449429
-0.00966312 0.000586045 0.999953

  PixelContainer: 
    ImportImageContainer (0x55e8b16a96a0)
      RTTI typeinfo:   itk::ImportImageContainer<unsigned long, float>
      Reference Count: 1
      Modified Time: 1931
      Debug: Off
      Object Name: 
      Observers: 
        none
      Pointer: 0x7f21377f3010
      Container manages memory: true
      Size: 12582912
      Capacity: 12582912

     Moving image = Image (0x55e8b16b9530)
  RTTI typeinfo:   itk::Image<float, 3u>
  Reference Count: 2
  Modified Time: 2150
  Debug: Off
  Object Name: 
  Observers: 
    none
  Source: (none)
  Source output name: (none)
  Release Data: Off
  Data Released: False
  Global Release Data: Off
  PipelineMTime: 0
  UpdateMTime: 2147
  RealTimeStamp: 0 seconds 
  LargestPossibleRegion: 
    Dimension: 3
    Index: [0, 0, 0]
    Size: [192, 256, 256]
  BufferedRegion: 
    Dimension: 3
    Index: [0, 0, 0]
    Size: [192, 256, 256]
  RequestedRegion: 
    Dimension: 3
    Index: [0, 0, 0]
    Size: [192, 256, 256]
  Spacing: [1, 1, 1]
  Origin: [93.1805, 92.9992, -159.088]
  Direction: 
-0.999981 0.00608391 0.000950037
-0.00601799 -0.998273 0.058442
0.00130395 0.0584352 0.99829

  IndexToPointMatrix: 
-0.999981 0.00608391 0.000950037
-0.00601799 -0.998273 0.058442
0.00130395 0.0584352 0.99829

  PointToIndexMatrix: 
-0.999981 -0.00601799 0.00130395
0.00608391 -0.998273 0.0584352
0.000950037 0.058442 0.99829

  Inverse Direction: 
-0.999981 -0.00601799 0.00130395
0.00608391 -0.998273 0.0584352
0.000950037 0.058442 0.99829

  PixelContainer: 
    ImportImageContainer (0x55e8b16ba8a0)
      RTTI typeinfo:   itk::ImportImageContainer<unsigned long, float>
      Reference Count: 1
      Modified Time: 2144
      Debug: Off
      Object Name: 
      Observers: 
        none
      Pointer: 0x7f21347f2010
      Container manages memory: true
      Size: 12582912
      Capacity: 12582912

     Weighting = 1
     Sampling strategy = regular
     Number of bins = 32
     Radius = 4
     Sampling percentage  = 0.25
   Transform = Affine
     Gradient step = 0.1
     Update field sigma (voxel space) = 0
     Total field sigma (voxel space) = 0
     Update field time sigma = 0
     Total field time sigma  = 0
     Number of time indices = 0
     Number of time point samples = 0
Stage 3 State
   Image metric = CC
     Fixed image = Image (0x55e8b16c0a00)
  RTTI typeinfo:   itk::Image<float, 3u>
  Reference Count: 2
  Modified Time: 2577
  Debug: Off
  Object Name: 
  Observers: 
    none
  Source: (none)
  Source output name: (none)
  Release Data: Off
  Data Released: False
  Global Release Data: Off
  PipelineMTime: 0
  UpdateMTime: 2362
  RealTimeStamp: 0 seconds 
  LargestPossibleRegion: 
    Dimension: 3
    Index: [0, 0, 0]
    Size: [192, 256, 256]
  BufferedRegion: 
    Dimension: 3
    Index: [0, 0, 0]
    Size: [192, 256, 256]
  RequestedRegion: 
    Dimension: 3
    Index: [0, 0, 0]
    Size: [192, 256, 256]
  Spacing: [1, 1, 1]
  Origin: [95.0313, 100.538, -154.123]
  Direction: 
-0.999853 -0.014134 -0.00966312
0.014129 -0.9999 0.000586045
-0.00967044 0.000449429 0.999953

  IndexToPointMatrix: 
-0.999853 -0.014134 -0.00966312
0.014129 -0.9999 0.000586045
-0.00967044 0.000449429 0.999953

  PointToIndexMatrix: 
-0.999853 0.014129 -0.00967044
-0.014134 -0.9999 0.000449429
-0.00966312 0.000586045 0.999953

  Inverse Direction: 
-0.999853 0.014129 -0.00967044
-0.014134 -0.9999 0.000449429
-0.00966312 0.000586045 0.999953

  PixelContainer: 
    ImportImageContainer (0x55e8b16a2b50)
      RTTI typeinfo:   itk::ImportImageContainer<unsigned long, float>
      Reference Count: 1
      Modified Time: 2359
      Debug: Off
      Object Name: 
      Observers: 
        none
      Pointer: 0x7f21317f1010
      Container manages memory: true
      Size: 12582912
      Capacity: 12582912

     Moving image = Image (0x55e8b16bdd50)
  RTTI typeinfo:   itk::Image<float, 3u>
  Reference Count: 2
  Modified Time: 2578
  Debug: Off
  Object Name: 
  Observers: 
    none
  Source: (none)
  Source output name: (none)
  Release Data: Off
  Data Released: False
  Global Release Data: Off
  PipelineMTime: 0
  UpdateMTime: 2575
  RealTimeStamp: 0 seconds 
  LargestPossibleRegion: 
    Dimension: 3
    Index: [0, 0, 0]
    Size: [192, 256, 256]
  BufferedRegion: 
    Dimension: 3
    Index: [0, 0, 0]
    Size: [192, 256, 256]
  RequestedRegion: 
    Dimension: 3
    Index: [0, 0, 0]
    Size: [192, 256, 256]
  Spacing: [1, 1, 1]
  Origin: [93.1805, 92.9992, -159.088]
  Direction: 
-0.999981 0.00608391 0.000950037
-0.00601799 -0.998273 0.058442
0.00130395 0.0584352 0.99829

  IndexToPointMatrix: 
-0.999981 0.00608391 0.000950037
-0.00601799 -0.998273 0.058442
0.00130395 0.0584352 0.99829

  PointToIndexMatrix: 
-0.999981 -0.00601799 0.00130395
0.00608391 -0.998273 0.0584352
0.000950037 0.058442 0.99829

  Inverse Direction: 
-0.999981 -0.00601799 0.00130395
0.00608391 -0.998273 0.0584352
0.000950037 0.058442 0.99829

  PixelContainer: 
    ImportImageContainer (0x55e8b16bcb00)
      RTTI typeinfo:   itk::ImportImageContainer<unsigned long, float>
      Reference Count: 1
      Modified Time: 2572
      Debug: Off
      Object Name: 
      Observers: 
        none
      Pointer: 0x7f212e7f0010
      Container manages memory: true
      Size: 12582912
      Capacity: 12582912

     Weighting = 1
     Sampling strategy = none
     Number of bins = 32
     Radius = 4
     Sampling percentage  = 1
   Transform = SyN
     Gradient step = 0.1
     Update field sigma (voxel space) = 3
     Total field sigma (voxel space) = 0
     Update field time sigma = 0
     Total field time sigma  = 0
     Number of time indices = 0
     Number of time point samples = 0
Registration using 3 total stages.

Stage 0
  iterations = 1000x500x250x0
  convergence threshold = 1e-06
  convergence window size = 10
  number of levels = 4
  using the Mattes MI metric (number of bins = 32, weight = 1)
  preprocessing:  winsorizing the image intensities
  preprocessing:  histogram matching the images
  Shrink factors (level 1 out of 4): [6, 6, 6]
  Shrink factors (level 2 out of 4): [4, 4, 4]
  Shrink factors (level 3 out of 4): [2, 2, 2]
  Shrink factors (level 4 out of 4): [1, 1, 1]
  smoothing sigmas per level: [4, 2, 1, 0]
  regular sampling (percentage = 0.25)

*** Running Euler3DTransform registration ***

DIAGNOSTIC,Iteration,metricValue,convergenceValue,ITERATION_TIME_INDEX,SINCE_LAST
 2DIAGNOSTIC,     1, -8.519772887230e-01, inf, 6.6207e-01, 6.6207e-01, 
 2DIAGNOSTIC,     2, -8.528032898903e-01, inf, 6.7107e-01, 9.0091e-03, 
 2DIAGNOSTIC,     3, -8.538644313812e-01, inf, 6.8019e-01, 9.1131e-03, 
 2DIAGNOSTIC,     4, -8.553461432457e-01, inf, 6.8924e-01, 9.0551e-03, 
 2DIAGNOSTIC,     5, -8.572201728821e-01, inf, 6.9802e-01, 8.7810e-03, 
 2DIAGNOSTIC,     6, -8.602159619331e-01, inf, 7.0675e-01, 8.7271e-03, 
 2DIAGNOSTIC,     7, -8.647781014442e-01, inf, 7.1521e-01, 8.4620e-03, 
 2DIAGNOSTIC,     8, -8.708940148354e-01, inf, 7.2311e-01, 7.8928e-03, 
 2DIAGNOSTIC,     9, -8.775398135185e-01, inf, 7.3597e-01, 1.2864e-02, 
 2DIAGNOSTIC,    10, -8.786134123802e-01, 2.148811472580e-03, 7.4411e-01, 8.1389e-03, 
 2DIAGNOSTIC,    11, -8.800573348999e-01, 2.144051715732e-03, 7.5225e-01, 8.1401e-03, 
 2DIAGNOSTIC,    12, -8.841358423233e-01, 2.081474522129e-03, 7.6600e-01, 1.3754e-02, 
 2DIAGNOSTIC,    13, -8.844190239906e-01, 1.870181877166e-03, 7.7511e-01, 9.1081e-03, 
 2DIAGNOSTIC,    14, -8.849845528603e-01, 1.567611703649e-03, 7.8312e-01, 8.0049e-03, 
 2DIAGNOSTIC,    15, -8.850811719894e-01, 1.207933179103e-03, 7.9220e-01, 9.0871e-03, 
 2DIAGNOSTIC,    16, -8.851670026779e-01, 8.467356092297e-04, 8.0127e-01, 9.0671e-03, 
 2DIAGNOSTIC,    17, -8.851336836815e-01, 5.351331201382e-04, 8.0949e-01, 8.2240e-03, 
 2DIAGNOSTIC,    18, -8.851405382156e-01, 3.171822754666e-04, 8.2050e-01, 1.1006e-02, 
 2DIAGNOSTIC,    19, -8.851156830788e-01, 2.075103111565e-04, 8.2946e-01, 8.9622e-03, 
 2DIAGNOSTIC,    20, -8.850784897804e-01, 1.068439669325e-04, 8.3857e-01, 9.1109e-03, 
 2DIAGNOSTIC,    21, -8.850118517876e-01, 2.579084321042e-05, 8.4858e-01, 1.0009e-02, 
 2DIAGNOSTIC,    22, -8.850248456001e-01, 1.040114329953e-05, 8.5766e-01, 9.0780e-03, 
DIAGNOSTIC,Iteration,metricValue,convergenceValue,ITERATION_TIME_INDEX,SINCE_LAST
 2DIAGNOSTIC,     1, -7.058420181274e-01, inf, 1.5829e+00, 7.2527e-01, 
 2DIAGNOSTIC,     2, -7.075108885765e-01, inf, 1.6136e+00, 3.0636e-02, 
 2DIAGNOSTIC,     3, -7.100232243538e-01, inf, 1.6428e+00, 2.9247e-02, 
 2DIAGNOSTIC,     4, -7.129930257797e-01, inf, 1.6716e+00, 2.8736e-02, 
 2DIAGNOSTIC,     5, -7.149606943130e-01, inf, 1.7003e+00, 2.8702e-02, 
 2DIAGNOSTIC,     6, -7.158504724503e-01, inf, 1.7295e+00, 2.9266e-02, 
 2DIAGNOSTIC,     7, -7.166184186935e-01, inf, 1.7577e+00, 2.8143e-02, 
 2DIAGNOSTIC,     8, -7.176994681358e-01, inf, 1.7895e+00, 3.1794e-02, 
 2DIAGNOSTIC,     9, -7.179687619209e-01, inf, 1.8248e+00, 3.5392e-02, 
 2DIAGNOSTIC,    10, -7.181094884872e-01, 1.143307774328e-03, 1.8575e+00, 3.2648e-02, 
 2DIAGNOSTIC,    11, -7.182366847992e-01, 8.237453293987e-04, 1.8859e+00, 2.8390e-02, 
 2DIAGNOSTIC,    12, -7.186752557755e-01, 5.532531649806e-04, 1.9254e+00, 3.9554e-02, 
 2DIAGNOSTIC,    13, -7.187342643738e-01, 3.511639370117e-04, 1.9578e+00, 3.2368e-02, 
 2DIAGNOSTIC,    14, -7.188247442245e-01, 2.322596701561e-04, 1.9976e+00, 3.9761e-02, 
 2DIAGNOSTIC,    15, -7.188287973404e-01, 1.605923171155e-04, 2.0295e+00, 3.1915e-02, 
 2DIAGNOSTIC,    16, -7.188113927841e-01, 1.048780832207e-04, 2.0581e+00, 2.8617e-02, 
 2DIAGNOSTIC,    17, -7.188196778297e-01, 6.367040623445e-05, 2.0900e+00, 3.1948e-02, 
 2DIAGNOSTIC,    18, -7.188191413879e-01, 4.502032606979e-05, 2.1219e+00, 3.1900e-02, 
 2DIAGNOSTIC,    19, -7.188095450401e-01, 2.981568832183e-05, 2.1540e+00, 3.2044e-02, 
 2DIAGNOSTIC,    20, -7.188063859940e-01, 1.630521001061e-05, 2.1825e+00, 2.8545e-02, 
 2DIAGNOSTIC,    21, -7.188045382500e-01, 4.891635398963e-06, 2.2182e+00, 3.5700e-02, 
 2DIAGNOSTIC,    22, -7.188151478767e-01, 2.289803660460e-06, 2.2570e+00, 3.8723e-02, 
DIAGNOSTIC,Iteration,metricValue,convergenceValue,ITERATION_TIME_INDEX,SINCE_LAST
 2DIAGNOSTIC,     1, -6.195688247681e-01, inf, 3.2624e+00, 1.0054e+00, 
 2DIAGNOSTIC,     2, -6.203139424324e-01, inf, 3.4813e+00, 2.1888e-01, 
 2DIAGNOSTIC,     3, -6.209495067596e-01, inf, 3.7003e+00, 2.1903e-01, 
 2DIAGNOSTIC,     4, -6.212033033371e-01, inf, 3.9192e+00, 2.1887e-01, 
 2DIAGNOSTIC,     5, -6.212502121925e-01, inf, 4.1596e+00, 2.4045e-01, 
 2DIAGNOSTIC,     6, -6.212651729584e-01, inf, 4.5825e+00, 4.2292e-01, 
 2DIAGNOSTIC,     7, -6.212655901909e-01, inf, 4.8332e+00, 2.5070e-01, 
 2DIAGNOSTIC,     8, -6.212646365166e-01, inf, 5.0760e+00, 2.4274e-01, 
 2DIAGNOSTIC,     9, -6.212633252144e-01, inf, 5.4564e+00, 3.8039e-01, 
 2DIAGNOSTIC,    10, -6.212636232376e-01, 1.302819000557e-04, 5.7836e+00, 3.2727e-01, 
 2DIAGNOSTIC,    11, -6.212633848190e-01, 5.584930113400e-05, 6.0260e+00, 2.4235e-01, 
 2DIAGNOSTIC,    12, -6.212632060051e-01, 1.693766535027e-05, 6.2689e+00, 2.4290e-01, 
 2DIAGNOSTIC,    13, -6.212632060051e-01, 4.872018507740e-06, 6.5115e+00, 2.4265e-01, 
 2DIAGNOSTIC,    14, -6.212625503540e-01, 2.547858912294e-06, 6.7291e+00, 2.1759e-01, 
 2DIAGNOSTIC,    15, -6.212620139122e-01, 1.910416813189e-06, 6.9703e+00, 2.4115e-01, 
 2DIAGNOSTIC,    16, -6.212619543076e-01, 1.797237587198e-06, 7.2150e+00, 2.4477e-01, 
 2DIAGNOSTIC,    17, -6.212614774704e-01, 1.713532697067e-06, 7.4666e+00, 2.5155e-01, 
 2DIAGNOSTIC,    18, -6.212613582611e-01, 1.627602728149e-06, 7.7351e+00, 2.6850e-01, 
 2DIAGNOSTIC,    19, -6.212613582611e-01, 1.532010855954e-06, 8.0038e+00, 2.6871e-01, 
 2DIAGNOSTIC,    20, -6.212613582611e-01, 1.466216758672e-06, 8.2440e+00, 2.4020e-01, 
 2DIAGNOSTIC,    21, -6.212612986565e-01, 1.411751100022e-06, 8.4914e+00, 2.4743e-01, 
 2DIAGNOSTIC,    22, -6.212612986565e-01, 1.368039193039e-06, 8.7320e+00, 2.4059e-01, 
 2DIAGNOSTIC,    23, -6.212612390518e-01, 1.334545913778e-06, 8.9756e+00, 2.4365e-01, 
 2DIAGNOSTIC,    24, -6.212611794472e-01, 1.294934577345e-06, 9.2170e+00, 2.4140e-01, 
 2DIAGNOSTIC,    25, -6.212611794472e-01, 1.251474259334e-06, 9.4580e+00, 2.4093e-01, 
 2DIAGNOSTIC,    26, -6.212610602379e-01, 1.210405116581e-06, 9.6985e+00, 2.4057e-01, 
 2DIAGNOSTIC,    27, -6.212612390518e-01, 1.168685798802e-06, 9.9399e+00, 2.4132e-01, 
 2DIAGNOSTIC,    28, -6.212612390518e-01, 1.128808207795e-06, 1.0182e+01, 2.4214e-01, 
 2DIAGNOSTIC,    29, -6.212610006332e-01, 1.088635372071e-06, 1.0424e+01, 2.4157e-01, 
 2DIAGNOSTIC,    30, -6.212611794472e-01, 1.054836161529e-06, 1.0665e+01, 2.4142e-01, 
 2DIAGNOSTIC,    31, -6.212611198425e-01, 1.021871639750e-06, 1.0907e+01, 2.4168e-01, 
DIAGNOSTIC,Iteration,metricValue,convergenceValue,ITERATION_TIME_INDEX,SINCE_LAST
 2DIAGNOSTIC,     1, -5.551946163177e-01, inf, 1.3371e+01, 2.4641e+00, 
  Elapsed time (stage 0): 1.4541e+01


Stage 1
  iterations = 1000x500x250x0
  convergence threshold = 1.0000e-06
  convergence window size = 10
  number of levels = 4
  using the Mattes MI metric (number of bins = 32, weight = 1.0000e+00)
  preprocessing:  winsorizing the image intensities
  preprocessing:  histogram matching the images
  Shrink factors (level 1 out of 4): [6, 6, 6]
  Shrink factors (level 2 out of 4): [4, 4, 4]
  Shrink factors (level 3 out of 4): [2, 2, 2]
  Shrink factors (level 4 out of 4): [1, 1, 1]
  smoothing sigmas per level: [4, 2, 1, 0]
  regular sampling (percentage = 2.5000e-01)

*** Running AffineTransform registration ***

DIAGNOSTIC,Iteration,metricValue,convergenceValue,ITERATION_TIME_INDEX,SINCE_LAST
 2DIAGNOSTIC,     1, -8.786793947220e-01, inf, 6.7000e-01, 6.7000e-01, 
 2DIAGNOSTIC,     2, -8.821615576744e-01, inf, 6.8129e-01, 1.1291e-02, 
 2DIAGNOSTIC,     3, -8.883023262024e-01, inf, 6.9250e-01, 1.1216e-02, 
 2DIAGNOSTIC,     4, -8.984065055847e-01, inf, 7.0331e-01, 1.0802e-02, 
 2DIAGNOSTIC,     5, -9.142372012138e-01, inf, 7.1371e-01, 1.0400e-02, 
 2DIAGNOSTIC,     6, -9.387359619141e-01, inf, 7.2411e-01, 1.0405e-02, 
 2DIAGNOSTIC,     7, -9.723177552223e-01, inf, 7.3369e-01, 9.5742e-03, 
 2DIAGNOSTIC,     8, -1.010831236839e+00, inf, 7.4724e-01, 1.3559e-02, 
 2DIAGNOSTIC,     9, -1.015589714050e+00, inf, 7.5662e-01, 9.3749e-03, 
 2DIAGNOSTIC,    10, -1.024258852005e+00, 1.166676357388e-02, 7.6564e-01, 9.0179e-03, 
 2DIAGNOSTIC,    11, -1.030668139458e+00, 1.088276598603e-02, 7.7470e-01, 9.0590e-03, 
 2DIAGNOSTIC,    12, -1.034792184830e+00, 9.440749883652e-03, 7.8542e-01, 1.0728e-02, 
 2DIAGNOSTIC,    13, -1.036772012711e+00, 7.564320694655e-03, 7.9574e-01, 1.0320e-02, 
 2DIAGNOSTIC,    14, -1.037547707558e+00, 5.524140782654e-03, 8.0591e-01, 1.0164e-02, 
 2DIAGNOSTIC,    15, -1.038164973259e+00, 3.596309805289e-03, 8.1886e-01, 1.2957e-02, 
 2DIAGNOSTIC,    16, -1.038227319717e+00, 2.032473683357e-03, 8.2849e-01, 9.6240e-03, 
 2DIAGNOSTIC,    17, -1.038368225098e+00, 1.034919405356e-03, 8.3707e-01, 8.5802e-03, 
 2DIAGNOSTIC,    18, -1.038720726967e+00, 6.831083446741e-04, 8.4601e-01, 8.9390e-03, 
 2DIAGNOSTIC,    19, -1.038930773735e+00, 3.805705928244e-04, 8.5561e-01, 9.6018e-03, 
 2DIAGNOSTIC,    20, -1.039254069328e+00, 2.021426771535e-04, 8.6730e-01, 1.1695e-02, 
 2DIAGNOSTIC,    21, -1.039422512054e+00, 1.114318365580e-04, 8.7693e-01, 9.6281e-03, 
 2DIAGNOSTIC,    22, -1.039501428604e+00, 7.321344310185e-05, 8.8562e-01, 8.6880e-03, 
 2DIAGNOSTIC,    23, -1.039775133133e+00, 5.952000356046e-05, 8.9425e-01, 8.6300e-03, 
 2DIAGNOSTIC,    24, -1.039955139160e+00, 5.262509876047e-05, 9.0283e-01, 8.5771e-03, 
 2DIAGNOSTIC,    25, -1.040296554565e+00, 5.238041558187e-05, 9.1252e-01, 9.6941e-03, 
 2DIAGNOSTIC,    26, -1.040424942970e+00, 4.940056896885e-05, 9.2525e-01, 1.2727e-02, 
 2DIAGNOSTIC,    27, -1.040503621101e+00, 4.440748671186e-05, 9.3381e-01, 8.5599e-03, 
 2DIAGNOSTIC,    28, -1.040519595146e+00, 3.943983756471e-05, 9.4237e-01, 8.5640e-03, 
 2DIAGNOSTIC,    29, -1.040625691414e+00, 3.421421934036e-05, 9.5098e-01, 8.6040e-03, 
 2DIAGNOSTIC,    30, -1.040769934654e+00, 3.055063280044e-05, 9.6288e-01, 1.1902e-02, 
 2DIAGNOSTIC,    31, -1.040789246559e+00, 2.603284883662e-05, 9.7166e-01, 8.7781e-03, 
 2DIAGNOSTIC,    32, -1.040844678879e+00, 2.063353167614e-05, 9.8140e-01, 9.7449e-03, 
 2DIAGNOSTIC,    33, -1.040854573250e+00, 1.614181019249e-05, 9.9109e-01, 9.6920e-03, 
 2DIAGNOSTIC,    34, -1.040981054306e+00, 1.294882986258e-05, 1.0020e+00, 1.0874e-02, 
 2DIAGNOSTIC,    35, -1.041012048721e+00, 1.173155578726e-05, 1.0117e+00, 9.7299e-03, 
 2DIAGNOSTIC,    36, -1.041017532349e+00, 1.059724218067e-05, 1.0203e+00, 8.6379e-03, 
 2DIAGNOSTIC,    37, -1.041023373604e+00, 9.278830475523e-06, 1.0301e+00, 9.7210e-03, 
 2DIAGNOSTIC,    38, -1.041028261185e+00, 7.375972927548e-06, 1.0398e+00, 9.7280e-03, 
 2DIAGNOSTIC,    39, -1.041033625603e+00, 5.715440238419e-06, 1.0494e+00, 9.6619e-03, 
 2DIAGNOSTIC,    40, -1.041076302528e+00, 4.978164724889e-06, 1.0601e+00, 1.0672e-02, 
 2DIAGNOSTIC,    41, -1.041087388992e+00, 4.083320618520e-06, 1.0688e+00, 8.7020e-03, 
 2DIAGNOSTIC,    42, -1.041091680527e+00, 3.328568936922e-06, 1.0774e+00, 8.6038e-03, 
 2DIAGNOSTIC,    43, -1.041096448898e+00, 2.444507117616e-06, 1.0882e+00, 1.0734e-02, 
 2DIAGNOSTIC,    44, -1.041098713875e+00, 2.251939577036e-06, 1.0979e+00, 9.7089e-03, 
 2DIAGNOSTIC,    45, -1.041100978851e+00, 2.125397031705e-06, 1.1065e+00, 8.6019e-03, 
 2DIAGNOSTIC,    46, -1.041103243828e+00, 1.915253506013e-06, 1.1162e+00, 9.7320e-03, 
 2DIAGNOSTIC,    47, -1.041145086288e+00, 1.884459038592e-06, 1.1281e+00, 1.1898e-02, 
 2DIAGNOSTIC,    48, -1.041148900986e+00, 1.787265773601e-06, 1.1378e+00, 9.7449e-03, 
 2DIAGNOSTIC,    49, -1.041150450706e+00, 1.623367097636e-06, 1.1476e+00, 9.7601e-03, 
 2DIAGNOSTIC,    50, -1.041151762009e+00, 1.621607793822e-06, 1.1565e+00, 8.9419e-03, 
 2DIAGNOSTIC,    51, -1.041155338287e+00, 1.605715056030e-06, 1.1652e+00, 8.6648e-03, 
 2DIAGNOSTIC,    52, -1.041199326515e+00, 1.751254899318e-06, 1.1739e+00, 8.7030e-03, 
 2DIAGNOSTIC,    53, -1.041404962540e+00, 2.880011834350e-06, 1.1877e+00, 1.3780e-02, 
 2DIAGNOSTIC,    54, -1.041406035423e+00, 3.741505452126e-06, 1.1973e+00, 9.6159e-03, 
 2DIAGNOSTIC,    55, -1.041405916214e+00, 4.298678049963e-06, 1.2069e+00, 9.6090e-03, 
 2DIAGNOSTIC,    56, -1.041406869888e+00, 4.505278866418e-06, 1.2167e+00, 9.7690e-03, 
 2DIAGNOSTIC,    57, -1.041408061981e+00, 4.529174475465e-06, 1.2263e+00, 9.5720e-03, 
 2DIAGNOSTIC,    58, -1.041407704353e+00, 4.170743068244e-06, 1.2358e+00, 9.5680e-03, 
 2DIAGNOSTIC,    59, -1.041408181190e+00, 3.486810328468e-06, 1.2455e+00, 9.6872e-03, 
 2DIAGNOSTIC,    60, -1.041408538818e+00, 2.568731588326e-06, 1.2552e+00, 9.7201e-03, 
 2DIAGNOSTIC,    61, -1.041408658028e+00, 1.508351147095e-06, 1.2651e+00, 9.8610e-03, 
DIAGNOSTIC,Iteration,metricValue,convergenceValue,ITERATION_TIME_INDEX,SINCE_LAST
 2DIAGNOSTIC,     1, -7.941764593124e-01, inf, 1.9985e+00, 7.3341e-01, 
 2DIAGNOSTIC,     2, -7.951155900955e-01, inf, 2.0367e+00, 3.8156e-02, 
 2DIAGNOSTIC,     3, -7.963333129883e-01, inf, 2.0724e+00, 3.5765e-02, 
 2DIAGNOSTIC,     4, -7.975844740868e-01, inf, 2.1069e+00, 3.4433e-02, 
 2DIAGNOSTIC,     5, -7.987354993820e-01, inf, 2.1400e+00, 3.3169e-02, 
 2DIAGNOSTIC,     6, -8.001520037651e-01, inf, 2.1723e+00, 3.2305e-02, 
 2DIAGNOSTIC,     7, -8.010139465332e-01, inf, 2.2222e+00, 4.9873e-02, 
 2DIAGNOSTIC,     8, -8.013502359390e-01, inf, 2.2549e+00, 3.2716e-02, 
 2DIAGNOSTIC,     9, -8.015089035034e-01, inf, 2.2878e+00, 3.2917e-02, 
 2DIAGNOSTIC,    10, -8.019266128540e-01, 6.682781968266e-04, 2.3386e+00, 5.0760e-02, 
 2DIAGNOSTIC,    11, -8.021250963211e-01, 5.206887726672e-04, 2.3766e+00, 3.8021e-02, 
 2DIAGNOSTIC,    12, -8.028247952461e-01, 3.992985875811e-04, 2.4167e+00, 4.0121e-02, 
 2DIAGNOSTIC,    13, -8.030053377151e-01, 2.985532046296e-04, 2.4578e+00, 4.1029e-02, 
 2DIAGNOSTIC,    14, -8.030039072037e-01, 2.170633088099e-04, 2.4947e+00, 3.6910e-02, 
 2DIAGNOSTIC,    15, -8.030124902725e-01, 1.538723154226e-04, 2.5405e+00, 4.5816e-02, 
 2DIAGNOSTIC,    16, -8.030095100403e-01, 1.155592835858e-04, 2.5778e+00, 3.7322e-02, 
 2DIAGNOSTIC,    17, -8.030043840408e-01, 8.891847392078e-05, 2.6152e+00, 3.7401e-02, 
 2DIAGNOSTIC,    18, -8.029995560646e-01, 6.371070776368e-05, 2.6527e+00, 3.7458e-02, 
 2DIAGNOSTIC,    19, -8.029937744141e-01, 3.830304922303e-05, 2.6899e+00, 3.7262e-02, 
 2DIAGNOSTIC,    20, -8.029870986938e-01, 1.943286406458e-05, 2.7224e+00, 3.2483e-02, 
 2DIAGNOSTIC,    21, -8.029811382294e-01, 3.654663487396e-06, 2.7552e+00, 3.2747e-02, 
DIAGNOSTIC,Iteration,metricValue,convergenceValue,ITERATION_TIME_INDEX,SINCE_LAST
 2DIAGNOSTIC,     1, -6.870067119598e-01, inf, 3.7903e+00, 1.0351e+00, 
 2DIAGNOSTIC,     2, -6.873305439949e-01, inf, 4.0315e+00, 2.4125e-01, 
 2DIAGNOSTIC,     3, -6.876105070114e-01, inf, 4.2730e+00, 2.4152e-01, 
 2DIAGNOSTIC,     4, -6.877440214157e-01, inf, 4.6040e+00, 3.3097e-01, 
 2DIAGNOSTIC,     5, -6.877520680428e-01, inf, 4.8462e+00, 2.4217e-01, 
 2DIAGNOSTIC,     6, -6.877385973930e-01, inf, 5.1195e+00, 2.7331e-01, 
 2DIAGNOSTIC,     7, -6.877365112305e-01, inf, 5.3913e+00, 2.7184e-01, 
 2DIAGNOSTIC,     8, -6.877405047417e-01, inf, 5.7257e+00, 3.3438e-01, 
 2DIAGNOSTIC,     9, -6.877371668816e-01, inf, 5.9688e+00, 2.4308e-01, 
 2DIAGNOSTIC,    10, -6.877338886261e-01, 5.145553586772e-05, 6.2409e+00, 2.7217e-01, 
 2DIAGNOSTIC,    11, -6.877363920212e-01, 2.179492548748e-05, 6.6086e+00, 3.6767e-01, 
 2DIAGNOSTIC,    12, -6.877357363701e-01, 6.294962531683e-06, 6.9152e+00, 3.0664e-01, 
 2DIAGNOSTIC,    13, -6.877350211143e-01, 1.601854137334e-06, 7.2794e+00, 3.6419e-01, 
 2DIAGNOSTIC,    14, -6.877341270447e-01, 1.561825570207e-06, 7.5587e+00, 2.7931e-01, 
 2DIAGNOSTIC,    15, -6.877330541611e-01, 1.797690060812e-06, 7.8346e+00, 2.7582e-01, 
 2DIAGNOSTIC,    16, -6.877331733704e-01, 1.689710074970e-06, 8.1087e+00, 2.7417e-01, 
 2DIAGNOSTIC,    17, -6.877331733704e-01, 1.565499587741e-06, 8.3851e+00, 2.7639e-01, 
 2DIAGNOSTIC,    18, -6.877333521843e-01, 1.581418132446e-06, 8.6900e+00, 3.0487e-01, 
 2DIAGNOSTIC,    19, -6.877323985100e-01, 1.522418756394e-06, 8.9663e+00, 2.7632e-01, 
 2DIAGNOSTIC,    20, -6.877323985100e-01, 1.414848838976e-06, 9.2378e+00, 2.7150e-01, 
 2DIAGNOSTIC,    21, -6.877319812775e-01, 1.374741600557e-06, 9.5469e+00, 3.0908e-01, 
 2DIAGNOSTIC,    22, -6.877315044403e-01, 1.329856331722e-06, 9.8271e+00, 2.8015e-01, 
 2DIAGNOSTIC,    23, -6.877314448357e-01, 1.286247538701e-06, 1.0166e+01, 3.3912e-01, 
 2DIAGNOSTIC,    24, -6.877313852310e-01, 1.239566699951e-06, 1.0442e+01, 2.7588e-01, 
 2DIAGNOSTIC,    25, -6.877312660217e-01, 1.184948587252e-06, 1.0683e+01, 2.4141e-01, 
 2DIAGNOSTIC,    26, -6.877313256264e-01, 1.145561896010e-06, 1.0956e+01, 2.7222e-01, 
 2DIAGNOSTIC,    27, -6.877314448357e-01, 1.118095383390e-06, 1.1228e+01, 2.7256e-01, 
 2DIAGNOSTIC,    28, -6.877315044403e-01, 1.102060309677e-06, 1.1500e+01, 2.7217e-01, 
 2DIAGNOSTIC,    29, -6.877314448357e-01, 1.075760565072e-06, 1.1772e+01, 2.7138e-01, 
 2DIAGNOSTIC,    30, -6.877315044403e-01, 1.054199742612e-06, 1.2045e+01, 2.7285e-01, 
 2DIAGNOSTIC,    31, -6.877315044403e-01, 1.029180566547e-06, 1.2317e+01, 2.7206e-01, 
DIAGNOSTIC,Iteration,metricValue,convergenceValue,ITERATION_TIME_INDEX,SINCE_LAST
 2DIAGNOSTIC,     1, -6.102811694145e-01, inf, 1.5003e+01, 2.6861e+00, 
  Elapsed time (stage 1): 1.6162e+01


Stage 2
  iterations = 100x100x70x20
  convergence threshold = 1.0000e-09
  convergence window size = 10
  number of levels = 4
  using the CC metric (radius = 4, weight = 1.0000e+00)
  preprocessing:  winsorizing the image intensities
  preprocessing:  histogram matching the images
  Shrink factors (level 1 out of 4): [6, 6, 6]
  Shrink factors (level 2 out of 4): [4, 4, 4]
  Shrink factors (level 3 out of 4): [2, 2, 2]
  Shrink factors (level 4 out of 4): [1, 1, 1]
  smoothing sigmas per level: [3, 2, 1, 0]
  Using default NONE metricSamplingStrategy 

*** Running SyN registration (varianceForUpdateField = 3.0000e+00, varianceForTotalField = 0.0000e+00) ***

XXDIAGNOSTIC,Iteration,metricValue,convergenceValue,ITERATION_TIME_INDEX,SINCE_LAST
 1DIAGNOSTIC,     1, -8.804862499237e-01, inf, 1.4686e+00, 1.4686e+00, 
 1DIAGNOSTIC,     2, -8.869977593422e-01, inf, 2.2645e+00, 7.9598e-01, 
 1DIAGNOSTIC,     3, -8.939967155457e-01, inf, 3.0647e+00, 8.0012e-01, 
 1DIAGNOSTIC,     4, -8.993477821350e-01, inf, 3.8504e+00, 7.8576e-01, 
 1DIAGNOSTIC,     5, -9.040089845657e-01, inf, 4.6302e+00, 7.7982e-01, 
 1DIAGNOSTIC,     6, -9.077257514000e-01, inf, 5.4140e+00, 7.8377e-01, 
 1DIAGNOSTIC,     7, -9.110504388809e-01, inf, 6.2142e+00, 8.0022e-01, 
 1DIAGNOSTIC,     8, -9.138977527618e-01, inf, 7.0109e+00, 7.9662e-01, 
 1DIAGNOSTIC,     9, -9.164210557938e-01, inf, 7.8179e+00, 8.0709e-01, 
 1DIAGNOSTIC,    10, -9.185575842857e-01, 2.640787512064e-03, 8.6200e+00, 8.0209e-01, 
 1DIAGNOSTIC,    11, -9.204307794571e-01, 2.060114406049e-03, 9.4336e+00, 8.1354e-01, 
 1DIAGNOSTIC,    12, -9.221254587173e-01, 1.604466000572e-03, 1.0238e+01, 8.0467e-01, 
 1DIAGNOSTIC,    13, -9.236313700676e-01, 1.277992501855e-03, 1.1066e+01, 8.2749e-01, 
 1DIAGNOSTIC,    14, -9.250055551529e-01, 1.031375024468e-03, 1.1865e+01, 7.9939e-01, 
 1DIAGNOSTIC,    15, -9.262326359749e-01, 8.455069619231e-04, 1.2681e+01, 8.1549e-01, 
 1DIAGNOSTIC,    16, -9.273352622986e-01, 6.987589295022e-04, 1.3480e+01, 7.9967e-01, 
 1DIAGNOSTIC,    17, -9.283361434937e-01, 5.837880307809e-04, 1.4303e+01, 8.2271e-01, 
 1DIAGNOSTIC,    18, -9.292362332344e-01, 4.920486826450e-04, 1.5129e+01, 8.2579e-01, 
 1DIAGNOSTIC,    19, -9.300606250763e-01, 4.188556922600e-04, 1.5930e+01, 8.0089e-01, 
 1DIAGNOSTIC,    20, -9.308087825775e-01, 3.586268285289e-04, 1.6707e+01, 7.7718e-01, 
 1DIAGNOSTIC,    21, -9.315048456192e-01, 3.084968193434e-04, 1.7532e+01, 8.2480e-01, 
 1DIAGNOSTIC,    22, -9.321335554123e-01, 2.667084627319e-04, 1.8352e+01, 8.2012e-01, 
 1DIAGNOSTIC,    23, -9.327063560486e-01, 2.314688317711e-04, 1.9174e+01, 8.2239e-01, 
 1DIAGNOSTIC,    24, -9.332485795021e-01, 2.020888787229e-04, 1.9985e+01, 8.1115e-01, 
 1DIAGNOSTIC,    25, -9.337362647057e-01, 1.772165414877e-04, 2.0781e+01, 7.9553e-01, 
 1DIAGNOSTIC,    26, -9.341983795166e-01, 1.561316166772e-04, 2.1579e+01, 7.9766e-01, 
 1DIAGNOSTIC,    27, -9.346206784248e-01, 1.381413312629e-04, 2.2415e+01, 8.3671e-01, 
 1DIAGNOSTIC,    28, -9.350193738937e-01, 1.226977474289e-04, 2.3204e+01, 7.8871e-01, 
 1DIAGNOSTIC,    29, -9.353905916214e-01, 1.094327308238e-04, 2.4016e+01, 8.1199e-01, 
 1DIAGNOSTIC,    30, -9.357311725616e-01, 9.788168972591e-05, 2.4818e+01, 8.0240e-01, 
 1DIAGNOSTIC,    31, -9.360564351082e-01, 8.796535257716e-05, 2.5641e+01, 8.2264e-01, 
 1DIAGNOSTIC,    32, -9.363583326340e-01, 7.929813727969e-05, 2.6428e+01, 7.8678e-01, 
 1DIAGNOSTIC,    33, -9.366463422775e-01, 7.167464355007e-05, 2.7243e+01, 8.1527e-01, 
 1DIAGNOSTIC,    34, -9.369049668312e-01, 6.496087735286e-05, 2.8036e+01, 7.9268e-01, 
 1DIAGNOSTIC,    35, -9.371486902237e-01, 5.890903776162e-05, 2.8845e+01, 8.0975e-01, 
 1DIAGNOSTIC,    36, -9.373753666878e-01, 5.350146238925e-05, 2.9639e+01, 7.9383e-01, 
 1DIAGNOSTIC,    37, -9.375996589661e-01, 4.869247277384e-05, 3.0423e+01, 7.8364e-01, 
 1DIAGNOSTIC,    38, -9.378111362457e-01, 4.445959712029e-05, 3.1208e+01, 7.8527e-01, 
 1DIAGNOSTIC,    39, -9.380117058754e-01, 4.074266325915e-05, 3.2019e+01, 8.1117e-01, 
 1DIAGNOSTIC,    40, -9.381901621819e-01, 3.734519486898e-05, 3.2814e+01, 7.9461e-01, 
 1DIAGNOSTIC,    41, -9.383607506752e-01, 3.430047217989e-05, 3.3617e+01, 8.0292e-01, 
 1DIAGNOSTIC,    42, -9.385237097740e-01, 3.155700687785e-05, 3.4419e+01, 8.0239e-01, 
 1DIAGNOSTIC,    43, -9.386738538742e-01, 2.908888563979e-05, 3.5242e+01, 8.2243e-01, 
 1DIAGNOSTIC,    44, -9.388061165810e-01, 2.671683978406e-05, 3.6040e+01, 7.9856e-01, 
 1DIAGNOSTIC,    45, -9.389443397522e-01, 2.454253080941e-05, 3.6857e+01, 8.1638e-01, 
 1DIAGNOSTIC,    46, -9.390742778778e-01, 2.253043567180e-05, 3.7674e+01, 8.1689e-01, 
 1DIAGNOSTIC,    47, -9.391939640045e-01, 2.072917595797e-05, 3.8477e+01, 8.0343e-01, 
 1DIAGNOSTIC,    48, -9.393071532249e-01, 1.913144296850e-05, 3.9287e+01, 8.1004e-01, 
 1DIAGNOSTIC,    49, -9.394161701202e-01, 1.774570046109e-05, 4.0095e+01, 8.0812e-01, 
 1DIAGNOSTIC,    50, -9.395215511322e-01, 1.649501973588e-05, 4.0889e+01, 7.9376e-01, 
 1DIAGNOSTIC,    51, -9.396218657494e-01, 1.537843127153e-05, 4.1696e+01, 8.0692e-01, 
 1DIAGNOSTIC,    52, -9.397155046463e-01, 1.438259914721e-05, 4.2488e+01, 7.9176e-01, 
 1DIAGNOSTIC,    53, -9.398058056831e-01, 1.347811667074e-05, 4.3292e+01, 8.0419e-01, 
 1DIAGNOSTIC,    54, -9.398906230927e-01, 1.258566226170e-05, 4.4097e+01, 8.0520e-01, 
 1DIAGNOSTIC,    55, -9.399731159210e-01, 1.178686943604e-05, 4.4895e+01, 7.9790e-01, 
 1DIAGNOSTIC,    56, -9.400513172150e-01, 1.106365471060e-05, 4.5681e+01, 7.8600e-01, 
 1DIAGNOSTIC,    57, -9.401267766953e-01, 1.039253402269e-05, 4.6478e+01, 7.9670e-01, 
 1DIAGNOSTIC,    58, -9.401969909668e-01, 9.754967322806e-06, 4.7292e+01, 8.1448e-01, 
 1DIAGNOSTIC,    59, -9.402640461922e-01, 9.155617590295e-06, 4.8102e+01, 8.1029e-01, 
 1DIAGNOSTIC,    60, -9.403275251389e-01, 8.597730811744e-06, 4.8924e+01, 8.2134e-01, 
 1DIAGNOSTIC,    61, -9.403894543648e-01, 8.085594345175e-06, 4.9697e+01, 7.7316e-01, 
 1DIAGNOSTIC,    62, -9.404491186142e-01, 7.608601208631e-06, 5.0486e+01, 7.8883e-01, 
 1DIAGNOSTIC,    63, -9.405071735382e-01, 7.175062819442e-06, 5.1285e+01, 7.9908e-01, 
 1DIAGNOSTIC,    64, -9.405618906021e-01, 6.771053449484e-06, 5.2087e+01, 8.0180e-01, 
 1DIAGNOSTIC,    65, -9.406076669693e-01, 6.370843948389e-06, 5.2896e+01, 8.0986e-01, 
 1DIAGNOSTIC,    66, -9.406579136848e-01, 6.004428087181e-06, 5.3697e+01, 8.0077e-01, 
 1DIAGNOSTIC,    67, -9.407031536102e-01, 5.660035185429e-06, 5.4458e+01, 7.6090e-01, 
 1DIAGNOSTIC,    68, -9.407491683960e-01, 5.341628821043e-06, 5.5283e+01, 8.2451e-01, 
 1DIAGNOSTIC,    69, -9.407933950424e-01, 5.049365427112e-06, 5.6057e+01, 7.7399e-01, 
 1DIAGNOSTIC,    70, -9.408360123634e-01, 4.780655217473e-06, 5.6883e+01, 8.2611e-01, 
 1DIAGNOSTIC,    71, -9.408770203590e-01, 4.539830115391e-06, 5.7698e+01, 8.1534e-01, 
 1DIAGNOSTIC,    72, -9.409160614014e-01, 4.324128440203e-06, 5.8486e+01, 7.8847e-01, 
 1DIAGNOSTIC,    73, -9.409528970718e-01, 4.131587957090e-06, 5.9293e+01, 8.0643e-01, 
 1DIAGNOSTIC,    74, -9.409890174866e-01, 3.958499746659e-06, 6.0121e+01, 8.2806e-01, 
 1DIAGNOSTIC,    75, -9.410240650177e-01, 3.773923936023e-06, 6.0936e+01, 8.1468e-01, 
 1DIAGNOSTIC,    76, -9.410575628281e-01, 3.603312052292e-06, 6.1734e+01, 7.9840e-01, 
 1DIAGNOSTIC,    77, -9.410911798477e-01, 3.438387011556e-06, 6.2542e+01, 8.0751e-01, 
 1DIAGNOSTIC,    78, -9.411213397980e-01, 3.279863676653e-06, 6.3333e+01, 7.9114e-01, 
 1DIAGNOSTIC,    79, -9.411513209343e-01, 3.131284984192e-06, 6.4146e+01, 8.1354e-01, 
 1DIAGNOSTIC,    80, -9.411802291870e-01, 2.992280542458e-06, 6.4946e+01, 8.0002e-01, 
 1DIAGNOSTIC,    81, -9.412037730217e-01, 2.845949211405e-06, 6.5757e+01, 8.1118e-01, 
 1DIAGNOSTIC,    82, -9.412310123444e-01, 2.710231683523e-06, 6.6573e+01, 8.1512e-01, 
 1DIAGNOSTIC,    83, -9.412572383881e-01, 2.582120259831e-06, 6.7357e+01, 7.8458e-01, 
 1DIAGNOSTIC,    84, -9.412832260132e-01, 2.467153990438e-06, 6.8159e+01, 8.0192e-01, 
 1DIAGNOSTIC,    85, -9.413048028946e-01, 2.353631316510e-06, 6.8953e+01, 7.9362e-01, 
 1DIAGNOSTIC,    86, -9.413284063339e-01, 2.251827709188e-06, 6.9757e+01, 8.0432e-01, 
 1DIAGNOSTIC,    87, -9.413511157036e-01, 2.165540081478e-06, 7.0538e+01, 7.8120e-01, 
 1DIAGNOSTIC,    88, -9.413728713989e-01, 2.084403149638e-06, 7.1365e+01, 8.2652e-01, 
 1DIAGNOSTIC,    89, -9.413943290710e-01, 2.012401182583e-06, 7.2187e+01, 8.2263e-01, 
 1DIAGNOSTIC,    90, -9.414148330688e-01, 1.947838200067e-06, 7.2984e+01, 7.9652e-01, 
 1DIAGNOSTIC,    91, -9.414348006248e-01, 1.874365011645e-06, 7.3809e+01, 8.2471e-01, 
 1DIAGNOSTIC,    92, -9.414541125298e-01, 1.807234184525e-06, 7.4622e+01, 8.1394e-01, 
 1DIAGNOSTIC,    93, -9.414644241333e-01, 1.717993995953e-06, 7.5391e+01, 7.6847e-01, 
 1DIAGNOSTIC,    94, -9.414823055267e-01, 1.639089305172e-06, 7.6180e+01, 7.8864e-01, 
 1DIAGNOSTIC,    95, -9.414998292923e-01, 1.559488055136e-06, 7.6981e+01, 8.0179e-01, 
 1DIAGNOSTIC,    96, -9.415166378021e-01, 1.489323949500e-06, 7.7787e+01, 8.0572e-01, 
 1DIAGNOSTIC,    97, -9.415327906609e-01, 1.429260464647e-06, 7.8582e+01, 7.9447e-01, 
 1DIAGNOSTIC,    98, -9.415489435196e-01, 1.380710273224e-06, 7.9396e+01, 8.1473e-01, 
 1DIAGNOSTIC,    99, -9.415643811226e-01, 1.343173494206e-06, 8.0185e+01, 7.8895e-01, 
 1DIAGNOSTIC,   100, -9.415795207024e-01, 1.314330575042e-06, 8.0994e+01, 8.0838e-01, 
XXDIAGNOSTIC,Iteration,metricValue,convergenceValue,ITERATION_TIME_INDEX,SINCE_LAST
 1DIAGNOSTIC,     1, -8.648019433022e-01, inf, 8.4229e+01, 3.2350e+00, 
 1DIAGNOSTIC,     2, -8.663081526756e-01, inf, 8.6819e+01, 2.5903e+00, 
 1DIAGNOSTIC,     3, -8.684358596802e-01, inf, 8.9409e+01, 2.5903e+00, 
 1DIAGNOSTIC,     4, -8.701050281525e-01, inf, 9.1988e+01, 2.5785e+00, 
 1DIAGNOSTIC,     5, -8.717546463013e-01, inf, 9.4575e+01, 2.5874e+00, 
 1DIAGNOSTIC,     6, -8.733350038528e-01, inf, 9.7163e+01, 2.5882e+00, 
 1DIAGNOSTIC,     7, -8.747482299805e-01, inf, 9.9746e+01, 2.5827e+00, 
 1DIAGNOSTIC,     8, -8.760402202606e-01, inf, 1.0235e+02, 2.6030e+00, 
 1DIAGNOSTIC,     9, -8.772161006927e-01, inf, 1.0494e+02, 2.5926e+00, 
 1DIAGNOSTIC,    10, -8.781695961952e-01, 1.002529403195e-03, 1.0754e+02, 2.5971e+00, 
 1DIAGNOSTIC,    11, -8.790441751480e-01, 8.456539944746e-04, 1.1014e+02, 2.6036e+00, 
 1DIAGNOSTIC,    12, -8.798394799232e-01, 7.007809472270e-04, 1.1274e+02, 2.5966e+00, 
 1DIAGNOSTIC,    13, -8.805626630783e-01, 5.858810618520e-04, 1.1533e+02, 2.5922e+00, 
 1DIAGNOSTIC,    14, -8.812231421471e-01, 4.879087209702e-04, 1.1791e+02, 2.5817e+00, 
 1DIAGNOSTIC,    15, -8.818068504333e-01, 4.065220709890e-04, 1.2050e+02, 2.5920e+00, 
 1DIAGNOSTIC,    16, -8.823545575142e-01, 3.410027711652e-04, 1.2310e+02, 2.5922e+00, 
 1DIAGNOSTIC,    17, -8.828352093697e-01, 2.877294900827e-04, 1.2570e+02, 2.6042e+00, 
 1DIAGNOSTIC,    18, -8.832910060883e-01, 2.450948813930e-04, 1.2829e+02, 2.5887e+00, 
 1DIAGNOSTIC,    19, -8.837041854858e-01, 2.112449583365e-04, 1.3089e+02, 2.6044e+00, 
 1DIAGNOSTIC,    20, -8.840817809105e-01, 1.826372754294e-04, 1.3349e+02, 2.5933e+00, 
 1DIAGNOSTIC,    21, -8.844082355499e-01, 1.582107652212e-04, 1.3609e+02, 2.6034e+00, 
 1DIAGNOSTIC,    22, -8.847141265869e-01, 1.374102575937e-04, 1.3869e+02, 2.5944e+00, 
 1DIAGNOSTIC,    23, -8.849990963936e-01, 1.197254241561e-04, 1.4128e+02, 2.5942e+00, 
 1DIAGNOSTIC,    24, -8.852597475052e-01, 1.046996185323e-04, 1.4387e+02, 2.5875e+00, 
 1DIAGNOSTIC,    25, -8.855035305023e-01, 9.175021841656e-05, 1.4644e+02, 2.5777e+00, 
 1DIAGNOSTIC,    26, -8.857183456421e-01, 8.067202725215e-05, 1.4904e+02, 2.5918e+00, 
 1DIAGNOSTIC,    27, -8.859243392944e-01, 7.106125121936e-05, 1.5162e+02, 2.5835e+00, 
 1DIAGNOSTIC,    28, -8.861062526703e-01, 6.281858077273e-05, 1.5421e+02, 2.5861e+00, 
 1DIAGNOSTIC,    29, -8.862864375114e-01, 5.585248800344e-05, 1.5679e+02, 2.5801e+00, 
 1DIAGNOSTIC,    30, -8.864449858665e-01, 4.988119326299e-05, 1.5938e+02, 2.5942e+00, 
 1DIAGNOSTIC,    31, -8.865936398506e-01, 4.456723036128e-05, 1.6197e+02, 2.5923e+00, 
 1DIAGNOSTIC,    32, -8.867312669754e-01, 3.988354364992e-05, 1.6457e+02, 2.5967e+00, 
 1DIAGNOSTIC,    33, -8.868578076363e-01, 3.577359530027e-05, 1.6716e+02, 2.5857e+00, 
 1DIAGNOSTIC,    34, -8.869724273682e-01, 3.211909279344e-05, 1.6974e+02, 2.5890e+00, 
 1DIAGNOSTIC,    35, -8.870846629143e-01, 2.895688885474e-05, 1.7233e+02, 2.5876e+00, 
 1DIAGNOSTIC,    36, -8.871889710426e-01, 2.612761090859e-05, 1.7491e+02, 2.5824e+00, 
 1DIAGNOSTIC,    37, -8.872795104980e-01, 2.360445978411e-05, 1.7751e+02, 2.5909e+00, 
 1DIAGNOSTIC,    38, -8.873676061630e-01, 2.131196561095e-05, 1.8010e+02, 2.5917e+00, 
 1DIAGNOSTIC,    39, -8.874530196190e-01, 1.935756154126e-05, 1.8270e+02, 2.6037e+00, 
 1DIAGNOSTIC,    40, -8.875269889832e-01, 1.758231883286e-05, 1.8529e+02, 2.5889e+00, 
 1DIAGNOSTIC,    41, -8.876063227654e-01, 1.606378646102e-05, 1.8788e+02, 2.5862e+00, 
 1DIAGNOSTIC,    42, -8.876735568047e-01, 1.471040286560e-05, 1.9047e+02, 2.5956e+00, 
 1DIAGNOSTIC,    43, -8.877403140068e-01, 1.352028175461e-05, 1.9306e+02, 2.5838e+00, 
 1DIAGNOSTIC,    44, -8.877971172333e-01, 1.240145957127e-05, 1.9565e+02, 2.5906e+00, 
 1DIAGNOSTIC,    45, -8.878608345985e-01, 1.146105296357e-05, 1.9824e+02, 2.5959e+00, 
 1DIAGNOSTIC,    46, -8.879153728485e-01, 1.063099989551e-05, 2.0084e+02, 2.5974e+00, 
 1DIAGNOSTIC,    47, -8.879765272141e-01, 9.912178029481e-06, 2.0343e+02, 2.5924e+00, 
 1DIAGNOSTIC,    48, -8.880097866058e-01, 9.140678230324e-06, 2.0602e+02, 2.5934e+00, 
 1DIAGNOSTIC,    49, -8.880624175072e-01, 8.490416803397e-06, 2.0861e+02, 2.5814e+00, 
 1DIAGNOSTIC,    50, -8.881040215492e-01, 7.846453627280e-06, 2.1121e+02, 2.6040e+00, 
 1DIAGNOSTIC,    51, -8.881445527077e-01, 7.283252671186e-06, 2.1381e+02, 2.6047e+00, 
 1DIAGNOSTIC,    52, -8.881857395172e-01, 6.766019396309e-06, 2.1641e+02, 2.5959e+00, 
 1DIAGNOSTIC,    53, -8.882256746292e-01, 6.320070497168e-06, 2.1901e+02, 2.5986e+00, 
 1DIAGNOSTIC,    54, -8.882618546486e-01, 5.888110990782e-06, 2.2160e+02, 2.5894e+00, 
 1DIAGNOSTIC,    55, -8.882949352264e-01, 5.522502760869e-06, 2.2420e+02, 2.6016e+00, 
 1DIAGNOSTIC,    56, -8.883254528046e-01, 5.176254035177e-06, 2.2680e+02, 2.5971e+00, 
 1DIAGNOSTIC,    57, -8.883524537086e-01, 4.894240646536e-06, 2.2939e+02, 2.5899e+00, 
 1DIAGNOSTIC,    58, -8.883728981018e-01, 4.496781457419e-06, 2.3198e+02, 2.5906e+00, 
 1DIAGNOSTIC,    59, -8.884030580521e-01, 4.181096755929e-06, 2.3459e+02, 2.6084e+00, 
 1DIAGNOSTIC,    60, -8.884212970734e-01, 3.841368652502e-06, 2.3719e+02, 2.6075e+00, 
 1DIAGNOSTIC,    61, -8.884475827217e-01, 3.543198317857e-06, 2.3979e+02, 2.6011e+00, 
 1DIAGNOSTIC,    62, -8.884665369987e-01, 3.271608420619e-06, 2.4238e+02, 2.5875e+00, 
 1DIAGNOSTIC,    63, -8.884878754616e-01, 3.052883357668e-06, 2.4498e+02, 2.5955e+00, 
 1DIAGNOSTIC,    64, -8.885053396225e-01, 2.861648908947e-06, 2.4756e+02, 2.5838e+00, 
 1DIAGNOSTIC,    65, -8.885249495506e-01, 2.706101213334e-06, 2.5015e+02, 2.5877e+00, 
 1DIAGNOSTIC,    66, -8.885365724564e-01, 2.544189555920e-06, 2.5275e+02, 2.6018e+00, 
 1DIAGNOSTIC,    67, -8.885546922684e-01, 2.403978214716e-06, 2.5535e+02, 2.6005e+00, 
 1DIAGNOSTIC,    68, -8.885675072670e-01, 2.235750798718e-06, 2.5796e+02, 2.6033e+00, 
 1DIAGNOSTIC,    69, -8.885829448700e-01, 2.113162281603e-06, 2.6055e+02, 2.5917e+00, 
 1DIAGNOSTIC,    70, -8.885947465897e-01, 1.970117182282e-06, 2.6316e+02, 2.6086e+00, 
 1DIAGNOSTIC,    71, -8.886117339134e-01, 1.879715796349e-06, 2.6575e+02, 2.5990e+00, 
 1DIAGNOSTIC,    72, -8.886158466339e-01, 1.754332743076e-06, 2.6835e+02, 2.5923e+00, 
 1DIAGNOSTIC,    73, -8.886307477951e-01, 1.664854721639e-06, 2.7094e+02, 2.5925e+00, 
 1DIAGNOSTIC,    74, -8.886453509331e-01, 1.596094875822e-06, 2.7354e+02, 2.5983e+00, 
 1DIAGNOSTIC,    75, -8.886460661888e-01, 1.502163740952e-06, 2.7613e+02, 2.5961e+00, 
 1DIAGNOSTIC,    76, -8.886663913727e-01, 1.441605490982e-06, 2.7873e+02, 2.5977e+00, 
 1DIAGNOSTIC,    77, -8.886700272560e-01, 1.372648853248e-06, 2.8133e+02, 2.6017e+00, 
 1DIAGNOSTIC,    78, -8.886826038361e-01, 1.316749148828e-06, 2.8394e+02, 2.6073e+00, 
 1DIAGNOSTIC,    79, -8.886843323708e-01, 1.242999246642e-06, 2.8654e+02, 2.6009e+00, 
 1DIAGNOSTIC,    80, -8.886961936951e-01, 1.184376401397e-06, 2.8913e+02, 2.5895e+00, 
 1DIAGNOSTIC,    81, -8.887012004852e-01, 1.137875869972e-06, 2.9172e+02, 2.5844e+00, 
 1DIAGNOSTIC,    82, -8.887145519257e-01, 1.087507826014e-06, 2.9431e+02, 2.5954e+00, 
 1DIAGNOSTIC,    83, -8.887119889259e-01, 1.016942746901e-06, 2.9691e+02, 2.5946e+00, 
 1DIAGNOSTIC,    84, -8.887280821800e-01, 1.006129537018e-06, 2.9952e+02, 2.6171e+00, 
 1DIAGNOSTIC,    85, -8.887252807617e-01, 9.240448548553e-07, 3.0213e+02, 2.6067e+00, 
 1DIAGNOSTIC,    86, -8.887367248535e-01, 9.099439921556e-07, 3.0472e+02, 2.5895e+00, 
 1DIAGNOSTIC,    87, -8.887436389923e-01, 8.812522196422e-07, 3.0732e+02, 2.5966e+00, 
 1DIAGNOSTIC,    88, -8.887460827827e-01, 8.582924806433e-07, 3.0992e+02, 2.6046e+00, 
 1DIAGNOSTIC,    89, -8.887531161308e-01, 8.191296956284e-07, 3.1252e+02, 2.5977e+00, 
 1DIAGNOSTIC,    90, -8.887562751770e-01, 7.893854672147e-07, 3.1511e+02, 2.5916e+00, 
 1DIAGNOSTIC,    91, -8.887706398964e-01, 7.854321211198e-07, 3.1771e+02, 2.5985e+00, 
 1DIAGNOSTIC,    92, -8.887674808502e-01, 7.743657306492e-07, 3.2029e+02, 2.5786e+00, 
 1DIAGNOSTIC,    93, -8.887754082680e-01, 7.404001394207e-07, 3.2288e+02, 2.5929e+00, 
 1DIAGNOSTIC,    94, -8.887763023376e-01, 7.272801099134e-07, 3.2547e+02, 2.5914e+00, 
 1DIAGNOSTIC,    95, -8.887794613838e-01, 6.770452500859e-07, 3.2807e+02, 2.6011e+00, 
 1DIAGNOSTIC,    96, -8.887845873833e-01, 6.494209969787e-07, 3.3067e+02, 2.6014e+00, 
 1DIAGNOSTIC,    97, -8.887887001038e-01, 6.279792614805e-07, 3.3328e+02, 2.6097e+00, 
 1DIAGNOSTIC,    98, -8.887920379639e-01, 5.967789888928e-07, 3.3588e+02, 2.5931e+00, 
 1DIAGNOSTIC,    99, -8.888008594513e-01, 5.913935865465e-07, 3.3847e+02, 2.5960e+00, 
 1DIAGNOSTIC,   100, -8.888008594513e-01, 5.684694315278e-07, 3.4107e+02, 2.5945e+00, 
XXDIAGNOSTIC,Iteration,metricValue,convergenceValue,ITERATION_TIME_INDEX,SINCE_LAST
 1DIAGNOSTIC,     1, -7.462854385376e-01, inf, 3.6282e+02, 2.1756e+01, 
 1DIAGNOSTIC,     2, -7.479112148285e-01, inf, 3.8382e+02, 2.0997e+01, 
 1DIAGNOSTIC,     3, -7.502477765083e-01, inf, 4.0475e+02, 2.0934e+01, 
 1DIAGNOSTIC,     4, -7.521837949753e-01, inf, 4.2578e+02, 2.1030e+01, 
 1DIAGNOSTIC,     5, -7.540199756622e-01, inf, 4.4695e+02, 2.1166e+01, 
 1DIAGNOSTIC,     6, -7.557402849197e-01, inf, 4.6781e+02, 2.0865e+01, 
 1DIAGNOSTIC,     7, -7.573497295380e-01, inf, 4.8899e+02, 2.1178e+01, 
 1DIAGNOSTIC,     8, -7.588608264923e-01, inf, 5.0981e+02, 2.0818e+01, 
 1DIAGNOSTIC,     9, -7.601511478424e-01, inf, 5.3073e+02, 2.0923e+01, 
 1DIAGNOSTIC,    10, -7.613257169724e-01, 1.302019576542e-03, 5.5159e+02, 2.0858e+01, 
 1DIAGNOSTIC,    11, -7.622993588448e-01, 1.104158814996e-03, 5.7295e+02, 2.1356e+01, 
 1DIAGNOSTIC,    12, -7.632935643196e-01, 9.214733145200e-04, 5.9381e+02, 2.0868e+01, 
 1DIAGNOSTIC,    13, -7.641142606735e-01, 7.743097958155e-04, 6.1492e+02, 2.1106e+01, 
 1DIAGNOSTIC,    14, -7.648655772209e-01, 6.494447588921e-04, 6.3621e+02, 2.1292e+01, 
 1DIAGNOSTIC,    15, -7.655562758446e-01, 5.447880248539e-04, 6.5739e+02, 2.1175e+01, 
 1DIAGNOSTIC,    16, -7.662022113800e-01, 4.583559639286e-04, 6.7829e+02, 2.0901e+01, 
 1DIAGNOSTIC,    17, -7.667956352234e-01, 3.880733856931e-04, 6.9924e+02, 2.0955e+01, 
 1DIAGNOSTIC,    18, -7.673504352570e-01, 3.324544231873e-04, 7.2035e+02, 2.1112e+01, 
 1DIAGNOSTIC,    19, -7.678642272949e-01, 2.872046316043e-04, 7.4129e+02, 2.0935e+01, 
 1DIAGNOSTIC,    20, -7.683424949646e-01, 2.505730371922e-04, 7.6264e+02, 2.1352e+01, 
 1DIAGNOSTIC,    21, -7.687819004059e-01, 2.190623636125e-04, 7.8381e+02, 2.1169e+01, 
 1DIAGNOSTIC,    22, -7.691937088966e-01, 1.937395136338e-04, 8.0496e+02, 2.1154e+01, 
 1DIAGNOSTIC,    23, -7.695776224136e-01, 1.719691208564e-04, 8.2613e+02, 2.1171e+01, 
 1DIAGNOSTIC,    24, -7.699329853058e-01, 1.530411245767e-04, 8.4721e+02, 2.1076e+01, 
 1DIAGNOSTIC,    25, -7.702615261078e-01, 1.364184427075e-04, 8.6832e+02, 2.1112e+01, 
 1DIAGNOSTIC,    26, -7.705720067024e-01, 1.219309851876e-04, 8.8940e+02, 2.1076e+01, 
 1DIAGNOSTIC,    27, -7.708610296249e-01, 1.091901067412e-04, 9.1043e+02, 2.1030e+01, 
 1DIAGNOSTIC,    28, -7.711272239685e-01, 9.797066013562e-05, 9.3154e+02, 2.1109e+01, 
 1DIAGNOSTIC,    29, -7.713829874992e-01, 8.815203909762e-05, 9.5270e+02, 2.1162e+01, 
 1DIAGNOSTIC,    30, -7.716103792191e-01, 7.941341027617e-05, 9.7376e+02, 2.1058e+01, 
 1DIAGNOSTIC,    31, -7.718341350555e-01, 7.169470336521e-05, 9.9502e+02, 2.1258e+01, 
 1DIAGNOSTIC,    32, -7.720403075218e-01, 6.486177881015e-05, 1.0162e+03, 2.1216e+01, 
 1DIAGNOSTIC,    33, -7.722343206406e-01, 5.882327604922e-05, 1.0373e+03, 2.1116e+01, 
 1DIAGNOSTIC,    34, -7.724111080170e-01, 5.339974813978e-05, 1.0584e+03, 2.1058e+01, 
 1DIAGNOSTIC,    35, -7.725865840912e-01, 4.859356704401e-05, 1.0796e+03, 2.1237e+01, 
 1DIAGNOSTIC,    36, -7.727415561676e-01, 4.426567102200e-05, 1.1009e+03, 2.1303e+01, 
 1DIAGNOSTIC,    37, -7.728871107101e-01, 4.035623715026e-05, 1.1221e+03, 2.1185e+01, 
 1DIAGNOSTIC,    38, -7.730212807655e-01, 3.675713014673e-05, 1.1432e+03, 2.1028e+01, 
 1DIAGNOSTIC,    39, -7.731472849846e-01, 3.351471605129e-05, 1.1643e+03, 2.1162e+01, 
 1DIAGNOSTIC,    40, -7.732623815536e-01, 3.045414086955e-05, 1.1854e+03, 2.1082e+01, 
 1DIAGNOSTIC,    41, -7.733750343323e-01, 2.772271545837e-05, 1.2066e+03, 2.1199e+01, 
 1DIAGNOSTIC,    42, -7.734756469727e-01, 2.522606337152e-05, 1.2278e+03, 2.1231e+01, 
 1DIAGNOSTIC,    43, -7.735712528229e-01, 2.297910032212e-05, 1.2490e+03, 2.1145e+01, 
 1DIAGNOSTIC,    44, -7.736681103706e-01, 2.098665027006e-05, 1.2701e+03, 2.1141e+01, 
 1DIAGNOSTIC,    45, -7.737510204315e-01, 1.924784919538e-05, 1.2913e+03, 2.1163e+01, 
 1DIAGNOSTIC,    46, -7.738351821899e-01, 1.771591269062e-05, 1.3124e+03, 2.1121e+01, 
 1DIAGNOSTIC,    47, -7.739176750183e-01, 1.639710717427e-05, 1.3335e+03, 2.1067e+01, 
 1DIAGNOSTIC,    48, -7.739918828011e-01, 1.521623289591e-05, 1.3545e+03, 2.1030e+01, 
 1DIAGNOSTIC,    49, -7.740631103516e-01, 1.416345821781e-05, 1.3756e+03, 2.1071e+01, 
 1DIAGNOSTIC,    50, -7.741230726242e-01, 1.313787925028e-05, 1.3967e+03, 2.1159e+01, 
 1DIAGNOSTIC,    51, -7.741813659668e-01, 1.218255329150e-05, 1.4180e+03, 2.1265e+01, 
 1DIAGNOSTIC,    52, -7.742393016815e-01, 1.127076302510e-05, 1.4393e+03, 2.1302e+01, 
 1DIAGNOSTIC,    53, -7.743006348610e-01, 1.045207045536e-05, 1.4606e+03, 2.1266e+01, 
 1DIAGNOSTIC,    54, -7.743564844131e-01, 9.752889127412e-06, 1.4819e+03, 2.1326e+01, 
 1DIAGNOSTIC,    55, -7.744064331055e-01, 9.082899850910e-06, 1.5030e+03, 2.1143e+01, 
 1DIAGNOSTIC,    56, -7.744584083557e-01, 8.510226507497e-06, 1.5241e+03, 2.1109e+01, 
 1DIAGNOSTIC,    57, -7.745113372803e-01, 8.063076165854e-06, 1.5456e+03, 2.1421e+01, 
 1DIAGNOSTIC,    58, -7.745621204376e-01, 7.695544809394e-06, 1.5668e+03, 2.1204e+01, 
 1DIAGNOSTIC,    59, -7.746111750603e-01, 7.399064998026e-06, 1.5879e+03, 2.1152e+01, 
 1DIAGNOSTIC,    60, -7.746560573578e-01, 7.092327450664e-06, 1.6092e+03, 2.1254e+01, 
 1DIAGNOSTIC,    61, -7.746957540512e-01, 6.751905857527e-06, 1.6305e+03, 2.1360e+01, 
 1DIAGNOSTIC,    62, -7.747336626053e-01, 6.386907443812e-06, 1.6515e+03, 2.0953e+01, 
 1DIAGNOSTIC,    63, -7.747724056244e-01, 6.048377144907e-06, 1.6727e+03, 2.1173e+01, 
 1DIAGNOSTIC,    64, -7.748055458069e-01, 5.694562332792e-06, 1.6937e+03, 2.1048e+01, 
 1DIAGNOSTIC,    65, -7.748392820358e-01, 5.321803200786e-06, 1.7149e+03, 2.1239e+01, 
 1DIAGNOSTIC,    66, -7.748709321022e-01, 4.957801593264e-06, 1.7359e+03, 2.0999e+01, 
 1DIAGNOSTIC,    67, -7.749049067497e-01, 4.647456535167e-06, 1.7572e+03, 2.1253e+01, 
 1DIAGNOSTIC,    68, -7.749275565147e-01, 4.337091468187e-06, 1.7786e+03, 2.1393e+01, 
 1DIAGNOSTIC,    69, -7.749483585358e-01, 4.033171080664e-06, 1.7999e+03, 2.1268e+01, 
 1DIAGNOSTIC,    70, -7.749669551849e-01, 3.725564283741e-06, 1.8210e+03, 2.1152e+01, 
XXDIAGNOSTIC,Iteration,metricValue,convergenceValue,ITERATION_TIME_INDEX,SINCE_LAST
 1DIAGNOSTIC,     1, -4.647303819656e-01, inf, 1.9927e+03, 1.7169e+02, 
 1DIAGNOSTIC,     2, -4.663054943085e-01, inf, 2.1632e+03, 1.7048e+02, 
 1DIAGNOSTIC,     3, -4.682141542435e-01, inf, 2.3329e+03, 1.6969e+02, 
 1DIAGNOSTIC,     4, -4.701015949249e-01, inf, 2.5036e+03, 1.7075e+02, 
 1DIAGNOSTIC,     5, -4.721074402332e-01, inf, 2.6736e+03, 1.7002e+02, 
 1DIAGNOSTIC,     6, -4.738028049469e-01, inf, 2.8428e+03, 1.6920e+02, 
 1DIAGNOSTIC,     7, -4.752925634384e-01, inf, 3.0142e+03, 1.7134e+02, 
 1DIAGNOSTIC,     8, -4.767108559608e-01, inf, 3.1838e+03, 1.6965e+02, 
 1DIAGNOSTIC,     9, -4.780751466751e-01, inf, 3.3533e+03, 1.6949e+02, 
 1DIAGNOSTIC,    10, -4.794318974018e-01, 2.027495298535e-03, 3.5225e+03, 1.6915e+02, 
 1DIAGNOSTIC,    11, -4.807980060577e-01, 1.765622524545e-03, 3.6908e+03, 1.6837e+02, 
 1DIAGNOSTIC,    12, -4.822143316269e-01, 1.537493895739e-03, 3.8595e+03, 1.6864e+02, 
 1DIAGNOSTIC,    13, -4.834993779659e-01, 1.351666986011e-03, 4.0284e+03, 1.6894e+02, 
 1DIAGNOSTIC,    14, -4.847587347031e-01, 1.202757703140e-03, 4.1984e+03, 1.6999e+02, 
 1DIAGNOSTIC,    15, -4.860109090805e-01, 1.092575956136e-03, 4.3679e+03, 1.6952e+02, 
 1DIAGNOSTIC,    16, -4.871500432491e-01, 1.000666874461e-03, 4.5395e+03, 1.7154e+02, 
 1DIAGNOSTIC,    17, -4.880560338497e-01, 9.106072247960e-04, 4.7094e+03, 1.6999e+02, 
 1DIAGNOSTIC,    18, -4.889464378357e-01, 8.222904871218e-04, 4.8795e+03, 1.7003e+02, 
 1DIAGNOSTIC,    19, -4.897809028625e-01, 7.353512337431e-04, 5.0493e+03, 1.6980e+02, 
 1DIAGNOSTIC,    20, -4.905791282654e-01, 6.521600880660e-04, 5.2184e+03, 1.6908e+02, 
  Elapsed time (stage 2): 5220


Total elapsed time: 5251
Using single precision for computations.
Input scalar image: /home/mpib/nemecz/Projects/miniTRK/Results/01_MRI/GroupTempl/T1w/T_template0sub-193847_T1wRepaired.nii.gz
Reference image: /home/mpib/nemecz/Projects/miniTRK/Results/01_MRI/GroupTempl/T1w/T_template0.nii.gz
=============================================================================
The composite transform comprises the following transforms (in order): 
  1. /home/mpib/nemecz/Projects/miniTRK/Results/01_MRI/GroupTempl/T1w/T_sub-193847_T1w20GenericAffine.mat (type = AffineTransform)
  2. /home/mpib/nemecz/Projects/miniTRK/Results/01_MRI/GroupTempl/T1w/T_sub-193847_T1w21Warp.nii.gz (type = DisplacementFieldTransform)
=============================================================================
Default pixel value: 0
Interpolation type: LinearInterpolateImageFunction
Output warped image: /home/mpib/nemecz/Projects/miniTRK/Results/01_MRI/GroupTempl/T1w/T_template0sub-193847_T1w2WarpedToTemplate.nii.gz
