
Running N4 for 3-dimensional images.

Mask not read.  Using the entire image as the mask.

Original intensity range:  [0, 930]

***********************************************************
Warning:  Your input image contains nonpositive values
which could cause failure or problematic results.  A
possible workaround would be to:
   1. rescale your image to positive values e.g., [10,100].
   2. run N4 on your rescaled image.
   3. (optional) rescale the N4 output to the original
      intensity range.
***********************************************************

Specified spline distance: 200mm
  original image size:  [192, 256, 256]
  padded image size:  [201, 401, 401]
  number of control points:  [4, 5, 5]

Current level = 1
  Iteration 1 (of 50).   Current convergence value = 0.000516795 (threshold = 1e-08)
  Iteration 2 (of 50).   Current convergence value = 0.000330384 (threshold = 1e-08)
  Iteration 3 (of 50).   Current convergence value = 0.000217509 (threshold = 1e-08)
  Iteration 4 (of 50).   Current convergence value = 0.000150885 (threshold = 1e-08)
  Iteration 5 (of 50).   Current convergence value = 0.000112044 (threshold = 1e-08)
  Iteration 6 (of 50).   Current convergence value = 9.17113e-05 (threshold = 1e-08)
  Iteration 7 (of 50).   Current convergence value = 8.24664e-05 (threshold = 1e-08)
  Iteration 8 (of 50).   Current convergence value = 7.89568e-05 (threshold = 1e-08)
  Iteration 9 (of 50).   Current convergence value = 7.80021e-05 (threshold = 1e-08)
  Iteration 10 (of 50).   Current convergence value = 7.83498e-05 (threshold = 1e-08)
  Iteration 11 (of 50).   Current convergence value = 7.87373e-05 (threshold = 1e-08)
  Iteration 12 (of 50).   Current convergence value = 7.90873e-05 (threshold = 1e-08)
  Iteration 13 (of 50).   Current convergence value = 7.9271e-05 (threshold = 1e-08)
  Iteration 14 (of 50).   Current convergence value = 7.92516e-05 (threshold = 1e-08)
  Iteration 15 (of 50).   Current convergence value = 7.92082e-05 (threshold = 1e-08)
  Iteration 16 (of 50).   Current convergence value = 7.90723e-05 (threshold = 1e-08)
  Iteration 17 (of 50).   Current convergence value = 7.88362e-05 (threshold = 1e-08)
  Iteration 18 (of 50).   Current convergence value = 7.85156e-05 (threshold = 1e-08)
  Iteration 19 (of 50).   Current convergence value = 7.81766e-05 (threshold = 1e-08)
  Iteration 20 (of 50).   Current convergence value = 7.78806e-05 (threshold = 1e-08)
  Iteration 21 (of 50).   Current convergence value = 7.76243e-05 (threshold = 1e-08)
  Iteration 22 (of 50).   Current convergence value = 7.72765e-05 (threshold = 1e-08)
  Iteration 23 (of 50).   Current convergence value = 7.69369e-05 (threshold = 1e-08)
  Iteration 24 (of 50).   Current convergence value = 7.66385e-05 (threshold = 1e-08)
  Iteration 25 (of 50).   Current convergence value = 7.63869e-05 (threshold = 1e-08)
  Iteration 26 (of 50).   Current convergence value = 7.62252e-05 (threshold = 1e-08)
  Iteration 27 (of 50).   Current convergence value = 7.6056e-05 (threshold = 1e-08)
  Iteration 28 (of 50).   Current convergence value = 7.59234e-05 (threshold = 1e-08)
  Iteration 29 (of 50).   Current convergence value = 7.56933e-05 (threshold = 1e-08)
  Iteration 30 (of 50).   Current convergence value = 7.55226e-05 (threshold = 1e-08)
  Iteration 31 (of 50).   Current convergence value = 7.53431e-05 (threshold = 1e-08)
  Iteration 32 (of 50).   Current convergence value = 7.51557e-05 (threshold = 1e-08)
  Iteration 33 (of 50).   Current convergence value = 7.49937e-05 (threshold = 1e-08)
  Iteration 34 (of 50).   Current convergence value = 7.48427e-05 (threshold = 1e-08)
  Iteration 35 (of 50).   Current convergence value = 7.46619e-05 (threshold = 1e-08)
  Iteration 36 (of 50).   Current convergence value = 7.43944e-05 (threshold = 1e-08)
  Iteration 37 (of 50).   Current convergence value = 7.41884e-05 (threshold = 1e-08)
  Iteration 38 (of 50).   Current convergence value = 7.40151e-05 (threshold = 1e-08)
  Iteration 39 (of 50).   Current convergence value = 7.37986e-05 (threshold = 1e-08)
  Iteration 40 (of 50).   Current convergence value = 7.36503e-05 (threshold = 1e-08)
  Iteration 41 (of 50).   Current convergence value = 7.35079e-05 (threshold = 1e-08)
  Iteration 42 (of 50).   Current convergence value = 7.33417e-05 (threshold = 1e-08)
  Iteration 43 (of 50).   Current convergence value = 7.31862e-05 (threshold = 1e-08)
  Iteration 44 (of 50).   Current convergence value = 7.30747e-05 (threshold = 1e-08)
  Iteration 45 (of 50).   Current convergence value = 7.2881e-05 (threshold = 1e-08)
  Iteration 46 (of 50).   Current convergence value = 7.27593e-05 (threshold = 1e-08)
  Iteration 47 (of 50).   Current convergence value = 7.25982e-05 (threshold = 1e-08)
  Iteration 48 (of 50).   Current convergence value = 7.24784e-05 (threshold = 1e-08)
  Iteration 49 (of 50).   Current convergence value = 7.23221e-05 (threshold = 1e-08)
  Iteration 50 (of 50).   Current convergence value = 7.21785e-05 (threshold = 1e-08)
Current level = 2
  Iteration 1 (of 50).   Current convergence value = 0.000470732 (threshold = 1e-08)
  Iteration 2 (of 50).   Current convergence value = 0.000382114 (threshold = 1e-08)
  Iteration 3 (of 50).   Current convergence value = 0.000319715 (threshold = 1e-08)
  Iteration 4 (of 50).   Current convergence value = 0.000268658 (threshold = 1e-08)
  Iteration 5 (of 50).   Current convergence value = 0.00022836 (threshold = 1e-08)
  Iteration 6 (of 50).   Current convergence value = 0.00019766 (threshold = 1e-08)
  Iteration 7 (of 50).   Current convergence value = 0.000175771 (threshold = 1e-08)
  Iteration 8 (of 50).   Current convergence value = 0.000152846 (threshold = 1e-08)
  Iteration 9 (of 50).   Current convergence value = 0.000133755 (threshold = 1e-08)
  Iteration 10 (of 50).   Current convergence value = 0.000117454 (threshold = 1e-08)
  Iteration 11 (of 50).   Current convergence value = 0.000103796 (threshold = 1e-08)
  Iteration 12 (of 50).   Current convergence value = 9.25228e-05 (threshold = 1e-08)
  Iteration 13 (of 50).   Current convergence value = 8.32193e-05 (threshold = 1e-08)
  Iteration 14 (of 50).   Current convergence value = 7.63579e-05 (threshold = 1e-08)
  Iteration 15 (of 50).   Current convergence value = 7.207e-05 (threshold = 1e-08)
  Iteration 16 (of 50).   Current convergence value = 6.91429e-05 (threshold = 1e-08)
  Iteration 17 (of 50).   Current convergence value = 6.71472e-05 (threshold = 1e-08)
  Iteration 18 (of 50).   Current convergence value = 6.58644e-05 (threshold = 1e-08)
  Iteration 19 (of 50).   Current convergence value = 6.51218e-05 (threshold = 1e-08)
  Iteration 20 (of 50).   Current convergence value = 6.45942e-05 (threshold = 1e-08)
  Iteration 21 (of 50).   Current convergence value = 6.43787e-05 (threshold = 1e-08)
  Iteration 22 (of 50).   Current convergence value = 6.44149e-05 (threshold = 1e-08)
  Iteration 23 (of 50).   Current convergence value = 6.44167e-05 (threshold = 1e-08)
  Iteration 24 (of 50).   Current convergence value = 6.43207e-05 (threshold = 1e-08)
  Iteration 25 (of 50).   Current convergence value = 6.44121e-05 (threshold = 1e-08)
  Iteration 26 (of 50).   Current convergence value = 6.41936e-05 (threshold = 1e-08)
  Iteration 27 (of 50).   Current convergence value = 6.43426e-05 (threshold = 1e-08)
  Iteration 28 (of 50).   Current convergence value = 6.43168e-05 (threshold = 1e-08)
  Iteration 29 (of 50).   Current convergence value = 6.41767e-05 (threshold = 1e-08)
  Iteration 30 (of 50).   Current convergence value = 6.40295e-05 (threshold = 1e-08)
  Iteration 31 (of 50).   Current convergence value = 6.39409e-05 (threshold = 1e-08)
  Iteration 32 (of 50).   Current convergence value = 6.37318e-05 (threshold = 1e-08)
  Iteration 33 (of 50).   Current convergence value = 6.36637e-05 (threshold = 1e-08)
  Iteration 34 (of 50).   Current convergence value = 6.33181e-05 (threshold = 1e-08)
  Iteration 35 (of 50).   Current convergence value = 6.32015e-05 (threshold = 1e-08)
  Iteration 36 (of 50).   Current convergence value = 6.29028e-05 (threshold = 1e-08)
  Iteration 37 (of 50).   Current convergence value = 6.25123e-05 (threshold = 1e-08)
  Iteration 38 (of 50).   Current convergence value = 6.23165e-05 (threshold = 1e-08)
  Iteration 39 (of 50).   Current convergence value = 6.19574e-05 (threshold = 1e-08)
  Iteration 40 (of 50).   Current convergence value = 6.17616e-05 (threshold = 1e-08)
  Iteration 41 (of 50).   Current convergence value = 6.14181e-05 (threshold = 1e-08)
  Iteration 42 (of 50).   Current convergence value = 6.10931e-05 (threshold = 1e-08)
  Iteration 43 (of 50).   Current convergence value = 6.0862e-05 (threshold = 1e-08)
  Iteration 44 (of 50).   Current convergence value = 6.04835e-05 (threshold = 1e-08)
  Iteration 45 (of 50).   Current convergence value = 6.02646e-05 (threshold = 1e-08)
  Iteration 46 (of 50).   Current convergence value = 5.9797e-05 (threshold = 1e-08)
  Iteration 47 (of 50).   Current convergence value = 5.93683e-05 (threshold = 1e-08)
  Iteration 48 (of 50).   Current convergence value = 5.9134e-05 (threshold = 1e-08)
  Iteration 49 (of 50).   Current convergence value = 5.87221e-05 (threshold = 1e-08)
  Iteration 50 (of 50).   Current convergence value = 5.84711e-05 (threshold = 1e-08)
Current level = 3
  Iteration 1 (of 40).   Current convergence value = 0.00150367 (threshold = 1e-08)
  Iteration 2 (of 40).   Current convergence value = 0.00101914 (threshold = 1e-08)
  Iteration 3 (of 40).   Current convergence value = 0.000791896 (threshold = 1e-08)
  Iteration 4 (of 40).   Current convergence value = 0.000660693 (threshold = 1e-08)
  Iteration 5 (of 40).   Current convergence value = 0.00057045 (threshold = 1e-08)
  Iteration 6 (of 40).   Current convergence value = 0.000507958 (threshold = 1e-08)
  Iteration 7 (of 40).   Current convergence value = 0.000465968 (threshold = 1e-08)
  Iteration 8 (of 40).   Current convergence value = 0.00043626 (threshold = 1e-08)
  Iteration 9 (of 40).   Current convergence value = 0.000413946 (threshold = 1e-08)
  Iteration 10 (of 40).   Current convergence value = 0.000395758 (threshold = 1e-08)
  Iteration 11 (of 40).   Current convergence value = 0.000380588 (threshold = 1e-08)
  Iteration 12 (of 40).   Current convergence value = 0.000367785 (threshold = 1e-08)
  Iteration 13 (of 40).   Current convergence value = 0.000356107 (threshold = 1e-08)
  Iteration 14 (of 40).   Current convergence value = 0.000345718 (threshold = 1e-08)
  Iteration 15 (of 40).   Current convergence value = 0.000336264 (threshold = 1e-08)
  Iteration 16 (of 40).   Current convergence value = 0.000327695 (threshold = 1e-08)
  Iteration 17 (of 40).   Current convergence value = 0.000319857 (threshold = 1e-08)
  Iteration 18 (of 40).   Current convergence value = 0.000312652 (threshold = 1e-08)
  Iteration 19 (of 40).   Current convergence value = 0.000306509 (threshold = 1e-08)
  Iteration 20 (of 40).   Current convergence value = 0.000300798 (threshold = 1e-08)
  Iteration 21 (of 40).   Current convergence value = 0.000295479 (threshold = 1e-08)
  Iteration 22 (of 40).   Current convergence value = 0.000290449 (threshold = 1e-08)
  Iteration 23 (of 40).   Current convergence value = 0.000285708 (threshold = 1e-08)
  Iteration 24 (of 40).   Current convergence value = 0.000281425 (threshold = 1e-08)
  Iteration 25 (of 40).   Current convergence value = 0.000277114 (threshold = 1e-08)
  Iteration 26 (of 40).   Current convergence value = 0.000272984 (threshold = 1e-08)
  Iteration 27 (of 40).   Current convergence value = 0.00026898 (threshold = 1e-08)
  Iteration 28 (of 40).   Current convergence value = 0.000265042 (threshold = 1e-08)
  Iteration 29 (of 40).   Current convergence value = 0.000261379 (threshold = 1e-08)
  Iteration 30 (of 40).   Current convergence value = 0.000257712 (threshold = 1e-08)
  Iteration 31 (of 40).   Current convergence value = 0.000254202 (threshold = 1e-08)
  Iteration 32 (of 40).   Current convergence value = 0.000250813 (threshold = 1e-08)
  Iteration 33 (of 40).   Current convergence value = 0.000247566 (threshold = 1e-08)
  Iteration 34 (of 40).   Current convergence value = 0.000244567 (threshold = 1e-08)
  Iteration 35 (of 40).   Current convergence value = 0.000241733 (threshold = 1e-08)
  Iteration 36 (of 40).   Current convergence value = 0.000238997 (threshold = 1e-08)
  Iteration 37 (of 40).   Current convergence value = 0.000236298 (threshold = 1e-08)
  Iteration 38 (of 40).   Current convergence value = 0.000233664 (threshold = 1e-08)
  Iteration 39 (of 40).   Current convergence value = 0.000231044 (threshold = 1e-08)
  Iteration 40 (of 40).   Current convergence value = 0.000228583 (threshold = 1e-08)
Current level = 4
  Iteration 1 (of 30).   Current convergence value = 0.00182386 (threshold = 1e-08)
  Iteration 2 (of 30).   Current convergence value = 0.00164413 (threshold = 1e-08)
  Iteration 3 (of 30).   Current convergence value = 0.00157621 (threshold = 1e-08)
  Iteration 4 (of 30).   Current convergence value = 0.00146641 (threshold = 1e-08)
  Iteration 5 (of 30).   Current convergence value = 0.00137246 (threshold = 1e-08)
  Iteration 6 (of 30).   Current convergence value = 0.00129154 (threshold = 1e-08)
  Iteration 7 (of 30).   Current convergence value = 0.00120694 (threshold = 1e-08)
  Iteration 8 (of 30).   Current convergence value = 0.0011328 (threshold = 1e-08)
  Iteration 9 (of 30).   Current convergence value = 0.0010773 (threshold = 1e-08)
  Iteration 10 (of 30).   Current convergence value = 0.00103122 (threshold = 1e-08)
  Iteration 11 (of 30).   Current convergence value = 0.000993304 (threshold = 1e-08)
  Iteration 12 (of 30).   Current convergence value = 0.000959275 (threshold = 1e-08)
  Iteration 13 (of 30).   Current convergence value = 0.000928349 (threshold = 1e-08)
  Iteration 14 (of 30).   Current convergence value = 0.000900498 (threshold = 1e-08)
  Iteration 15 (of 30).   Current convergence value = 0.00087506 (threshold = 1e-08)
  Iteration 16 (of 30).   Current convergence value = 0.000852174 (threshold = 1e-08)
  Iteration 17 (of 30).   Current convergence value = 0.000832376 (threshold = 1e-08)
  Iteration 18 (of 30).   Current convergence value = 0.000780024 (threshold = 1e-08)
  Iteration 19 (of 30).   Current convergence value = 0.00072765 (threshold = 1e-08)
  Iteration 20 (of 30).   Current convergence value = 0.000686926 (threshold = 1e-08)
  Iteration 21 (of 30).   Current convergence value = 0.000653301 (threshold = 1e-08)
  Iteration 22 (of 30).   Current convergence value = 0.000622448 (threshold = 1e-08)
  Iteration 23 (of 30).   Current convergence value = 0.000593948 (threshold = 1e-08)
  Iteration 24 (of 30).   Current convergence value = 0.000567607 (threshold = 1e-08)
  Iteration 25 (of 30).   Current convergence value = 0.000543364 (threshold = 1e-08)
  Iteration 26 (of 30).   Current convergence value = 0.000520656 (threshold = 1e-08)
  Iteration 27 (of 30).   Current convergence value = 0.000499524 (threshold = 1e-08)
  Iteration 28 (of 30).   Current convergence value = 0.000479837 (threshold = 1e-08)
  Iteration 29 (of 30).   Current convergence value = 0.000461658 (threshold = 1e-08)
  Iteration 30 (of 30).   Current convergence value = 0.000444632 (threshold = 1e-08)
   N4BiasFieldCorrectionImageFilter (0x55da5d562e20)
     RTTI typeinfo:   itk::N4BiasFieldCorrectionImageFilter<itk::Image<float, 3u>, itk::Image<float, 3u>, itk::Image<float, 3u> >
     Reference Count: 1
     Modified Time: 565
     Debug: Off
     Object Name: 
     Observers: 
       IterationEvent(Command)
     Inputs: 
       ConfidenceImage: (0)
       MaskImage: (0x55da5d58d660)
       Primary: (0x55da5d588a80) *
     Indexed Inputs: 
       0: Primary (0x55da5d588a80)
       1: MaskImage (0x55da5d58d660)
       2: ConfidenceImage (0)
     Required Input Names: Primary
     NumberOfRequiredInputs: 1
     Outputs: 
       Primary: (0x55da5d572ef0)
     Indexed Outputs: 
       0: Primary (0x55da5d572ef0)
     NumberOfRequiredOutputs: 1
     Number Of Work Units: 32
     ReleaseDataFlag: Off
     ReleaseDataBeforeUpdateFlag: Off
     AbortGenerateData: Off
     Progress: 0
     Multithreader: 
       RTTI typeinfo:   itk::PoolMultiThreader
       Reference Count: 1
       Modified Time: 144
       Debug: Off
       Object Name: 
       Observers: 
         none
       Number of Work Units: 32
       Number of Threads: 8
       Global Maximum Number Of Threads: 128
       Global Default Number Of Threads: 8
       Global Default Threader Type: itk::MultiThreaderBaseEnums::Threader::Pool
       SingleMethod: 0
       SingleData: 0
     DynamicMultiThreading: On
     CoordinateTolerance: 1e-06
     DirectionTolerance: 1e-06
     Use Mask Label: 0
     Mask label: 1
     Number of histogram bins: 200
     Wiener filter noise: 0.01
     Bias field FWHM: 0.15
     Maximum number of iterations: [50, 50, 40, 30]
     Convergence threshold: 1e-08
     Spline order: 3
     Number of fitting levels: [4, 4, 4]
     Number of control points: [4, 5, 5]
     CurrentConvergenceMeasurement: 0.000444632
     CurrentLevel: 4
     ElapsedIterations: 31
     LogBiasFieldControlPointLattice: 
       Image (0x55da676fea90)
         RTTI typeinfo:   itk::Image<itk::Vector<float, 1u>, 3u>
         Reference Count: 1
         Modified Time: 343560
         Debug: Off
         Object Name: 
         Observers: 
           none
         Source: (none)
         Source output name: (none)
         Release Data: Off
         Data Released: False
         Global Release Data: Off
         PipelineMTime: 0
         UpdateMTime: 0
         RealTimeStamp: 0 seconds 
         LargestPossibleRegion: 
           Dimension: 3
           Index: [0, 0, 0]
           Size: [11, 19, 19]
         BufferedRegion: 
           Dimension: 3
           Index: [0, 0, 0]
           Size: [11, 19, 19]
         RequestedRegion: 
           Dimension: 3
           Index: [0, 0, 0]
           Size: [11, 19, 19]
         Spacing: [24.75, 24.875, 24.875]
         Origin: [25.0285, 26.1694, -23.2127]
         Direction: 
-0.99985 0.00517974 -0.0165267
-0.00436602 -0.998794 -0.0488987
-0.0167601 -0.0488192 0.998667

         IndexToPointMatrix: 
-24.7463 0.128846 -0.411102
-0.108059 -24.845 -1.21636
-0.414811 -1.21438 24.8418

         PointToIndexMatrix: 
-0.040398 -0.000176405 -0.000677174
0.000208231 -0.0401525 -0.00196258
-0.00066439 -0.00196578 0.0401474

         Inverse Direction: 
-0.99985 -0.00436602 -0.0167601
0.00517974 -0.998794 -0.0488192
-0.0165267 -0.0488987 0.998667

         PixelContainer: 
           ImportImageContainer (0x55da64071730)
             RTTI typeinfo:   itk::ImportImageContainer<unsigned long, itk::Vector<float, 1u> >
             Reference Count: 1
             Modified Time: 343561
             Debug: Off
             Object Name: 
             Observers: 
               none
             Pointer: 0x55da67703090
             Container manages memory: true
             Size: 3971
             Capacity: 3971
Elapsed time: 269.104
All_Command_lines_OK
Using single precision for computations.
=============================================================================
The composite transform comprises the following transforms (in order): 
  1. Center of mass alignment using fixed image: /home/mpib/nemecz/Projects/miniTRK/Results/01_MRI/GroupTempl/T1w/T_template0.nii.gz and moving image: /home/mpib/nemecz/Projects/miniTRK/Analysis/01_MRI/Preproc/GroupTempl/T1w/sub-982595_T1w.nii.gz (type = Euler3DTransform)
=============================================================================
  number of levels = 4
  number of levels = 4
  number of levels = 4
  fixed image: /home/mpib/nemecz/Projects/miniTRK/Results/01_MRI/GroupTempl/T1w/T_template0.nii.gz
  moving image: /home/mpib/nemecz/Projects/miniTRK/Results/01_MRI/GroupTempl/T1w/T_template0sub-982595_T1wRepaired.nii.gz
  fixed image: /home/mpib/nemecz/Projects/miniTRK/Results/01_MRI/GroupTempl/T1w/T_template0.nii.gz
  moving image: /home/mpib/nemecz/Projects/miniTRK/Results/01_MRI/GroupTempl/T1w/T_template0sub-982595_T1wRepaired.nii.gz
  fixed image: /home/mpib/nemecz/Projects/miniTRK/Results/01_MRI/GroupTempl/T1w/T_template0.nii.gz
  moving image: /home/mpib/nemecz/Projects/miniTRK/Results/01_MRI/GroupTempl/T1w/T_template0sub-982595_T1wRepaired.nii.gz
Dimension = 3
Number of stages = 3
Use Histogram Matching true
Winsorize image intensities true
Lower quantile = 0.01
Upper quantile = 0.99
Stage 1 State
   Image metric = Mattes
     Fixed image = Image (0x55f907f52ad0)
  RTTI typeinfo:   itk::Image<float, 3u>
  Reference Count: 2
  Modified Time: 1721
  Debug: Off
  Object Name: 
  Observers: 
    none
  Source: (none)
  Source output name: (none)
  Release Data: Off
  Data Released: False
  Global Release Data: Off
  PipelineMTime: 0
  UpdateMTime: 1506
  RealTimeStamp: 0 seconds 
  LargestPossibleRegion: 
    Dimension: 3
    Index: [0, 0, 0]
    Size: [192, 256, 256]
  BufferedRegion: 
    Dimension: 3
    Index: [0, 0, 0]
    Size: [192, 256, 256]
  RequestedRegion: 
    Dimension: 3
    Index: [0, 0, 0]
    Size: [192, 256, 256]
  Spacing: [1, 1, 1]
  Origin: [95.0313, 100.538, -154.123]
  Direction: 
-0.999853 -0.014134 -0.00966312
0.014129 -0.9999 0.000586045
-0.00967044 0.000449429 0.999953

  IndexToPointMatrix: 
-0.999853 -0.014134 -0.00966312
0.014129 -0.9999 0.000586045
-0.00967044 0.000449429 0.999953

  PointToIndexMatrix: 
-0.999853 0.014129 -0.00967044
-0.014134 -0.9999 0.000449429
-0.00966312 0.000586045 0.999953

  Inverse Direction: 
-0.999853 0.014129 -0.00967044
-0.014134 -0.9999 0.000449429
-0.00966312 0.000586045 0.999953

  PixelContainer: 
    ImportImageContainer (0x55f907f5ac80)
      RTTI typeinfo:   itk::ImportImageContainer<unsigned long, float>
      Reference Count: 1
      Modified Time: 1503
      Debug: Off
      Object Name: 
      Observers: 
        none
      Pointer: 0x7f3400816010
      Container manages memory: true
      Size: 12582912
      Capacity: 12582912

     Moving image = Image (0x55f907f53bc0)
  RTTI typeinfo:   itk::Image<float, 3u>
  Reference Count: 2
  Modified Time: 1722
  Debug: Off
  Object Name: 
  Observers: 
    none
  Source: (none)
  Source output name: (none)
  Release Data: Off
  Data Released: False
  Global Release Data: Off
  PipelineMTime: 0
  UpdateMTime: 1719
  RealTimeStamp: 0 seconds 
  LargestPossibleRegion: 
    Dimension: 3
    Index: [0, 0, 0]
    Size: [192, 256, 256]
  BufferedRegion: 
    Dimension: 3
    Index: [0, 0, 0]
    Size: [192, 256, 256]
  RequestedRegion: 
    Dimension: 3
    Index: [0, 0, 0]
    Size: [192, 256, 256]
  Spacing: [1, 1, 1]
  Origin: [95.672, 106.877, -136.802]
  Direction: 
-0.99985 0.00517974 -0.0165267
-0.00436602 -0.998794 -0.0488987
-0.0167601 -0.0488192 0.998667

  IndexToPointMatrix: 
-0.99985 0.00517974 -0.0165267
-0.00436602 -0.998794 -0.0488987
-0.0167601 -0.0488192 0.998667

  PointToIndexMatrix: 
-0.99985 -0.00436602 -0.0167601
0.00517974 -0.998794 -0.0488192
-0.0165267 -0.0488987 0.998667

  Inverse Direction: 
-0.99985 -0.00436602 -0.0167601
0.00517974 -0.998794 -0.0488192
-0.0165267 -0.0488987 0.998667

  PixelContainer: 
    ImportImageContainer (0x55f907f5f100)
      RTTI typeinfo:   itk::ImportImageContainer<unsigned long, float>
      Reference Count: 1
      Modified Time: 1716
      Debug: Off
      Object Name: 
      Observers: 
        none
      Pointer: 0x7f33fd815010
      Container manages memory: true
      Size: 12582912
      Capacity: 12582912

     Weighting = 1
     Sampling strategy = regular
     Number of bins = 32
     Radius = 4
     Sampling percentage  = 0.25
   Transform = Rigid
     Gradient step = 0.1
     Update field sigma (voxel space) = 0
     Total field sigma (voxel space) = 0
     Update field time sigma = 0
     Total field time sigma  = 0
     Number of time indices = 0
     Number of time point samples = 0
Stage 2 State
   Image metric = Mattes
     Fixed image = Image (0x55f907f6b870)
  RTTI typeinfo:   itk::Image<float, 3u>
  Reference Count: 2
  Modified Time: 2149
  Debug: Off
  Object Name: 
  Observers: 
    none
  Source: (none)
  Source output name: (none)
  Release Data: Off
  Data Released: False
  Global Release Data: Off
  PipelineMTime: 0
  UpdateMTime: 1934
  RealTimeStamp: 0 seconds 
  LargestPossibleRegion: 
    Dimension: 3
    Index: [0, 0, 0]
    Size: [192, 256, 256]
  BufferedRegion: 
    Dimension: 3
    Index: [0, 0, 0]
    Size: [192, 256, 256]
  RequestedRegion: 
    Dimension: 3
    Index: [0, 0, 0]
    Size: [192, 256, 256]
  Spacing: [1, 1, 1]
  Origin: [95.0313, 100.538, -154.123]
  Direction: 
-0.999853 -0.014134 -0.00966312
0.014129 -0.9999 0.000586045
-0.00967044 0.000449429 0.999953

  IndexToPointMatrix: 
-0.999853 -0.014134 -0.00966312
0.014129 -0.9999 0.000586045
-0.00967044 0.000449429 0.999953

  PointToIndexMatrix: 
-0.999853 0.014129 -0.00967044
-0.014134 -0.9999 0.000449429
-0.00966312 0.000586045 0.999953

  Inverse Direction: 
-0.999853 0.014129 -0.00967044
-0.014134 -0.9999 0.000449429
-0.00966312 0.000586045 0.999953

  PixelContainer: 
    ImportImageContainer (0x55f907f566d0)
      RTTI typeinfo:   itk::ImportImageContainer<unsigned long, float>
      Reference Count: 1
      Modified Time: 1931
      Debug: Off
      Object Name: 
      Observers: 
        none
      Pointer: 0x7f33fa814010
      Container manages memory: true
      Size: 12582912
      Capacity: 12582912

     Moving image = Image (0x55f907f6b4c0)
  RTTI typeinfo:   itk::Image<float, 3u>
  Reference Count: 2
  Modified Time: 2150
  Debug: Off
  Object Name: 
  Observers: 
    none
  Source: (none)
  Source output name: (none)
  Release Data: Off
  Data Released: False
  Global Release Data: Off
  PipelineMTime: 0
  UpdateMTime: 2147
  RealTimeStamp: 0 seconds 
  LargestPossibleRegion: 
    Dimension: 3
    Index: [0, 0, 0]
    Size: [192, 256, 256]
  BufferedRegion: 
    Dimension: 3
    Index: [0, 0, 0]
    Size: [192, 256, 256]
  RequestedRegion: 
    Dimension: 3
    Index: [0, 0, 0]
    Size: [192, 256, 256]
  Spacing: [1, 1, 1]
  Origin: [95.672, 106.877, -136.802]
  Direction: 
-0.99985 0.00517974 -0.0165267
-0.00436602 -0.998794 -0.0488987
-0.0167601 -0.0488192 0.998667

  IndexToPointMatrix: 
-0.99985 0.00517974 -0.0165267
-0.00436602 -0.998794 -0.0488987
-0.0167601 -0.0488192 0.998667

  PointToIndexMatrix: 
-0.99985 -0.00436602 -0.0167601
0.00517974 -0.998794 -0.0488192
-0.0165267 -0.0488987 0.998667

  Inverse Direction: 
-0.99985 -0.00436602 -0.0167601
0.00517974 -0.998794 -0.0488192
-0.0165267 -0.0488987 0.998667

  PixelContainer: 
    ImportImageContainer (0x55f907f6c8c0)
      RTTI typeinfo:   itk::ImportImageContainer<unsigned long, float>
      Reference Count: 1
      Modified Time: 2144
      Debug: Off
      Object Name: 
      Observers: 
        none
      Pointer: 0x7f33f7813010
      Container manages memory: true
      Size: 12582912
      Capacity: 12582912

     Weighting = 1
     Sampling strategy = regular
     Number of bins = 32
     Radius = 4
     Sampling percentage  = 0.25
   Transform = Affine
     Gradient step = 0.1
     Update field sigma (voxel space) = 0
     Total field sigma (voxel space) = 0
     Update field time sigma = 0
     Total field time sigma  = 0
     Number of time indices = 0
     Number of time point samples = 0
Stage 3 State
   Image metric = CC
     Fixed image = Image (0x55f907f72960)
  RTTI typeinfo:   itk::Image<float, 3u>
  Reference Count: 2
  Modified Time: 2577
  Debug: Off
  Object Name: 
  Observers: 
    none
  Source: (none)
  Source output name: (none)
  Release Data: Off
  Data Released: False
  Global Release Data: Off
  PipelineMTime: 0
  UpdateMTime: 2362
  RealTimeStamp: 0 seconds 
  LargestPossibleRegion: 
    Dimension: 3
    Index: [0, 0, 0]
    Size: [192, 256, 256]
  BufferedRegion: 
    Dimension: 3
    Index: [0, 0, 0]
    Size: [192, 256, 256]
  RequestedRegion: 
    Dimension: 3
    Index: [0, 0, 0]
    Size: [192, 256, 256]
  Spacing: [1, 1, 1]
  Origin: [95.0313, 100.538, -154.123]
  Direction: 
-0.999853 -0.014134 -0.00966312
0.014129 -0.9999 0.000586045
-0.00967044 0.000449429 0.999953

  IndexToPointMatrix: 
-0.999853 -0.014134 -0.00966312
0.014129 -0.9999 0.000586045
-0.00967044 0.000449429 0.999953

  PointToIndexMatrix: 
-0.999853 0.014129 -0.00967044
-0.014134 -0.9999 0.000449429
-0.00966312 0.000586045 0.999953

  Inverse Direction: 
-0.999853 0.014129 -0.00967044
-0.014134 -0.9999 0.000449429
-0.00966312 0.000586045 0.999953

  PixelContainer: 
    ImportImageContainer (0x55f907f53660)
      RTTI typeinfo:   itk::ImportImageContainer<unsigned long, float>
      Reference Count: 1
      Modified Time: 2359
      Debug: Off
      Object Name: 
      Observers: 
        none
      Pointer: 0x7f33f4812010
      Container manages memory: true
      Size: 12582912
      Capacity: 12582912

     Moving image = Image (0x55f907f74840)
  RTTI typeinfo:   itk::Image<float, 3u>
  Reference Count: 2
  Modified Time: 2578
  Debug: Off
  Object Name: 
  Observers: 
    none
  Source: (none)
  Source output name: (none)
  Release Data: Off
  Data Released: False
  Global Release Data: Off
  PipelineMTime: 0
  UpdateMTime: 2575
  RealTimeStamp: 0 seconds 
  LargestPossibleRegion: 
    Dimension: 3
    Index: [0, 0, 0]
    Size: [192, 256, 256]
  BufferedRegion: 
    Dimension: 3
    Index: [0, 0, 0]
    Size: [192, 256, 256]
  RequestedRegion: 
    Dimension: 3
    Index: [0, 0, 0]
    Size: [192, 256, 256]
  Spacing: [1, 1, 1]
  Origin: [95.672, 106.877, -136.802]
  Direction: 
-0.99985 0.00517974 -0.0165267
-0.00436602 -0.998794 -0.0488987
-0.0167601 -0.0488192 0.998667

  IndexToPointMatrix: 
-0.99985 0.00517974 -0.0165267
-0.00436602 -0.998794 -0.0488987
-0.0167601 -0.0488192 0.998667

  PointToIndexMatrix: 
-0.99985 -0.00436602 -0.0167601
0.00517974 -0.998794 -0.0488192
-0.0165267 -0.0488987 0.998667

  Inverse Direction: 
-0.99985 -0.00436602 -0.0167601
0.00517974 -0.998794 -0.0488192
-0.0165267 -0.0488987 0.998667

  PixelContainer: 
    ImportImageContainer (0x55f907f71660)
      RTTI typeinfo:   itk::ImportImageContainer<unsigned long, float>
      Reference Count: 1
      Modified Time: 2572
      Debug: Off
      Object Name: 
      Observers: 
        none
      Pointer: 0x7f33f1811010
      Container manages memory: true
      Size: 12582912
      Capacity: 12582912

     Weighting = 1
     Sampling strategy = none
     Number of bins = 32
     Radius = 4
     Sampling percentage  = 1
   Transform = SyN
     Gradient step = 0.1
     Update field sigma (voxel space) = 3
     Total field sigma (voxel space) = 0
     Update field time sigma = 0
     Total field time sigma  = 0
     Number of time indices = 0
     Number of time point samples = 0
Registration using 3 total stages.

Stage 0
  iterations = 1000x500x250x0
  convergence threshold = 1e-06
  convergence window size = 10
  number of levels = 4
  using the Mattes MI metric (number of bins = 32, weight = 1)
  preprocessing:  winsorizing the image intensities
  preprocessing:  histogram matching the images
  Shrink factors (level 1 out of 4): [6, 6, 6]
  Shrink factors (level 2 out of 4): [4, 4, 4]
  Shrink factors (level 3 out of 4): [2, 2, 2]
  Shrink factors (level 4 out of 4): [1, 1, 1]
  smoothing sigmas per level: [4, 2, 1, 0]
  regular sampling (percentage = 0.25)

*** Running Euler3DTransform registration ***

DIAGNOSTIC,Iteration,metricValue,convergenceValue,ITERATION_TIME_INDEX,SINCE_LAST
 2DIAGNOSTIC,     1, -8.016757369041e-01, inf, 5.9350e-01, 5.9350e-01, 
 2DIAGNOSTIC,     2, -8.031713962555e-01, inf, 6.0424e-01, 1.0740e-02, 
 2DIAGNOSTIC,     3, -8.053749799728e-01, inf, 6.1407e-01, 9.8250e-03, 
 2DIAGNOSTIC,     4, -8.082975149155e-01, inf, 6.2429e-01, 1.0219e-02, 
 2DIAGNOSTIC,     5, -8.121470808983e-01, inf, 6.3497e-01, 1.0683e-02, 
 2DIAGNOSTIC,     6, -8.159494400024e-01, inf, 6.4556e-01, 1.0586e-02, 
 2DIAGNOSTIC,     7, -8.190921545029e-01, inf, 6.5566e-01, 1.0102e-02, 
 2DIAGNOSTIC,     8, -8.226127028465e-01, inf, 6.6546e-01, 9.8040e-03, 
 2DIAGNOSTIC,     9, -8.266742825508e-01, inf, 6.7712e-01, 1.1664e-02, 
 2DIAGNOSTIC,    10, -8.277494311333e-01, 2.250140998513e-03, 6.9051e-01, 1.3383e-02, 
 2DIAGNOSTIC,    11, -8.281347751617e-01, 1.993055921048e-03, 7.0011e-01, 9.5990e-03, 
 2DIAGNOSTIC,    12, -8.299746513367e-01, 1.698283478618e-03, 7.1040e-01, 1.0290e-02, 
 2DIAGNOSTIC,    13, -8.305855393410e-01, 1.369328005239e-03, 7.1960e-01, 9.2030e-03, 
 2DIAGNOSTIC,    14, -8.312052488327e-01, 1.049628248438e-03, 7.3008e-01, 1.0483e-02, 
 2DIAGNOSTIC,    15, -8.329253792763e-01, 8.056180085987e-04, 7.4415e-01, 1.4063e-02, 
 2DIAGNOSTIC,    16, -8.335955142975e-01, 6.150907138363e-04, 7.5304e-01, 8.8911e-03, 
 2DIAGNOSTIC,    17, -8.344650864601e-01, 4.713925300166e-04, 7.6280e-01, 9.7601e-03, 
 2DIAGNOSTIC,    18, -8.345481157303e-01, 3.677471249830e-04, 7.7235e-01, 9.5520e-03, 
 2DIAGNOSTIC,    19, -8.345518708229e-01, 3.152582503390e-04, 7.8071e-01, 8.3640e-03, 
 2DIAGNOSTIC,    20, -8.345015048981e-01, 2.567003539298e-04, 7.9056e-01, 9.8419e-03, 
 2DIAGNOSTIC,    21, -8.345393538475e-01, 1.861154887592e-04, 7.9904e-01, 8.4832e-03, 
 2DIAGNOSTIC,    22, -8.345155715942e-01, 1.332448300673e-04, 8.1002e-01, 1.0979e-02, 
 2DIAGNOSTIC,    23, -8.345190286636e-01, 8.204903861042e-05, 8.1962e-01, 9.6030e-03, 
 2DIAGNOSTIC,    24, -8.344896435738e-01, 3.569480759325e-05, 8.2799e-01, 8.3711e-03, 
 2DIAGNOSTIC,    25, -8.344312906265e-01, 1.266187609872e-05, 8.3751e-01, 9.5181e-03, 
DIAGNOSTIC,Iteration,metricValue,convergenceValue,ITERATION_TIME_INDEX,SINCE_LAST
 2DIAGNOSTIC,     1, -6.367273926735e-01, inf, 1.3496e+00, 5.1214e-01, 
 2DIAGNOSTIC,     2, -6.373633146286e-01, inf, 1.3870e+00, 3.7346e-02, 
 2DIAGNOSTIC,     3, -6.381409764290e-01, inf, 1.4226e+00, 3.5582e-02, 
 2DIAGNOSTIC,     4, -6.389312744141e-01, inf, 1.4564e+00, 3.3876e-02, 
 2DIAGNOSTIC,     5, -6.398051381111e-01, inf, 1.4906e+00, 3.4109e-02, 
 2DIAGNOSTIC,     6, -6.403512358665e-01, inf, 1.5238e+00, 3.3230e-02, 
 2DIAGNOSTIC,     7, -6.410803794861e-01, inf, 1.5566e+00, 3.2844e-02, 
 2DIAGNOSTIC,     8, -6.413971781731e-01, inf, 1.5940e+00, 3.7367e-02, 
 2DIAGNOSTIC,     9, -6.422907710075e-01, inf, 1.6533e+00, 5.9313e-02, 
 2DIAGNOSTIC,    10, -6.423096656799e-01, 5.924699362367e-04, 1.6905e+00, 3.7149e-02, 
 2DIAGNOSTIC,    11, -6.422945261002e-01, 4.790441889782e-04, 1.7275e+00, 3.7075e-02, 
 2DIAGNOSTIC,    12, -6.423031687737e-01, 3.657890483737e-04, 1.7740e+00, 4.6417e-02, 
 2DIAGNOSTIC,    13, -6.423019766808e-01, 2.632323303260e-04, 1.8108e+00, 3.6853e-02, 
 2DIAGNOSTIC,    14, -6.423001885414e-01, 1.759463048074e-04, 1.8485e+00, 3.7663e-02, 
 2DIAGNOSTIC,    15, -6.422857046127e-01, 1.097401400330e-04, 1.8802e+00, 3.1764e-02, 
 2DIAGNOSTIC,    16, -6.422915458679e-01, 5.720820263377e-05, 1.9161e+00, 3.5828e-02, 
 2DIAGNOSTIC,    17, -6.422777771950e-01, 2.449060411891e-05, 1.9524e+00, 3.6294e-02, 
DIAGNOSTIC,Iteration,metricValue,convergenceValue,ITERATION_TIME_INDEX,SINCE_LAST
 2DIAGNOSTIC,     1, -5.583483576775e-01, inf, 2.8938e+00, 9.4147e-01, 
 2DIAGNOSTIC,     2, -5.588713884354e-01, inf, 3.1299e+00, 2.3607e-01, 
 2DIAGNOSTIC,     3, -5.595768690109e-01, inf, 3.3719e+00, 2.4201e-01, 
 2DIAGNOSTIC,     4, -5.602266192436e-01, inf, 3.6153e+00, 2.4341e-01, 
 2DIAGNOSTIC,     5, -5.606786012650e-01, inf, 3.8545e+00, 2.3919e-01, 
 2DIAGNOSTIC,     6, -5.609696507454e-01, inf, 4.0948e+00, 2.4033e-01, 
 2DIAGNOSTIC,     7, -5.610791444778e-01, inf, 4.5328e+00, 4.3802e-01, 
 2DIAGNOSTIC,     8, -5.610795617104e-01, inf, 4.8414e+00, 3.0858e-01, 
 2DIAGNOSTIC,     9, -5.610793232918e-01, inf, 5.1860e+00, 3.4454e-01, 
 2DIAGNOSTIC,    10, -5.610787272453e-01, 3.156659076922e-04, 5.4640e+00, 2.7806e-01, 
 2DIAGNOSTIC,    11, -5.610781908035e-01, 2.022074040724e-04, 5.8048e+00, 3.4076e-01, 
 2DIAGNOSTIC,    12, -5.610780715942e-01, 1.115734412451e-04, 6.1142e+00, 3.0938e-01, 
 2DIAGNOSTIC,    13, -5.610777735710e-01, 5.222533218330e-05, 6.4197e+00, 3.0556e-01, 
 2DIAGNOSTIC,    14, -5.610778927803e-01, 2.010235402850e-05, 6.7623e+00, 3.4255e-01, 
 2DIAGNOSTIC,    15, -5.610778331757e-01, 5.677141871274e-06, 7.1388e+00, 3.7649e-01, 
 2DIAGNOSTIC,    16, -5.610779523849e-01, 1.857670440586e-06, 7.4223e+00, 2.8354e-01, 
 2DIAGNOSTIC,    17, -5.610778927803e-01, 1.762880174283e-06, 7.6997e+00, 2.7733e-01, 
 2DIAGNOSTIC,    18, -5.610778331757e-01, 1.698793539617e-06, 7.9754e+00, 2.7579e-01, 
 2DIAGNOSTIC,    19, -5.610776543617e-01, 1.637085347284e-06, 8.2514e+00, 2.7594e-01, 
 2DIAGNOSTIC,    20, -5.610776543617e-01, 1.570328436173e-06, 8.5239e+00, 2.7248e-01, 
 2DIAGNOSTIC,    21, -5.610777139664e-01, 1.500335201854e-06, 8.7998e+00, 2.7590e-01, 
 2DIAGNOSTIC,    22, -5.610777139664e-01, 1.435521880921e-06, 9.0714e+00, 2.7162e-01, 
 2DIAGNOSTIC,    23, -5.610777139664e-01, 1.370846803184e-06, 9.3428e+00, 2.7144e-01, 
 2DIAGNOSTIC,    24, -5.610775351524e-01, 1.311661890213e-06, 9.6190e+00, 2.7619e-01, 
 2DIAGNOSTIC,    25, -5.610775351524e-01, 1.257378471564e-06, 9.8898e+00, 2.7077e-01, 
 2DIAGNOSTIC,    26, -5.610777139664e-01, 1.214461917698e-06, 1.0162e+01, 2.7253e-01, 
 2DIAGNOSTIC,    27, -5.610776543617e-01, 1.173234068119e-06, 1.0434e+01, 2.7208e-01, 
 2DIAGNOSTIC,    28, -5.610775351524e-01, 1.132429019890e-06, 1.0710e+01, 2.7536e-01, 
 2DIAGNOSTIC,    29, -5.610775947571e-01, 1.092916249945e-06, 1.0989e+01, 2.7944e-01, 
 2DIAGNOSTIC,    30, -5.610775947571e-01, 1.056366272678e-06, 1.1269e+01, 2.7985e-01, 
 2DIAGNOSTIC,    31, -5.610775351524e-01, 1.022483843371e-06, 1.1547e+01, 2.7816e-01, 
DIAGNOSTIC,Iteration,metricValue,convergenceValue,ITERATION_TIME_INDEX,SINCE_LAST
 2DIAGNOSTIC,     1, -5.067694783211e-01, inf, 1.4107e+01, 2.5602e+00, 
  Elapsed time (stage 0): 1.5411e+01


Stage 1
  iterations = 1000x500x250x0
  convergence threshold = 1.0000e-06
  convergence window size = 10
  number of levels = 4
  using the Mattes MI metric (number of bins = 32, weight = 1.0000e+00)
  preprocessing:  winsorizing the image intensities
  preprocessing:  histogram matching the images
  Shrink factors (level 1 out of 4): [6, 6, 6]
  Shrink factors (level 2 out of 4): [4, 4, 4]
  Shrink factors (level 3 out of 4): [2, 2, 2]
  Shrink factors (level 4 out of 4): [1, 1, 1]
  smoothing sigmas per level: [4, 2, 1, 0]
  regular sampling (percentage = 2.5000e-01)

*** Running AffineTransform registration ***

DIAGNOSTIC,Iteration,metricValue,convergenceValue,ITERATION_TIME_INDEX,SINCE_LAST
 2DIAGNOSTIC,     1, -8.211696147919e-01, inf, 5.8743e-01, 5.8743e-01, 
 2DIAGNOSTIC,     2, -8.245438337326e-01, inf, 5.9843e-01, 1.1005e-02, 
 2DIAGNOSTIC,     3, -8.304220438004e-01, inf, 6.1040e-01, 1.1966e-02, 
 2DIAGNOSTIC,     4, -8.403638005257e-01, inf, 6.2198e-01, 1.1583e-02, 
 2DIAGNOSTIC,     5, -8.569718003273e-01, inf, 6.3355e-01, 1.1570e-02, 
 2DIAGNOSTIC,     6, -8.833702206612e-01, inf, 6.4452e-01, 1.0966e-02, 
 2DIAGNOSTIC,     7, -9.250378012657e-01, inf, 6.5489e-01, 1.0374e-02, 
 2DIAGNOSTIC,     8, -9.809703826904e-01, inf, 6.6627e-01, 1.1372e-02, 
 2DIAGNOSTIC,     9, -9.971280097961e-01, inf, 6.7811e-01, 1.1845e-02, 
 2DIAGNOSTIC,    10, -1.010979533195e+00, 1.553253177553e-02, 6.8815e-01, 1.0041e-02, 
 2DIAGNOSTIC,    11, -1.023659348488e+00, 1.512220967561e-02, 6.9995e-01, 1.1801e-02, 
 2DIAGNOSTIC,    12, -1.045509696007e+00, 1.405077427626e-02, 7.1149e-01, 1.1540e-02, 
 2DIAGNOSTIC,    13, -1.049275875092e+00, 1.210755668581e-02, 7.2256e-01, 1.1063e-02, 
 2DIAGNOSTIC,    14, -1.051113486290e+00, 9.646238759160e-03, 7.3329e-01, 1.0731e-02, 
 2DIAGNOSTIC,    15, -1.052610278130e+00, 7.051222957671e-03, 7.4376e-01, 1.0471e-02, 
 2DIAGNOSTIC,    16, -1.054205179214e+00, 4.683493636549e-03, 7.5432e-01, 1.0564e-02, 
 2DIAGNOSTIC,    17, -1.055105924606e+00, 2.907617716119e-03, 7.6502e-01, 1.0697e-02, 
 2DIAGNOSTIC,    18, -1.055751800537e+00, 2.003370085731e-03, 7.7612e-01, 1.1100e-02, 
 2DIAGNOSTIC,    19, -1.057278752327e+00, 1.292338245548e-03, 7.8580e-01, 9.6860e-03, 
 2DIAGNOSTIC,    20, -1.058098673820e+00, 7.518094498664e-04, 7.9735e-01, 1.1544e-02, 
 2DIAGNOSTIC,    21, -1.058168888092e+00, 3.658432688098e-04, 8.0728e-01, 9.9330e-03, 
 2DIAGNOSTIC,    22, -1.058322906494e+00, 2.728083927650e-04, 8.1739e-01, 1.0105e-02, 
 2DIAGNOSTIC,    23, -1.058436512947e+00, 2.116245450452e-04, 8.3282e-01, 1.5429e-02, 
 2DIAGNOSTIC,    24, -1.058451056480e+00, 1.579856470926e-04, 8.4301e-01, 1.0197e-02, 
 2DIAGNOSTIC,    25, -1.058534026146e+00, 1.119335720432e-04, 8.5342e-01, 1.0405e-02, 
 2DIAGNOSTIC,    26, -1.058599472046e+00, 7.757572893752e-05, 8.6362e-01, 1.0202e-02, 
 2DIAGNOSTIC,    27, -1.058649063110e+00, 4.890284253634e-05, 8.7390e-01, 1.0284e-02, 
 2DIAGNOSTIC,    28, -1.058736562729e+00, 2.502607276256e-05, 8.8551e-01, 1.1610e-02, 
 2DIAGNOSTIC,    29, -1.058785200119e+00, 1.587348560861e-05, 8.9842e-01, 1.2902e-02, 
 2DIAGNOSTIC,    30, -1.058817744255e+00, 1.404180238751e-05, 9.1127e-01, 1.2850e-02, 
 2DIAGNOSTIC,    31, -1.058826923370e+00, 1.180855997518e-05, 9.2163e-01, 1.0361e-02, 
 2DIAGNOSTIC,    32, -1.058876752853e+00, 1.048854028340e-05, 9.3208e-01, 1.0450e-02, 
 2DIAGNOSTIC,    33, -1.058938264847e+00, 9.847601177171e-06, 9.4376e-01, 1.1684e-02, 
 2DIAGNOSTIC,    34, -1.058958053589e+00, 8.667940164742e-06, 9.5509e-01, 1.1331e-02, 
 2DIAGNOSTIC,    35, -1.058994293213e+00, 7.790961717546e-06, 9.6634e-01, 1.1251e-02, 
 2DIAGNOSTIC,    36, -1.059002637863e+00, 6.892815690662e-06, 9.7738e-01, 1.1034e-02, 
 2DIAGNOSTIC,    37, -1.059003591537e+00, 5.846560270584e-06, 9.8865e-01, 1.1274e-02, 
 2DIAGNOSTIC,    38, -1.059003710747e+00, 5.022487584938e-06, 9.9990e-01, 1.1246e-02, 
 2DIAGNOSTIC,    39, -1.059003114700e+00, 4.188409093331e-06, 1.0111e+00, 1.1187e-02, 
 2DIAGNOSTIC,    40, -1.059003710747e+00, 3.316148195154e-06, 1.0233e+00, 1.2260e-02, 
 2DIAGNOSTIC,    41, -1.059003710747e+00, 2.309054252692e-06, 1.0346e+00, 1.1252e-02, 
 2DIAGNOSTIC,    42, -1.059003353119e+00, 1.530841359454e-06, 1.0458e+00, 1.1228e-02, 
 2DIAGNOSTIC,    43, -1.059004187584e+00, 1.123764150179e-06, 1.0572e+00, 1.1416e-02, 
DIAGNOSTIC,Iteration,metricValue,convergenceValue,ITERATION_TIME_INDEX,SINCE_LAST
 2DIAGNOSTIC,     1, -8.017725944519e-01, inf, 1.5692e+00, 5.1199e-01, 
 2DIAGNOSTIC,     2, -8.028310537338e-01, inf, 1.6061e+00, 3.6826e-02, 
 2DIAGNOSTIC,     3, -8.039011359215e-01, inf, 1.6403e+00, 3.4279e-02, 
 2DIAGNOSTIC,     4, -8.047502636909e-01, inf, 1.6747e+00, 3.4419e-02, 
 2DIAGNOSTIC,     5, -8.053333759308e-01, inf, 1.7084e+00, 3.3619e-02, 
 2DIAGNOSTIC,     6, -8.058316707611e-01, inf, 1.7436e+00, 3.5224e-02, 
 2DIAGNOSTIC,     7, -8.063057661057e-01, inf, 1.7803e+00, 3.6706e-02, 
 2DIAGNOSTIC,     8, -8.067259788513e-01, inf, 1.8348e+00, 5.4455e-02, 
 2DIAGNOSTIC,     9, -8.068062663078e-01, inf, 1.8688e+00, 3.4054e-02, 
 2DIAGNOSTIC,    10, -8.068354129791e-01, 4.030511190649e-04, 1.9034e+00, 3.4638e-02, 
 2DIAGNOSTIC,    11, -8.068740963936e-01, 2.845521376003e-04, 1.9408e+00, 3.7364e-02, 
 2DIAGNOSTIC,    12, -8.068940043449e-01, 1.916574547067e-04, 1.9864e+00, 4.5603e-02, 
 2DIAGNOSTIC,    13, -8.069141507149e-01, 1.251168141607e-04, 2.0195e+00, 3.3052e-02, 
 2DIAGNOSTIC,    14, -8.069305419922e-01, 7.862261554692e-05, 2.0583e+00, 3.8861e-02, 
 2DIAGNOSTIC,    15, -8.069393038750e-01, 4.522623567027e-05, 2.1162e+00, 5.7900e-02, 
 2DIAGNOSTIC,    16, -8.069397211075e-01, 2.288048199262e-05, 2.1510e+00, 3.4798e-02, 
 2DIAGNOSTIC,    17, -8.069427609444e-01, 1.091871490644e-05, 2.1848e+00, 3.3751e-02, 
 2DIAGNOSTIC,    18, -8.069469928741e-01, 7.733902748441e-06, 2.2190e+00, 3.4265e-02, 
 2DIAGNOSTIC,    19, -8.069512248039e-01, 5.891289674764e-06, 2.2530e+00, 3.3916e-02, 
 2DIAGNOSTIC,    20, -8.069553375244e-01, 4.414253453433e-06, 2.2869e+00, 3.3973e-02, 
 2DIAGNOSTIC,    21, -8.069629073143e-01, 3.589916786950e-06, 2.3207e+00, 3.3786e-02, 
 2DIAGNOSTIC,    22, -8.069731593132e-01, 3.123871692878e-06, 2.3544e+00, 3.3653e-02, 
 2DIAGNOSTIC,    23, -8.069904446602e-01, 3.106244548690e-06, 2.3880e+00, 3.3603e-02, 
 2DIAGNOSTIC,    24, -8.070098757744e-01, 3.446848040767e-06, 2.4368e+00, 4.8810e-02, 
 2DIAGNOSTIC,    25, -8.070153594017e-01, 3.759146238735e-06, 2.4772e+00, 4.0393e-02, 
 2DIAGNOSTIC,    26, -8.070192933083e-01, 3.875476522808e-06, 2.5153e+00, 3.8162e-02, 
 2DIAGNOSTIC,    27, -8.070231676102e-01, 3.823771749012e-06, 2.5530e+00, 3.7626e-02, 
 2DIAGNOSTIC,    28, -8.070263862610e-01, 3.616026788222e-06, 2.5904e+00, 3.7396e-02, 
 2DIAGNOSTIC,    29, -8.070299625397e-01, 3.280325245214e-06, 2.6283e+00, 3.7934e-02, 
 2DIAGNOSTIC,    30, -8.070324659348e-01, 2.838486125256e-06, 2.6661e+00, 3.7782e-02, 
 2DIAGNOSTIC,    31, -8.070361614227e-01, 2.386772166574e-06, 2.7049e+00, 3.8868e-02, 
 2DIAGNOSTIC,    32, -8.070390224457e-01, 1.975787654374e-06, 2.7430e+00, 3.8109e-02, 
 2DIAGNOSTIC,    33, -8.070420622826e-01, 1.708358581709e-06, 2.7802e+00, 3.7163e-02, 
 2DIAGNOSTIC,    34, -8.070430755615e-01, 1.596737661202e-06, 2.8136e+00, 3.3373e-02, 
 2DIAGNOSTIC,    35, -8.070451617241e-01, 1.504674969510e-06, 2.8540e+00, 4.0409e-02, 
 2DIAGNOSTIC,    36, -8.070477247238e-01, 1.423809180778e-06, 2.8927e+00, 3.8734e-02, 
 2DIAGNOSTIC,    37, -8.070508837700e-01, 1.361873387395e-06, 2.9284e+00, 3.5700e-02, 
 2DIAGNOSTIC,    38, -8.070544600487e-01, 1.317487090091e-06, 2.9735e+00, 4.5057e-02, 
 2DIAGNOSTIC,    39, -8.070565462112e-01, 1.280457922803e-06, 3.0081e+00, 3.4615e-02, 
 2DIAGNOSTIC,    40, -8.070597648621e-01, 1.251099206456e-06, 3.0453e+00, 3.7163e-02, 
 2DIAGNOSTIC,    41, -8.070606589317e-01, 1.218304987560e-06, 3.0826e+00, 3.7299e-02, 
 2DIAGNOSTIC,    42, -8.070639371872e-01, 1.195792378894e-06, 3.1238e+00, 4.1245e-02, 
 2DIAGNOSTIC,    43, -8.070653080940e-01, 1.168036646959e-06, 3.1610e+00, 3.7227e-02, 
 2DIAGNOSTIC,    44, -8.070673346519e-01, 1.124805180552e-06, 3.1981e+00, 3.7036e-02, 
 2DIAGNOSTIC,    45, -8.070686459541e-01, 1.071468545888e-06, 3.2320e+00, 3.3920e-02, 
 2DIAGNOSTIC,    46, -8.070708513260e-01, 1.021796606437e-06, 3.2787e+00, 4.6737e-02, 
DIAGNOSTIC,Iteration,metricValue,convergenceValue,ITERATION_TIME_INDEX,SINCE_LAST
 2DIAGNOSTIC,     1, -6.946210861206e-01, inf, 4.2819e+00, 1.0032e+00, 
 2DIAGNOSTIC,     2, -6.952118277550e-01, inf, 4.5686e+00, 2.8673e-01, 
 2DIAGNOSTIC,     3, -6.958337426186e-01, inf, 4.8479e+00, 2.7928e-01, 
 2DIAGNOSTIC,     4, -6.964423656464e-01, inf, 5.1368e+00, 2.8886e-01, 
 2DIAGNOSTIC,     5, -6.970366835594e-01, inf, 5.4199e+00, 2.8316e-01, 
 2DIAGNOSTIC,     6, -6.976637840271e-01, inf, 5.7050e+00, 2.8506e-01, 
 2DIAGNOSTIC,     7, -6.983715891838e-01, inf, 6.0218e+00, 3.1680e-01, 
 2DIAGNOSTIC,     8, -6.986460089684e-01, inf, 6.4387e+00, 4.1690e-01, 
 2DIAGNOSTIC,     9, -6.986941695213e-01, inf, 6.7167e+00, 2.7805e-01, 
 2DIAGNOSTIC,    10, -6.988050341606e-01, 4.192212072667e-04, 6.9981e+00, 2.8131e-01, 
 2DIAGNOSTIC,    11, -6.989117264748e-01, 3.269241424277e-04, 7.2753e+00, 2.7729e-01, 
 2DIAGNOSTIC,    12, -6.990196704865e-01, 2.441388642183e-04, 7.5530e+00, 2.7770e-01, 
 2DIAGNOSTIC,    13, -6.991059184074e-01, 1.742735621519e-04, 7.8310e+00, 2.7798e-01, 
 2DIAGNOSTIC,    14, -6.991389393806e-01, 1.174863573397e-04, 8.1772e+00, 3.4617e-01, 
 2DIAGNOSTIC,    15, -6.991460323334e-01, 7.394832937280e-05, 8.5251e+00, 3.4791e-01, 
 2DIAGNOSTIC,    16, -6.991472840309e-01, 4.483237353270e-05, 8.8391e+00, 3.1404e-01, 
 2DIAGNOSTIC,    17, -6.991503238678e-01, 3.205342727597e-05, 9.1639e+00, 3.2481e-01, 
 2DIAGNOSTIC,    18, -6.991513371468e-01, 2.413396941847e-05, 9.4841e+00, 3.2021e-01, 
 2DIAGNOSTIC,    19, -6.991541385651e-01, 1.604755925655e-05, 9.7953e+00, 3.1119e-01, 
 2DIAGNOSTIC,    20, -6.991538405418e-01, 9.673736713012e-06, 1.0074e+01, 2.7892e-01, 
 2DIAGNOSTIC,    21, -6.991592645645e-01, 5.298978521751e-06, 1.0389e+01, 3.1505e-01, 
 2DIAGNOSTIC,    22, -6.991586089134e-01, 2.914993046943e-06, 1.0700e+01, 3.1069e-01, 
 2DIAGNOSTIC,    23, -6.991603970528e-01, 2.145109192497e-06, 1.1052e+01, 3.5158e-01, 
 2DIAGNOSTIC,    24, -6.991597414017e-01, 1.914368112921e-06, 1.1372e+01, 3.2085e-01, 
 2DIAGNOSTIC,    25, -6.991600990295e-01, 1.768593165252e-06, 1.1692e+01, 3.1933e-01, 
 2DIAGNOSTIC,    26, -6.991609930992e-01, 1.619445356482e-06, 1.2008e+01, 3.1656e-01, 
 2DIAGNOSTIC,    27, -6.991611719131e-01, 1.491978650847e-06, 1.2318e+01, 3.0992e-01, 
 2DIAGNOSTIC,    28, -6.991609930992e-01, 1.356142774966e-06, 1.2624e+01, 3.0575e-01, 
 2DIAGNOSTIC,    29, -6.991618275642e-01, 1.261268266717e-06, 1.2976e+01, 3.5206e-01, 
 2DIAGNOSTIC,    30, -6.991620063782e-01, 1.153443918156e-06, 1.3325e+01, 3.4868e-01, 
 2DIAGNOSTIC,    31, -6.991621255875e-01, 1.116818339142e-06, 1.3599e+01, 2.7382e-01, 
 2DIAGNOSTIC,    32, -6.991618871689e-01, 1.062021965481e-06, 1.3941e+01, 3.4294e-01, 
 2DIAGNOSTIC,    33, -6.991625428200e-01, 1.034914248521e-06, 1.4259e+01, 3.1768e-01, 
DIAGNOSTIC,Iteration,metricValue,convergenceValue,ITERATION_TIME_INDEX,SINCE_LAST
 2DIAGNOSTIC,     1, -6.262981295586e-01, inf, 1.7127e+01, 2.8674e+00, 
  Elapsed time (stage 1): 1.8469e+01


Stage 2
  iterations = 100x100x70x20
  convergence threshold = 1.0000e-09
  convergence window size = 10
  number of levels = 4
  using the CC metric (radius = 4, weight = 1.0000e+00)
  preprocessing:  winsorizing the image intensities
  preprocessing:  histogram matching the images
  Shrink factors (level 1 out of 4): [6, 6, 6]
  Shrink factors (level 2 out of 4): [4, 4, 4]
  Shrink factors (level 3 out of 4): [2, 2, 2]
  Shrink factors (level 4 out of 4): [1, 1, 1]
  smoothing sigmas per level: [3, 2, 1, 0]
  Using default NONE metricSamplingStrategy 

*** Running SyN registration (varianceForUpdateField = 3.0000e+00, varianceForTotalField = 0.0000e+00) ***

XXDIAGNOSTIC,Iteration,metricValue,convergenceValue,ITERATION_TIME_INDEX,SINCE_LAST
 1DIAGNOSTIC,     1, -8.817933797836e-01, inf, 1.3701e+00, 1.3701e+00, 
 1DIAGNOSTIC,     2, -8.875221014023e-01, inf, 2.1722e+00, 8.0212e-01, 
 1DIAGNOSTIC,     3, -8.935708999634e-01, inf, 2.9774e+00, 8.0523e-01, 
 1DIAGNOSTIC,     4, -8.982120156288e-01, inf, 3.7999e+00, 8.2246e-01, 
 1DIAGNOSTIC,     5, -9.022210836411e-01, inf, 4.6270e+00, 8.2715e-01, 
 1DIAGNOSTIC,     6, -9.056779146194e-01, inf, 5.4208e+00, 7.9374e-01, 
 1DIAGNOSTIC,     7, -9.084346294403e-01, inf, 6.2356e+00, 8.1487e-01, 
 1DIAGNOSTIC,     8, -9.108340740204e-01, inf, 7.0651e+00, 8.2946e-01, 
 1DIAGNOSTIC,     9, -9.127588868141e-01, inf, 7.8932e+00, 8.2810e-01, 
 1DIAGNOSTIC,    10, -9.143267273903e-01, 2.274396130815e-03, 8.7216e+00, 8.2836e-01, 
 1DIAGNOSTIC,    11, -9.156181812286e-01, 1.746298861690e-03, 9.5286e+00, 8.0708e-01, 
 1DIAGNOSTIC,    12, -9.167343378067e-01, 1.327631878667e-03, 1.0343e+01, 8.1445e-01, 
 1DIAGNOSTIC,    13, -9.177095293999e-01, 1.022448414005e-03, 1.1162e+01, 8.1876e-01, 
 1DIAGNOSTIC,    14, -9.185730218887e-01, 7.906261598691e-04, 1.1968e+01, 8.0652e-01, 
 1DIAGNOSTIC,    15, -9.193359017372e-01, 6.166248931549e-04, 1.2780e+01, 8.1133e-01, 
 1DIAGNOSTIC,    16, -9.200260043144e-01, 4.885823582299e-04, 1.3604e+01, 8.2466e-01, 
 1DIAGNOSTIC,    17, -9.206452369690e-01, 3.923429176211e-04, 1.4401e+01, 7.9676e-01, 
 1DIAGNOSTIC,    18, -9.212099313736e-01, 3.217296616640e-04, 1.5208e+01, 8.0656e-01, 
 1DIAGNOSTIC,    19, -9.217245578766e-01, 2.686254447326e-04, 1.6030e+01, 8.2211e-01, 
 1DIAGNOSTIC,    20, -9.221846461296e-01, 2.273784048157e-04, 1.6839e+01, 8.0899e-01, 
 1DIAGNOSTIC,    21, -9.226172566414e-01, 1.943879324244e-04, 1.7639e+01, 8.0033e-01, 
 1DIAGNOSTIC,    22, -9.230164289474e-01, 1.676430547377e-04, 1.8441e+01, 8.0162e-01, 
 1DIAGNOSTIC,    23, -9.233848452568e-01, 1.456849859096e-04, 1.9266e+01, 8.2573e-01, 
 1DIAGNOSTIC,    24, -9.237258434296e-01, 1.274979877053e-04, 2.0067e+01, 8.0063e-01, 
 1DIAGNOSTIC,    25, -9.240431785583e-01, 1.122258254327e-04, 2.0887e+01, 8.1962e-01, 
 1DIAGNOSTIC,    26, -9.243345856667e-01, 9.931272506947e-05, 2.1701e+01, 8.1388e-01, 
 1DIAGNOSTIC,    27, -9.246093034744e-01, 8.830010483507e-05, 2.2520e+01, 8.1989e-01, 
 1DIAGNOSTIC,    28, -9.248638153076e-01, 7.884963270044e-05, 2.3346e+01, 8.2577e-01, 
 1DIAGNOSTIC,    29, -9.251033067703e-01, 7.070585706970e-05, 2.4153e+01, 8.0709e-01, 
 1DIAGNOSTIC,    30, -9.253281354904e-01, 6.353438220685e-05, 2.4960e+01, 8.0628e-01, 
 1DIAGNOSTIC,    31, -9.255376458168e-01, 5.727115421905e-05, 2.5744e+01, 7.8439e-01, 
 1DIAGNOSTIC,    32, -9.257357120514e-01, 5.179810614209e-05, 2.6565e+01, 8.2065e-01, 
 1DIAGNOSTIC,    33, -9.259222745895e-01, 4.699698911281e-05, 2.7384e+01, 8.1941e-01, 
 1DIAGNOSTIC,    34, -9.260976314545e-01, 4.276456093066e-05, 2.8200e+01, 8.1586e-01, 
 1DIAGNOSTIC,    35, -9.262682795525e-01, 3.907468271791e-05, 2.9007e+01, 8.0675e-01, 
 1DIAGNOSTIC,    36, -9.264224767685e-01, 3.575162918423e-05, 2.9831e+01, 8.2446e-01, 
 1DIAGNOSTIC,    37, -9.265702366829e-01, 3.278927397332e-05, 3.0648e+01, 8.1644e-01, 
 1DIAGNOSTIC,    38, -9.267088174820e-01, 3.011002081621e-05, 3.1453e+01, 8.0509e-01, 
 1DIAGNOSTIC,    39, -9.268409013748e-01, 2.769497950794e-05, 3.2252e+01, 7.9931e-01, 
 1DIAGNOSTIC,    40, -9.269654750824e-01, 2.551051875344e-05, 3.3086e+01, 8.3362e-01, 
 1DIAGNOSTIC,    41, -9.270836114883e-01, 2.351943294343e-05, 3.3906e+01, 8.1999e-01, 
 1DIAGNOSTIC,    42, -9.271957874298e-01, 2.171193773393e-05, 3.4731e+01, 8.2561e-01, 
 1DIAGNOSTIC,    43, -9.273005127907e-01, 2.005860187637e-05, 3.5561e+01, 8.2984e-01, 
 1DIAGNOSTIC,    44, -9.274012446404e-01, 1.855154732766e-05, 3.6390e+01, 8.2862e-01, 
 1DIAGNOSTIC,    45, -9.274970293045e-01, 1.721707485558e-05, 3.7182e+01, 7.9239e-01, 
 1DIAGNOSTIC,    46, -9.275875091553e-01, 1.598611743248e-05, 3.7980e+01, 7.9752e-01, 
 1DIAGNOSTIC,    47, -9.276734590530e-01, 1.486313703936e-05, 3.8797e+01, 8.1722e-01, 
 1DIAGNOSTIC,    48, -9.277559518814e-01, 1.383552626066e-05, 3.9611e+01, 8.1374e-01, 
 1DIAGNOSTIC,    49, -9.278340339661e-01, 1.289783176617e-05, 4.0428e+01, 8.1736e-01, 
 1DIAGNOSTIC,    50, -9.279081821442e-01, 1.203720967169e-05, 4.1254e+01, 8.2634e-01, 
 1DIAGNOSTIC,    51, -9.279789924622e-01, 1.124831851484e-05, 4.2068e+01, 8.1333e-01, 
 1DIAGNOSTIC,    52, -9.280412197113e-01, 1.049444927048e-05, 4.2872e+01, 8.0428e-01, 
 1DIAGNOSTIC,    53, -9.281053543091e-01, 9.793881872611e-06, 4.3689e+01, 8.1673e-01, 
 1DIAGNOSTIC,    54, -9.281631708145e-01, 9.132144441537e-06, 4.4506e+01, 8.1721e-01, 
 1DIAGNOSTIC,    55, -9.282215833664e-01, 8.529785191058e-06, 4.5335e+01, 8.2878e-01, 
 1DIAGNOSTIC,    56, -9.282809495926e-01, 8.001710739336e-06, 4.6168e+01, 8.3329e-01, 
 1DIAGNOSTIC,    57, -9.283338189125e-01, 7.520310191467e-06, 4.7004e+01, 8.3656e-01, 
 1DIAGNOSTIC,    58, -9.283846616745e-01, 7.088001893862e-06, 4.7841e+01, 8.3682e-01, 
 1DIAGNOSTIC,    59, -9.284333586693e-01, 6.697113349219e-06, 4.8658e+01, 8.1631e-01, 
 1DIAGNOSTIC,    60, -9.284796714783e-01, 6.338836101349e-06, 4.9446e+01, 7.8845e-01, 
 1DIAGNOSTIC,    61, -9.285240769386e-01, 6.009594017087e-06, 5.0249e+01, 8.0284e-01, 
 1DIAGNOSTIC,    62, -9.285669922829e-01, 5.679382411472e-06, 5.1081e+01, 8.3224e-01, 
 1DIAGNOSTIC,    63, -9.286074638367e-01, 5.369236987463e-06, 5.1916e+01, 8.3528e-01, 
 1DIAGNOSTIC,    64, -9.286462068558e-01, 5.060373496235e-06, 5.2724e+01, 8.0809e-01, 
 1DIAGNOSTIC,    65, -9.286833405495e-01, 4.769116003445e-06, 5.3515e+01, 7.9067e-01, 
 1DIAGNOSTIC,    66, -9.287185668945e-01, 4.511448423727e-06, 5.4345e+01, 8.2966e-01, 
 1DIAGNOSTIC,    67, -9.287526607513e-01, 4.268759767001e-06, 5.5164e+01, 8.1948e-01, 
 1DIAGNOSTIC,    68, -9.287850260735e-01, 4.040389285365e-06, 5.5946e+01, 7.8178e-01, 
 1DIAGNOSTIC,    69, -9.288125038147e-01, 3.810527459791e-06, 5.6755e+01, 8.0913e-01, 
 1DIAGNOSTIC,    70, -9.288423061371e-01, 3.596060878408e-06, 5.7587e+01, 8.3210e-01, 
 1DIAGNOSTIC,    71, -9.288707971573e-01, 3.397214868528e-06, 5.8384e+01, 7.9648e-01, 
 1DIAGNOSTIC,    72, -9.288978576660e-01, 3.215274318791e-06, 5.9188e+01, 8.0386e-01, 
 1DIAGNOSTIC,    73, -9.289242029190e-01, 3.049657834708e-06, 6.0016e+01, 8.2794e-01, 
 1DIAGNOSTIC,    74, -9.289491772652e-01, 2.898776301663e-06, 6.0800e+01, 7.8434e-01, 
 1DIAGNOSTIC,    75, -9.289729595184e-01, 2.761106088656e-06, 6.1582e+01, 7.8234e-01, 
 1DIAGNOSTIC,    76, -9.289929270744e-01, 2.622291731313e-06, 6.2383e+01, 8.0100e-01, 
 1DIAGNOSTIC,    77, -9.290055036545e-01, 2.458691142238e-06, 6.3162e+01, 7.7848e-01, 
 1DIAGNOSTIC,    78, -9.290257692337e-01, 2.308525836270e-06, 6.4002e+01, 8.4027e-01, 
 1DIAGNOSTIC,    79, -9.290458559990e-01, 2.161233169318e-06, 6.4827e+01, 8.2487e-01, 
 1DIAGNOSTIC,    80, -9.290652275085e-01, 2.034383214777e-06, 6.5652e+01, 8.2494e-01, 
 1DIAGNOSTIC,    81, -9.290837645531e-01, 1.929637846843e-06, 6.6461e+01, 8.0939e-01, 
 1DIAGNOSTIC,    82, -9.291008114815e-01, 1.843299173743e-06, 6.7277e+01, 8.1568e-01, 
 1DIAGNOSTIC,    83, -9.291179776192e-01, 1.778106479833e-06, 6.8115e+01, 8.3769e-01, 
 1DIAGNOSTIC,    84, -9.291331171989e-01, 1.724294406813e-06, 6.8948e+01, 8.3392e-01, 
 1DIAGNOSTIC,    85, -9.291487932205e-01, 1.682940137471e-06, 6.9724e+01, 7.7540e-01, 
 1DIAGNOSTIC,    86, -9.291640520096e-01, 1.641512653805e-06, 7.0522e+01, 7.9815e-01, 
 1DIAGNOSTIC,    87, -9.291785955429e-01, 1.572662199578e-06, 7.1350e+01, 8.2799e-01, 
 1DIAGNOSTIC,    88, -9.291923046112e-01, 1.506184048594e-06, 7.2164e+01, 8.1372e-01, 
 1DIAGNOSTIC,    89, -9.292047619820e-01, 1.441834456273e-06, 7.2978e+01, 8.1391e-01, 
 1DIAGNOSTIC,    90, -9.292110204697e-01, 1.360560645480e-06, 7.3767e+01, 7.8935e-01, 
 1DIAGNOSTIC,    91, -9.292232394218e-01, 1.287122017857e-06, 7.4594e+01, 8.2681e-01, 
 1DIAGNOSTIC,    92, -9.292349815369e-01, 1.219439354827e-06, 7.5398e+01, 8.0425e-01, 
 1DIAGNOSTIC,    93, -9.292457699776e-01, 1.159964313047e-06, 7.6213e+01, 8.1492e-01, 
 1DIAGNOSTIC,    94, -9.292564392090e-01, 1.106330842049e-06, 7.7034e+01, 8.2123e-01, 
 1DIAGNOSTIC,    95, -9.292665719986e-01, 1.062539922714e-06, 7.7866e+01, 8.3146e-01, 
 1DIAGNOSTIC,    96, -9.292759895325e-01, 1.027480834637e-06, 7.8680e+01, 8.1433e-01, 
 1DIAGNOSTIC,    97, -9.292855262756e-01, 1.001020564217e-06, 7.9493e+01, 8.1306e-01, 
 1DIAGNOSTIC,    98, -9.292946457863e-01, 9.806731213757e-07, 8.0314e+01, 8.2129e-01, 
 1DIAGNOSTIC,    99, -9.293029308319e-01, 9.615288263376e-07, 8.1130e+01, 8.1600e-01, 
 1DIAGNOSTIC,   100, -9.293112754822e-01, 9.250742891709e-07, 8.1944e+01, 8.1407e-01, 
XXDIAGNOSTIC,Iteration,metricValue,convergenceValue,ITERATION_TIME_INDEX,SINCE_LAST
 1DIAGNOSTIC,     1, -8.441627025604e-01, inf, 8.5115e+01, 3.1705e+00, 
 1DIAGNOSTIC,     2, -8.453074097633e-01, inf, 8.7733e+01, 2.6186e+00, 
 1DIAGNOSTIC,     3, -8.468112349510e-01, inf, 9.0333e+01, 2.5992e+00, 
 1DIAGNOSTIC,     4, -8.480441570282e-01, inf, 9.2913e+01, 2.5806e+00, 
 1DIAGNOSTIC,     5, -8.490244150162e-01, inf, 9.5500e+01, 2.5873e+00, 
 1DIAGNOSTIC,     6, -8.499112725258e-01, inf, 9.8140e+01, 2.6395e+00, 
 1DIAGNOSTIC,     7, -8.506944775581e-01, inf, 1.0074e+02, 2.5976e+00, 
 1DIAGNOSTIC,     8, -8.513895869255e-01, inf, 1.0335e+02, 2.6119e+00, 
 1DIAGNOSTIC,     9, -8.519514203072e-01, inf, 1.0594e+02, 2.5936e+00, 
 1DIAGNOSTIC,    10, -8.524547815323e-01, 6.290195742622e-04, 1.0855e+02, 2.6116e+00, 
 1DIAGNOSTIC,    11, -8.529243469238e-01, 5.055665387772e-04, 1.1116e+02, 2.6096e+00, 
 1DIAGNOSTIC,    12, -8.532879352570e-01, 3.989175893366e-04, 1.1379e+02, 2.6270e+00, 
 1DIAGNOSTIC,    13, -8.536841273308e-01, 3.212585288566e-04, 1.1644e+02, 2.6500e+00, 
 1DIAGNOSTIC,    14, -8.539922237396e-01, 2.621503663249e-04, 1.1907e+02, 2.6243e+00, 
 1DIAGNOSTIC,    15, -8.542704582214e-01, 2.149320353055e-04, 1.2167e+02, 2.6060e+00, 
 1DIAGNOSTIC,    16, -8.545310497284e-01, 1.777954748832e-04, 1.2432e+02, 2.6445e+00, 
 1DIAGNOSTIC,    17, -8.547824025154e-01, 1.489238347858e-04, 1.2692e+02, 2.6035e+00, 
 1DIAGNOSTIC,    18, -8.550148606300e-01, 1.266901817871e-04, 1.2952e+02, 2.5960e+00, 
 1DIAGNOSTIC,    19, -8.552294373512e-01, 1.086978445528e-04, 1.3213e+02, 2.6172e+00, 
 1DIAGNOSTIC,    20, -8.554394841194e-01, 9.432774822926e-05, 1.3475e+02, 2.6140e+00, 
 1DIAGNOSTIC,    21, -8.556315898895e-01, 8.310134580825e-05, 1.3734e+02, 2.5920e+00, 
 1DIAGNOSTIC,    22, -8.558034896851e-01, 7.327148341574e-05, 1.3995e+02, 2.6157e+00, 
 1DIAGNOSTIC,    23, -8.559707999229e-01, 6.566386582563e-05, 1.4257e+02, 2.6151e+00, 
 1DIAGNOSTIC,    24, -8.561277985573e-01, 5.905231955694e-05, 1.4517e+02, 2.6042e+00, 
 1DIAGNOSTIC,    25, -8.562813401222e-01, 5.323815639713e-05, 1.4777e+02, 2.6008e+00, 
 1DIAGNOSTIC,    26, -8.564212918282e-01, 4.805292337551e-05, 1.5038e+02, 2.6046e+00, 
 1DIAGNOSTIC,    27, -8.565535545349e-01, 4.352284304332e-05, 1.5299e+02, 2.6117e+00, 
 1DIAGNOSTIC,    28, -8.566784262657e-01, 3.952762199333e-05, 1.5559e+02, 2.5980e+00, 
 1DIAGNOSTIC,    29, -8.567964434624e-01, 3.595383896027e-05, 1.5820e+02, 2.6086e+00, 
 1DIAGNOSTIC,    30, -8.569101691246e-01, 3.287335493951e-05, 1.6080e+02, 2.6026e+00, 
 1DIAGNOSTIC,    31, -8.570287227631e-01, 3.028090031876e-05, 1.6341e+02, 2.6049e+00, 
 1DIAGNOSTIC,    32, -8.571335673332e-01, 2.792089435388e-05, 1.6600e+02, 2.5988e+00, 
 1DIAGNOSTIC,    33, -8.572313785553e-01, 2.579455031082e-05, 1.6862e+02, 2.6180e+00, 
 1DIAGNOSTIC,    34, -8.573229312897e-01, 2.384095751040e-05, 1.7122e+02, 2.5959e+00, 
 1DIAGNOSTIC,    35, -8.574098944664e-01, 2.208318255725e-05, 1.7385e+02, 2.6309e+00, 
 1DIAGNOSTIC,    36, -8.574900627136e-01, 2.041800507868e-05, 1.7644e+02, 2.5895e+00, 
 1DIAGNOSTIC,    37, -8.575707077980e-01, 1.887589496619e-05, 1.7907e+02, 2.6271e+00, 
 1DIAGNOSTIC,    38, -8.576455116272e-01, 1.742749373079e-05, 1.8167e+02, 2.6041e+00, 
 1DIAGNOSTIC,    39, -8.577187061310e-01, 1.608530510566e-05, 1.8429e+02, 2.6246e+00, 
 1DIAGNOSTIC,    40, -8.577926158905e-01, 1.489423630119e-05, 1.8691e+02, 2.6136e+00, 
 1DIAGNOSTIC,    41, -8.578543663025e-01, 1.386047915730e-05, 1.8951e+02, 2.6018e+00, 
 1DIAGNOSTIC,    42, -8.579198718071e-01, 1.296113441640e-05, 1.9211e+02, 2.5986e+00, 
 1DIAGNOSTIC,    43, -8.579814434052e-01, 1.215525571752e-05, 1.9471e+02, 2.6005e+00, 
 1DIAGNOSTIC,    44, -8.580451011658e-01, 1.145349688159e-05, 1.9731e+02, 2.5976e+00, 
 1DIAGNOSTIC,    45, -8.581020236015e-01, 1.080653510144e-05, 1.9992e+02, 2.6100e+00, 
 1DIAGNOSTIC,    46, -8.581647872925e-01, 1.024301582220e-05, 2.0252e+02, 2.6074e+00, 
 1DIAGNOSTIC,    47, -8.582117557526e-01, 9.680208677310e-06, 2.0514e+02, 2.6165e+00, 
 1DIAGNOSTIC,    48, -8.582625389099e-01, 9.139148460235e-06, 2.0774e+02, 2.6026e+00, 
 1DIAGNOSTIC,    49, -8.583054542542e-01, 8.584587703808e-06, 2.1041e+02, 2.6629e+00, 
 1DIAGNOSTIC,    50, -8.583537936211e-01, 8.096201781882e-06, 2.1301e+02, 2.6020e+00, 
 1DIAGNOSTIC,    51, -8.583996891975e-01, 7.603122867295e-06, 2.1561e+02, 2.6065e+00, 
 1DIAGNOSTIC,    52, -8.584440350533e-01, 7.153429578466e-06, 2.1822e+02, 2.6058e+00, 
 1DIAGNOSTIC,    53, -8.584856987000e-01, 6.732762358297e-06, 2.2083e+02, 2.6053e+00, 
 1DIAGNOSTIC,    54, -8.585278987885e-01, 6.383773325069e-06, 2.2343e+02, 2.6058e+00, 
 1DIAGNOSTIC,    55, -8.585686683655e-01, 6.072158612369e-06, 2.2604e+02, 2.6126e+00, 
 1DIAGNOSTIC,    56, -8.586084842682e-01, 5.846033218404e-06, 2.2863e+02, 2.5900e+00, 
 1DIAGNOSTIC,    57, -8.586502075195e-01, 5.630905889120e-06, 2.3122e+02, 2.5838e+00, 
 1DIAGNOSTIC,    58, -8.586857914925e-01, 5.424888058769e-06, 2.3384e+02, 2.6197e+00, 
 1DIAGNOSTIC,    59, -8.587237000465e-01, 5.206628429733e-06, 2.3646e+02, 2.6205e+00, 
 1DIAGNOSTIC,    60, -8.587520718575e-01, 4.965674179402e-06, 2.3907e+02, 2.6102e+00, 
 1DIAGNOSTIC,    61, -8.587859869003e-01, 4.736109076475e-06, 2.4167e+02, 2.6012e+00, 
 1DIAGNOSTIC,    62, -8.588229417801e-01, 4.538623670669e-06, 2.4426e+02, 2.5958e+00, 
 1DIAGNOSTIC,    63, -8.588587641716e-01, 4.362490471976e-06, 2.4688e+02, 2.6177e+00, 
 1DIAGNOSTIC,    64, -8.588907718658e-01, 4.200939656585e-06, 2.4948e+02, 2.5982e+00, 
 1DIAGNOSTIC,    65, -8.589217066765e-01, 4.050635652675e-06, 2.5209e+02, 2.6103e+00, 
 1DIAGNOSTIC,    66, -8.589513301849e-01, 3.906928668584e-06, 2.5470e+02, 2.6050e+00, 
 1DIAGNOSTIC,    67, -8.589802980423e-01, 3.783358124565e-06, 2.5729e+02, 2.5907e+00, 
 1DIAGNOSTIC,    68, -8.590087890625e-01, 3.652590521597e-06, 2.5988e+02, 2.5972e+00, 
 1DIAGNOSTIC,    69, -8.590364456177e-01, 3.531485617714e-06, 2.6250e+02, 2.6208e+00, 
 1DIAGNOSTIC,    70, -8.590626716614e-01, 3.373715344424e-06, 2.6511e+02, 2.6096e+00, 
 1DIAGNOSTIC,    71, -8.590891361237e-01, 3.217680614398e-06, 2.6771e+02, 2.5993e+00, 
 1DIAGNOSTIC,    72, -8.591160774231e-01, 3.089739493589e-06, 2.7031e+02, 2.6010e+00, 
 1DIAGNOSTIC,    73, -8.591384887695e-01, 2.971254161821e-06, 2.7294e+02, 2.6239e+00, 
 1DIAGNOSTIC,    74, -8.591622114182e-01, 2.858685547835e-06, 2.7557e+02, 2.6352e+00, 
 1DIAGNOSTIC,    75, -8.591830730438e-01, 2.741205207712e-06, 2.7822e+02, 2.6425e+00, 
 1DIAGNOSTIC,    76, -8.592053651810e-01, 2.627276899148e-06, 2.8081e+02, 2.5961e+00, 
 1DIAGNOSTIC,    77, -8.592324852943e-01, 2.541967205616e-06, 2.8342e+02, 2.6058e+00, 
 1DIAGNOSTIC,    78, -8.592544198036e-01, 2.464642875566e-06, 2.8604e+02, 2.6179e+00, 
 1DIAGNOSTIC,    79, -8.592689037323e-01, 2.365716454733e-06, 2.8863e+02, 2.5938e+00, 
 1DIAGNOSTIC,    80, -8.592888116837e-01, 2.269894366691e-06, 2.9124e+02, 2.6119e+00, 
 1DIAGNOSTIC,    81, -8.593060970306e-01, 2.172015683755e-06, 2.9384e+02, 2.6009e+00, 
 1DIAGNOSTIC,    82, -8.593206405640e-01, 2.069938318527e-06, 2.9651e+02, 2.6657e+00, 
 1DIAGNOSTIC,    83, -8.593389987946e-01, 1.968985998246e-06, 2.9914e+02, 2.6332e+00, 
 1DIAGNOSTIC,    84, -8.593568205833e-01, 1.879984210973e-06, 3.0174e+02, 2.5943e+00, 
 1DIAGNOSTIC,    85, -8.593721389771e-01, 1.787495875760e-06, 3.0434e+02, 2.6064e+00, 
 1DIAGNOSTIC,    86, -8.593852519989e-01, 1.694829734333e-06, 3.0697e+02, 2.6236e+00, 
 1DIAGNOSTIC,    87, -8.594019412994e-01, 1.641795506657e-06, 3.0956e+02, 2.5971e+00, 
 1DIAGNOSTIC,    88, -8.594174981117e-01, 1.606515866115e-06, 3.1217e+02, 2.6057e+00, 
 1DIAGNOSTIC,    89, -8.594321608543e-01, 1.558189296702e-06, 3.1478e+02, 2.6081e+00, 
 1DIAGNOSTIC,    90, -8.594471812248e-01, 1.522322008896e-06, 3.1738e+02, 2.6056e+00, 
 1DIAGNOSTIC,    91, -8.594617247581e-01, 1.489394094278e-06, 3.1999e+02, 2.6085e+00, 
 1DIAGNOSTIC,    92, -8.594760298729e-01, 1.449402930120e-06, 3.2261e+02, 2.6169e+00, 
 1DIAGNOSTIC,    93, -8.594899773598e-01, 1.417080966348e-06, 3.2524e+02, 2.6320e+00, 
 1DIAGNOSTIC,    94, -8.595025539398e-01, 1.387496126881e-06, 3.2789e+02, 2.6496e+00, 
 1DIAGNOSTIC,    95, -8.595162034035e-01, 1.357379915135e-06, 3.3048e+02, 2.5949e+00, 
 1DIAGNOSTIC,    96, -8.595292568207e-01, 1.317960141023e-06, 3.3307e+02, 2.5906e+00, 
 1DIAGNOSTIC,    97, -8.595418930054e-01, 1.282914240619e-06, 3.3568e+02, 2.6103e+00, 
 1DIAGNOSTIC,    98, -8.595540523529e-01, 1.248927560482e-06, 3.3828e+02, 2.5972e+00, 
 1DIAGNOSTIC,    99, -8.595661520958e-01, 1.214791382154e-06, 3.4088e+02, 2.6022e+00, 
 1DIAGNOSTIC,   100, -8.595777750015e-01, 1.182140977107e-06, 3.4347e+02, 2.5893e+00, 
XXDIAGNOSTIC,Iteration,metricValue,convergenceValue,ITERATION_TIME_INDEX,SINCE_LAST
 1DIAGNOSTIC,     1, -7.169575095177e-01, inf, 3.6578e+02, 2.2309e+01, 
 1DIAGNOSTIC,     2, -7.196700572968e-01, inf, 3.8690e+02, 2.1116e+01, 
 1DIAGNOSTIC,     3, -7.221915721893e-01, inf, 4.0822e+02, 2.1320e+01, 
 1DIAGNOSTIC,     4, -7.246899008751e-01, inf, 4.2949e+02, 2.1276e+01, 
 1DIAGNOSTIC,     5, -7.267597317696e-01, inf, 4.5062e+02, 2.1123e+01, 
 1DIAGNOSTIC,     6, -7.287224531174e-01, inf, 4.7164e+02, 2.1022e+01, 
 1DIAGNOSTIC,     7, -7.306020855904e-01, inf, 4.9284e+02, 2.1199e+01, 
 1DIAGNOSTIC,     8, -7.323955297470e-01, inf, 5.1433e+02, 2.1496e+01, 
 1DIAGNOSTIC,     9, -7.341206073761e-01, inf, 5.3547e+02, 2.1131e+01, 
 1DIAGNOSTIC,    10, -7.356307506561e-01, 1.626973389648e-03, 5.5659e+02, 2.1125e+01, 
 1DIAGNOSTIC,    11, -7.370076775551e-01, 1.374172628857e-03, 5.7761e+02, 2.1020e+01, 
 1DIAGNOSTIC,    12, -7.382449507713e-01, 1.167804817669e-03, 5.9873e+02, 2.1122e+01, 
 1DIAGNOSTIC,    13, -7.393909692764e-01, 9.966553188860e-04, 6.1993e+02, 2.1199e+01, 
 1DIAGNOSTIC,    14, -7.404479384422e-01, 8.575990796089e-04, 6.4112e+02, 2.1192e+01, 
 1DIAGNOSTIC,    15, -7.412684559822e-01, 7.331733941101e-04, 6.6250e+02, 2.1376e+01, 
 1DIAGNOSTIC,    16, -7.420346140862e-01, 6.229941500351e-04, 6.8408e+02, 2.1579e+01, 
 1DIAGNOSTIC,    17, -7.427510619164e-01, 5.273354472592e-04, 7.0519e+02, 2.1110e+01, 
 1DIAGNOSTIC,    18, -7.434187531471e-01, 4.461813368835e-04, 7.2656e+02, 2.1376e+01, 
 1DIAGNOSTIC,    19, -7.440454959869e-01, 3.798595862463e-04, 7.4793e+02, 2.1365e+01, 
 1DIAGNOSTIC,    20, -7.446300983429e-01, 3.251927555539e-04, 7.6935e+02, 2.1424e+01, 
 1DIAGNOSTIC,    21, -7.451764941216e-01, 2.807010023389e-04, 7.9063e+02, 2.1280e+01, 
 1DIAGNOSTIC,    22, -7.456923127174e-01, 2.446576836519e-04, 8.1204e+02, 2.1404e+01, 
 1DIAGNOSTIC,    23, -7.461779117584e-01, 2.160648436984e-04, 8.3350e+02, 2.1467e+01, 
 1DIAGNOSTIC,    24, -7.466249465942e-01, 1.936967455549e-04, 8.5516e+02, 2.1651e+01, 
 1DIAGNOSTIC,    25, -7.470547556877e-01, 1.741473097354e-04, 8.7617e+02, 2.1017e+01, 
 1DIAGNOSTIC,    26, -7.474567294121e-01, 1.569777523400e-04, 8.9746e+02, 2.1288e+01, 
 1DIAGNOSTIC,    27, -7.478405833244e-01, 1.419435720891e-04, 9.1876e+02, 2.1300e+01, 
 1DIAGNOSTIC,    28, -7.481969594955e-01, 1.286365295528e-04, 9.3985e+02, 2.1085e+01, 
 1DIAGNOSTIC,    29, -7.485423088074e-01, 1.169729803223e-04, 9.6099e+02, 2.1141e+01, 
 1DIAGNOSTIC,    30, -7.488632202148e-01, 1.066162149073e-04, 9.8225e+02, 2.1265e+01, 
 1DIAGNOSTIC,    31, -7.491717934608e-01, 9.742481051944e-05, 1.0034e+03, 2.1194e+01, 
 1DIAGNOSTIC,    32, -7.494632005692e-01, 8.926136069931e-05, 1.0247e+03, 2.1230e+01, 
 1DIAGNOSTIC,    33, -7.497442960739e-01, 8.205204358092e-05, 1.0459e+03, 2.1193e+01, 
 1DIAGNOSTIC,    34, -7.500066757202e-01, 7.549012661912e-05, 1.0671e+03, 2.1192e+01, 
 1DIAGNOSTIC,    35, -7.502534389496e-01, 6.955862772884e-05, 1.0885e+03, 2.1444e+01, 
 1DIAGNOSTIC,    36, -7.504960298538e-01, 6.422380101867e-05, 1.1100e+03, 2.1525e+01, 
 1DIAGNOSTIC,    37, -7.507255077362e-01, 5.943683208898e-05, 1.1312e+03, 2.1174e+01, 
 1DIAGNOSTIC,    38, -7.509482502937e-01, 5.509900438483e-05, 1.1524e+03, 2.1184e+01, 
 1DIAGNOSTIC,    39, -7.511565685272e-01, 5.119392153574e-05, 1.1736e+03, 2.1248e+01, 
 1DIAGNOSTIC,    40, -7.513614892960e-01, 4.766216079588e-05, 1.1949e+03, 2.1304e+01, 
 1DIAGNOSTIC,    41, -7.515559196472e-01, 4.447654646356e-05, 1.2162e+03, 2.1273e+01, 
 1DIAGNOSTIC,    42, -7.517402172089e-01, 4.155573333264e-05, 1.2378e+03, 2.1594e+01, 
 1DIAGNOSTIC,    43, -7.519223690033e-01, 3.895204281434e-05, 1.2591e+03, 2.1276e+01, 
 1DIAGNOSTIC,    44, -7.520979642868e-01, 3.658105924842e-05, 1.2805e+03, 2.1434e+01, 
 1DIAGNOSTIC,    45, -7.522621750832e-01, 3.433845995460e-05, 1.3018e+03, 2.1245e+01, 
 1DIAGNOSTIC,    46, -7.524223923683e-01, 3.228781861253e-05, 1.3231e+03, 2.1358e+01, 
 1DIAGNOSTIC,    47, -7.525749802589e-01, 3.037230453629e-05, 1.3444e+03, 2.1307e+01, 
 1DIAGNOSTIC,    48, -7.527189254761e-01, 2.857997969841e-05, 1.3658e+03, 2.1402e+01, 
 1DIAGNOSTIC,    49, -7.528578639030e-01, 2.686240986804e-05, 1.3871e+03, 2.1256e+01, 
 1DIAGNOSTIC,    50, -7.529978156090e-01, 2.530707752157e-05, 1.4086e+03, 2.1522e+01, 
 1DIAGNOSTIC,    51, -7.531308531761e-01, 2.387142922089e-05, 1.4299e+03, 2.1266e+01, 
 1DIAGNOSTIC,    52, -7.532539367676e-01, 2.249120188935e-05, 1.4514e+03, 2.1541e+01, 
 1DIAGNOSTIC,    53, -7.533754706383e-01, 2.122731348209e-05, 1.4729e+03, 2.1455e+01, 
 1DIAGNOSTIC,    54, -7.534920573235e-01, 2.007254806813e-05, 1.4942e+03, 2.1342e+01, 
 1DIAGNOSTIC,    55, -7.536041736603e-01, 1.898262598843e-05, 1.5154e+03, 2.1174e+01, 
 1DIAGNOSTIC,    56, -7.537132501602e-01, 1.797687036742e-05, 1.5366e+03, 2.1246e+01, 
 1DIAGNOSTIC,    57, -7.538196444511e-01, 1.704784335743e-05, 1.5580e+03, 2.1366e+01, 
 1DIAGNOSTIC,    58, -7.539232373238e-01, 1.617549423827e-05, 1.5792e+03, 2.1208e+01, 
 1DIAGNOSTIC,    59, -7.540224194527e-01, 1.535021692689e-05, 1.6004e+03, 2.1226e+01, 
 1DIAGNOSTIC,    60, -7.541220784187e-01, 1.463311218686e-05, 1.6217e+03, 2.1284e+01, 
 1DIAGNOSTIC,    61, -7.542150020599e-01, 1.397853520757e-05, 1.6429e+03, 2.1233e+01, 
 1DIAGNOSTIC,    62, -7.543003559113e-01, 1.331598377874e-05, 1.6641e+03, 2.1139e+01, 
 1DIAGNOSTIC,    63, -7.543909549713e-01, 1.271156361327e-05, 1.6853e+03, 2.1219e+01, 
 1DIAGNOSTIC,    64, -7.544722557068e-01, 1.211401377077e-05, 1.7064e+03, 2.1099e+01, 
 1DIAGNOSTIC,    65, -7.545520067215e-01, 1.152739059762e-05, 1.7278e+03, 2.1421e+01, 
 1DIAGNOSTIC,    66, -7.546355724335e-01, 1.099476321542e-05, 1.7489e+03, 2.1068e+01, 
 1DIAGNOSTIC,    67, -7.547152042389e-01, 1.050975333783e-05, 1.7701e+03, 2.1229e+01, 
 1DIAGNOSTIC,    68, -7.547883391380e-01, 1.004965452012e-05, 1.7915e+03, 2.1374e+01, 
 1DIAGNOSTIC,    69, -7.548574209213e-01, 9.596652489563e-06, 1.8128e+03, 2.1262e+01, 
 1DIAGNOSTIC,    70, -7.549313306808e-01, 9.209894415108e-06, 1.8340e+03, 2.1213e+01, 
XXDIAGNOSTIC,Iteration,metricValue,convergenceValue,ITERATION_TIME_INDEX,SINCE_LAST
 1DIAGNOSTIC,     1, -4.476939141750e-01, inf, 2.0082e+03, 1.7425e+02, 
 1DIAGNOSTIC,     2, -4.494678378105e-01, inf, 2.1786e+03, 1.7036e+02, 
 1DIAGNOSTIC,     3, -4.512546360493e-01, inf, 2.3494e+03, 1.7083e+02, 
 1DIAGNOSTIC,     4, -4.531443715096e-01, inf, 2.5208e+03, 1.7134e+02, 
 1DIAGNOSTIC,     5, -4.550263881683e-01, inf, 2.6927e+03, 1.7199e+02, 
 1DIAGNOSTIC,     6, -4.570746421814e-01, inf, 2.8630e+03, 1.7024e+02, 
 1DIAGNOSTIC,     7, -4.588303565979e-01, inf, 3.0341e+03, 1.7112e+02, 
 1DIAGNOSTIC,     8, -4.605528116226e-01, inf, 3.2066e+03, 1.7250e+02, 
 1DIAGNOSTIC,     9, -4.621752202511e-01, inf, 3.3773e+03, 1.7066e+02, 
 1DIAGNOSTIC,    10, -4.637137353420e-01, 2.287511946633e-03, 3.5479e+03, 1.7062e+02, 
 1DIAGNOSTIC,    11, -4.651814699173e-01, 2.028564922512e-03, 3.7199e+03, 1.7205e+02, 
 1DIAGNOSTIC,    12, -4.664562940598e-01, 1.787594868802e-03, 3.8908e+03, 1.7083e+02, 
 1DIAGNOSTIC,    13, -4.675563573837e-01, 1.559283933602e-03, 4.0609e+03, 1.7013e+02, 
 1DIAGNOSTIC,    14, -4.684533476830e-01, 1.344633405097e-03, 4.2317e+03, 1.7078e+02, 
 1DIAGNOSTIC,    15, -4.692995548248e-01, 1.147490693256e-03, 4.4024e+03, 1.7074e+02, 
 1DIAGNOSTIC,    16, -4.699947834015e-01, 9.750431054272e-04, 4.5764e+03, 1.7396e+02, 
 1DIAGNOSTIC,    17, -4.707313776016e-01, 8.230101666413e-04, 4.7470e+03, 1.7058e+02, 
 1DIAGNOSTIC,    18, -4.713718295097e-01, 6.922122556716e-04, 4.9172e+03, 1.7028e+02, 
 1DIAGNOSTIC,    19, -4.721261262894e-01, 5.875934730284e-04, 5.0876e+03, 1.7040e+02, 
 1DIAGNOSTIC,    20, -4.728828370571e-01, 5.087807658128e-04, 5.2596e+03, 1.7195e+02, 
  Elapsed time (stage 2): 5263


Total elapsed time: 5297
Using single precision for computations.
Input scalar image: /home/mpib/nemecz/Projects/miniTRK/Results/01_MRI/GroupTempl/T1w/T_template0sub-982595_T1wRepaired.nii.gz
Reference image: /home/mpib/nemecz/Projects/miniTRK/Results/01_MRI/GroupTempl/T1w/T_template0.nii.gz
=============================================================================
The composite transform comprises the following transforms (in order): 
  1. /home/mpib/nemecz/Projects/miniTRK/Results/01_MRI/GroupTempl/T1w/T_sub-982595_T1w370GenericAffine.mat (type = AffineTransform)
  2. /home/mpib/nemecz/Projects/miniTRK/Results/01_MRI/GroupTempl/T1w/T_sub-982595_T1w371Warp.nii.gz (type = DisplacementFieldTransform)
=============================================================================
Default pixel value: 0
Interpolation type: LinearInterpolateImageFunction
Output warped image: /home/mpib/nemecz/Projects/miniTRK/Results/01_MRI/GroupTempl/T1w/T_template0sub-982595_T1w37WarpedToTemplate.nii.gz
