
Running N4 for 3-dimensional images.

Mask not read.  Using the entire image as the mask.

Original intensity range:  [0, 903]

***********************************************************
Warning:  Your input image contains nonpositive values
which could cause failure or problematic results.  A
possible workaround would be to:
   1. rescale your image to positive values e.g., [10,100].
   2. run N4 on your rescaled image.
   3. (optional) rescale the N4 output to the original
      intensity range.
***********************************************************

Specified spline distance: 200mm
  original image size:  [192, 256, 256]
  padded image size:  [201, 401, 401]
  number of control points:  [4, 5, 5]

Current level = 1
  Iteration 1 (of 50).   Current convergence value = 0.00030702 (threshold = 1e-08)
  Iteration 2 (of 50).   Current convergence value = 0.00024114 (threshold = 1e-08)
  Iteration 3 (of 50).   Current convergence value = 0.000199095 (threshold = 1e-08)
  Iteration 4 (of 50).   Current convergence value = 0.0001794 (threshold = 1e-08)
  Iteration 5 (of 50).   Current convergence value = 0.000167603 (threshold = 1e-08)
  Iteration 6 (of 50).   Current convergence value = 0.000159714 (threshold = 1e-08)
  Iteration 7 (of 50).   Current convergence value = 0.000154134 (threshold = 1e-08)
  Iteration 8 (of 50).   Current convergence value = 0.000149528 (threshold = 1e-08)
  Iteration 9 (of 50).   Current convergence value = 0.000145837 (threshold = 1e-08)
  Iteration 10 (of 50).   Current convergence value = 0.00014252 (threshold = 1e-08)
  Iteration 11 (of 50).   Current convergence value = 0.000139711 (threshold = 1e-08)
  Iteration 12 (of 50).   Current convergence value = 0.000137246 (threshold = 1e-08)
  Iteration 13 (of 50).   Current convergence value = 0.000134824 (threshold = 1e-08)
  Iteration 14 (of 50).   Current convergence value = 0.000132421 (threshold = 1e-08)
  Iteration 15 (of 50).   Current convergence value = 0.000130318 (threshold = 1e-08)
  Iteration 16 (of 50).   Current convergence value = 0.000128258 (threshold = 1e-08)
  Iteration 17 (of 50).   Current convergence value = 0.000126335 (threshold = 1e-08)
  Iteration 18 (of 50).   Current convergence value = 0.00012444 (threshold = 1e-08)
  Iteration 19 (of 50).   Current convergence value = 0.000122595 (threshold = 1e-08)
  Iteration 20 (of 50).   Current convergence value = 0.000120864 (threshold = 1e-08)
  Iteration 21 (of 50).   Current convergence value = 0.000119197 (threshold = 1e-08)
  Iteration 22 (of 50).   Current convergence value = 0.000117561 (threshold = 1e-08)
  Iteration 23 (of 50).   Current convergence value = 0.000116088 (threshold = 1e-08)
  Iteration 24 (of 50).   Current convergence value = 0.000114594 (threshold = 1e-08)
  Iteration 25 (of 50).   Current convergence value = 0.000113174 (threshold = 1e-08)
  Iteration 26 (of 50).   Current convergence value = 0.000111906 (threshold = 1e-08)
  Iteration 27 (of 50).   Current convergence value = 0.000110693 (threshold = 1e-08)
  Iteration 28 (of 50).   Current convergence value = 0.000109483 (threshold = 1e-08)
  Iteration 29 (of 50).   Current convergence value = 0.000108299 (threshold = 1e-08)
  Iteration 30 (of 50).   Current convergence value = 0.000107271 (threshold = 1e-08)
  Iteration 31 (of 50).   Current convergence value = 0.000106258 (threshold = 1e-08)
  Iteration 32 (of 50).   Current convergence value = 0.000105213 (threshold = 1e-08)
  Iteration 33 (of 50).   Current convergence value = 0.000104192 (threshold = 1e-08)
  Iteration 34 (of 50).   Current convergence value = 0.000103231 (threshold = 1e-08)
  Iteration 35 (of 50).   Current convergence value = 0.000102248 (threshold = 1e-08)
  Iteration 36 (of 50).   Current convergence value = 0.000101384 (threshold = 1e-08)
  Iteration 37 (of 50).   Current convergence value = 0.000100603 (threshold = 1e-08)
  Iteration 38 (of 50).   Current convergence value = 9.97364e-05 (threshold = 1e-08)
  Iteration 39 (of 50).   Current convergence value = 9.90464e-05 (threshold = 1e-08)
  Iteration 40 (of 50).   Current convergence value = 9.82478e-05 (threshold = 1e-08)
  Iteration 41 (of 50).   Current convergence value = 9.74428e-05 (threshold = 1e-08)
  Iteration 42 (of 50).   Current convergence value = 9.67021e-05 (threshold = 1e-08)
  Iteration 43 (of 50).   Current convergence value = 9.59862e-05 (threshold = 1e-08)
  Iteration 44 (of 50).   Current convergence value = 9.53295e-05 (threshold = 1e-08)
  Iteration 45 (of 50).   Current convergence value = 9.45687e-05 (threshold = 1e-08)
  Iteration 46 (of 50).   Current convergence value = 9.38878e-05 (threshold = 1e-08)
  Iteration 47 (of 50).   Current convergence value = 9.32613e-05 (threshold = 1e-08)
  Iteration 48 (of 50).   Current convergence value = 9.26385e-05 (threshold = 1e-08)
  Iteration 49 (of 50).   Current convergence value = 9.21566e-05 (threshold = 1e-08)
  Iteration 50 (of 50).   Current convergence value = 9.16238e-05 (threshold = 1e-08)
Current level = 2
  Iteration 1 (of 50).   Current convergence value = 0.000489475 (threshold = 1e-08)
  Iteration 2 (of 50).   Current convergence value = 0.000399632 (threshold = 1e-08)
  Iteration 3 (of 50).   Current convergence value = 0.000338536 (threshold = 1e-08)
  Iteration 4 (of 50).   Current convergence value = 0.0002925 (threshold = 1e-08)
  Iteration 5 (of 50).   Current convergence value = 0.00025177 (threshold = 1e-08)
  Iteration 6 (of 50).   Current convergence value = 0.000218479 (threshold = 1e-08)
  Iteration 7 (of 50).   Current convergence value = 0.000194324 (threshold = 1e-08)
  Iteration 8 (of 50).   Current convergence value = 0.00018236 (threshold = 1e-08)
  Iteration 9 (of 50).   Current convergence value = 0.000173287 (threshold = 1e-08)
  Iteration 10 (of 50).   Current convergence value = 0.000158211 (threshold = 1e-08)
  Iteration 11 (of 50).   Current convergence value = 0.000145741 (threshold = 1e-08)
  Iteration 12 (of 50).   Current convergence value = 0.000134843 (threshold = 1e-08)
  Iteration 13 (of 50).   Current convergence value = 0.000125235 (threshold = 1e-08)
  Iteration 14 (of 50).   Current convergence value = 0.000116491 (threshold = 1e-08)
  Iteration 15 (of 50).   Current convergence value = 0.000108609 (threshold = 1e-08)
  Iteration 16 (of 50).   Current convergence value = 0.000101684 (threshold = 1e-08)
  Iteration 17 (of 50).   Current convergence value = 9.54105e-05 (threshold = 1e-08)
  Iteration 18 (of 50).   Current convergence value = 9.00008e-05 (threshold = 1e-08)
  Iteration 19 (of 50).   Current convergence value = 8.77655e-05 (threshold = 1e-08)
  Iteration 20 (of 50).   Current convergence value = 8.73092e-05 (threshold = 1e-08)
  Iteration 21 (of 50).   Current convergence value = 8.70411e-05 (threshold = 1e-08)
  Iteration 22 (of 50).   Current convergence value = 8.67964e-05 (threshold = 1e-08)
  Iteration 23 (of 50).   Current convergence value = 8.65729e-05 (threshold = 1e-08)
  Iteration 24 (of 50).   Current convergence value = 8.61528e-05 (threshold = 1e-08)
  Iteration 25 (of 50).   Current convergence value = 8.58709e-05 (threshold = 1e-08)
  Iteration 26 (of 50).   Current convergence value = 8.55455e-05 (threshold = 1e-08)
  Iteration 27 (of 50).   Current convergence value = 8.5123e-05 (threshold = 1e-08)
  Iteration 28 (of 50).   Current convergence value = 8.46688e-05 (threshold = 1e-08)
  Iteration 29 (of 50).   Current convergence value = 8.40965e-05 (threshold = 1e-08)
  Iteration 30 (of 50).   Current convergence value = 8.35904e-05 (threshold = 1e-08)
  Iteration 31 (of 50).   Current convergence value = 8.30936e-05 (threshold = 1e-08)
  Iteration 32 (of 50).   Current convergence value = 8.23691e-05 (threshold = 1e-08)
  Iteration 33 (of 50).   Current convergence value = 8.17222e-05 (threshold = 1e-08)
  Iteration 34 (of 50).   Current convergence value = 8.12659e-05 (threshold = 1e-08)
  Iteration 35 (of 50).   Current convergence value = 8.04464e-05 (threshold = 1e-08)
  Iteration 36 (of 50).   Current convergence value = 7.97446e-05 (threshold = 1e-08)
  Iteration 37 (of 50).   Current convergence value = 7.89852e-05 (threshold = 1e-08)
  Iteration 38 (of 50).   Current convergence value = 7.82943e-05 (threshold = 1e-08)
  Iteration 39 (of 50).   Current convergence value = 7.77772e-05 (threshold = 1e-08)
  Iteration 40 (of 50).   Current convergence value = 7.71093e-05 (threshold = 1e-08)
  Iteration 41 (of 50).   Current convergence value = 7.63532e-05 (threshold = 1e-08)
  Iteration 42 (of 50).   Current convergence value = 7.57032e-05 (threshold = 1e-08)
  Iteration 43 (of 50).   Current convergence value = 7.50075e-05 (threshold = 1e-08)
  Iteration 44 (of 50).   Current convergence value = 7.45672e-05 (threshold = 1e-08)
  Iteration 45 (of 50).   Current convergence value = 7.37944e-05 (threshold = 1e-08)
  Iteration 46 (of 50).   Current convergence value = 7.31648e-05 (threshold = 1e-08)
  Iteration 47 (of 50).   Current convergence value = 7.26388e-05 (threshold = 1e-08)
  Iteration 48 (of 50).   Current convergence value = 7.21438e-05 (threshold = 1e-08)
  Iteration 49 (of 50).   Current convergence value = 7.15815e-05 (threshold = 1e-08)
  Iteration 50 (of 50).   Current convergence value = 7.11005e-05 (threshold = 1e-08)
Current level = 3
  Iteration 1 (of 40).   Current convergence value = 0.00159141 (threshold = 1e-08)
  Iteration 2 (of 40).   Current convergence value = 0.0011345 (threshold = 1e-08)
  Iteration 3 (of 40).   Current convergence value = 0.000888056 (threshold = 1e-08)
  Iteration 4 (of 40).   Current convergence value = 0.000746371 (threshold = 1e-08)
  Iteration 5 (of 40).   Current convergence value = 0.000654627 (threshold = 1e-08)
  Iteration 6 (of 40).   Current convergence value = 0.000587109 (threshold = 1e-08)
  Iteration 7 (of 40).   Current convergence value = 0.00054072 (threshold = 1e-08)
  Iteration 8 (of 40).   Current convergence value = 0.000507839 (threshold = 1e-08)
  Iteration 9 (of 40).   Current convergence value = 0.000484368 (threshold = 1e-08)
  Iteration 10 (of 40).   Current convergence value = 0.000465445 (threshold = 1e-08)
  Iteration 11 (of 40).   Current convergence value = 0.0004501 (threshold = 1e-08)
  Iteration 12 (of 40).   Current convergence value = 0.000436987 (threshold = 1e-08)
  Iteration 13 (of 40).   Current convergence value = 0.000425673 (threshold = 1e-08)
  Iteration 14 (of 40).   Current convergence value = 0.000415577 (threshold = 1e-08)
  Iteration 15 (of 40).   Current convergence value = 0.000406626 (threshold = 1e-08)
  Iteration 16 (of 40).   Current convergence value = 0.000398465 (threshold = 1e-08)
  Iteration 17 (of 40).   Current convergence value = 0.000390845 (threshold = 1e-08)
  Iteration 18 (of 40).   Current convergence value = 0.000383642 (threshold = 1e-08)
  Iteration 19 (of 40).   Current convergence value = 0.000376802 (threshold = 1e-08)
  Iteration 20 (of 40).   Current convergence value = 0.000370336 (threshold = 1e-08)
  Iteration 21 (of 40).   Current convergence value = 0.000364083 (threshold = 1e-08)
  Iteration 22 (of 40).   Current convergence value = 0.000357823 (threshold = 1e-08)
  Iteration 23 (of 40).   Current convergence value = 0.000351711 (threshold = 1e-08)
  Iteration 24 (of 40).   Current convergence value = 0.000345783 (threshold = 1e-08)
  Iteration 25 (of 40).   Current convergence value = 0.000340076 (threshold = 1e-08)
  Iteration 26 (of 40).   Current convergence value = 0.000334496 (threshold = 1e-08)
  Iteration 27 (of 40).   Current convergence value = 0.000329004 (threshold = 1e-08)
  Iteration 28 (of 40).   Current convergence value = 0.000323608 (threshold = 1e-08)
  Iteration 29 (of 40).   Current convergence value = 0.000318343 (threshold = 1e-08)
  Iteration 30 (of 40).   Current convergence value = 0.000313165 (threshold = 1e-08)
  Iteration 31 (of 40).   Current convergence value = 0.000308051 (threshold = 1e-08)
  Iteration 32 (of 40).   Current convergence value = 0.000302994 (threshold = 1e-08)
  Iteration 33 (of 40).   Current convergence value = 0.000298034 (threshold = 1e-08)
  Iteration 34 (of 40).   Current convergence value = 0.000293123 (threshold = 1e-08)
  Iteration 35 (of 40).   Current convergence value = 0.000288304 (threshold = 1e-08)
  Iteration 36 (of 40).   Current convergence value = 0.000283584 (threshold = 1e-08)
  Iteration 37 (of 40).   Current convergence value = 0.000278972 (threshold = 1e-08)
  Iteration 38 (of 40).   Current convergence value = 0.000274256 (threshold = 1e-08)
  Iteration 39 (of 40).   Current convergence value = 0.000269617 (threshold = 1e-08)
  Iteration 40 (of 40).   Current convergence value = 0.000265016 (threshold = 1e-08)
Current level = 4
  Iteration 1 (of 30).   Current convergence value = 0.00211392 (threshold = 1e-08)
  Iteration 2 (of 30).   Current convergence value = 0.00192992 (threshold = 1e-08)
  Iteration 3 (of 30).   Current convergence value = 0.0018224 (threshold = 1e-08)
  Iteration 4 (of 30).   Current convergence value = 0.00174591 (threshold = 1e-08)
  Iteration 5 (of 30).   Current convergence value = 0.0016861 (threshold = 1e-08)
  Iteration 6 (of 30).   Current convergence value = 0.00163563 (threshold = 1e-08)
  Iteration 7 (of 30).   Current convergence value = 0.00159332 (threshold = 1e-08)
  Iteration 8 (of 30).   Current convergence value = 0.00155399 (threshold = 1e-08)
  Iteration 9 (of 30).   Current convergence value = 0.00151569 (threshold = 1e-08)
  Iteration 10 (of 30).   Current convergence value = 0.00146864 (threshold = 1e-08)
  Iteration 11 (of 30).   Current convergence value = 0.00139528 (threshold = 1e-08)
  Iteration 12 (of 30).   Current convergence value = 0.00131956 (threshold = 1e-08)
  Iteration 13 (of 30).   Current convergence value = 0.00124526 (threshold = 1e-08)
  Iteration 14 (of 30).   Current convergence value = 0.0011722 (threshold = 1e-08)
  Iteration 15 (of 30).   Current convergence value = 0.00109975 (threshold = 1e-08)
  Iteration 16 (of 30).   Current convergence value = 0.00103033 (threshold = 1e-08)
  Iteration 17 (of 30).   Current convergence value = 0.000964889 (threshold = 1e-08)
  Iteration 18 (of 30).   Current convergence value = 0.000905735 (threshold = 1e-08)
  Iteration 19 (of 30).   Current convergence value = 0.000855489 (threshold = 1e-08)
  Iteration 20 (of 30).   Current convergence value = 0.000816985 (threshold = 1e-08)
  Iteration 21 (of 30).   Current convergence value = 0.000792813 (threshold = 1e-08)
  Iteration 22 (of 30).   Current convergence value = 0.000784256 (threshold = 1e-08)
  Iteration 23 (of 30).   Current convergence value = 0.000780737 (threshold = 1e-08)
  Iteration 24 (of 30).   Current convergence value = 0.000800158 (threshold = 1e-08)
  Iteration 25 (of 30).   Current convergence value = 0.000840884 (threshold = 1e-08)
  Iteration 26 (of 30).   Current convergence value = 0.000889586 (threshold = 1e-08)
  Iteration 27 (of 30).   Current convergence value = 0.000938181 (threshold = 1e-08)
  Iteration 28 (of 30).   Current convergence value = 0.000988774 (threshold = 1e-08)
  Iteration 29 (of 30).   Current convergence value = 0.00103892 (threshold = 1e-08)
  Iteration 30 (of 30).   Current convergence value = 0.0010766 (threshold = 1e-08)
   N4BiasFieldCorrectionImageFilter (0x55de3e6c6e20)
     RTTI typeinfo:   itk::N4BiasFieldCorrectionImageFilter<itk::Image<float, 3u>, itk::Image<float, 3u>, itk::Image<float, 3u> >
     Reference Count: 1
     Modified Time: 565
     Debug: Off
     Object Name: 
     Observers: 
       IterationEvent(Command)
     Inputs: 
       ConfidenceImage: (0)
       MaskImage: (0x55de3e6f15e0)
       Primary: (0x55de3e6ecb30) *
     Indexed Inputs: 
       0: Primary (0x55de3e6ecb30)
       1: MaskImage (0x55de3e6f15e0)
       2: ConfidenceImage (0)
     Required Input Names: Primary
     NumberOfRequiredInputs: 1
     Outputs: 
       Primary: (0x55de3e6d6ef0)
     Indexed Outputs: 
       0: Primary (0x55de3e6d6ef0)
     NumberOfRequiredOutputs: 1
     Number Of Work Units: 32
     ReleaseDataFlag: Off
     ReleaseDataBeforeUpdateFlag: Off
     AbortGenerateData: Off
     Progress: 0
     Multithreader: 
       RTTI typeinfo:   itk::PoolMultiThreader
       Reference Count: 1
       Modified Time: 144
       Debug: Off
       Object Name: 
       Observers: 
         none
       Number of Work Units: 32
       Number of Threads: 8
       Global Maximum Number Of Threads: 128
       Global Default Number Of Threads: 8
       Global Default Threader Type: itk::MultiThreaderBaseEnums::Threader::Pool
       SingleMethod: 0
       SingleData: 0
     DynamicMultiThreading: On
     CoordinateTolerance: 1e-06
     DirectionTolerance: 1e-06
     Use Mask Label: 0
     Mask label: 1
     Number of histogram bins: 200
     Wiener filter noise: 0.01
     Bias field FWHM: 0.15
     Maximum number of iterations: [50, 50, 40, 30]
     Convergence threshold: 1e-08
     Spline order: 3
     Number of fitting levels: [4, 4, 4]
     Number of control points: [4, 5, 5]
     CurrentConvergenceMeasurement: 0.0010766
     CurrentLevel: 4
     ElapsedIterations: 31
     LogBiasFieldControlPointLattice: 
       Image (0x55de49a642b0)
         RTTI typeinfo:   itk::Image<itk::Vector<float, 1u>, 3u>
         Reference Count: 1
         Modified Time: 343560
         Debug: Off
         Object Name: 
         Observers: 
           none
         Source: (none)
         Source output name: (none)
         Release Data: Off
         Data Released: False
         Global Release Data: Off
         PipelineMTime: 0
         UpdateMTime: 0
         RealTimeStamp: 0 seconds 
         LargestPossibleRegion: 
           Dimension: 3
           Index: [0, 0, 0]
           Size: [11, 19, 19]
         BufferedRegion: 
           Dimension: 3
           Index: [0, 0, 0]
           Size: [11, 19, 19]
         RequestedRegion: 
           Dimension: 3
           Index: [0, 0, 0]
           Size: [11, 19, 19]
         Spacing: [24.75, 24.875, 24.875]
         Origin: [24.2447, 24.07, -26.1328]
         Direction: 
-0.999396 -0.0126458 0.0323599
0.013262 -0.999733 0.0188993
0.0321123 0.0193171 0.999298

         IndexToPointMatrix: 
-24.7351 -0.314564 0.804952
0.328235 -24.8684 0.47012
0.794779 0.480513 24.8575

         PointToIndexMatrix: 
-0.0403796 0.000535839 0.00129747
-0.000508374 -0.0401903 0.000776564
0.0013009 0.000759773 0.0401728

         Inverse Direction: 
-0.999396 0.013262 0.0321123
-0.0126458 -0.999733 0.019317
0.0323599 0.0188994 0.999298

         PixelContainer: 
           ImportImageContainer (0x55de4888f0e0)
             RTTI typeinfo:   itk::ImportImageContainer<unsigned long, itk::Vector<float, 1u> >
             Reference Count: 1
             Modified Time: 343561
             Debug: Off
             Object Name: 
             Observers: 
               none
             Pointer: 0x55de488602b0
             Container manages memory: true
             Size: 3971
             Capacity: 3971
Elapsed time: 321.893
All_Command_lines_OK
Using single precision for computations.
=============================================================================
The composite transform comprises the following transforms (in order): 
  1. Center of mass alignment using fixed image: /home/mpib/nemecz/Projects/miniTRK/Results/01_MRI/GroupTempl/T1w/T_template0.nii.gz and moving image: /home/mpib/nemecz/Projects/miniTRK/Analysis/01_MRI/Preproc/GroupTempl/T1w/sub-279828_T1w.nii.gz (type = Euler3DTransform)
=============================================================================
  number of levels = 4
  number of levels = 4
  number of levels = 4
  fixed image: /home/mpib/nemecz/Projects/miniTRK/Results/01_MRI/GroupTempl/T1w/T_template0.nii.gz
  moving image: /home/mpib/nemecz/Projects/miniTRK/Results/01_MRI/GroupTempl/T1w/T_template0sub-279828_T1wRepaired.nii.gz
  fixed image: /home/mpib/nemecz/Projects/miniTRK/Results/01_MRI/GroupTempl/T1w/T_template0.nii.gz
  moving image: /home/mpib/nemecz/Projects/miniTRK/Results/01_MRI/GroupTempl/T1w/T_template0sub-279828_T1wRepaired.nii.gz
  fixed image: /home/mpib/nemecz/Projects/miniTRK/Results/01_MRI/GroupTempl/T1w/T_template0.nii.gz
  moving image: /home/mpib/nemecz/Projects/miniTRK/Results/01_MRI/GroupTempl/T1w/T_template0sub-279828_T1wRepaired.nii.gz
Dimension = 3
Number of stages = 3
Use Histogram Matching true
Winsorize image intensities true
Lower quantile = 0.01
Upper quantile = 0.99
Stage 1 State
   Image metric = Mattes
     Fixed image = Image (0x55919fde3ad0)
  RTTI typeinfo:   itk::Image<float, 3u>
  Reference Count: 2
  Modified Time: 1721
  Debug: Off
  Object Name: 
  Observers: 
    none
  Source: (none)
  Source output name: (none)
  Release Data: Off
  Data Released: False
  Global Release Data: Off
  PipelineMTime: 0
  UpdateMTime: 1506
  RealTimeStamp: 0 seconds 
  LargestPossibleRegion: 
    Dimension: 3
    Index: [0, 0, 0]
    Size: [192, 256, 256]
  BufferedRegion: 
    Dimension: 3
    Index: [0, 0, 0]
    Size: [192, 256, 256]
  RequestedRegion: 
    Dimension: 3
    Index: [0, 0, 0]
    Size: [192, 256, 256]
  Spacing: [1, 1, 1]
  Origin: [95.0313, 100.538, -154.123]
  Direction: 
-0.999853 -0.014134 -0.00966312
0.014129 -0.9999 0.000586045
-0.00967044 0.000449429 0.999953

  IndexToPointMatrix: 
-0.999853 -0.014134 -0.00966312
0.014129 -0.9999 0.000586045
-0.00967044 0.000449429 0.999953

  PointToIndexMatrix: 
-0.999853 0.014129 -0.00967044
-0.014134 -0.9999 0.000449429
-0.00966312 0.000586045 0.999953

  Inverse Direction: 
-0.999853 0.014129 -0.00967044
-0.014134 -0.9999 0.000449429
-0.00966312 0.000586045 0.999953

  PixelContainer: 
    ImportImageContainer (0x55919fdebc80)
      RTTI typeinfo:   itk::ImportImageContainer<unsigned long, float>
      Reference Count: 1
      Modified Time: 1503
      Debug: Off
      Object Name: 
      Observers: 
        none
      Pointer: 0x7ff0a4c16010
      Container manages memory: true
      Size: 12582912
      Capacity: 12582912

     Moving image = Image (0x55919fde4bc0)
  RTTI typeinfo:   itk::Image<float, 3u>
  Reference Count: 2
  Modified Time: 1722
  Debug: Off
  Object Name: 
  Observers: 
    none
  Source: (none)
  Source output name: (none)
  Release Data: Off
  Data Released: False
  Global Release Data: Off
  PipelineMTime: 0
  UpdateMTime: 1719
  RealTimeStamp: 0 seconds 
  LargestPossibleRegion: 
    Dimension: 3
    Index: [0, 0, 0]
    Size: [192, 256, 256]
  BufferedRegion: 
    Dimension: 3
    Index: [0, 0, 0]
    Size: [192, 256, 256]
  RequestedRegion: 
    Dimension: 3
    Index: [0, 0, 0]
    Size: [192, 256, 256]
  Spacing: [1, 1, 1]
  Origin: [91.0557, 95.1537, -155.739]
  Direction: 
-0.999396 -0.0126458 0.0323599
0.013262 -0.999733 0.0188993
0.0321123 0.0193171 0.999298

  IndexToPointMatrix: 
-0.999396 -0.0126458 0.0323599
0.013262 -0.999733 0.0188993
0.0321123 0.0193171 0.999298

  PointToIndexMatrix: 
-0.999396 0.013262 0.0321123
-0.0126458 -0.999733 0.0193171
0.0323599 0.0188993 0.999298

  Inverse Direction: 
-0.999396 0.013262 0.0321123
-0.0126458 -0.999733 0.0193171
0.0323599 0.0188993 0.999298

  PixelContainer: 
    ImportImageContainer (0x55919fdf0100)
      RTTI typeinfo:   itk::ImportImageContainer<unsigned long, float>
      Reference Count: 1
      Modified Time: 1716
      Debug: Off
      Object Name: 
      Observers: 
        none
      Pointer: 0x7ff0a1c15010
      Container manages memory: true
      Size: 12582912
      Capacity: 12582912

     Weighting = 1
     Sampling strategy = regular
     Number of bins = 32
     Radius = 4
     Sampling percentage  = 0.25
   Transform = Rigid
     Gradient step = 0.1
     Update field sigma (voxel space) = 0
     Total field sigma (voxel space) = 0
     Update field time sigma = 0
     Total field time sigma  = 0
     Number of time indices = 0
     Number of time point samples = 0
Stage 2 State
   Image metric = Mattes
     Fixed image = Image (0x55919fdfc870)
  RTTI typeinfo:   itk::Image<float, 3u>
  Reference Count: 2
  Modified Time: 2149
  Debug: Off
  Object Name: 
  Observers: 
    none
  Source: (none)
  Source output name: (none)
  Release Data: Off
  Data Released: False
  Global Release Data: Off
  PipelineMTime: 0
  UpdateMTime: 1934
  RealTimeStamp: 0 seconds 
  LargestPossibleRegion: 
    Dimension: 3
    Index: [0, 0, 0]
    Size: [192, 256, 256]
  BufferedRegion: 
    Dimension: 3
    Index: [0, 0, 0]
    Size: [192, 256, 256]
  RequestedRegion: 
    Dimension: 3
    Index: [0, 0, 0]
    Size: [192, 256, 256]
  Spacing: [1, 1, 1]
  Origin: [95.0313, 100.538, -154.123]
  Direction: 
-0.999853 -0.014134 -0.00966312
0.014129 -0.9999 0.000586045
-0.00967044 0.000449429 0.999953

  IndexToPointMatrix: 
-0.999853 -0.014134 -0.00966312
0.014129 -0.9999 0.000586045
-0.00967044 0.000449429 0.999953

  PointToIndexMatrix: 
-0.999853 0.014129 -0.00967044
-0.014134 -0.9999 0.000449429
-0.00966312 0.000586045 0.999953

  Inverse Direction: 
-0.999853 0.014129 -0.00967044
-0.014134 -0.9999 0.000449429
-0.00966312 0.000586045 0.999953

  PixelContainer: 
    ImportImageContainer (0x55919fde76d0)
      RTTI typeinfo:   itk::ImportImageContainer<unsigned long, float>
      Reference Count: 1
      Modified Time: 1931
      Debug: Off
      Object Name: 
      Observers: 
        none
      Pointer: 0x7ff09ec14010
      Container manages memory: true
      Size: 12582912
      Capacity: 12582912

     Moving image = Image (0x55919fdfc4c0)
  RTTI typeinfo:   itk::Image<float, 3u>
  Reference Count: 2
  Modified Time: 2150
  Debug: Off
  Object Name: 
  Observers: 
    none
  Source: (none)
  Source output name: (none)
  Release Data: Off
  Data Released: False
  Global Release Data: Off
  PipelineMTime: 0
  UpdateMTime: 2147
  RealTimeStamp: 0 seconds 
  LargestPossibleRegion: 
    Dimension: 3
    Index: [0, 0, 0]
    Size: [192, 256, 256]
  BufferedRegion: 
    Dimension: 3
    Index: [0, 0, 0]
    Size: [192, 256, 256]
  RequestedRegion: 
    Dimension: 3
    Index: [0, 0, 0]
    Size: [192, 256, 256]
  Spacing: [1, 1, 1]
  Origin: [91.0557, 95.1537, -155.739]
  Direction: 
-0.999396 -0.0126458 0.0323599
0.013262 -0.999733 0.0188993
0.0321123 0.0193171 0.999298

  IndexToPointMatrix: 
-0.999396 -0.0126458 0.0323599
0.013262 -0.999733 0.0188993
0.0321123 0.0193171 0.999298

  PointToIndexMatrix: 
-0.999396 0.013262 0.0321123
-0.0126458 -0.999733 0.0193171
0.0323599 0.0188993 0.999298

  Inverse Direction: 
-0.999396 0.013262 0.0321123
-0.0126458 -0.999733 0.0193171
0.0323599 0.0188993 0.999298

  PixelContainer: 
    ImportImageContainer (0x55919fdfd8c0)
      RTTI typeinfo:   itk::ImportImageContainer<unsigned long, float>
      Reference Count: 1
      Modified Time: 2144
      Debug: Off
      Object Name: 
      Observers: 
        none
      Pointer: 0x7ff09bc13010
      Container manages memory: true
      Size: 12582912
      Capacity: 12582912

     Weighting = 1
     Sampling strategy = regular
     Number of bins = 32
     Radius = 4
     Sampling percentage  = 0.25
   Transform = Affine
     Gradient step = 0.1
     Update field sigma (voxel space) = 0
     Total field sigma (voxel space) = 0
     Update field time sigma = 0
     Total field time sigma  = 0
     Number of time indices = 0
     Number of time point samples = 0
Stage 3 State
   Image metric = CC
     Fixed image = Image (0x55919fe03960)
  RTTI typeinfo:   itk::Image<float, 3u>
  Reference Count: 2
  Modified Time: 2577
  Debug: Off
  Object Name: 
  Observers: 
    none
  Source: (none)
  Source output name: (none)
  Release Data: Off
  Data Released: False
  Global Release Data: Off
  PipelineMTime: 0
  UpdateMTime: 2362
  RealTimeStamp: 0 seconds 
  LargestPossibleRegion: 
    Dimension: 3
    Index: [0, 0, 0]
    Size: [192, 256, 256]
  BufferedRegion: 
    Dimension: 3
    Index: [0, 0, 0]
    Size: [192, 256, 256]
  RequestedRegion: 
    Dimension: 3
    Index: [0, 0, 0]
    Size: [192, 256, 256]
  Spacing: [1, 1, 1]
  Origin: [95.0313, 100.538, -154.123]
  Direction: 
-0.999853 -0.014134 -0.00966312
0.014129 -0.9999 0.000586045
-0.00967044 0.000449429 0.999953

  IndexToPointMatrix: 
-0.999853 -0.014134 -0.00966312
0.014129 -0.9999 0.000586045
-0.00967044 0.000449429 0.999953

  PointToIndexMatrix: 
-0.999853 0.014129 -0.00967044
-0.014134 -0.9999 0.000449429
-0.00966312 0.000586045 0.999953

  Inverse Direction: 
-0.999853 0.014129 -0.00967044
-0.014134 -0.9999 0.000449429
-0.00966312 0.000586045 0.999953

  PixelContainer: 
    ImportImageContainer (0x55919fde4660)
      RTTI typeinfo:   itk::ImportImageContainer<unsigned long, float>
      Reference Count: 1
      Modified Time: 2359
      Debug: Off
      Object Name: 
      Observers: 
        none
      Pointer: 0x7ff098c12010
      Container manages memory: true
      Size: 12582912
      Capacity: 12582912

     Moving image = Image (0x55919fe05840)
  RTTI typeinfo:   itk::Image<float, 3u>
  Reference Count: 2
  Modified Time: 2578
  Debug: Off
  Object Name: 
  Observers: 
    none
  Source: (none)
  Source output name: (none)
  Release Data: Off
  Data Released: False
  Global Release Data: Off
  PipelineMTime: 0
  UpdateMTime: 2575
  RealTimeStamp: 0 seconds 
  LargestPossibleRegion: 
    Dimension: 3
    Index: [0, 0, 0]
    Size: [192, 256, 256]
  BufferedRegion: 
    Dimension: 3
    Index: [0, 0, 0]
    Size: [192, 256, 256]
  RequestedRegion: 
    Dimension: 3
    Index: [0, 0, 0]
    Size: [192, 256, 256]
  Spacing: [1, 1, 1]
  Origin: [91.0557, 95.1537, -155.739]
  Direction: 
-0.999396 -0.0126458 0.0323599
0.013262 -0.999733 0.0188993
0.0321123 0.0193171 0.999298

  IndexToPointMatrix: 
-0.999396 -0.0126458 0.0323599
0.013262 -0.999733 0.0188993
0.0321123 0.0193171 0.999298

  PointToIndexMatrix: 
-0.999396 0.013262 0.0321123
-0.0126458 -0.999733 0.0193171
0.0323599 0.0188993 0.999298

  Inverse Direction: 
-0.999396 0.013262 0.0321123
-0.0126458 -0.999733 0.0193171
0.0323599 0.0188993 0.999298

  PixelContainer: 
    ImportImageContainer (0x55919fe02660)
      RTTI typeinfo:   itk::ImportImageContainer<unsigned long, float>
      Reference Count: 1
      Modified Time: 2572
      Debug: Off
      Object Name: 
      Observers: 
        none
      Pointer: 0x7ff095c11010
      Container manages memory: true
      Size: 12582912
      Capacity: 12582912

     Weighting = 1
     Sampling strategy = none
     Number of bins = 32
     Radius = 4
     Sampling percentage  = 1
   Transform = SyN
     Gradient step = 0.1
     Update field sigma (voxel space) = 3
     Total field sigma (voxel space) = 0
     Update field time sigma = 0
     Total field time sigma  = 0
     Number of time indices = 0
     Number of time point samples = 0
Registration using 3 total stages.

Stage 0
  iterations = 1000x500x250x0
  convergence threshold = 1e-06
  convergence window size = 10
  number of levels = 4
  using the Mattes MI metric (number of bins = 32, weight = 1)
  preprocessing:  winsorizing the image intensities
  preprocessing:  histogram matching the images
  Shrink factors (level 1 out of 4): [6, 6, 6]
  Shrink factors (level 2 out of 4): [4, 4, 4]
  Shrink factors (level 3 out of 4): [2, 2, 2]
  Shrink factors (level 4 out of 4): [1, 1, 1]
  smoothing sigmas per level: [4, 2, 1, 0]
  regular sampling (percentage = 0.25)

*** Running Euler3DTransform registration ***

DIAGNOSTIC,Iteration,metricValue,convergenceValue,ITERATION_TIME_INDEX,SINCE_LAST
 2DIAGNOSTIC,     1, -8.681606054306e-01, inf, 8.8392e-01, 8.8392e-01, 
 2DIAGNOSTIC,     2, -8.722440004349e-01, inf, 8.9335e-01, 9.4299e-03, 
 2DIAGNOSTIC,     3, -8.786187171936e-01, inf, 9.0270e-01, 9.3470e-03, 
 2DIAGNOSTIC,     4, -8.885623812675e-01, inf, 9.1242e-01, 9.7229e-03, 
 2DIAGNOSTIC,     5, -9.016501903534e-01, inf, 9.2165e-01, 9.2301e-03, 
 2DIAGNOSTIC,     6, -9.162694215775e-01, inf, 9.3008e-01, 8.4269e-03, 
 2DIAGNOSTIC,     7, -9.283851385117e-01, inf, 9.3827e-01, 8.1928e-03, 
 2DIAGNOSTIC,     8, -9.326644539833e-01, inf, 9.4725e-01, 8.9819e-03, 
 2DIAGNOSTIC,     9, -9.391052126884e-01, inf, 9.5619e-01, 8.9381e-03, 
 2DIAGNOSTIC,    10, -9.455878734589e-01, 6.106124259531e-03, 9.6950e-01, 1.3309e-02, 
 2DIAGNOSTIC,    11, -9.481457471848e-01, 5.289601162076e-03, 9.7779e-01, 8.2860e-03, 
 2DIAGNOSTIC,    12, -9.496682286263e-01, 4.286133684218e-03, 9.8588e-01, 8.0900e-03, 
 2DIAGNOSTIC,    13, -9.520978331566e-01, 3.267734544352e-03, 9.9530e-01, 9.4221e-03, 
 2DIAGNOSTIC,    14, -9.560912847519e-01, 2.407624619082e-03, 1.0091e+00, 1.3751e-02, 
 2DIAGNOSTIC,    15, -9.562554955482e-01, 1.711287070066e-03, 1.0181e+00, 9.0568e-03, 
 2DIAGNOSTIC,    16, -9.562204480171e-01, 1.225412008353e-03, 1.0286e+00, 1.0489e-02, 
 2DIAGNOSTIC,    17, -9.561911821365e-01, 9.058340219781e-04, 1.0388e+00, 1.0249e-02, 
 2DIAGNOSTIC,    18, -9.562048316002e-01, 6.104429485276e-04, 1.0478e+00, 8.9300e-03, 
 2DIAGNOSTIC,    19, -9.561480879784e-01, 3.901276795659e-04, 1.0557e+00, 7.8900e-03, 
 2DIAGNOSTIC,    20, -9.561603665352e-01, 2.550875651650e-04, 1.0632e+00, 7.5541e-03, 
 2DIAGNOSTIC,    21, -9.561797976494e-01, 1.478173799114e-04, 1.0721e+00, 8.8890e-03, 
 2DIAGNOSTIC,    22, -9.561632275581e-01, 5.747975956183e-05, 1.0798e+00, 7.6611e-03, 
DIAGNOSTIC,Iteration,metricValue,convergenceValue,ITERATION_TIME_INDEX,SINCE_LAST
 2DIAGNOSTIC,     1, -7.904602885246e-01, inf, 1.9169e+00, 8.3712e-01, 
 2DIAGNOSTIC,     2, -7.917740941048e-01, inf, 1.9491e+00, 3.2226e-02, 
 2DIAGNOSTIC,     3, -7.932136058807e-01, inf, 1.9795e+00, 3.0384e-02, 
 2DIAGNOSTIC,     4, -7.941828966141e-01, inf, 2.0134e+00, 3.3865e-02, 
 2DIAGNOSTIC,     5, -7.944565415382e-01, inf, 2.0467e+00, 3.3345e-02, 
 2DIAGNOSTIC,     6, -7.944829463959e-01, inf, 2.0802e+00, 3.3519e-02, 
 2DIAGNOSTIC,     7, -7.944766879082e-01, inf, 2.1142e+00, 3.3952e-02, 
 2DIAGNOSTIC,     8, -7.944804430008e-01, inf, 2.1496e+00, 3.5466e-02, 
 2DIAGNOSTIC,     9, -7.944693565369e-01, inf, 2.1832e+00, 3.3585e-02, 
 2DIAGNOSTIC,    10, -7.944649457932e-01, 2.678311429918e-04, 2.2205e+00, 3.7317e-02, 
 2DIAGNOSTIC,    11, -7.944485545158e-01, 1.324137847405e-04, 2.2555e+00, 3.4932e-02, 
 2DIAGNOSTIC,    12, -7.944549322128e-01, 4.662009450840e-05, 2.2902e+00, 3.4690e-02, 
 2DIAGNOSTIC,    13, -7.944539785385e-01, 9.009227142087e-06, 2.3244e+00, 3.4241e-02, 
DIAGNOSTIC,Iteration,metricValue,convergenceValue,ITERATION_TIME_INDEX,SINCE_LAST
 2DIAGNOSTIC,     1, -7.004778981209e-01, inf, 3.4835e+00, 1.1591e+00, 
 2DIAGNOSTIC,     2, -7.012177705765e-01, inf, 3.7294e+00, 2.4585e-01, 
 2DIAGNOSTIC,     3, -7.016463875771e-01, inf, 3.9506e+00, 2.2127e-01, 
 2DIAGNOSTIC,     4, -7.017571330070e-01, inf, 4.1778e+00, 2.2711e-01, 
 2DIAGNOSTIC,     5, -7.017750740051e-01, inf, 4.3988e+00, 2.2109e-01, 
 2DIAGNOSTIC,     6, -7.018280625343e-01, inf, 4.8861e+00, 4.8721e-01, 
 2DIAGNOSTIC,     7, -7.018272876740e-01, inf, 5.1710e+00, 2.8499e-01, 
 2DIAGNOSTIC,     8, -7.018269896507e-01, inf, 5.4796e+00, 3.0854e-01, 
 2DIAGNOSTIC,     9, -7.018267512321e-01, inf, 5.7346e+00, 2.5499e-01, 
 2DIAGNOSTIC,    10, -7.018266916275e-01, 8.618774154456e-05, 6.1325e+00, 3.9796e-01, 
 2DIAGNOSTIC,    11, -7.018271684647e-01, 3.382160502952e-05, 6.4180e+00, 2.8547e-01, 
 2DIAGNOSTIC,    12, -7.018271088600e-01, 1.201829127240e-05, 6.7035e+00, 2.8551e-01, 
 2DIAGNOSTIC,    13, -7.018270492554e-01, 6.012767698849e-06, 6.9516e+00, 2.4814e-01, 
 2DIAGNOSTIC,    14, -7.018269896507e-01, 3.747583605218e-06, 7.2039e+00, 2.5230e-01, 
 2DIAGNOSTIC,    15, -7.018269300461e-01, 2.091272335747e-06, 7.4861e+00, 2.8213e-01, 
 2DIAGNOSTIC,    16, -7.018269300461e-01, 1.986363258766e-06, 7.7339e+00, 2.4788e-01, 
 2DIAGNOSTIC,    17, -7.018268704414e-01, 1.874174131444e-06, 7.9834e+00, 2.4945e-01, 
 2DIAGNOSTIC,    18, -7.018268108368e-01, 1.766522814250e-06, 8.2301e+00, 2.4670e-01, 
 2DIAGNOSTIC,    19, -7.018268108368e-01, 1.665406671236e-06, 8.4945e+00, 2.6443e-01, 
 2DIAGNOSTIC,    20, -7.018268704414e-01, 1.574927296133e-06, 8.7432e+00, 2.4863e-01, 
 2DIAGNOSTIC,    21, -7.018268704414e-01, 1.503694420535e-06, 8.9887e+00, 2.4554e-01, 
 2DIAGNOSTIC,    22, -7.018269300461e-01, 1.440029109290e-06, 9.2389e+00, 2.5015e-01, 
 2DIAGNOSTIC,    23, -7.018269300461e-01, 1.381446850246e-06, 9.4876e+00, 2.4875e-01, 
 2DIAGNOSTIC,    24, -7.018268704414e-01, 1.325927428297e-06, 9.7344e+00, 2.4680e-01, 
 2DIAGNOSTIC,    25, -7.018268108368e-01, 1.272887061532e-06, 9.9836e+00, 2.4916e-01, 
 2DIAGNOSTIC,    26, -7.018268704414e-01, 1.224848801940e-06, 1.0232e+01, 2.4881e-01, 
 2DIAGNOSTIC,    27, -7.018269300461e-01, 1.180226831821e-06, 1.0478e+01, 2.4587e-01, 
 2DIAGNOSTIC,    28, -7.018269300461e-01, 1.137729441325e-06, 1.0725e+01, 2.4648e-01, 
 2DIAGNOSTIC,    29, -7.018268704414e-01, 1.097216681956e-06, 1.0978e+01, 2.5303e-01, 
 2DIAGNOSTIC,    30, -7.018268704414e-01, 1.060250156115e-06, 1.1230e+01, 2.5226e-01, 
 2DIAGNOSTIC,    31, -7.018268704414e-01, 1.025629671858e-06, 1.1476e+01, 2.4604e-01, 
DIAGNOSTIC,Iteration,metricValue,convergenceValue,ITERATION_TIME_INDEX,SINCE_LAST
 2DIAGNOSTIC,     1, -6.321087479591e-01, inf, 1.3908e+01, 2.4323e+00, 
  Elapsed time (stage 0): 1.5160e+01


Stage 1
  iterations = 1000x500x250x0
  convergence threshold = 1.0000e-06
  convergence window size = 10
  number of levels = 4
  using the Mattes MI metric (number of bins = 32, weight = 1.0000e+00)
  preprocessing:  winsorizing the image intensities
  preprocessing:  histogram matching the images
  Shrink factors (level 1 out of 4): [6, 6, 6]
  Shrink factors (level 2 out of 4): [4, 4, 4]
  Shrink factors (level 3 out of 4): [2, 2, 2]
  Shrink factors (level 4 out of 4): [1, 1, 1]
  smoothing sigmas per level: [4, 2, 1, 0]
  regular sampling (percentage = 2.5000e-01)

*** Running AffineTransform registration ***

DIAGNOSTIC,Iteration,metricValue,convergenceValue,ITERATION_TIME_INDEX,SINCE_LAST
 2DIAGNOSTIC,     1, -9.460048675537e-01, inf, 8.1351e-01, 8.1351e-01, 
 2DIAGNOSTIC,     2, -9.476712346077e-01, inf, 8.2475e-01, 1.1235e-02, 
 2DIAGNOSTIC,     3, -9.503745436668e-01, inf, 8.3614e-01, 1.1391e-02, 
 2DIAGNOSTIC,     4, -9.544582366943e-01, inf, 8.4714e-01, 1.1003e-02, 
 2DIAGNOSTIC,     5, -9.601858854294e-01, inf, 8.5709e-01, 9.9492e-03, 
 2DIAGNOSTIC,     6, -9.671236872673e-01, inf, 8.6571e-01, 8.6141e-03, 
 2DIAGNOSTIC,     7, -9.730167984962e-01, inf, 8.7650e-01, 1.0795e-02, 
 2DIAGNOSTIC,     8, -9.759518504143e-01, inf, 8.9851e-01, 2.2007e-02, 
 2DIAGNOSTIC,     9, -9.760048985481e-01, inf, 9.0802e-01, 9.5129e-03, 
 2DIAGNOSTIC,    10, -9.760372638702e-01, 2.440390642732e-03, 9.1999e-01, 1.1964e-02, 
 2DIAGNOSTIC,    11, -9.760178327560e-01, 1.992587931454e-03, 9.2959e-01, 9.6030e-03, 
 2DIAGNOSTIC,    12, -9.759743809700e-01, 1.480197417550e-03, 9.3864e-01, 9.0549e-03, 
 2DIAGNOSTIC,    13, -9.759816527367e-01, 9.754241327755e-04, 9.4851e-01, 9.8619e-03, 
 2DIAGNOSTIC,    14, -9.760372638702e-01, 5.421583191492e-04, 9.5748e-01, 8.9729e-03, 
 2DIAGNOSTIC,    15, -9.760888218880e-01, 2.295370359207e-04, 9.6617e-01, 8.6899e-03, 
 2DIAGNOSTIC,    16, -9.761808514595e-01, 6.209025741555e-05, 9.7570e-01, 9.5360e-03, 
 2DIAGNOSTIC,    17, -9.761668443680e-01, 9.055295777216e-06, 9.8469e-01, 8.9869e-03, 
 2DIAGNOSTIC,    18, -9.763393402100e-01, 1.196397806780e-05, 9.9471e-01, 1.0023e-02, 
 2DIAGNOSTIC,    19, -9.764484167099e-01, 1.602099655429e-05, 1.0037e+00, 8.9431e-03, 
 2DIAGNOSTIC,    20, -9.766466021538e-01, 2.167982529500e-05, 1.0135e+00, 9.7980e-03, 
 2DIAGNOSTIC,    21, -9.767352342606e-01, 2.587786912045e-05, 1.0230e+00, 9.5501e-03, 
 2DIAGNOSTIC,    22, -9.767282605171e-01, 2.677607699297e-05, 1.0324e+00, 9.3482e-03, 
 2DIAGNOSTIC,    23, -9.767326116562e-01, 2.539771958254e-05, 1.0422e+00, 9.8071e-03, 
 2DIAGNOSTIC,    24, -9.766669869423e-01, 2.173153188778e-05, 1.0531e+00, 1.0963e-02, 
 2DIAGNOSTIC,    25, -9.766584634781e-01, 1.692282785370e-05, 1.0658e+00, 1.2697e-02, 
 2DIAGNOSTIC,    26, -9.766140580177e-01, 1.156902271759e-05, 1.0759e+00, 1.0084e-02, 
 2DIAGNOSTIC,    27, -9.766135215759e-01, 5.476950263983e-06, 1.0856e+00, 9.7251e-03, 
DIAGNOSTIC,Iteration,metricValue,convergenceValue,ITERATION_TIME_INDEX,SINCE_LAST
 2DIAGNOSTIC,     1, -7.995966076851e-01, inf, 1.9751e+00, 8.8950e-01, 
 2DIAGNOSTIC,     2, -8.005822300911e-01, inf, 2.0106e+00, 3.5436e-02, 
 2DIAGNOSTIC,     3, -8.017233610153e-01, inf, 2.0439e+00, 3.3382e-02, 
 2DIAGNOSTIC,     4, -8.027613162994e-01, inf, 2.0770e+00, 3.3080e-02, 
 2DIAGNOSTIC,     5, -8.038902282715e-01, inf, 2.1104e+00, 3.3400e-02, 
 2DIAGNOSTIC,     6, -8.044675588608e-01, inf, 2.1468e+00, 3.6327e-02, 
 2DIAGNOSTIC,     7, -8.047110438347e-01, inf, 2.2031e+00, 5.6351e-02, 
 2DIAGNOSTIC,     8, -8.047779202461e-01, inf, 2.2404e+00, 3.7304e-02, 
 2DIAGNOSTIC,     9, -8.047304749489e-01, inf, 2.2775e+00, 3.7119e-02, 
 2DIAGNOSTIC,    10, -8.047237396240e-01, 4.243090806995e-04, 2.3189e+00, 4.1330e-02, 
 2DIAGNOSTIC,    11, -8.047147989273e-01, 2.792013401631e-04, 2.3579e+00, 3.9091e-02, 
 2DIAGNOSTIC,    12, -8.047063946724e-01, 1.620889233891e-04, 2.3995e+00, 4.1600e-02, 
 2DIAGNOSTIC,    13, -8.047009706497e-01, 7.929225102998e-05, 2.4366e+00, 3.7009e-02, 
 2DIAGNOSTIC,    14, -8.047050237656e-01, 2.715379196161e-05, 2.4700e+00, 3.3444e-02, 
 2DIAGNOSTIC,    15, -8.047007918358e-01, 5.924045126449e-06, 2.5077e+00, 3.7695e-02, 
DIAGNOSTIC,Iteration,metricValue,convergenceValue,ITERATION_TIME_INDEX,SINCE_LAST
 2DIAGNOSTIC,     1, -7.089201807976e-01, inf, 3.7681e+00, 1.2604e+00, 
 2DIAGNOSTIC,     2, -7.092753648758e-01, inf, 4.0193e+00, 2.5121e-01, 
 2DIAGNOSTIC,     3, -7.094678282738e-01, inf, 4.2661e+00, 2.4680e-01, 
 2DIAGNOSTIC,     4, -7.095832824707e-01, inf, 4.5354e+00, 2.6934e-01, 
 2DIAGNOSTIC,     5, -7.096336483955e-01, inf, 4.8050e+00, 2.6956e-01, 
 2DIAGNOSTIC,     6, -7.096647024155e-01, inf, 5.2034e+00, 3.9848e-01, 
 2DIAGNOSTIC,     7, -7.096676230431e-01, inf, 5.5322e+00, 3.2873e-01, 
 2DIAGNOSTIC,     8, -7.096671462059e-01, inf, 5.9193e+00, 3.8712e-01, 
 2DIAGNOSTIC,     9, -7.096679210663e-01, inf, 6.1888e+00, 2.6953e-01, 
 2DIAGNOSTIC,    10, -7.096679806709e-01, 5.426080315374e-05, 6.5190e+00, 3.3013e-01, 
 2DIAGNOSTIC,    11, -7.096679806709e-01, 2.630709241203e-05, 6.7889e+00, 2.6990e-01, 
 2DIAGNOSTIC,    12, -7.096677422523e-01, 1.264617822017e-05, 7.0598e+00, 2.7091e-01, 
 2DIAGNOSTIC,    13, -7.096676230431e-01, 6.043574558134e-06, 7.3040e+00, 2.4421e-01, 
 2DIAGNOSTIC,    14, -7.096670866013e-01, 3.315954927530e-06, 7.5794e+00, 2.7538e-01, 
 2DIAGNOSTIC,    15, -7.096680402756e-01, 2.204282964158e-06, 7.8543e+00, 2.7496e-01, 
 2DIAGNOSTIC,    16, -7.096680402756e-01, 1.998535253733e-06, 8.1368e+00, 2.8251e-01, 
 2DIAGNOSTIC,    17, -7.096673250198e-01, 1.868757294687e-06, 8.4595e+00, 3.2270e-01, 
 2DIAGNOSTIC,    18, -7.096661329269e-01, 1.716941710583e-06, 8.7508e+00, 2.9131e-01, 
 2DIAGNOSTIC,    19, -7.096665501595e-01, 1.611458628759e-06, 9.0883e+00, 3.3742e-01, 
 2DIAGNOSTIC,    20, -7.096663713455e-01, 1.518847284387e-06, 9.3584e+00, 2.7011e-01, 
 2DIAGNOSTIC,    21, -7.096663117409e-01, 1.440351638848e-06, 9.6329e+00, 2.7451e-01, 
 2DIAGNOSTIC,    22, -7.096657752991e-01, 1.362491957480e-06, 9.9020e+00, 2.6914e-01, 
 2DIAGNOSTIC,    23, -7.096656560898e-01, 1.296109871873e-06, 1.0176e+01, 2.7427e-01, 
 2DIAGNOSTIC,    24, -7.096656560898e-01, 1.233718307958e-06, 1.0472e+01, 2.9557e-01, 
 2DIAGNOSTIC,    25, -7.096656560898e-01, 1.199631810778e-06, 1.0801e+01, 3.2953e-01, 
 2DIAGNOSTIC,    26, -7.096655964851e-01, 1.174329327114e-06, 1.1072e+01, 2.7082e-01, 
 2DIAGNOSTIC,    27, -7.096656560898e-01, 1.146519821305e-06, 1.1375e+01, 3.0260e-01, 
 2DIAGNOSTIC,    28, -7.096654176712e-01, 1.103033127947e-06, 1.1644e+01, 2.6959e-01, 
 2DIAGNOSTIC,    29, -7.096655368805e-01, 1.073118824024e-06, 1.1912e+01, 2.6796e-01, 
 2DIAGNOSTIC,    30, -7.096654772758e-01, 1.044113787430e-06, 1.2181e+01, 2.6914e-01, 
 2DIAGNOSTIC,    31, -7.096654176712e-01, 1.017162617245e-06, 1.2450e+01, 2.6866e-01, 
DIAGNOSTIC,Iteration,metricValue,convergenceValue,ITERATION_TIME_INDEX,SINCE_LAST
 2DIAGNOSTIC,     1, -6.368970870972e-01, inf, 1.5101e+01, 2.6509e+00, 
  Elapsed time (stage 1): 1.6242e+01


Stage 2
  iterations = 100x100x70x20
  convergence threshold = 1.0000e-09
  convergence window size = 10
  number of levels = 4
  using the CC metric (radius = 4, weight = 1.0000e+00)
  preprocessing:  winsorizing the image intensities
  preprocessing:  histogram matching the images
  Shrink factors (level 1 out of 4): [6, 6, 6]
  Shrink factors (level 2 out of 4): [4, 4, 4]
  Shrink factors (level 3 out of 4): [2, 2, 2]
  Shrink factors (level 4 out of 4): [1, 1, 1]
  smoothing sigmas per level: [3, 2, 1, 0]
  Using default NONE metricSamplingStrategy 

*** Running SyN registration (varianceForUpdateField = 3.0000e+00, varianceForTotalField = 0.0000e+00) ***

XXDIAGNOSTIC,Iteration,metricValue,convergenceValue,ITERATION_TIME_INDEX,SINCE_LAST
 1DIAGNOSTIC,     1, -8.758421540260e-01, inf, 1.5902e+00, 1.5902e+00, 
 1DIAGNOSTIC,     2, -8.829209208488e-01, inf, 2.3333e+00, 7.4314e-01, 
 1DIAGNOSTIC,     3, -8.910263180733e-01, inf, 3.0676e+00, 7.3434e-01, 
 1DIAGNOSTIC,     4, -8.972144126892e-01, inf, 3.8034e+00, 7.3575e-01, 
 1DIAGNOSTIC,     5, -9.028159976006e-01, inf, 4.5598e+00, 7.5643e-01, 
 1DIAGNOSTIC,     6, -9.074813127518e-01, inf, 5.2970e+00, 7.3719e-01, 
 1DIAGNOSTIC,     7, -9.113155603409e-01, inf, 6.0547e+00, 7.5770e-01, 
 1DIAGNOSTIC,     8, -9.143556952477e-01, inf, 6.8009e+00, 7.4618e-01, 
 1DIAGNOSTIC,     9, -9.167577028275e-01, inf, 7.5605e+00, 7.5961e-01, 
 1DIAGNOSTIC,    10, -9.187495708466e-01, 3.034883178771e-03, 8.3199e+00, 7.5943e-01, 
 1DIAGNOSTIC,    11, -9.204255938530e-01, 2.332489239052e-03, 9.0714e+00, 7.5151e-01, 
 1DIAGNOSTIC,    12, -9.218479394913e-01, 1.759078004397e-03, 9.7920e+00, 7.2057e-01, 
 1DIAGNOSTIC,    13, -9.230884313583e-01, 1.339993905276e-03, 1.0541e+01, 7.4862e-01, 
 1DIAGNOSTIC,    14, -9.241617918015e-01, 1.020735013299e-03, 1.1275e+01, 7.3482e-01, 
 1DIAGNOSTIC,    15, -9.251196980476e-01, 7.869411492720e-04, 1.2039e+01, 7.6396e-01, 
 1DIAGNOSTIC,    16, -9.259711503983e-01, 6.172813009471e-04, 1.2779e+01, 7.3951e-01, 
 1DIAGNOSTIC,    17, -9.267266988754e-01, 4.945163964294e-04, 1.3546e+01, 7.6693e-01, 
 1DIAGNOSTIC,    18, -9.274088740349e-01, 4.038366314489e-04, 1.4311e+01, 7.6546e-01, 
 1DIAGNOSTIC,    19, -9.280201792717e-01, 3.344090946484e-04, 1.5055e+01, 7.4338e-01, 
 1DIAGNOSTIC,    20, -9.285835623741e-01, 2.804037358146e-04, 1.5814e+01, 7.5932e-01, 
 1DIAGNOSTIC,    21, -9.290931224823e-01, 2.376240299782e-04, 1.6571e+01, 7.5661e-01, 
 1DIAGNOSTIC,    22, -9.295620918274e-01, 2.031378098764e-04, 1.7319e+01, 7.4836e-01, 
 1DIAGNOSTIC,    23, -9.299842119217e-01, 1.750052615535e-04, 1.8062e+01, 7.4288e-01, 
 1DIAGNOSTIC,    24, -9.303740859032e-01, 1.516671763966e-04, 1.8787e+01, 7.2496e-01, 
 1DIAGNOSTIC,    25, -9.307321906090e-01, 1.322314928984e-04, 1.9547e+01, 7.5982e-01, 
 1DIAGNOSTIC,    26, -9.310688972473e-01, 1.159872117569e-04, 2.0302e+01, 7.5513e-01, 
 1DIAGNOSTIC,    27, -9.313819408417e-01, 1.022616343107e-04, 2.1018e+01, 7.1610e-01, 
 1DIAGNOSTIC,    28, -9.316724538803e-01, 9.062171739060e-05, 2.1770e+01, 7.5249e-01, 
 1DIAGNOSTIC,    29, -9.319430589676e-01, 8.063964924077e-05, 2.2483e+01, 7.1234e-01, 
 1DIAGNOSTIC,    30, -9.321916103363e-01, 7.208012539195e-05, 2.3249e+01, 7.6606e-01, 
 1DIAGNOSTIC,    31, -9.324238300323e-01, 6.466316699516e-05, 2.3989e+01, 7.4066e-01, 
 1DIAGNOSTIC,    32, -9.326422214508e-01, 5.824285472045e-05, 2.4744e+01, 7.5511e-01, 
 1DIAGNOSTIC,    33, -9.328504204750e-01, 5.261377009447e-05, 2.5486e+01, 7.4143e-01, 
 1DIAGNOSTIC,    34, -9.330464601517e-01, 4.767241625814e-05, 2.6245e+01, 7.5888e-01, 
 1DIAGNOSTIC,    35, -9.332306981087e-01, 4.329970033723e-05, 2.6974e+01, 7.2890e-01, 
 1DIAGNOSTIC,    36, -9.334036111832e-01, 3.945635035052e-05, 2.7717e+01, 7.4318e-01, 
 1DIAGNOSTIC,    37, -9.335678815842e-01, 3.608257975429e-05, 2.8476e+01, 7.5914e-01, 
 1DIAGNOSTIC,    38, -9.337186813354e-01, 3.306919461465e-05, 2.9201e+01, 7.2495e-01, 
 1DIAGNOSTIC,    39, -9.338639974594e-01, 3.038779686904e-05, 2.9941e+01, 7.4001e-01, 
 1DIAGNOSTIC,    40, -9.340029954910e-01, 2.797071283567e-05, 3.0682e+01, 7.4054e-01, 
 1DIAGNOSTIC,    41, -9.341353774071e-01, 2.578510793683e-05, 3.1436e+01, 7.5498e-01, 
 1DIAGNOSTIC,    42, -9.342604875565e-01, 2.380396290391e-05, 3.2182e+01, 7.4554e-01, 
 1DIAGNOSTIC,    43, -9.343748092651e-01, 2.199497248512e-05, 3.2929e+01, 7.4741e-01, 
 1DIAGNOSTIC,    44, -9.344878792763e-01, 2.037426020252e-05, 3.3653e+01, 7.2369e-01, 
 1DIAGNOSTIC,    45, -9.345953464508e-01, 1.891641113616e-05, 3.4394e+01, 7.4119e-01, 
 1DIAGNOSTIC,    46, -9.346932172775e-01, 1.756737219694e-05, 3.5151e+01, 7.5688e-01, 
 1DIAGNOSTIC,    47, -9.347904920578e-01, 1.635289845581e-05, 3.5908e+01, 7.5671e-01, 
 1DIAGNOSTIC,    48, -9.348829388618e-01, 1.522742513771e-05, 3.6629e+01, 7.2097e-01, 
 1DIAGNOSTIC,    49, -9.349682331085e-01, 1.418129522790e-05, 3.7375e+01, 7.4624e-01, 
 1DIAGNOSTIC,    50, -9.350535869598e-01, 1.324262666458e-05, 3.8170e+01, 7.9468e-01, 
 1DIAGNOSTIC,    51, -9.351317882538e-01, 1.238509867107e-05, 3.8887e+01, 7.1682e-01, 
 1DIAGNOSTIC,    52, -9.352080225945e-01, 1.160861665994e-05, 3.9607e+01, 7.2039e-01, 
 1DIAGNOSTIC,    53, -9.352787733078e-01, 1.086509018933e-05, 4.0357e+01, 7.4985e-01, 
 1DIAGNOSTIC,    54, -9.353504180908e-01, 1.020185300149e-05, 4.1102e+01, 7.4481e-01, 
 1DIAGNOSTIC,    55, -9.354126453400e-01, 9.575505828252e-06, 4.1851e+01, 7.4918e-01, 
 1DIAGNOSTIC,    56, -9.354789257050e-01, 8.996729775390e-06, 4.2595e+01, 7.4460e-01, 
 1DIAGNOSTIC,    57, -9.355420470238e-01, 8.481373697578e-06, 4.3343e+01, 7.4729e-01, 
 1DIAGNOSTIC,    58, -9.356023073196e-01, 8.020587301871e-06, 4.4095e+01, 7.5199e-01, 
 1DIAGNOSTIC,    59, -9.356588125229e-01, 7.585139883304e-06, 4.4849e+01, 7.5475e-01, 
 1DIAGNOSTIC,    60, -9.357148408890e-01, 7.201598236861e-06, 4.5588e+01, 7.3835e-01, 
 1DIAGNOSTIC,    61, -9.357670545578e-01, 6.836412012490e-06, 4.6331e+01, 7.4360e-01, 
 1DIAGNOSTIC,    62, -9.358184337616e-01, 6.499031769636e-06, 4.7075e+01, 7.4331e-01, 
 1DIAGNOSTIC,    63, -9.358683824539e-01, 6.176107945066e-06, 4.7821e+01, 7.4604e-01, 
 1DIAGNOSTIC,    64, -9.359157085419e-01, 5.881243851036e-06, 4.8579e+01, 7.5790e-01, 
 1DIAGNOSTIC,    65, -9.359586238861e-01, 5.566399522650e-06, 4.9292e+01, 7.1379e-01, 
 1DIAGNOSTIC,    66, -9.360034465790e-01, 5.282322490530e-06, 5.0025e+01, 7.3249e-01, 
 1DIAGNOSTIC,    67, -9.360467195511e-01, 5.024866368331e-06, 5.0760e+01, 7.3525e-01, 
 1DIAGNOSTIC,    68, -9.360886216164e-01, 4.791259016201e-06, 5.1508e+01, 7.4788e-01, 
 1DIAGNOSTIC,    69, -9.361291527748e-01, 4.573356363835e-06, 5.2243e+01, 7.3499e-01, 
 1DIAGNOSTIC,    70, -9.361678957939e-01, 4.375487151265e-06, 5.2993e+01, 7.5040e-01, 
 1DIAGNOSTIC,    71, -9.362057447433e-01, 4.189075752947e-06, 5.3731e+01, 7.3788e-01, 
 1DIAGNOSTIC,    72, -9.362422823906e-01, 4.016262209916e-06, 5.4487e+01, 7.5514e-01, 
 1DIAGNOSTIC,    73, -9.362775683403e-01, 3.856604507746e-06, 5.5234e+01, 7.4766e-01, 
 1DIAGNOSTIC,    74, -9.363114833832e-01, 3.703782795128e-06, 5.5982e+01, 7.4783e-01, 
 1DIAGNOSTIC,    75, -9.363298416138e-01, 3.485505203571e-06, 5.6727e+01, 7.4530e-01, 
 1DIAGNOSTIC,    76, -9.363613128662e-01, 3.282886154921e-06, 5.7492e+01, 7.6484e-01, 
 1DIAGNOSTIC,    77, -9.363916516304e-01, 3.097522039752e-06, 5.8214e+01, 7.2140e-01, 
 1DIAGNOSTIC,    78, -9.364211559296e-01, 2.933730002042e-06, 5.8952e+01, 7.3831e-01, 
 1DIAGNOSTIC,    79, -9.364491105080e-01, 2.792604163915e-06, 5.9706e+01, 7.5441e-01, 
 1DIAGNOSTIC,    80, -9.364762306213e-01, 2.674131337699e-06, 6.0519e+01, 8.1243e-01, 
 1DIAGNOSTIC,    81, -9.365071654320e-01, 2.595910927994e-06, 6.1265e+01, 7.4624e-01, 
 1DIAGNOSTIC,    82, -9.365317821503e-01, 2.530837491577e-06, 6.2023e+01, 7.5819e-01, 
 1DIAGNOSTIC,    83, -9.365561008453e-01, 2.477044972693e-06, 6.2784e+01, 7.6098e-01, 
 1DIAGNOSTIC,    84, -9.365801215172e-01, 2.432513383610e-06, 6.3537e+01, 7.5276e-01, 
 1DIAGNOSTIC,    85, -9.366017580032e-01, 2.332033318453e-06, 6.4290e+01, 7.5289e-01, 
 1DIAGNOSTIC,    86, -9.366236925125e-01, 2.232239467048e-06, 6.5050e+01, 7.6053e-01, 
 1DIAGNOSTIC,    87, -9.366442561150e-01, 2.131470864697e-06, 6.5819e+01, 7.6898e-01, 
 1DIAGNOSTIC,    88, -9.366649389267e-01, 2.034975523202e-06, 6.6549e+01, 7.2928e-01, 
 1DIAGNOSTIC,    89, -9.366813302040e-01, 1.929409563672e-06, 6.7303e+01, 7.5470e-01, 
 1DIAGNOSTIC,    90, -9.367005825043e-01, 1.829777829698e-06, 6.8035e+01, 7.3175e-01, 
 1DIAGNOSTIC,    91, -9.367173910141e-01, 1.748205704644e-06, 6.8784e+01, 7.4941e-01, 
 1DIAGNOSTIC,    92, -9.367326498032e-01, 1.663975808697e-06, 6.9523e+01, 7.3893e-01, 
 1DIAGNOSTIC,    93, -9.367499351501e-01, 1.589366888766e-06, 7.0261e+01, 7.3782e-01, 
 1DIAGNOSTIC,    94, -9.367642402649e-01, 1.518873887107e-06, 7.0999e+01, 7.3772e-01, 
 1DIAGNOSTIC,    95, -9.367803335190e-01, 1.455747565160e-06, 7.1753e+01, 7.5409e-01, 
 1DIAGNOSTIC,    96, -9.367959499359e-01, 1.403589976690e-06, 7.2516e+01, 7.6285e-01, 
 1DIAGNOSTIC,    97, -9.368106722832e-01, 1.358517465633e-06, 7.3266e+01, 7.5051e-01, 
 1DIAGNOSTIC,    98, -9.368251562119e-01, 1.323360038441e-06, 7.4026e+01, 7.5923e-01, 
 1DIAGNOSTIC,    99, -9.368387460709e-01, 1.283524397877e-06, 7.4752e+01, 7.2641e-01, 
 1DIAGNOSTIC,   100, -9.368521571159e-01, 1.250127979802e-06, 7.5515e+01, 7.6299e-01, 
XXDIAGNOSTIC,Iteration,metricValue,convergenceValue,ITERATION_TIME_INDEX,SINCE_LAST
 1DIAGNOSTIC,     1, -8.595640659332e-01, inf, 7.8664e+01, 3.1492e+00, 
 1DIAGNOSTIC,     2, -8.608613014221e-01, inf, 8.1050e+01, 2.3854e+00, 
 1DIAGNOSTIC,     3, -8.624452948570e-01, inf, 8.3406e+01, 2.3569e+00, 
 1DIAGNOSTIC,     4, -8.638171553612e-01, inf, 8.5760e+01, 2.3538e+00, 
 1DIAGNOSTIC,     5, -8.649746775627e-01, inf, 8.8100e+01, 2.3400e+00, 
 1DIAGNOSTIC,     6, -8.659890890121e-01, inf, 9.0478e+01, 2.3780e+00, 
 1DIAGNOSTIC,     7, -8.670310974121e-01, inf, 9.2839e+01, 2.3609e+00, 
 1DIAGNOSTIC,     8, -8.679099678993e-01, inf, 9.5210e+01, 2.3714e+00, 
 1DIAGNOSTIC,     9, -8.687217235565e-01, inf, 9.7561e+01, 2.3501e+00, 
 1DIAGNOSTIC,    10, -8.693888783455e-01, 7.324260077439e-04, 9.9938e+01, 2.3770e+00, 
 1DIAGNOSTIC,    11, -8.700116276741e-01, 6.059691659175e-04, 1.0230e+02, 2.3671e+00, 
 1DIAGNOSTIC,    12, -8.705928325653e-01, 4.971353919245e-04, 1.0471e+02, 2.4098e+00, 
 1DIAGNOSTIC,    13, -8.711215853691e-01, 4.130695015192e-04, 1.0711e+02, 2.3974e+00, 
 1DIAGNOSTIC,    14, -8.716362714767e-01, 3.474660043139e-04, 1.0948e+02, 2.3660e+00, 
 1DIAGNOSTIC,    15, -8.721022605896e-01, 2.942346618511e-04, 1.1184e+02, 2.3637e+00, 
 1DIAGNOSTIC,    16, -8.725395798683e-01, 2.502335410099e-04, 1.1418e+02, 2.3425e+00, 
 1DIAGNOSTIC,    17, -8.729529380798e-01, 2.162958990084e-04, 1.1655e+02, 2.3663e+00, 
 1DIAGNOSTIC,    18, -8.733364343643e-01, 1.889959676191e-04, 1.1895e+02, 2.3979e+00, 
 1DIAGNOSTIC,    19, -8.737050294876e-01, 1.673408987699e-04, 1.2132e+02, 2.3730e+00, 
 1DIAGNOSTIC,    20, -8.740463256836e-01, 1.487598201493e-04, 1.2374e+02, 2.4207e+00, 
 1DIAGNOSTIC,    21, -8.743616938591e-01, 1.326818892267e-04, 1.2614e+02, 2.3996e+00, 
 1DIAGNOSTIC,    22, -8.746549487114e-01, 1.186737936223e-04, 1.2850e+02, 2.3613e+00, 
 1DIAGNOSTIC,    23, -8.749402165413e-01, 1.063464151230e-04, 1.3089e+02, 2.3840e+00, 
 1DIAGNOSTIC,    24, -8.751973509789e-01, 9.559214231558e-05, 1.3337e+02, 2.4837e+00, 
 1DIAGNOSTIC,    25, -8.754346370697e-01, 8.592991798650e-05, 1.3573e+02, 2.3551e+00, 
 1DIAGNOSTIC,    26, -8.756711483002e-01, 7.742020534351e-05, 1.3807e+02, 2.3399e+00, 
 1DIAGNOSTIC,    27, -8.758978843689e-01, 7.001529593254e-05, 1.4043e+02, 2.3638e+00, 
 1DIAGNOSTIC,    28, -8.761134147644e-01, 6.354302604450e-05, 1.4283e+02, 2.3972e+00, 
 1DIAGNOSTIC,    29, -8.763155937195e-01, 5.797195990453e-05, 1.4518e+02, 2.3535e+00, 
 1DIAGNOSTIC,    30, -8.765084147453e-01, 5.314059308148e-05, 1.4754e+02, 2.3626e+00, 
 1DIAGNOSTIC,    31, -8.766922950745e-01, 4.888459807262e-05, 1.4989e+02, 2.3443e+00, 
 1DIAGNOSTIC,    32, -8.768671751022e-01, 4.506938421400e-05, 1.5226e+02, 2.3778e+00, 
 1DIAGNOSTIC,    33, -8.770321607590e-01, 4.170222382527e-05, 1.5473e+02, 2.4626e+00, 
 1DIAGNOSTIC,    34, -8.771922588348e-01, 3.862290395773e-05, 1.5710e+02, 2.3691e+00, 
 1DIAGNOSTIC,    35, -8.773443102837e-01, 3.572061541490e-05, 1.5944e+02, 2.3388e+00, 
 1DIAGNOSTIC,    36, -8.774883747101e-01, 3.307304359623e-05, 1.6178e+02, 2.3489e+00, 
 1DIAGNOSTIC,    37, -8.776333332062e-01, 3.074062988162e-05, 1.6421e+02, 2.4304e+00, 
 1DIAGNOSTIC,    38, -8.777675628662e-01, 2.864754242182e-05, 1.6659e+02, 2.3753e+00, 
 1DIAGNOSTIC,    39, -8.778922557831e-01, 2.670892899914e-05, 1.6897e+02, 2.3777e+00, 
 1DIAGNOSTIC,    40, -8.780174255371e-01, 2.495789340173e-05, 1.7134e+02, 2.3708e+00, 
 1DIAGNOSTIC,    41, -8.781322240829e-01, 2.332957410545e-05, 1.7375e+02, 2.4079e+00, 
 1DIAGNOSTIC,    42, -8.782446980476e-01, 2.182665230066e-05, 1.7612e+02, 2.3715e+00, 
 1DIAGNOSTIC,    43, -8.783534169197e-01, 2.042775304290e-05, 1.7855e+02, 2.4297e+00, 
 1DIAGNOSTIC,    44, -8.784558176994e-01, 1.912966581585e-05, 1.8095e+02, 2.4055e+00, 
 1DIAGNOSTIC,    45, -8.785545229912e-01, 1.792184229998e-05, 1.8333e+02, 2.3808e+00, 
 1DIAGNOSTIC,    46, -8.786504864693e-01, 1.679597698967e-05, 1.8573e+02, 2.3915e+00, 
 1DIAGNOSTIC,    47, -8.787351250648e-01, 1.574641282787e-05, 1.8809e+02, 2.3604e+00, 
 1DIAGNOSTIC,    48, -8.788235783577e-01, 1.479053480580e-05, 1.9044e+02, 2.3590e+00, 
 1DIAGNOSTIC,    49, -8.789074420929e-01, 1.388655982737e-05, 1.9289e+02, 2.4456e+00, 
 1DIAGNOSTIC,    50, -8.789920210838e-01, 1.309858998866e-05, 1.9526e+02, 2.3722e+00, 
 1DIAGNOSTIC,    51, -8.790715932846e-01, 1.237052128999e-05, 1.9765e+02, 2.3903e+00, 
 1DIAGNOSTIC,    52, -8.791437149048e-01, 1.168428480014e-05, 2.0013e+02, 2.4728e+00, 
 1DIAGNOSTIC,    53, -8.792181611061e-01, 1.107316074922e-05, 2.0255e+02, 2.4253e+00, 
 1DIAGNOSTIC,    54, -8.792950510979e-01, 1.054526728694e-05, 2.0496e+02, 2.4112e+00, 
 1DIAGNOSTIC,    55, -8.793568611145e-01, 1.001516375254e-05, 2.0734e+02, 2.3747e+00, 
 1DIAGNOSTIC,    56, -8.794248104095e-01, 9.540338396619e-06, 2.0972e+02, 2.3826e+00, 
 1DIAGNOSTIC,    57, -8.794843554497e-01, 9.031808986038e-06, 2.1210e+02, 2.3786e+00, 
 1DIAGNOSTIC,    58, -8.795444965363e-01, 8.549343874620e-06, 2.1447e+02, 2.3743e+00, 
 1DIAGNOSTIC,    59, -8.796052932739e-01, 8.100102604658e-06, 2.1687e+02, 2.3974e+00, 
 1DIAGNOSTIC,    60, -8.796580433846e-01, 7.672803803871e-06, 2.1922e+02, 2.3492e+00, 
 1DIAGNOSTIC,    61, -8.797166943550e-01, 7.301910954993e-06, 2.2162e+02, 2.4024e+00, 
 1DIAGNOSTIC,    62, -8.797661066055e-01, 6.918547569512e-06, 2.2401e+02, 2.3918e+00, 
 1DIAGNOSTIC,    63, -8.798217773438e-01, 6.593437319680e-06, 2.2638e+02, 2.3688e+00, 
 1DIAGNOSTIC,    64, -8.798704147339e-01, 6.322192803054e-06, 2.2874e+02, 2.3544e+00, 
 1DIAGNOSTIC,    65, -8.799111247063e-01, 6.003353064443e-06, 2.3110e+02, 2.3625e+00, 
 1DIAGNOSTIC,    66, -8.799571990967e-01, 5.719295131712e-06, 2.3347e+02, 2.3715e+00, 
 1DIAGNOSTIC,    67, -8.800039291382e-01, 5.447548574011e-06, 2.3596e+02, 2.4935e+00, 
 1DIAGNOSTIC,    68, -8.800435066223e-01, 5.173479166842e-06, 2.3838e+02, 2.4194e+00, 
 1DIAGNOSTIC,    69, -8.800888061523e-01, 4.948562946083e-06, 2.4074e+02, 2.3583e+00, 
 1DIAGNOSTIC,    70, -8.801273107529e-01, 4.714983788290e-06, 2.4319e+02, 2.4483e+00, 
 1DIAGNOSTIC,    71, -8.801633715630e-01, 4.506002369453e-06, 2.4560e+02, 2.4100e+00, 
 1DIAGNOSTIC,    72, -8.801996111870e-01, 4.292036010156e-06, 2.4807e+02, 2.4750e+00, 
 1DIAGNOSTIC,    73, -8.802376389503e-01, 4.124286078877e-06, 2.5048e+02, 2.4083e+00, 
 1DIAGNOSTIC,    74, -8.802659511566e-01, 3.938643203583e-06, 2.5291e+02, 2.4284e+00, 
 1DIAGNOSTIC,    75, -8.802974820137e-01, 3.728575393325e-06, 2.5528e+02, 2.3703e+00, 
 1DIAGNOSTIC,    76, -8.803279399872e-01, 3.528023398758e-06, 2.5766e+02, 2.3791e+00, 
 1DIAGNOSTIC,    77, -8.803579807281e-01, 3.352532530698e-06, 2.6009e+02, 2.4280e+00, 
 1DIAGNOSTIC,    78, -8.803853988647e-01, 3.172020115016e-06, 2.6252e+02, 2.4287e+00, 
 1DIAGNOSTIC,    79, -8.804150819778e-01, 3.034243263755e-06, 2.6492e+02, 2.4066e+00, 
 1DIAGNOSTIC,    80, -8.804424405098e-01, 2.909958311648e-06, 2.6731e+02, 2.3883e+00, 
 1DIAGNOSTIC,    81, -8.804665803909e-01, 2.783976469800e-06, 2.6971e+02, 2.3950e+00, 
 1DIAGNOSTIC,    82, -8.804891109467e-01, 2.659410256456e-06, 2.7209e+02, 2.3826e+00, 
 1DIAGNOSTIC,    83, -8.805129528046e-01, 2.558259893704e-06, 2.7447e+02, 2.3772e+00, 
 1DIAGNOSTIC,    84, -8.805359005928e-01, 2.444453457429e-06, 2.7684e+02, 2.3763e+00, 
 1DIAGNOSTIC,    85, -8.805565237999e-01, 2.330050847377e-06, 2.7922e+02, 2.3737e+00, 
 1DIAGNOSTIC,    86, -8.805747032166e-01, 2.210695583926e-06, 2.8159e+02, 2.3767e+00, 
 1DIAGNOSTIC,    87, -8.805956244469e-01, 2.104602344843e-06, 2.8399e+02, 2.3926e+00, 
 1DIAGNOSTIC,    88, -8.806159496307e-01, 2.006128170251e-06, 2.8643e+02, 2.4472e+00, 
 1DIAGNOSTIC,    89, -8.806347846985e-01, 1.925150854731e-06, 2.8884e+02, 2.4108e+00, 
 1DIAGNOSTIC,    90, -8.806498050690e-01, 1.845424890234e-06, 2.9123e+02, 2.3901e+00, 
 1DIAGNOSTIC,    91, -8.806672692299e-01, 1.770382141331e-06, 2.9360e+02, 2.3653e+00, 
 1DIAGNOSTIC,    92, -8.806846141815e-01, 1.698147002571e-06, 2.9602e+02, 2.4204e+00, 
 1DIAGNOSTIC,    93, -8.806983232498e-01, 1.625414711270e-06, 2.9842e+02, 2.3969e+00, 
 1DIAGNOSTIC,    94, -8.807132244110e-01, 1.559410065965e-06, 3.0087e+02, 2.4510e+00, 
 1DIAGNOSTIC,    95, -8.807275295258e-01, 1.494915068179e-06, 3.0324e+02, 2.3766e+00, 
 1DIAGNOSTIC,    96, -8.807425498962e-01, 1.430138013347e-06, 3.0562e+02, 2.3710e+00, 
 1DIAGNOSTIC,    97, -8.807542920113e-01, 1.367836262034e-06, 3.0800e+02, 2.3820e+00, 
 1DIAGNOSTIC,    98, -8.807640075684e-01, 1.304475404140e-06, 3.1041e+02, 2.4120e+00, 
 1DIAGNOSTIC,    99, -8.807772397995e-01, 1.252032689081e-06, 3.1280e+02, 2.3901e+00, 
 1DIAGNOSTIC,   100, -8.807863593102e-01, 1.187292582472e-06, 3.1522e+02, 2.4159e+00, 
XXDIAGNOSTIC,Iteration,metricValue,convergenceValue,ITERATION_TIME_INDEX,SINCE_LAST
 1DIAGNOSTIC,     1, -7.405064105988e-01, inf, 3.3564e+02, 2.0424e+01, 
 1DIAGNOSTIC,     2, -7.420340180397e-01, inf, 3.5507e+02, 1.9429e+01, 
 1DIAGNOSTIC,     3, -7.436521053314e-01, inf, 3.7443e+02, 1.9359e+01, 
 1DIAGNOSTIC,     4, -7.452285289764e-01, inf, 3.9359e+02, 1.9166e+01, 
 1DIAGNOSTIC,     5, -7.467038631439e-01, inf, 4.1264e+02, 1.9042e+01, 
 1DIAGNOSTIC,     6, -7.480711936951e-01, inf, 4.3190e+02, 1.9268e+01, 
 1DIAGNOSTIC,     7, -7.493477463722e-01, inf, 4.5132e+02, 1.9415e+01, 
 1DIAGNOSTIC,     8, -7.504909038544e-01, inf, 4.7051e+02, 1.9187e+01, 
 1DIAGNOSTIC,     9, -7.515508532524e-01, inf, 4.9003e+02, 1.9528e+01, 
 1DIAGNOSTIC,    10, -7.525400519371e-01, 1.041772775352e-03, 5.0937e+02, 1.9340e+01, 
 1DIAGNOSTIC,    11, -7.534787058830e-01, 8.885744609870e-04, 5.2865e+02, 1.9281e+01, 
 1DIAGNOSTIC,    12, -7.542722225189e-01, 7.541390368715e-04, 5.4812e+02, 1.9463e+01, 
 1DIAGNOSTIC,    13, -7.550121545792e-01, 6.407148321159e-04, 5.6761e+02, 1.9489e+01, 
 1DIAGNOSTIC,    14, -7.556951045990e-01, 5.461376858875e-04, 5.8720e+02, 1.9590e+01, 
 1DIAGNOSTIC,    15, -7.563500404358e-01, 4.677842662204e-04, 6.0715e+02, 1.9950e+01, 
 1DIAGNOSTIC,    16, -7.569673061371e-01, 4.029791452922e-04, 6.2671e+02, 1.9566e+01, 
 1DIAGNOSTIC,    17, -7.575408816338e-01, 3.496708814055e-04, 6.4618e+02, 1.9467e+01, 
 1DIAGNOSTIC,    18, -7.580813765526e-01, 3.052040410694e-04, 6.6579e+02, 1.9613e+01, 
 1DIAGNOSTIC,    19, -7.585925459862e-01, 2.682402264327e-04, 6.8575e+02, 1.9960e+01, 
 1DIAGNOSTIC,    20, -7.590760588646e-01, 2.377030905336e-04, 7.0586e+02, 2.0112e+01, 
 1DIAGNOSTIC,    21, -7.595335245132e-01, 2.129345230060e-04, 7.2593e+02, 2.0070e+01, 
 1DIAGNOSTIC,    22, -7.599696516991e-01, 1.915525208460e-04, 7.4602e+02, 2.0088e+01, 
 1DIAGNOSTIC,    23, -7.603785991669e-01, 1.728952629492e-04, 7.6607e+02, 2.0049e+01, 
 1DIAGNOSTIC,    24, -7.607681155205e-01, 1.563861005707e-04, 7.8653e+02, 2.0456e+01, 
 1DIAGNOSTIC,    25, -7.611311078072e-01, 1.418183819624e-04, 8.0651e+02, 1.9981e+01, 
 1DIAGNOSTIC,    26, -7.614789009094e-01, 1.289913780056e-04, 8.2648e+02, 1.9967e+01, 
 1DIAGNOSTIC,    27, -7.618118524551e-01, 1.175894722110e-04, 8.4651e+02, 2.0034e+01, 
 1DIAGNOSTIC,    28, -7.621290683746e-01, 1.074290630640e-04, 8.6643e+02, 1.9919e+01, 
 1DIAGNOSTIC,    29, -7.624332308769e-01, 9.839818812907e-05, 8.8678e+02, 2.0351e+01, 
 1DIAGNOSTIC,    30, -7.627145648003e-01, 9.025668259710e-05, 9.0669e+02, 1.9915e+01, 
 1DIAGNOSTIC,    31, -7.629880905151e-01, 8.297130989376e-05, 9.2685e+02, 2.0154e+01, 
 1DIAGNOSTIC,    32, -7.632464766502e-01, 7.644647121197e-05, 9.4705e+02, 2.0200e+01, 
 1DIAGNOSTIC,    33, -7.634888291359e-01, 7.049413397908e-05, 9.6736e+02, 2.0313e+01, 
 1DIAGNOSTIC,    34, -7.637251615524e-01, 6.513422704302e-05, 9.8726e+02, 1.9901e+01, 
 1DIAGNOSTIC,    35, -7.639457583427e-01, 6.017412306392e-05, 1.0075e+03, 2.0231e+01, 
 1DIAGNOSTIC,    36, -7.641528248787e-01, 5.557759868680e-05, 1.0276e+03, 2.0097e+01, 
 1DIAGNOSTIC,    37, -7.643520236015e-01, 5.136483741808e-05, 1.0477e+03, 2.0144e+01, 
 1DIAGNOSTIC,    38, -7.645416259766e-01, 4.751290543936e-05, 1.0681e+03, 2.0408e+01, 
 1DIAGNOSTIC,    39, -7.647250890732e-01, 4.405077197589e-05, 1.0882e+03, 2.0072e+01, 
 1DIAGNOSTIC,    40, -7.649008631706e-01, 4.087586785317e-05, 1.1084e+03, 2.0170e+01, 
 1DIAGNOSTIC,    41, -7.650635242462e-01, 3.797645695158e-05, 1.1285e+03, 2.0132e+01, 
 1DIAGNOSTIC,    42, -7.652184963226e-01, 3.531422407832e-05, 1.1484e+03, 1.9931e+01, 
 1DIAGNOSTIC,    43, -7.653658390045e-01, 3.283242403995e-05, 1.1685e+03, 2.0016e+01, 
 1DIAGNOSTIC,    44, -7.655089497566e-01, 3.059126538574e-05, 1.1885e+03, 2.0035e+01, 
 1DIAGNOSTIC,    45, -7.656463980675e-01, 2.854058584489e-05, 1.2088e+03, 2.0308e+01, 
 1DIAGNOSTIC,    46, -7.657818794250e-01, 2.667435364856e-05, 1.2289e+03, 2.0115e+01, 
 1DIAGNOSTIC,    47, -7.659082412720e-01, 2.496554589015e-05, 1.2491e+03, 2.0203e+01, 
 1DIAGNOSTIC,    48, -7.660296559334e-01, 2.340096034459e-05, 1.2693e+03, 2.0158e+01, 
 1DIAGNOSTIC,    49, -7.661390304565e-01, 2.193275759055e-05, 1.2893e+03, 1.9968e+01, 
 1DIAGNOSTIC,    50, -7.662529945374e-01, 2.062950261461e-05, 1.3095e+03, 2.0278e+01, 
 1DIAGNOSTIC,    51, -7.663612365723e-01, 1.942409471667e-05, 1.3296e+03, 2.0024e+01, 
 1DIAGNOSTIC,    52, -7.664600014687e-01, 1.826572588470e-05, 1.3495e+03, 1.9991e+01, 
 1DIAGNOSTIC,    53, -7.665624618530e-01, 1.720215732348e-05, 1.3697e+03, 2.0150e+01, 
 1DIAGNOSTIC,    54, -7.666513323784e-01, 1.617246016394e-05, 1.3898e+03, 2.0098e+01, 
 1DIAGNOSTIC,    55, -7.667362093925e-01, 1.517799864814e-05, 1.4098e+03, 1.9992e+01, 
 1DIAGNOSTIC,    56, -7.668247818947e-01, 1.429631538485e-05, 1.4298e+03, 2.0052e+01, 
 1DIAGNOSTIC,    57, -7.669053077698e-01, 1.346632507193e-05, 1.4498e+03, 1.9982e+01, 
 1DIAGNOSTIC,    58, -7.669832706451e-01, 1.269585027330e-05, 1.4697e+03, 1.9924e+01, 
 1DIAGNOSTIC,    59, -7.670537233353e-01, 1.190893544845e-05, 1.4897e+03, 2.0005e+01, 
 1DIAGNOSTIC,    60, -7.671203613281e-01, 1.116770908993e-05, 1.5099e+03, 2.0123e+01, 
 1DIAGNOSTIC,    61, -7.671859264374e-01, 1.048064586939e-05, 1.5302e+03, 2.0307e+01, 
 1DIAGNOSTIC,    62, -7.672512531281e-01, 9.832820069278e-06, 1.5502e+03, 2.0056e+01, 
 1DIAGNOSTIC,    63, -7.673060894012e-01, 9.230571777152e-06, 1.5703e+03, 2.0089e+01, 
 1DIAGNOSTIC,    64, -7.673611044884e-01, 8.638950930617e-06, 1.5904e+03, 2.0062e+01, 
 1DIAGNOSTIC,    65, -7.674116492271e-01, 8.050154974626e-06, 1.6103e+03, 1.9950e+01, 
 1DIAGNOSTIC,    66, -7.674543857574e-01, 7.484978141292e-06, 1.6306e+03, 2.0300e+01, 
 1DIAGNOSTIC,    67, -7.675073742867e-01, 6.998031039984e-06, 1.6508e+03, 2.0214e+01, 
 1DIAGNOSTIC,    68, -7.675504684448e-01, 6.552773356816e-06, 1.6711e+03, 2.0290e+01, 
 1DIAGNOSTIC,    69, -7.675971984863e-01, 6.161625606182e-06, 1.6913e+03, 2.0152e+01, 
 1DIAGNOSTIC,    70, -7.676384449005e-01, 5.800630333397e-06, 1.7115e+03, 2.0198e+01, 
XXDIAGNOSTIC,Iteration,metricValue,convergenceValue,ITERATION_TIME_INDEX,SINCE_LAST
 1DIAGNOSTIC,     1, -4.591861069202e-01, inf, 1.8770e+03, 1.6548e+02, 
 1DIAGNOSTIC,     2, -4.602864980698e-01, inf, 2.0418e+03, 1.6479e+02, 
 1DIAGNOSTIC,     3, -4.617756307125e-01, inf, 2.2042e+03, 1.6242e+02, 
 1DIAGNOSTIC,     4, -4.633579254150e-01, inf, 2.3687e+03, 1.6448e+02, 
 1DIAGNOSTIC,     5, -4.647491872311e-01, inf, 2.5351e+03, 1.6640e+02, 
 1DIAGNOSTIC,     6, -4.660070240498e-01, inf, 2.7002e+03, 1.6510e+02, 
 1DIAGNOSTIC,     7, -4.670383930206e-01, inf, 2.8635e+03, 1.6332e+02, 
 1DIAGNOSTIC,     8, -4.679885804653e-01, inf, 3.0278e+03, 1.6435e+02, 
 1DIAGNOSTIC,     9, -4.689482748508e-01, inf, 3.1920e+03, 1.6421e+02, 
 1DIAGNOSTIC,    10, -4.699343442917e-01, 1.507189590484e-03, 3.3564e+03, 1.6435e+02, 
 1DIAGNOSTIC,    11, -4.709610939026e-01, 1.302310498431e-03, 3.5220e+03, 1.6564e+02, 
 1DIAGNOSTIC,    12, -4.719930291176e-01, 1.122284797020e-03, 3.6869e+03, 1.6489e+02, 
 1DIAGNOSTIC,    13, -4.730298519135e-01, 9.859732817858e-04, 3.8510e+03, 1.6410e+02, 
 1DIAGNOSTIC,    14, -4.740881919861e-01, 8.933969656937e-04, 4.0162e+03, 1.6517e+02, 
 1DIAGNOSTIC,    15, -4.751725792885e-01, 8.309122058563e-04, 4.1797e+03, 1.6351e+02, 
 1DIAGNOSTIC,    16, -4.762778878212e-01, 7.888984400779e-04, 4.3446e+03, 1.6492e+02, 
 1DIAGNOSTIC,    17, -4.773789048195e-01, 7.545733824372e-04, 4.5099e+03, 1.6528e+02, 
 1DIAGNOSTIC,    18, -4.784841537476e-01, 7.229083566926e-04, 4.6729e+03, 1.6301e+02, 
 1DIAGNOSTIC,    19, -4.796306490898e-01, 6.940591847524e-04, 4.8378e+03, 1.6492e+02, 
 1DIAGNOSTIC,    20, -4.808172285557e-01, 6.685982225463e-04, 5.0044e+03, 1.6660e+02, 
  Elapsed time (stage 2): 5006


Total elapsed time: 5038
Using single precision for computations.
Input scalar image: /home/mpib/nemecz/Projects/miniTRK/Results/01_MRI/GroupTempl/T1w/T_template0sub-279828_T1wRepaired.nii.gz
Reference image: /home/mpib/nemecz/Projects/miniTRK/Results/01_MRI/GroupTempl/T1w/T_template0.nii.gz
=============================================================================
The composite transform comprises the following transforms (in order): 
  1. /home/mpib/nemecz/Projects/miniTRK/Results/01_MRI/GroupTempl/T1w/T_sub-279828_T1w50GenericAffine.mat (type = AffineTransform)
  2. /home/mpib/nemecz/Projects/miniTRK/Results/01_MRI/GroupTempl/T1w/T_sub-279828_T1w51Warp.nii.gz (type = DisplacementFieldTransform)
=============================================================================
Default pixel value: 0
Interpolation type: LinearInterpolateImageFunction
Output warped image: /home/mpib/nemecz/Projects/miniTRK/Results/01_MRI/GroupTempl/T1w/T_template0sub-279828_T1w5WarpedToTemplate.nii.gz
