
Running N4 for 3-dimensional images.

Mask not read.  Using the entire image as the mask.

Original intensity range:  [0, 792]

***********************************************************
Warning:  Your input image contains nonpositive values
which could cause failure or problematic results.  A
possible workaround would be to:
   1. rescale your image to positive values e.g., [10,100].
   2. run N4 on your rescaled image.
   3. (optional) rescale the N4 output to the original
      intensity range.
***********************************************************

Specified spline distance: 200mm
  original image size:  [192, 256, 256]
  padded image size:  [201, 401, 401]
  number of control points:  [4, 5, 5]

Current level = 1
  Iteration 1 (of 50).   Current convergence value = 0.000288713 (threshold = 1e-08)
  Iteration 2 (of 50).   Current convergence value = 0.000232093 (threshold = 1e-08)
  Iteration 3 (of 50).   Current convergence value = 0.000169015 (threshold = 1e-08)
  Iteration 4 (of 50).   Current convergence value = 0.000120195 (threshold = 1e-08)
  Iteration 5 (of 50).   Current convergence value = 8.7152e-05 (threshold = 1e-08)
  Iteration 6 (of 50).   Current convergence value = 6.62174e-05 (threshold = 1e-08)
  Iteration 7 (of 50).   Current convergence value = 5.34298e-05 (threshold = 1e-08)
  Iteration 8 (of 50).   Current convergence value = 4.62621e-05 (threshold = 1e-08)
  Iteration 9 (of 50).   Current convergence value = 4.24968e-05 (threshold = 1e-08)
  Iteration 10 (of 50).   Current convergence value = 4.03493e-05 (threshold = 1e-08)
  Iteration 11 (of 50).   Current convergence value = 3.89515e-05 (threshold = 1e-08)
  Iteration 12 (of 50).   Current convergence value = 3.7521e-05 (threshold = 1e-08)
  Iteration 13 (of 50).   Current convergence value = 3.60146e-05 (threshold = 1e-08)
  Iteration 14 (of 50).   Current convergence value = 3.44335e-05 (threshold = 1e-08)
  Iteration 15 (of 50).   Current convergence value = 3.27228e-05 (threshold = 1e-08)
  Iteration 16 (of 50).   Current convergence value = 3.09665e-05 (threshold = 1e-08)
  Iteration 17 (of 50).   Current convergence value = 2.94777e-05 (threshold = 1e-08)
  Iteration 18 (of 50).   Current convergence value = 2.80926e-05 (threshold = 1e-08)
  Iteration 19 (of 50).   Current convergence value = 2.68317e-05 (threshold = 1e-08)
  Iteration 20 (of 50).   Current convergence value = 2.56932e-05 (threshold = 1e-08)
  Iteration 21 (of 50).   Current convergence value = 2.46914e-05 (threshold = 1e-08)
  Iteration 22 (of 50).   Current convergence value = 2.38311e-05 (threshold = 1e-08)
  Iteration 23 (of 50).   Current convergence value = 2.31034e-05 (threshold = 1e-08)
  Iteration 24 (of 50).   Current convergence value = 2.24385e-05 (threshold = 1e-08)
  Iteration 25 (of 50).   Current convergence value = 2.18784e-05 (threshold = 1e-08)
  Iteration 26 (of 50).   Current convergence value = 2.14013e-05 (threshold = 1e-08)
  Iteration 27 (of 50).   Current convergence value = 2.10439e-05 (threshold = 1e-08)
  Iteration 28 (of 50).   Current convergence value = 2.07722e-05 (threshold = 1e-08)
  Iteration 29 (of 50).   Current convergence value = 2.06273e-05 (threshold = 1e-08)
  Iteration 30 (of 50).   Current convergence value = 2.05771e-05 (threshold = 1e-08)
  Iteration 31 (of 50).   Current convergence value = 2.05936e-05 (threshold = 1e-08)
  Iteration 32 (of 50).   Current convergence value = 2.0719e-05 (threshold = 1e-08)
  Iteration 33 (of 50).   Current convergence value = 2.08348e-05 (threshold = 1e-08)
  Iteration 34 (of 50).   Current convergence value = 2.10387e-05 (threshold = 1e-08)
  Iteration 35 (of 50).   Current convergence value = 2.11737e-05 (threshold = 1e-08)
  Iteration 36 (of 50).   Current convergence value = 2.13557e-05 (threshold = 1e-08)
  Iteration 37 (of 50).   Current convergence value = 2.1535e-05 (threshold = 1e-08)
  Iteration 38 (of 50).   Current convergence value = 2.17335e-05 (threshold = 1e-08)
  Iteration 39 (of 50).   Current convergence value = 2.18712e-05 (threshold = 1e-08)
  Iteration 40 (of 50).   Current convergence value = 2.20532e-05 (threshold = 1e-08)
  Iteration 41 (of 50).   Current convergence value = 2.22381e-05 (threshold = 1e-08)
  Iteration 42 (of 50).   Current convergence value = 2.25146e-05 (threshold = 1e-08)
  Iteration 43 (of 50).   Current convergence value = 2.27184e-05 (threshold = 1e-08)
  Iteration 44 (of 50).   Current convergence value = 2.30161e-05 (threshold = 1e-08)
  Iteration 45 (of 50).   Current convergence value = 2.32672e-05 (threshold = 1e-08)
  Iteration 46 (of 50).   Current convergence value = 2.35378e-05 (threshold = 1e-08)
  Iteration 47 (of 50).   Current convergence value = 2.3731e-05 (threshold = 1e-08)
  Iteration 48 (of 50).   Current convergence value = 2.40951e-05 (threshold = 1e-08)
  Iteration 49 (of 50).   Current convergence value = 2.43089e-05 (threshold = 1e-08)
  Iteration 50 (of 50).   Current convergence value = 2.47095e-05 (threshold = 1e-08)
Current level = 2
  Iteration 1 (of 50).   Current convergence value = 0.000303844 (threshold = 1e-08)
  Iteration 2 (of 50).   Current convergence value = 0.00028593 (threshold = 1e-08)
  Iteration 3 (of 50).   Current convergence value = 0.000276338 (threshold = 1e-08)
  Iteration 4 (of 50).   Current convergence value = 0.000268712 (threshold = 1e-08)
  Iteration 5 (of 50).   Current convergence value = 0.000260877 (threshold = 1e-08)
  Iteration 6 (of 50).   Current convergence value = 0.000252822 (threshold = 1e-08)
  Iteration 7 (of 50).   Current convergence value = 0.000244457 (threshold = 1e-08)
  Iteration 8 (of 50).   Current convergence value = 0.000236725 (threshold = 1e-08)
  Iteration 9 (of 50).   Current convergence value = 0.000229845 (threshold = 1e-08)
  Iteration 10 (of 50).   Current convergence value = 0.000223435 (threshold = 1e-08)
  Iteration 11 (of 50).   Current convergence value = 0.000217414 (threshold = 1e-08)
  Iteration 12 (of 50).   Current convergence value = 0.000211722 (threshold = 1e-08)
  Iteration 13 (of 50).   Current convergence value = 0.000206642 (threshold = 1e-08)
  Iteration 14 (of 50).   Current convergence value = 0.000201679 (threshold = 1e-08)
  Iteration 15 (of 50).   Current convergence value = 0.000194942 (threshold = 1e-08)
  Iteration 16 (of 50).   Current convergence value = 0.000189533 (threshold = 1e-08)
  Iteration 17 (of 50).   Current convergence value = 0.000185786 (threshold = 1e-08)
  Iteration 18 (of 50).   Current convergence value = 0.000182938 (threshold = 1e-08)
  Iteration 19 (of 50).   Current convergence value = 0.000180514 (threshold = 1e-08)
  Iteration 20 (of 50).   Current convergence value = 0.000177021 (threshold = 1e-08)
  Iteration 21 (of 50).   Current convergence value = 0.000171475 (threshold = 1e-08)
  Iteration 22 (of 50).   Current convergence value = 0.000166681 (threshold = 1e-08)
  Iteration 23 (of 50).   Current convergence value = 0.000162255 (threshold = 1e-08)
  Iteration 24 (of 50).   Current convergence value = 0.000158329 (threshold = 1e-08)
  Iteration 25 (of 50).   Current convergence value = 0.000154814 (threshold = 1e-08)
  Iteration 26 (of 50).   Current convergence value = 0.000151556 (threshold = 1e-08)
  Iteration 27 (of 50).   Current convergence value = 0.000148541 (threshold = 1e-08)
  Iteration 28 (of 50).   Current convergence value = 0.00014574 (threshold = 1e-08)
  Iteration 29 (of 50).   Current convergence value = 0.000143166 (threshold = 1e-08)
  Iteration 30 (of 50).   Current convergence value = 0.000140796 (threshold = 1e-08)
  Iteration 31 (of 50).   Current convergence value = 0.000138563 (threshold = 1e-08)
  Iteration 32 (of 50).   Current convergence value = 0.000136419 (threshold = 1e-08)
  Iteration 33 (of 50).   Current convergence value = 0.000134401 (threshold = 1e-08)
  Iteration 34 (of 50).   Current convergence value = 0.000132283 (threshold = 1e-08)
  Iteration 35 (of 50).   Current convergence value = 0.000130293 (threshold = 1e-08)
  Iteration 36 (of 50).   Current convergence value = 0.000128378 (threshold = 1e-08)
  Iteration 37 (of 50).   Current convergence value = 0.000126691 (threshold = 1e-08)
  Iteration 38 (of 50).   Current convergence value = 0.000125082 (threshold = 1e-08)
  Iteration 39 (of 50).   Current convergence value = 0.000123517 (threshold = 1e-08)
  Iteration 40 (of 50).   Current convergence value = 0.000121973 (threshold = 1e-08)
  Iteration 41 (of 50).   Current convergence value = 0.000120476 (threshold = 1e-08)
  Iteration 42 (of 50).   Current convergence value = 0.00011901 (threshold = 1e-08)
  Iteration 43 (of 50).   Current convergence value = 0.000117444 (threshold = 1e-08)
  Iteration 44 (of 50).   Current convergence value = 0.000115919 (threshold = 1e-08)
  Iteration 45 (of 50).   Current convergence value = 0.000114512 (threshold = 1e-08)
  Iteration 46 (of 50).   Current convergence value = 0.000113189 (threshold = 1e-08)
  Iteration 47 (of 50).   Current convergence value = 0.000111935 (threshold = 1e-08)
  Iteration 48 (of 50).   Current convergence value = 0.000110669 (threshold = 1e-08)
  Iteration 49 (of 50).   Current convergence value = 0.000109339 (threshold = 1e-08)
  Iteration 50 (of 50).   Current convergence value = 0.000108098 (threshold = 1e-08)
Current level = 3
  Iteration 1 (of 40).   Current convergence value = 0.00156049 (threshold = 1e-08)
  Iteration 2 (of 40).   Current convergence value = 0.00145135 (threshold = 1e-08)
  Iteration 3 (of 40).   Current convergence value = 0.00141101 (threshold = 1e-08)
  Iteration 4 (of 40).   Current convergence value = 0.00137531 (threshold = 1e-08)
  Iteration 5 (of 40).   Current convergence value = 0.00129987 (threshold = 1e-08)
  Iteration 6 (of 40).   Current convergence value = 0.00123119 (threshold = 1e-08)
  Iteration 7 (of 40).   Current convergence value = 0.00117193 (threshold = 1e-08)
  Iteration 8 (of 40).   Current convergence value = 0.0011245 (threshold = 1e-08)
  Iteration 9 (of 40).   Current convergence value = 0.00108652 (threshold = 1e-08)
  Iteration 10 (of 40).   Current convergence value = 0.00105805 (threshold = 1e-08)
  Iteration 11 (of 40).   Current convergence value = 0.00103689 (threshold = 1e-08)
  Iteration 12 (of 40).   Current convergence value = 0.00102366 (threshold = 1e-08)
  Iteration 13 (of 40).   Current convergence value = 0.00101734 (threshold = 1e-08)
  Iteration 14 (of 40).   Current convergence value = 0.00101679 (threshold = 1e-08)
  Iteration 15 (of 40).   Current convergence value = 0.0010205 (threshold = 1e-08)
  Iteration 16 (of 40).   Current convergence value = 0.000989378 (threshold = 1e-08)
  Iteration 17 (of 40).   Current convergence value = 0.000930045 (threshold = 1e-08)
  Iteration 18 (of 40).   Current convergence value = 0.000884456 (threshold = 1e-08)
  Iteration 19 (of 40).   Current convergence value = 0.00084801 (threshold = 1e-08)
  Iteration 20 (of 40).   Current convergence value = 0.000818205 (threshold = 1e-08)
  Iteration 21 (of 40).   Current convergence value = 0.000793772 (threshold = 1e-08)
  Iteration 22 (of 40).   Current convergence value = 0.000762039 (threshold = 1e-08)
  Iteration 23 (of 40).   Current convergence value = 0.000731972 (threshold = 1e-08)
  Iteration 24 (of 40).   Current convergence value = 0.000708612 (threshold = 1e-08)
  Iteration 25 (of 40).   Current convergence value = 0.000690188 (threshold = 1e-08)
  Iteration 26 (of 40).   Current convergence value = 0.000676269 (threshold = 1e-08)
  Iteration 27 (of 40).   Current convergence value = 0.000666166 (threshold = 1e-08)
  Iteration 28 (of 40).   Current convergence value = 0.000659141 (threshold = 1e-08)
  Iteration 29 (of 40).   Current convergence value = 0.000655117 (threshold = 1e-08)
  Iteration 30 (of 40).   Current convergence value = 0.000653442 (threshold = 1e-08)
  Iteration 31 (of 40).   Current convergence value = 0.000653937 (threshold = 1e-08)
  Iteration 32 (of 40).   Current convergence value = 0.000656319 (threshold = 1e-08)
  Iteration 33 (of 40).   Current convergence value = 0.000660395 (threshold = 1e-08)
  Iteration 34 (of 40).   Current convergence value = 0.000666031 (threshold = 1e-08)
  Iteration 35 (of 40).   Current convergence value = 0.00067325 (threshold = 1e-08)
  Iteration 36 (of 40).   Current convergence value = 0.000681778 (threshold = 1e-08)
  Iteration 37 (of 40).   Current convergence value = 0.000691029 (threshold = 1e-08)
  Iteration 38 (of 40).   Current convergence value = 0.000664737 (threshold = 1e-08)
  Iteration 39 (of 40).   Current convergence value = 0.000630293 (threshold = 1e-08)
  Iteration 40 (of 40).   Current convergence value = 0.000602291 (threshold = 1e-08)
Current level = 4
  Iteration 1 (of 30).   Current convergence value = 0.00210214 (threshold = 1e-08)
  Iteration 2 (of 30).   Current convergence value = 0.00169233 (threshold = 1e-08)
  Iteration 3 (of 30).   Current convergence value = 0.00150967 (threshold = 1e-08)
  Iteration 4 (of 30).   Current convergence value = 0.00136019 (threshold = 1e-08)
  Iteration 5 (of 30).   Current convergence value = 0.0012258 (threshold = 1e-08)
  Iteration 6 (of 30).   Current convergence value = 0.00111453 (threshold = 1e-08)
  Iteration 7 (of 30).   Current convergence value = 0.00101732 (threshold = 1e-08)
  Iteration 8 (of 30).   Current convergence value = 0.00093178 (threshold = 1e-08)
  Iteration 9 (of 30).   Current convergence value = 0.000855742 (threshold = 1e-08)
  Iteration 10 (of 30).   Current convergence value = 0.000788668 (threshold = 1e-08)
  Iteration 11 (of 30).   Current convergence value = 0.000728142 (threshold = 1e-08)
  Iteration 12 (of 30).   Current convergence value = 0.000675135 (threshold = 1e-08)
  Iteration 13 (of 30).   Current convergence value = 0.000629442 (threshold = 1e-08)
  Iteration 14 (of 30).   Current convergence value = 0.000589931 (threshold = 1e-08)
  Iteration 15 (of 30).   Current convergence value = 0.000556422 (threshold = 1e-08)
  Iteration 16 (of 30).   Current convergence value = 0.000527276 (threshold = 1e-08)
  Iteration 17 (of 30).   Current convergence value = 0.00050271 (threshold = 1e-08)
  Iteration 18 (of 30).   Current convergence value = 0.000482564 (threshold = 1e-08)
  Iteration 19 (of 30).   Current convergence value = 0.000466562 (threshold = 1e-08)
  Iteration 20 (of 30).   Current convergence value = 0.000454671 (threshold = 1e-08)
  Iteration 21 (of 30).   Current convergence value = 0.000453042 (threshold = 1e-08)
  Iteration 22 (of 30).   Current convergence value = 0.000468378 (threshold = 1e-08)
  Iteration 23 (of 30).   Current convergence value = 0.000442649 (threshold = 1e-08)
  Iteration 24 (of 30).   Current convergence value = 0.000404724 (threshold = 1e-08)
  Iteration 25 (of 30).   Current convergence value = 0.000375229 (threshold = 1e-08)
  Iteration 26 (of 30).   Current convergence value = 0.000351315 (threshold = 1e-08)
  Iteration 27 (of 30).   Current convergence value = 0.000332047 (threshold = 1e-08)
  Iteration 28 (of 30).   Current convergence value = 0.000316086 (threshold = 1e-08)
  Iteration 29 (of 30).   Current convergence value = 0.000302771 (threshold = 1e-08)
  Iteration 30 (of 30).   Current convergence value = 0.000291481 (threshold = 1e-08)
   N4BiasFieldCorrectionImageFilter (0x55f6b2bb5e20)
     RTTI typeinfo:   itk::N4BiasFieldCorrectionImageFilter<itk::Image<float, 3u>, itk::Image<float, 3u>, itk::Image<float, 3u> >
     Reference Count: 1
     Modified Time: 565
     Debug: Off
     Object Name: 
     Observers: 
       IterationEvent(Command)
     Inputs: 
       ConfidenceImage: (0)
       MaskImage: (0x55f6b2be05e0)
       Primary: (0x55f6b2bdbae0) *
     Indexed Inputs: 
       0: Primary (0x55f6b2bdbae0)
       1: MaskImage (0x55f6b2be05e0)
       2: ConfidenceImage (0)
     Required Input Names: Primary
     NumberOfRequiredInputs: 1
     Outputs: 
       Primary: (0x55f6b2bc5ef0)
     Indexed Outputs: 
       0: Primary (0x55f6b2bc5ef0)
     NumberOfRequiredOutputs: 1
     Number Of Work Units: 32
     ReleaseDataFlag: Off
     ReleaseDataBeforeUpdateFlag: Off
     AbortGenerateData: Off
     Progress: 0
     Multithreader: 
       RTTI typeinfo:   itk::PoolMultiThreader
       Reference Count: 1
       Modified Time: 144
       Debug: Off
       Object Name: 
       Observers: 
         none
       Number of Work Units: 32
       Number of Threads: 8
       Global Maximum Number Of Threads: 128
       Global Default Number Of Threads: 8
       Global Default Threader Type: itk::MultiThreaderBaseEnums::Threader::Pool
       SingleMethod: 0
       SingleData: 0
     DynamicMultiThreading: On
     CoordinateTolerance: 1e-06
     DirectionTolerance: 1e-06
     Use Mask Label: 0
     Mask label: 1
     Number of histogram bins: 200
     Wiener filter noise: 0.01
     Bias field FWHM: 0.15
     Maximum number of iterations: [50, 50, 40, 30]
     Convergence threshold: 1e-08
     Spline order: 3
     Number of fitting levels: [4, 4, 4]
     Number of control points: [4, 5, 5]
     CurrentConvergenceMeasurement: 0.000291481
     CurrentLevel: 4
     ElapsedIterations: 31
     LogBiasFieldControlPointLattice: 
       Image (0x55f6bdf55af0)
         RTTI typeinfo:   itk::Image<itk::Vector<float, 1u>, 3u>
         Reference Count: 1
         Modified Time: 343560
         Debug: Off
         Object Name: 
         Observers: 
           none
         Source: (none)
         Source output name: (none)
         Release Data: Off
         Data Released: False
         Global Release Data: Off
         PipelineMTime: 0
         UpdateMTime: 0
         RealTimeStamp: 0 seconds 
         LargestPossibleRegion: 
           Dimension: 3
           Index: [0, 0, 0]
           Size: [11, 19, 19]
         BufferedRegion: 
           Dimension: 3
           Index: [0, 0, 0]
           Size: [11, 19, 19]
         RequestedRegion: 
           Dimension: 3
           Index: [0, 0, 0]
           Size: [11, 19, 19]
         Spacing: [24.75, 24.875, 24.875]
         Origin: [26.2446, 22.8581, -25.275]
         Direction: 
-0.998072 -0.062074 7.14631e-05
0.062066 -0.997923 0.0172516
-0.000999561 0.0172228 0.999851

         IndexToPointMatrix: 
-24.7023 -1.54409 0.00177764
1.53613 -24.8233 0.429134
-0.0247391 0.428417 24.8713

         PointToIndexMatrix: 
-0.0403261 0.00250772 -4.03863e-05
-0.00249544 -0.0401175 0.000692373
2.87296e-06 0.000693533 0.040195

         Inverse Direction: 
-0.998072 0.062066 -0.000999561
-0.062074 -0.997923 0.0172228
7.14648e-05 0.0172516 0.999851

         PixelContainer: 
           ImportImageContainer (0x55f6b96b7810)
             RTTI typeinfo:   itk::ImportImageContainer<unsigned long, itk::Vector<float, 1u> >
             Reference Count: 1
             Modified Time: 343561
             Debug: Off
             Object Name: 
             Observers: 
               none
             Pointer: 0x55f6bcd614f0
             Container manages memory: true
             Size: 3971
             Capacity: 3971
Elapsed time: 267.65
All_Command_lines_OK
Using single precision for computations.
=============================================================================
The composite transform comprises the following transforms (in order): 
  1. Center of mass alignment using fixed image: /home/mpib/nemecz/Projects/miniTRK/Results/01_MRI/GroupTempl/T1w/T_template0.nii.gz and moving image: /home/mpib/nemecz/Projects/miniTRK/Analysis/01_MRI/Preproc/GroupTempl/T1w/sub-317132_T1w.nii.gz (type = Euler3DTransform)
=============================================================================
  number of levels = 4
  number of levels = 4
  number of levels = 4
  fixed image: /home/mpib/nemecz/Projects/miniTRK/Results/01_MRI/GroupTempl/T1w/T_template0.nii.gz
  moving image: /home/mpib/nemecz/Projects/miniTRK/Results/01_MRI/GroupTempl/T1w/T_template0sub-317132_T1wRepaired.nii.gz
  fixed image: /home/mpib/nemecz/Projects/miniTRK/Results/01_MRI/GroupTempl/T1w/T_template0.nii.gz
  moving image: /home/mpib/nemecz/Projects/miniTRK/Results/01_MRI/GroupTempl/T1w/T_template0sub-317132_T1wRepaired.nii.gz
  fixed image: /home/mpib/nemecz/Projects/miniTRK/Results/01_MRI/GroupTempl/T1w/T_template0.nii.gz
  moving image: /home/mpib/nemecz/Projects/miniTRK/Results/01_MRI/GroupTempl/T1w/T_template0sub-317132_T1wRepaired.nii.gz
Dimension = 3
Number of stages = 3
Use Histogram Matching true
Winsorize image intensities true
Lower quantile = 0.01
Upper quantile = 0.99
Stage 1 State
   Image metric = Mattes
     Fixed image = Image (0x55e56f6c0ad0)
  RTTI typeinfo:   itk::Image<float, 3u>
  Reference Count: 2
  Modified Time: 1721
  Debug: Off
  Object Name: 
  Observers: 
    none
  Source: (none)
  Source output name: (none)
  Release Data: Off
  Data Released: False
  Global Release Data: Off
  PipelineMTime: 0
  UpdateMTime: 1506
  RealTimeStamp: 0 seconds 
  LargestPossibleRegion: 
    Dimension: 3
    Index: [0, 0, 0]
    Size: [192, 256, 256]
  BufferedRegion: 
    Dimension: 3
    Index: [0, 0, 0]
    Size: [192, 256, 256]
  RequestedRegion: 
    Dimension: 3
    Index: [0, 0, 0]
    Size: [192, 256, 256]
  Spacing: [1, 1, 1]
  Origin: [95.0313, 100.538, -154.123]
  Direction: 
-0.999853 -0.014134 -0.00966312
0.014129 -0.9999 0.000586045
-0.00967044 0.000449429 0.999953

  IndexToPointMatrix: 
-0.999853 -0.014134 -0.00966312
0.014129 -0.9999 0.000586045
-0.00967044 0.000449429 0.999953

  PointToIndexMatrix: 
-0.999853 0.014129 -0.00967044
-0.014134 -0.9999 0.000449429
-0.00966312 0.000586045 0.999953

  Inverse Direction: 
-0.999853 0.014129 -0.00967044
-0.014134 -0.9999 0.000449429
-0.00966312 0.000586045 0.999953

  PixelContainer: 
    ImportImageContainer (0x55e56f6c8c80)
      RTTI typeinfo:   itk::ImportImageContainer<unsigned long, float>
      Reference Count: 1
      Modified Time: 1503
      Debug: Off
      Object Name: 
      Observers: 
        none
      Pointer: 0x7f0f3d616010
      Container manages memory: true
      Size: 12582912
      Capacity: 12582912

     Moving image = Image (0x55e56f6c1b40)
  RTTI typeinfo:   itk::Image<float, 3u>
  Reference Count: 2
  Modified Time: 1722
  Debug: Off
  Object Name: 
  Observers: 
    none
  Source: (none)
  Source output name: (none)
  Release Data: Off
  Data Released: False
  Global Release Data: Off
  PipelineMTime: 0
  UpdateMTime: 1719
  RealTimeStamp: 0 seconds 
  LargestPossibleRegion: 
    Dimension: 3
    Index: [0, 0, 0]
    Size: [192, 256, 256]
  BufferedRegion: 
    Dimension: 3
    Index: [0, 0, 0]
    Size: [192, 256, 256]
  RequestedRegion: 
    Dimension: 3
    Index: [0, 0, 0]
    Size: [192, 256, 256]
  Spacing: [1, 1, 1]
  Origin: [104.709, 92.8016, -152.229]
  Direction: 
-0.998072 -0.062074 7.1464e-05
0.062066 -0.997923 0.0172516
-0.000999561 0.0172228 0.999851

  IndexToPointMatrix: 
-0.998072 -0.062074 7.1464e-05
0.062066 -0.997923 0.0172516
-0.000999561 0.0172228 0.999851

  PointToIndexMatrix: 
-0.998072 0.062066 -0.000999561
-0.062074 -0.997923 0.0172228
7.1464e-05 0.0172516 0.999851

  Inverse Direction: 
-0.998072 0.062066 -0.000999561
-0.062074 -0.997923 0.0172228
7.1464e-05 0.0172516 0.999851

  PixelContainer: 
    ImportImageContainer (0x55e56f535bf0)
      RTTI typeinfo:   itk::ImportImageContainer<unsigned long, float>
      Reference Count: 1
      Modified Time: 1716
      Debug: Off
      Object Name: 
      Observers: 
        none
      Pointer: 0x7f0f3a615010
      Container manages memory: true
      Size: 12582912
      Capacity: 12582912

     Weighting = 1
     Sampling strategy = regular
     Number of bins = 32
     Radius = 4
     Sampling percentage  = 0.25
   Transform = Rigid
     Gradient step = 0.1
     Update field sigma (voxel space) = 0
     Total field sigma (voxel space) = 0
     Update field time sigma = 0
     Total field time sigma  = 0
     Number of time indices = 0
     Number of time point samples = 0
Stage 2 State
   Image metric = Mattes
     Fixed image = Image (0x55e56f6d98a0)
  RTTI typeinfo:   itk::Image<float, 3u>
  Reference Count: 2
  Modified Time: 2149
  Debug: Off
  Object Name: 
  Observers: 
    none
  Source: (none)
  Source output name: (none)
  Release Data: Off
  Data Released: False
  Global Release Data: Off
  PipelineMTime: 0
  UpdateMTime: 1934
  RealTimeStamp: 0 seconds 
  LargestPossibleRegion: 
    Dimension: 3
    Index: [0, 0, 0]
    Size: [192, 256, 256]
  BufferedRegion: 
    Dimension: 3
    Index: [0, 0, 0]
    Size: [192, 256, 256]
  RequestedRegion: 
    Dimension: 3
    Index: [0, 0, 0]
    Size: [192, 256, 256]
  Spacing: [1, 1, 1]
  Origin: [95.0313, 100.538, -154.123]
  Direction: 
-0.999853 -0.014134 -0.00966312
0.014129 -0.9999 0.000586045
-0.00967044 0.000449429 0.999953

  IndexToPointMatrix: 
-0.999853 -0.014134 -0.00966312
0.014129 -0.9999 0.000586045
-0.00967044 0.000449429 0.999953

  PointToIndexMatrix: 
-0.999853 0.014129 -0.00967044
-0.014134 -0.9999 0.000449429
-0.00966312 0.000586045 0.999953

  Inverse Direction: 
-0.999853 0.014129 -0.00967044
-0.014134 -0.9999 0.000449429
-0.00966312 0.000586045 0.999953

  PixelContainer: 
    ImportImageContainer (0x55e56f6c6d60)
      RTTI typeinfo:   itk::ImportImageContainer<unsigned long, float>
      Reference Count: 1
      Modified Time: 1931
      Debug: Off
      Object Name: 
      Observers: 
        none
      Pointer: 0x7f0f37614010
      Container manages memory: true
      Size: 12582912
      Capacity: 12582912

     Moving image = Image (0x55e56f6d94a0)
  RTTI typeinfo:   itk::Image<float, 3u>
  Reference Count: 2
  Modified Time: 2150
  Debug: Off
  Object Name: 
  Observers: 
    none
  Source: (none)
  Source output name: (none)
  Release Data: Off
  Data Released: False
  Global Release Data: Off
  PipelineMTime: 0
  UpdateMTime: 2147
  RealTimeStamp: 0 seconds 
  LargestPossibleRegion: 
    Dimension: 3
    Index: [0, 0, 0]
    Size: [192, 256, 256]
  BufferedRegion: 
    Dimension: 3
    Index: [0, 0, 0]
    Size: [192, 256, 256]
  RequestedRegion: 
    Dimension: 3
    Index: [0, 0, 0]
    Size: [192, 256, 256]
  Spacing: [1, 1, 1]
  Origin: [104.709, 92.8016, -152.229]
  Direction: 
-0.998072 -0.062074 7.1464e-05
0.062066 -0.997923 0.0172516
-0.000999561 0.0172228 0.999851

  IndexToPointMatrix: 
-0.998072 -0.062074 7.1464e-05
0.062066 -0.997923 0.0172516
-0.000999561 0.0172228 0.999851

  PointToIndexMatrix: 
-0.998072 0.062066 -0.000999561
-0.062074 -0.997923 0.0172228
7.1464e-05 0.0172516 0.999851

  Inverse Direction: 
-0.998072 0.062066 -0.000999561
-0.062074 -0.997923 0.0172228
7.1464e-05 0.0172516 0.999851

  PixelContainer: 
    ImportImageContainer (0x55e56f6de7d0)
      RTTI typeinfo:   itk::ImportImageContainer<unsigned long, float>
      Reference Count: 1
      Modified Time: 2144
      Debug: Off
      Object Name: 
      Observers: 
        none
      Pointer: 0x7f0f34613010
      Container manages memory: true
      Size: 12582912
      Capacity: 12582912

     Weighting = 1
     Sampling strategy = regular
     Number of bins = 32
     Radius = 4
     Sampling percentage  = 0.25
   Transform = Affine
     Gradient step = 0.1
     Update field sigma (voxel space) = 0
     Total field sigma (voxel space) = 0
     Update field time sigma = 0
     Total field time sigma  = 0
     Number of time indices = 0
     Number of time point samples = 0
Stage 3 State
   Image metric = CC
     Fixed image = Image (0x55e56f6e09f0)
  RTTI typeinfo:   itk::Image<float, 3u>
  Reference Count: 2
  Modified Time: 2577
  Debug: Off
  Object Name: 
  Observers: 
    none
  Source: (none)
  Source output name: (none)
  Release Data: Off
  Data Released: False
  Global Release Data: Off
  PipelineMTime: 0
  UpdateMTime: 2362
  RealTimeStamp: 0 seconds 
  LargestPossibleRegion: 
    Dimension: 3
    Index: [0, 0, 0]
    Size: [192, 256, 256]
  BufferedRegion: 
    Dimension: 3
    Index: [0, 0, 0]
    Size: [192, 256, 256]
  RequestedRegion: 
    Dimension: 3
    Index: [0, 0, 0]
    Size: [192, 256, 256]
  Spacing: [1, 1, 1]
  Origin: [95.0313, 100.538, -154.123]
  Direction: 
-0.999853 -0.014134 -0.00966312
0.014129 -0.9999 0.000586045
-0.00967044 0.000449429 0.999953

  IndexToPointMatrix: 
-0.999853 -0.014134 -0.00966312
0.014129 -0.9999 0.000586045
-0.00967044 0.000449429 0.999953

  PointToIndexMatrix: 
-0.999853 0.014129 -0.00967044
-0.014134 -0.9999 0.000449429
-0.00966312 0.000586045 0.999953

  Inverse Direction: 
-0.999853 0.014129 -0.00967044
-0.014134 -0.9999 0.000449429
-0.00966312 0.000586045 0.999953

  PixelContainer: 
    ImportImageContainer (0x55e56f6c1040)
      RTTI typeinfo:   itk::ImportImageContainer<unsigned long, float>
      Reference Count: 1
      Modified Time: 2359
      Debug: Off
      Object Name: 
      Observers: 
        none
      Pointer: 0x7f0f31612010
      Container manages memory: true
      Size: 12582912
      Capacity: 12582912

     Moving image = Image (0x55e56f6e2800)
  RTTI typeinfo:   itk::Image<float, 3u>
  Reference Count: 2
  Modified Time: 2578
  Debug: Off
  Object Name: 
  Observers: 
    none
  Source: (none)
  Source output name: (none)
  Release Data: Off
  Data Released: False
  Global Release Data: Off
  PipelineMTime: 0
  UpdateMTime: 2575
  RealTimeStamp: 0 seconds 
  LargestPossibleRegion: 
    Dimension: 3
    Index: [0, 0, 0]
    Size: [192, 256, 256]
  BufferedRegion: 
    Dimension: 3
    Index: [0, 0, 0]
    Size: [192, 256, 256]
  RequestedRegion: 
    Dimension: 3
    Index: [0, 0, 0]
    Size: [192, 256, 256]
  Spacing: [1, 1, 1]
  Origin: [104.709, 92.8016, -152.229]
  Direction: 
-0.998072 -0.062074 7.1464e-05
0.062066 -0.997923 0.0172516
-0.000999561 0.0172228 0.999851

  IndexToPointMatrix: 
-0.998072 -0.062074 7.1464e-05
0.062066 -0.997923 0.0172516
-0.000999561 0.0172228 0.999851

  PointToIndexMatrix: 
-0.998072 0.062066 -0.000999561
-0.062074 -0.997923 0.0172228
7.1464e-05 0.0172516 0.999851

  Inverse Direction: 
-0.998072 0.062066 -0.000999561
-0.062074 -0.997923 0.0172228
7.1464e-05 0.0172516 0.999851

  PixelContainer: 
    ImportImageContainer (0x55e56f6d8260)
      RTTI typeinfo:   itk::ImportImageContainer<unsigned long, float>
      Reference Count: 1
      Modified Time: 2572
      Debug: Off
      Object Name: 
      Observers: 
        none
      Pointer: 0x7f0f2e611010
      Container manages memory: true
      Size: 12582912
      Capacity: 12582912

     Weighting = 1
     Sampling strategy = none
     Number of bins = 32
     Radius = 4
     Sampling percentage  = 1
   Transform = SyN
     Gradient step = 0.1
     Update field sigma (voxel space) = 3
     Total field sigma (voxel space) = 0
     Update field time sigma = 0
     Total field time sigma  = 0
     Number of time indices = 0
     Number of time point samples = 0
Registration using 3 total stages.

Stage 0
  iterations = 1000x500x250x0
  convergence threshold = 1e-06
  convergence window size = 10
  number of levels = 4
  using the Mattes MI metric (number of bins = 32, weight = 1)
  preprocessing:  winsorizing the image intensities
  preprocessing:  histogram matching the images
  Shrink factors (level 1 out of 4): [6, 6, 6]
  Shrink factors (level 2 out of 4): [4, 4, 4]
  Shrink factors (level 3 out of 4): [2, 2, 2]
  Shrink factors (level 4 out of 4): [1, 1, 1]
  smoothing sigmas per level: [4, 2, 1, 0]
  regular sampling (percentage = 0.25)

*** Running Euler3DTransform registration ***

DIAGNOSTIC,Iteration,metricValue,convergenceValue,ITERATION_TIME_INDEX,SINCE_LAST
 2DIAGNOSTIC,     1, -7.105081081390e-01, inf, 5.8502e-01, 5.8502e-01, 
 2DIAGNOSTIC,     2, -7.130586504936e-01, inf, 5.9542e-01, 1.0391e-02, 
 2DIAGNOSTIC,     3, -7.171730995178e-01, inf, 6.0505e-01, 9.6381e-03, 
 2DIAGNOSTIC,     4, -7.236532568932e-01, inf, 6.1443e-01, 9.3720e-03, 
 2DIAGNOSTIC,     5, -7.331395149231e-01, inf, 6.2302e-01, 8.5981e-03, 
 2DIAGNOSTIC,     6, -7.461856603622e-01, inf, 6.3074e-01, 7.7200e-03, 
 2DIAGNOSTIC,     7, -7.585318088531e-01, inf, 6.3851e-01, 7.7641e-03, 
 2DIAGNOSTIC,     8, -7.641670703888e-01, inf, 6.4723e-01, 8.7268e-03, 
 2DIAGNOSTIC,     9, -7.644294500351e-01, inf, 6.5476e-01, 7.5231e-03, 
 2DIAGNOSTIC,    10, -7.655099630356e-01, 5.817520432174e-03, 6.6444e-01, 9.6791e-03, 
 2DIAGNOSTIC,    11, -7.673876881599e-01, 4.936393350363e-03, 6.7429e-01, 9.8560e-03, 
 2DIAGNOSTIC,    12, -7.687750458717e-01, 3.883927362040e-03, 6.8558e-01, 1.1285e-02, 
 2DIAGNOSTIC,    13, -7.687219381332e-01, 2.767690224573e-03, 6.9700e-01, 1.1420e-02, 
 2DIAGNOSTIC,    14, -7.687270045280e-01, 1.743661472574e-03, 7.0694e-01, 9.9430e-03, 
 2DIAGNOSTIC,    15, -7.687117457390e-01, 9.370656916872e-04, 7.1812e-01, 1.1179e-02, 
 2DIAGNOSTIC,    16, -7.686967253685e-01, 4.489468701649e-04, 7.2758e-01, 9.4578e-03, 
 2DIAGNOSTIC,    17, -7.687160372734e-01, 2.497578971088e-04, 7.3643e-01, 8.8561e-03, 
 2DIAGNOSTIC,    18, -7.687287330627e-01, 1.694685051916e-04, 7.4446e-01, 8.0221e-03, 
 2DIAGNOSTIC,    19, -7.686931490898e-01, 8.706704829820e-05, 7.5330e-01, 8.8470e-03, 
 2DIAGNOSTIC,    20, -7.687169909477e-01, 2.526938442315e-05, 7.6105e-01, 7.7469e-03, 
DIAGNOSTIC,Iteration,metricValue,convergenceValue,ITERATION_TIME_INDEX,SINCE_LAST
 2DIAGNOSTIC,     1, -5.855194330215e-01, inf, 1.2601e+00, 4.9902e-01, 
 2DIAGNOSTIC,     2, -5.857607126236e-01, inf, 1.2897e+00, 2.9631e-02, 
 2DIAGNOSTIC,     3, -5.861180424690e-01, inf, 1.3187e+00, 2.8973e-02, 
 2DIAGNOSTIC,     4, -5.865843892097e-01, inf, 1.3470e+00, 2.8351e-02, 
 2DIAGNOSTIC,     5, -5.870335102081e-01, inf, 1.3790e+00, 3.1938e-02, 
 2DIAGNOSTIC,     6, -5.870794057846e-01, inf, 1.4072e+00, 2.8271e-02, 
 2DIAGNOSTIC,     7, -5.873099565506e-01, inf, 1.4519e+00, 4.4677e-02, 
 2DIAGNOSTIC,     8, -5.873271822929e-01, inf, 1.4878e+00, 3.5859e-02, 
 2DIAGNOSTIC,     9, -5.873520970345e-01, inf, 1.5229e+00, 3.5134e-02, 
 2DIAGNOSTIC,    10, -5.873572230339e-01, 2.174391265726e-04, 1.5577e+00, 3.4750e-02, 
 2DIAGNOSTIC,    11, -5.873636007309e-01, 1.525833940832e-04, 1.5863e+00, 2.8626e-02, 
 2DIAGNOSTIC,    12, -5.873588919640e-01, 9.462754678680e-05, 1.6184e+00, 3.2128e-02, 
 2DIAGNOSTIC,    13, -5.873661637306e-01, 5.056887675892e-05, 1.6505e+00, 3.2133e-02, 
 2DIAGNOSTIC,    14, -5.873628854752e-01, 2.413622132735e-05, 1.6900e+00, 3.9444e-02, 
 2DIAGNOSTIC,    15, -5.873599052429e-01, 1.368959146930e-05, 1.7293e+00, 3.9327e-02, 
 2DIAGNOSTIC,    16, -5.873557925224e-01, 4.573533260555e-06, 1.7615e+00, 3.2165e-02, 
 2DIAGNOSTIC,    17, -5.873557329178e-01, 2.855798811652e-06, 1.7936e+00, 3.2172e-02, 
 2DIAGNOSTIC,    18, -5.873515009880e-01, 1.567849608364e-06, 1.8341e+00, 4.0410e-02, 
 2DIAGNOSTIC,    19, -5.873513817787e-01, 1.064550929186e-06, 1.8682e+00, 3.4112e-02, 
DIAGNOSTIC,Iteration,metricValue,convergenceValue,ITERATION_TIME_INDEX,SINCE_LAST
 2DIAGNOSTIC,     1, -5.267736315727e-01, inf, 2.7506e+00, 8.8240e-01, 
 2DIAGNOSTIC,     2, -5.269669294357e-01, inf, 2.9669e+00, 2.1636e-01, 
 2DIAGNOSTIC,     3, -5.270912051201e-01, inf, 3.1851e+00, 2.1820e-01, 
 2DIAGNOSTIC,     4, -5.271870493889e-01, inf, 3.4033e+00, 2.1815e-01, 
 2DIAGNOSTIC,     5, -5.273283720016e-01, inf, 3.6218e+00, 2.1856e-01, 
 2DIAGNOSTIC,     6, -5.274774432182e-01, inf, 3.8675e+00, 2.4562e-01, 
 2DIAGNOSTIC,     7, -5.276467204094e-01, inf, 4.2838e+00, 4.1637e-01, 
 2DIAGNOSTIC,     8, -5.276564955711e-01, inf, 4.5275e+00, 2.4371e-01, 
 2DIAGNOSTIC,     9, -5.276577472687e-01, inf, 4.7991e+00, 2.7155e-01, 
 2DIAGNOSTIC,    10, -5.276561975479e-01, 1.175556244561e-04, 5.0751e+00, 2.7601e-01, 
 2DIAGNOSTIC,    11, -5.276548266411e-01, 8.584259921918e-05, 5.3206e+00, 2.4549e-01, 
 2DIAGNOSTIC,    12, -5.276546478271e-01, 6.049517105566e-05, 5.5685e+00, 2.4789e-01, 
 2DIAGNOSTIC,    13, -5.276547670364e-01, 3.900554656866e-05, 5.8153e+00, 2.4680e-01, 
 2DIAGNOSTIC,    14, -5.276538729668e-01, 2.093779221468e-05, 6.0637e+00, 2.4843e-01, 
 2DIAGNOSTIC,    15, -5.276536941528e-01, 8.573643754062e-06, 6.3124e+00, 2.4872e-01, 
 2DIAGNOSTIC,    16, -5.276530981064e-01, 2.006114073083e-06, 6.5594e+00, 2.4701e-01, 
 2DIAGNOSTIC,    17, -5.276544690132e-01, 1.609662831470e-06, 6.8349e+00, 2.7551e-01, 
 2DIAGNOSTIC,    18, -5.276582837105e-01, 1.684564495008e-06, 7.0825e+00, 2.4754e-01, 
 2DIAGNOSTIC,    19, -5.276573896408e-01, 1.767677304088e-06, 7.3592e+00, 2.7668e-01, 
 2DIAGNOSTIC,    20, -5.276588201523e-01, 1.834440240600e-06, 7.6065e+00, 2.4736e-01, 
 2DIAGNOSTIC,    21, -5.276584029198e-01, 1.826492393775e-06, 7.8252e+00, 2.1871e-01, 
 2DIAGNOSTIC,    22, -5.276604890823e-01, 1.835984448917e-06, 8.1287e+00, 3.0343e-01, 
 2DIAGNOSTIC,    23, -5.276602506638e-01, 1.803204213502e-06, 8.3746e+00, 2.4591e-01, 
 2DIAGNOSTIC,    24, -5.276609659195e-01, 1.730705662339e-06, 8.6212e+00, 2.4657e-01, 
 2DIAGNOSTIC,    25, -5.276596546173e-01, 1.595753587935e-06, 8.8666e+00, 2.4541e-01, 
 2DIAGNOSTIC,    26, -5.276584029198e-01, 1.403097940056e-06, 9.1118e+00, 2.4528e-01, 
 2DIAGNOSTIC,    27, -5.276588797569e-01, 1.242737539542e-06, 9.3566e+00, 2.4474e-01, 
 2DIAGNOSTIC,    28, -5.276600122452e-01, 1.182558207802e-06, 9.6027e+00, 2.4611e-01, 
 2DIAGNOSTIC,    29, -5.276612043381e-01, 1.126485017267e-06, 9.8494e+00, 2.4668e-01, 
 2DIAGNOSTIC,    30, -5.276622176170e-01, 1.116061412176e-06, 1.0098e+01, 2.4834e-01, 
 2DIAGNOSTIC,    31, -5.276631712914e-01, 1.109978143177e-06, 1.0373e+01, 2.7540e-01, 
 2DIAGNOSTIC,    32, -5.276632905006e-01, 1.133322598434e-06, 1.0620e+01, 2.4699e-01, 
 2DIAGNOSTIC,    33, -5.276623368263e-01, 1.121661739489e-06, 1.0895e+01, 2.7533e-01, 
 2DIAGNOSTIC,    34, -5.276616811752e-01, 1.097409608519e-06, 1.1143e+01, 2.4785e-01, 
 2DIAGNOSTIC,    35, -5.276613831520e-01, 1.035092736856e-06, 1.1446e+01, 3.0266e-01, 
DIAGNOSTIC,Iteration,metricValue,convergenceValue,ITERATION_TIME_INDEX,SINCE_LAST
 2DIAGNOSTIC,     1, -4.895904958248e-01, inf, 1.3944e+01, 2.4978e+00, 
  Elapsed time (stage 0): 1.5011e+01


Stage 1
  iterations = 1000x500x250x0
  convergence threshold = 1.0000e-06
  convergence window size = 10
  number of levels = 4
  using the Mattes MI metric (number of bins = 32, weight = 1.0000e+00)
  preprocessing:  winsorizing the image intensities
  preprocessing:  histogram matching the images
  Shrink factors (level 1 out of 4): [6, 6, 6]
  Shrink factors (level 2 out of 4): [4, 4, 4]
  Shrink factors (level 3 out of 4): [2, 2, 2]
  Shrink factors (level 4 out of 4): [1, 1, 1]
  smoothing sigmas per level: [4, 2, 1, 0]
  regular sampling (percentage = 2.5000e-01)

*** Running AffineTransform registration ***

DIAGNOSTIC,Iteration,metricValue,convergenceValue,ITERATION_TIME_INDEX,SINCE_LAST
 2DIAGNOSTIC,     1, -7.621672749519e-01, inf, 5.6270e-01, 5.6270e-01, 
 2DIAGNOSTIC,     2, -7.648060917854e-01, inf, 5.7340e-01, 1.0697e-02, 
 2DIAGNOSTIC,     3, -7.689435482025e-01, inf, 5.8392e-01, 1.0524e-02, 
 2DIAGNOSTIC,     4, -7.760109901428e-01, inf, 5.9444e-01, 1.0520e-02, 
 2DIAGNOSTIC,     5, -7.885636091232e-01, inf, 6.0509e-01, 1.0653e-02, 
 2DIAGNOSTIC,     6, -8.100619316101e-01, inf, 6.1506e-01, 9.9621e-03, 
 2DIAGNOSTIC,     7, -8.431512117386e-01, inf, 6.2469e-01, 9.6369e-03, 
 2DIAGNOSTIC,     8, -8.891796469688e-01, inf, 6.3533e-01, 1.0639e-02, 
 2DIAGNOSTIC,     9, -9.403100609779e-01, inf, 6.4842e-01, 1.3083e-02, 
 2DIAGNOSTIC,    10, -9.479635953903e-01, 1.571760885417e-02, 6.5895e-01, 1.0530e-02, 
 2DIAGNOSTIC,    11, -9.515039324760e-01, 1.571270823479e-02, 6.7312e-01, 1.4174e-02, 
 2DIAGNOSTIC,    12, -9.523668289185e-01, 1.441703550518e-02, 6.8256e-01, 9.4371e-03, 
 2DIAGNOSTIC,    13, -9.542102813721e-01, 1.218715496361e-02, 6.9185e-01, 9.2981e-03, 
 2DIAGNOSTIC,    14, -9.545388817787e-01, 9.370106272399e-03, 7.0172e-01, 9.8619e-03, 
 2DIAGNOSTIC,    15, -9.548265933990e-01, 6.399814970791e-03, 7.1208e-01, 1.0368e-02, 
 2DIAGNOSTIC,    16, -9.549187421799e-01, 3.696604399011e-03, 7.2264e-01, 1.0553e-02, 
 2DIAGNOSTIC,    17, -9.549513459206e-01, 1.617340254597e-03, 7.3768e-01, 1.5044e-02, 
 2DIAGNOSTIC,    18, -9.549936652184e-01, 4.371950344648e-04, 7.4687e-01, 9.1901e-03, 
 2DIAGNOSTIC,    19, -9.550579786301e-01, 2.095199306495e-04, 7.5667e-01, 9.7940e-03, 
 2DIAGNOSTIC,    20, -9.551266431808e-01, 1.089788711397e-04, 7.6644e-01, 9.7702e-03, 
 2DIAGNOSTIC,    21, -9.551897644997e-01, 6.320160173345e-05, 7.7566e-01, 9.2220e-03, 
 2DIAGNOSTIC,    22, -9.552263021469e-01, 2.841752757377e-05, 7.8595e-01, 1.0293e-02, 
 2DIAGNOSTIC,    23, -9.552438259125e-01, 1.982358116948e-05, 7.9980e-01, 1.3845e-02, 
 2DIAGNOSTIC,    24, -9.552451968193e-01, 1.450861327612e-05, 8.1047e-01, 1.0670e-02, 
 2DIAGNOSTIC,    25, -9.552453160286e-01, 1.200255974254e-05, 8.2059e-01, 1.0122e-02, 
 2DIAGNOSTIC,    26, -9.552453160286e-01, 9.804261026147e-06, 8.3062e-01, 1.0032e-02, 
 2DIAGNOSTIC,    27, -9.552456736565e-01, 7.356380592682e-06, 8.4073e-01, 1.0113e-02, 
 2DIAGNOSTIC,    28, -9.552457928658e-01, 4.984778115613e-06, 8.5220e-01, 1.1463e-02, 
 2DIAGNOSTIC,    29, -9.552454352379e-01, 3.107271822955e-06, 8.6239e-01, 1.0195e-02, 
 2DIAGNOSTIC,    30, -9.552457928658e-01, 1.881103230517e-06, 8.7272e-01, 1.0330e-02, 
 2DIAGNOSTIC,    31, -9.552457332611e-01, 1.288748080697e-06, 8.8374e-01, 1.1021e-02, 
 2DIAGNOSTIC,    32, -9.552454948425e-01, 1.061913962985e-06, 8.9386e-01, 1.0119e-02, 
 2DIAGNOSTIC,    33, -9.552457332611e-01, 1.013674022943e-06, 9.0268e-01, 8.8189e-03, 
DIAGNOSTIC,Iteration,metricValue,convergenceValue,ITERATION_TIME_INDEX,SINCE_LAST
 2DIAGNOSTIC,     1, -7.629759907722e-01, inf, 1.3959e+00, 4.9325e-01, 
 2DIAGNOSTIC,     2, -7.642819285393e-01, inf, 1.4308e+00, 3.4894e-02, 
 2DIAGNOSTIC,     3, -7.661703228951e-01, inf, 1.4654e+00, 3.4604e-02, 
 2DIAGNOSTIC,     4, -7.685934305191e-01, inf, 1.4986e+00, 3.3153e-02, 
 2DIAGNOSTIC,     5, -7.710084319115e-01, inf, 1.5332e+00, 3.4577e-02, 
 2DIAGNOSTIC,     6, -7.720657587051e-01, inf, 1.5909e+00, 5.7746e-02, 
 2DIAGNOSTIC,     7, -7.721533775330e-01, inf, 1.6238e+00, 3.2865e-02, 
 2DIAGNOSTIC,     8, -7.721826434135e-01, inf, 1.6589e+00, 3.5097e-02, 
 2DIAGNOSTIC,     9, -7.722448110580e-01, inf, 1.6923e+00, 3.3411e-02, 
 2DIAGNOSTIC,    10, -7.722857594490e-01, 8.278256282210e-04, 1.7247e+00, 3.2415e-02, 
 2DIAGNOSTIC,    11, -7.723277807236e-01, 5.572888767347e-04, 1.7571e+00, 3.2403e-02, 
 2DIAGNOSTIC,    12, -7.723803520203e-01, 3.243634710088e-04, 1.7894e+00, 3.2334e-02, 
 2DIAGNOSTIC,    13, -7.724226117134e-01, 1.524538965896e-04, 1.8298e+00, 4.0413e-02, 
 2DIAGNOSTIC,    14, -7.724268436432e-01, 5.404225521488e-05, 1.8660e+00, 3.6205e-02, 
 2DIAGNOSTIC,    15, -7.724294662476e-01, 2.281757770106e-05, 1.8985e+00, 3.2468e-02, 
 2DIAGNOSTIC,    16, -7.724314928055e-01, 1.799461460905e-05, 1.9366e+00, 3.8053e-02, 
 2DIAGNOSTIC,    17, -7.724552750587e-01, 1.467151832912e-05, 1.9807e+00, 4.4107e-02, 
 2DIAGNOSTIC,    18, -7.724617719650e-01, 1.122525554820e-05, 2.0171e+00, 3.6435e-02, 
 2DIAGNOSTIC,    19, -7.724622488022e-01, 8.483814781357e-06, 2.0532e+00, 3.6104e-02, 
 2DIAGNOSTIC,    20, -7.724632620811e-01, 6.167444553284e-06, 2.0854e+00, 3.2141e-02, 
 2DIAGNOSTIC,    21, -7.724639773369e-01, 4.379054189485e-06, 2.1178e+00, 3.2466e-02, 
 2DIAGNOSTIC,    22, -7.724816799164e-01, 3.637792360678e-06, 2.1511e+00, 3.3269e-02, 
 2DIAGNOSTIC,    23, -7.724847197533e-01, 3.470367119007e-06, 2.1993e+00, 4.8177e-02, 
 2DIAGNOSTIC,    24, -7.724851965904e-01, 3.200541186743e-06, 2.2420e+00, 4.2773e-02, 
 2DIAGNOSTIC,    25, -7.724858522415e-01, 2.834010047081e-06, 2.2822e+00, 4.0129e-02, 
 2DIAGNOSTIC,    26, -7.724853754044e-01, 2.361913175264e-06, 2.3185e+00, 3.6354e-02, 
 2DIAGNOSTIC,    27, -7.724856138229e-01, 2.139500793419e-06, 2.3547e+00, 3.6196e-02, 
 2DIAGNOSTIC,    28, -7.724853157997e-01, 1.922601541082e-06, 2.3869e+00, 3.2141e-02, 
 2DIAGNOSTIC,    29, -7.724856734276e-01, 1.660337488829e-06, 2.4231e+00, 3.6250e-02, 
 2DIAGNOSTIC,    30, -7.724863290787e-01, 1.385669747833e-06, 2.4591e+00, 3.5963e-02, 
 2DIAGNOSTIC,    31, -7.724860310555e-01, 1.097366407521e-06, 2.4988e+00, 3.9740e-02, 
 2DIAGNOSTIC,    32, -7.724860310555e-01, 1.023705522130e-06, 2.5539e+00, 5.5096e-02, 
DIAGNOSTIC,Iteration,metricValue,convergenceValue,ITERATION_TIME_INDEX,SINCE_LAST
 2DIAGNOSTIC,     1, -6.843597888947e-01, inf, 3.4830e+00, 9.2911e-01, 
 2DIAGNOSTIC,     2, -6.846402287483e-01, inf, 3.7327e+00, 2.4964e-01, 
 2DIAGNOSTIC,     3, -6.847489476204e-01, inf, 3.9829e+00, 2.5021e-01, 
 2DIAGNOSTIC,     4, -6.848064661026e-01, inf, 4.2663e+00, 2.8345e-01, 
 2DIAGNOSTIC,     5, -6.848374605179e-01, inf, 4.6103e+00, 3.4401e-01, 
 2DIAGNOSTIC,     6, -6.848537325859e-01, inf, 4.8897e+00, 2.7941e-01, 
 2DIAGNOSTIC,     7, -6.848626732826e-01, inf, 5.1409e+00, 2.5113e-01, 
 2DIAGNOSTIC,     8, -6.848741769791e-01, inf, 5.3934e+00, 2.5258e-01, 
 2DIAGNOSTIC,     9, -6.848876476288e-01, inf, 5.6456e+00, 2.5219e-01, 
 2DIAGNOSTIC,    10, -6.849048137665e-01, 3.962256960222e-05, 6.0512e+00, 4.0553e-01, 
 2DIAGNOSTIC,    11, -6.849066615105e-01, 2.093515468005e-05, 6.3332e+00, 2.8207e-01, 
 2DIAGNOSTIC,    12, -6.849052906036e-01, 1.333452200925e-05, 6.6463e+00, 3.1303e-01, 
 2DIAGNOSTIC,    13, -6.849051117897e-01, 9.373660759593e-06, 6.9893e+00, 3.4303e-01, 
 2DIAGNOSTIC,    14, -6.849054694176e-01, 7.039701813483e-06, 7.2711e+00, 2.8185e-01, 
 2DIAGNOSTIC,    15, -6.849051117897e-01, 5.414102815848e-06, 7.5518e+00, 2.8064e-01, 
 2DIAGNOSTIC,    16, -6.849049925804e-01, 4.109314886591e-06, 7.8330e+00, 2.8126e-01, 
 2DIAGNOSTIC,    17, -6.849049925804e-01, 2.984330876643e-06, 8.1169e+00, 2.8385e-01, 
 2DIAGNOSTIC,    18, -6.849047541618e-01, 2.137823912562e-06, 8.3992e+00, 2.8226e-01, 
 2DIAGNOSTIC,    19, -6.849048137665e-01, 1.630901124372e-06, 8.6812e+00, 2.8209e-01, 
 2DIAGNOSTIC,    20, -6.849046349525e-01, 1.529711767034e-06, 8.9639e+00, 2.8268e-01, 
 2DIAGNOSTIC,    21, -6.849043965340e-01, 1.476594547967e-06, 9.2427e+00, 2.7875e-01, 
 2DIAGNOSTIC,    22, -6.849045157433e-01, 1.408470552633e-06, 9.4913e+00, 2.4866e-01, 
 2DIAGNOSTIC,    23, -6.849049329758e-01, 1.353690777250e-06, 9.7770e+00, 2.8563e-01, 
 2DIAGNOSTIC,    24, -6.849050521851e-01, 1.314396627095e-06, 1.0062e+01, 2.8483e-01, 
 2DIAGNOSTIC,    25, -6.849051117897e-01, 1.274455826206e-06, 1.0345e+01, 2.8294e-01, 
 2DIAGNOSTIC,    26, -6.849053502083e-01, 1.239446987711e-06, 1.0630e+01, 2.8562e-01, 
 2DIAGNOSTIC,    27, -6.849048733711e-01, 1.198171275973e-06, 1.0972e+01, 3.4161e-01, 
 2DIAGNOSTIC,    28, -6.849045753479e-01, 1.150038883679e-06, 1.1251e+01, 2.7854e-01, 
 2DIAGNOSTIC,    29, -6.849044561386e-01, 1.103162162508e-06, 1.1529e+01, 2.7891e-01, 
 2DIAGNOSTIC,    30, -6.849041581154e-01, 1.052294805959e-06, 1.1810e+01, 2.8097e-01, 
 2DIAGNOSTIC,    31, -6.849045157433e-01, 1.007116452456e-06, 1.2155e+01, 3.4481e-01, 
DIAGNOSTIC,Iteration,metricValue,convergenceValue,ITERATION_TIME_INDEX,SINCE_LAST
 2DIAGNOSTIC,     1, -6.233304738998e-01, inf, 1.4933e+01, 2.7781e+00, 
  Elapsed time (stage 1): 1.5975e+01


Stage 2
  iterations = 100x100x70x20
  convergence threshold = 1.0000e-09
  convergence window size = 10
  number of levels = 4
  using the CC metric (radius = 4, weight = 1.0000e+00)
  preprocessing:  winsorizing the image intensities
  preprocessing:  histogram matching the images
  Shrink factors (level 1 out of 4): [6, 6, 6]
  Shrink factors (level 2 out of 4): [4, 4, 4]
  Shrink factors (level 3 out of 4): [2, 2, 2]
  Shrink factors (level 4 out of 4): [1, 1, 1]
  smoothing sigmas per level: [3, 2, 1, 0]
  Using default NONE metricSamplingStrategy 

*** Running SyN registration (varianceForUpdateField = 3.0000e+00, varianceForTotalField = 0.0000e+00) ***

XXDIAGNOSTIC,Iteration,metricValue,convergenceValue,ITERATION_TIME_INDEX,SINCE_LAST
 1DIAGNOSTIC,     1, -8.763214945793e-01, inf, 1.2680e+00, 1.2680e+00, 
 1DIAGNOSTIC,     2, -8.873900175095e-01, inf, 2.0734e+00, 8.0533e-01, 
 1DIAGNOSTIC,     3, -9.003327488899e-01, inf, 2.8966e+00, 8.2318e-01, 
 1DIAGNOSTIC,     4, -9.115939140320e-01, inf, 3.6928e+00, 7.9628e-01, 
 1DIAGNOSTIC,     5, -9.196416735649e-01, inf, 4.4714e+00, 7.7860e-01, 
 1DIAGNOSTIC,     6, -9.263416528702e-01, inf, 5.2824e+00, 8.1096e-01, 
 1DIAGNOSTIC,     7, -9.316983222961e-01, inf, 6.1177e+00, 8.3533e-01, 
 1DIAGNOSTIC,     8, -9.360347390175e-01, inf, 6.9463e+00, 8.2858e-01, 
 1DIAGNOSTIC,     9, -9.395162463188e-01, inf, 7.7694e+00, 8.2307e-01, 
 1DIAGNOSTIC,    10, -9.423699378967e-01, 4.563126247376e-03, 8.5809e+00, 8.1156e-01, 
 1DIAGNOSTIC,    11, -9.447692036629e-01, 3.437411971390e-03, 9.4016e+00, 8.2070e-01, 
 1DIAGNOSTIC,    12, -9.467180967331e-01, 2.525312593207e-03, 1.0192e+01, 7.8990e-01, 
 1DIAGNOSTIC,    13, -9.483140707016e-01, 1.868724124506e-03, 1.0992e+01, 8.0075e-01, 
 1DIAGNOSTIC,    14, -9.496349096298e-01, 1.411948003806e-03, 1.1781e+01, 7.8886e-01, 
 1DIAGNOSTIC,    15, -9.507417082787e-01, 1.073698746040e-03, 1.2589e+01, 8.0764e-01, 
 1DIAGNOSTIC,    16, -9.516792893410e-01, 8.248445810750e-04, 1.3354e+01, 7.6496e-01, 
 1DIAGNOSTIC,    17, -9.524834752083e-01, 6.396250100806e-04, 1.4183e+01, 8.2881e-01, 
 1DIAGNOSTIC,    18, -9.531788825989e-01, 5.008754669689e-04, 1.4979e+01, 7.9686e-01, 
 1DIAGNOSTIC,    19, -9.537844657898e-01, 3.956142463721e-04, 1.5786e+01, 8.0691e-01, 
 1DIAGNOSTIC,    20, -9.543169736862e-01, 3.154195146635e-04, 1.6591e+01, 8.0515e-01, 
 1DIAGNOSTIC,    21, -9.547917842865e-01, 2.549203054514e-04, 1.7413e+01, 8.2132e-01, 
 1DIAGNOSTIC,    22, -9.552137255669e-01, 2.087275643134e-04, 1.8242e+01, 8.2874e-01, 
 1DIAGNOSTIC,    23, -9.555924534798e-01, 1.729914365569e-04, 1.9044e+01, 8.0281e-01, 
 1DIAGNOSTIC,    24, -9.559334516525e-01, 1.449569826946e-04, 1.9853e+01, 8.0842e-01, 
 1DIAGNOSTIC,    25, -9.562413096428e-01, 1.226653548656e-04, 2.0669e+01, 8.1629e-01, 
 1DIAGNOSTIC,    26, -9.565218091011e-01, 1.047202313202e-04, 2.1488e+01, 8.1933e-01, 
 1DIAGNOSTIC,    27, -9.567775726318e-01, 9.011683869176e-05, 2.2289e+01, 8.0103e-01, 
 1DIAGNOSTIC,    28, -9.570089578629e-01, 7.807592191966e-05, 2.3120e+01, 8.3090e-01, 
 1DIAGNOSTIC,    29, -9.572242498398e-01, 6.806680175941e-05, 2.3920e+01, 7.9920e-01, 
 1DIAGNOSTIC,    30, -9.574224352837e-01, 5.967139804852e-05, 2.4742e+01, 8.2242e-01, 
 1DIAGNOSTIC,    31, -9.576056599617e-01, 5.260916805128e-05, 2.5568e+01, 8.2594e-01, 
 1DIAGNOSTIC,    32, -9.577751755714e-01, 4.661696948460e-05, 2.6371e+01, 8.0293e-01, 
 1DIAGNOSTIC,    33, -9.579297304153e-01, 4.148108200752e-05, 2.7159e+01, 7.8867e-01, 
 1DIAGNOSTIC,    34, -9.580796360970e-01, 3.710636519827e-05, 2.7963e+01, 8.0326e-01, 
 1DIAGNOSTIC,    35, -9.582170248032e-01, 3.333351924084e-05, 2.8751e+01, 7.8809e-01, 
 1DIAGNOSTIC,    36, -9.583448171616e-01, 3.006384395121e-05, 2.9579e+01, 8.2770e-01, 
 1DIAGNOSTIC,    37, -9.584643244743e-01, 2.721410419326e-05, 3.0360e+01, 7.8113e-01, 
 1DIAGNOSTIC,    38, -9.585789442062e-01, 2.471383777447e-05, 3.1168e+01, 8.0834e-01, 
 1DIAGNOSTIC,    39, -9.586842656136e-01, 2.251021578559e-05, 3.1958e+01, 7.8992e-01, 
 1DIAGNOSTIC,    40, -9.587847590446e-01, 2.056737503153e-05, 3.2782e+01, 8.2372e-01, 
 1DIAGNOSTIC,    41, -9.588782787323e-01, 1.883852746687e-05, 3.3610e+01, 8.2838e-01, 
 1DIAGNOSTIC,    42, -9.589638710022e-01, 1.727247945382e-05, 3.4434e+01, 8.2375e-01, 
 1DIAGNOSTIC,    43, -9.590467214584e-01, 1.584054371051e-05, 3.5265e+01, 8.3099e-01, 
 1DIAGNOSTIC,    44, -9.591252803802e-01, 1.457158850826e-05, 3.6105e+01, 8.4015e-01, 
 1DIAGNOSTIC,    45, -9.591965675354e-01, 1.341044116998e-05, 3.6901e+01, 7.9623e-01, 
 1DIAGNOSTIC,    46, -9.592658281326e-01, 1.235587842530e-05, 3.7698e+01, 7.9651e-01, 
 1DIAGNOSTIC,    47, -9.593281745911e-01, 1.137683375418e-05, 3.8497e+01, 7.9900e-01, 
 1DIAGNOSTIC,    48, -9.593914151192e-01, 1.051336312230e-05, 3.9284e+01, 7.8777e-01, 
 1DIAGNOSTIC,    49, -9.594514369965e-01, 9.740817404236e-06, 4.0103e+01, 8.1865e-01, 
 1DIAGNOSTIC,    50, -9.595080018044e-01, 9.058426257980e-06, 4.0907e+01, 8.0441e-01, 
 1DIAGNOSTIC,    51, -9.595587253571e-01, 8.433751645498e-06, 4.1686e+01, 7.7890e-01, 
 1DIAGNOSTIC,    52, -9.596100449562e-01, 7.864462531870e-06, 4.2520e+01, 8.3370e-01, 
 1DIAGNOSTIC,    53, -9.596590399742e-01, 7.356976311712e-06, 4.3307e+01, 7.8691e-01, 
 1DIAGNOSTIC,    54, -9.597063064575e-01, 6.909382136655e-06, 4.4093e+01, 7.8621e-01, 
 1DIAGNOSTIC,    55, -9.597484469414e-01, 6.481262062152e-06, 4.4897e+01, 8.0416e-01, 
 1DIAGNOSTIC,    56, -9.597906470299e-01, 6.091863724578e-06, 4.5696e+01, 7.9875e-01, 
 1DIAGNOSTIC,    57, -9.598311781883e-01, 5.719234195567e-06, 4.6513e+01, 8.1676e-01, 
 1DIAGNOSTIC,    58, -9.598686099052e-01, 5.376369699661e-06, 4.7284e+01, 7.7156e-01, 
 1DIAGNOSTIC,    59, -9.599057435989e-01, 5.068132395536e-06, 4.8106e+01, 8.2126e-01, 
 1DIAGNOSTIC,    60, -9.599407911301e-01, 4.786796580447e-06, 4.8928e+01, 8.2257e-01, 
 1DIAGNOSTIC,    61, -9.599747061729e-01, 4.515482032730e-06, 4.9701e+01, 7.7278e-01, 
 1DIAGNOSTIC,    62, -9.600071310997e-01, 4.267889835319e-06, 5.0507e+01, 8.0610e-01, 
 1DIAGNOSTIC,    63, -9.600380659103e-01, 4.041734882776e-06, 5.1326e+01, 8.1841e-01, 
 1DIAGNOSTIC,    64, -9.600680470467e-01, 3.839370947389e-06, 5.2153e+01, 8.2702e-01, 
 1DIAGNOSTIC,    65, -9.600962400436e-01, 3.641031526058e-06, 5.2944e+01, 7.9173e-01, 
 1DIAGNOSTIC,    66, -9.601235389709e-01, 3.456358399490e-06, 5.3764e+01, 8.1933e-01, 
 1DIAGNOSTIC,    67, -9.601500630379e-01, 3.286597348051e-06, 5.4574e+01, 8.1081e-01, 
 1DIAGNOSTIC,    68, -9.601712226868e-01, 3.105162932115e-06, 5.5392e+01, 8.1804e-01, 
 1DIAGNOSTIC,    69, -9.601956605911e-01, 2.939033720395e-06, 5.6182e+01, 7.8942e-01, 
 1DIAGNOSTIC,    70, -9.602191448212e-01, 2.785604237943e-06, 5.7008e+01, 8.2589e-01, 
 1DIAGNOSTIC,    71, -9.602410197258e-01, 2.643567540872e-06, 5.7816e+01, 8.0863e-01, 
 1DIAGNOSTIC,    72, -9.602584838867e-01, 2.498382400518e-06, 5.8616e+01, 7.9924e-01, 
 1DIAGNOSTIC,    73, -9.602794647217e-01, 2.369567937421e-06, 5.9429e+01, 8.1350e-01, 
 1DIAGNOSTIC,    74, -9.602998495102e-01, 2.258561380586e-06, 6.0260e+01, 8.3053e-01, 
 1DIAGNOSTIC,    75, -9.603194594383e-01, 2.161746806451e-06, 6.1064e+01, 8.0421e-01, 
 1DIAGNOSTIC,    76, -9.603381156921e-01, 2.078230181723e-06, 6.1897e+01, 8.3269e-01, 
 1DIAGNOSTIC,    77, -9.603556394577e-01, 2.006373279073e-06, 6.2706e+01, 8.0982e-01, 
 1DIAGNOSTIC,    78, -9.603726267815e-01, 1.926834329424e-06, 6.3514e+01, 8.0729e-01, 
 1DIAGNOSTIC,    79, -9.603897929192e-01, 1.857845518316e-06, 6.4297e+01, 7.8301e-01, 
 1DIAGNOSTIC,    80, -9.604061841965e-01, 1.796997707970e-06, 6.5099e+01, 8.0218e-01, 
 1DIAGNOSTIC,    81, -9.604221582413e-01, 1.740870175126e-06, 6.5922e+01, 8.2342e-01, 
 1DIAGNOSTIC,    82, -9.604372978210e-01, 1.673144311098e-06, 6.6725e+01, 8.0230e-01, 
 1DIAGNOSTIC,    83, -9.604521393776e-01, 1.610324602552e-06, 6.7480e+01, 7.5565e-01, 
 1DIAGNOSTIC,    84, -9.604665040970e-01, 1.552483809064e-06, 6.8261e+01, 7.8028e-01, 
 1DIAGNOSTIC,    85, -9.604792594910e-01, 1.494859134255e-06, 6.9087e+01, 8.2628e-01, 
 1DIAGNOSTIC,    86, -9.604933261871e-01, 1.442743041480e-06, 6.9915e+01, 8.2853e-01, 
 1DIAGNOSTIC,    87, -9.605064392090e-01, 1.391994260302e-06, 7.0731e+01, 8.1529e-01, 
 1DIAGNOSTIC,    88, -9.605194926262e-01, 1.343857547909e-06, 7.1552e+01, 8.2173e-01, 
 1DIAGNOSTIC,    89, -9.605275392532e-01, 1.285291773456e-06, 7.2355e+01, 8.0294e-01, 
 1DIAGNOSTIC,    90, -9.605398178101e-01, 1.232778686244e-06, 7.3136e+01, 7.8085e-01, 
 1DIAGNOSTIC,    91, -9.605514407158e-01, 1.185695623462e-06, 7.3948e+01, 8.1168e-01, 
 1DIAGNOSTIC,    92, -9.605630636215e-01, 1.144319185187e-06, 7.4763e+01, 8.1553e-01, 
 1DIAGNOSTIC,    93, -9.605742692947e-01, 1.109241111408e-06, 7.5593e+01, 8.3001e-01, 
 1DIAGNOSTIC,    94, -9.605849981308e-01, 1.079800654225e-06, 7.6426e+01, 8.3223e-01, 
 1DIAGNOSTIC,    95, -9.605961441994e-01, 1.053492383107e-06, 7.7226e+01, 8.0020e-01, 
 1DIAGNOSTIC,    96, -9.606068134308e-01, 1.033984517562e-06, 7.8012e+01, 7.8596e-01, 
 1DIAGNOSTIC,    97, -9.606170058250e-01, 1.017568820316e-06, 7.8818e+01, 8.0661e-01, 
 1DIAGNOSTIC,    98, -9.606271386147e-01, 1.004969021778e-06, 7.9636e+01, 8.1810e-01, 
 1DIAGNOSTIC,    99, -9.606353044510e-01, 9.748954425959e-07, 8.0451e+01, 8.1448e-01, 
 1DIAGNOSTIC,   100, -9.606449007988e-01, 9.468305961491e-07, 8.1233e+01, 7.8186e-01, 
XXDIAGNOSTIC,Iteration,metricValue,convergenceValue,ITERATION_TIME_INDEX,SINCE_LAST
 1DIAGNOSTIC,     1, -9.206297993660e-01, inf, 8.4361e+01, 3.1287e+00, 
 1DIAGNOSTIC,     2, -9.214849472046e-01, inf, 8.6955e+01, 2.5932e+00, 
 1DIAGNOSTIC,     3, -9.224646687508e-01, inf, 8.9558e+01, 2.6034e+00, 
 1DIAGNOSTIC,     4, -9.233563542366e-01, inf, 9.2146e+01, 2.5877e+00, 
 1DIAGNOSTIC,     5, -9.240906238556e-01, inf, 9.4742e+01, 2.5960e+00, 
 1DIAGNOSTIC,     6, -9.247716069221e-01, inf, 9.7334e+01, 2.5925e+00, 
 1DIAGNOSTIC,     7, -9.253959059715e-01, inf, 9.9929e+01, 2.5948e+00, 
 1DIAGNOSTIC,     8, -9.259693026543e-01, inf, 1.0253e+02, 2.5989e+00, 
 1DIAGNOSTIC,     9, -9.264494180679e-01, inf, 1.0511e+02, 2.5817e+00, 
 1DIAGNOSTIC,    10, -9.268898963928e-01, 4.374969284981e-04, 1.0771e+02, 2.6043e+00, 
 1DIAGNOSTIC,    11, -9.272924065590e-01, 3.613486478571e-04, 1.1031e+02, 2.5966e+00, 
 1DIAGNOSTIC,    12, -9.276646971703e-01, 2.967380278278e-04, 1.1290e+02, 2.5898e+00, 
 1DIAGNOSTIC,    13, -9.280076026917e-01, 2.463789423928e-04, 1.1550e+02, 2.6019e+00, 
 1DIAGNOSTIC,    14, -9.283261299133e-01, 2.073429786833e-04, 1.1810e+02, 2.5939e+00, 
 1DIAGNOSTIC,    15, -9.285477995872e-01, 1.741287123878e-04, 1.2070e+02, 2.6056e+00, 
 1DIAGNOSTIC,    16, -9.288252592087e-01, 1.475095341448e-04, 1.2330e+02, 2.5934e+00, 
 1DIAGNOSTIC,    17, -9.290167093277e-01, 1.251394423889e-04, 1.2590e+02, 2.6063e+00, 
 1DIAGNOSTIC,    18, -9.292668700218e-01, 1.077687848010e-04, 1.2850e+02, 2.6006e+00, 
 1DIAGNOSTIC,    19, -9.294314980507e-01, 9.267016139347e-05, 1.3110e+02, 2.5938e+00, 
 1DIAGNOSTIC,    20, -9.296598434448e-01, 8.079897088464e-05, 1.3370e+02, 2.6036e+00, 
 1DIAGNOSTIC,    21, -9.298803806305e-01, 7.166733121267e-05, 1.3629e+02, 2.5934e+00, 
 1DIAGNOSTIC,    22, -9.300901889801e-01, 6.481613672804e-05, 1.3889e+02, 2.5989e+00, 
 1DIAGNOSTIC,    23, -9.302892088890e-01, 5.976459942758e-05, 1.4149e+02, 2.5950e+00, 
 1DIAGNOSTIC,    24, -9.304811954498e-01, 5.613359462586e-05, 1.4408e+02, 2.5956e+00, 
 1DIAGNOSTIC,    25, -9.306663274765e-01, 5.255600990495e-05, 1.4669e+02, 2.6056e+00, 
 1DIAGNOSTIC,    26, -9.307641983032e-01, 4.879890548182e-05, 1.4928e+02, 2.5884e+00, 
 1DIAGNOSTIC,    27, -9.308542609215e-01, 4.399021418067e-05, 1.5188e+02, 2.6056e+00, 
 1DIAGNOSTIC,    28, -9.309477806091e-01, 3.923210169887e-05, 1.5448e+02, 2.6014e+00, 
 1DIAGNOSTIC,    29, -9.310424327850e-01, 3.389088669792e-05, 1.5709e+02, 2.6070e+00, 
 1DIAGNOSTIC,    30, -9.311359524727e-01, 2.904358916567e-05, 1.5969e+02, 2.6005e+00, 
 1DIAGNOSTIC,    31, -9.312295317650e-01, 2.493393731129e-05, 1.6229e+02, 2.5986e+00, 
 1DIAGNOSTIC,    32, -9.313226342201e-01, 2.169102117477e-05, 1.6489e+02, 2.5984e+00, 
 1DIAGNOSTIC,    33, -9.314134716988e-01, 1.933563362400e-05, 1.6749e+02, 2.6035e+00, 
 1DIAGNOSTIC,    34, -9.315033555031e-01, 1.786970824469e-05, 1.7008e+02, 2.5927e+00, 
 1DIAGNOSTIC,    35, -9.315906167030e-01, 1.724053981889e-05, 1.7268e+02, 2.5971e+00, 
 1DIAGNOSTIC,    36, -9.316741824150e-01, 1.661850910750e-05, 1.7528e+02, 2.6010e+00, 
 1DIAGNOSTIC,    37, -9.317523837090e-01, 1.590729516465e-05, 1.7788e+02, 2.5974e+00, 
 1DIAGNOSTIC,    38, -9.318270087242e-01, 1.513834467914e-05, 1.8047e+02, 2.5942e+00, 
 1DIAGNOSTIC,    39, -9.318980574608e-01, 1.433049055777e-05, 1.8306e+02, 2.5886e+00, 
 1DIAGNOSTIC,    40, -9.319643378258e-01, 1.348134173895e-05, 1.8567e+02, 2.6092e+00, 
 1DIAGNOSTIC,    41, -9.320273399353e-01, 1.261737634195e-05, 1.8827e+02, 2.6023e+00, 
 1DIAGNOSTIC,    42, -9.320854544640e-01, 1.175235320261e-05, 1.9088e+02, 2.6019e+00, 
 1DIAGNOSTIC,    43, -9.321400523186e-01, 1.089943089028e-05, 1.9346e+02, 2.5875e+00, 
 1DIAGNOSTIC,    44, -9.321897625923e-01, 1.007265655062e-05, 1.9607e+02, 2.6051e+00, 
 1DIAGNOSTIC,    45, -9.322389364243e-01, 9.304837476520e-06, 1.9867e+02, 2.5970e+00, 
 1DIAGNOSTIC,    46, -9.322795867920e-01, 8.563144547225e-06, 2.0127e+02, 2.6081e+00, 
 1DIAGNOSTIC,    47, -9.323189258575e-01, 7.855650437705e-06, 2.0388e+02, 2.6081e+00, 
 1DIAGNOSTIC,    48, -9.323582649231e-01, 7.207769158413e-06, 2.0649e+02, 2.6105e+00, 
 1DIAGNOSTIC,    49, -9.323912262917e-01, 6.599821062991e-06, 2.0911e+02, 2.6162e+00, 
 1DIAGNOSTIC,    50, -9.324254393578e-01, 6.053239303583e-06, 2.1171e+02, 2.5986e+00, 
 1DIAGNOSTIC,    51, -9.324569702148e-01, 5.568723281613e-06, 2.1432e+02, 2.6098e+00, 
 1DIAGNOSTIC,    52, -9.324876070023e-01, 5.144188435224e-06, 2.1692e+02, 2.6022e+00, 
 1DIAGNOSTIC,    53, -9.325162172318e-01, 4.774903572979e-06, 2.1952e+02, 2.5995e+00, 
 1DIAGNOSTIC,    54, -9.325430393219e-01, 4.446089405974e-06, 2.2211e+02, 2.5943e+00, 
 1DIAGNOSTIC,    55, -9.325699806213e-01, 4.177683877060e-06, 2.2471e+02, 2.5986e+00, 
 1DIAGNOSTIC,    56, -9.325923323631e-01, 3.912422926078e-06, 2.2733e+02, 2.6218e+00, 
 1DIAGNOSTIC,    57, -9.326146245003e-01, 3.661518348963e-06, 2.2993e+02, 2.5969e+00, 
 1DIAGNOSTIC,    58, -9.326367378235e-01, 3.441559329076e-06, 2.3252e+02, 2.5914e+00, 
 1DIAGNOSTIC,    59, -9.326540827751e-01, 3.207693453078e-06, 2.3512e+02, 2.5945e+00, 
 1DIAGNOSTIC,    60, -9.326725006104e-01, 2.990285338456e-06, 2.3772e+02, 2.5998e+00, 
 1DIAGNOSTIC,    61, -9.326913952827e-01, 2.793024350467e-06, 2.4033e+02, 2.6112e+00, 
 1DIAGNOSTIC,    62, -9.327092766762e-01, 2.619682163640e-06, 2.4293e+02, 2.6079e+00, 
 1DIAGNOSTIC,    63, -9.327265620232e-01, 2.468982529535e-06, 2.4554e+02, 2.6067e+00, 
 1DIAGNOSTIC,    64, -9.327425956726e-01, 2.335987574043e-06, 2.4814e+02, 2.5997e+00, 
 1DIAGNOSTIC,    65, -9.327576756477e-01, 2.225687921964e-06, 2.5075e+02, 2.6111e+00, 
 1DIAGNOSTIC,    66, -9.327712059021e-01, 2.115395318469e-06, 2.5334e+02, 2.5862e+00, 
 1DIAGNOSTIC,    67, -9.327836036682e-01, 2.007020611927e-06, 2.5593e+02, 2.5961e+00, 
 1DIAGNOSTIC,    68, -9.327950477600e-01, 1.903568431771e-06, 2.5855e+02, 2.6203e+00, 
 1DIAGNOSTIC,    69, -9.328055381775e-01, 1.786493953659e-06, 2.6115e+02, 2.5968e+00, 
 1DIAGNOSTIC,    70, -9.328148961067e-01, 1.664693286330e-06, 2.6376e+02, 2.6116e+00, 
 1DIAGNOSTIC,    71, -9.328231811523e-01, 1.545256509417e-06, 2.6637e+02, 2.6041e+00, 
 1DIAGNOSTIC,    72, -9.328310489655e-01, 1.431339228475e-06, 2.6897e+02, 2.5989e+00, 
 1DIAGNOSTIC,    73, -9.328376054764e-01, 1.323662900177e-06, 2.7158e+02, 2.6093e+00, 
 1DIAGNOSTIC,    74, -9.328439831734e-01, 1.224683046530e-06, 2.7418e+02, 2.6002e+00, 
 1DIAGNOSTIC,    75, -9.328492283821e-01, 1.133477098847e-06, 2.7677e+02, 2.5957e+00, 
 1DIAGNOSTIC,    76, -9.328543543816e-01, 1.050408172887e-06, 2.7937e+02, 2.6027e+00, 
 1DIAGNOSTIC,    77, -9.328584074974e-01, 9.729889143273e-07, 2.8198e+02, 2.6101e+00, 
 1DIAGNOSTIC,    78, -9.328646063805e-01, 9.119463584284e-07, 2.8459e+02, 2.6078e+00, 
 1DIAGNOSTIC,    79, -9.328682422638e-01, 8.575529477639e-07, 2.8719e+02, 2.5952e+00, 
 1DIAGNOSTIC,    80, -9.328728318214e-01, 8.134178415276e-07, 2.8979e+02, 2.6065e+00, 
 1DIAGNOSTIC,    81, -9.328764081001e-01, 7.744474146421e-07, 2.9241e+02, 2.6195e+00, 
 1DIAGNOSTIC,    82, -9.328792095184e-01, 7.389033953586e-07, 2.9502e+02, 2.6114e+00, 
 1DIAGNOSTIC,    83, -9.328821301460e-01, 7.047686381156e-07, 2.9762e+02, 2.5977e+00, 
 1DIAGNOSTIC,    84, -9.328851699829e-01, 6.742703817508e-07, 3.0021e+02, 2.5890e+00, 
 1DIAGNOSTIC,    85, -9.328880310059e-01, 6.447345413108e-07, 3.0282e+02, 2.6061e+00, 
 1DIAGNOSTIC,    86, -9.328904151917e-01, 6.162393901832e-07, 3.0542e+02, 2.6046e+00, 
 1DIAGNOSTIC,    87, -9.328930377960e-01, 5.876842124053e-07, 3.0803e+02, 2.6062e+00, 
 1DIAGNOSTIC,    88, -9.328950643539e-01, 5.667082518812e-07, 3.1063e+02, 2.6044e+00, 
 1DIAGNOSTIC,    89, -9.328975677490e-01, 5.471368922372e-07, 3.1323e+02, 2.6007e+00, 
 1DIAGNOSTIC,    90, -9.328987002373e-01, 5.288149509397e-07, 3.1583e+02, 2.5961e+00, 
 1DIAGNOSTIC,    91, -9.329012036324e-01, 5.143141947883e-07, 3.1843e+02, 2.6023e+00, 
 1DIAGNOSTIC,    92, -9.329034090042e-01, 5.006139076613e-07, 3.2103e+02, 2.5991e+00, 
 1DIAGNOSTIC,    93, -9.329059123993e-01, 4.898305974166e-07, 3.2365e+02, 2.6150e+00, 
 1DIAGNOSTIC,    94, -9.329085350037e-01, 4.832086801798e-07, 3.2624e+02, 2.5965e+00, 
 1DIAGNOSTIC,    95, -9.329100847244e-01, 4.767890118273e-07, 3.2884e+02, 2.5983e+00, 
 1DIAGNOSTIC,    96, -9.329140186310e-01, 4.768020858137e-07, 3.3145e+02, 2.6067e+00, 
 1DIAGNOSTIC,    97, -9.329169392586e-01, 4.798758368452e-07, 3.3406e+02, 2.6178e+00, 
 1DIAGNOSTIC,    98, -9.329204559326e-01, 4.852292363466e-07, 3.3667e+02, 2.6067e+00, 
 1DIAGNOSTIC,    99, -9.329214692116e-01, 4.857413955506e-07, 3.3928e+02, 2.6094e+00, 
 1DIAGNOSTIC,   100, -9.329245686531e-01, 4.833159437112e-07, 3.4188e+02, 2.6037e+00, 
XXDIAGNOSTIC,Iteration,metricValue,convergenceValue,ITERATION_TIME_INDEX,SINCE_LAST
 1DIAGNOSTIC,     1, -8.422842025757e-01, inf, 3.6349e+02, 2.1609e+01, 
 1DIAGNOSTIC,     2, -8.452072739601e-01, inf, 3.8429e+02, 2.0793e+01, 
 1DIAGNOSTIC,     3, -8.477333188057e-01, inf, 4.0547e+02, 2.1182e+01, 
 1DIAGNOSTIC,     4, -8.499774932861e-01, inf, 4.2667e+02, 2.1201e+01, 
 1DIAGNOSTIC,     5, -8.519380092621e-01, inf, 4.4750e+02, 2.0830e+01, 
 1DIAGNOSTIC,     6, -8.536529541016e-01, inf, 4.6857e+02, 2.1073e+01, 
 1DIAGNOSTIC,     7, -8.551712632179e-01, inf, 4.8943e+02, 2.0860e+01, 
 1DIAGNOSTIC,     8, -8.565219044685e-01, inf, 5.1046e+02, 2.1034e+01, 
 1DIAGNOSTIC,     9, -8.577356338501e-01, inf, 5.3138e+02, 2.0916e+01, 
 1DIAGNOSTIC,    10, -8.587541580200e-01, 1.214002491906e-03, 5.5272e+02, 2.1339e+01, 
 1DIAGNOSTIC,    11, -8.596827983856e-01, 9.708426077850e-04, 5.7391e+02, 2.1195e+01, 
 1DIAGNOSTIC,    12, -8.604291081429e-01, 7.823402411304e-04, 5.9504e+02, 2.1127e+01, 
 1DIAGNOSTIC,    13, -8.611143231392e-01, 6.338898674585e-04, 6.1608e+02, 2.1042e+01, 
 1DIAGNOSTIC,    14, -8.617413043976e-01, 5.168437492102e-04, 6.3706e+02, 2.0982e+01, 
 1DIAGNOSTIC,    15, -8.623204231262e-01, 4.241451388225e-04, 6.5821e+02, 2.1146e+01, 
 1DIAGNOSTIC,    16, -8.628547787666e-01, 3.505700733513e-04, 6.7922e+02, 2.1015e+01, 
 1DIAGNOSTIC,    17, -8.633484840393e-01, 2.924660511781e-04, 7.0022e+02, 2.0996e+01, 
 1DIAGNOSTIC,    18, -8.638064861298e-01, 2.469690516591e-04, 7.2154e+02, 2.1314e+01, 
 1DIAGNOSTIC,    19, -8.642389774323e-01, 2.119844284607e-04, 7.4264e+02, 2.1110e+01, 
 1DIAGNOSTIC,    20, -8.646381497383e-01, 1.841719058575e-04, 7.6374e+02, 2.1097e+01, 
 1DIAGNOSTIC,    21, -8.650138378143e-01, 1.623796852073e-04, 7.8497e+02, 2.1225e+01, 
 1DIAGNOSTIC,    22, -8.653674721718e-01, 1.439287443645e-04, 8.0620e+02, 2.1237e+01, 
 1DIAGNOSTIC,    23, -8.656961917877e-01, 1.281864824705e-04, 8.2716e+02, 2.0954e+01, 
 1DIAGNOSTIC,    24, -8.660088181496e-01, 1.146835638792e-04, 8.4819e+02, 2.1032e+01, 
 1DIAGNOSTIC,    25, -8.663003444672e-01, 1.030087805702e-04, 8.6932e+02, 2.1133e+01, 
 1DIAGNOSTIC,    26, -8.665797710419e-01, 9.290095476899e-05, 8.9056e+02, 2.1239e+01, 
 1DIAGNOSTIC,    27, -8.668419718742e-01, 8.405846165260e-05, 9.1167e+02, 2.1106e+01, 
 1DIAGNOSTIC,    28, -8.670896887779e-01, 7.626503793290e-05, 9.3303e+02, 2.1360e+01, 
 1DIAGNOSTIC,    29, -8.673241138458e-01, 6.942806066945e-05, 9.5425e+02, 2.1226e+01, 
 1DIAGNOSTIC,    30, -8.675456047058e-01, 6.334180216072e-05, 9.7535e+02, 2.1099e+01, 
 1DIAGNOSTIC,    31, -8.677579760551e-01, 5.794510070700e-05, 9.9648e+02, 2.1128e+01, 
 1DIAGNOSTIC,    32, -8.679604530334e-01, 5.316401802702e-05, 1.0175e+03, 2.1015e+01, 
 1DIAGNOSTIC,    33, -8.681566119194e-01, 4.891336720902e-05, 1.0383e+03, 2.0850e+01, 
 1DIAGNOSTIC,    34, -8.683453202248e-01, 4.517085835687e-05, 1.0595e+03, 2.1132e+01, 
 1DIAGNOSTIC,    35, -8.685245513916e-01, 4.182386328466e-05, 1.0809e+03, 2.1397e+01, 
 1DIAGNOSTIC,    36, -8.686962127686e-01, 3.885735350195e-05, 1.1019e+03, 2.1032e+01, 
 1DIAGNOSTIC,    37, -8.688578009605e-01, 3.617002221290e-05, 1.1229e+03, 2.0962e+01, 
 1DIAGNOSTIC,    38, -8.690106272697e-01, 3.369559635757e-05, 1.1440e+03, 2.1121e+01, 
 1DIAGNOSTIC,    39, -8.691570758820e-01, 3.139815817121e-05, 1.1652e+03, 2.1185e+01, 
 1DIAGNOSTIC,    40, -8.692995309830e-01, 2.926229717559e-05, 1.1863e+03, 2.1099e+01, 
 1DIAGNOSTIC,    41, -8.694355487823e-01, 2.728085200943e-05, 1.2072e+03, 2.0965e+01, 
 1DIAGNOSTIC,    42, -8.695638179779e-01, 2.542640322645e-05, 1.2284e+03, 2.1124e+01, 
 1DIAGNOSTIC,    43, -8.696908950806e-01, 2.374914947723e-05, 1.2494e+03, 2.1081e+01, 
 1DIAGNOSTIC,    44, -8.698102235794e-01, 2.222657894890e-05, 1.2707e+03, 2.1211e+01, 
 1DIAGNOSTIC,    45, -8.699219226837e-01, 2.081782258756e-05, 1.2915e+03, 2.0882e+01, 
 1DIAGNOSTIC,    46, -8.700307011604e-01, 1.952991442522e-05, 1.3128e+03, 2.1297e+01, 
 1DIAGNOSTIC,    47, -8.701326251030e-01, 1.831710869737e-05, 1.3339e+03, 2.1078e+01, 
 1DIAGNOSTIC,    48, -8.702347278595e-01, 1.719287502056e-05, 1.3549e+03, 2.1022e+01, 
 1DIAGNOSTIC,    49, -8.703305125237e-01, 1.613696804270e-05, 1.3760e+03, 2.1096e+01, 
 1DIAGNOSTIC,    50, -8.704226016998e-01, 1.516404427093e-05, 1.3968e+03, 2.0809e+01, 
 1DIAGNOSTIC,    51, -8.705129623413e-01, 1.428004179616e-05, 1.4180e+03, 2.1172e+01, 
 1DIAGNOSTIC,    52, -8.706030845642e-01, 1.348435580439e-05, 1.4392e+03, 2.1207e+01, 
 1DIAGNOSTIC,    53, -8.706848621368e-01, 1.276293278352e-05, 1.4603e+03, 2.1133e+01, 
 1DIAGNOSTIC,    54, -8.707641959190e-01, 1.209664151247e-05, 1.4813e+03, 2.0920e+01, 
 1DIAGNOSTIC,    55, -8.708386421204e-01, 1.144912948803e-05, 1.5023e+03, 2.1022e+01, 
 1DIAGNOSTIC,    56, -8.709134459496e-01, 1.084592986444e-05, 1.5236e+03, 2.1278e+01, 
 1DIAGNOSTIC,    57, -8.709857463837e-01, 1.026770951285e-05, 1.5448e+03, 2.1227e+01, 
 1DIAGNOSTIC,    58, -8.710551857948e-01, 9.736580068420e-06, 1.5659e+03, 2.1117e+01, 
 1DIAGNOSTIC,    59, -8.711231350899e-01, 9.241850420949e-06, 1.5871e+03, 2.1214e+01, 
 1DIAGNOSTIC,    60, -8.711875081062e-01, 8.773295121500e-06, 1.6081e+03, 2.0973e+01, 
 1DIAGNOSTIC,    61, -8.712497353554e-01, 8.338512998307e-06, 1.6296e+03, 2.1467e+01, 
 1DIAGNOSTIC,    62, -8.713110089302e-01, 7.958377864270e-06, 1.6509e+03, 2.1296e+01, 
 1DIAGNOSTIC,    63, -8.713690638542e-01, 7.593665486638e-06, 1.6719e+03, 2.0991e+01, 
 1DIAGNOSTIC,    64, -8.714253902435e-01, 7.246128461702e-06, 1.6929e+03, 2.1020e+01, 
 1DIAGNOSTIC,    65, -8.714821338654e-01, 6.914260666235e-06, 1.7139e+03, 2.1061e+01, 
 1DIAGNOSTIC,    66, -8.715388178825e-01, 6.619890882575e-06, 1.7350e+03, 2.1025e+01, 
 1DIAGNOSTIC,    67, -8.715899586678e-01, 6.340205345623e-06, 1.7562e+03, 2.1197e+01, 
 1DIAGNOSTIC,    68, -8.716418147087e-01, 6.082496838644e-06, 1.7772e+03, 2.1024e+01, 
 1DIAGNOSTIC,    69, -8.716890215874e-01, 5.832454917254e-06, 1.7985e+03, 2.1273e+01, 
 1DIAGNOSTIC,    70, -8.717377185822e-01, 5.595748007181e-06, 1.8196e+03, 2.1096e+01, 
XXDIAGNOSTIC,Iteration,metricValue,convergenceValue,ITERATION_TIME_INDEX,SINCE_LAST
 1DIAGNOSTIC,     1, -6.614181399345e-01, inf, 1.9906e+03, 1.7104e+02, 
 1DIAGNOSTIC,     2, -6.632452011108e-01, inf, 2.1615e+03, 1.7090e+02, 
 1DIAGNOSTIC,     3, -6.653273701668e-01, inf, 2.3307e+03, 1.6922e+02, 
 1DIAGNOSTIC,     4, -6.671946048737e-01, inf, 2.5013e+03, 1.7059e+02, 
 1DIAGNOSTIC,     5, -6.688554286957e-01, inf, 2.6694e+03, 1.6807e+02, 
 1DIAGNOSTIC,     6, -6.702476739883e-01, inf, 2.8386e+03, 1.6921e+02, 
 1DIAGNOSTIC,     7, -6.715543270111e-01, inf, 3.0079e+03, 1.6928e+02, 
 1DIAGNOSTIC,     8, -6.727788448334e-01, inf, 3.1763e+03, 1.6846e+02, 
 1DIAGNOSTIC,     9, -6.739399433136e-01, inf, 3.3444e+03, 1.6805e+02, 
 1DIAGNOSTIC,    10, -6.750569939613e-01, 1.298086484894e-03, 3.5119e+03, 1.6755e+02, 
 1DIAGNOSTIC,    11, -6.761522293091e-01, 1.090627862141e-03, 3.6796e+03, 1.6771e+02, 
 1DIAGNOSTIC,    12, -6.772388219833e-01, 9.220041683875e-04, 3.8491e+03, 1.6951e+02, 
 1DIAGNOSTIC,    13, -6.782500147820e-01, 7.960387156345e-04, 4.0172e+03, 1.6810e+02, 
 1DIAGNOSTIC,    14, -6.792820096016e-01, 7.027290994301e-04, 4.1859e+03, 1.6867e+02, 
 1DIAGNOSTIC,    15, -6.803160309792e-01, 6.331389304250e-04, 4.3553e+03, 1.6936e+02, 
 1DIAGNOSTIC,    16, -6.812655925751e-01, 5.755017627962e-04, 4.5230e+03, 1.6772e+02, 
 1DIAGNOSTIC,    17, -6.821413040161e-01, 5.254598218016e-04, 4.6931e+03, 1.7011e+02, 
 1DIAGNOSTIC,    18, -6.829700469971e-01, 4.802485927939e-04, 4.8619e+03, 1.6881e+02, 
 1DIAGNOSTIC,    19, -6.837620735168e-01, 4.383274645079e-04, 5.0302e+03, 1.6830e+02, 
 1DIAGNOSTIC,    20, -6.844110488892e-01, 3.967547672801e-04, 5.1997e+03, 1.6943e+02, 
  Elapsed time (stage 2): 5202


Total elapsed time: 5233
Using single precision for computations.
Input scalar image: /home/mpib/nemecz/Projects/miniTRK/Results/01_MRI/GroupTempl/T1w/T_template0sub-317132_T1wRepaired.nii.gz
Reference image: /home/mpib/nemecz/Projects/miniTRK/Results/01_MRI/GroupTempl/T1w/T_template0.nii.gz
=============================================================================
The composite transform comprises the following transforms (in order): 
  1. /home/mpib/nemecz/Projects/miniTRK/Results/01_MRI/GroupTempl/T1w/T_sub-317132_T1w70GenericAffine.mat (type = AffineTransform)
  2. /home/mpib/nemecz/Projects/miniTRK/Results/01_MRI/GroupTempl/T1w/T_sub-317132_T1w71Warp.nii.gz (type = DisplacementFieldTransform)
=============================================================================
Default pixel value: 0
Interpolation type: LinearInterpolateImageFunction
Output warped image: /home/mpib/nemecz/Projects/miniTRK/Results/01_MRI/GroupTempl/T1w/T_template0sub-317132_T1w7WarpedToTemplate.nii.gz
