
Running N4 for 3-dimensional images.

Mask not read.  Using the entire image as the mask.

Original intensity range:  [0, 914]

***********************************************************
Warning:  Your input image contains nonpositive values
which could cause failure or problematic results.  A
possible workaround would be to:
   1. rescale your image to positive values e.g., [10,100].
   2. run N4 on your rescaled image.
   3. (optional) rescale the N4 output to the original
      intensity range.
***********************************************************

Specified spline distance: 200mm
  original image size:  [192, 256, 256]
  padded image size:  [201, 401, 401]
  number of control points:  [4, 5, 5]

Current level = 1
  Iteration 1 (of 50).   Current convergence value = 0.000329912 (threshold = 1e-08)
  Iteration 2 (of 50).   Current convergence value = 0.000229408 (threshold = 1e-08)
  Iteration 3 (of 50).   Current convergence value = 0.000193689 (threshold = 1e-08)
  Iteration 4 (of 50).   Current convergence value = 0.00018353 (threshold = 1e-08)
  Iteration 5 (of 50).   Current convergence value = 0.000182185 (threshold = 1e-08)
  Iteration 6 (of 50).   Current convergence value = 0.000183358 (threshold = 1e-08)
  Iteration 7 (of 50).   Current convergence value = 0.000184908 (threshold = 1e-08)
  Iteration 8 (of 50).   Current convergence value = 0.000185929 (threshold = 1e-08)
  Iteration 9 (of 50).   Current convergence value = 0.000185952 (threshold = 1e-08)
  Iteration 10 (of 50).   Current convergence value = 0.000185462 (threshold = 1e-08)
  Iteration 11 (of 50).   Current convergence value = 0.000184271 (threshold = 1e-08)
  Iteration 12 (of 50).   Current convergence value = 0.000174383 (threshold = 1e-08)
  Iteration 13 (of 50).   Current convergence value = 0.000166121 (threshold = 1e-08)
  Iteration 14 (of 50).   Current convergence value = 0.000159284 (threshold = 1e-08)
  Iteration 15 (of 50).   Current convergence value = 0.00015359 (threshold = 1e-08)
  Iteration 16 (of 50).   Current convergence value = 0.000148795 (threshold = 1e-08)
  Iteration 17 (of 50).   Current convergence value = 0.000144538 (threshold = 1e-08)
  Iteration 18 (of 50).   Current convergence value = 0.000140809 (threshold = 1e-08)
  Iteration 19 (of 50).   Current convergence value = 0.000137462 (threshold = 1e-08)
  Iteration 20 (of 50).   Current convergence value = 0.000134318 (threshold = 1e-08)
  Iteration 21 (of 50).   Current convergence value = 0.000131459 (threshold = 1e-08)
  Iteration 22 (of 50).   Current convergence value = 0.000128842 (threshold = 1e-08)
  Iteration 23 (of 50).   Current convergence value = 0.000126459 (threshold = 1e-08)
  Iteration 24 (of 50).   Current convergence value = 0.000124086 (threshold = 1e-08)
  Iteration 25 (of 50).   Current convergence value = 0.000121918 (threshold = 1e-08)
  Iteration 26 (of 50).   Current convergence value = 0.000119941 (threshold = 1e-08)
  Iteration 27 (of 50).   Current convergence value = 0.000117972 (threshold = 1e-08)
  Iteration 28 (of 50).   Current convergence value = 0.000116192 (threshold = 1e-08)
  Iteration 29 (of 50).   Current convergence value = 0.000114557 (threshold = 1e-08)
  Iteration 30 (of 50).   Current convergence value = 0.000113038 (threshold = 1e-08)
  Iteration 31 (of 50).   Current convergence value = 0.000111565 (threshold = 1e-08)
  Iteration 32 (of 50).   Current convergence value = 0.000110073 (threshold = 1e-08)
  Iteration 33 (of 50).   Current convergence value = 0.000108802 (threshold = 1e-08)
  Iteration 34 (of 50).   Current convergence value = 0.000107414 (threshold = 1e-08)
  Iteration 35 (of 50).   Current convergence value = 0.00010622 (threshold = 1e-08)
  Iteration 36 (of 50).   Current convergence value = 0.000105001 (threshold = 1e-08)
  Iteration 37 (of 50).   Current convergence value = 0.000103798 (threshold = 1e-08)
  Iteration 38 (of 50).   Current convergence value = 0.000102643 (threshold = 1e-08)
  Iteration 39 (of 50).   Current convergence value = 0.000101535 (threshold = 1e-08)
  Iteration 40 (of 50).   Current convergence value = 0.000100554 (threshold = 1e-08)
  Iteration 41 (of 50).   Current convergence value = 9.96294e-05 (threshold = 1e-08)
  Iteration 42 (of 50).   Current convergence value = 9.85366e-05 (threshold = 1e-08)
  Iteration 43 (of 50).   Current convergence value = 9.76323e-05 (threshold = 1e-08)
  Iteration 44 (of 50).   Current convergence value = 9.68531e-05 (threshold = 1e-08)
  Iteration 45 (of 50).   Current convergence value = 9.60388e-05 (threshold = 1e-08)
  Iteration 46 (of 50).   Current convergence value = 9.5294e-05 (threshold = 1e-08)
  Iteration 47 (of 50).   Current convergence value = 9.45411e-05 (threshold = 1e-08)
  Iteration 48 (of 50).   Current convergence value = 9.37445e-05 (threshold = 1e-08)
  Iteration 49 (of 50).   Current convergence value = 9.30454e-05 (threshold = 1e-08)
  Iteration 50 (of 50).   Current convergence value = 9.23424e-05 (threshold = 1e-08)
Current level = 2
  Iteration 1 (of 50).   Current convergence value = 0.0004316 (threshold = 1e-08)
  Iteration 2 (of 50).   Current convergence value = 0.00036121 (threshold = 1e-08)
  Iteration 3 (of 50).   Current convergence value = 0.000311492 (threshold = 1e-08)
  Iteration 4 (of 50).   Current convergence value = 0.000272627 (threshold = 1e-08)
  Iteration 5 (of 50).   Current convergence value = 0.000238251 (threshold = 1e-08)
  Iteration 6 (of 50).   Current convergence value = 0.000210355 (threshold = 1e-08)
  Iteration 7 (of 50).   Current convergence value = 0.000188047 (threshold = 1e-08)
  Iteration 8 (of 50).   Current convergence value = 0.000176483 (threshold = 1e-08)
  Iteration 9 (of 50).   Current convergence value = 0.000170964 (threshold = 1e-08)
  Iteration 10 (of 50).   Current convergence value = 0.000160403 (threshold = 1e-08)
  Iteration 11 (of 50).   Current convergence value = 0.000151282 (threshold = 1e-08)
  Iteration 12 (of 50).   Current convergence value = 0.000143665 (threshold = 1e-08)
  Iteration 13 (of 50).   Current convergence value = 0.000137113 (threshold = 1e-08)
  Iteration 14 (of 50).   Current convergence value = 0.000131304 (threshold = 1e-08)
  Iteration 15 (of 50).   Current convergence value = 0.000125715 (threshold = 1e-08)
  Iteration 16 (of 50).   Current convergence value = 0.000120831 (threshold = 1e-08)
  Iteration 17 (of 50).   Current convergence value = 0.000115918 (threshold = 1e-08)
  Iteration 18 (of 50).   Current convergence value = 0.000111273 (threshold = 1e-08)
  Iteration 19 (of 50).   Current convergence value = 0.000107245 (threshold = 1e-08)
  Iteration 20 (of 50).   Current convergence value = 0.000103527 (threshold = 1e-08)
  Iteration 21 (of 50).   Current convergence value = 9.99915e-05 (threshold = 1e-08)
  Iteration 22 (of 50).   Current convergence value = 9.93802e-05 (threshold = 1e-08)
  Iteration 23 (of 50).   Current convergence value = 9.96282e-05 (threshold = 1e-08)
  Iteration 24 (of 50).   Current convergence value = 9.99635e-05 (threshold = 1e-08)
  Iteration 25 (of 50).   Current convergence value = 9.9985e-05 (threshold = 1e-08)
  Iteration 26 (of 50).   Current convergence value = 0.000100039 (threshold = 1e-08)
  Iteration 27 (of 50).   Current convergence value = 0.000100086 (threshold = 1e-08)
  Iteration 28 (of 50).   Current convergence value = 0.000100182 (threshold = 1e-08)
  Iteration 29 (of 50).   Current convergence value = 9.99353e-05 (threshold = 1e-08)
  Iteration 30 (of 50).   Current convergence value = 9.97805e-05 (threshold = 1e-08)
  Iteration 31 (of 50).   Current convergence value = 9.95118e-05 (threshold = 1e-08)
  Iteration 32 (of 50).   Current convergence value = 9.93305e-05 (threshold = 1e-08)
  Iteration 33 (of 50).   Current convergence value = 9.89648e-05 (threshold = 1e-08)
  Iteration 34 (of 50).   Current convergence value = 9.84933e-05 (threshold = 1e-08)
  Iteration 35 (of 50).   Current convergence value = 9.82644e-05 (threshold = 1e-08)
  Iteration 36 (of 50).   Current convergence value = 9.78965e-05 (threshold = 1e-08)
  Iteration 37 (of 50).   Current convergence value = 9.73982e-05 (threshold = 1e-08)
  Iteration 38 (of 50).   Current convergence value = 9.7037e-05 (threshold = 1e-08)
  Iteration 39 (of 50).   Current convergence value = 9.66723e-05 (threshold = 1e-08)
  Iteration 40 (of 50).   Current convergence value = 9.61808e-05 (threshold = 1e-08)
  Iteration 41 (of 50).   Current convergence value = 9.57306e-05 (threshold = 1e-08)
  Iteration 42 (of 50).   Current convergence value = 9.52614e-05 (threshold = 1e-08)
  Iteration 43 (of 50).   Current convergence value = 9.47799e-05 (threshold = 1e-08)
  Iteration 44 (of 50).   Current convergence value = 9.44765e-05 (threshold = 1e-08)
  Iteration 45 (of 50).   Current convergence value = 9.40543e-05 (threshold = 1e-08)
  Iteration 46 (of 50).   Current convergence value = 9.34392e-05 (threshold = 1e-08)
  Iteration 47 (of 50).   Current convergence value = 9.31227e-05 (threshold = 1e-08)
  Iteration 48 (of 50).   Current convergence value = 9.27986e-05 (threshold = 1e-08)
  Iteration 49 (of 50).   Current convergence value = 9.2598e-05 (threshold = 1e-08)
  Iteration 50 (of 50).   Current convergence value = 9.22687e-05 (threshold = 1e-08)
Current level = 3
  Iteration 1 (of 40).   Current convergence value = 0.00153139 (threshold = 1e-08)
  Iteration 2 (of 40).   Current convergence value = 0.00121958 (threshold = 1e-08)
  Iteration 3 (of 40).   Current convergence value = 0.00104868 (threshold = 1e-08)
  Iteration 4 (of 40).   Current convergence value = 0.000934234 (threshold = 1e-08)
  Iteration 5 (of 40).   Current convergence value = 0.000848813 (threshold = 1e-08)
  Iteration 6 (of 40).   Current convergence value = 0.000796648 (threshold = 1e-08)
  Iteration 7 (of 40).   Current convergence value = 0.00076353 (threshold = 1e-08)
  Iteration 8 (of 40).   Current convergence value = 0.000737725 (threshold = 1e-08)
  Iteration 9 (of 40).   Current convergence value = 0.000716676 (threshold = 1e-08)
  Iteration 10 (of 40).   Current convergence value = 0.000697488 (threshold = 1e-08)
  Iteration 11 (of 40).   Current convergence value = 0.000680579 (threshold = 1e-08)
  Iteration 12 (of 40).   Current convergence value = 0.000665939 (threshold = 1e-08)
  Iteration 13 (of 40).   Current convergence value = 0.000652559 (threshold = 1e-08)
  Iteration 14 (of 40).   Current convergence value = 0.000638074 (threshold = 1e-08)
  Iteration 15 (of 40).   Current convergence value = 0.000624099 (threshold = 1e-08)
  Iteration 16 (of 40).   Current convergence value = 0.000610867 (threshold = 1e-08)
  Iteration 17 (of 40).   Current convergence value = 0.000598203 (threshold = 1e-08)
  Iteration 18 (of 40).   Current convergence value = 0.000585763 (threshold = 1e-08)
  Iteration 19 (of 40).   Current convergence value = 0.000573831 (threshold = 1e-08)
  Iteration 20 (of 40).   Current convergence value = 0.000562219 (threshold = 1e-08)
  Iteration 21 (of 40).   Current convergence value = 0.000551507 (threshold = 1e-08)
  Iteration 22 (of 40).   Current convergence value = 0.000540859 (threshold = 1e-08)
  Iteration 23 (of 40).   Current convergence value = 0.000529807 (threshold = 1e-08)
  Iteration 24 (of 40).   Current convergence value = 0.000518856 (threshold = 1e-08)
  Iteration 25 (of 40).   Current convergence value = 0.000507952 (threshold = 1e-08)
  Iteration 26 (of 40).   Current convergence value = 0.000497233 (threshold = 1e-08)
  Iteration 27 (of 40).   Current convergence value = 0.000486527 (threshold = 1e-08)
  Iteration 28 (of 40).   Current convergence value = 0.00047608 (threshold = 1e-08)
  Iteration 29 (of 40).   Current convergence value = 0.000465812 (threshold = 1e-08)
  Iteration 30 (of 40).   Current convergence value = 0.000455647 (threshold = 1e-08)
  Iteration 31 (of 40).   Current convergence value = 0.000441804 (threshold = 1e-08)
  Iteration 32 (of 40).   Current convergence value = 0.000426408 (threshold = 1e-08)
  Iteration 33 (of 40).   Current convergence value = 0.000412657 (threshold = 1e-08)
  Iteration 34 (of 40).   Current convergence value = 0.000400321 (threshold = 1e-08)
  Iteration 35 (of 40).   Current convergence value = 0.000389335 (threshold = 1e-08)
  Iteration 36 (of 40).   Current convergence value = 0.000378979 (threshold = 1e-08)
  Iteration 37 (of 40).   Current convergence value = 0.000369706 (threshold = 1e-08)
  Iteration 38 (of 40).   Current convergence value = 0.000360849 (threshold = 1e-08)
  Iteration 39 (of 40).   Current convergence value = 0.000352867 (threshold = 1e-08)
  Iteration 40 (of 40).   Current convergence value = 0.000345273 (threshold = 1e-08)
Current level = 4
  Iteration 1 (of 30).   Current convergence value = 0.00231609 (threshold = 1e-08)
  Iteration 2 (of 30).   Current convergence value = 0.00198107 (threshold = 1e-08)
  Iteration 3 (of 30).   Current convergence value = 0.00185547 (threshold = 1e-08)
  Iteration 4 (of 30).   Current convergence value = 0.00177246 (threshold = 1e-08)
  Iteration 5 (of 30).   Current convergence value = 0.00163887 (threshold = 1e-08)
  Iteration 6 (of 30).   Current convergence value = 0.00150002 (threshold = 1e-08)
  Iteration 7 (of 30).   Current convergence value = 0.00137154 (threshold = 1e-08)
  Iteration 8 (of 30).   Current convergence value = 0.00127098 (threshold = 1e-08)
  Iteration 9 (of 30).   Current convergence value = 0.00123021 (threshold = 1e-08)
  Iteration 10 (of 30).   Current convergence value = 0.00130162 (threshold = 1e-08)
  Iteration 11 (of 30).   Current convergence value = 0.00143815 (threshold = 1e-08)
  Iteration 12 (of 30).   Current convergence value = 0.001499 (threshold = 1e-08)
  Iteration 13 (of 30).   Current convergence value = 0.00160164 (threshold = 1e-08)
  Iteration 14 (of 30).   Current convergence value = 0.00172872 (threshold = 1e-08)
  Iteration 15 (of 30).   Current convergence value = 0.0015563 (threshold = 1e-08)
  Iteration 16 (of 30).   Current convergence value = 0.0013508 (threshold = 1e-08)
  Iteration 17 (of 30).   Current convergence value = 0.00115605 (threshold = 1e-08)
  Iteration 18 (of 30).   Current convergence value = 0.000985614 (threshold = 1e-08)
  Iteration 19 (of 30).   Current convergence value = 0.000854439 (threshold = 1e-08)
  Iteration 20 (of 30).   Current convergence value = 0.00075395 (threshold = 1e-08)
  Iteration 21 (of 30).   Current convergence value = 0.000714824 (threshold = 1e-08)
  Iteration 22 (of 30).   Current convergence value = 0.00101901 (threshold = 1e-08)
  Iteration 23 (of 30).   Current convergence value = 0.00118727 (threshold = 1e-08)
  Iteration 24 (of 30).   Current convergence value = 0.00126378 (threshold = 1e-08)
  Iteration 25 (of 30).   Current convergence value = 0.0012909 (threshold = 1e-08)
  Iteration 26 (of 30).   Current convergence value = 0.00132131 (threshold = 1e-08)
  Iteration 27 (of 30).   Current convergence value = 0.00127948 (threshold = 1e-08)
  Iteration 28 (of 30).   Current convergence value = 0.00121857 (threshold = 1e-08)
  Iteration 29 (of 30).   Current convergence value = 0.00116627 (threshold = 1e-08)
  Iteration 30 (of 30).   Current convergence value = 0.00112186 (threshold = 1e-08)
   N4BiasFieldCorrectionImageFilter (0x560cf53abe20)
     RTTI typeinfo:   itk::N4BiasFieldCorrectionImageFilter<itk::Image<float, 3u>, itk::Image<float, 3u>, itk::Image<float, 3u> >
     Reference Count: 1
     Modified Time: 565
     Debug: Off
     Object Name: 
     Observers: 
       IterationEvent(Command)
     Inputs: 
       ConfidenceImage: (0)
       MaskImage: (0x560cf53d65e0)
       Primary: (0x560cf53d1b30) *
     Indexed Inputs: 
       0: Primary (0x560cf53d1b30)
       1: MaskImage (0x560cf53d65e0)
       2: ConfidenceImage (0)
     Required Input Names: Primary
     NumberOfRequiredInputs: 1
     Outputs: 
       Primary: (0x560cf53bbef0)
     Indexed Outputs: 
       0: Primary (0x560cf53bbef0)
     NumberOfRequiredOutputs: 1
     Number Of Work Units: 32
     ReleaseDataFlag: Off
     ReleaseDataBeforeUpdateFlag: Off
     AbortGenerateData: Off
     Progress: 0
     Multithreader: 
       RTTI typeinfo:   itk::PoolMultiThreader
       Reference Count: 1
       Modified Time: 144
       Debug: Off
       Object Name: 
       Observers: 
         none
       Number of Work Units: 32
       Number of Threads: 8
       Global Maximum Number Of Threads: 128
       Global Default Number Of Threads: 8
       Global Default Threader Type: itk::MultiThreaderBaseEnums::Threader::Pool
       SingleMethod: 0
       SingleData: 0
     DynamicMultiThreading: On
     CoordinateTolerance: 1e-06
     DirectionTolerance: 1e-06
     Use Mask Label: 0
     Mask label: 1
     Number of histogram bins: 200
     Wiener filter noise: 0.01
     Bias field FWHM: 0.15
     Maximum number of iterations: [50, 50, 40, 30]
     Convergence threshold: 1e-08
     Spline order: 3
     Number of fitting levels: [4, 4, 4]
     Number of control points: [4, 5, 5]
     CurrentConvergenceMeasurement: 0.00112186
     CurrentLevel: 4
     ElapsedIterations: 31
     LogBiasFieldControlPointLattice: 
       Image (0x560cfbeb60f0)
         RTTI typeinfo:   itk::Image<itk::Vector<float, 1u>, 3u>
         Reference Count: 1
         Modified Time: 343560
         Debug: Off
         Object Name: 
         Observers: 
           none
         Source: (none)
         Source output name: (none)
         Release Data: Off
         Data Released: False
         Global Release Data: Off
         PipelineMTime: 0
         UpdateMTime: 0
         RealTimeStamp: 0 seconds 
         LargestPossibleRegion: 
           Dimension: 3
           Index: [0, 0, 0]
           Size: [11, 19, 19]
         BufferedRegion: 
           Dimension: 3
           Index: [0, 0, 0]
           Size: [11, 19, 19]
         RequestedRegion: 
           Dimension: 3
           Index: [0, 0, 0]
           Size: [11, 19, 19]
         Spacing: [24.75, 24.875, 24.875]
         Origin: [25.3184, 16.4665, -30.6256]
         Direction: 
-0.999859 -0.00845455 -0.014537
0.00386012 -0.956737 0.290928
-0.0163677 0.29083 0.956635

         IndexToPointMatrix: 
-24.7465 -0.210307 -0.361608
0.095538 -23.7988 7.23683
-0.405102 7.2344 23.7963

         PointToIndexMatrix: 
-0.0403983 0.000155965 -0.000661323
-0.000339882 -0.0384618 0.0116917
-0.000584402 0.0116956 0.0384577

         Inverse Direction: 
-0.999859 0.00386012 -0.0163678
-0.00845456 -0.956737 0.290831
-0.014537 0.290927 0.956635

         PixelContainer: 
           ImportImageContainer (0x560cfbeb7f10)
             RTTI typeinfo:   itk::ImportImageContainer<unsigned long, itk::Vector<float, 1u> >
             Reference Count: 1
             Modified Time: 343561
             Debug: Off
             Object Name: 
             Observers: 
               none
             Pointer: 0x560cff56a3e0
             Container manages memory: true
             Size: 3971
             Capacity: 3971
Elapsed time: 318.746
All_Command_lines_OK
Using single precision for computations.
=============================================================================
The composite transform comprises the following transforms (in order): 
  1. Center of mass alignment using fixed image: /home/mpib/nemecz/Projects/miniTRK/Results/01_MRI/GroupTempl/T1w/T_template0.nii.gz and moving image: /home/mpib/nemecz/Projects/miniTRK/Analysis/01_MRI/Preproc/GroupTempl/T1w/sub-589611_T1w.nii.gz (type = Euler3DTransform)
=============================================================================
  number of levels = 4
  number of levels = 4
  number of levels = 4
  fixed image: /home/mpib/nemecz/Projects/miniTRK/Results/01_MRI/GroupTempl/T1w/T_template0.nii.gz
  moving image: /home/mpib/nemecz/Projects/miniTRK/Results/01_MRI/GroupTempl/T1w/T_template0sub-589611_T1wRepaired.nii.gz
  fixed image: /home/mpib/nemecz/Projects/miniTRK/Results/01_MRI/GroupTempl/T1w/T_template0.nii.gz
  moving image: /home/mpib/nemecz/Projects/miniTRK/Results/01_MRI/GroupTempl/T1w/T_template0sub-589611_T1wRepaired.nii.gz
  fixed image: /home/mpib/nemecz/Projects/miniTRK/Results/01_MRI/GroupTempl/T1w/T_template0.nii.gz
  moving image: /home/mpib/nemecz/Projects/miniTRK/Results/01_MRI/GroupTempl/T1w/T_template0sub-589611_T1wRepaired.nii.gz
Dimension = 3
Number of stages = 3
Use Histogram Matching true
Winsorize image intensities true
Lower quantile = 0.01
Upper quantile = 0.99
Stage 1 State
   Image metric = Mattes
     Fixed image = Image (0x561ef70e9ad0)
  RTTI typeinfo:   itk::Image<float, 3u>
  Reference Count: 2
  Modified Time: 1721
  Debug: Off
  Object Name: 
  Observers: 
    none
  Source: (none)
  Source output name: (none)
  Release Data: Off
  Data Released: False
  Global Release Data: Off
  PipelineMTime: 0
  UpdateMTime: 1506
  RealTimeStamp: 0 seconds 
  LargestPossibleRegion: 
    Dimension: 3
    Index: [0, 0, 0]
    Size: [192, 256, 256]
  BufferedRegion: 
    Dimension: 3
    Index: [0, 0, 0]
    Size: [192, 256, 256]
  RequestedRegion: 
    Dimension: 3
    Index: [0, 0, 0]
    Size: [192, 256, 256]
  Spacing: [1, 1, 1]
  Origin: [95.0313, 100.538, -154.123]
  Direction: 
-0.999853 -0.014134 -0.00966312
0.014129 -0.9999 0.000586045
-0.00967044 0.000449429 0.999953

  IndexToPointMatrix: 
-0.999853 -0.014134 -0.00966312
0.014129 -0.9999 0.000586045
-0.00967044 0.000449429 0.999953

  PointToIndexMatrix: 
-0.999853 0.014129 -0.00967044
-0.014134 -0.9999 0.000449429
-0.00966312 0.000586045 0.999953

  Inverse Direction: 
-0.999853 0.014129 -0.00967044
-0.014134 -0.9999 0.000449429
-0.00966312 0.000586045 0.999953

  PixelContainer: 
    ImportImageContainer (0x561ef70f1c80)
      RTTI typeinfo:   itk::ImportImageContainer<unsigned long, float>
      Reference Count: 1
      Modified Time: 1503
      Debug: Off
      Object Name: 
      Observers: 
        none
      Pointer: 0x7f4db01f5010
      Container manages memory: true
      Size: 12582912
      Capacity: 12582912

     Moving image = Image (0x561ef70eabc0)
  RTTI typeinfo:   itk::Image<float, 3u>
  Reference Count: 2
  Modified Time: 1722
  Debug: Off
  Object Name: 
  Observers: 
    none
  Source: (none)
  Source output name: (none)
  Release Data: Off
  Data Released: False
  Global Release Data: Off
  PipelineMTime: 0
  UpdateMTime: 1719
  RealTimeStamp: 0 seconds 
  LargestPossibleRegion: 
    Dimension: 3
    Index: [0, 0, 0]
    Size: [192, 256, 256]
  BufferedRegion: 
    Dimension: 3
    Index: [0, 0, 0]
    Size: [192, 256, 256]
  RequestedRegion: 
    Dimension: 3
    Index: [0, 0, 0]
    Size: [192, 256, 256]
  Spacing: [1, 1, 1]
  Origin: [98.7674, 49.8491, -175.216]
  Direction: 
-0.999859 -0.00845456 -0.014537
0.00386012 -0.956737 0.290928
-0.0163677 0.29083 0.956635

  IndexToPointMatrix: 
-0.999859 -0.00845456 -0.014537
0.00386012 -0.956737 0.290928
-0.0163677 0.29083 0.956635

  PointToIndexMatrix: 
-0.999859 0.00386012 -0.0163677
-0.00845456 -0.956737 0.29083
-0.014537 0.290928 0.956635

  Inverse Direction: 
-0.999859 0.00386012 -0.0163677
-0.00845456 -0.956737 0.29083
-0.014537 0.290928 0.956635

  PixelContainer: 
    ImportImageContainer (0x561ef70f6100)
      RTTI typeinfo:   itk::ImportImageContainer<unsigned long, float>
      Reference Count: 1
      Modified Time: 1716
      Debug: Off
      Object Name: 
      Observers: 
        none
      Pointer: 0x7f4dad1f4010
      Container manages memory: true
      Size: 12582912
      Capacity: 12582912

     Weighting = 1
     Sampling strategy = regular
     Number of bins = 32
     Radius = 4
     Sampling percentage  = 0.25
   Transform = Rigid
     Gradient step = 0.1
     Update field sigma (voxel space) = 0
     Total field sigma (voxel space) = 0
     Update field time sigma = 0
     Total field time sigma  = 0
     Number of time indices = 0
     Number of time point samples = 0
Stage 2 State
   Image metric = Mattes
     Fixed image = Image (0x561ef7102870)
  RTTI typeinfo:   itk::Image<float, 3u>
  Reference Count: 2
  Modified Time: 2149
  Debug: Off
  Object Name: 
  Observers: 
    none
  Source: (none)
  Source output name: (none)
  Release Data: Off
  Data Released: False
  Global Release Data: Off
  PipelineMTime: 0
  UpdateMTime: 1934
  RealTimeStamp: 0 seconds 
  LargestPossibleRegion: 
    Dimension: 3
    Index: [0, 0, 0]
    Size: [192, 256, 256]
  BufferedRegion: 
    Dimension: 3
    Index: [0, 0, 0]
    Size: [192, 256, 256]
  RequestedRegion: 
    Dimension: 3
    Index: [0, 0, 0]
    Size: [192, 256, 256]
  Spacing: [1, 1, 1]
  Origin: [95.0313, 100.538, -154.123]
  Direction: 
-0.999853 -0.014134 -0.00966312
0.014129 -0.9999 0.000586045
-0.00967044 0.000449429 0.999953

  IndexToPointMatrix: 
-0.999853 -0.014134 -0.00966312
0.014129 -0.9999 0.000586045
-0.00967044 0.000449429 0.999953

  PointToIndexMatrix: 
-0.999853 0.014129 -0.00967044
-0.014134 -0.9999 0.000449429
-0.00966312 0.000586045 0.999953

  Inverse Direction: 
-0.999853 0.014129 -0.00967044
-0.014134 -0.9999 0.000449429
-0.00966312 0.000586045 0.999953

  PixelContainer: 
    ImportImageContainer (0x561ef70ed6d0)
      RTTI typeinfo:   itk::ImportImageContainer<unsigned long, float>
      Reference Count: 1
      Modified Time: 1931
      Debug: Off
      Object Name: 
      Observers: 
        none
      Pointer: 0x7f4daa1f3010
      Container manages memory: true
      Size: 12582912
      Capacity: 12582912

     Moving image = Image (0x561ef71024c0)
  RTTI typeinfo:   itk::Image<float, 3u>
  Reference Count: 2
  Modified Time: 2150
  Debug: Off
  Object Name: 
  Observers: 
    none
  Source: (none)
  Source output name: (none)
  Release Data: Off
  Data Released: False
  Global Release Data: Off
  PipelineMTime: 0
  UpdateMTime: 2147
  RealTimeStamp: 0 seconds 
  LargestPossibleRegion: 
    Dimension: 3
    Index: [0, 0, 0]
    Size: [192, 256, 256]
  BufferedRegion: 
    Dimension: 3
    Index: [0, 0, 0]
    Size: [192, 256, 256]
  RequestedRegion: 
    Dimension: 3
    Index: [0, 0, 0]
    Size: [192, 256, 256]
  Spacing: [1, 1, 1]
  Origin: [98.7674, 49.8491, -175.216]
  Direction: 
-0.999859 -0.00845456 -0.014537
0.00386012 -0.956737 0.290928
-0.0163677 0.29083 0.956635

  IndexToPointMatrix: 
-0.999859 -0.00845456 -0.014537
0.00386012 -0.956737 0.290928
-0.0163677 0.29083 0.956635

  PointToIndexMatrix: 
-0.999859 0.00386012 -0.0163677
-0.00845456 -0.956737 0.29083
-0.014537 0.290928 0.956635

  Inverse Direction: 
-0.999859 0.00386012 -0.0163677
-0.00845456 -0.956737 0.29083
-0.014537 0.290928 0.956635

  PixelContainer: 
    ImportImageContainer (0x561ef71038c0)
      RTTI typeinfo:   itk::ImportImageContainer<unsigned long, float>
      Reference Count: 1
      Modified Time: 2144
      Debug: Off
      Object Name: 
      Observers: 
        none
      Pointer: 0x7f4da71f2010
      Container manages memory: true
      Size: 12582912
      Capacity: 12582912

     Weighting = 1
     Sampling strategy = regular
     Number of bins = 32
     Radius = 4
     Sampling percentage  = 0.25
   Transform = Affine
     Gradient step = 0.1
     Update field sigma (voxel space) = 0
     Total field sigma (voxel space) = 0
     Update field time sigma = 0
     Total field time sigma  = 0
     Number of time indices = 0
     Number of time point samples = 0
Stage 3 State
   Image metric = CC
     Fixed image = Image (0x561ef7109960)
  RTTI typeinfo:   itk::Image<float, 3u>
  Reference Count: 2
  Modified Time: 2577
  Debug: Off
  Object Name: 
  Observers: 
    none
  Source: (none)
  Source output name: (none)
  Release Data: Off
  Data Released: False
  Global Release Data: Off
  PipelineMTime: 0
  UpdateMTime: 2362
  RealTimeStamp: 0 seconds 
  LargestPossibleRegion: 
    Dimension: 3
    Index: [0, 0, 0]
    Size: [192, 256, 256]
  BufferedRegion: 
    Dimension: 3
    Index: [0, 0, 0]
    Size: [192, 256, 256]
  RequestedRegion: 
    Dimension: 3
    Index: [0, 0, 0]
    Size: [192, 256, 256]
  Spacing: [1, 1, 1]
  Origin: [95.0313, 100.538, -154.123]
  Direction: 
-0.999853 -0.014134 -0.00966312
0.014129 -0.9999 0.000586045
-0.00967044 0.000449429 0.999953

  IndexToPointMatrix: 
-0.999853 -0.014134 -0.00966312
0.014129 -0.9999 0.000586045
-0.00967044 0.000449429 0.999953

  PointToIndexMatrix: 
-0.999853 0.014129 -0.00967044
-0.014134 -0.9999 0.000449429
-0.00966312 0.000586045 0.999953

  Inverse Direction: 
-0.999853 0.014129 -0.00967044
-0.014134 -0.9999 0.000449429
-0.00966312 0.000586045 0.999953

  PixelContainer: 
    ImportImageContainer (0x561ef70ea660)
      RTTI typeinfo:   itk::ImportImageContainer<unsigned long, float>
      Reference Count: 1
      Modified Time: 2359
      Debug: Off
      Object Name: 
      Observers: 
        none
      Pointer: 0x7f4da41f1010
      Container manages memory: true
      Size: 12582912
      Capacity: 12582912

     Moving image = Image (0x561ef710b840)
  RTTI typeinfo:   itk::Image<float, 3u>
  Reference Count: 2
  Modified Time: 2578
  Debug: Off
  Object Name: 
  Observers: 
    none
  Source: (none)
  Source output name: (none)
  Release Data: Off
  Data Released: False
  Global Release Data: Off
  PipelineMTime: 0
  UpdateMTime: 2575
  RealTimeStamp: 0 seconds 
  LargestPossibleRegion: 
    Dimension: 3
    Index: [0, 0, 0]
    Size: [192, 256, 256]
  BufferedRegion: 
    Dimension: 3
    Index: [0, 0, 0]
    Size: [192, 256, 256]
  RequestedRegion: 
    Dimension: 3
    Index: [0, 0, 0]
    Size: [192, 256, 256]
  Spacing: [1, 1, 1]
  Origin: [98.7674, 49.8491, -175.216]
  Direction: 
-0.999859 -0.00845456 -0.014537
0.00386012 -0.956737 0.290928
-0.0163677 0.29083 0.956635

  IndexToPointMatrix: 
-0.999859 -0.00845456 -0.014537
0.00386012 -0.956737 0.290928
-0.0163677 0.29083 0.956635

  PointToIndexMatrix: 
-0.999859 0.00386012 -0.0163677
-0.00845456 -0.956737 0.29083
-0.014537 0.290928 0.956635

  Inverse Direction: 
-0.999859 0.00386012 -0.0163677
-0.00845456 -0.956737 0.29083
-0.014537 0.290928 0.956635

  PixelContainer: 
    ImportImageContainer (0x561ef7108660)
      RTTI typeinfo:   itk::ImportImageContainer<unsigned long, float>
      Reference Count: 1
      Modified Time: 2572
      Debug: Off
      Object Name: 
      Observers: 
        none
      Pointer: 0x7f4da11f0010
      Container manages memory: true
      Size: 12582912
      Capacity: 12582912

     Weighting = 1
     Sampling strategy = none
     Number of bins = 32
     Radius = 4
     Sampling percentage  = 1
   Transform = SyN
     Gradient step = 0.1
     Update field sigma (voxel space) = 3
     Total field sigma (voxel space) = 0
     Update field time sigma = 0
     Total field time sigma  = 0
     Number of time indices = 0
     Number of time point samples = 0
Registration using 3 total stages.

Stage 0
  iterations = 1000x500x250x0
  convergence threshold = 1e-06
  convergence window size = 10
  number of levels = 4
  using the Mattes MI metric (number of bins = 32, weight = 1)
  preprocessing:  winsorizing the image intensities
  preprocessing:  histogram matching the images
  Shrink factors (level 1 out of 4): [6, 6, 6]
  Shrink factors (level 2 out of 4): [4, 4, 4]
  Shrink factors (level 3 out of 4): [2, 2, 2]
  Shrink factors (level 4 out of 4): [1, 1, 1]
  smoothing sigmas per level: [4, 2, 1, 0]
  regular sampling (percentage = 0.25)

*** Running Euler3DTransform registration ***

DIAGNOSTIC,Iteration,metricValue,convergenceValue,ITERATION_TIME_INDEX,SINCE_LAST
 2DIAGNOSTIC,     1, -7.549833655357e-01, inf, 6.6574e-01, 6.6574e-01, 
 2DIAGNOSTIC,     2, -7.565491795540e-01, inf, 6.7371e-01, 7.9679e-03, 
 2DIAGNOSTIC,     3, -7.591657042503e-01, inf, 6.8180e-01, 8.0960e-03, 
 2DIAGNOSTIC,     4, -7.632375955582e-01, inf, 6.8996e-01, 8.1580e-03, 
 2DIAGNOSTIC,     5, -7.691141963005e-01, inf, 6.9798e-01, 8.0209e-03, 
 2DIAGNOSTIC,     6, -7.761825323105e-01, inf, 7.0639e-01, 8.4031e-03, 
 2DIAGNOSTIC,     7, -7.829467654228e-01, inf, 7.1528e-01, 8.8971e-03, 
 2DIAGNOSTIC,     8, -7.885472178459e-01, inf, 7.2351e-01, 8.2231e-03, 
 2DIAGNOSTIC,     9, -7.932429909706e-01, inf, 7.3527e-01, 1.1762e-02, 
 2DIAGNOSTIC,    10, -7.952083349228e-01, 3.795956028625e-03, 7.4412e-01, 8.8570e-03, 
 2DIAGNOSTIC,    11, -7.982680201530e-01, 3.480462823063e-03, 7.5404e-01, 9.9111e-03, 
 2DIAGNOSTIC,    12, -8.026044964790e-01, 3.083694493398e-03, 7.6369e-01, 9.6500e-03, 
 2DIAGNOSTIC,    13, -8.083011507988e-01, 2.700168173760e-03, 7.7553e-01, 1.1846e-02, 
 2DIAGNOSTIC,    14, -8.123716115952e-01, 2.335492055863e-03, 7.8364e-01, 8.1038e-03, 
 2DIAGNOSTIC,    15, -8.156582117081e-01, 2.027637558058e-03, 7.9239e-01, 8.7588e-03, 
 2DIAGNOSTIC,    16, -8.158171176910e-01, 1.735736150295e-03, 8.0129e-01, 8.8930e-03, 
 2DIAGNOSTIC,    17, -8.158033490181e-01, 1.461560837924e-03, 8.1012e-01, 8.8348e-03, 
 2DIAGNOSTIC,    18, -8.158010244370e-01, 1.193453557789e-03, 8.1806e-01, 7.9422e-03, 
 2DIAGNOSTIC,    19, -8.158482313156e-01, 9.329025633633e-04, 8.2597e-01, 7.9050e-03, 
 2DIAGNOSTIC,    20, -8.158978819847e-01, 6.486077909358e-04, 8.3453e-01, 8.5580e-03, 
 2DIAGNOSTIC,    21, -8.159618973732e-01, 3.851155925076e-04, 8.4255e-01, 8.0268e-03, 
 2DIAGNOSTIC,    22, -8.159890174866e-01, 1.803632330848e-04, 8.5085e-01, 8.2970e-03, 
 2DIAGNOSTIC,    23, -8.160638213158e-01, 6.562098133145e-05, 8.6034e-01, 9.4929e-03, 
 2DIAGNOSTIC,    24, -8.161731362343e-01, 1.539126242278e-05, 8.7250e-01, 1.2153e-02, 
 2DIAGNOSTIC,    25, -8.162214159966e-01, 1.538931610412e-05, 8.8100e-01, 8.5070e-03, 
 2DIAGNOSTIC,    26, -8.162268996239e-01, 1.632782186789e-05, 8.8911e-01, 8.1019e-03, 
 2DIAGNOSTIC,    27, -8.162101507187e-01, 1.540946686873e-05, 8.9817e-01, 9.0599e-03, 
 2DIAGNOSTIC,    28, -8.162604570389e-01, 1.382640584779e-05, 9.0741e-01, 9.2421e-03, 
 2DIAGNOSTIC,    29, -8.162828087807e-01, 1.196159246319e-05, 9.1765e-01, 1.0245e-02, 
 2DIAGNOSTIC,    30, -8.163173198700e-01, 1.017314662022e-05, 9.2680e-01, 9.1500e-03, 
 2DIAGNOSTIC,    31, -8.163203597069e-01, 8.430177331320e-06, 9.3562e-01, 8.8160e-03, 
 2DIAGNOSTIC,    32, -8.163236379623e-01, 6.443677193602e-06, 9.4456e-01, 8.9431e-03, 
 2DIAGNOSTIC,    33, -8.163251876831e-01, 4.854403869103e-06, 9.5334e-01, 8.7790e-03, 
 2DIAGNOSTIC,    34, -8.163279891014e-01, 4.137288215134e-06, 9.6213e-01, 8.7910e-03, 
 2DIAGNOSTIC,    35, -8.163745403290e-01, 4.116189757042e-06, 9.7077e-01, 8.6329e-03, 
 2DIAGNOSTIC,    36, -8.163768649101e-01, 3.869477041007e-06, 9.7941e-01, 8.6420e-03, 
 2DIAGNOSTIC,    37, -8.164051175117e-01, 3.462228505668e-06, 9.8902e-01, 9.6171e-03, 
 2DIAGNOSTIC,    38, -8.164077401161e-01, 3.320441692267e-06, 1.0001e+00, 1.1037e-02, 
 2DIAGNOSTIC,    39, -8.164079785347e-01, 3.147915776935e-06, 1.0101e+00, 1.0008e-02, 
 2DIAGNOSTIC,    40, -8.164312243462e-01, 3.270038860137e-06, 1.0200e+00, 9.9230e-03, 
 2DIAGNOSTIC,    41, -8.164319396019e-01, 3.175149231538e-06, 1.0289e+00, 8.9269e-03, 
 2DIAGNOSTIC,    42, -8.164319992065e-01, 2.889289362429e-06, 1.0389e+00, 9.9671e-03, 
 2DIAGNOSTIC,    43, -8.164333105087e-01, 2.443971879984e-06, 1.0489e+00, 1.0008e-02, 
 2DIAGNOSTIC,    44, -8.164336681366e-01, 1.874811346170e-06, 1.0577e+00, 8.7900e-03, 
 2DIAGNOSTIC,    45, -8.164352774620e-01, 1.598964445293e-06, 1.0674e+00, 9.7380e-03, 
 2DIAGNOSTIC,    46, -8.164361715317e-01, 1.268627329409e-06, 1.0775e+00, 1.0110e-02, 
 2DIAGNOSTIC,    47, -8.164362907410e-01, 1.113155690291e-06, 1.0877e+00, 1.0188e-02, 
 2DIAGNOSTIC,    48, -8.164592385292e-01, 1.113160465138e-06, 1.0988e+00, 1.1064e-02, 
 2DIAGNOSTIC,    49, -8.164599537849e-01, 1.068202436727e-06, 1.1088e+00, 1.0059e-02, 
 2DIAGNOSTIC,    50, -8.164603710175e-01, 1.153954144684e-06, 1.1188e+00, 9.9611e-03, 
 2DIAGNOSTIC,    51, -8.164597749710e-01, 1.190757529912e-06, 1.1288e+00, 1.0027e-02, 
 2DIAGNOSTIC,    52, -8.164597749710e-01, 1.172400061478e-06, 1.1390e+00, 1.0120e-02, 
 2DIAGNOSTIC,    53, -8.164598941803e-01, 1.108679384743e-06, 1.1488e+00, 9.8760e-03, 
 2DIAGNOSTIC,    54, -8.164603710175e-01, 1.003663896881e-06, 1.1577e+00, 8.8770e-03, 
DIAGNOSTIC,Iteration,metricValue,convergenceValue,ITERATION_TIME_INDEX,SINCE_LAST
 2DIAGNOSTIC,     1, -6.192674636841e-01, inf, 1.6887e+00, 5.3102e-01, 
 2DIAGNOSTIC,     2, -6.197929382324e-01, inf, 1.7237e+00, 3.4934e-02, 
 2DIAGNOSTIC,     3, -6.202892661095e-01, inf, 1.7564e+00, 3.2776e-02, 
 2DIAGNOSTIC,     4, -6.206104755402e-01, inf, 1.7886e+00, 3.2178e-02, 
 2DIAGNOSTIC,     5, -6.209748983383e-01, inf, 1.8197e+00, 3.1079e-02, 
 2DIAGNOSTIC,     6, -6.215059161186e-01, inf, 1.8511e+00, 3.1377e-02, 
 2DIAGNOSTIC,     7, -6.222667098045e-01, inf, 1.8951e+00, 4.4013e-02, 
 2DIAGNOSTIC,     8, -6.227018833160e-01, inf, 1.9399e+00, 4.4857e-02, 
 2DIAGNOSTIC,     9, -6.227528452873e-01, inf, 1.9724e+00, 3.2459e-02, 
 2DIAGNOSTIC,    10, -6.229162812233e-01, 4.052463336848e-04, 2.0052e+00, 3.2800e-02, 
 2DIAGNOSTIC,    11, -6.230041384697e-01, 3.330938925501e-04, 2.0419e+00, 3.6737e-02, 
 2DIAGNOSTIC,    12, -6.230539679527e-01, 2.645275963005e-04, 2.0741e+00, 3.2137e-02, 
 2DIAGNOSTIC,    13, -6.230429410934e-01, 1.998088991968e-04, 2.1109e+00, 3.6836e-02, 
 2DIAGNOSTIC,    14, -6.230468153954e-01, 1.372926926706e-04, 2.1530e+00, 4.2133e-02, 
 2DIAGNOSTIC,    15, -6.230462193489e-01, 8.183713362087e-05, 2.1900e+00, 3.6975e-02, 
 2DIAGNOSTIC,    16, -6.230209469795e-01, 3.994287180831e-05, 2.2289e+00, 3.8905e-02, 
 2DIAGNOSTIC,    17, -6.230108141899e-01, 1.941095797520e-05, 2.2727e+00, 4.3776e-02, 
 2DIAGNOSTIC,    18, -6.230080723763e-01, 1.056815654010e-05, 2.3096e+00, 3.6855e-02, 
 2DIAGNOSTIC,    19, -6.230047345161e-01, 2.908182977990e-06, 2.3509e+00, 4.1356e-02, 
DIAGNOSTIC,Iteration,metricValue,convergenceValue,ITERATION_TIME_INDEX,SINCE_LAST
 2DIAGNOSTIC,     1, -5.487793087959e-01, inf, 3.3070e+00, 9.5606e-01, 
 2DIAGNOSTIC,     2, -5.489901304245e-01, inf, 3.5323e+00, 2.2535e-01, 
 2DIAGNOSTIC,     3, -5.490530133247e-01, inf, 3.7601e+00, 2.2777e-01, 
 2DIAGNOSTIC,     4, -5.490922331810e-01, inf, 3.9857e+00, 2.2559e-01, 
 2DIAGNOSTIC,     5, -5.491319298744e-01, inf, 4.2327e+00, 2.4703e-01, 
 2DIAGNOSTIC,     6, -5.491575002670e-01, inf, 4.5186e+00, 2.8591e-01, 
 2DIAGNOSTIC,     7, -5.491732358932e-01, inf, 4.7444e+00, 2.2581e-01, 
 2DIAGNOSTIC,     8, -5.491855144501e-01, inf, 4.9999e+00, 2.5547e-01, 
 2DIAGNOSTIC,     9, -5.491905808449e-01, inf, 5.2566e+00, 2.5668e-01, 
 2DIAGNOSTIC,    10, -5.491883158684e-01, 4.040641942993e-05, 5.4799e+00, 2.2336e-01, 
 2DIAGNOSTIC,    11, -5.491935610771e-01, 2.257454798382e-05, 5.7367e+00, 2.5679e-01, 
 2DIAGNOSTIC,    12, -5.491982698441e-01, 1.519542547612e-05, 5.9956e+00, 2.5888e-01, 
 2DIAGNOSTIC,    13, -5.492011904716e-01, 1.041417181114e-05, 6.2840e+00, 2.8844e-01, 
 2DIAGNOSTIC,    14, -5.491945743561e-01, 6.774208486604e-06, 6.5719e+00, 2.8784e-01, 
 2DIAGNOSTIC,    15, -5.491957068443e-01, 4.615958005161e-06, 6.8353e+00, 2.6345e-01, 
 2DIAGNOSTIC,    16, -5.491966605186e-01, 3.344331389599e-06, 7.1540e+00, 3.1867e-01, 
 2DIAGNOSTIC,    17, -5.491971969604e-01, 2.575851112852e-06, 7.4192e+00, 2.6521e-01, 
 2DIAGNOSTIC,    18, -5.491981506348e-01, 2.204861175414e-06, 7.6770e+00, 2.5775e-01, 
 2DIAGNOSTIC,    19, -5.491934418678e-01, 1.850201783782e-06, 7.9447e+00, 2.6777e-01, 
 2DIAGNOSTIC,    20, -5.491873025894e-01, 1.300072199228e-06, 8.2016e+00, 2.5684e-01, 
DIAGNOSTIC,Iteration,metricValue,convergenceValue,ITERATION_TIME_INDEX,SINCE_LAST
 2DIAGNOSTIC,     1, -5.019865632057e-01, inf, 1.0973e+01, 2.7719e+00, 
  Elapsed time (stage 0): 1.2150e+01


Stage 1
  iterations = 1000x500x250x0
  convergence threshold = 1.0000e-06
  convergence window size = 10
  number of levels = 4
  using the Mattes MI metric (number of bins = 32, weight = 1.0000e+00)
  preprocessing:  winsorizing the image intensities
  preprocessing:  histogram matching the images
  Shrink factors (level 1 out of 4): [6, 6, 6]
  Shrink factors (level 2 out of 4): [4, 4, 4]
  Shrink factors (level 3 out of 4): [2, 2, 2]
  Shrink factors (level 4 out of 4): [1, 1, 1]
  smoothing sigmas per level: [4, 2, 1, 0]
  regular sampling (percentage = 2.5000e-01)

*** Running AffineTransform registration ***

DIAGNOSTIC,Iteration,metricValue,convergenceValue,ITERATION_TIME_INDEX,SINCE_LAST
 2DIAGNOSTIC,     1, -8.071906566620e-01, inf, 6.1774e-01, 6.1774e-01, 
 2DIAGNOSTIC,     2, -8.104766011238e-01, inf, 6.2583e-01, 8.0910e-03, 
 2DIAGNOSTIC,     3, -8.158605694771e-01, inf, 6.3406e-01, 8.2331e-03, 
 2DIAGNOSTIC,     4, -8.249856829643e-01, inf, 6.4254e-01, 8.4791e-03, 
 2DIAGNOSTIC,     5, -8.395735025406e-01, inf, 6.5097e-01, 8.4279e-03, 
 2DIAGNOSTIC,     6, -8.634177446365e-01, inf, 6.5944e-01, 8.4770e-03, 
 2DIAGNOSTIC,     7, -9.128926992416e-01, inf, 6.6894e-01, 9.4988e-03, 
 2DIAGNOSTIC,     8, -9.965992569923e-01, inf, 6.7895e-01, 1.0011e-02, 
 2DIAGNOSTIC,     9, -1.003635644913e+00, inf, 6.8818e-01, 9.2299e-03, 
 2DIAGNOSTIC,    10, -1.006272435188e+00, 1.727522723377e-02, 6.9918e-01, 1.0994e-02, 
 2DIAGNOSTIC,    11, -1.008346438408e+00, 1.641671359539e-02, 7.0744e-01, 8.2641e-03, 
 2DIAGNOSTIC,    12, -1.011237382889e+00, 1.439240667969e-02, 7.1696e-01, 9.5170e-03, 
 2DIAGNOSTIC,    13, -1.013754487038e+00, 1.157798245549e-02, 7.2655e-01, 9.5942e-03, 
 2DIAGNOSTIC,    14, -1.017339825630e+00, 8.443618193269e-03, 7.3613e-01, 9.5799e-03, 
 2DIAGNOSTIC,    15, -1.022588253021e+00, 5.427043419331e-03, 7.4700e-01, 1.0871e-02, 
 2DIAGNOSTIC,    16, -1.022585034370e+00, 2.772533800453e-03, 7.5679e-01, 9.7818e-03, 
 2DIAGNOSTIC,    17, -1.022999405861e+00, 1.050496590324e-03, 7.6650e-01, 9.7120e-03, 
 2DIAGNOSTIC,    18, -1.022953152657e+00, 8.336699102074e-04, 7.7585e-01, 9.3501e-03, 
 2DIAGNOSTIC,    19, -1.023137807846e+00, 6.770311738364e-04, 7.8522e-01, 9.3729e-03, 
 2DIAGNOSTIC,    20, -1.023252725601e+00, 5.144452443346e-04, 7.9692e-01, 1.1701e-02, 
 2DIAGNOSTIC,    21, -1.023259997368e+00, 3.500174789224e-04, 8.0850e-01, 1.1577e-02, 
 2DIAGNOSTIC,    22, -1.023217558861e+00, 2.081666898448e-04, 8.1920e-01, 1.0698e-02, 
 2DIAGNOSTIC,    23, -1.023197889328e+00, 9.172597492579e-05, 8.2750e-01, 8.3010e-03, 
 2DIAGNOSTIC,    24, -1.023151040077e+00, 1.875000816653e-05, 8.3681e-01, 9.3150e-03, 
 2DIAGNOSTIC,    25, -1.023170590401e+00, 1.225478263223e-05, 8.4638e-01, 9.5680e-03, 
 2DIAGNOSTIC,    26, -1.023154854774e+00, 4.922322659695e-06, 8.5587e-01, 9.4919e-03, 
 2DIAGNOSTIC,    27, -1.023069977760e+00, 1.456787799725e-06, 8.6768e-01, 1.1806e-02, 
DIAGNOSTIC,Iteration,metricValue,convergenceValue,ITERATION_TIME_INDEX,SINCE_LAST
 2DIAGNOSTIC,     1, -8.336198925972e-01, inf, 1.4058e+00, 5.3808e-01, 
 2DIAGNOSTIC,     2, -8.347553610802e-01, inf, 1.4407e+00, 3.4988e-02, 
 2DIAGNOSTIC,     3, -8.360066413879e-01, inf, 1.4744e+00, 3.3659e-02, 
 2DIAGNOSTIC,     4, -8.370835781097e-01, inf, 1.5073e+00, 3.2868e-02, 
 2DIAGNOSTIC,     5, -8.380486965179e-01, inf, 1.5418e+00, 3.4503e-02, 
 2DIAGNOSTIC,     6, -8.390424251556e-01, inf, 1.5749e+00, 3.3106e-02, 
 2DIAGNOSTIC,     7, -8.397574424744e-01, inf, 1.6218e+00, 4.6936e-02, 
 2DIAGNOSTIC,     8, -8.400123119354e-01, inf, 1.6549e+00, 3.3040e-02, 
 2DIAGNOSTIC,     9, -8.403503298759e-01, inf, 1.6879e+00, 3.3044e-02, 
 2DIAGNOSTIC,    10, -8.413667082787e-01, 5.749720148742e-04, 1.7303e+00, 4.2446e-02, 
 2DIAGNOSTIC,    11, -8.419868946075e-01, 4.726464685518e-04, 1.7997e+00, 6.9353e-02, 
 2DIAGNOSTIC,    12, -8.420685529709e-01, 3.790324844886e-04, 1.8332e+00, 3.3533e-02, 
 2DIAGNOSTIC,    13, -8.421157598495e-01, 3.000096767209e-04, 1.8665e+00, 3.3241e-02, 
 2DIAGNOSTIC,    14, -8.421646952629e-01, 2.324163797311e-04, 1.9002e+00, 3.3694e-02, 
 2DIAGNOSTIC,    15, -8.422646522522e-01, 1.760892628226e-04, 1.9332e+00, 3.3001e-02, 
 2DIAGNOSTIC,    16, -8.423712849617e-01, 1.335640263278e-04, 1.9709e+00, 3.7737e-02, 
 2DIAGNOSTIC,    17, -8.424351811409e-01, 9.962182957679e-05, 2.0092e+00, 3.8339e-02, 
 2DIAGNOSTIC,    18, -8.424591422081e-01, 6.591060810024e-05, 2.0496e+00, 4.0378e-02, 
 2DIAGNOSTIC,    19, -8.424783945084e-01, 3.582335557439e-05, 2.0827e+00, 3.3074e-02, 
 2DIAGNOSTIC,    20, -8.424838185310e-01, 2.256755760754e-05, 2.1296e+00, 4.6921e-02, 
 2DIAGNOSTIC,    21, -8.424878120422e-01, 1.863054603746e-05, 2.1680e+00, 3.8408e-02, 
 2DIAGNOSTIC,    22, -8.424727916718e-01, 1.447254544473e-05, 2.2065e+00, 3.8458e-02, 
 2DIAGNOSTIC,    23, -8.424774408340e-01, 1.024151970341e-05, 2.2402e+00, 3.3744e-02, 
 2DIAGNOSTIC,    24, -8.424915671349e-01, 6.405124167941e-06, 2.2740e+00, 3.3749e-02, 
 2DIAGNOSTIC,    25, -8.425178527832e-01, 4.070854174643e-06, 2.3116e+00, 3.7604e-02, 
 2DIAGNOSTIC,    26, -8.425240516663e-01, 3.097761918980e-06, 2.3447e+00, 3.3139e-02, 
 2DIAGNOSTIC,    27, -8.425340652466e-01, 2.948771680167e-06, 2.3826e+00, 3.7922e-02, 
 2DIAGNOSTIC,    28, -8.425347208977e-01, 2.937475301223e-06, 2.4205e+00, 3.7870e-02, 
 2DIAGNOSTIC,    29, -8.425313830376e-01, 2.936666987807e-06, 2.4576e+00, 3.7056e-02, 
 2DIAGNOSTIC,    30, -8.425287604332e-01, 2.788401616272e-06, 2.4948e+00, 3.7277e-02, 
 2DIAGNOSTIC,    31, -8.425163626671e-01, 2.400414359727e-06, 2.5400e+00, 4.5182e-02, 
 2DIAGNOSTIC,    32, -8.425022363663e-01, 1.604586714166e-06, 2.5770e+00, 3.6941e-02, 
DIAGNOSTIC,Iteration,metricValue,convergenceValue,ITERATION_TIME_INDEX,SINCE_LAST
 2DIAGNOSTIC,     1, -7.359963655472e-01, inf, 3.5970e+00, 1.0200e+00, 
 2DIAGNOSTIC,     2, -7.363808155060e-01, inf, 3.8399e+00, 2.4292e-01, 
 2DIAGNOSTIC,     3, -7.365081310272e-01, inf, 4.0799e+00, 2.4002e-01, 
 2DIAGNOSTIC,     4, -7.365608811378e-01, inf, 4.3181e+00, 2.3817e-01, 
 2DIAGNOSTIC,     5, -7.366552948952e-01, inf, 4.5877e+00, 2.6960e-01, 
 2DIAGNOSTIC,     6, -7.367068529129e-01, inf, 4.8896e+00, 3.0191e-01, 
 2DIAGNOSTIC,     7, -7.367324233055e-01, inf, 5.2574e+00, 3.6778e-01, 
 2DIAGNOSTIC,     8, -7.367357611656e-01, inf, 5.5237e+00, 2.6629e-01, 
 2DIAGNOSTIC,     9, -7.367331385612e-01, inf, 5.7985e+00, 2.7485e-01, 
 2DIAGNOSTIC,    10, -7.367323040962e-01, 5.303927537170e-05, 6.0768e+00, 2.7832e-01, 
 2DIAGNOSTIC,    11, -7.367362380028e-01, 2.793710882543e-05, 6.5110e+00, 4.3414e-01, 
 2DIAGNOSTIC,    12, -7.367369532585e-01, 1.708493073238e-05, 6.7869e+00, 2.7595e-01, 
 2DIAGNOSTIC,    13, -7.367362976074e-01, 1.036862249748e-05, 7.0624e+00, 2.7550e-01, 
 2DIAGNOSTIC,    14, -7.367358207703e-01, 5.290565695759e-06, 7.3614e+00, 2.9892e-01, 
 2DIAGNOSTIC,    15, -7.367348670959e-01, 2.990089114974e-06, 7.6293e+00, 2.6797e-01, 
 2DIAGNOSTIC,    16, -7.367352247238e-01, 2.130328766725e-06, 7.8995e+00, 2.7022e-01, 
 2DIAGNOSTIC,    17, -7.367345094681e-01, 1.918336010931e-06, 8.1787e+00, 2.7913e-01, 
 2DIAGNOSTIC,    18, -7.367343306541e-01, 1.796465312509e-06, 8.4500e+00, 2.7129e-01, 
 2DIAGNOSTIC,    19, -7.367345690727e-01, 1.638340222598e-06, 8.7653e+00, 3.1528e-01, 
 2DIAGNOSTIC,    20, -7.367336153984e-01, 1.462590944357e-06, 9.0078e+00, 2.4258e-01, 
 2DIAGNOSTIC,    21, -7.367336153984e-01, 1.387625843563e-06, 9.2506e+00, 2.4274e-01, 
 2DIAGNOSTIC,    22, -7.367337346077e-01, 1.346017484138e-06, 9.4885e+00, 2.3795e-01, 
 2DIAGNOSTIC,    23, -7.367340922356e-01, 1.312284211963e-06, 9.8893e+00, 4.0082e-01, 
 2DIAGNOSTIC,    24, -7.367342710495e-01, 1.283400138163e-06, 1.0165e+01, 2.7609e-01, 
 2DIAGNOSTIC,    25, -7.367340326309e-01, 1.242302460014e-06, 1.0436e+01, 2.7016e-01, 
 2DIAGNOSTIC,    26, -7.367339730263e-01, 1.212225697600e-06, 1.0740e+01, 3.0452e-01, 
 2DIAGNOSTIC,    27, -7.367339134216e-01, 1.174241788249e-06, 1.1042e+01, 3.0216e-01, 
 2DIAGNOSTIC,    28, -7.367338538170e-01, 1.135672050623e-06, 1.1313e+01, 2.7098e-01, 
 2DIAGNOSTIC,    29, -7.367338538170e-01, 1.103323938878e-06, 1.1590e+01, 2.7626e-01, 
 2DIAGNOSTIC,    30, -7.367340326309e-01, 1.062685100806e-06, 1.1862e+01, 2.7236e-01, 
 2DIAGNOSTIC,    31, -7.367339730263e-01, 1.023709046422e-06, 1.2132e+01, 2.6995e-01, 
DIAGNOSTIC,Iteration,metricValue,convergenceValue,ITERATION_TIME_INDEX,SINCE_LAST
 2DIAGNOSTIC,     1, -6.612842082977e-01, inf, 1.4799e+01, 2.6675e+00, 
  Elapsed time (stage 1): 1.6010e+01


Stage 2
  iterations = 100x100x70x20
  convergence threshold = 1.0000e-09
  convergence window size = 10
  number of levels = 4
  using the CC metric (radius = 4, weight = 1.0000e+00)
  preprocessing:  winsorizing the image intensities
  preprocessing:  histogram matching the images
  Shrink factors (level 1 out of 4): [6, 6, 6]
  Shrink factors (level 2 out of 4): [4, 4, 4]
  Shrink factors (level 3 out of 4): [2, 2, 2]
  Shrink factors (level 4 out of 4): [1, 1, 1]
  smoothing sigmas per level: [3, 2, 1, 0]
  Using default NONE metricSamplingStrategy 

*** Running SyN registration (varianceForUpdateField = 3.0000e+00, varianceForTotalField = 0.0000e+00) ***

XXDIAGNOSTIC,Iteration,metricValue,convergenceValue,ITERATION_TIME_INDEX,SINCE_LAST
 1DIAGNOSTIC,     1, -8.724734783173e-01, inf, 1.3687e+00, 1.3687e+00, 
 1DIAGNOSTIC,     2, -8.861690759659e-01, inf, 2.1947e+00, 8.2605e-01, 
 1DIAGNOSTIC,     3, -8.988181948662e-01, inf, 2.9967e+00, 8.0203e-01, 
 1DIAGNOSTIC,     4, -9.085507392883e-01, inf, 3.7729e+00, 7.7615e-01, 
 1DIAGNOSTIC,     5, -9.156050682068e-01, inf, 4.6056e+00, 8.3266e-01, 
 1DIAGNOSTIC,     6, -9.212895035744e-01, inf, 5.3905e+00, 7.8496e-01, 
 1DIAGNOSTIC,     7, -9.255770444870e-01, inf, 6.1678e+00, 7.7732e-01, 
 1DIAGNOSTIC,     8, -9.288875460625e-01, inf, 6.9734e+00, 8.0556e-01, 
 1DIAGNOSTIC,     9, -9.313316345215e-01, inf, 7.7607e+00, 7.8731e-01, 
 1DIAGNOSTIC,    10, -9.333766102791e-01, 4.064637236297e-03, 8.5412e+00, 7.8052e-01, 
 1DIAGNOSTIC,    11, -9.350118637085e-01, 2.883620094508e-03, 9.3460e+00, 8.0477e-01, 
 1DIAGNOSTIC,    12, -9.363222122192e-01, 2.027808688581e-03, 1.0153e+01, 8.0743e-01, 
 1DIAGNOSTIC,    13, -9.374058246613e-01, 1.446851762012e-03, 1.0966e+01, 8.1234e-01, 
 1DIAGNOSTIC,    14, -9.382397532463e-01, 1.050339895301e-03, 1.1724e+01, 7.5788e-01, 
 1DIAGNOSTIC,    15, -9.391317963600e-01, 7.736985571682e-04, 1.2551e+01, 8.2711e-01, 
 1DIAGNOSTIC,    16, -9.398020505905e-01, 5.825047264807e-04, 1.3333e+01, 7.8207e-01, 
 1DIAGNOSTIC,    17, -9.403988718987e-01, 4.482369986363e-04, 1.4185e+01, 8.5178e-01, 
 1DIAGNOSTIC,    18, -9.409142732620e-01, 3.526693035383e-04, 1.4992e+01, 8.0749e-01, 
 1DIAGNOSTIC,    19, -9.413270354271e-01, 2.804820833262e-04, 1.5783e+01, 7.9103e-01, 
 1DIAGNOSTIC,    20, -9.417942166328e-01, 2.278561005369e-04, 1.6621e+01, 8.3757e-01, 
 1DIAGNOSTIC,    21, -9.421690702438e-01, 1.882230862975e-04, 1.7421e+01, 8.0013e-01, 
 1DIAGNOSTIC,    22, -9.424926638603e-01, 1.573295303388e-04, 1.8237e+01, 8.1596e-01, 
 1DIAGNOSTIC,    23, -9.426446557045e-01, 1.308903010795e-04, 1.9015e+01, 7.7794e-01, 
 1DIAGNOSTIC,    24, -9.430485367775e-01, 1.101813686546e-04, 1.9788e+01, 7.7308e-01, 
 1DIAGNOSTIC,    25, -9.434151649475e-01, 9.610967390472e-05, 2.0630e+01, 8.4194e-01, 
 1DIAGNOSTIC,    26, -9.436211585999e-01, 8.433152834186e-05, 2.1431e+01, 8.0140e-01, 
 1DIAGNOSTIC,    27, -9.437924623489e-01, 7.425762305502e-05, 2.2249e+01, 8.1777e-01, 
 1DIAGNOSTIC,    28, -9.441115856171e-01, 6.710694287904e-05, 2.3067e+01, 8.1820e-01, 
 1DIAGNOSTIC,    29, -9.443260431290e-01, 6.066263813409e-05, 2.3836e+01, 7.6855e-01, 
 1DIAGNOSTIC,    30, -9.445548653603e-01, 5.597787821898e-05, 2.4637e+01, 8.0124e-01, 
 1DIAGNOSTIC,    31, -9.446415901184e-01, 5.089480328024e-05, 2.5444e+01, 8.0724e-01, 
 1DIAGNOSTIC,    32, -9.448877573013e-01, 4.688977060141e-05, 2.6232e+01, 7.8825e-01, 
 1DIAGNOSTIC,    33, -9.450252652168e-01, 4.133404218010e-05, 2.7017e+01, 7.8483e-01, 
 1DIAGNOSTIC,    34, -9.451563954353e-01, 3.697804640979e-05, 2.7813e+01, 7.9593e-01, 
 1DIAGNOSTIC,    35, -9.451662302017e-01, 3.271167224739e-05, 2.8624e+01, 8.1058e-01, 
 1DIAGNOSTIC,    36, -9.453765749931e-01, 2.920560837083e-05, 2.9432e+01, 8.0824e-01, 
 1DIAGNOSTIC,    37, -9.455107450485e-01, 2.561433757364e-05, 3.0221e+01, 7.8927e-01, 
 1DIAGNOSTIC,    38, -9.456404447556e-01, 2.339582533750e-05, 3.1047e+01, 8.2586e-01, 
 1DIAGNOSTIC,    39, -9.457390308380e-01, 2.156170376111e-05, 3.1827e+01, 7.7966e-01, 
 1DIAGNOSTIC,    40, -9.457318782806e-01, 1.954456092790e-05, 3.2596e+01, 7.6899e-01, 
 1DIAGNOSTIC,    41, -9.459859132767e-01, 1.833600617829e-05, 3.3392e+01, 7.9627e-01, 
 1DIAGNOSTIC,    42, -9.460657238960e-01, 1.778495243343e-05, 3.4176e+01, 7.8360e-01, 
 1DIAGNOSTIC,    43, -9.461437463760e-01, 1.713805613690e-05, 3.5013e+01, 8.3751e-01, 
 1DIAGNOSTIC,    44, -9.460860490799e-01, 1.549712578708e-05, 3.5779e+01, 7.6593e-01, 
 1DIAGNOSTIC,    45, -9.460763335228e-01, 1.252134734386e-05, 3.6564e+01, 7.8466e-01, 
 1DIAGNOSTIC,    46, -9.462752342224e-01, 1.121790228353e-05, 3.7340e+01, 7.7581e-01, 
 1DIAGNOSTIC,    47, -9.463434219360e-01, 1.019267165248e-05, 3.8131e+01, 7.9179e-01, 
 1DIAGNOSTIC,    48, -9.464111328125e-01, 9.548431989970e-06, 3.8940e+01, 8.0820e-01, 
 1DIAGNOSTIC,    49, -9.464733600616e-01, 9.121423317993e-06, 3.9722e+01, 7.8234e-01, 
 1DIAGNOSTIC,    50, -9.462658762932e-01, 6.566674528585e-06, 4.0518e+01, 7.9615e-01, 
 1DIAGNOSTIC,    51, -9.464271068573e-01, 6.025101356499e-06, 4.1317e+01, 7.9852e-01, 
 1DIAGNOSTIC,    52, -9.465005993843e-01, 5.814581072627e-06, 4.2117e+01, 8.0007e-01, 
 1DIAGNOSTIC,    53, -9.465539455414e-01, 5.862361831532e-06, 4.2904e+01, 7.8742e-01, 
 1DIAGNOSTIC,    54, -9.466001987457e-01, 5.369042355596e-06, 4.3692e+01, 7.8816e-01, 
 1DIAGNOSTIC,    55, -9.465211629868e-01, 3.943180217902e-06, 4.4518e+01, 8.2590e-01, 
 1DIAGNOSTIC,    56, -9.466818571091e-01, 4.198397164146e-06, 4.5301e+01, 7.8325e-01, 
 1DIAGNOSTIC,    57, -9.467267394066e-01, 4.636380253942e-06, 4.6092e+01, 7.9072e-01, 
 1DIAGNOSTIC,    58, -9.467695355415e-01, 5.225557288213e-06, 4.6893e+01, 8.0130e-01, 
 1DIAGNOSTIC,    59, -9.468216300011e-01, 5.985146344756e-06, 4.7688e+01, 7.9476e-01, 
 1DIAGNOSTIC,    60, -9.467679858208e-01, 4.865457867709e-06, 4.8495e+01, 8.0677e-01, 
 1DIAGNOSTIC,    61, -9.469035863876e-01, 4.836927928409e-06, 4.9281e+01, 7.8588e-01, 
 1DIAGNOSTIC,    62, -9.470237493515e-01, 5.303383204591e-06, 5.0096e+01, 8.1524e-01, 
 1DIAGNOSTIC,    63, -9.470872879028e-01, 5.839233836014e-06, 5.0884e+01, 7.8820e-01, 
 1DIAGNOSTIC,    64, -9.471251368523e-01, 6.270725407376e-06, 5.1666e+01, 7.8159e-01, 
 1DIAGNOSTIC,    65, -9.470878839493e-01, 5.584869086306e-06, 5.2451e+01, 7.8535e-01, 
 1DIAGNOSTIC,    66, -9.472561478615e-01, 5.937647074461e-06, 5.3221e+01, 7.7026e-01, 
 1DIAGNOSTIC,    67, -9.472628235817e-01, 5.947164481768e-06, 5.4026e+01, 8.0437e-01, 
 1DIAGNOSTIC,    68, -9.472862482071e-01, 5.722290552512e-06, 5.4805e+01, 7.7917e-01, 
 1DIAGNOSTIC,    69, -9.473201036453e-01, 5.403246177593e-06, 5.5624e+01, 8.1891e-01, 
 1DIAGNOSTIC,    70, -9.472293257713e-01, 3.984290742665e-06, 5.6424e+01, 8.0012e-01, 
 1DIAGNOSTIC,    71, -9.470063447952e-01, 1.887590997285e-06, 5.7205e+01, 7.8111e-01, 
 1DIAGNOSTIC,    72, -9.470982551575e-01, 6.141199833110e-07, 5.8034e+01, 8.2870e-01, 
 1DIAGNOSTIC,    73, -9.472534656525e-01, 2.398099070433e-07, 5.8831e+01, 7.9698e-01, 
 1DIAGNOSTIC,    74, -9.473572969437e-01, 4.568826170726e-07, 5.9662e+01, 8.3126e-01, 
 1DIAGNOSTIC,    75, -9.472699761391e-01, 1.569516285826e-07, 6.0456e+01, 7.9374e-01, 
 1DIAGNOSTIC,    76, -9.474165439606e-01, 1.185220412481e-06, 6.1233e+01, 7.7732e-01, 
 1DIAGNOSTIC,    77, -9.474439024925e-01, 2.220547685283e-06, 6.2070e+01, 8.3647e-01, 
 1DIAGNOSTIC,    78, -9.475273489952e-01, 3.432047833485e-06, 6.2851e+01, 7.8136e-01, 
 1DIAGNOSTIC,    79, -9.475290775299e-01, 4.455970156414e-06, 6.3663e+01, 8.1183e-01, 
 1DIAGNOSTIC,    80, -9.476510286331e-01, 5.225760105532e-06, 6.4471e+01, 8.0809e-01, 
 1DIAGNOSTIC,    81, -9.476686716080e-01, 4.731855824502e-06, 6.5266e+01, 7.9549e-01, 
 1DIAGNOSTIC,    82, -9.475809931755e-01, 3.828469743894e-06, 6.6068e+01, 8.0217e-01, 
 1DIAGNOSTIC,    83, -9.477509856224e-01, 3.803603476626e-06, 6.6857e+01, 7.8886e-01, 
 1DIAGNOSTIC,    84, -9.477771520615e-01, 3.910173290933e-06, 6.7664e+01, 8.0703e-01, 
 1DIAGNOSTIC,    85, -9.478449821472e-01, 3.586930915844e-06, 6.8478e+01, 8.1401e-01, 
 1DIAGNOSTIC,    86, -9.478593468666e-01, 3.529294417604e-06, 6.9225e+01, 7.4674e-01, 
 1DIAGNOSTIC,    87, -9.477702379227e-01, 2.957759306810e-06, 7.0047e+01, 8.2156e-01, 
 1DIAGNOSTIC,    88, -9.479004144669e-01, 2.891584017561e-06, 7.0842e+01, 7.9506e-01, 
 1DIAGNOSTIC,    89, -9.479255676270e-01, 2.637626266733e-06, 7.1647e+01, 8.0524e-01, 
 1DIAGNOSTIC,    90, -9.479438066483e-01, 2.636838871695e-06, 7.2451e+01, 8.0361e-01, 
 1DIAGNOSTIC,    91, -9.479165077209e-01, 2.405725354038e-06, 7.3225e+01, 7.7436e-01, 
 1DIAGNOSTIC,    92, -9.479773640633e-01, 1.889417376333e-06, 7.4063e+01, 8.3785e-01, 
 1DIAGNOSTIC,    93, -9.480281472206e-01, 1.940350784935e-06, 7.4858e+01, 7.9516e-01, 
 1DIAGNOSTIC,    94, -9.479616284370e-01, 1.688983502390e-06, 7.5662e+01, 8.0414e-01, 
 1DIAGNOSTIC,    95, -9.481023550034e-01, 1.986972392842e-06, 7.6469e+01, 8.0726e-01, 
 1DIAGNOSTIC,    96, -9.481227993965e-01, 2.230598738606e-06, 7.7256e+01, 7.8645e-01, 
 1DIAGNOSTIC,    97, -9.481467604637e-01, 2.069786432912e-06, 7.8071e+01, 8.1501e-01, 
 1DIAGNOSTIC,    98, -9.481140375137e-01, 2.044042958005e-06, 7.8860e+01, 7.8889e-01, 
 1DIAGNOSTIC,    99, -9.481840729713e-01, 2.148937937818e-06, 7.9670e+01, 8.1067e-01, 
 1DIAGNOSTIC,   100, -9.482034444809e-01, 2.182765229009e-06, 8.0461e+01, 7.9083e-01, 
XXDIAGNOSTIC,Iteration,metricValue,convergenceValue,ITERATION_TIME_INDEX,SINCE_LAST
 1DIAGNOSTIC,     1, -9.078364372253e-01, inf, 8.3650e+01, 3.1883e+00, 
 1DIAGNOSTIC,     2, -9.089243412018e-01, inf, 8.6197e+01, 2.5476e+00, 
 1DIAGNOSTIC,     3, -9.103096723557e-01, inf, 8.8792e+01, 2.5951e+00, 
 1DIAGNOSTIC,     4, -9.113564491272e-01, inf, 9.1442e+01, 2.6494e+00, 
 1DIAGNOSTIC,     5, -9.122639298439e-01, inf, 9.4092e+01, 2.6500e+00, 
 1DIAGNOSTIC,     6, -9.130561351776e-01, inf, 9.6650e+01, 2.5586e+00, 
 1DIAGNOSTIC,     7, -9.137604236603e-01, inf, 9.9288e+01, 2.6375e+00, 
 1DIAGNOSTIC,     8, -9.142217636108e-01, inf, 1.0197e+02, 2.6828e+00, 
 1DIAGNOSTIC,     9, -9.146961569786e-01, inf, 1.0463e+02, 2.6582e+00, 
 1DIAGNOSTIC,    10, -9.151349067688e-01, 5.123237497173e-04, 1.0720e+02, 2.5687e+00, 
 1DIAGNOSTIC,    11, -9.153589606285e-01, 4.000378539786e-04, 1.0984e+02, 2.6381e+00, 
 1DIAGNOSTIC,    12, -9.158641099930e-01, 3.116675652564e-04, 1.1249e+02, 2.6522e+00, 
 1DIAGNOSTIC,    13, -9.159163236618e-01, 2.429151791148e-04, 1.1512e+02, 2.6356e+00, 
 1DIAGNOSTIC,    14, -9.163921475410e-01, 1.958381326403e-04, 1.1782e+02, 2.6929e+00, 
 1DIAGNOSTIC,    15, -9.164118170738e-01, 1.561778335599e-04, 1.2044e+02, 2.6241e+00, 
 1DIAGNOSTIC,    16, -9.169018268585e-01, 1.321315066889e-04, 1.2310e+02, 2.6556e+00, 
 1DIAGNOSTIC,    17, -9.168570637703e-01, 1.107200805563e-04, 1.2566e+02, 2.5685e+00, 
 1DIAGNOSTIC,    18, -9.173356294632e-01, 9.784568828763e-05, 1.2832e+02, 2.6584e+00, 
 1DIAGNOSTIC,    19, -9.172821044922e-01, 8.405202243011e-05, 1.3094e+02, 2.6198e+00, 
 1DIAGNOSTIC,    20, -9.176769256592e-01, 7.699045090703e-05, 1.3360e+02, 2.6562e+00, 
 1DIAGNOSTIC,    21, -9.176156520844e-01, 6.571821722900e-05, 1.3617e+02, 2.5714e+00, 
 1DIAGNOSTIC,    22, -9.180535674095e-01, 6.290198507486e-05, 1.3880e+02, 2.6277e+00, 
 1DIAGNOSTIC,    23, -9.179332256317e-01, 5.339367635315e-05, 1.4142e+02, 2.6255e+00, 
 1DIAGNOSTIC,    24, -9.183383584023e-01, 5.133549348102e-05, 1.4401e+02, 2.5819e+00, 
 1DIAGNOSTIC,    25, -9.182094335556e-01, 4.315569094615e-05, 1.4663e+02, 2.6222e+00, 
 1DIAGNOSTIC,    26, -9.186047911644e-01, 4.237004759489e-05, 1.4926e+02, 2.6280e+00, 
 1DIAGNOSTIC,    27, -9.184952378273e-01, 3.575347363949e-05, 1.5190e+02, 2.6399e+00, 
 1DIAGNOSTIC,    28, -9.187882542610e-01, 3.501532046357e-05, 1.5449e+02, 2.5955e+00, 
 1DIAGNOSTIC,    29, -9.186801910400e-01, 2.924936597992e-05, 1.5714e+02, 2.6532e+00, 
 1DIAGNOSTIC,    30, -9.190394878387e-01, 2.910303737735e-05, 1.5966e+02, 2.5193e+00, 
 1DIAGNOSTIC,    31, -9.189105033875e-01, 2.420790406177e-05, 1.6230e+02, 2.6360e+00, 
 1DIAGNOSTIC,    32, -9.192397594452e-01, 2.497633067833e-05, 1.6496e+02, 2.6574e+00, 
 1DIAGNOSTIC,    33, -9.190980792046e-01, 2.081041020574e-05, 1.6762e+02, 2.6581e+00, 
 1DIAGNOSTIC,    34, -9.194459915161e-01, 2.198663423769e-05, 1.7027e+02, 2.6593e+00, 
 1DIAGNOSTIC,    35, -9.192983508110e-01, 1.847323255788e-05, 1.7288e+02, 2.6018e+00, 
 1DIAGNOSTIC,    36, -9.196252822876e-01, 1.979996523005e-05, 1.7543e+02, 2.5578e+00, 
 1DIAGNOSTIC,    37, -9.194414615631e-01, 1.667995820753e-05, 1.7811e+02, 2.6774e+00, 
 1DIAGNOSTIC,    38, -9.197988510132e-01, 1.762353167578e-05, 1.8068e+02, 2.5704e+00, 
 1DIAGNOSTIC,    39, -9.196218848228e-01, 1.450692980143e-05, 1.8332e+02, 2.6371e+00, 
 1DIAGNOSTIC,    40, -9.199705123901e-01, 1.581899232406e-05, 1.8595e+02, 2.6358e+00, 
 1DIAGNOSTIC,    41, -9.198293685913e-01, 1.346985845885e-05, 1.8855e+02, 2.5987e+00, 
 1DIAGNOSTIC,    42, -9.200989007950e-01, 1.452724245610e-05, 1.9114e+02, 2.5873e+00, 
 1DIAGNOSTIC,    43, -9.199771881104e-01, 1.221456113853e-05, 1.9378e+02, 2.6418e+00, 
 1DIAGNOSTIC,    44, -9.202654361725e-01, 1.346190765616e-05, 1.9641e+02, 2.6318e+00, 
 1DIAGNOSTIC,    45, -9.201152324677e-01, 1.127578980231e-05, 1.9899e+02, 2.5770e+00, 
 1DIAGNOSTIC,    46, -9.204255342484e-01, 1.255132883671e-05, 2.0165e+02, 2.6582e+00, 
 1DIAGNOSTIC,    47, -9.202683568001e-01, 1.028209408105e-05, 2.0428e+02, 2.6323e+00, 
 1DIAGNOSTIC,    48, -9.205908775330e-01, 1.165900357591e-05, 2.0691e+02, 2.6309e+00, 
 1DIAGNOSTIC,    49, -9.203557968140e-01, 9.212094482791e-06, 2.0956e+02, 2.6501e+00, 
 1DIAGNOSTIC,    50, -9.206833839417e-01, 1.031715964928e-05, 2.1214e+02, 2.5822e+00, 
 1DIAGNOSTIC,    51, -9.204800128937e-01, 8.263798918051e-06, 2.1480e+02, 2.6526e+00, 
 1DIAGNOSTIC,    52, -9.207928180695e-01, 9.089719242183e-06, 2.1745e+02, 2.6549e+00, 
 1DIAGNOSTIC,    53, -9.206114411354e-01, 7.211853699118e-06, 2.2011e+02, 2.6534e+00, 
 1DIAGNOSTIC,    54, -9.209030270576e-01, 8.167417945515e-06, 2.2275e+02, 2.6485e+00, 
 1DIAGNOSTIC,    55, -9.207295775414e-01, 6.454588856286e-06, 2.2540e+02, 2.6418e+00, 
 1DIAGNOSTIC,    56, -9.209784269333e-01, 7.392312454613e-06, 2.2797e+02, 2.5789e+00, 
 1DIAGNOSTIC,    57, -9.208329916000e-01, 5.915849669691e-06, 2.3063e+02, 2.6529e+00, 
 1DIAGNOSTIC,    58, -9.210720658302e-01, 7.040483978926e-06, 2.3325e+02, 2.6268e+00, 
 1DIAGNOSTIC,    59, -9.209255576134e-01, 5.422305548564e-06, 2.3589e+02, 2.6398e+00, 
 1DIAGNOSTIC,    60, -9.212036728859e-01, 6.577387011930e-06, 2.3847e+02, 2.5719e+00, 
 1DIAGNOSTIC,    61, -9.210165739059e-01, 5.053895620222e-06, 2.4112e+02, 2.6571e+00, 
 1DIAGNOSTIC,    62, -9.212917685509e-01, 6.143646260170e-06, 2.4377e+02, 2.6485e+00, 
 1DIAGNOSTIC,    63, -9.211541414261e-01, 5.016115210310e-06, 2.4641e+02, 2.6423e+00, 
 1DIAGNOSTIC,    64, -9.213873744011e-01, 6.078006663301e-06, 2.4907e+02, 2.6586e+00, 
 1DIAGNOSTIC,    65, -9.212415218353e-01, 4.990909019398e-06, 2.5166e+02, 2.5845e+00, 
 1DIAGNOSTIC,    66, -9.214560985565e-01, 5.725735263695e-06, 2.5429e+02, 2.6368e+00, 
 1DIAGNOSTIC,    67, -9.212889671326e-01, 4.436084964254e-06, 2.5693e+02, 2.6349e+00, 
 1DIAGNOSTIC,    68, -9.215605854988e-01, 5.172124474484e-06, 2.5960e+02, 2.6713e+00, 
 1DIAGNOSTIC,    69, -9.213486313820e-01, 3.758993670999e-06, 2.6216e+02, 2.5644e+00, 
 1DIAGNOSTIC,    70, -9.215827584267e-01, 4.394084044179e-06, 2.6481e+02, 2.6436e+00, 
 1DIAGNOSTIC,    71, -9.214213490486e-01, 3.055905608562e-06, 2.6746e+02, 2.6468e+00, 
 1DIAGNOSTIC,    72, -9.216306209564e-01, 3.625771569205e-06, 2.7009e+02, 2.6331e+00, 
 1DIAGNOSTIC,    73, -9.214528799057e-01, 2.484544893377e-06, 2.7266e+02, 2.5726e+00, 
 1DIAGNOSTIC,    74, -9.217289686203e-01, 3.350816541570e-06, 2.7531e+02, 2.6467e+00, 
 1DIAGNOSTIC,    75, -9.215450882912e-01, 2.498777348592e-06, 2.7794e+02, 2.6292e+00, 
 1DIAGNOSTIC,    76, -9.218108654022e-01, 3.470601768640e-06, 2.8058e+02, 2.6421e+00, 
 1DIAGNOSTIC,    77, -9.215790033340e-01, 2.463017381160e-06, 2.8318e+02, 2.5984e+00, 
 1DIAGNOSTIC,    78, -9.218695759773e-01, 3.569697128114e-06, 2.8581e+02, 2.6371e+00, 
 1DIAGNOSTIC,    79, -9.216868281364e-01, 2.737650220297e-06, 2.8843e+02, 2.6154e+00, 
 1DIAGNOSTIC,    80, -9.218697547913e-01, 3.353215561219e-06, 2.9108e+02, 2.6470e+00, 
 1DIAGNOSTIC,    81, -9.217026829720e-01, 2.378502358624e-06, 2.9364e+02, 2.5656e+00, 
 1DIAGNOSTIC,    82, -9.219611287117e-01, 3.042418484256e-06, 2.9618e+02, 2.5373e+00, 
 1DIAGNOSTIC,    83, -9.217741489410e-01, 2.016899998125e-06, 2.9881e+02, 2.6353e+00, 
 1DIAGNOSTIC,    84, -9.220025539398e-01, 2.758683194770e-06, 3.0145e+02, 2.6377e+00, 
 1DIAGNOSTIC,    85, -9.217742085457e-01, 1.709534444672e-06, 3.0408e+02, 2.6316e+00, 
 1DIAGNOSTIC,    86, -9.220265746117e-01, 2.471374955348e-06, 3.0668e+02, 2.5922e+00, 
 1DIAGNOSTIC,    87, -9.218545556068e-01, 1.517246687399e-06, 3.0933e+02, 2.6531e+00, 
 1DIAGNOSTIC,    88, -9.221040010452e-01, 2.407259444226e-06, 3.1197e+02, 2.6454e+00, 
 1DIAGNOSTIC,    89, -9.219143390656e-01, 1.749419311636e-06, 3.1462e+02, 2.6415e+00, 
 1DIAGNOSTIC,    90, -9.221537113190e-01, 2.465525085427e-06, 3.1725e+02, 2.6371e+00, 
 1DIAGNOSTIC,    91, -9.219759702682e-01, 1.743363895912e-06, 3.1988e+02, 2.6267e+00, 
 1DIAGNOSTIC,    92, -9.221982955933e-01, 2.552410933276e-06, 3.2242e+02, 2.5386e+00, 
 1DIAGNOSTIC,    93, -9.219998717308e-01, 1.807405510590e-06, 3.2507e+02, 2.6557e+00, 
 1DIAGNOSTIC,    94, -9.222196936607e-01, 2.455470166751e-06, 3.2764e+02, 2.5682e+00, 
 1DIAGNOSTIC,    95, -9.220118522644e-01, 1.423511207577e-06, 3.3028e+02, 2.6398e+00, 
 1DIAGNOSTIC,    96, -9.222943782806e-01, 2.067167542918e-06, 3.3292e+02, 2.6418e+00, 
 1DIAGNOSTIC,    97, -9.221014976501e-01, 1.319321995652e-06, 3.3556e+02, 2.6398e+00, 
 1DIAGNOSTIC,    98, -9.223497509956e-01, 2.100610117850e-06, 3.3815e+02, 2.5865e+00, 
 1DIAGNOSTIC,    99, -9.221305251122e-01, 1.378911065331e-06, 3.4078e+02, 2.6338e+00, 
 1DIAGNOSTIC,   100, -9.223803877831e-01, 2.119488499375e-06, 3.4343e+02, 2.6461e+00, 
XXDIAGNOSTIC,Iteration,metricValue,convergenceValue,ITERATION_TIME_INDEX,SINCE_LAST
 1DIAGNOSTIC,     1, -8.542465567589e-01, inf, 3.6555e+02, 2.2123e+01, 
 1DIAGNOSTIC,     2, -8.572740554810e-01, inf, 3.8650e+02, 2.0946e+01, 
 1DIAGNOSTIC,     3, -8.602805137634e-01, inf, 4.0717e+02, 2.0669e+01, 
 1DIAGNOSTIC,     4, -8.629133701324e-01, inf, 4.2809e+02, 2.0923e+01, 
 1DIAGNOSTIC,     5, -8.652486801147e-01, inf, 4.4890e+02, 2.0810e+01, 
 1DIAGNOSTIC,     6, -8.672503232956e-01, inf, 4.6976e+02, 2.0855e+01, 
 1DIAGNOSTIC,     7, -8.689927458763e-01, inf, 4.9068e+02, 2.0925e+01, 
 1DIAGNOSTIC,     8, -8.705224990845e-01, inf, 5.1152e+02, 2.0837e+01, 
 1DIAGNOSTIC,     9, -8.717956542969e-01, inf, 5.3255e+02, 2.1031e+01, 
 1DIAGNOSTIC,    10, -8.729433417320e-01, 1.374478335492e-03, 5.5355e+02, 2.0997e+01, 
 1DIAGNOSTIC,    11, -8.739584088326e-01, 1.098898123018e-03, 5.7437e+02, 2.0825e+01, 
 1DIAGNOSTIC,    12, -8.748990893364e-01, 8.783478988335e-04, 5.9523e+02, 2.0862e+01, 
 1DIAGNOSTIC,    13, -8.757314682007e-01, 7.085223915055e-04, 6.1609e+02, 2.0854e+01, 
 1DIAGNOSTIC,    14, -8.765341639519e-01, 5.784213426523e-04, 6.3683e+02, 2.0746e+01, 
 1DIAGNOSTIC,    15, -8.771603107452e-01, 4.770312225446e-04, 6.5764e+02, 2.0807e+01, 
 1DIAGNOSTIC,    16, -8.778478503227e-01, 3.992254496552e-04, 6.7853e+02, 2.0885e+01, 
 1DIAGNOSTIC,    17, -8.783841133118e-01, 3.372918872628e-04, 6.9945e+02, 2.0921e+01, 
 1DIAGNOSTIC,    18, -8.790117502213e-01, 2.900397812482e-04, 7.2026e+02, 2.0810e+01, 
 1DIAGNOSTIC,    19, -8.794630169868e-01, 2.503045543563e-04, 7.4111e+02, 2.0852e+01, 
 1DIAGNOSTIC,    20, -8.800578117371e-01, 2.196275308961e-04, 7.6173e+02, 2.0619e+01, 
 1DIAGNOSTIC,    21, -8.805150389671e-01, 1.941259542946e-04, 7.8263e+02, 2.0905e+01, 
 1DIAGNOSTIC,    22, -8.808519840240e-01, 1.716692058835e-04, 8.0350e+02, 2.0867e+01, 
 1DIAGNOSTIC,    23, -8.812741637230e-01, 1.528468856122e-04, 8.2458e+02, 2.1077e+01, 
 1DIAGNOSTIC,    24, -8.816778063774e-01, 1.375951542286e-04, 8.4532e+02, 2.0744e+01, 
 1DIAGNOSTIC,    25, -8.820962905884e-01, 1.241560821654e-04, 8.6621e+02, 2.0884e+01, 
 1DIAGNOSTIC,    26, -8.824133276939e-01, 1.126287388615e-04, 8.8725e+02, 2.1047e+01, 
 1DIAGNOSTIC,    27, -8.828115463257e-01, 1.026169629768e-04, 9.0813e+02, 2.0874e+01, 
 1DIAGNOSTIC,    28, -8.831024169922e-01, 9.432281513000e-05, 9.2885e+02, 2.0726e+01, 
 1DIAGNOSTIC,    29, -8.834342956543e-01, 8.642313332530e-05, 9.4978e+02, 2.0931e+01, 
 1DIAGNOSTIC,    30, -8.837277889252e-01, 8.048513700487e-05, 9.7074e+02, 2.0953e+01, 
 1DIAGNOSTIC,    31, -8.839617371559e-01, 7.459540938726e-05, 9.9160e+02, 2.0859e+01, 
 1DIAGNOSTIC,    32, -8.843824863434e-01, 6.972220580792e-05, 1.0123e+03, 2.0704e+01, 
 1DIAGNOSTIC,    33, -8.846089243889e-01, 6.487730570370e-05, 1.0331e+03, 2.0803e+01, 
 1DIAGNOSTIC,    34, -8.849429488182e-01, 6.122585182311e-05, 1.0541e+03, 2.0952e+01, 
 1DIAGNOSTIC,    35, -8.851966857910e-01, 5.822660750709e-05, 1.0752e+03, 2.1129e+01, 
 1DIAGNOSTIC,    36, -8.855183124542e-01, 5.562075602938e-05, 1.0963e+03, 2.1072e+01, 
 1DIAGNOSTIC,    37, -8.858658671379e-01, 5.440345921670e-05, 1.1173e+03, 2.1092e+01, 
 1DIAGNOSTIC,    38, -8.859738707542e-01, 5.146320836502e-05, 1.1383e+03, 2.0902e+01, 
 1DIAGNOSTIC,    39, -8.862913250923e-01, 4.924715540255e-05, 1.1591e+03, 2.0824e+01, 
 1DIAGNOSTIC,    40, -8.865185976028e-01, 4.668740439229e-05, 1.1800e+03, 2.0950e+01, 
 1DIAGNOSTIC,    41, -8.866999149323e-01, 4.305689435569e-05, 1.2008e+03, 2.0768e+01, 
 1DIAGNOSTIC,    42, -8.868895173073e-01, 4.024592271890e-05, 1.2216e+03, 2.0824e+01, 
 1DIAGNOSTIC,    43, -8.870620131493e-01, 3.675966217997e-05, 1.2424e+03, 2.0808e+01, 
 1DIAGNOSTIC,    44, -8.872841596603e-01, 3.405179086258e-05, 1.2634e+03, 2.1004e+01, 
 1DIAGNOSTIC,    45, -8.875073790550e-01, 3.163467772538e-05, 1.2843e+03, 2.0888e+01, 
 1DIAGNOSTIC,    46, -8.875316977501e-01, 2.873454104702e-05, 1.3051e+03, 2.0783e+01, 
 1DIAGNOSTIC,    47, -8.878145813942e-01, 2.765064891719e-05, 1.3257e+03, 2.0613e+01, 
 1DIAGNOSTIC,    48, -8.879409432411e-01, 2.552744081186e-05, 1.3467e+03, 2.1021e+01, 
 1DIAGNOSTIC,    49, -8.879847526550e-01, 2.345184657315e-05, 1.3676e+03, 2.0847e+01, 
 1DIAGNOSTIC,    50, -8.882625102997e-01, 2.253968341392e-05, 1.3885e+03, 2.0877e+01, 
 1DIAGNOSTIC,    51, -8.882629871368e-01, 2.066892375296e-05, 1.4093e+03, 2.0835e+01, 
 1DIAGNOSTIC,    52, -8.884167075157e-01, 1.908187005029e-05, 1.4304e+03, 2.1073e+01, 
 1DIAGNOSTIC,    53, -8.885868191719e-01, 1.783160041668e-05, 1.4513e+03, 2.0950e+01, 
 1DIAGNOSTIC,    54, -8.887723684311e-01, 1.737204001984e-05, 1.4724e+03, 2.1035e+01, 
 1DIAGNOSTIC,    55, -8.886983394623e-01, 1.618933129066e-05, 1.4933e+03, 2.0902e+01, 
 1DIAGNOSTIC,    56, -8.890103101730e-01, 1.548637555970e-05, 1.5142e+03, 2.0951e+01, 
 1DIAGNOSTIC,    57, -8.890541791916e-01, 1.517688360764e-05, 1.5351e+03, 2.0851e+01, 
 1DIAGNOSTIC,    58, -8.891233205795e-01, 1.455709843867e-05, 1.5560e+03, 2.0915e+01, 
 1DIAGNOSTIC,    59, -8.892803788185e-01, 1.368151060888e-05, 1.5771e+03, 2.1119e+01, 
 1DIAGNOSTIC,    60, -8.894296288490e-01, 1.387325937685e-05, 1.5982e+03, 2.1099e+01, 
 1DIAGNOSTIC,    61, -8.893809914589e-01, 1.249066826858e-05, 1.6191e+03, 2.0895e+01, 
 1DIAGNOSTIC,    62, -8.896331787109e-01, 1.211154813063e-05, 1.6402e+03, 2.1095e+01, 
 1DIAGNOSTIC,    63, -8.896104097366e-01, 1.133974365075e-05, 1.6612e+03, 2.1069e+01, 
 1DIAGNOSTIC,    64, -8.897711634636e-01, 1.132432771556e-05, 1.6821e+03, 2.0839e+01, 
 1DIAGNOSTIC,    65, -8.898866176605e-01, 1.041814994096e-05, 1.7031e+03, 2.1038e+01, 
 1DIAGNOSTIC,    66, -8.900123238564e-01, 1.071958013199e-05, 1.7241e+03, 2.0955e+01, 
 1DIAGNOSTIC,    67, -8.900123238564e-01, 1.023115419230e-05, 1.7449e+03, 2.0808e+01, 
 1DIAGNOSTIC,    68, -8.901216983795e-01, 9.657265763963e-06, 1.7659e+03, 2.0992e+01, 
 1DIAGNOSTIC,    69, -8.901584744453e-01, 9.096996109292e-06, 1.7870e+03, 2.1078e+01, 
 1DIAGNOSTIC,    70, -8.903062343597e-01, 9.093422704609e-06, 1.8081e+03, 2.1115e+01, 
XXDIAGNOSTIC,Iteration,metricValue,convergenceValue,ITERATION_TIME_INDEX,SINCE_LAST
 1DIAGNOSTIC,     1, -7.416273951530e-01, inf, 1.9773e+03, 1.6922e+02, 
 1DIAGNOSTIC,     2, -7.435951232910e-01, inf, 2.1425e+03, 1.6525e+02, 
 1DIAGNOSTIC,     3, -7.454669475555e-01, inf, 2.3089e+03, 1.6635e+02, 
 1DIAGNOSTIC,     4, -7.472487092018e-01, inf, 2.4741e+03, 1.6517e+02, 
 1DIAGNOSTIC,     5, -7.488825321198e-01, inf, 2.6394e+03, 1.6534e+02, 
 1DIAGNOSTIC,     6, -7.504129409790e-01, inf, 2.8056e+03, 1.6618e+02, 
 1DIAGNOSTIC,     7, -7.517353296280e-01, inf, 2.9722e+03, 1.6666e+02, 
 1DIAGNOSTIC,     8, -7.528712749481e-01, inf, 3.1378e+03, 1.6553e+02, 
 1DIAGNOSTIC,     9, -7.537090182304e-01, inf, 3.3035e+03, 1.6570e+02, 
 1DIAGNOSTIC,    10, -7.544639110565e-01, 1.111871679313e-03, 3.4690e+03, 1.6555e+02, 
 1DIAGNOSTIC,    11, -7.550877332687e-01, 8.980475831777e-04, 3.6334e+03, 1.6442e+02, 
 1DIAGNOSTIC,    12, -7.556152343750e-01, 7.176004000939e-04, 3.8004e+03, 1.6696e+02, 
 1DIAGNOSTIC,    13, -7.560665607452e-01, 5.673929117620e-04, 3.9668e+03, 1.6646e+02, 
 1DIAGNOSTIC,    14, -7.563939690590e-01, 4.438510222826e-04, 4.1339e+03, 1.6707e+02, 
 1DIAGNOSTIC,    15, -7.567831277847e-01, 3.470264782663e-04, 4.3022e+03, 1.6830e+02, 
 1DIAGNOSTIC,    16, -7.570924758911e-01, 2.736351161730e-04, 4.4707e+03, 1.6847e+02, 
 1DIAGNOSTIC,    17, -7.574818730354e-01, 2.215008862549e-04, 4.6370e+03, 1.6629e+02, 
 1DIAGNOSTIC,    18, -7.578170299530e-01, 1.854389411164e-04, 4.8035e+03, 1.6656e+02, 
 1DIAGNOSTIC,    19, -7.582758665085e-01, 1.616703812033e-04, 4.9713e+03, 1.6778e+02, 
 1DIAGNOSTIC,    20, -7.587068080902e-01, 1.475110620959e-04, 5.1381e+03, 1.6676e+02, 
  Elapsed time (stage 2): 5140


Total elapsed time: 5168
Using single precision for computations.
Input scalar image: /home/mpib/nemecz/Projects/miniTRK/Results/01_MRI/GroupTempl/T1w/T_template0sub-589611_T1wRepaired.nii.gz
Reference image: /home/mpib/nemecz/Projects/miniTRK/Results/01_MRI/GroupTempl/T1w/T_template0.nii.gz
=============================================================================
The composite transform comprises the following transforms (in order): 
  1. /home/mpib/nemecz/Projects/miniTRK/Results/01_MRI/GroupTempl/T1w/T_sub-589611_T1w200GenericAffine.mat (type = AffineTransform)
  2. /home/mpib/nemecz/Projects/miniTRK/Results/01_MRI/GroupTempl/T1w/T_sub-589611_T1w201Warp.nii.gz (type = DisplacementFieldTransform)
=============================================================================
Default pixel value: 0
Interpolation type: LinearInterpolateImageFunction
Output warped image: /home/mpib/nemecz/Projects/miniTRK/Results/01_MRI/GroupTempl/T1w/T_template0sub-589611_T1w20WarpedToTemplate.nii.gz
