
Running N4 for 3-dimensional images.

Mask not read.  Using the entire image as the mask.

Original intensity range:  [0, 822]

***********************************************************
Warning:  Your input image contains nonpositive values
which could cause failure or problematic results.  A
possible workaround would be to:
   1. rescale your image to positive values e.g., [10,100].
   2. run N4 on your rescaled image.
   3. (optional) rescale the N4 output to the original
      intensity range.
***********************************************************

Specified spline distance: 200mm
  original image size:  [192, 256, 256]
  padded image size:  [201, 401, 401]
  number of control points:  [4, 5, 5]

Current level = 1
  Iteration 1 (of 50).   Current convergence value = 0.00020511 (threshold = 1e-08)
  Iteration 2 (of 50).   Current convergence value = 0.000189652 (threshold = 1e-08)
  Iteration 3 (of 50).   Current convergence value = 0.000181806 (threshold = 1e-08)
  Iteration 4 (of 50).   Current convergence value = 0.000176308 (threshold = 1e-08)
  Iteration 5 (of 50).   Current convergence value = 0.0001717 (threshold = 1e-08)
  Iteration 6 (of 50).   Current convergence value = 0.000167655 (threshold = 1e-08)
  Iteration 7 (of 50).   Current convergence value = 0.000163991 (threshold = 1e-08)
  Iteration 8 (of 50).   Current convergence value = 0.000160443 (threshold = 1e-08)
  Iteration 9 (of 50).   Current convergence value = 0.000157022 (threshold = 1e-08)
  Iteration 10 (of 50).   Current convergence value = 0.000153677 (threshold = 1e-08)
  Iteration 11 (of 50).   Current convergence value = 0.000150589 (threshold = 1e-08)
  Iteration 12 (of 50).   Current convergence value = 0.000147672 (threshold = 1e-08)
  Iteration 13 (of 50).   Current convergence value = 0.000144786 (threshold = 1e-08)
  Iteration 14 (of 50).   Current convergence value = 0.000141799 (threshold = 1e-08)
  Iteration 15 (of 50).   Current convergence value = 0.000139152 (threshold = 1e-08)
  Iteration 16 (of 50).   Current convergence value = 0.000136543 (threshold = 1e-08)
  Iteration 17 (of 50).   Current convergence value = 0.000134041 (threshold = 1e-08)
  Iteration 18 (of 50).   Current convergence value = 0.000131642 (threshold = 1e-08)
  Iteration 19 (of 50).   Current convergence value = 0.000129403 (threshold = 1e-08)
  Iteration 20 (of 50).   Current convergence value = 0.000127227 (threshold = 1e-08)
  Iteration 21 (of 50).   Current convergence value = 0.00012522 (threshold = 1e-08)
  Iteration 22 (of 50).   Current convergence value = 0.000123344 (threshold = 1e-08)
  Iteration 23 (of 50).   Current convergence value = 0.000121426 (threshold = 1e-08)
  Iteration 24 (of 50).   Current convergence value = 0.000119607 (threshold = 1e-08)
  Iteration 25 (of 50).   Current convergence value = 0.000117899 (threshold = 1e-08)
  Iteration 26 (of 50).   Current convergence value = 0.000116243 (threshold = 1e-08)
  Iteration 27 (of 50).   Current convergence value = 0.000114723 (threshold = 1e-08)
  Iteration 28 (of 50).   Current convergence value = 0.000113229 (threshold = 1e-08)
  Iteration 29 (of 50).   Current convergence value = 0.000111889 (threshold = 1e-08)
  Iteration 30 (of 50).   Current convergence value = 0.000110531 (threshold = 1e-08)
  Iteration 31 (of 50).   Current convergence value = 0.000109247 (threshold = 1e-08)
  Iteration 32 (of 50).   Current convergence value = 0.000107982 (threshold = 1e-08)
  Iteration 33 (of 50).   Current convergence value = 0.000106765 (threshold = 1e-08)
  Iteration 34 (of 50).   Current convergence value = 0.000105532 (threshold = 1e-08)
  Iteration 35 (of 50).   Current convergence value = 0.000104448 (threshold = 1e-08)
  Iteration 36 (of 50).   Current convergence value = 0.000103389 (threshold = 1e-08)
  Iteration 37 (of 50).   Current convergence value = 0.000102476 (threshold = 1e-08)
  Iteration 38 (of 50).   Current convergence value = 0.00010151 (threshold = 1e-08)
  Iteration 39 (of 50).   Current convergence value = 0.000100601 (threshold = 1e-08)
  Iteration 40 (of 50).   Current convergence value = 9.96985e-05 (threshold = 1e-08)
  Iteration 41 (of 50).   Current convergence value = 9.87559e-05 (threshold = 1e-08)
  Iteration 42 (of 50).   Current convergence value = 9.79893e-05 (threshold = 1e-08)
  Iteration 43 (of 50).   Current convergence value = 9.72098e-05 (threshold = 1e-08)
  Iteration 44 (of 50).   Current convergence value = 9.647e-05 (threshold = 1e-08)
  Iteration 45 (of 50).   Current convergence value = 9.5658e-05 (threshold = 1e-08)
  Iteration 46 (of 50).   Current convergence value = 9.49807e-05 (threshold = 1e-08)
  Iteration 47 (of 50).   Current convergence value = 9.43345e-05 (threshold = 1e-08)
  Iteration 48 (of 50).   Current convergence value = 9.36843e-05 (threshold = 1e-08)
  Iteration 49 (of 50).   Current convergence value = 9.30628e-05 (threshold = 1e-08)
  Iteration 50 (of 50).   Current convergence value = 9.24485e-05 (threshold = 1e-08)
Current level = 2
  Iteration 1 (of 50).   Current convergence value = 0.000452623 (threshold = 1e-08)
  Iteration 2 (of 50).   Current convergence value = 0.00036774 (threshold = 1e-08)
  Iteration 3 (of 50).   Current convergence value = 0.000309138 (threshold = 1e-08)
  Iteration 4 (of 50).   Current convergence value = 0.000264241 (threshold = 1e-08)
  Iteration 5 (of 50).   Current convergence value = 0.000224598 (threshold = 1e-08)
  Iteration 6 (of 50).   Current convergence value = 0.000192435 (threshold = 1e-08)
  Iteration 7 (of 50).   Current convergence value = 0.000174237 (threshold = 1e-08)
  Iteration 8 (of 50).   Current convergence value = 0.000170234 (threshold = 1e-08)
  Iteration 9 (of 50).   Current convergence value = 0.000161535 (threshold = 1e-08)
  Iteration 10 (of 50).   Current convergence value = 0.000150615 (threshold = 1e-08)
  Iteration 11 (of 50).   Current convergence value = 0.000140051 (threshold = 1e-08)
  Iteration 12 (of 50).   Current convergence value = 0.000131376 (threshold = 1e-08)
  Iteration 13 (of 50).   Current convergence value = 0.000123806 (threshold = 1e-08)
  Iteration 14 (of 50).   Current convergence value = 0.000116798 (threshold = 1e-08)
  Iteration 15 (of 50).   Current convergence value = 0.000110428 (threshold = 1e-08)
  Iteration 16 (of 50).   Current convergence value = 0.000105072 (threshold = 1e-08)
  Iteration 17 (of 50).   Current convergence value = 0.000105776 (threshold = 1e-08)
  Iteration 18 (of 50).   Current convergence value = 0.000106982 (threshold = 1e-08)
  Iteration 19 (of 50).   Current convergence value = 0.000108222 (threshold = 1e-08)
  Iteration 20 (of 50).   Current convergence value = 0.000108896 (threshold = 1e-08)
  Iteration 21 (of 50).   Current convergence value = 0.000109701 (threshold = 1e-08)
  Iteration 22 (of 50).   Current convergence value = 0.000110219 (threshold = 1e-08)
  Iteration 23 (of 50).   Current convergence value = 0.00011041 (threshold = 1e-08)
  Iteration 24 (of 50).   Current convergence value = 0.000110665 (threshold = 1e-08)
  Iteration 25 (of 50).   Current convergence value = 0.000110599 (threshold = 1e-08)
  Iteration 26 (of 50).   Current convergence value = 0.000110374 (threshold = 1e-08)
  Iteration 27 (of 50).   Current convergence value = 0.000110229 (threshold = 1e-08)
  Iteration 28 (of 50).   Current convergence value = 0.000109781 (threshold = 1e-08)
  Iteration 29 (of 50).   Current convergence value = 0.000109415 (threshold = 1e-08)
  Iteration 30 (of 50).   Current convergence value = 0.000109048 (threshold = 1e-08)
  Iteration 31 (of 50).   Current convergence value = 0.000108498 (threshold = 1e-08)
  Iteration 32 (of 50).   Current convergence value = 0.000107993 (threshold = 1e-08)
  Iteration 33 (of 50).   Current convergence value = 0.000107359 (threshold = 1e-08)
  Iteration 34 (of 50).   Current convergence value = 0.000106791 (threshold = 1e-08)
  Iteration 35 (of 50).   Current convergence value = 0.00010619 (threshold = 1e-08)
  Iteration 36 (of 50).   Current convergence value = 0.000105694 (threshold = 1e-08)
  Iteration 37 (of 50).   Current convergence value = 0.000104858 (threshold = 1e-08)
  Iteration 38 (of 50).   Current convergence value = 0.000104198 (threshold = 1e-08)
  Iteration 39 (of 50).   Current convergence value = 0.000103597 (threshold = 1e-08)
  Iteration 40 (of 50).   Current convergence value = 0.000102917 (threshold = 1e-08)
  Iteration 41 (of 50).   Current convergence value = 0.000102258 (threshold = 1e-08)
  Iteration 42 (of 50).   Current convergence value = 0.000101525 (threshold = 1e-08)
  Iteration 43 (of 50).   Current convergence value = 0.000100877 (threshold = 1e-08)
  Iteration 44 (of 50).   Current convergence value = 0.00010006 (threshold = 1e-08)
  Iteration 45 (of 50).   Current convergence value = 9.94229e-05 (threshold = 1e-08)
  Iteration 46 (of 50).   Current convergence value = 9.8804e-05 (threshold = 1e-08)
  Iteration 47 (of 50).   Current convergence value = 9.80382e-05 (threshold = 1e-08)
  Iteration 48 (of 50).   Current convergence value = 9.73874e-05 (threshold = 1e-08)
  Iteration 49 (of 50).   Current convergence value = 9.6765e-05 (threshold = 1e-08)
  Iteration 50 (of 50).   Current convergence value = 9.61841e-05 (threshold = 1e-08)
Current level = 3
  Iteration 1 (of 40).   Current convergence value = 0.00173396 (threshold = 1e-08)
  Iteration 2 (of 40).   Current convergence value = 0.00127898 (threshold = 1e-08)
  Iteration 3 (of 40).   Current convergence value = 0.00105296 (threshold = 1e-08)
  Iteration 4 (of 40).   Current convergence value = 0.000913266 (threshold = 1e-08)
  Iteration 5 (of 40).   Current convergence value = 0.000822394 (threshold = 1e-08)
  Iteration 6 (of 40).   Current convergence value = 0.000766755 (threshold = 1e-08)
  Iteration 7 (of 40).   Current convergence value = 0.000733201 (threshold = 1e-08)
  Iteration 8 (of 40).   Current convergence value = 0.000704253 (threshold = 1e-08)
  Iteration 9 (of 40).   Current convergence value = 0.000679574 (threshold = 1e-08)
  Iteration 10 (of 40).   Current convergence value = 0.000658736 (threshold = 1e-08)
  Iteration 11 (of 40).   Current convergence value = 0.000639814 (threshold = 1e-08)
  Iteration 12 (of 40).   Current convergence value = 0.000622847 (threshold = 1e-08)
  Iteration 13 (of 40).   Current convergence value = 0.000608322 (threshold = 1e-08)
  Iteration 14 (of 40).   Current convergence value = 0.00059618 (threshold = 1e-08)
  Iteration 15 (of 40).   Current convergence value = 0.000585719 (threshold = 1e-08)
  Iteration 16 (of 40).   Current convergence value = 0.000576883 (threshold = 1e-08)
  Iteration 17 (of 40).   Current convergence value = 0.000569423 (threshold = 1e-08)
  Iteration 18 (of 40).   Current convergence value = 0.000563147 (threshold = 1e-08)
  Iteration 19 (of 40).   Current convergence value = 0.000556609 (threshold = 1e-08)
  Iteration 20 (of 40).   Current convergence value = 0.000532811 (threshold = 1e-08)
  Iteration 21 (of 40).   Current convergence value = 0.000503674 (threshold = 1e-08)
  Iteration 22 (of 40).   Current convergence value = 0.000478292 (threshold = 1e-08)
  Iteration 23 (of 40).   Current convergence value = 0.000455893 (threshold = 1e-08)
  Iteration 24 (of 40).   Current convergence value = 0.000435879 (threshold = 1e-08)
  Iteration 25 (of 40).   Current convergence value = 0.00041787 (threshold = 1e-08)
  Iteration 26 (of 40).   Current convergence value = 0.000401562 (threshold = 1e-08)
  Iteration 27 (of 40).   Current convergence value = 0.000386653 (threshold = 1e-08)
  Iteration 28 (of 40).   Current convergence value = 0.000372898 (threshold = 1e-08)
  Iteration 29 (of 40).   Current convergence value = 0.000360322 (threshold = 1e-08)
  Iteration 30 (of 40).   Current convergence value = 0.000348966 (threshold = 1e-08)
  Iteration 31 (of 40).   Current convergence value = 0.000338461 (threshold = 1e-08)
  Iteration 32 (of 40).   Current convergence value = 0.000328736 (threshold = 1e-08)
  Iteration 33 (of 40).   Current convergence value = 0.000319691 (threshold = 1e-08)
  Iteration 34 (of 40).   Current convergence value = 0.000311297 (threshold = 1e-08)
  Iteration 35 (of 40).   Current convergence value = 0.000303438 (threshold = 1e-08)
  Iteration 36 (of 40).   Current convergence value = 0.000296103 (threshold = 1e-08)
  Iteration 37 (of 40).   Current convergence value = 0.000289276 (threshold = 1e-08)
  Iteration 38 (of 40).   Current convergence value = 0.000282901 (threshold = 1e-08)
  Iteration 39 (of 40).   Current convergence value = 0.000276819 (threshold = 1e-08)
  Iteration 40 (of 40).   Current convergence value = 0.000270987 (threshold = 1e-08)
Current level = 4
  Iteration 1 (of 30).   Current convergence value = 0.00213304 (threshold = 1e-08)
  Iteration 2 (of 30).   Current convergence value = 0.00187958 (threshold = 1e-08)
  Iteration 3 (of 30).   Current convergence value = 0.00178853 (threshold = 1e-08)
  Iteration 4 (of 30).   Current convergence value = 0.00171411 (threshold = 1e-08)
  Iteration 5 (of 30).   Current convergence value = 0.00165794 (threshold = 1e-08)
  Iteration 6 (of 30).   Current convergence value = 0.00161251 (threshold = 1e-08)
  Iteration 7 (of 30).   Current convergence value = 0.00157045 (threshold = 1e-08)
  Iteration 8 (of 30).   Current convergence value = 0.00153696 (threshold = 1e-08)
  Iteration 9 (of 30).   Current convergence value = 0.00150526 (threshold = 1e-08)
  Iteration 10 (of 30).   Current convergence value = 0.00147246 (threshold = 1e-08)
  Iteration 11 (of 30).   Current convergence value = 0.00144166 (threshold = 1e-08)
  Iteration 12 (of 30).   Current convergence value = 0.00140956 (threshold = 1e-08)
  Iteration 13 (of 30).   Current convergence value = 0.00137581 (threshold = 1e-08)
  Iteration 14 (of 30).   Current convergence value = 0.00134202 (threshold = 1e-08)
  Iteration 15 (of 30).   Current convergence value = 0.00130653 (threshold = 1e-08)
  Iteration 16 (of 30).   Current convergence value = 0.00127096 (threshold = 1e-08)
  Iteration 17 (of 30).   Current convergence value = 0.00123852 (threshold = 1e-08)
  Iteration 18 (of 30).   Current convergence value = 0.00120327 (threshold = 1e-08)
  Iteration 19 (of 30).   Current convergence value = 0.00116928 (threshold = 1e-08)
  Iteration 20 (of 30).   Current convergence value = 0.00113362 (threshold = 1e-08)
  Iteration 21 (of 30).   Current convergence value = 0.00109556 (threshold = 1e-08)
  Iteration 22 (of 30).   Current convergence value = 0.00105486 (threshold = 1e-08)
  Iteration 23 (of 30).   Current convergence value = 0.00101114 (threshold = 1e-08)
  Iteration 24 (of 30).   Current convergence value = 0.000962363 (threshold = 1e-08)
  Iteration 25 (of 30).   Current convergence value = 0.000910016 (threshold = 1e-08)
  Iteration 26 (of 30).   Current convergence value = 0.000787861 (threshold = 1e-08)
  Iteration 27 (of 30).   Current convergence value = 0.000658625 (threshold = 1e-08)
  Iteration 28 (of 30).   Current convergence value = 0.000577154 (threshold = 1e-08)
  Iteration 29 (of 30).   Current convergence value = 0.000521784 (threshold = 1e-08)
  Iteration 30 (of 30).   Current convergence value = 0.000481534 (threshold = 1e-08)
   N4BiasFieldCorrectionImageFilter (0x56341d92ce20)
     RTTI typeinfo:   itk::N4BiasFieldCorrectionImageFilter<itk::Image<float, 3u>, itk::Image<float, 3u>, itk::Image<float, 3u> >
     Reference Count: 1
     Modified Time: 565
     Debug: Off
     Object Name: 
     Observers: 
       IterationEvent(Command)
     Inputs: 
       ConfidenceImage: (0)
       MaskImage: (0x56341d9575c0)
       Primary: (0x56341d952a40) *
     Indexed Inputs: 
       0: Primary (0x56341d952a40)
       1: MaskImage (0x56341d9575c0)
       2: ConfidenceImage (0)
     Required Input Names: Primary
     NumberOfRequiredInputs: 1
     Outputs: 
       Primary: (0x56341d93cef0)
     Indexed Outputs: 
       0: Primary (0x56341d93cef0)
     NumberOfRequiredOutputs: 1
     Number Of Work Units: 32
     ReleaseDataFlag: Off
     ReleaseDataBeforeUpdateFlag: Off
     AbortGenerateData: Off
     Progress: 0
     Multithreader: 
       RTTI typeinfo:   itk::PoolMultiThreader
       Reference Count: 1
       Modified Time: 144
       Debug: Off
       Object Name: 
       Observers: 
         none
       Number of Work Units: 32
       Number of Threads: 8
       Global Maximum Number Of Threads: 128
       Global Default Number Of Threads: 8
       Global Default Threader Type: itk::MultiThreaderBaseEnums::Threader::Pool
       SingleMethod: 0
       SingleData: 0
     DynamicMultiThreading: On
     CoordinateTolerance: 1e-06
     DirectionTolerance: 1e-06
     Use Mask Label: 0
     Mask label: 1
     Number of histogram bins: 200
     Wiener filter noise: 0.01
     Bias field FWHM: 0.15
     Maximum number of iterations: [50, 50, 40, 30]
     Convergence threshold: 1e-08
     Spline order: 3
     Number of fitting levels: [4, 4, 4]
     Number of control points: [4, 5, 5]
     CurrentConvergenceMeasurement: 0.000481534
     CurrentLevel: 4
     ElapsedIterations: 31
     LogBiasFieldControlPointLattice: 
       Image (0x563427ad4380)
         RTTI typeinfo:   itk::Image<itk::Vector<float, 1u>, 3u>
         Reference Count: 1
         Modified Time: 343560
         Debug: Off
         Object Name: 
         Observers: 
           none
         Source: (none)
         Source output name: (none)
         Release Data: Off
         Data Released: False
         Global Release Data: Off
         PipelineMTime: 0
         UpdateMTime: 0
         RealTimeStamp: 0 seconds 
         LargestPossibleRegion: 
           Dimension: 3
           Index: [0, 0, 0]
           Size: [11, 19, 19]
         BufferedRegion: 
           Dimension: 3
           Index: [0, 0, 0]
           Size: [11, 19, 19]
         RequestedRegion: 
           Dimension: 3
           Index: [0, 0, 0]
           Size: [11, 19, 19]
         Spacing: [24.75, 24.875, 24.875]
         Origin: [27.3951, 19.6044, -26.7445]
         Direction: 
-0.996464 -0.0322875 -0.0775647
0.0180379 -0.983896 0.177831
-0.0820573 0.175803 0.980999

         IndexToPointMatrix: 
-24.6625 -0.803151 -1.92942
0.446438 -24.4744 4.42355
-2.03092 4.3731 24.4024

         PointToIndexMatrix: 
-0.0402612 0.000728804 -0.00331545
-0.00129799 -0.0395536 0.00706747
-0.00311818 0.00714898 0.0394372

         Inverse Direction: 
-0.996464 0.0180379 -0.0820573
-0.0322875 -0.983896 0.175803
-0.0775647 0.177831 0.980999

         PixelContainer: 
           ImportImageContainer (0x56342ab56a60)
             RTTI typeinfo:   itk::ImportImageContainer<unsigned long, itk::Vector<float, 1u> >
             Reference Count: 1
             Modified Time: 343561
             Debug: Off
             Object Name: 
             Observers: 
               none
             Pointer: 0x563427ad0560
             Container manages memory: true
             Size: 3971
             Capacity: 3971
Elapsed time: 271.468
All_Command_lines_OK
Using single precision for computations.
=============================================================================
The composite transform comprises the following transforms (in order): 
  1. Center of mass alignment using fixed image: /home/mpib/nemecz/Projects/miniTRK/Results/01_MRI/GroupTempl/T1w/T_template0.nii.gz and moving image: /home/mpib/nemecz/Projects/miniTRK/Analysis/01_MRI/Preproc/GroupTempl/T1w/sub-652844_T1w.nii.gz (type = Euler3DTransform)
=============================================================================
  number of levels = 4
  number of levels = 4
  number of levels = 4
  fixed image: /home/mpib/nemecz/Projects/miniTRK/Results/01_MRI/GroupTempl/T1w/T_template0.nii.gz
  moving image: /home/mpib/nemecz/Projects/miniTRK/Results/01_MRI/GroupTempl/T1w/T_template0sub-652844_T1wRepaired.nii.gz
  fixed image: /home/mpib/nemecz/Projects/miniTRK/Results/01_MRI/GroupTempl/T1w/T_template0.nii.gz
  moving image: /home/mpib/nemecz/Projects/miniTRK/Results/01_MRI/GroupTempl/T1w/T_template0sub-652844_T1wRepaired.nii.gz
  fixed image: /home/mpib/nemecz/Projects/miniTRK/Results/01_MRI/GroupTempl/T1w/T_template0.nii.gz
  moving image: /home/mpib/nemecz/Projects/miniTRK/Results/01_MRI/GroupTempl/T1w/T_template0sub-652844_T1wRepaired.nii.gz
Dimension = 3
Number of stages = 3
Use Histogram Matching true
Winsorize image intensities true
Lower quantile = 0.01
Upper quantile = 0.99
Stage 1 State
   Image metric = Mattes
     Fixed image = Image (0x560f31673ad0)
  RTTI typeinfo:   itk::Image<float, 3u>
  Reference Count: 2
  Modified Time: 1721
  Debug: Off
  Object Name: 
  Observers: 
    none
  Source: (none)
  Source output name: (none)
  Release Data: Off
  Data Released: False
  Global Release Data: Off
  PipelineMTime: 0
  UpdateMTime: 1506
  RealTimeStamp: 0 seconds 
  LargestPossibleRegion: 
    Dimension: 3
    Index: [0, 0, 0]
    Size: [192, 256, 256]
  BufferedRegion: 
    Dimension: 3
    Index: [0, 0, 0]
    Size: [192, 256, 256]
  RequestedRegion: 
    Dimension: 3
    Index: [0, 0, 0]
    Size: [192, 256, 256]
  Spacing: [1, 1, 1]
  Origin: [95.0313, 100.538, -154.123]
  Direction: 
-0.999853 -0.014134 -0.00966312
0.014129 -0.9999 0.000586045
-0.00967044 0.000449429 0.999953

  IndexToPointMatrix: 
-0.999853 -0.014134 -0.00966312
0.014129 -0.9999 0.000586045
-0.00967044 0.000449429 0.999953

  PointToIndexMatrix: 
-0.999853 0.014129 -0.00967044
-0.014134 -0.9999 0.000449429
-0.00966312 0.000586045 0.999953

  Inverse Direction: 
-0.999853 0.014129 -0.00967044
-0.014134 -0.9999 0.000449429
-0.00966312 0.000586045 0.999953

  PixelContainer: 
    ImportImageContainer (0x560f3167bc80)
      RTTI typeinfo:   itk::ImportImageContainer<unsigned long, float>
      Reference Count: 1
      Modified Time: 1503
      Debug: Off
      Object Name: 
      Observers: 
        none
      Pointer: 0x7f5527016010
      Container manages memory: true
      Size: 12582912
      Capacity: 12582912

     Moving image = Image (0x560f31674bc0)
  RTTI typeinfo:   itk::Image<float, 3u>
  Reference Count: 2
  Modified Time: 1722
  Debug: Off
  Object Name: 
  Observers: 
    none
  Source: (none)
  Source output name: (none)
  Release Data: Off
  Data Released: False
  Global Release Data: Off
  PipelineMTime: 0
  UpdateMTime: 1719
  RealTimeStamp: 0 seconds 
  LargestPossibleRegion: 
    Dimension: 3
    Index: [0, 0, 0]
    Size: [192, 256, 256]
  BufferedRegion: 
    Dimension: 3
    Index: [0, 0, 0]
    Size: [192, 256, 256]
  RequestedRegion: 
    Dimension: 3
    Index: [0, 0, 0]
    Size: [192, 256, 256]
  Spacing: [1, 1, 1]
  Origin: [107.044, 69.5572, -162.373]
  Direction: 
-0.996464 -0.0322875 -0.0775647
0.0180379 -0.983896 0.177831
-0.0820573 0.175803 0.980999

  IndexToPointMatrix: 
-0.996464 -0.0322875 -0.0775647
0.0180379 -0.983896 0.177831
-0.0820573 0.175803 0.980999

  PointToIndexMatrix: 
-0.996464 0.0180379 -0.0820573
-0.0322875 -0.983896 0.175803
-0.0775647 0.177831 0.980999

  Inverse Direction: 
-0.996464 0.0180379 -0.0820573
-0.0322875 -0.983896 0.175803
-0.0775647 0.177831 0.980999

  PixelContainer: 
    ImportImageContainer (0x560f31680100)
      RTTI typeinfo:   itk::ImportImageContainer<unsigned long, float>
      Reference Count: 1
      Modified Time: 1716
      Debug: Off
      Object Name: 
      Observers: 
        none
      Pointer: 0x7f5524015010
      Container manages memory: true
      Size: 12582912
      Capacity: 12582912

     Weighting = 1
     Sampling strategy = regular
     Number of bins = 32
     Radius = 4
     Sampling percentage  = 0.25
   Transform = Rigid
     Gradient step = 0.1
     Update field sigma (voxel space) = 0
     Total field sigma (voxel space) = 0
     Update field time sigma = 0
     Total field time sigma  = 0
     Number of time indices = 0
     Number of time point samples = 0
Stage 2 State
   Image metric = Mattes
     Fixed image = Image (0x560f3168c870)
  RTTI typeinfo:   itk::Image<float, 3u>
  Reference Count: 2
  Modified Time: 2149
  Debug: Off
  Object Name: 
  Observers: 
    none
  Source: (none)
  Source output name: (none)
  Release Data: Off
  Data Released: False
  Global Release Data: Off
  PipelineMTime: 0
  UpdateMTime: 1934
  RealTimeStamp: 0 seconds 
  LargestPossibleRegion: 
    Dimension: 3
    Index: [0, 0, 0]
    Size: [192, 256, 256]
  BufferedRegion: 
    Dimension: 3
    Index: [0, 0, 0]
    Size: [192, 256, 256]
  RequestedRegion: 
    Dimension: 3
    Index: [0, 0, 0]
    Size: [192, 256, 256]
  Spacing: [1, 1, 1]
  Origin: [95.0313, 100.538, -154.123]
  Direction: 
-0.999853 -0.014134 -0.00966312
0.014129 -0.9999 0.000586045
-0.00967044 0.000449429 0.999953

  IndexToPointMatrix: 
-0.999853 -0.014134 -0.00966312
0.014129 -0.9999 0.000586045
-0.00967044 0.000449429 0.999953

  PointToIndexMatrix: 
-0.999853 0.014129 -0.00967044
-0.014134 -0.9999 0.000449429
-0.00966312 0.000586045 0.999953

  Inverse Direction: 
-0.999853 0.014129 -0.00967044
-0.014134 -0.9999 0.000449429
-0.00966312 0.000586045 0.999953

  PixelContainer: 
    ImportImageContainer (0x560f316776d0)
      RTTI typeinfo:   itk::ImportImageContainer<unsigned long, float>
      Reference Count: 1
      Modified Time: 1931
      Debug: Off
      Object Name: 
      Observers: 
        none
      Pointer: 0x7f5521014010
      Container manages memory: true
      Size: 12582912
      Capacity: 12582912

     Moving image = Image (0x560f3168c4c0)
  RTTI typeinfo:   itk::Image<float, 3u>
  Reference Count: 2
  Modified Time: 2150
  Debug: Off
  Object Name: 
  Observers: 
    none
  Source: (none)
  Source output name: (none)
  Release Data: Off
  Data Released: False
  Global Release Data: Off
  PipelineMTime: 0
  UpdateMTime: 2147
  RealTimeStamp: 0 seconds 
  LargestPossibleRegion: 
    Dimension: 3
    Index: [0, 0, 0]
    Size: [192, 256, 256]
  BufferedRegion: 
    Dimension: 3
    Index: [0, 0, 0]
    Size: [192, 256, 256]
  RequestedRegion: 
    Dimension: 3
    Index: [0, 0, 0]
    Size: [192, 256, 256]
  Spacing: [1, 1, 1]
  Origin: [107.044, 69.5572, -162.373]
  Direction: 
-0.996464 -0.0322875 -0.0775647
0.0180379 -0.983896 0.177831
-0.0820573 0.175803 0.980999

  IndexToPointMatrix: 
-0.996464 -0.0322875 -0.0775647
0.0180379 -0.983896 0.177831
-0.0820573 0.175803 0.980999

  PointToIndexMatrix: 
-0.996464 0.0180379 -0.0820573
-0.0322875 -0.983896 0.175803
-0.0775647 0.177831 0.980999

  Inverse Direction: 
-0.996464 0.0180379 -0.0820573
-0.0322875 -0.983896 0.175803
-0.0775647 0.177831 0.980999

  PixelContainer: 
    ImportImageContainer (0x560f3168d8c0)
      RTTI typeinfo:   itk::ImportImageContainer<unsigned long, float>
      Reference Count: 1
      Modified Time: 2144
      Debug: Off
      Object Name: 
      Observers: 
        none
      Pointer: 0x7f551e013010
      Container manages memory: true
      Size: 12582912
      Capacity: 12582912

     Weighting = 1
     Sampling strategy = regular
     Number of bins = 32
     Radius = 4
     Sampling percentage  = 0.25
   Transform = Affine
     Gradient step = 0.1
     Update field sigma (voxel space) = 0
     Total field sigma (voxel space) = 0
     Update field time sigma = 0
     Total field time sigma  = 0
     Number of time indices = 0
     Number of time point samples = 0
Stage 3 State
   Image metric = CC
     Fixed image = Image (0x560f31693960)
  RTTI typeinfo:   itk::Image<float, 3u>
  Reference Count: 2
  Modified Time: 2577
  Debug: Off
  Object Name: 
  Observers: 
    none
  Source: (none)
  Source output name: (none)
  Release Data: Off
  Data Released: False
  Global Release Data: Off
  PipelineMTime: 0
  UpdateMTime: 2362
  RealTimeStamp: 0 seconds 
  LargestPossibleRegion: 
    Dimension: 3
    Index: [0, 0, 0]
    Size: [192, 256, 256]
  BufferedRegion: 
    Dimension: 3
    Index: [0, 0, 0]
    Size: [192, 256, 256]
  RequestedRegion: 
    Dimension: 3
    Index: [0, 0, 0]
    Size: [192, 256, 256]
  Spacing: [1, 1, 1]
  Origin: [95.0313, 100.538, -154.123]
  Direction: 
-0.999853 -0.014134 -0.00966312
0.014129 -0.9999 0.000586045
-0.00967044 0.000449429 0.999953

  IndexToPointMatrix: 
-0.999853 -0.014134 -0.00966312
0.014129 -0.9999 0.000586045
-0.00967044 0.000449429 0.999953

  PointToIndexMatrix: 
-0.999853 0.014129 -0.00967044
-0.014134 -0.9999 0.000449429
-0.00966312 0.000586045 0.999953

  Inverse Direction: 
-0.999853 0.014129 -0.00967044
-0.014134 -0.9999 0.000449429
-0.00966312 0.000586045 0.999953

  PixelContainer: 
    ImportImageContainer (0x560f31674660)
      RTTI typeinfo:   itk::ImportImageContainer<unsigned long, float>
      Reference Count: 1
      Modified Time: 2359
      Debug: Off
      Object Name: 
      Observers: 
        none
      Pointer: 0x7f551b012010
      Container manages memory: true
      Size: 12582912
      Capacity: 12582912

     Moving image = Image (0x560f31695840)
  RTTI typeinfo:   itk::Image<float, 3u>
  Reference Count: 2
  Modified Time: 2578
  Debug: Off
  Object Name: 
  Observers: 
    none
  Source: (none)
  Source output name: (none)
  Release Data: Off
  Data Released: False
  Global Release Data: Off
  PipelineMTime: 0
  UpdateMTime: 2575
  RealTimeStamp: 0 seconds 
  LargestPossibleRegion: 
    Dimension: 3
    Index: [0, 0, 0]
    Size: [192, 256, 256]
  BufferedRegion: 
    Dimension: 3
    Index: [0, 0, 0]
    Size: [192, 256, 256]
  RequestedRegion: 
    Dimension: 3
    Index: [0, 0, 0]
    Size: [192, 256, 256]
  Spacing: [1, 1, 1]
  Origin: [107.044, 69.5572, -162.373]
  Direction: 
-0.996464 -0.0322875 -0.0775647
0.0180379 -0.983896 0.177831
-0.0820573 0.175803 0.980999

  IndexToPointMatrix: 
-0.996464 -0.0322875 -0.0775647
0.0180379 -0.983896 0.177831
-0.0820573 0.175803 0.980999

  PointToIndexMatrix: 
-0.996464 0.0180379 -0.0820573
-0.0322875 -0.983896 0.175803
-0.0775647 0.177831 0.980999

  Inverse Direction: 
-0.996464 0.0180379 -0.0820573
-0.0322875 -0.983896 0.175803
-0.0775647 0.177831 0.980999

  PixelContainer: 
    ImportImageContainer (0x560f31692660)
      RTTI typeinfo:   itk::ImportImageContainer<unsigned long, float>
      Reference Count: 1
      Modified Time: 2572
      Debug: Off
      Object Name: 
      Observers: 
        none
      Pointer: 0x7f5518011010
      Container manages memory: true
      Size: 12582912
      Capacity: 12582912

     Weighting = 1
     Sampling strategy = none
     Number of bins = 32
     Radius = 4
     Sampling percentage  = 1
   Transform = SyN
     Gradient step = 0.1
     Update field sigma (voxel space) = 3
     Total field sigma (voxel space) = 0
     Update field time sigma = 0
     Total field time sigma  = 0
     Number of time indices = 0
     Number of time point samples = 0
Registration using 3 total stages.

Stage 0
  iterations = 1000x500x250x0
  convergence threshold = 1e-06
  convergence window size = 10
  number of levels = 4
  using the Mattes MI metric (number of bins = 32, weight = 1)
  preprocessing:  winsorizing the image intensities
  preprocessing:  histogram matching the images
  Shrink factors (level 1 out of 4): [6, 6, 6]
  Shrink factors (level 2 out of 4): [4, 4, 4]
  Shrink factors (level 3 out of 4): [2, 2, 2]
  Shrink factors (level 4 out of 4): [1, 1, 1]
  smoothing sigmas per level: [4, 2, 1, 0]
  regular sampling (percentage = 0.25)

*** Running Euler3DTransform registration ***

DIAGNOSTIC,Iteration,metricValue,convergenceValue,ITERATION_TIME_INDEX,SINCE_LAST
 2DIAGNOSTIC,     1, -9.786475300789e-01, inf, 6.1508e-01, 6.1508e-01, 
 2DIAGNOSTIC,     2, -9.802349805832e-01, inf, 6.2416e-01, 9.0878e-03, 
 2DIAGNOSTIC,     3, -9.823729395866e-01, inf, 6.3342e-01, 9.2540e-03, 
 2DIAGNOSTIC,     4, -9.856126308441e-01, inf, 6.4296e-01, 9.5389e-03, 
 2DIAGNOSTIC,     5, -9.900589585304e-01, inf, 6.5187e-01, 8.9180e-03, 
 2DIAGNOSTIC,     6, -9.955801367760e-01, inf, 6.6125e-01, 9.3780e-03, 
 2DIAGNOSTIC,     7, -1.003692388535e+00, inf, 6.7026e-01, 9.0110e-03, 
 2DIAGNOSTIC,     8, -1.026483416557e+00, inf, 6.8147e-01, 1.1206e-02, 
 2DIAGNOSTIC,     9, -1.027468800545e+00, inf, 6.9442e-01, 1.2954e-02, 
 2DIAGNOSTIC,    10, -1.027446031570e+00, 3.709823824465e-03, 7.0297e-01, 8.5440e-03, 
 2DIAGNOSTIC,    11, -1.028735756874e+00, 3.498298581690e-03, 7.1112e-01, 8.1480e-03, 
 2DIAGNOSTIC,    12, -1.030097365379e+00, 3.074280451983e-03, 7.1936e-01, 8.2428e-03, 
 2DIAGNOSTIC,    13, -1.030508399010e+00, 2.486994257197e-03, 7.2836e-01, 9.0060e-03, 
 2DIAGNOSTIC,    14, -1.030711531639e+00, 1.829343847930e-03, 7.3799e-01, 9.6231e-03, 
 2DIAGNOSTIC,    15, -1.030969619751e+00, 1.188965514302e-03, 7.4751e-01, 9.5251e-03, 
 2DIAGNOSTIC,    16, -1.031300187111e+00, 6.248691934161e-04, 7.6311e-01, 1.5595e-02, 
 2DIAGNOSTIC,    17, -1.031451106071e+00, 1.964113907889e-04, 7.7231e-01, 9.2030e-03, 
 2DIAGNOSTIC,    18, -1.031466603279e+00, 1.535073097330e-04, 7.8288e-01, 1.0567e-02, 
 2DIAGNOSTIC,    19, -1.031473636627e+00, 1.163621564046e-04, 7.9101e-01, 8.1332e-03, 
 2DIAGNOSTIC,    20, -1.031443238258e+00, 7.135202031350e-05, 8.0040e-01, 9.3899e-03, 
 2DIAGNOSTIC,    21, -1.031407475471e+00, 4.041606371175e-05, 8.0874e-01, 8.3380e-03, 
 2DIAGNOSTIC,    22, -1.031415700912e+00, 2.600602419989e-05, 8.1802e-01, 9.2809e-03, 
 2DIAGNOSTIC,    23, -1.031423330307e+00, 1.566479113535e-05, 8.2612e-01, 8.1012e-03, 
 2DIAGNOSTIC,    24, -1.031393647194e+00, 6.858266715426e-06, 8.3415e-01, 8.0340e-03, 
 2DIAGNOSTIC,    25, -1.031404852867e+00, 1.189575641547e-06, 8.4366e-01, 9.5100e-03, 
DIAGNOSTIC,Iteration,metricValue,convergenceValue,ITERATION_TIME_INDEX,SINCE_LAST
 2DIAGNOSTIC,     1, -8.137046098709e-01, inf, 1.3422e+00, 4.9855e-01, 
 2DIAGNOSTIC,     2, -8.143851757050e-01, inf, 1.3715e+00, 2.9281e-02, 
 2DIAGNOSTIC,     3, -8.149713277817e-01, inf, 1.4003e+00, 2.8829e-02, 
 2DIAGNOSTIC,     4, -8.154527544975e-01, inf, 1.4304e+00, 3.0083e-02, 
 2DIAGNOSTIC,     5, -8.161002397537e-01, inf, 1.4604e+00, 2.9980e-02, 
 2DIAGNOSTIC,     6, -8.171266317368e-01, inf, 1.4930e+00, 3.2623e-02, 
 2DIAGNOSTIC,     7, -8.174170851707e-01, inf, 1.5375e+00, 4.4526e-02, 
 2DIAGNOSTIC,     8, -8.176651000977e-01, inf, 1.5677e+00, 3.0162e-02, 
 2DIAGNOSTIC,     9, -8.177633285522e-01, inf, 1.6010e+00, 3.3327e-02, 
 2DIAGNOSTIC,    10, -8.178499341011e-01, 3.539676545188e-04, 1.6395e+00, 3.8518e-02, 
 2DIAGNOSTIC,    11, -8.179131150246e-01, 2.701138146222e-04, 1.6735e+00, 3.3957e-02, 
 2DIAGNOSTIC,    12, -8.180112242699e-01, 1.986179704545e-04, 1.7071e+00, 3.3601e-02, 
 2DIAGNOSTIC,    13, -8.181380629539e-01, 1.396538136760e-04, 1.7392e+00, 3.2075e-02, 
 2DIAGNOSTIC,    14, -8.181802034378e-01, 8.953619544627e-05, 1.7735e+00, 3.4344e-02, 
 2DIAGNOSTIC,    15, -8.181893229485e-01, 5.286535815685e-05, 1.8084e+00, 3.4903e-02, 
 2DIAGNOSTIC,    16, -8.181926608086e-01, 3.845345418085e-05, 1.8403e+00, 3.1926e-02, 
 2DIAGNOSTIC,    17, -8.181927800179e-01, 2.820236113621e-05, 1.8759e+00, 3.5542e-02, 
 2DIAGNOSTIC,    18, -8.182042837143e-01, 2.161245174648e-05, 1.9148e+00, 3.8915e-02, 
 2DIAGNOSTIC,    19, -8.181936740875e-01, 1.545283521409e-05, 1.9455e+00, 3.0668e-02, 
 2DIAGNOSTIC,    20, -8.181934952736e-01, 1.015986890707e-05, 1.9811e+00, 3.5581e-02, 
 2DIAGNOSTIC,    21, -8.181875348091e-01, 5.510790288099e-06, 2.0156e+00, 3.4595e-02, 
 2DIAGNOSTIC,    22, -8.181846737862e-01, 2.369371031818e-06, 2.0475e+00, 3.1869e-02, 
 2DIAGNOSTIC,    23, -8.181766271591e-01, 1.193151319967e-06, 2.0819e+00, 3.4403e-02, 
 2DIAGNOSTIC,    24, -8.181952834129e-01, 1.014036342895e-06, 2.1169e+00, 3.5026e-02, 
DIAGNOSTIC,Iteration,metricValue,convergenceValue,ITERATION_TIME_INDEX,SINCE_LAST
 2DIAGNOSTIC,     1, -7.107218503952e-01, inf, 3.0549e+00, 9.3800e-01, 
 2DIAGNOSTIC,     2, -7.109221816063e-01, inf, 3.2867e+00, 2.3172e-01, 
 2DIAGNOSTIC,     3, -7.110008001328e-01, inf, 3.5174e+00, 2.3071e-01, 
 2DIAGNOSTIC,     4, -7.111249566078e-01, inf, 3.7474e+00, 2.3000e-01, 
 2DIAGNOSTIC,     5, -7.113407850266e-01, inf, 3.9732e+00, 2.2585e-01, 
 2DIAGNOSTIC,     6, -7.115409970284e-01, inf, 4.3227e+00, 3.4952e-01, 
 2DIAGNOSTIC,     7, -7.116159796715e-01, inf, 4.5486e+00, 2.2584e-01, 
 2DIAGNOSTIC,     8, -7.116762399673e-01, inf, 4.8073e+00, 2.5875e-01, 
 2DIAGNOSTIC,     9, -7.118725180626e-01, inf, 5.0617e+00, 2.5435e-01, 
 2DIAGNOSTIC,    10, -7.118986248970e-01, 1.127917348640e-04, 5.3819e+00, 3.2022e-01, 
 2DIAGNOSTIC,    11, -7.119023799896e-01, 9.217750630341e-05, 5.7651e+00, 3.8323e-01, 
 2DIAGNOSTIC,    12, -7.119031548500e-01, 7.382138574030e-05, 6.0216e+00, 2.5647e-01, 
 2DIAGNOSTIC,    13, -7.119022011757e-01, 5.427380528999e-05, 6.3673e+00, 3.4564e-01, 
 2DIAGNOSTIC,    14, -7.119022011757e-01, 3.618179471232e-05, 6.6244e+00, 2.5716e-01, 
 2DIAGNOSTIC,    15, -7.119023203850e-01, 2.302366192453e-05, 6.9349e+00, 3.1044e-01, 
 2DIAGNOSTIC,    16, -7.119024991989e-01, 1.463659191359e-05, 7.2215e+00, 2.8670e-01, 
 2DIAGNOSTIC,    17, -7.119024395943e-01, 7.856974661991e-06, 7.4781e+00, 2.5651e-01, 
 2DIAGNOSTIC,    18, -7.119022011757e-01, 2.493725560271e-06, 7.7920e+00, 3.1394e-01, 
 2DIAGNOSTIC,    19, -7.119022011757e-01, 1.739533331602e-06, 8.0448e+00, 2.5280e-01, 
 2DIAGNOSTIC,    20, -7.119021415710e-01, 1.572505652803e-06, 8.2968e+00, 2.5203e-01, 
 2DIAGNOSTIC,    21, -7.119020819664e-01, 1.492657020208e-06, 8.5804e+00, 2.8360e-01, 
 2DIAGNOSTIC,    22, -7.119020223618e-01, 1.435739591216e-06, 8.8328e+00, 2.5239e-01, 
 2DIAGNOSTIC,    23, -7.119019627571e-01, 1.367325808133e-06, 9.1171e+00, 2.8429e-01, 
 2DIAGNOSTIC,    24, -7.119019031525e-01, 1.305119894823e-06, 9.3728e+00, 2.5567e-01, 
 2DIAGNOSTIC,    25, -7.119018435478e-01, 1.250652758245e-06, 9.6340e+00, 2.6118e-01, 
 2DIAGNOSTIC,    26, -7.119018435478e-01, 1.205208377542e-06, 9.8958e+00, 2.6179e-01, 
 2DIAGNOSTIC,    27, -7.119017839432e-01, 1.163203364740e-06, 1.0147e+01, 2.5166e-01, 
 2DIAGNOSTIC,    28, -7.119017839432e-01, 1.122246203522e-06, 1.0400e+01, 2.5261e-01, 
 2DIAGNOSTIC,    29, -7.119019031525e-01, 1.087100258701e-06, 1.0656e+01, 2.5568e-01, 
 2DIAGNOSTIC,    30, -7.119018435478e-01, 1.053622099789e-06, 1.0912e+01, 2.5587e-01, 
 2DIAGNOSTIC,    31, -7.119018435478e-01, 1.022242940962e-06, 1.1167e+01, 2.5510e-01, 
DIAGNOSTIC,Iteration,metricValue,convergenceValue,ITERATION_TIME_INDEX,SINCE_LAST
 2DIAGNOSTIC,     1, -6.371850967407e-01, inf, 1.3673e+01, 2.5068e+00, 
  Elapsed time (stage 0): 1.5011e+01


Stage 1
  iterations = 1000x500x250x0
  convergence threshold = 1.0000e-06
  convergence window size = 10
  number of levels = 4
  using the Mattes MI metric (number of bins = 32, weight = 1.0000e+00)
  preprocessing:  winsorizing the image intensities
  preprocessing:  histogram matching the images
  Shrink factors (level 1 out of 4): [6, 6, 6]
  Shrink factors (level 2 out of 4): [4, 4, 4]
  Shrink factors (level 3 out of 4): [2, 2, 2]
  Shrink factors (level 4 out of 4): [1, 1, 1]
  smoothing sigmas per level: [4, 2, 1, 0]
  regular sampling (percentage = 2.5000e-01)

*** Running AffineTransform registration ***

DIAGNOSTIC,Iteration,metricValue,convergenceValue,ITERATION_TIME_INDEX,SINCE_LAST
 2DIAGNOSTIC,     1, -1.028655409813e+00, inf, 5.9096e-01, 5.9096e-01, 
 2DIAGNOSTIC,     2, -1.030586004257e+00, inf, 6.0140e-01, 1.0446e-02, 
 2DIAGNOSTIC,     3, -1.033244967461e+00, inf, 6.1203e-01, 1.0626e-02, 
 2DIAGNOSTIC,     4, -1.036990165710e+00, inf, 6.2239e-01, 1.0365e-02, 
 2DIAGNOSTIC,     5, -1.041675925255e+00, inf, 6.3269e-01, 1.0300e-02, 
 2DIAGNOSTIC,     6, -1.047939419746e+00, inf, 6.4258e-01, 9.8872e-03, 
 2DIAGNOSTIC,     7, -1.051673054695e+00, inf, 6.5395e-01, 1.1371e-02, 
 2DIAGNOSTIC,     8, -1.053296685219e+00, inf, 6.6532e-01, 1.1366e-02, 
 2DIAGNOSTIC,     9, -1.053280591965e+00, inf, 6.7529e-01, 9.9702e-03, 
 2DIAGNOSTIC,    10, -1.053309202194e+00, 1.813739538193e-03, 6.8469e-01, 9.3980e-03, 
 2DIAGNOSTIC,    11, -1.053439736366e+00, 1.434869831428e-03, 6.9454e-01, 9.8579e-03, 
 2DIAGNOSTIC,    12, -1.053551673889e+00, 1.036506844684e-03, 7.0482e-01, 1.0271e-02, 
 2DIAGNOSTIC,    13, -1.053555965424e+00, 6.624925881624e-04, 7.1491e-01, 1.0091e-02, 
 2DIAGNOSTIC,    14, -1.053574323654e+00, 3.554041322786e-04, 7.2535e-01, 1.0448e-02, 
 2DIAGNOSTIC,    15, -1.053560376167e+00, 1.399444299750e-04, 7.3545e-01, 1.0097e-02, 
 2DIAGNOSTIC,    16, -1.053560733795e+00, 4.370207170723e-05, 7.4576e-01, 1.0310e-02, 
 2DIAGNOSTIC,    17, -1.053477764130e+00, 1.250824971066e-05, 7.5585e-01, 1.0083e-02, 
 2DIAGNOSTIC,    18, -1.053435683250e+00, 7.720945177425e-06, 7.6560e-01, 9.7542e-03, 
 2DIAGNOSTIC,    19, -1.053386092186e+00, 1.987946916415e-06, 7.7435e-01, 8.7531e-03, 
DIAGNOSTIC,Iteration,metricValue,convergenceValue,ITERATION_TIME_INDEX,SINCE_LAST
 2DIAGNOSTIC,     1, -8.278234004974e-01, inf, 1.2944e+00, 5.2002e-01, 
 2DIAGNOSTIC,     2, -8.284906744957e-01, inf, 1.3301e+00, 3.5742e-02, 
 2DIAGNOSTIC,     3, -8.291708230972e-01, inf, 1.3651e+00, 3.4938e-02, 
 2DIAGNOSTIC,     4, -8.297001123428e-01, inf, 1.3987e+00, 3.3664e-02, 
 2DIAGNOSTIC,     5, -8.300419449806e-01, inf, 1.4376e+00, 3.8932e-02, 
 2DIAGNOSTIC,     6, -8.303341269493e-01, inf, 1.4773e+00, 3.9664e-02, 
 2DIAGNOSTIC,     7, -8.303365707397e-01, inf, 1.5265e+00, 4.9152e-02, 
 2DIAGNOSTIC,     8, -8.303416371346e-01, inf, 1.5652e+00, 3.8730e-02, 
 2DIAGNOSTIC,     9, -8.303186893463e-01, inf, 1.6014e+00, 3.6236e-02, 
 2DIAGNOSTIC,    10, -8.303328752518e-01, 1.838388998294e-04, 1.6382e+00, 3.6728e-02, 
 2DIAGNOSTIC,    11, -8.303497433662e-01, 1.102854876081e-04, 1.6808e+00, 4.2607e-02, 
 2DIAGNOSTIC,    12, -8.303378820419e-01, 5.780934952782e-05, 1.7163e+00, 3.5537e-02, 
 2DIAGNOSTIC,    13, -8.303417563438e-01, 2.630653216329e-05, 1.7559e+00, 3.9554e-02, 
 2DIAGNOSTIC,    14, -8.303357958794e-01, 9.797172424442e-06, 1.7951e+00, 3.9195e-02, 
 2DIAGNOSTIC,    15, -8.303365707397e-01, 2.432170731481e-06, 1.8308e+00, 3.5714e-02, 
 2DIAGNOSTIC,    16, -8.303292393684e-01, 2.041341303993e-06, 1.8629e+00, 3.2165e-02, 
 2DIAGNOSTIC,    17, -8.303216099739e-01, 1.588324039403e-06, 1.8947e+00, 3.1770e-02, 
 2DIAGNOSTIC,    18, -8.303229212761e-01, 1.356951088383e-06, 1.9310e+00, 3.6268e-02, 
DIAGNOSTIC,Iteration,metricValue,convergenceValue,ITERATION_TIME_INDEX,SINCE_LAST
 2DIAGNOSTIC,     1, -7.232548594475e-01, inf, 2.8943e+00, 9.6337e-01, 
 2DIAGNOSTIC,     2, -7.236838340759e-01, inf, 3.1470e+00, 2.5269e-01, 
 2DIAGNOSTIC,     3, -7.239393591881e-01, inf, 3.3992e+00, 2.5216e-01, 
 2DIAGNOSTIC,     4, -7.240989208221e-01, inf, 3.6507e+00, 2.5150e-01, 
 2DIAGNOSTIC,     5, -7.241996526718e-01, inf, 4.0913e+00, 4.4062e-01, 
 2DIAGNOSTIC,     6, -7.242000699043e-01, inf, 4.5360e+00, 4.4474e-01, 
 2DIAGNOSTIC,     7, -7.241998910904e-01, inf, 4.8576e+00, 3.2154e-01, 
 2DIAGNOSTIC,     8, -7.242003083229e-01, inf, 5.1455e+00, 2.8792e-01, 
 2DIAGNOSTIC,     9, -7.241995930672e-01, inf, 5.4004e+00, 2.5489e-01, 
 2DIAGNOSTIC,    10, -7.241986393929e-01, 6.696084892610e-05, 5.6869e+00, 2.8648e-01, 
 2DIAGNOSTIC,    11, -7.241986989975e-01, 3.188052869518e-05, 5.9751e+00, 2.8826e-01, 
 2DIAGNOSTIC,    12, -7.241989374161e-01, 1.396507104801e-05, 6.2577e+00, 2.8256e-01, 
 2DIAGNOSTIC,    13, -7.241991162300e-01, 5.403559953265e-06, 6.5402e+00, 2.8246e-01, 
 2DIAGNOSTIC,    14, -7.241985797882e-01, 2.174853534598e-06, 6.8233e+00, 2.8313e-01, 
 2DIAGNOSTIC,    15, -7.241988778114e-01, 2.030191808444e-06, 7.1070e+00, 2.8368e-01, 
 2DIAGNOSTIC,    16, -7.241989374161e-01, 1.923350055222e-06, 7.3940e+00, 2.8699e-01, 
 2DIAGNOSTIC,    17, -7.241992354393e-01, 1.836716705839e-06, 7.6809e+00, 2.8692e-01, 
 2DIAGNOSTIC,    18, -7.241995930672e-01, 1.779927515599e-06, 7.9714e+00, 2.9053e-01, 
 2DIAGNOSTIC,    19, -7.241991162300e-01, 1.704029273242e-06, 8.2663e+00, 2.9484e-01, 
 2DIAGNOSTIC,    20, -7.241988778114e-01, 1.610040840205e-06, 8.5822e+00, 3.1592e-01, 
 2DIAGNOSTIC,    21, -7.241990566254e-01, 1.527475774310e-06, 8.8675e+00, 2.8534e-01, 
 2DIAGNOSTIC,    22, -7.241990566254e-01, 1.454981543247e-06, 9.1530e+00, 2.8544e-01, 
 2DIAGNOSTIC,    23, -7.241987586021e-01, 1.386143594573e-06, 9.4352e+00, 2.8219e-01, 
 2DIAGNOSTIC,    24, -7.241984605789e-01, 1.309382241743e-06, 9.7177e+00, 2.8255e-01, 
 2DIAGNOSTIC,    25, -7.241985797882e-01, 1.247110276381e-06, 1.0033e+01, 3.1564e-01, 
 2DIAGNOSTIC,    26, -7.241987586021e-01, 1.195225877382e-06, 1.0318e+01, 2.8438e-01, 
 2DIAGNOSTIC,    27, -7.241988182068e-01, 1.154647293333e-06, 1.0600e+01, 2.8230e-01, 
 2DIAGNOSTIC,    28, -7.241988778114e-01, 1.125354515352e-06, 1.0886e+01, 2.8618e-01, 
 2DIAGNOSTIC,    29, -7.241987586021e-01, 1.091261765396e-06, 1.1203e+01, 3.1652e-01, 
 2DIAGNOSTIC,    30, -7.241988778114e-01, 1.058339421434e-06, 1.1489e+01, 2.8623e-01, 
 2DIAGNOSTIC,    31, -7.241989374161e-01, 1.030553789860e-06, 1.1810e+01, 3.2152e-01, 
 2DIAGNOSTIC,    32, -7.241988778114e-01, 1.003396505439e-06, 1.2096e+01, 2.8566e-01, 
DIAGNOSTIC,Iteration,metricValue,convergenceValue,ITERATION_TIME_INDEX,SINCE_LAST
 2DIAGNOSTIC,     1, -6.492025852203e-01, inf, 1.5031e+01, 2.9345e+00, 
  Elapsed time (stage 1): 1.6272e+01


Stage 2
  iterations = 100x100x70x20
  convergence threshold = 1.0000e-09
  convergence window size = 10
  number of levels = 4
  using the CC metric (radius = 4, weight = 1.0000e+00)
  preprocessing:  winsorizing the image intensities
  preprocessing:  histogram matching the images
  Shrink factors (level 1 out of 4): [6, 6, 6]
  Shrink factors (level 2 out of 4): [4, 4, 4]
  Shrink factors (level 3 out of 4): [2, 2, 2]
  Shrink factors (level 4 out of 4): [1, 1, 1]
  smoothing sigmas per level: [3, 2, 1, 0]
  Using default NONE metricSamplingStrategy 

*** Running SyN registration (varianceForUpdateField = 3.0000e+00, varianceForTotalField = 0.0000e+00) ***

XXDIAGNOSTIC,Iteration,metricValue,convergenceValue,ITERATION_TIME_INDEX,SINCE_LAST
 1DIAGNOSTIC,     1, -8.885967731476e-01, inf, 1.3535e+00, 1.3535e+00, 
 1DIAGNOSTIC,     2, -8.959647417068e-01, inf, 2.1872e+00, 8.3368e-01, 
 1DIAGNOSTIC,     3, -9.032849669456e-01, inf, 2.9785e+00, 7.9138e-01, 
 1DIAGNOSTIC,     4, -9.083117246628e-01, inf, 3.7681e+00, 7.8954e-01, 
 1DIAGNOSTIC,     5, -9.126492142677e-01, inf, 4.5943e+00, 8.2624e-01, 
 1DIAGNOSTIC,     6, -9.162688255310e-01, inf, 5.4276e+00, 8.3327e-01, 
 1DIAGNOSTIC,     7, -9.193498492241e-01, inf, 6.2525e+00, 8.2491e-01, 
 1DIAGNOSTIC,     8, -9.217546582222e-01, inf, 7.0849e+00, 8.3237e-01, 
 1DIAGNOSTIC,     9, -9.238127470016e-01, inf, 7.8957e+00, 8.1081e-01, 
 1DIAGNOSTIC,    10, -9.255938529968e-01, 2.498835558072e-03, 8.7061e+00, 8.1039e-01, 
 1DIAGNOSTIC,    11, -9.271270036697e-01, 1.879052957520e-03, 9.5383e+00, 8.3223e-01, 
 1DIAGNOSTIC,    12, -9.284911155701e-01, 1.418404979631e-03, 1.0360e+01, 8.2126e-01, 
 1DIAGNOSTIC,    13, -9.297093749046e-01, 1.103774411604e-03, 1.1166e+01, 8.0644e-01, 
 1DIAGNOSTIC,    14, -9.307737946510e-01, 8.680273313075e-04, 1.2003e+01, 8.3718e-01, 
 1DIAGNOSTIC,    15, -9.317008256912e-01, 6.925525958650e-04, 1.2820e+01, 8.1637e-01, 
 1DIAGNOSTIC,    16, -9.325435161591e-01, 5.612402455881e-04, 1.3656e+01, 8.3694e-01, 
 1DIAGNOSTIC,    17, -9.333035945892e-01, 4.631898482330e-04, 1.4496e+01, 8.3926e-01, 
 1DIAGNOSTIC,    18, -9.339997768402e-01, 3.861425793730e-04, 1.5301e+01, 8.0554e-01, 
 1DIAGNOSTIC,    19, -9.346572160721e-01, 3.252860915381e-04, 1.6131e+01, 8.2962e-01, 
 1DIAGNOSTIC,    20, -9.352383017540e-01, 2.765285025816e-04, 1.6957e+01, 8.2590e-01, 
 1DIAGNOSTIC,    21, -9.357756972313e-01, 2.368966961512e-04, 1.7789e+01, 8.3180e-01, 
 1DIAGNOSTIC,    22, -9.362726807594e-01, 2.046765584964e-04, 1.8614e+01, 8.2541e-01, 
 1DIAGNOSTIC,    23, -9.367335438728e-01, 1.784780470189e-04, 1.9436e+01, 8.2191e-01, 
 1DIAGNOSTIC,    24, -9.371890425682e-01, 1.571417960804e-04, 2.0256e+01, 8.2036e-01, 
 1DIAGNOSTIC,    25, -9.375670552254e-01, 1.387438387610e-04, 2.1092e+01, 8.3615e-01, 
 1DIAGNOSTIC,    26, -9.379495382309e-01, 1.231719070347e-04, 2.1930e+01, 8.3775e-01, 
 1DIAGNOSTIC,    27, -9.382923245430e-01, 1.096741107176e-04, 2.2752e+01, 8.2156e-01, 
 1DIAGNOSTIC,    28, -9.385979771614e-01, 9.775732178241e-05, 2.3565e+01, 8.1286e-01, 
 1DIAGNOSTIC,    29, -9.389231204987e-01, 8.782584336586e-05, 2.4387e+01, 8.2284e-01, 
 1DIAGNOSTIC,    30, -9.391976594925e-01, 7.899575575721e-05, 2.5206e+01, 8.1898e-01, 
 1DIAGNOSTIC,    31, -9.394699335098e-01, 7.128049765015e-05, 2.5983e+01, 7.7700e-01, 
 1DIAGNOSTIC,    32, -9.397375583649e-01, 6.463200406870e-05, 2.6800e+01, 8.1625e-01, 
 1DIAGNOSTIC,    33, -9.399815797806e-01, 5.880786920898e-05, 2.7613e+01, 8.1373e-01, 
 1DIAGNOSTIC,    34, -9.401806592941e-01, 5.366621553549e-05, 2.8437e+01, 8.2325e-01, 
 1DIAGNOSTIC,    35, -9.403963088989e-01, 4.894177618553e-05, 2.9266e+01, 8.2928e-01, 
 1DIAGNOSTIC,    36, -9.406098127365e-01, 4.491953586694e-05, 3.0091e+01, 8.2492e-01, 
 1DIAGNOSTIC,    37, -9.407958388329e-01, 4.124010229134e-05, 3.0922e+01, 8.3151e-01, 
 1DIAGNOSTIC,    38, -9.409463405609e-01, 3.752836346393e-05, 3.1739e+01, 8.1642e-01, 
 1DIAGNOSTIC,    39, -9.411504268646e-01, 3.463019311312e-05, 3.2549e+01, 8.0989e-01, 
 1DIAGNOSTIC,    40, -9.413225054741e-01, 3.201448635082e-05, 3.3368e+01, 8.1977e-01, 
 1DIAGNOSTIC,    41, -9.414415955544e-01, 2.941615275631e-05, 3.4176e+01, 8.0736e-01, 
 1DIAGNOSTIC,    42, -9.415924549103e-01, 2.722562749113e-05, 3.4981e+01, 8.0550e-01, 
 1DIAGNOSTIC,    43, -9.417481422424e-01, 2.542164475017e-05, 3.5788e+01, 8.0653e-01, 
 1DIAGNOSTIC,    44, -9.418613910675e-01, 2.346745168325e-05, 3.6612e+01, 8.2389e-01, 
 1DIAGNOSTIC,    45, -9.420020580292e-01, 2.181239506172e-05, 3.7423e+01, 8.1122e-01, 
 1DIAGNOSTIC,    46, -9.420974850655e-01, 2.023656088568e-05, 3.8241e+01, 8.1796e-01, 
 1DIAGNOSTIC,    47, -9.422180056572e-01, 1.883547338366e-05, 3.9055e+01, 8.1417e-01, 
 1DIAGNOSTIC,    48, -9.423494338989e-01, 1.751110721671e-05, 3.9843e+01, 7.8755e-01, 
 1DIAGNOSTIC,    49, -9.424373507500e-01, 1.641429844312e-05, 4.0676e+01, 8.3295e-01, 
 1DIAGNOSTIC,    50, -9.425305128098e-01, 1.546080784465e-05, 4.1484e+01, 8.0846e-01, 
 1DIAGNOSTIC,    51, -9.426046609879e-01, 1.426281505701e-05, 4.2316e+01, 8.3179e-01, 
 1DIAGNOSTIC,    52, -9.427252411842e-01, 1.337464345852e-05, 4.3113e+01, 7.9763e-01, 
 1DIAGNOSTIC,    53, -9.427845478058e-01, 1.250846071343e-05, 4.3939e+01, 8.2518e-01, 
 1DIAGNOSTIC,    54, -9.428867101669e-01, 1.173392411147e-05, 4.4755e+01, 8.1613e-01, 
 1DIAGNOSTIC,    55, -9.429659247398e-01, 1.112662539526e-05, 4.5549e+01, 7.9374e-01, 
 1DIAGNOSTIC,    56, -9.430146217346e-01, 1.029799659591e-05, 4.6367e+01, 8.1828e-01, 
 1DIAGNOSTIC,    57, -9.431216120720e-01, 9.765641152626e-06, 4.7184e+01, 8.1695e-01, 
 1DIAGNOSTIC,    58, -9.431884288788e-01, 9.390489140060e-06, 4.7981e+01, 7.9682e-01, 
 1DIAGNOSTIC,    59, -9.432097673416e-01, 8.732209607842e-06, 4.8786e+01, 8.0563e-01, 
 1DIAGNOSTIC,    60, -9.433116316795e-01, 8.298944521812e-06, 4.9613e+01, 8.2682e-01, 
 1DIAGNOSTIC,    61, -9.433702230453e-01, 7.774150617479e-06, 5.0423e+01, 8.0968e-01, 
 1DIAGNOSTIC,    62, -9.434113502502e-01, 7.354648005276e-06, 5.1239e+01, 8.1612e-01, 
 1DIAGNOSTIC,    63, -9.434683918953e-01, 6.844279141660e-06, 5.2064e+01, 8.2560e-01, 
 1DIAGNOSTIC,    64, -9.435327053070e-01, 6.525526259793e-06, 5.2866e+01, 8.0175e-01, 
 1DIAGNOSTIC,    65, -9.435672760010e-01, 6.161526016513e-06, 5.3698e+01, 8.3195e-01, 
 1DIAGNOSTIC,    66, -9.436302185059e-01, 5.764209163317e-06, 5.4504e+01, 8.0577e-01, 
 1DIAGNOSTIC,    67, -9.436759352684e-01, 5.556269570661e-06, 5.5321e+01, 8.1680e-01, 
 1DIAGNOSTIC,    68, -9.437022805214e-01, 5.282469373924e-06, 5.6134e+01, 8.1303e-01, 
 1DIAGNOSTIC,    69, -9.437581300735e-01, 4.883343990514e-06, 5.6946e+01, 8.1213e-01, 
 1DIAGNOSTIC,    70, -9.437981247902e-01, 4.677262950281e-06, 5.7733e+01, 7.8762e-01, 
 1DIAGNOSTIC,    71, -9.438220262527e-01, 4.419446668180e-06, 5.8521e+01, 7.8793e-01, 
 1DIAGNOSTIC,    72, -9.438748359680e-01, 4.179432835372e-06, 5.9327e+01, 8.0570e-01, 
 1DIAGNOSTIC,    73, -9.439121484756e-01, 3.970817942900e-06, 6.0152e+01, 8.2493e-01, 
 1DIAGNOSTIC,    74, -9.439315795898e-01, 3.767780071939e-06, 6.0927e+01, 7.7492e-01, 
 1DIAGNOSTIC,    75, -9.439803957939e-01, 3.581699502320e-06, 6.1752e+01, 8.2502e-01, 
 1DIAGNOSTIC,    76, -9.440124034882e-01, 3.469784132903e-06, 6.2569e+01, 8.1710e-01, 
 1DIAGNOSTIC,    77, -9.440248012543e-01, 3.293418558314e-06, 6.3384e+01, 8.1482e-01, 
 1DIAGNOSTIC,    78, -9.440673589706e-01, 3.108767032245e-06, 6.4184e+01, 8.0041e-01, 
 1DIAGNOSTIC,    79, -9.440742731094e-01, 2.904794200731e-06, 6.4975e+01, 7.9080e-01, 
 1DIAGNOSTIC,    80, -9.441170096397e-01, 2.778580892482e-06, 6.5819e+01, 8.4360e-01, 
 1DIAGNOSTIC,    81, -9.441434144974e-01, 2.606868747534e-06, 6.6648e+01, 8.2982e-01, 
 1DIAGNOSTIC,    82, -9.441536664963e-01, 2.456605670886e-06, 6.7481e+01, 8.3215e-01, 
 1DIAGNOSTIC,    83, -9.441828727722e-01, 2.355237484153e-06, 6.8280e+01, 7.9891e-01, 
 1DIAGNOSTIC,    84, -9.442049264908e-01, 2.210257889601e-06, 6.9106e+01, 8.2685e-01, 
 1DIAGNOSTIC,    85, -9.442119598389e-01, 2.087532720907e-06, 6.9939e+01, 8.3273e-01, 
 1DIAGNOSTIC,    86, -9.442456960678e-01, 2.034720182564e-06, 7.0759e+01, 8.2034e-01, 
 1DIAGNOSTIC,    87, -9.442516565323e-01, 1.881734533526e-06, 7.1595e+01, 8.3602e-01, 
 1DIAGNOSTIC,    88, -9.442875385284e-01, 1.857815391304e-06, 7.2428e+01, 8.3268e-01, 
 1DIAGNOSTIC,    89, -9.443069696426e-01, 1.774089355422e-06, 7.3236e+01, 8.0788e-01, 
 1DIAGNOSTIC,    90, -9.443080425262e-01, 1.701295332168e-06, 7.4034e+01, 7.9816e-01, 
 1DIAGNOSTIC,    91, -9.443414211273e-01, 1.701059773040e-06, 7.4841e+01, 8.0664e-01, 
 1DIAGNOSTIC,    92, -9.443438053131e-01, 1.607188778507e-06, 7.5658e+01, 8.1761e-01, 
 1DIAGNOSTIC,    93, -9.443764090538e-01, 1.593821252754e-06, 7.6468e+01, 8.0953e-01, 
 1DIAGNOSTIC,    94, -9.443931579590e-01, 1.583240418768e-06, 7.7306e+01, 8.3827e-01, 
 1DIAGNOSTIC,    95, -9.443936944008e-01, 1.474948817304e-06, 7.8127e+01, 8.2038e-01, 
 1DIAGNOSTIC,    96, -9.444243907928e-01, 1.464432102694e-06, 7.8933e+01, 8.0629e-01, 
 1DIAGNOSTIC,    97, -9.444254040718e-01, 1.361254135190e-06, 7.9737e+01, 8.0455e-01, 
 1DIAGNOSTIC,    98, -9.444552659988e-01, 1.362765488011e-06, 8.0574e+01, 8.3651e-01, 
 1DIAGNOSTIC,    99, -9.444676041603e-01, 1.360115675197e-06, 8.1396e+01, 8.2228e-01, 
 1DIAGNOSTIC,   100, -9.444658756256e-01, 1.253452978744e-06, 8.2195e+01, 7.9865e-01, 
XXDIAGNOSTIC,Iteration,metricValue,convergenceValue,ITERATION_TIME_INDEX,SINCE_LAST
 1DIAGNOSTIC,     1, -8.707612752914e-01, inf, 8.5379e+01, 3.1839e+00, 
 1DIAGNOSTIC,     2, -8.725750446320e-01, inf, 8.7975e+01, 2.5965e+00, 
 1DIAGNOSTIC,     3, -8.745687007904e-01, inf, 9.0572e+01, 2.5963e+00, 
 1DIAGNOSTIC,     4, -8.763787746429e-01, inf, 9.3194e+01, 2.6226e+00, 
 1DIAGNOSTIC,     5, -8.780066370964e-01, inf, 9.5785e+01, 2.5913e+00, 
 1DIAGNOSTIC,     6, -8.794814944267e-01, inf, 9.8392e+01, 2.6068e+00, 
 1DIAGNOSTIC,     7, -8.808299899101e-01, inf, 1.0099e+02, 2.5930e+00, 
 1DIAGNOSTIC,     8, -8.819678425789e-01, inf, 1.0360e+02, 2.6104e+00, 
 1DIAGNOSTIC,     9, -8.831262588501e-01, inf, 1.0621e+02, 2.6143e+00, 
 1DIAGNOSTIC,    10, -8.842260837555e-01, 9.805178269744e-04, 1.0881e+02, 2.5987e+00, 
 1DIAGNOSTIC,    11, -8.850501775742e-01, 8.179081487469e-04, 1.1146e+02, 2.6516e+00, 
 1DIAGNOSTIC,    12, -8.858350515366e-01, 6.786005687900e-04, 1.1406e+02, 2.6002e+00, 
 1DIAGNOSTIC,    13, -8.865258097649e-01, 5.657552974299e-04, 1.1670e+02, 2.6349e+00, 
 1DIAGNOSTIC,    14, -8.871763348579e-01, 4.739862051792e-04, 1.1932e+02, 2.6287e+00, 
 1DIAGNOSTIC,    15, -8.877752423286e-01, 3.987086820416e-04, 1.2194e+02, 2.6119e+00, 
 1DIAGNOSTIC,    16, -8.883172273636e-01, 3.366884193383e-04, 1.2453e+02, 2.5958e+00, 
 1DIAGNOSTIC,    17, -8.888120651245e-01, 2.858296502382e-04, 1.2715e+02, 2.6135e+00, 
 1DIAGNOSTIC,    18, -8.892797827721e-01, 2.427883591736e-04, 1.2975e+02, 2.6000e+00, 
 1DIAGNOSTIC,    19, -8.896963000298e-01, 2.082801511278e-04, 1.3234e+02, 2.5967e+00, 
 1DIAGNOSTIC,    20, -8.900822997093e-01, 1.817139418563e-04, 1.3510e+02, 2.7622e+00, 
 1DIAGNOSTIC,    21, -8.904567956924e-01, 1.590514584677e-04, 1.3770e+02, 2.5973e+00, 
 1DIAGNOSTIC,    22, -8.907833695412e-01, 1.398088061251e-04, 1.4033e+02, 2.6292e+00, 
 1DIAGNOSTIC,    23, -8.910929560661e-01, 1.231190399267e-04, 1.4293e+02, 2.6040e+00, 
 1DIAGNOSTIC,    24, -8.913772106171e-01, 1.087844357244e-04, 1.4555e+02, 2.6109e+00, 
 1DIAGNOSTIC,    25, -8.916653990746e-01, 9.678250353318e-05, 1.4814e+02, 2.5973e+00, 
 1DIAGNOSTIC,    26, -8.918932676315e-01, 8.611041994300e-05, 1.5075e+02, 2.6039e+00, 
 1DIAGNOSTIC,    27, -8.921532630920e-01, 7.711558282608e-05, 1.5334e+02, 2.5980e+00, 
 1DIAGNOSTIC,    28, -8.923449516296e-01, 6.906736962264e-05, 1.5601e+02, 2.6665e+00, 
 1DIAGNOSTIC,    29, -8.925614953041e-01, 6.209333514562e-05, 1.5862e+02, 2.6072e+00, 
 1DIAGNOSTIC,    30, -8.927273750305e-01, 5.563616286963e-05, 1.6123e+02, 2.6148e+00, 
 1DIAGNOSTIC,    31, -8.928995728493e-01, 5.002914258512e-05, 1.6384e+02, 2.6042e+00, 
 1DIAGNOSTIC,    32, -8.930225372314e-01, 4.457656541490e-05, 1.6644e+02, 2.6005e+00, 
 1DIAGNOSTIC,    33, -8.932121396065e-01, 4.012773570139e-05, 1.6908e+02, 2.6459e+00, 
 1DIAGNOSTIC,    34, -8.933142423630e-01, 3.579787517083e-05, 1.7169e+02, 2.6080e+00, 
 1DIAGNOSTIC,    35, -8.934692144394e-01, 3.243397077313e-05, 1.7429e+02, 2.6023e+00, 
 1DIAGNOSTIC,    36, -8.935574889183e-01, 2.902394953708e-05, 1.7692e+02, 2.6302e+00, 
 1DIAGNOSTIC,    37, -8.937003612518e-01, 2.658732410055e-05, 1.7953e+02, 2.6055e+00, 
 1DIAGNOSTIC,    38, -8.937659859657e-01, 2.394889452262e-05, 1.8214e+02, 2.6096e+00, 
 1DIAGNOSTIC,    39, -8.938727378845e-01, 2.187924110331e-05, 1.8475e+02, 2.6088e+00, 
 1DIAGNOSTIC,    40, -8.939456939697e-01, 1.978818363568e-05, 1.8734e+02, 2.5953e+00, 
 1DIAGNOSTIC,    41, -8.940626382828e-01, 1.823032835091e-05, 1.8998e+02, 2.6412e+00, 
 1DIAGNOSTIC,    42, -8.941154479980e-01, 1.637944114918e-05, 1.9259e+02, 2.6076e+00, 
 1DIAGNOSTIC,    43, -8.942012786865e-01, 1.516855081718e-05, 1.9520e+02, 2.6122e+00, 
 1DIAGNOSTIC,    44, -8.942855596542e-01, 1.396569859935e-05, 1.9783e+02, 2.6222e+00, 
 1DIAGNOSTIC,    45, -8.943331241608e-01, 1.297384551435e-05, 2.0045e+02, 2.6221e+00, 
 1DIAGNOSTIC,    46, -8.944168686867e-01, 1.202757812280e-05, 2.0306e+02, 2.6089e+00, 
 1DIAGNOSTIC,    47, -8.944771885872e-01, 1.140935910371e-05, 2.0566e+02, 2.6031e+00, 
 1DIAGNOSTIC,    48, -8.945326209068e-01, 1.058151065081e-05, 2.0831e+02, 2.6486e+00, 
 1DIAGNOSTIC,    49, -8.945936560631e-01, 9.924373443937e-06, 2.1091e+02, 2.6009e+00, 
 1DIAGNOSTIC,    50, -8.946683406830e-01, 9.330718057754e-06, 2.1351e+02, 2.5966e+00, 
 1DIAGNOSTIC,    51, -8.946941494942e-01, 8.812895430310e-06, 2.1612e+02, 2.6113e+00, 
 1DIAGNOSTIC,    52, -8.947598934174e-01, 8.252031875600e-06, 2.1872e+02, 2.5975e+00, 
 1DIAGNOSTIC,    53, -8.947740197182e-01, 7.568908131361e-06, 2.2133e+02, 2.6090e+00, 
 1DIAGNOSTIC,    54, -8.948252201080e-01, 7.043735422485e-06, 2.2394e+02, 2.6136e+00, 
 1DIAGNOSTIC,    55, -8.948801159859e-01, 6.498428774648e-06, 2.2655e+02, 2.6080e+00, 
 1DIAGNOSTIC,    56, -8.948993682861e-01, 5.981871254335e-06, 2.2927e+02, 2.7260e+00, 
 1DIAGNOSTIC,    57, -8.949220180511e-01, 5.428844360722e-06, 2.3189e+02, 2.6189e+00, 
 1DIAGNOSTIC,    58, -8.949877023697e-01, 5.090558261145e-06, 2.3448e+02, 2.5933e+00, 
 1DIAGNOSTIC,    59, -8.949983119965e-01, 4.697985332314e-06, 2.3710e+02, 2.6120e+00, 
 1DIAGNOSTIC,    60, -8.950525522232e-01, 4.604707100953e-06, 2.3972e+02, 2.6262e+00, 
 1DIAGNOSTIC,    61, -8.950642943382e-01, 4.309665655455e-06, 2.4232e+02, 2.5992e+00, 
 1DIAGNOSTIC,    62, -8.951182365417e-01, 4.280822395231e-06, 2.4499e+02, 2.6695e+00, 
 1DIAGNOSTIC,    63, -8.951153755188e-01, 3.936225311918e-06, 2.4759e+02, 2.6011e+00, 
 1DIAGNOSTIC,    64, -8.951501250267e-01, 3.697620059029e-06, 2.5020e+02, 2.6040e+00, 
 1DIAGNOSTIC,    65, -8.951990604401e-01, 3.666509655886e-06, 2.5282e+02, 2.6200e+00, 
 1DIAGNOSTIC,    66, -8.952023983002e-01, 3.433421397858e-06, 2.5543e+02, 2.6178e+00, 
 1DIAGNOSTIC,    67, -8.952117562294e-01, 3.072061190323e-06, 2.5807e+02, 2.6355e+00, 
 1DIAGNOSTIC,    68, -8.952494263649e-01, 2.960184474432e-06, 2.6066e+02, 2.5926e+00, 
 1DIAGNOSTIC,    69, -8.952615261078e-01, 2.706372470129e-06, 2.6328e+02, 2.6136e+00, 
 1DIAGNOSTIC,    70, -8.952786922455e-01, 2.567038336565e-06, 2.6597e+02, 2.6980e+00, 
 1DIAGNOSTIC,    71, -8.953026533127e-01, 2.383976379861e-06, 2.6859e+02, 2.6140e+00, 
 1DIAGNOSTIC,    72, -8.953213095665e-01, 2.344293079659e-06, 2.7120e+02, 2.6137e+00, 
 1DIAGNOSTIC,    73, -8.953365087509e-01, 2.171774667659e-06, 2.7380e+02, 2.6013e+00, 
 1DIAGNOSTIC,    74, -8.953471779823e-01, 2.026197762461e-06, 2.7639e+02, 2.5870e+00, 
 1DIAGNOSTIC,    75, -8.953971862793e-01, 2.153068408006e-06, 2.7898e+02, 2.5895e+00, 
 1DIAGNOSTIC,    76, -8.953838348389e-01, 2.062806288450e-06, 2.8158e+02, 2.5996e+00, 
 1DIAGNOSTIC,    77, -8.953979611397e-01, 1.913785581564e-06, 2.8419e+02, 2.6088e+00, 
 1DIAGNOSTIC,    78, -8.954162597656e-01, 1.853250523709e-06, 2.8680e+02, 2.6136e+00, 
 1DIAGNOSTIC,    79, -8.954346179962e-01, 1.774167458279e-06, 2.8944e+02, 2.6384e+00, 
 1DIAGNOSTIC,    80, -8.954479098320e-01, 1.681696630840e-06, 2.9205e+02, 2.6045e+00, 
 1DIAGNOSTIC,    81, -8.954550623894e-01, 1.589899852661e-06, 2.9468e+02, 2.6398e+00, 
 1DIAGNOSTIC,    82, -8.954734802246e-01, 1.530959366391e-06, 2.9728e+02, 2.5975e+00, 
 1DIAGNOSTIC,    83, -8.954851627350e-01, 1.464195293011e-06, 2.9992e+02, 2.6349e+00, 
 1DIAGNOSTIC,    84, -8.954988121986e-01, 1.380219032399e-06, 3.0255e+02, 2.6288e+00, 
 1DIAGNOSTIC,    85, -8.954949378967e-01, 1.376770569550e-06, 3.0515e+02, 2.6066e+00, 
 1DIAGNOSTIC,    86, -8.955280780792e-01, 1.351240484837e-06, 3.0778e+02, 2.6300e+00, 
 1DIAGNOSTIC,    87, -8.955054879189e-01, 1.196023845296e-06, 3.1039e+02, 2.6098e+00, 
 1DIAGNOSTIC,    88, -8.955347537994e-01, 1.137963295150e-06, 3.1303e+02, 2.6343e+00, 
 1DIAGNOSTIC,    89, -8.955129981041e-01, 9.911565257426e-07, 3.1568e+02, 2.6575e+00, 
 1DIAGNOSTIC,    90, -8.955622315407e-01, 1.010347887132e-06, 3.1830e+02, 2.6179e+00, 
 1DIAGNOSTIC,    91, -8.955326080322e-01, 8.806648565951e-07, 3.2093e+02, 2.6325e+00, 
 1DIAGNOSTIC,    92, -8.955633640289e-01, 8.763373671172e-07, 3.2358e+02, 2.6463e+00, 
 1DIAGNOSTIC,    93, -8.955546021461e-01, 8.286546062664e-07, 3.2620e+02, 2.6154e+00, 
 1DIAGNOSTIC,    94, -8.955659270287e-01, 8.208775739149e-07, 3.2882e+02, 2.6221e+00, 
 1DIAGNOSTIC,    95, -8.955725431442e-01, 7.715007086517e-07, 3.3145e+02, 2.6347e+00, 
 1DIAGNOSTIC,    96, -8.955730795860e-01, 7.949357723191e-07, 3.3409e+02, 2.6375e+00, 
 1DIAGNOSTIC,    97, -8.955873847008e-01, 7.445297001141e-07, 3.3668e+02, 2.5878e+00, 
 1DIAGNOSTIC,    98, -8.956026434898e-01, 8.010779879442e-07, 3.3928e+02, 2.6015e+00, 
 1DIAGNOSTIC,    99, -8.955879211426e-01, 6.876013003421e-07, 3.4193e+02, 2.6490e+00, 
 1DIAGNOSTIC,   100, -8.956127762794e-01, 7.826595265215e-07, 3.4453e+02, 2.6010e+00, 
XXDIAGNOSTIC,Iteration,metricValue,convergenceValue,ITERATION_TIME_INDEX,SINCE_LAST
 1DIAGNOSTIC,     1, -7.598410844803e-01, inf, 3.6664e+02, 2.2109e+01, 
 1DIAGNOSTIC,     2, -7.615352272987e-01, inf, 3.8797e+02, 2.1331e+01, 
 1DIAGNOSTIC,     3, -7.637512683868e-01, inf, 4.0905e+02, 2.1084e+01, 
 1DIAGNOSTIC,     4, -7.656136751175e-01, inf, 4.3030e+02, 2.1247e+01, 
 1DIAGNOSTIC,     5, -7.673452496529e-01, inf, 4.5158e+02, 2.1277e+01, 
 1DIAGNOSTIC,     6, -7.689336538315e-01, inf, 4.7283e+02, 2.1254e+01, 
 1DIAGNOSTIC,     7, -7.704009413719e-01, inf, 4.9414e+02, 2.1303e+01, 
 1DIAGNOSTIC,     8, -7.716717720032e-01, inf, 5.1531e+02, 2.1177e+01, 
 1DIAGNOSTIC,     9, -7.727501392365e-01, inf, 5.3639e+02, 2.1078e+01, 
 1DIAGNOSTIC,    10, -7.737562656403e-01, 1.179590006359e-03, 5.5743e+02, 2.1035e+01, 
 1DIAGNOSTIC,    11, -7.746927738190e-01, 9.840021375567e-04, 5.7883e+02, 2.1403e+01, 
 1DIAGNOSTIC,    12, -7.755602598190e-01, 8.108007023111e-04, 6.0006e+02, 2.1237e+01, 
 1DIAGNOSTIC,    13, -7.763693332672e-01, 6.764644058421e-04, 6.2111e+02, 2.1047e+01, 
 1DIAGNOSTIC,    14, -7.771229743958e-01, 5.684302304871e-04, 6.4227e+02, 2.1159e+01, 
 1DIAGNOSTIC,    15, -7.778322696686e-01, 4.825489595532e-04, 6.6336e+02, 2.1088e+01, 
 1DIAGNOSTIC,    16, -7.785007953644e-01, 4.147573199589e-04, 6.8469e+02, 2.1332e+01, 
 1DIAGNOSTIC,    17, -7.791158556938e-01, 3.615739115048e-04, 7.0588e+02, 2.1190e+01, 
 1DIAGNOSTIC,    18, -7.796945571899e-01, 3.185305395164e-04, 7.2734e+02, 2.1457e+01, 
 1DIAGNOSTIC,    19, -7.802326083183e-01, 2.816319465637e-04, 7.4853e+02, 2.1189e+01, 
 1DIAGNOSTIC,    20, -7.807385921478e-01, 2.499095571693e-04, 7.6959e+02, 2.1060e+01, 
 1DIAGNOSTIC,    21, -7.812136411667e-01, 2.225111820735e-04, 7.9073e+02, 2.1144e+01, 
 1DIAGNOSTIC,    22, -7.816650271416e-01, 1.987528085010e-04, 8.1205e+02, 2.1323e+01, 
 1DIAGNOSTIC,    23, -7.820828557014e-01, 1.779729791451e-04, 8.3350e+02, 2.1450e+01, 
 1DIAGNOSTIC,    24, -7.824773788452e-01, 1.597375085112e-04, 8.5480e+02, 2.1295e+01, 
 1DIAGNOSTIC,    25, -7.828481197357e-01, 1.437568134861e-04, 8.7606e+02, 2.1263e+01, 
 1DIAGNOSTIC,    26, -7.832028865814e-01, 1.298783754464e-04, 8.9732e+02, 2.1256e+01, 
 1DIAGNOSTIC,    27, -7.835327386856e-01, 1.175897923531e-04, 9.1861e+02, 2.1290e+01, 
 1DIAGNOSTIC,    28, -7.838391661644e-01, 1.066526165232e-04, 9.3986e+02, 2.1253e+01, 
 1DIAGNOSTIC,    29, -7.841380238533e-01, 9.696000779513e-05, 9.6113e+02, 2.1269e+01, 
 1DIAGNOSTIC,    30, -7.844181656837e-01, 8.833331230562e-05, 9.8211e+02, 2.0984e+01, 
 1DIAGNOSTIC,    31, -7.846818566322e-01, 8.062124834396e-05, 1.0033e+03, 2.1232e+01, 
 1DIAGNOSTIC,    32, -7.849255800247e-01, 7.370762614300e-05, 1.0244e+03, 2.1084e+01, 
 1DIAGNOSTIC,    33, -7.851548790932e-01, 6.740947719663e-05, 1.0458e+03, 2.1384e+01, 
 1DIAGNOSTIC,    34, -7.853829860687e-01, 6.179511547089e-05, 1.0672e+03, 2.1383e+01, 
 1DIAGNOSTIC,    35, -7.855919599533e-01, 5.669735764968e-05, 1.0882e+03, 2.0994e+01, 
 1DIAGNOSTIC,    36, -7.857935428619e-01, 5.216114732320e-05, 1.1094e+03, 2.1174e+01, 
 1DIAGNOSTIC,    37, -7.859752774239e-01, 4.798564259545e-05, 1.1307e+03, 2.1372e+01, 
 1DIAGNOSTIC,    38, -7.861585617065e-01, 4.419589822646e-05, 1.1519e+03, 2.1162e+01, 
 1DIAGNOSTIC,    39, -7.863237857819e-01, 4.075933611603e-05, 1.1732e+03, 2.1282e+01, 
 1DIAGNOSTIC,    40, -7.864827513695e-01, 3.764498615055e-05, 1.1945e+03, 2.1279e+01, 
 1DIAGNOSTIC,    41, -7.866363525391e-01, 3.483951149974e-05, 1.2157e+03, 2.1261e+01, 
 1DIAGNOSTIC,    42, -7.867765426636e-01, 3.221197766834e-05, 1.2371e+03, 2.1349e+01, 
 1DIAGNOSTIC,    43, -7.869177460670e-01, 2.980720637424e-05, 1.2582e+03, 2.1166e+01, 
 1DIAGNOSTIC,    44, -7.870437502861e-01, 2.763306474662e-05, 1.2796e+03, 2.1356e+01, 
 1DIAGNOSTIC,    45, -7.871705889702e-01, 2.567166666267e-05, 1.3009e+03, 2.1354e+01, 
 1DIAGNOSTIC,    46, -7.872893810272e-01, 2.391713860561e-05, 1.3222e+03, 2.1284e+01, 
 1DIAGNOSTIC,    47, -7.874018549919e-01, 2.226626202173e-05, 1.3435e+03, 2.1267e+01, 
 1DIAGNOSTIC,    48, -7.875111699104e-01, 2.081330785586e-05, 1.3652e+03, 2.1727e+01, 
 1DIAGNOSTIC,    49, -7.876157760620e-01, 1.947131931956e-05, 1.3864e+03, 2.1177e+01, 
 1DIAGNOSTIC,    50, -7.877118587494e-01, 1.821397927415e-05, 1.4074e+03, 2.1003e+01, 
 1DIAGNOSTIC,    51, -7.878071069717e-01, 1.707802584860e-05, 1.4288e+03, 2.1380e+01, 
 1DIAGNOSTIC,    52, -7.878942489624e-01, 1.597867958480e-05, 1.4502e+03, 2.1452e+01, 
 1DIAGNOSTIC,    53, -7.879778742790e-01, 1.497372977610e-05, 1.4716e+03, 2.1354e+01, 
 1DIAGNOSTIC,    54, -7.880591154099e-01, 1.400588280376e-05, 1.4927e+03, 2.1080e+01, 
 1DIAGNOSTIC,    55, -7.881395220757e-01, 1.314023666055e-05, 1.5140e+03, 2.1370e+01, 
 1DIAGNOSTIC,    56, -7.882158160210e-01, 1.235126364918e-05, 1.5354e+03, 2.1349e+01, 
 1DIAGNOSTIC,    57, -7.882835268974e-01, 1.159359908343e-05, 1.5565e+03, 2.1160e+01, 
 1DIAGNOSTIC,    58, -7.883567214012e-01, 1.093388164009e-05, 1.5780e+03, 2.1423e+01, 
 1DIAGNOSTIC,    59, -7.884257435799e-01, 1.035534933180e-05, 1.5991e+03, 2.1142e+01, 
 1DIAGNOSTIC,    60, -7.884892821312e-01, 9.806398338696e-06, 1.6203e+03, 2.1210e+01, 
 1DIAGNOSTIC,    61, -7.885434031487e-01, 9.263218089473e-06, 1.6416e+03, 2.1273e+01, 
 1DIAGNOSTIC,    62, -7.886011600494e-01, 8.737936695979e-06, 1.6628e+03, 2.1224e+01, 
 1DIAGNOSTIC,    63, -7.886550426483e-01, 8.221036296163e-06, 1.6838e+03, 2.0964e+01, 
 1DIAGNOSTIC,    64, -7.887089252472e-01, 7.734346581856e-06, 1.7051e+03, 2.1317e+01, 
 1DIAGNOSTIC,    65, -7.887618541718e-01, 7.302317953872e-06, 1.7266e+03, 2.1469e+01, 
 1DIAGNOSTIC,    66, -7.888095974922e-01, 6.903376743139e-06, 1.7479e+03, 2.1327e+01, 
 1DIAGNOSTIC,    67, -7.888569831848e-01, 6.514311735373e-06, 1.7693e+03, 2.1449e+01, 
 1DIAGNOSTIC,    68, -7.888967990875e-01, 6.150406079541e-06, 1.7904e+03, 2.1018e+01, 
 1DIAGNOSTIC,    69, -7.889349460602e-01, 5.806889021187e-06, 1.8116e+03, 2.1218e+01, 
 1DIAGNOSTIC,    70, -7.889735102654e-01, 5.482281721925e-06, 1.8329e+03, 2.1301e+01, 
XXDIAGNOSTIC,Iteration,metricValue,convergenceValue,ITERATION_TIME_INDEX,SINCE_LAST
 1DIAGNOSTIC,     1, -4.724853038788e-01, inf, 2.0053e+03, 1.7244e+02, 
 1DIAGNOSTIC,     2, -4.742703139782e-01, inf, 2.1772e+03, 1.7188e+02, 
 1DIAGNOSTIC,     3, -4.762881994247e-01, inf, 2.3497e+03, 1.7245e+02, 
 1DIAGNOSTIC,     4, -4.782738685608e-01, inf, 2.5215e+03, 1.7182e+02, 
 1DIAGNOSTIC,     5, -4.798623025417e-01, inf, 2.6922e+03, 1.7071e+02, 
 1DIAGNOSTIC,     6, -4.814037382603e-01, inf, 2.8630e+03, 1.7081e+02, 
 1DIAGNOSTIC,     7, -4.826633334160e-01, inf, 3.0346e+03, 1.7162e+02, 
 1DIAGNOSTIC,     8, -4.838242530823e-01, inf, 3.2067e+03, 1.7211e+02, 
 1DIAGNOSTIC,     9, -4.849146306515e-01, inf, 3.3771e+03, 1.7037e+02, 
 1DIAGNOSTIC,    10, -4.859641492367e-01, 1.801588805392e-03, 3.5484e+03, 1.7135e+02, 
 1DIAGNOSTIC,    11, -4.870090484619e-01, 1.503354636952e-03, 3.7188e+03, 1.7034e+02, 
 1DIAGNOSTIC,    12, -4.880294799805e-01, 1.256996300071e-03, 3.8886e+03, 1.6978e+02, 
 1DIAGNOSTIC,    13, -4.890264570713e-01, 1.070699538104e-03, 4.0608e+03, 1.7223e+02, 
 1DIAGNOSTIC,    14, -4.900408387184e-01, 9.392204228789e-04, 4.2319e+03, 1.7109e+02, 
 1DIAGNOSTIC,    15, -4.910227656364e-01, 8.393929456361e-04, 4.4019e+03, 1.6996e+02, 
 1DIAGNOSTIC,    16, -4.920620918274e-01, 7.691695354879e-04, 4.5728e+03, 1.7096e+02, 
 1DIAGNOSTIC,    17, -4.931278228760e-01, 7.159955566749e-04, 4.7446e+03, 1.7180e+02, 
 1DIAGNOSTIC,    18, -4.941406250000e-01, 6.727612344548e-04, 4.9150e+03, 1.7041e+02, 
 1DIAGNOSTIC,    19, -4.951001107693e-01, 6.344215362333e-04, 5.0872e+03, 1.7219e+02, 
 1DIAGNOSTIC,    20, -4.960329532623e-01, 5.985024617985e-04, 5.2585e+03, 1.7134e+02, 
  Elapsed time (stage 2): 5261


Total elapsed time: 5292
Using single precision for computations.
Input scalar image: /home/mpib/nemecz/Projects/miniTRK/Results/01_MRI/GroupTempl/T1w/T_template0sub-652844_T1wRepaired.nii.gz
Reference image: /home/mpib/nemecz/Projects/miniTRK/Results/01_MRI/GroupTempl/T1w/T_template0.nii.gz
=============================================================================
The composite transform comprises the following transforms (in order): 
  1. /home/mpib/nemecz/Projects/miniTRK/Results/01_MRI/GroupTempl/T1w/T_sub-652844_T1w230GenericAffine.mat (type = AffineTransform)
  2. /home/mpib/nemecz/Projects/miniTRK/Results/01_MRI/GroupTempl/T1w/T_sub-652844_T1w231Warp.nii.gz (type = DisplacementFieldTransform)
=============================================================================
Default pixel value: 0
Interpolation type: LinearInterpolateImageFunction
Output warped image: /home/mpib/nemecz/Projects/miniTRK/Results/01_MRI/GroupTempl/T1w/T_template0sub-652844_T1w23WarpedToTemplate.nii.gz
