
Running N4 for 3-dimensional images.

Mask not read.  Using the entire image as the mask.

Original intensity range:  [0, 861]

***********************************************************
Warning:  Your input image contains nonpositive values
which could cause failure or problematic results.  A
possible workaround would be to:
   1. rescale your image to positive values e.g., [10,100].
   2. run N4 on your rescaled image.
   3. (optional) rescale the N4 output to the original
      intensity range.
***********************************************************

Specified spline distance: 200mm
  original image size:  [192, 256, 256]
  padded image size:  [201, 401, 401]
  number of control points:  [4, 5, 5]

Current level = 1
  Iteration 1 (of 50).   Current convergence value = 0.000418836 (threshold = 1e-08)
  Iteration 2 (of 50).   Current convergence value = 0.000385016 (threshold = 1e-08)
  Iteration 3 (of 50).   Current convergence value = 0.000322059 (threshold = 1e-08)
  Iteration 4 (of 50).   Current convergence value = 0.000247106 (threshold = 1e-08)
  Iteration 5 (of 50).   Current convergence value = 0.000191102 (threshold = 1e-08)
  Iteration 6 (of 50).   Current convergence value = 0.000151061 (threshold = 1e-08)
  Iteration 7 (of 50).   Current convergence value = 0.000122635 (threshold = 1e-08)
  Iteration 8 (of 50).   Current convergence value = 0.000102625 (threshold = 1e-08)
  Iteration 9 (of 50).   Current convergence value = 8.81143e-05 (threshold = 1e-08)
  Iteration 10 (of 50).   Current convergence value = 7.80563e-05 (threshold = 1e-08)
  Iteration 11 (of 50).   Current convergence value = 7.07967e-05 (threshold = 1e-08)
  Iteration 12 (of 50).   Current convergence value = 6.54535e-05 (threshold = 1e-08)
  Iteration 13 (of 50).   Current convergence value = 6.16607e-05 (threshold = 1e-08)
  Iteration 14 (of 50).   Current convergence value = 5.88161e-05 (threshold = 1e-08)
  Iteration 15 (of 50).   Current convergence value = 5.65651e-05 (threshold = 1e-08)
  Iteration 16 (of 50).   Current convergence value = 5.5146e-05 (threshold = 1e-08)
  Iteration 17 (of 50).   Current convergence value = 5.4079e-05 (threshold = 1e-08)
  Iteration 18 (of 50).   Current convergence value = 5.33675e-05 (threshold = 1e-08)
  Iteration 19 (of 50).   Current convergence value = 5.27439e-05 (threshold = 1e-08)
  Iteration 20 (of 50).   Current convergence value = 5.22734e-05 (threshold = 1e-08)
  Iteration 21 (of 50).   Current convergence value = 5.18592e-05 (threshold = 1e-08)
  Iteration 22 (of 50).   Current convergence value = 5.16833e-05 (threshold = 1e-08)
  Iteration 23 (of 50).   Current convergence value = 5.15907e-05 (threshold = 1e-08)
  Iteration 24 (of 50).   Current convergence value = 5.15799e-05 (threshold = 1e-08)
  Iteration 25 (of 50).   Current convergence value = 5.17025e-05 (threshold = 1e-08)
  Iteration 26 (of 50).   Current convergence value = 5.16538e-05 (threshold = 1e-08)
  Iteration 27 (of 50).   Current convergence value = 5.18839e-05 (threshold = 1e-08)
  Iteration 28 (of 50).   Current convergence value = 5.21273e-05 (threshold = 1e-08)
  Iteration 29 (of 50).   Current convergence value = 5.22043e-05 (threshold = 1e-08)
  Iteration 30 (of 50).   Current convergence value = 5.25729e-05 (threshold = 1e-08)
  Iteration 31 (of 50).   Current convergence value = 5.2901e-05 (threshold = 1e-08)
  Iteration 32 (of 50).   Current convergence value = 5.30955e-05 (threshold = 1e-08)
  Iteration 33 (of 50).   Current convergence value = 5.34862e-05 (threshold = 1e-08)
  Iteration 34 (of 50).   Current convergence value = 5.37553e-05 (threshold = 1e-08)
  Iteration 35 (of 50).   Current convergence value = 5.4069e-05 (threshold = 1e-08)
  Iteration 36 (of 50).   Current convergence value = 5.45407e-05 (threshold = 1e-08)
  Iteration 37 (of 50).   Current convergence value = 5.47789e-05 (threshold = 1e-08)
  Iteration 38 (of 50).   Current convergence value = 5.50602e-05 (threshold = 1e-08)
  Iteration 39 (of 50).   Current convergence value = 5.5328e-05 (threshold = 1e-08)
  Iteration 40 (of 50).   Current convergence value = 5.5469e-05 (threshold = 1e-08)
  Iteration 41 (of 50).   Current convergence value = 5.57976e-05 (threshold = 1e-08)
  Iteration 42 (of 50).   Current convergence value = 5.59738e-05 (threshold = 1e-08)
  Iteration 43 (of 50).   Current convergence value = 5.62667e-05 (threshold = 1e-08)
  Iteration 44 (of 50).   Current convergence value = 5.64268e-05 (threshold = 1e-08)
  Iteration 45 (of 50).   Current convergence value = 5.65986e-05 (threshold = 1e-08)
  Iteration 46 (of 50).   Current convergence value = 5.67322e-05 (threshold = 1e-08)
  Iteration 47 (of 50).   Current convergence value = 5.68676e-05 (threshold = 1e-08)
  Iteration 48 (of 50).   Current convergence value = 5.69435e-05 (threshold = 1e-08)
  Iteration 49 (of 50).   Current convergence value = 5.70124e-05 (threshold = 1e-08)
  Iteration 50 (of 50).   Current convergence value = 5.71606e-05 (threshold = 1e-08)
Current level = 2
  Iteration 1 (of 50).   Current convergence value = 0.000466082 (threshold = 1e-08)
  Iteration 2 (of 50).   Current convergence value = 0.000423398 (threshold = 1e-08)
  Iteration 3 (of 50).   Current convergence value = 0.00039872 (threshold = 1e-08)
  Iteration 4 (of 50).   Current convergence value = 0.000376253 (threshold = 1e-08)
  Iteration 5 (of 50).   Current convergence value = 0.000354397 (threshold = 1e-08)
  Iteration 6 (of 50).   Current convergence value = 0.000330226 (threshold = 1e-08)
  Iteration 7 (of 50).   Current convergence value = 0.000305202 (threshold = 1e-08)
  Iteration 8 (of 50).   Current convergence value = 0.000279786 (threshold = 1e-08)
  Iteration 9 (of 50).   Current convergence value = 0.000263622 (threshold = 1e-08)
  Iteration 10 (of 50).   Current convergence value = 0.000251463 (threshold = 1e-08)
  Iteration 11 (of 50).   Current convergence value = 0.000239188 (threshold = 1e-08)
  Iteration 12 (of 50).   Current convergence value = 0.00022825 (threshold = 1e-08)
  Iteration 13 (of 50).   Current convergence value = 0.000219052 (threshold = 1e-08)
  Iteration 14 (of 50).   Current convergence value = 0.000211576 (threshold = 1e-08)
  Iteration 15 (of 50).   Current convergence value = 0.000205608 (threshold = 1e-08)
  Iteration 16 (of 50).   Current convergence value = 0.00020062 (threshold = 1e-08)
  Iteration 17 (of 50).   Current convergence value = 0.000168755 (threshold = 1e-08)
  Iteration 18 (of 50).   Current convergence value = 0.000162022 (threshold = 1e-08)
  Iteration 19 (of 50).   Current convergence value = 0.0001561 (threshold = 1e-08)
  Iteration 20 (of 50).   Current convergence value = 0.000150349 (threshold = 1e-08)
  Iteration 21 (of 50).   Current convergence value = 0.000144769 (threshold = 1e-08)
  Iteration 22 (of 50).   Current convergence value = 0.000139711 (threshold = 1e-08)
  Iteration 23 (of 50).   Current convergence value = 0.000134534 (threshold = 1e-08)
  Iteration 24 (of 50).   Current convergence value = 0.000130017 (threshold = 1e-08)
  Iteration 25 (of 50).   Current convergence value = 0.000125668 (threshold = 1e-08)
  Iteration 26 (of 50).   Current convergence value = 0.000121903 (threshold = 1e-08)
  Iteration 27 (of 50).   Current convergence value = 0.000118536 (threshold = 1e-08)
  Iteration 28 (of 50).   Current convergence value = 0.000115359 (threshold = 1e-08)
  Iteration 29 (of 50).   Current convergence value = 0.000112612 (threshold = 1e-08)
  Iteration 30 (of 50).   Current convergence value = 0.000109907 (threshold = 1e-08)
  Iteration 31 (of 50).   Current convergence value = 0.00010764 (threshold = 1e-08)
  Iteration 32 (of 50).   Current convergence value = 0.000105418 (threshold = 1e-08)
  Iteration 33 (of 50).   Current convergence value = 0.000103406 (threshold = 1e-08)
  Iteration 34 (of 50).   Current convergence value = 0.000101824 (threshold = 1e-08)
  Iteration 35 (of 50).   Current convergence value = 0.000100272 (threshold = 1e-08)
  Iteration 36 (of 50).   Current convergence value = 9.89463e-05 (threshold = 1e-08)
  Iteration 37 (of 50).   Current convergence value = 9.75505e-05 (threshold = 1e-08)
  Iteration 38 (of 50).   Current convergence value = 9.63441e-05 (threshold = 1e-08)
  Iteration 39 (of 50).   Current convergence value = 9.52163e-05 (threshold = 1e-08)
  Iteration 40 (of 50).   Current convergence value = 9.40499e-05 (threshold = 1e-08)
  Iteration 41 (of 50).   Current convergence value = 9.29575e-05 (threshold = 1e-08)
  Iteration 42 (of 50).   Current convergence value = 9.19379e-05 (threshold = 1e-08)
  Iteration 43 (of 50).   Current convergence value = 9.08847e-05 (threshold = 1e-08)
  Iteration 44 (of 50).   Current convergence value = 9.00448e-05 (threshold = 1e-08)
  Iteration 45 (of 50).   Current convergence value = 8.90643e-05 (threshold = 1e-08)
  Iteration 46 (of 50).   Current convergence value = 8.82421e-05 (threshold = 1e-08)
  Iteration 47 (of 50).   Current convergence value = 8.74591e-05 (threshold = 1e-08)
  Iteration 48 (of 50).   Current convergence value = 8.67056e-05 (threshold = 1e-08)
  Iteration 49 (of 50).   Current convergence value = 8.59764e-05 (threshold = 1e-08)
  Iteration 50 (of 50).   Current convergence value = 8.53687e-05 (threshold = 1e-08)
Current level = 3
  Iteration 1 (of 40).   Current convergence value = 0.00110847 (threshold = 1e-08)
  Iteration 2 (of 40).   Current convergence value = 0.000720232 (threshold = 1e-08)
  Iteration 3 (of 40).   Current convergence value = 0.000823722 (threshold = 1e-08)
  Iteration 4 (of 40).   Current convergence value = 0.000897961 (threshold = 1e-08)
  Iteration 5 (of 40).   Current convergence value = 0.000896686 (threshold = 1e-08)
  Iteration 6 (of 40).   Current convergence value = 0.000838239 (threshold = 1e-08)
  Iteration 7 (of 40).   Current convergence value = 0.000790873 (threshold = 1e-08)
  Iteration 8 (of 40).   Current convergence value = 0.00074607 (threshold = 1e-08)
  Iteration 9 (of 40).   Current convergence value = 0.000713311 (threshold = 1e-08)
  Iteration 10 (of 40).   Current convergence value = 0.000683615 (threshold = 1e-08)
  Iteration 11 (of 40).   Current convergence value = 0.000664797 (threshold = 1e-08)
  Iteration 12 (of 40).   Current convergence value = 0.00064808 (threshold = 1e-08)
  Iteration 13 (of 40).   Current convergence value = 0.000632728 (threshold = 1e-08)
  Iteration 14 (of 40).   Current convergence value = 0.000617476 (threshold = 1e-08)
  Iteration 15 (of 40).   Current convergence value = 0.000600442 (threshold = 1e-08)
  Iteration 16 (of 40).   Current convergence value = 0.000578152 (threshold = 1e-08)
  Iteration 17 (of 40).   Current convergence value = 0.000556968 (threshold = 1e-08)
  Iteration 18 (of 40).   Current convergence value = 0.000539496 (threshold = 1e-08)
  Iteration 19 (of 40).   Current convergence value = 0.000524913 (threshold = 1e-08)
  Iteration 20 (of 40).   Current convergence value = 0.000512578 (threshold = 1e-08)
  Iteration 21 (of 40).   Current convergence value = 0.000502048 (threshold = 1e-08)
  Iteration 22 (of 40).   Current convergence value = 0.000493055 (threshold = 1e-08)
  Iteration 23 (of 40).   Current convergence value = 0.000485259 (threshold = 1e-08)
  Iteration 24 (of 40).   Current convergence value = 0.000478252 (threshold = 1e-08)
  Iteration 25 (of 40).   Current convergence value = 0.000472073 (threshold = 1e-08)
  Iteration 26 (of 40).   Current convergence value = 0.000466297 (threshold = 1e-08)
  Iteration 27 (of 40).   Current convergence value = 0.000461163 (threshold = 1e-08)
  Iteration 28 (of 40).   Current convergence value = 0.000456189 (threshold = 1e-08)
  Iteration 29 (of 40).   Current convergence value = 0.000448303 (threshold = 1e-08)
  Iteration 30 (of 40).   Current convergence value = 0.000437561 (threshold = 1e-08)
  Iteration 31 (of 40).   Current convergence value = 0.000414652 (threshold = 1e-08)
  Iteration 32 (of 40).   Current convergence value = 0.000388342 (threshold = 1e-08)
  Iteration 33 (of 40).   Current convergence value = 0.000366642 (threshold = 1e-08)
  Iteration 34 (of 40).   Current convergence value = 0.000348216 (threshold = 1e-08)
  Iteration 35 (of 40).   Current convergence value = 0.000332246 (threshold = 1e-08)
  Iteration 36 (of 40).   Current convergence value = 0.00031825 (threshold = 1e-08)
  Iteration 37 (of 40).   Current convergence value = 0.000305965 (threshold = 1e-08)
  Iteration 38 (of 40).   Current convergence value = 0.00029493 (threshold = 1e-08)
  Iteration 39 (of 40).   Current convergence value = 0.000285088 (threshold = 1e-08)
  Iteration 40 (of 40).   Current convergence value = 0.00027612 (threshold = 1e-08)
Current level = 4
  Iteration 1 (of 30).   Current convergence value = 0.00179241 (threshold = 1e-08)
  Iteration 2 (of 30).   Current convergence value = 0.00163484 (threshold = 1e-08)
  Iteration 3 (of 30).   Current convergence value = 0.00158952 (threshold = 1e-08)
  Iteration 4 (of 30).   Current convergence value = 0.00157949 (threshold = 1e-08)
  Iteration 5 (of 30).   Current convergence value = 0.00156351 (threshold = 1e-08)
  Iteration 6 (of 30).   Current convergence value = 0.00149176 (threshold = 1e-08)
  Iteration 7 (of 30).   Current convergence value = 0.0013587 (threshold = 1e-08)
  Iteration 8 (of 30).   Current convergence value = 0.00126754 (threshold = 1e-08)
  Iteration 9 (of 30).   Current convergence value = 0.00119854 (threshold = 1e-08)
  Iteration 10 (of 30).   Current convergence value = 0.0011225 (threshold = 1e-08)
  Iteration 11 (of 30).   Current convergence value = 0.00106259 (threshold = 1e-08)
  Iteration 12 (of 30).   Current convergence value = 0.00101386 (threshold = 1e-08)
  Iteration 13 (of 30).   Current convergence value = 0.000972426 (threshold = 1e-08)
  Iteration 14 (of 30).   Current convergence value = 0.000936098 (threshold = 1e-08)
  Iteration 15 (of 30).   Current convergence value = 0.000904201 (threshold = 1e-08)
  Iteration 16 (of 30).   Current convergence value = 0.000875724 (threshold = 1e-08)
  Iteration 17 (of 30).   Current convergence value = 0.00085048 (threshold = 1e-08)
  Iteration 18 (of 30).   Current convergence value = 0.000829133 (threshold = 1e-08)
  Iteration 19 (of 30).   Current convergence value = 0.000812018 (threshold = 1e-08)
  Iteration 20 (of 30).   Current convergence value = 0.000799285 (threshold = 1e-08)
  Iteration 21 (of 30).   Current convergence value = 0.000792479 (threshold = 1e-08)
  Iteration 22 (of 30).   Current convergence value = 0.000790578 (threshold = 1e-08)
  Iteration 23 (of 30).   Current convergence value = 0.000794574 (threshold = 1e-08)
  Iteration 24 (of 30).   Current convergence value = 0.000803638 (threshold = 1e-08)
  Iteration 25 (of 30).   Current convergence value = 0.000751382 (threshold = 1e-08)
  Iteration 26 (of 30).   Current convergence value = 0.000712217 (threshold = 1e-08)
  Iteration 27 (of 30).   Current convergence value = 0.000681803 (threshold = 1e-08)
  Iteration 28 (of 30).   Current convergence value = 0.000657717 (threshold = 1e-08)
  Iteration 29 (of 30).   Current convergence value = 0.000638084 (threshold = 1e-08)
  Iteration 30 (of 30).   Current convergence value = 0.000622168 (threshold = 1e-08)
   N4BiasFieldCorrectionImageFilter (0x56437dc48e20)
     RTTI typeinfo:   itk::N4BiasFieldCorrectionImageFilter<itk::Image<float, 3u>, itk::Image<float, 3u>, itk::Image<float, 3u> >
     Reference Count: 1
     Modified Time: 565
     Debug: Off
     Object Name: 
     Observers: 
       IterationEvent(Command)
     Inputs: 
       ConfidenceImage: (0)
       MaskImage: (0x56437dc735e0)
       Primary: (0x56437dc6eb30) *
     Indexed Inputs: 
       0: Primary (0x56437dc6eb30)
       1: MaskImage (0x56437dc735e0)
       2: ConfidenceImage (0)
     Required Input Names: Primary
     NumberOfRequiredInputs: 1
     Outputs: 
       Primary: (0x56437dc58ef0)
     Indexed Outputs: 
       0: Primary (0x56437dc58ef0)
     NumberOfRequiredOutputs: 1
     Number Of Work Units: 32
     ReleaseDataFlag: Off
     ReleaseDataBeforeUpdateFlag: Off
     AbortGenerateData: Off
     Progress: 0
     Multithreader: 
       RTTI typeinfo:   itk::PoolMultiThreader
       Reference Count: 1
       Modified Time: 144
       Debug: Off
       Object Name: 
       Observers: 
         none
       Number of Work Units: 32
       Number of Threads: 8
       Global Maximum Number Of Threads: 128
       Global Default Number Of Threads: 8
       Global Default Threader Type: itk::MultiThreaderBaseEnums::Threader::Pool
       SingleMethod: 0
       SingleData: 0
     DynamicMultiThreading: On
     CoordinateTolerance: 1e-06
     DirectionTolerance: 1e-06
     Use Mask Label: 0
     Mask label: 1
     Number of histogram bins: 200
     Wiener filter noise: 0.01
     Bias field FWHM: 0.15
     Maximum number of iterations: [50, 50, 40, 30]
     Convergence threshold: 1e-08
     Spline order: 3
     Number of fitting levels: [4, 4, 4]
     Number of control points: [4, 5, 5]
     CurrentConvergenceMeasurement: 0.000622168
     CurrentLevel: 4
     ElapsedIterations: 31
     LogBiasFieldControlPointLattice: 
       Image (0x56438474b200)
         RTTI typeinfo:   itk::Image<itk::Vector<float, 1u>, 3u>
         Reference Count: 1
         Modified Time: 343560
         Debug: Off
         Object Name: 
         Observers: 
           none
         Source: (none)
         Source output name: (none)
         Release Data: Off
         Data Released: False
         Global Release Data: Off
         PipelineMTime: 0
         UpdateMTime: 0
         RealTimeStamp: 0 seconds 
         LargestPossibleRegion: 
           Dimension: 3
           Index: [0, 0, 0]
           Size: [11, 19, 19]
         BufferedRegion: 
           Dimension: 3
           Index: [0, 0, 0]
           Size: [11, 19, 19]
         RequestedRegion: 
           Dimension: 3
           Index: [0, 0, 0]
           Size: [11, 19, 19]
         Spacing: [24.75, 24.875, 24.875]
         Origin: [26.3933, 20.0338, -27.4251]
         Direction: 
-0.998711 -0.0460974 -0.0212455
0.042647 -0.989056 0.141245
-0.027524 0.140157 0.989747

         IndexToPointMatrix: 
-24.7181 -1.14667 -0.528482
1.05551 -24.6028 3.51347
-0.681219 3.4864 24.6199

         PointToIndexMatrix: 
-0.040352 0.00172311 -0.00111208
-0.00185316 -0.039761 0.00563445
-0.00085409 0.00567819 0.0397888

         Inverse Direction: 
-0.998711 0.042647 -0.027524
-0.0460974 -0.989056 0.140157
-0.0212455 0.141245 0.989747

         PixelContainer: 
           ImportImageContainer (0x564387e10f80)
             RTTI typeinfo:   itk::ImportImageContainer<unsigned long, itk::Vector<float, 1u> >
             Reference Count: 1
             Modified Time: 343561
             Debug: Off
             Object Name: 
             Observers: 
               none
             Pointer: 0x564387de28c0
             Container manages memory: true
             Size: 3971
             Capacity: 3971
Elapsed time: 315.174
All_Command_lines_OK
Using single precision for computations.
=============================================================================
The composite transform comprises the following transforms (in order): 
  1. Center of mass alignment using fixed image: /home/mpib/nemecz/Projects/miniTRK/Results/01_MRI/GroupTempl/T1w/T_template0.nii.gz and moving image: /home/mpib/nemecz/Projects/miniTRK/Analysis/01_MRI/Preproc/GroupTempl/T1w/sub-449900_T1w.nii.gz (type = Euler3DTransform)
=============================================================================
  number of levels = 4
  number of levels = 4
  number of levels = 4
  fixed image: /home/mpib/nemecz/Projects/miniTRK/Results/01_MRI/GroupTempl/T1w/T_template0.nii.gz
  moving image: /home/mpib/nemecz/Projects/miniTRK/Results/01_MRI/GroupTempl/T1w/T_template0sub-449900_T1wRepaired.nii.gz
  fixed image: /home/mpib/nemecz/Projects/miniTRK/Results/01_MRI/GroupTempl/T1w/T_template0.nii.gz
  moving image: /home/mpib/nemecz/Projects/miniTRK/Results/01_MRI/GroupTempl/T1w/T_template0sub-449900_T1wRepaired.nii.gz
  fixed image: /home/mpib/nemecz/Projects/miniTRK/Results/01_MRI/GroupTempl/T1w/T_template0.nii.gz
  moving image: /home/mpib/nemecz/Projects/miniTRK/Results/01_MRI/GroupTempl/T1w/T_template0sub-449900_T1wRepaired.nii.gz
Dimension = 3
Number of stages = 3
Use Histogram Matching true
Winsorize image intensities true
Lower quantile = 0.01
Upper quantile = 0.99
Stage 1 State
   Image metric = Mattes
     Fixed image = Image (0x560140fcaad0)
  RTTI typeinfo:   itk::Image<float, 3u>
  Reference Count: 2
  Modified Time: 1721
  Debug: Off
  Object Name: 
  Observers: 
    none
  Source: (none)
  Source output name: (none)
  Release Data: Off
  Data Released: False
  Global Release Data: Off
  PipelineMTime: 0
  UpdateMTime: 1506
  RealTimeStamp: 0 seconds 
  LargestPossibleRegion: 
    Dimension: 3
    Index: [0, 0, 0]
    Size: [192, 256, 256]
  BufferedRegion: 
    Dimension: 3
    Index: [0, 0, 0]
    Size: [192, 256, 256]
  RequestedRegion: 
    Dimension: 3
    Index: [0, 0, 0]
    Size: [192, 256, 256]
  Spacing: [1, 1, 1]
  Origin: [95.0313, 100.538, -154.123]
  Direction: 
-0.999853 -0.014134 -0.00966312
0.014129 -0.9999 0.000586045
-0.00967044 0.000449429 0.999953

  IndexToPointMatrix: 
-0.999853 -0.014134 -0.00966312
0.014129 -0.9999 0.000586045
-0.00967044 0.000449429 0.999953

  PointToIndexMatrix: 
-0.999853 0.014129 -0.00967044
-0.014134 -0.9999 0.000449429
-0.00966312 0.000586045 0.999953

  Inverse Direction: 
-0.999853 0.014129 -0.00967044
-0.014134 -0.9999 0.000449429
-0.00966312 0.000586045 0.999953

  PixelContainer: 
    ImportImageContainer (0x560140fd2c80)
      RTTI typeinfo:   itk::ImportImageContainer<unsigned long, float>
      Reference Count: 1
      Modified Time: 1503
      Debug: Off
      Object Name: 
      Observers: 
        none
      Pointer: 0x7fc046c16010
      Container manages memory: true
      Size: 12582912
      Capacity: 12582912

     Moving image = Image (0x560140fcbbc0)
  RTTI typeinfo:   itk::Image<float, 3u>
  Reference Count: 2
  Modified Time: 1722
  Debug: Off
  Object Name: 
  Observers: 
    none
  Source: (none)
  Source output name: (none)
  Release Data: Off
  Data Released: False
  Global Release Data: Off
  PipelineMTime: 0
  UpdateMTime: 1719
  RealTimeStamp: 0 seconds 
  LargestPossibleRegion: 
    Dimension: 3
    Index: [0, 0, 0]
    Size: [192, 256, 256]
  BufferedRegion: 
    Dimension: 3
    Index: [0, 0, 0]
    Size: [192, 256, 256]
  RequestedRegion: 
    Dimension: 3
    Index: [0, 0, 0]
    Size: [192, 256, 256]
  Spacing: [1, 1, 1]
  Origin: [103.265, 74.7231, -171.779]
  Direction: 
-0.998711 -0.0460974 -0.0212455
0.042647 -0.989056 0.141245
-0.027524 0.140157 0.989747

  IndexToPointMatrix: 
-0.998711 -0.0460974 -0.0212455
0.042647 -0.989056 0.141245
-0.027524 0.140157 0.989747

  PointToIndexMatrix: 
-0.998711 0.042647 -0.027524
-0.0460974 -0.989056 0.140157
-0.0212455 0.141245 0.989747

  Inverse Direction: 
-0.998711 0.042647 -0.027524
-0.0460974 -0.989056 0.140157
-0.0212455 0.141245 0.989747

  PixelContainer: 
    ImportImageContainer (0x560140fd7100)
      RTTI typeinfo:   itk::ImportImageContainer<unsigned long, float>
      Reference Count: 1
      Modified Time: 1716
      Debug: Off
      Object Name: 
      Observers: 
        none
      Pointer: 0x7fc043c15010
      Container manages memory: true
      Size: 12582912
      Capacity: 12582912

     Weighting = 1
     Sampling strategy = regular
     Number of bins = 32
     Radius = 4
     Sampling percentage  = 0.25
   Transform = Rigid
     Gradient step = 0.1
     Update field sigma (voxel space) = 0
     Total field sigma (voxel space) = 0
     Update field time sigma = 0
     Total field time sigma  = 0
     Number of time indices = 0
     Number of time point samples = 0
Stage 2 State
   Image metric = Mattes
     Fixed image = Image (0x560140fe3870)
  RTTI typeinfo:   itk::Image<float, 3u>
  Reference Count: 2
  Modified Time: 2149
  Debug: Off
  Object Name: 
  Observers: 
    none
  Source: (none)
  Source output name: (none)
  Release Data: Off
  Data Released: False
  Global Release Data: Off
  PipelineMTime: 0
  UpdateMTime: 1934
  RealTimeStamp: 0 seconds 
  LargestPossibleRegion: 
    Dimension: 3
    Index: [0, 0, 0]
    Size: [192, 256, 256]
  BufferedRegion: 
    Dimension: 3
    Index: [0, 0, 0]
    Size: [192, 256, 256]
  RequestedRegion: 
    Dimension: 3
    Index: [0, 0, 0]
    Size: [192, 256, 256]
  Spacing: [1, 1, 1]
  Origin: [95.0313, 100.538, -154.123]
  Direction: 
-0.999853 -0.014134 -0.00966312
0.014129 -0.9999 0.000586045
-0.00967044 0.000449429 0.999953

  IndexToPointMatrix: 
-0.999853 -0.014134 -0.00966312
0.014129 -0.9999 0.000586045
-0.00967044 0.000449429 0.999953

  PointToIndexMatrix: 
-0.999853 0.014129 -0.00967044
-0.014134 -0.9999 0.000449429
-0.00966312 0.000586045 0.999953

  Inverse Direction: 
-0.999853 0.014129 -0.00967044
-0.014134 -0.9999 0.000449429
-0.00966312 0.000586045 0.999953

  PixelContainer: 
    ImportImageContainer (0x560140fce6d0)
      RTTI typeinfo:   itk::ImportImageContainer<unsigned long, float>
      Reference Count: 1
      Modified Time: 1931
      Debug: Off
      Object Name: 
      Observers: 
        none
      Pointer: 0x7fc040c14010
      Container manages memory: true
      Size: 12582912
      Capacity: 12582912

     Moving image = Image (0x560140fe34c0)
  RTTI typeinfo:   itk::Image<float, 3u>
  Reference Count: 2
  Modified Time: 2150
  Debug: Off
  Object Name: 
  Observers: 
    none
  Source: (none)
  Source output name: (none)
  Release Data: Off
  Data Released: False
  Global Release Data: Off
  PipelineMTime: 0
  UpdateMTime: 2147
  RealTimeStamp: 0 seconds 
  LargestPossibleRegion: 
    Dimension: 3
    Index: [0, 0, 0]
    Size: [192, 256, 256]
  BufferedRegion: 
    Dimension: 3
    Index: [0, 0, 0]
    Size: [192, 256, 256]
  RequestedRegion: 
    Dimension: 3
    Index: [0, 0, 0]
    Size: [192, 256, 256]
  Spacing: [1, 1, 1]
  Origin: [103.265, 74.7231, -171.779]
  Direction: 
-0.998711 -0.0460974 -0.0212455
0.042647 -0.989056 0.141245
-0.027524 0.140157 0.989747

  IndexToPointMatrix: 
-0.998711 -0.0460974 -0.0212455
0.042647 -0.989056 0.141245
-0.027524 0.140157 0.989747

  PointToIndexMatrix: 
-0.998711 0.042647 -0.027524
-0.0460974 -0.989056 0.140157
-0.0212455 0.141245 0.989747

  Inverse Direction: 
-0.998711 0.042647 -0.027524
-0.0460974 -0.989056 0.140157
-0.0212455 0.141245 0.989747

  PixelContainer: 
    ImportImageContainer (0x560140fe48c0)
      RTTI typeinfo:   itk::ImportImageContainer<unsigned long, float>
      Reference Count: 1
      Modified Time: 2144
      Debug: Off
      Object Name: 
      Observers: 
        none
      Pointer: 0x7fc03dc13010
      Container manages memory: true
      Size: 12582912
      Capacity: 12582912

     Weighting = 1
     Sampling strategy = regular
     Number of bins = 32
     Radius = 4
     Sampling percentage  = 0.25
   Transform = Affine
     Gradient step = 0.1
     Update field sigma (voxel space) = 0
     Total field sigma (voxel space) = 0
     Update field time sigma = 0
     Total field time sigma  = 0
     Number of time indices = 0
     Number of time point samples = 0
Stage 3 State
   Image metric = CC
     Fixed image = Image (0x560140fea960)
  RTTI typeinfo:   itk::Image<float, 3u>
  Reference Count: 2
  Modified Time: 2577
  Debug: Off
  Object Name: 
  Observers: 
    none
  Source: (none)
  Source output name: (none)
  Release Data: Off
  Data Released: False
  Global Release Data: Off
  PipelineMTime: 0
  UpdateMTime: 2362
  RealTimeStamp: 0 seconds 
  LargestPossibleRegion: 
    Dimension: 3
    Index: [0, 0, 0]
    Size: [192, 256, 256]
  BufferedRegion: 
    Dimension: 3
    Index: [0, 0, 0]
    Size: [192, 256, 256]
  RequestedRegion: 
    Dimension: 3
    Index: [0, 0, 0]
    Size: [192, 256, 256]
  Spacing: [1, 1, 1]
  Origin: [95.0313, 100.538, -154.123]
  Direction: 
-0.999853 -0.014134 -0.00966312
0.014129 -0.9999 0.000586045
-0.00967044 0.000449429 0.999953

  IndexToPointMatrix: 
-0.999853 -0.014134 -0.00966312
0.014129 -0.9999 0.000586045
-0.00967044 0.000449429 0.999953

  PointToIndexMatrix: 
-0.999853 0.014129 -0.00967044
-0.014134 -0.9999 0.000449429
-0.00966312 0.000586045 0.999953

  Inverse Direction: 
-0.999853 0.014129 -0.00967044
-0.014134 -0.9999 0.000449429
-0.00966312 0.000586045 0.999953

  PixelContainer: 
    ImportImageContainer (0x560140fcb660)
      RTTI typeinfo:   itk::ImportImageContainer<unsigned long, float>
      Reference Count: 1
      Modified Time: 2359
      Debug: Off
      Object Name: 
      Observers: 
        none
      Pointer: 0x7fc03ac12010
      Container manages memory: true
      Size: 12582912
      Capacity: 12582912

     Moving image = Image (0x560140fec840)
  RTTI typeinfo:   itk::Image<float, 3u>
  Reference Count: 2
  Modified Time: 2578
  Debug: Off
  Object Name: 
  Observers: 
    none
  Source: (none)
  Source output name: (none)
  Release Data: Off
  Data Released: False
  Global Release Data: Off
  PipelineMTime: 0
  UpdateMTime: 2575
  RealTimeStamp: 0 seconds 
  LargestPossibleRegion: 
    Dimension: 3
    Index: [0, 0, 0]
    Size: [192, 256, 256]
  BufferedRegion: 
    Dimension: 3
    Index: [0, 0, 0]
    Size: [192, 256, 256]
  RequestedRegion: 
    Dimension: 3
    Index: [0, 0, 0]
    Size: [192, 256, 256]
  Spacing: [1, 1, 1]
  Origin: [103.265, 74.7231, -171.779]
  Direction: 
-0.998711 -0.0460974 -0.0212455
0.042647 -0.989056 0.141245
-0.027524 0.140157 0.989747

  IndexToPointMatrix: 
-0.998711 -0.0460974 -0.0212455
0.042647 -0.989056 0.141245
-0.027524 0.140157 0.989747

  PointToIndexMatrix: 
-0.998711 0.042647 -0.027524
-0.0460974 -0.989056 0.140157
-0.0212455 0.141245 0.989747

  Inverse Direction: 
-0.998711 0.042647 -0.027524
-0.0460974 -0.989056 0.140157
-0.0212455 0.141245 0.989747

  PixelContainer: 
    ImportImageContainer (0x560140fe9660)
      RTTI typeinfo:   itk::ImportImageContainer<unsigned long, float>
      Reference Count: 1
      Modified Time: 2572
      Debug: Off
      Object Name: 
      Observers: 
        none
      Pointer: 0x7fc037c11010
      Container manages memory: true
      Size: 12582912
      Capacity: 12582912

     Weighting = 1
     Sampling strategy = none
     Number of bins = 32
     Radius = 4
     Sampling percentage  = 1
   Transform = SyN
     Gradient step = 0.1
     Update field sigma (voxel space) = 3
     Total field sigma (voxel space) = 0
     Update field time sigma = 0
     Total field time sigma  = 0
     Number of time indices = 0
     Number of time point samples = 0
Registration using 3 total stages.

Stage 0
  iterations = 1000x500x250x0
  convergence threshold = 1e-06
  convergence window size = 10
  number of levels = 4
  using the Mattes MI metric (number of bins = 32, weight = 1)
  preprocessing:  winsorizing the image intensities
  preprocessing:  histogram matching the images
  Shrink factors (level 1 out of 4): [6, 6, 6]
  Shrink factors (level 2 out of 4): [4, 4, 4]
  Shrink factors (level 3 out of 4): [2, 2, 2]
  Shrink factors (level 4 out of 4): [1, 1, 1]
  smoothing sigmas per level: [4, 2, 1, 0]
  regular sampling (percentage = 0.25)

*** Running Euler3DTransform registration ***

DIAGNOSTIC,Iteration,metricValue,convergenceValue,ITERATION_TIME_INDEX,SINCE_LAST
 2DIAGNOSTIC,     1, -9.978063106537e-01, inf, 6.1424e-01, 6.1424e-01, 
 2DIAGNOSTIC,     2, -9.994546771049e-01, inf, 6.2259e-01, 8.3480e-03, 
 2DIAGNOSTIC,     3, -1.001557230949e+00, inf, 6.3080e-01, 8.2109e-03, 
 2DIAGNOSTIC,     4, -1.004220247269e+00, inf, 6.3886e-01, 8.0681e-03, 
 2DIAGNOSTIC,     5, -1.006379008293e+00, inf, 6.4724e-01, 8.3709e-03, 
 2DIAGNOSTIC,     6, -1.008726596832e+00, inf, 6.5512e-01, 7.8859e-03, 
 2DIAGNOSTIC,     7, -1.011737465858e+00, inf, 6.6332e-01, 8.2009e-03, 
 2DIAGNOSTIC,     8, -1.015736341476e+00, inf, 6.7350e-01, 1.0180e-02, 
 2DIAGNOSTIC,     9, -1.016863584518e+00, inf, 6.8602e-01, 1.2522e-02, 
 2DIAGNOSTIC,    10, -1.017155170441e+00, 1.368181314319e-03, 7.0418e-01, 1.8159e-02, 
 2DIAGNOSTIC,    11, -1.018836140633e+00, 1.200091326609e-03, 7.1289e-01, 8.7039e-03, 
 2DIAGNOSTIC,    12, -1.023141622543e+00, 1.090066158213e-03, 7.2114e-01, 8.2510e-03, 
 2DIAGNOSTIC,    13, -1.023475527763e+00, 9.475635015406e-04, 7.2947e-01, 8.3320e-03, 
 2DIAGNOSTIC,    14, -1.023968935013e+00, 8.041728870012e-04, 7.4056e-01, 1.1090e-02, 
 2DIAGNOSTIC,    15, -1.024193763733e+00, 6.530143436976e-04, 7.5054e-01, 9.9819e-03, 
 2DIAGNOSTIC,    16, -1.024291276932e+00, 5.030915490352e-04, 7.5973e-01, 9.1901e-03, 
 2DIAGNOSTIC,    17, -1.024552941322e+00, 3.760391846299e-04, 7.6869e-01, 8.9591e-03, 
 2DIAGNOSTIC,    18, -1.024758100510e+00, 2.936701930594e-04, 7.7941e-01, 1.0714e-02, 
 2DIAGNOSTIC,    19, -1.025061368942e+00, 2.151287480956e-04, 7.8819e-01, 8.7860e-03, 
 2DIAGNOSTIC,    20, -1.024976611137e+00, 1.275990944123e-04, 7.9600e-01, 7.8099e-03, 
 2DIAGNOSTIC,    21, -1.024941205978e+00, 5.725432856707e-05, 8.0394e-01, 7.9398e-03, 
 2DIAGNOSTIC,    22, -1.024990558624e+00, 4.348404763732e-05, 8.1179e-01, 7.8511e-03, 
 2DIAGNOSTIC,    23, -1.024998664856e+00, 3.091862527071e-05, 8.2263e-01, 1.0839e-02, 
 2DIAGNOSTIC,    24, -1.025001525879e+00, 2.233898885606e-05, 8.3128e-01, 8.6510e-03, 
 2DIAGNOSTIC,    25, -1.024961471558e+00, 1.459838222218e-05, 8.3898e-01, 7.6959e-03, 
 2DIAGNOSTIC,    26, -1.024964332581e+00, 7.304040082090e-06, 8.4793e-01, 8.9531e-03, 
 2DIAGNOSTIC,    27, -1.024964809418e+00, 2.641614855747e-06, 8.5676e-01, 8.8332e-03, 
DIAGNOSTIC,Iteration,metricValue,convergenceValue,ITERATION_TIME_INDEX,SINCE_LAST
 2DIAGNOSTIC,     1, -7.812757492065e-01, inf, 1.5232e+00, 6.6643e-01, 
 2DIAGNOSTIC,     2, -7.825810313225e-01, inf, 1.5558e+00, 3.2591e-02, 
 2DIAGNOSTIC,     3, -7.840507626534e-01, inf, 1.5870e+00, 3.1210e-02, 
 2DIAGNOSTIC,     4, -7.851514816284e-01, inf, 1.6186e+00, 3.1635e-02, 
 2DIAGNOSTIC,     5, -7.856983542442e-01, inf, 1.6493e+00, 3.0662e-02, 
 2DIAGNOSTIC,     6, -7.859139442444e-01, inf, 1.6801e+00, 3.0856e-02, 
 2DIAGNOSTIC,     7, -7.861255407333e-01, inf, 1.7109e+00, 3.0792e-02, 
 2DIAGNOSTIC,     8, -7.862551212311e-01, inf, 1.7605e+00, 4.9591e-02, 
 2DIAGNOSTIC,     9, -7.862707972527e-01, inf, 1.7942e+00, 3.3687e-02, 
 2DIAGNOSTIC,    10, -7.862961292267e-01, 3.754555655178e-04, 1.8303e+00, 3.6071e-02, 
 2DIAGNOSTIC,    11, -7.863070368767e-01, 2.256406442029e-04, 1.8664e+00, 3.6138e-02, 
 2DIAGNOSTIC,    12, -7.863378524780e-01, 1.204209474963e-04, 1.9088e+00, 4.2383e-02, 
 2DIAGNOSTIC,    13, -7.863551378250e-01, 6.148616375867e-05, 1.9456e+00, 3.6823e-02, 
 2DIAGNOSTIC,    14, -7.863637804985e-01, 3.402622678550e-05, 1.9821e+00, 3.6505e-02, 
 2DIAGNOSTIC,    15, -7.863674163818e-01, 2.057570782199e-05, 2.0203e+00, 3.8134e-02, 
 2DIAGNOSTIC,    16, -7.863692045212e-01, 1.193356729345e-05, 2.0517e+00, 3.1402e-02, 
 2DIAGNOSTIC,    17, -7.863780856133e-01, 8.009483281057e-06, 2.0835e+00, 3.1829e-02, 
 2DIAGNOSTIC,    18, -7.863883376122e-01, 6.753850811947e-06, 2.1197e+00, 3.6179e-02, 
 2DIAGNOSTIC,    19, -7.863966226578e-01, 5.615802820103e-06, 2.1511e+00, 3.1460e-02, 
 2DIAGNOSTIC,    20, -7.864168286324e-01, 5.054109351477e-06, 2.1871e+00, 3.5990e-02, 
 2DIAGNOSTIC,    21, -7.864099144936e-01, 4.276354502508e-06, 2.2271e+00, 4.0006e-02, 
 2DIAGNOSTIC,    22, -7.864266037941e-01, 4.093494681001e-06, 2.2740e+00, 4.6850e-02, 
 2DIAGNOSTIC,    23, -7.864269018173e-01, 3.945358457713e-06, 2.3104e+00, 3.6376e-02, 
 2DIAGNOSTIC,    24, -7.864279150963e-01, 3.713324758792e-06, 2.3422e+00, 3.1835e-02, 
 2DIAGNOSTIC,    25, -7.864362001419e-01, 3.449989435467e-06, 2.3830e+00, 4.0770e-02, 
 2DIAGNOSTIC,    26, -7.864370346069e-01, 3.035384452232e-06, 2.4190e+00, 3.6055e-02, 
 2DIAGNOSTIC,    27, -7.864365577698e-01, 2.593123099359e-06, 2.4549e+00, 3.5916e-02, 
 2DIAGNOSTIC,    28, -7.864448428154e-01, 2.288258428962e-06, 2.4910e+00, 3.6067e-02, 
 2DIAGNOSTIC,    29, -7.864454388618e-01, 1.998100515266e-06, 2.5270e+00, 3.5958e-02, 
 2DIAGNOSTIC,    30, -7.864449024200e-01, 1.883271124825e-06, 2.5635e+00, 3.6544e-02, 
 2DIAGNOSTIC,    31, -7.864457368851e-01, 1.623085381652e-06, 2.6138e+00, 5.0338e-02, 
 2DIAGNOSTIC,    32, -7.864458560944e-01, 1.513649181106e-06, 2.6497e+00, 3.5895e-02, 
 2DIAGNOSTIC,    33, -7.864456176758e-01, 1.361645558973e-06, 2.6946e+00, 4.4849e-02, 
 2DIAGNOSTIC,    34, -7.864455580711e-01, 1.188342253045e-06, 2.7305e+00, 3.5925e-02, 
 2DIAGNOSTIC,    35, -7.864453196526e-01, 1.085250346478e-06, 2.7684e+00, 3.7881e-02, 
DIAGNOSTIC,Iteration,metricValue,convergenceValue,ITERATION_TIME_INDEX,SINCE_LAST
 2DIAGNOSTIC,     1, -6.848732233047e-01, inf, 3.7305e+00, 9.6215e-01, 
 2DIAGNOSTIC,     2, -6.854255795479e-01, inf, 3.9685e+00, 2.3797e-01, 
 2DIAGNOSTIC,     3, -6.856561303139e-01, inf, 4.1737e+00, 2.0519e-01, 
 2DIAGNOSTIC,     4, -6.857618689537e-01, inf, 4.3907e+00, 2.1695e-01, 
 2DIAGNOSTIC,     5, -6.858338713646e-01, inf, 4.5972e+00, 2.0654e-01, 
 2DIAGNOSTIC,     6, -6.859244704247e-01, inf, 4.8690e+00, 2.7185e-01, 
 2DIAGNOSTIC,     7, -6.859468221664e-01, inf, 5.1457e+00, 2.7670e-01, 
 2DIAGNOSTIC,     8, -6.859652996063e-01, inf, 5.3768e+00, 2.3105e-01, 
 2DIAGNOSTIC,     9, -6.860142946243e-01, inf, 5.6381e+00, 2.6135e-01, 
 2DIAGNOSTIC,    10, -6.860281825066e-01, 8.556021202821e-05, 5.9255e+00, 2.8734e-01, 
 2DIAGNOSTIC,    11, -6.860278248787e-01, 4.695686948253e-05, 6.2424e+00, 3.1692e-01, 
 2DIAGNOSTIC,    12, -6.860274672508e-01, 2.976519135700e-05, 6.4929e+00, 2.5051e-01, 
 2DIAGNOSTIC,    13, -6.860271096230e-01, 2.007635703194e-05, 6.7262e+00, 2.3327e-01, 
 2DIAGNOSTIC,    14, -6.860262751579e-01, 1.323006472376e-05, 6.9700e+00, 2.4378e-01, 
 2DIAGNOSTIC,    15, -6.860260367393e-01, 8.211987733375e-06, 7.1704e+00, 2.0047e-01, 
 2DIAGNOSTIC,    16, -6.860267519951e-01, 5.636271907861e-06, 7.4652e+00, 2.9475e-01, 
 2DIAGNOSTIC,    17, -6.860257387161e-01, 3.554310978870e-06, 7.8168e+00, 3.5158e-01, 
 2DIAGNOSTIC,    18, -6.860259771347e-01, 1.951535296030e-06, 8.0690e+00, 2.5229e-01, 
 2DIAGNOSTIC,    19, -6.860258579254e-01, 1.557697487442e-06, 8.3325e+00, 2.6347e-01, 
 2DIAGNOSTIC,    20, -6.860258579254e-01, 1.501730935161e-06, 8.5682e+00, 2.3572e-01, 
 2DIAGNOSTIC,    21, -6.860257983208e-01, 1.450914510315e-06, 8.8115e+00, 2.4327e-01, 
 2DIAGNOSTIC,    22, -6.860257983208e-01, 1.404151817042e-06, 9.0428e+00, 2.3129e-01, 
 2DIAGNOSTIC,    23, -6.860257387161e-01, 1.358452209388e-06, 9.2760e+00, 2.3317e-01, 
 2DIAGNOSTIC,    24, -6.860258579254e-01, 1.306554167968e-06, 9.5098e+00, 2.3387e-01, 
 2DIAGNOSTIC,    25, -6.860258579254e-01, 1.256114160242e-06, 9.7471e+00, 2.3723e-01, 
 2DIAGNOSTIC,    26, -6.860257983208e-01, 1.222056084771e-06, 9.9832e+00, 2.3608e-01, 
 2DIAGNOSTIC,    27, -6.860257387161e-01, 1.174142653326e-06, 1.0219e+01, 2.3618e-01, 
 2DIAGNOSTIC,    28, -6.860256791115e-01, 1.132751890509e-06, 1.0468e+01, 2.4883e-01, 
 2DIAGNOSTIC,    29, -6.860256791115e-01, 1.092806201086e-06, 1.0708e+01, 2.4005e-01, 
 2DIAGNOSTIC,    30, -6.860256791115e-01, 1.055908796843e-06, 1.0941e+01, 2.3264e-01, 
 2DIAGNOSTIC,    31, -6.860257387161e-01, 1.021844468596e-06, 1.1176e+01, 2.3496e-01, 
DIAGNOSTIC,Iteration,metricValue,convergenceValue,ITERATION_TIME_INDEX,SINCE_LAST
 2DIAGNOSTIC,     1, -6.105177998543e-01, inf, 1.3709e+01, 2.5337e+00, 
  Elapsed time (stage 0): 1.4959e+01


Stage 1
  iterations = 1000x500x250x0
  convergence threshold = 1.0000e-06
  convergence window size = 10
  number of levels = 4
  using the Mattes MI metric (number of bins = 32, weight = 1.0000e+00)
  preprocessing:  winsorizing the image intensities
  preprocessing:  histogram matching the images
  Shrink factors (level 1 out of 4): [6, 6, 6]
  Shrink factors (level 2 out of 4): [4, 4, 4]
  Shrink factors (level 3 out of 4): [2, 2, 2]
  Shrink factors (level 4 out of 4): [1, 1, 1]
  smoothing sigmas per level: [4, 2, 1, 0]
  regular sampling (percentage = 2.5000e-01)

*** Running AffineTransform registration ***

DIAGNOSTIC,Iteration,metricValue,convergenceValue,ITERATION_TIME_INDEX,SINCE_LAST
 2DIAGNOSTIC,     1, -1.019432902336e+00, inf, 6.3805e-01, 6.3805e-01, 
 2DIAGNOSTIC,     2, -1.021816372871e+00, inf, 6.4848e-01, 1.0430e-02, 
 2DIAGNOSTIC,     3, -1.025678873062e+00, inf, 6.5777e-01, 9.2881e-03, 
 2DIAGNOSTIC,     4, -1.031437516212e+00, inf, 6.6688e-01, 9.1102e-03, 
 2DIAGNOSTIC,     5, -1.038898944855e+00, inf, 6.7599e-01, 9.1090e-03, 
 2DIAGNOSTIC,     6, -1.047950625420e+00, inf, 6.8483e-01, 8.8429e-03, 
 2DIAGNOSTIC,     7, -1.056933522224e+00, inf, 6.9390e-01, 9.0740e-03, 
 2DIAGNOSTIC,     8, -1.064359307289e+00, inf, 7.0426e-01, 1.0356e-02, 
 2DIAGNOSTIC,     9, -1.066772699356e+00, inf, 7.1671e-01, 1.2452e-02, 
 2DIAGNOSTIC,    10, -1.066906332970e+00, 3.468753071502e-03, 7.2758e-01, 1.0870e-02, 
 2DIAGNOSTIC,    11, -1.066901445389e+00, 2.949000336230e-03, 7.3827e-01, 1.0687e-02, 
 2DIAGNOSTIC,    12, -1.066889166832e+00, 2.305249217898e-03, 7.4701e-01, 8.7440e-03, 
 2DIAGNOSTIC,    13, -1.066880106926e+00, 1.632935018279e-03, 7.5581e-01, 8.7941e-03, 
 2DIAGNOSTIC,    14, -1.066891789436e+00, 1.021218718961e-03, 7.6662e-01, 1.0814e-02, 
 2DIAGNOSTIC,    15, -1.066874146461e+00, 5.326787941158e-04, 7.7623e-01, 9.6118e-03, 
 2DIAGNOSTIC,    16, -1.066892385483e+00, 2.083184372168e-04, 7.8502e-01, 8.7900e-03, 
 2DIAGNOSTIC,    17, -1.066881895065e+00, 4.313428507885e-05, 7.9379e-01, 8.7671e-03, 
 2DIAGNOSTIC,    18, -1.066934466362e+00, 3.720313316080e-06, 8.0348e-01, 9.6941e-03, 
 2DIAGNOSTIC,    19, -1.066993594170e+00, 3.307167162347e-06, 8.1322e-01, 9.7330e-03, 
 2DIAGNOSTIC,    20, -1.066951751709e+00, 4.005648861494e-06, 8.2293e-01, 9.7091e-03, 
 2DIAGNOSTIC,    21, -1.066967725754e+00, 4.594142865244e-06, 8.3302e-01, 1.0097e-02, 
 2DIAGNOSTIC,    22, -1.066873550415e+00, 3.541389787642e-06, 8.4321e-01, 1.0184e-02, 
 2DIAGNOSTIC,    23, -1.066932678223e+00, 2.982035994137e-06, 8.5454e-01, 1.1337e-02, 
 2DIAGNOSTIC,    24, -1.066970229149e+00, 2.838353111656e-06, 8.6576e-01, 1.1218e-02, 
 2DIAGNOSTIC,    25, -1.066971540451e+00, 2.376241809543e-06, 8.7700e-01, 1.1242e-02, 
 2DIAGNOSTIC,    26, -1.066971778870e+00, 2.074486474157e-06, 8.8674e-01, 9.7351e-03, 
 2DIAGNOSTIC,    27, -1.066996574402e+00, 1.862810336206e-06, 8.9564e-01, 8.9052e-03, 
 2DIAGNOSTIC,    28, -1.067061662674e+00, 2.698010575841e-06, 9.0669e-01, 1.1042e-02, 
 2DIAGNOSTIC,    29, -1.067076086998e+00, 3.985468538303e-06, 9.1665e-01, 9.9669e-03, 
 2DIAGNOSTIC,    30, -1.067045331001e+00, 4.264776634955e-06, 9.2560e-01, 8.9500e-03, 
 2DIAGNOSTIC,    31, -1.067089319229e+00, 4.794474079972e-06, 9.3568e-01, 1.0077e-02, 
 2DIAGNOSTIC,    32, -1.067057371140e+00, 3.850079792755e-06, 9.4462e-01, 8.9440e-03, 
 2DIAGNOSTIC,    33, -1.067099332809e+00, 3.503374500724e-06, 9.5476e-01, 1.0135e-02, 
 2DIAGNOSTIC,    34, -1.067127943039e+00, 3.451527163634e-06, 9.6387e-01, 9.1102e-03, 
 2DIAGNOSTIC,    35, -1.067196369171e+00, 3.704482423927e-06, 9.7397e-01, 1.0104e-02, 
 2DIAGNOSTIC,    36, -1.067269682884e+00, 4.217119567329e-06, 9.8391e-01, 9.9370e-03, 
 2DIAGNOSTIC,    37, -1.067230105400e+00, 4.258006356395e-06, 9.9388e-01, 9.9649e-03, 
 2DIAGNOSTIC,    38, -1.067249298096e+00, 4.584440830513e-06, 1.0040e+00, 1.0174e-02, 
 2DIAGNOSTIC,    39, -1.067182421684e+00, 4.178336439509e-06, 1.0129e+00, 8.8780e-03, 
 2DIAGNOSTIC,    40, -1.067188620567e+00, 3.301323204141e-06, 1.0240e+00, 1.1099e-02, 
 2DIAGNOSTIC,    41, -1.067142844200e+00, 2.216144821432e-06, 1.0344e+00, 1.0329e-02, 
DIAGNOSTIC,Iteration,metricValue,convergenceValue,ITERATION_TIME_INDEX,SINCE_LAST
 2DIAGNOSTIC,     1, -8.168420195580e-01, inf, 1.7096e+00, 6.7520e-01, 
 2DIAGNOSTIC,     2, -8.176766037941e-01, inf, 1.7449e+00, 3.5316e-02, 
 2DIAGNOSTIC,     3, -8.185240030289e-01, inf, 1.7810e+00, 3.6170e-02, 
 2DIAGNOSTIC,     4, -8.192788362503e-01, inf, 1.8170e+00, 3.5919e-02, 
 2DIAGNOSTIC,     5, -8.197869658470e-01, inf, 1.8531e+00, 3.6133e-02, 
 2DIAGNOSTIC,     6, -8.201566934586e-01, inf, 1.8928e+00, 3.9690e-02, 
 2DIAGNOSTIC,     7, -8.202793002129e-01, inf, 1.9415e+00, 4.8668e-02, 
 2DIAGNOSTIC,     8, -8.203039169312e-01, inf, 1.9901e+00, 4.8667e-02, 
 2DIAGNOSTIC,     9, -8.203299641609e-01, inf, 2.0310e+00, 4.0884e-02, 
 2DIAGNOSTIC,    10, -8.203417658806e-01, 2.666515938472e-04, 2.0663e+00, 3.5256e-02, 
 2DIAGNOSTIC,    11, -8.203358650208e-01, 1.683288137428e-04, 2.1019e+00, 3.5622e-02, 
 2DIAGNOSTIC,    12, -8.203662633896e-01, 9.629414125811e-05, 2.1467e+00, 4.4859e-02, 
 2DIAGNOSTIC,    13, -8.203852176666e-01, 4.970877125743e-05, 2.1871e+00, 4.0366e-02, 
 2DIAGNOSTIC,    14, -8.203642964363e-01, 2.344773020013e-05, 2.2230e+00, 3.5929e-02, 
 2DIAGNOSTIC,    15, -8.203867673874e-01, 1.084563700715e-05, 2.2587e+00, 3.5665e-02, 
 2DIAGNOSTIC,    16, -8.203999996185e-01, 7.244126663863e-06, 2.3080e+00, 4.9273e-02, 
 2DIAGNOSTIC,    17, -8.203999996185e-01, 6.058674898668e-06, 2.3528e+00, 4.4835e-02, 
 2DIAGNOSTIC,    18, -8.203903436661e-01, 4.896272912447e-06, 2.3979e+00, 4.5119e-02, 
 2DIAGNOSTIC,    19, -8.203845024109e-01, 3.949292477046e-06, 2.4382e+00, 4.0247e-02, 
 2DIAGNOSTIC,    20, -8.203796148300e-01, 3.015072479684e-06, 2.4784e+00, 4.0202e-02, 
 2DIAGNOSTIC,    21, -8.203753829002e-01, 1.847227622420e-06, 2.5186e+00, 4.0169e-02, 
 2DIAGNOSTIC,    22, -8.203723430634e-01, 1.178224351861e-06, 2.5537e+00, 3.5136e-02, 
DIAGNOSTIC,Iteration,metricValue,convergenceValue,ITERATION_TIME_INDEX,SINCE_LAST
 2DIAGNOSTIC,     1, -7.129091024399e-01, inf, 3.5624e+00, 1.0087e+00, 
 2DIAGNOSTIC,     2, -7.132298350334e-01, inf, 3.8056e+00, 2.4320e-01, 
 2DIAGNOSTIC,     3, -7.133769989014e-01, inf, 4.0693e+00, 2.6369e-01, 
 2DIAGNOSTIC,     4, -7.134574055672e-01, inf, 4.3084e+00, 2.3909e-01, 
 2DIAGNOSTIC,     5, -7.135017514229e-01, inf, 4.6116e+00, 3.0324e-01, 
 2DIAGNOSTIC,     6, -7.135281562805e-01, inf, 5.0284e+00, 4.1680e-01, 
 2DIAGNOSTIC,     7, -7.135267257690e-01, inf, 5.2971e+00, 2.6872e-01, 
 2DIAGNOSTIC,     8, -7.135257720947e-01, inf, 5.5994e+00, 3.0229e-01, 
 2DIAGNOSTIC,     9, -7.135226726532e-01, inf, 5.9375e+00, 3.3806e-01, 
 2DIAGNOSTIC,    10, -7.135217785835e-01, 4.340503073763e-05, 6.2929e+00, 3.5540e-01, 
 2DIAGNOSTIC,    11, -7.135213017464e-01, 2.008558840316e-05, 6.5848e+00, 2.9187e-01, 
 2DIAGNOSTIC,    12, -7.135216593742e-01, 9.683206371847e-06, 6.8579e+00, 2.7310e-01, 
 2DIAGNOSTIC,    13, -7.135204076767e-01, 4.676755906985e-06, 7.1616e+00, 3.0373e-01, 
 2DIAGNOSTIC,    14, -7.135205268860e-01, 2.449235125823e-06, 7.4369e+00, 2.7525e-01, 
 2DIAGNOSTIC,    15, -7.135206460953e-01, 1.662921931711e-06, 7.7441e+00, 3.0721e-01, 
 2DIAGNOSTIC,    16, -7.135207056999e-01, 1.674971258581e-06, 8.0216e+00, 2.7756e-01, 
 2DIAGNOSTIC,    17, -7.135206460953e-01, 1.679005777078e-06, 8.3179e+00, 2.9627e-01, 
 2DIAGNOSTIC,    18, -7.135203480721e-01, 1.674739905866e-06, 8.6312e+00, 3.1333e-01, 
 2DIAGNOSTIC,    19, -7.135203480721e-01, 1.615294422663e-06, 8.8991e+00, 2.6793e-01, 
 2DIAGNOSTIC,    20, -7.135203480721e-01, 1.549280568724e-06, 9.1699e+00, 2.7074e-01, 
 2DIAGNOSTIC,    21, -7.135201692581e-01, 1.480408741372e-06, 9.4443e+00, 2.7439e-01, 
 2DIAGNOSTIC,    22, -7.135202288628e-01, 1.429409053344e-06, 9.7474e+00, 3.0314e-01, 
 2DIAGNOSTIC,    23, -7.135202288628e-01, 1.362725129184e-06, 1.0032e+01, 2.8483e-01, 
 2DIAGNOSTIC,    24, -7.135201692581e-01, 1.304422198700e-06, 1.0311e+01, 2.7829e-01, 
 2DIAGNOSTIC,    25, -7.135200500488e-01, 1.252700144505e-06, 1.0610e+01, 2.9949e-01, 
 2DIAGNOSTIC,    26, -7.135201096535e-01, 1.208698222399e-06, 1.0879e+01, 2.6945e-01, 
 2DIAGNOSTIC,    27, -7.135201096535e-01, 1.168534254248e-06, 1.1155e+01, 2.7594e-01, 
 2DIAGNOSTIC,    28, -7.135200500488e-01, 1.127005475610e-06, 1.1431e+01, 2.7541e-01, 
 2DIAGNOSTIC,    29, -7.135200500488e-01, 1.089243141905e-06, 1.1703e+01, 2.7263e-01, 
 2DIAGNOSTIC,    30, -7.135199308395e-01, 1.053239316207e-06, 1.1977e+01, 2.7310e-01, 
 2DIAGNOSTIC,    31, -7.135200500488e-01, 1.019458636620e-06, 1.2245e+01, 2.6844e-01, 
DIAGNOSTIC,Iteration,metricValue,convergenceValue,ITERATION_TIME_INDEX,SINCE_LAST
 2DIAGNOSTIC,     1, -6.350188851357e-01, inf, 1.4990e+01, 2.7445e+00, 
  Elapsed time (stage 1): 1.6182e+01


Stage 2
  iterations = 100x100x70x20
  convergence threshold = 1.0000e-09
  convergence window size = 10
  number of levels = 4
  using the CC metric (radius = 4, weight = 1.0000e+00)
  preprocessing:  winsorizing the image intensities
  preprocessing:  histogram matching the images
  Shrink factors (level 1 out of 4): [6, 6, 6]
  Shrink factors (level 2 out of 4): [4, 4, 4]
  Shrink factors (level 3 out of 4): [2, 2, 2]
  Shrink factors (level 4 out of 4): [1, 1, 1]
  smoothing sigmas per level: [3, 2, 1, 0]
  Using default NONE metricSamplingStrategy 

*** Running SyN registration (varianceForUpdateField = 3.0000e+00, varianceForTotalField = 0.0000e+00) ***

XXDIAGNOSTIC,Iteration,metricValue,convergenceValue,ITERATION_TIME_INDEX,SINCE_LAST
 1DIAGNOSTIC,     1, -9.006836414337e-01, inf, 1.3773e+00, 1.3773e+00, 
 1DIAGNOSTIC,     2, -9.062224626541e-01, inf, 2.1729e+00, 7.9558e-01, 
 1DIAGNOSTIC,     3, -9.123229384422e-01, inf, 2.9330e+00, 7.6016e-01, 
 1DIAGNOSTIC,     4, -9.176208972931e-01, inf, 3.7389e+00, 8.0589e-01, 
 1DIAGNOSTIC,     5, -9.212936162949e-01, inf, 4.5344e+00, 7.9547e-01, 
 1DIAGNOSTIC,     6, -9.243164062500e-01, inf, 5.3544e+00, 8.2002e-01, 
 1DIAGNOSTIC,     7, -9.267824888229e-01, inf, 6.1471e+00, 7.9270e-01, 
 1DIAGNOSTIC,     8, -9.287718534470e-01, inf, 6.9407e+00, 7.9362e-01, 
 1DIAGNOSTIC,     9, -9.303967356682e-01, inf, 7.7200e+00, 7.7924e-01, 
 1DIAGNOSTIC,    10, -9.317952394485e-01, 2.120991935953e-03, 8.5346e+00, 8.1462e-01, 
 1DIAGNOSTIC,    11, -9.330169558525e-01, 1.592462765984e-03, 9.3321e+00, 7.9754e-01, 
 1DIAGNOSTIC,    12, -9.340958595276e-01, 1.177877420560e-03, 1.0162e+01, 8.2999e-01, 
 1DIAGNOSTIC,    13, -9.350570440292e-01, 8.865976706147e-04, 1.0932e+01, 7.6941e-01, 
 1DIAGNOSTIC,    14, -9.359154701233e-01, 6.909969961271e-04, 1.1764e+01, 8.3239e-01, 
 1DIAGNOSTIC,    15, -9.366924762726e-01, 5.489749019034e-04, 1.2581e+01, 8.1667e-01, 
 1DIAGNOSTIC,    16, -9.373941421509e-01, 4.453644505702e-04, 1.3377e+01, 7.9682e-01, 
 1DIAGNOSTIC,    17, -9.380371570587e-01, 3.687092685141e-04, 1.4237e+01, 8.5993e-01, 
 1DIAGNOSTIC,    18, -9.386204481125e-01, 3.100891772192e-04, 1.5025e+01, 7.8762e-01, 
 1DIAGNOSTIC,    19, -9.391578435898e-01, 2.635908895172e-04, 1.5849e+01, 8.2392e-01, 
 1DIAGNOSTIC,    20, -9.396468400955e-01, 2.260054170620e-04, 1.6685e+01, 8.3577e-01, 
 1DIAGNOSTIC,    21, -9.401018619537e-01, 1.952735910891e-04, 1.7464e+01, 7.7950e-01, 
 1DIAGNOSTIC,    22, -9.405152201653e-01, 1.697671250440e-04, 1.8330e+01, 8.6600e-01, 
 1DIAGNOSTIC,    23, -9.408999681473e-01, 1.484277454438e-04, 1.9144e+01, 8.1350e-01, 
 1DIAGNOSTIC,    24, -9.412618875504e-01, 1.304492470808e-04, 1.9944e+01, 7.9997e-01, 
 1DIAGNOSTIC,    25, -9.415933489799e-01, 1.151737596956e-04, 2.0780e+01, 8.3610e-01, 
 1DIAGNOSTIC,    26, -9.418971538544e-01, 1.020324634737e-04, 2.1554e+01, 7.7448e-01, 
 1DIAGNOSTIC,    27, -9.421821236610e-01, 9.074163244804e-05, 2.2340e+01, 7.8607e-01, 
 1DIAGNOSTIC,    28, -9.424461722374e-01, 8.093404176179e-05, 2.3199e+01, 8.5868e-01, 
 1DIAGNOSTIC,    29, -9.426922202110e-01, 7.240865670610e-05, 2.3978e+01, 7.7955e-01, 
 1DIAGNOSTIC,    30, -9.429222345352e-01, 6.492770626210e-05, 2.4819e+01, 8.4041e-01, 
 1DIAGNOSTIC,    31, -9.431346654892e-01, 5.836990021635e-05, 2.5664e+01, 8.4556e-01, 
 1DIAGNOSTIC,    32, -9.433348178864e-01, 5.256079748506e-05, 2.6458e+01, 7.9344e-01, 
 1DIAGNOSTIC,    33, -9.435187578201e-01, 4.739632277051e-05, 2.7322e+01, 8.6400e-01, 
 1DIAGNOSTIC,    34, -9.436929821968e-01, 4.287161209504e-05, 2.8151e+01, 8.2862e-01, 
 1DIAGNOSTIC,    35, -9.438566565514e-01, 3.887546699843e-05, 2.8939e+01, 7.8867e-01, 
 1DIAGNOSTIC,    36, -9.440091848373e-01, 3.530068352120e-05, 2.9752e+01, 8.1320e-01, 
 1DIAGNOSTIC,    37, -9.441490769386e-01, 3.209462011000e-05, 3.0558e+01, 8.0598e-01, 
 1DIAGNOSTIC,    38, -9.442896842957e-01, 2.928343019448e-05, 3.1352e+01, 7.9387e-01, 
 1DIAGNOSTIC,    39, -9.444155097008e-01, 2.676736039575e-05, 3.2175e+01, 8.2261e-01, 
 1DIAGNOSTIC,    40, -9.445327520370e-01, 2.450912870700e-05, 3.2960e+01, 7.8481e-01, 
 1DIAGNOSTIC,    41, -9.446407556534e-01, 2.244465758849e-05, 3.3825e+01, 8.6490e-01, 
 1DIAGNOSTIC,    42, -9.447445869446e-01, 2.058306927211e-05, 3.4666e+01, 8.4136e-01, 
 1DIAGNOSTIC,    43, -9.448441267014e-01, 1.889114719233e-05, 3.5447e+01, 7.8127e-01, 
 1DIAGNOSTIC,    44, -9.449355602264e-01, 1.735096884659e-05, 3.6284e+01, 8.3685e-01, 
 1DIAGNOSTIC,    45, -9.450277090073e-01, 1.599541792530e-05, 3.7096e+01, 8.1228e-01, 
 1DIAGNOSTIC,    46, -9.451119303703e-01, 1.478000376665e-05, 3.7891e+01, 7.9459e-01, 
 1DIAGNOSTIC,    47, -9.451942443848e-01, 1.368387165712e-05, 3.8708e+01, 8.1697e-01, 
 1DIAGNOSTIC,    48, -9.452700018883e-01, 1.273883935937e-05, 3.9509e+01, 8.0100e-01, 
 1DIAGNOSTIC,    49, -9.453442096710e-01, 1.189907379739e-05, 4.0332e+01, 8.2352e-01, 
 1DIAGNOSTIC,    50, -9.454064369202e-01, 1.108966262109e-05, 4.1141e+01, 8.0887e-01, 
 1DIAGNOSTIC,    51, -9.454739093781e-01, 1.034140223055e-05, 4.1947e+01, 8.0520e-01, 
 1DIAGNOSTIC,    52, -9.455370903015e-01, 9.651015716372e-06, 4.2769e+01, 8.2261e-01, 
 1DIAGNOSTIC,    53, -9.455925822258e-01, 8.995011739898e-06, 4.3589e+01, 8.1989e-01, 
 1DIAGNOSTIC,    54, -9.456464648247e-01, 8.363443157577e-06, 4.4389e+01, 7.9993e-01, 
 1DIAGNOSTIC,    55, -9.456965923309e-01, 7.783683031448e-06, 4.5185e+01, 7.9566e-01, 
 1DIAGNOSTIC,    56, -9.457451105118e-01, 7.241707862704e-06, 4.5954e+01, 7.6905e-01, 
 1DIAGNOSTIC,    57, -9.457952380180e-01, 6.772708729841e-06, 4.6737e+01, 7.8382e-01, 
 1DIAGNOSTIC,    58, -9.458390474319e-01, 6.338501862047e-06, 4.7527e+01, 7.8927e-01, 
 1DIAGNOSTIC,    59, -9.458793997765e-01, 5.945032171439e-06, 4.8313e+01, 7.8604e-01, 
 1DIAGNOSTIC,    60, -9.459198713303e-01, 5.556810720009e-06, 4.9146e+01, 8.3312e-01, 
 1DIAGNOSTIC,    61, -9.459618330002e-01, 5.234204763838e-06, 4.9923e+01, 7.7720e-01, 
 1DIAGNOSTIC,    62, -9.459963440895e-01, 4.939135124005e-06, 5.0778e+01, 8.5508e-01, 
 1DIAGNOSTIC,    63, -9.460346698761e-01, 4.673430339608e-06, 5.1583e+01, 8.0504e-01, 
 1DIAGNOSTIC,    64, -9.460662603378e-01, 4.414337126946e-06, 5.2443e+01, 8.6001e-01, 
 1DIAGNOSTIC,    65, -9.460954666138e-01, 4.151238954364e-06, 5.3266e+01, 8.2286e-01, 
 1DIAGNOSTIC,    66, -9.461290240288e-01, 3.915059096471e-06, 5.4034e+01, 7.6828e-01, 
 1DIAGNOSTIC,    67, -9.461585283279e-01, 3.710135388246e-06, 5.4877e+01, 8.4225e-01, 
 1DIAGNOSTIC,    68, -9.461850523949e-01, 3.508884901748e-06, 5.5691e+01, 8.1445e-01, 
 1DIAGNOSTIC,    69, -9.462091922760e-01, 3.300126309114e-06, 5.6461e+01, 7.6962e-01, 
 1DIAGNOSTIC,    70, -9.462378025055e-01, 3.118962695225e-06, 5.7282e+01, 8.2178e-01, 
 1DIAGNOSTIC,    71, -9.462614655495e-01, 2.961948212032e-06, 5.8057e+01, 7.7408e-01, 
 1DIAGNOSTIC,    72, -9.462849497795e-01, 2.806872544170e-06, 5.8860e+01, 8.0308e-01, 
 1DIAGNOSTIC,    73, -9.463049769402e-01, 2.667462922545e-06, 5.9646e+01, 7.8658e-01, 
 1DIAGNOSTIC,    74, -9.463292956352e-01, 2.543245045672e-06, 6.0450e+01, 8.0419e-01, 
 1DIAGNOSTIC,    75, -9.463495612144e-01, 2.414390564809e-06, 6.1272e+01, 8.2134e-01, 
 1DIAGNOSTIC,    76, -9.463701248169e-01, 2.309590627192e-06, 6.2049e+01, 7.7750e-01, 
 1DIAGNOSTIC,    77, -9.463843107224e-01, 2.194691660407e-06, 6.2867e+01, 8.1738e-01, 
 1DIAGNOSTIC,    78, -9.464051723480e-01, 2.093371904266e-06, 6.3660e+01, 7.9315e-01, 
 1DIAGNOSTIC,    79, -9.464226961136e-01, 1.988375288420e-06, 6.4473e+01, 8.1337e-01, 
 1DIAGNOSTIC,    80, -9.464402198792e-01, 1.905069439090e-06, 6.5332e+01, 8.5872e-01, 
 1DIAGNOSTIC,    81, -9.464530348778e-01, 1.812774030441e-06, 6.6163e+01, 8.3127e-01, 
 1DIAGNOSTIC,    82, -9.464716911316e-01, 1.740218181112e-06, 6.6950e+01, 7.8666e-01, 
 1DIAGNOSTIC,    83, -9.464861154556e-01, 1.661866008362e-06, 6.7832e+01, 8.8190e-01, 
 1DIAGNOSTIC,    84, -9.465006589890e-01, 1.599901452209e-06, 6.8645e+01, 8.1296e-01, 
 1DIAGNOSTIC,    85, -9.465111494064e-01, 1.529342966933e-06, 6.9431e+01, 7.8597e-01, 
 1DIAGNOSTIC,    86, -9.465271234512e-01, 1.476890702179e-06, 7.0295e+01, 8.6388e-01, 
 1DIAGNOSTIC,    87, -9.465401172638e-01, 1.411041921529e-06, 7.1081e+01, 7.8656e-01, 
 1DIAGNOSTIC,    88, -9.465526342392e-01, 1.358768940918e-06, 7.1898e+01, 8.1705e-01, 
 1DIAGNOSTIC,    89, -9.465614557266e-01, 1.299704422308e-06, 7.2728e+01, 8.2974e-01, 
 1DIAGNOSTIC,    90, -9.465756416321e-01, 1.257088229067e-06, 7.3530e+01, 8.0203e-01, 
 1DIAGNOSTIC,    91, -9.465847611427e-01, 1.199043708766e-06, 7.4302e+01, 7.7255e-01, 
 1DIAGNOSTIC,    92, -9.465950727463e-01, 1.154206756837e-06, 7.5107e+01, 8.0493e-01, 
 1DIAGNOSTIC,    93, -9.466025829315e-01, 1.102593955693e-06, 7.5899e+01, 7.9195e-01, 
 1DIAGNOSTIC,    94, -9.466132521629e-01, 1.059345549947e-06, 7.6683e+01, 7.8409e-01, 
 1DIAGNOSTIC,    95, -9.466183185577e-01, 9.954089819075e-07, 7.7465e+01, 7.8150e-01, 
 1DIAGNOSTIC,    96, -9.466276168823e-01, 9.478141578256e-07, 7.8306e+01, 8.4069e-01, 
 1DIAGNOSTIC,    97, -9.466335773468e-01, 8.997737381833e-07, 7.9107e+01, 8.0162e-01, 
 1DIAGNOSTIC,    98, -9.466425180435e-01, 8.632461003799e-07, 7.9898e+01, 7.9077e-01, 
 1DIAGNOSTIC,    99, -9.466484785080e-01, 8.193418921110e-07, 8.0751e+01, 8.5256e-01, 
 1DIAGNOSTIC,   100, -9.466562867165e-01, 7.941953299451e-07, 8.1518e+01, 7.6722e-01, 
XXDIAGNOSTIC,Iteration,metricValue,convergenceValue,ITERATION_TIME_INDEX,SINCE_LAST
 1DIAGNOSTIC,     1, -8.745675086975e-01, inf, 8.4700e+01, 3.1822e+00, 
 1DIAGNOSTIC,     2, -8.754843473434e-01, inf, 8.7300e+01, 2.5998e+00, 
 1DIAGNOSTIC,     3, -8.768460154533e-01, inf, 8.9949e+01, 2.6496e+00, 
 1DIAGNOSTIC,     4, -8.780640959740e-01, inf, 9.2582e+01, 2.6324e+00, 
 1DIAGNOSTIC,     5, -8.791659474373e-01, inf, 9.5155e+01, 2.5731e+00, 
 1DIAGNOSTIC,     6, -8.802882432938e-01, inf, 9.7793e+01, 2.6377e+00, 
 1DIAGNOSTIC,     7, -8.813618421555e-01, inf, 1.0042e+02, 2.6319e+00, 
 1DIAGNOSTIC,     8, -8.823904991150e-01, inf, 1.0309e+02, 2.6692e+00, 
 1DIAGNOSTIC,     9, -8.832812309265e-01, inf, 1.0568e+02, 2.5879e+00, 
 1DIAGNOSTIC,    10, -8.840995430946e-01, 7.128134020604e-04, 1.0828e+02, 2.5945e+00, 
 1DIAGNOSTIC,    11, -8.847792744637e-01, 6.187807884999e-04, 1.1094e+02, 2.6620e+00, 
 1DIAGNOSTIC,    12, -8.853981494904e-01, 5.258371820673e-04, 1.1355e+02, 2.6150e+00, 
 1DIAGNOSTIC,    13, -8.859653472900e-01, 4.472972650547e-04, 1.1623e+02, 2.6794e+00, 
 1DIAGNOSTIC,    14, -8.864824771881e-01, 3.791400522459e-04, 1.1880e+02, 2.5635e+00, 
 1DIAGNOSTIC,    15, -8.869588971138e-01, 3.192049043719e-04, 1.2136e+02, 2.5628e+00, 
 1DIAGNOSTIC,    16, -8.874008059502e-01, 2.688516688067e-04, 1.2402e+02, 2.6582e+00, 
 1DIAGNOSTIC,    17, -8.878059387207e-01, 2.275496517541e-04, 1.2659e+02, 2.5683e+00, 
 1DIAGNOSTIC,    18, -8.881840705872e-01, 1.948802528204e-04, 1.2920e+02, 2.6120e+00, 
 1DIAGNOSTIC,    19, -8.885272741318e-01, 1.684011513134e-04, 1.3178e+02, 2.5864e+00, 
 1DIAGNOSTIC,    20, -8.888465166092e-01, 1.471864961786e-04, 1.3439e+02, 2.6064e+00, 
 1DIAGNOSTIC,    21, -8.891494274139e-01, 1.293101522606e-04, 1.3699e+02, 2.5981e+00, 
 1DIAGNOSTIC,    22, -8.894283175468e-01, 1.140947424574e-04, 1.3967e+02, 2.6794e+00, 
 1DIAGNOSTIC,    23, -8.896933197975e-01, 1.011622225633e-04, 1.4226e+02, 2.5964e+00, 
 1DIAGNOSTIC,    24, -8.899392485619e-01, 9.005476749735e-05, 1.4494e+02, 2.6804e+00, 
 1DIAGNOSTIC,    25, -8.901690244675e-01, 8.047510345932e-05, 1.4752e+02, 2.5766e+00, 
 1DIAGNOSTIC,    26, -8.903864026070e-01, 7.223430293379e-05, 1.5010e+02, 2.5797e+00, 
 1DIAGNOSTIC,    27, -8.905920982361e-01, 6.509327795357e-05, 1.5273e+02, 2.6273e+00, 
 1DIAGNOSTIC,    28, -8.907785415649e-01, 5.883165431442e-05, 1.5533e+02, 2.5978e+00, 
 1DIAGNOSTIC,    29, -8.909618854523e-01, 5.331570719136e-05, 1.5801e+02, 2.6856e+00, 
 1DIAGNOSTIC,    30, -8.911345005035e-01, 4.842805719818e-05, 1.6064e+02, 2.6270e+00, 
 1DIAGNOSTIC,    31, -8.912968039513e-01, 4.413019269123e-05, 1.6326e+02, 2.6258e+00, 
 1DIAGNOSTIC,    32, -8.914536237717e-01, 4.033244476886e-05, 1.6592e+02, 2.6514e+00, 
 1DIAGNOSTIC,    33, -8.916065692902e-01, 3.704885966727e-05, 1.6858e+02, 2.6647e+00, 
 1DIAGNOSTIC,    34, -8.917468190193e-01, 3.413076046854e-05, 1.7130e+02, 2.7165e+00, 
 1DIAGNOSTIC,    35, -8.918836116791e-01, 3.154342266498e-05, 1.7383e+02, 2.5369e+00, 
 1DIAGNOSTIC,    36, -8.920056819916e-01, 2.917193342000e-05, 1.7646e+02, 2.6256e+00, 
 1DIAGNOSTIC,    37, -8.921244740486e-01, 2.701661105675e-05, 1.7916e+02, 2.7002e+00, 
 1DIAGNOSTIC,    38, -8.922401070595e-01, 2.499923539290e-05, 1.8182e+02, 2.6617e+00, 
 1DIAGNOSTIC,    39, -8.923491835594e-01, 2.315512938367e-05, 1.8448e+02, 2.6593e+00, 
 1DIAGNOSTIC,    40, -8.924535512924e-01, 2.146537008230e-05, 1.8713e+02, 2.6501e+00, 
 1DIAGNOSTIC,    41, -8.925536274910e-01, 1.991162389459e-05, 1.8958e+02, 2.4488e+00, 
 1DIAGNOSTIC,    42, -8.926532268524e-01, 1.853662615758e-05, 1.9200e+02, 2.4207e+00, 
 1DIAGNOSTIC,    43, -8.927457332611e-01, 1.733241333568e-05, 1.9449e+02, 2.4902e+00, 
 1DIAGNOSTIC,    44, -8.928371071815e-01, 1.626131052035e-05, 1.9711e+02, 2.6247e+00, 
 1DIAGNOSTIC,    45, -8.929237127304e-01, 1.532321402919e-05, 1.9974e+02, 2.6205e+00, 
 1DIAGNOSTIC,    46, -8.930056691170e-01, 1.442993288947e-05, 2.0234e+02, 2.6021e+00, 
 1DIAGNOSTIC,    47, -8.930905461311e-01, 1.362989587506e-05, 2.0493e+02, 2.5903e+00, 
 1DIAGNOSTIC,    48, -8.931685090065e-01, 1.289694500883e-05, 2.0757e+02, 2.6385e+00, 
 1DIAGNOSTIC,    49, -8.932397961617e-01, 1.218535544467e-05, 2.1013e+02, 2.5682e+00, 
 1DIAGNOSTIC,    50, -8.933083415031e-01, 1.149066611106e-05, 2.1272e+02, 2.5887e+00, 
 1DIAGNOSTIC,    51, -8.933795690536e-01, 1.084415271180e-05, 2.1530e+02, 2.5745e+00, 
 1DIAGNOSTIC,    52, -8.934454321861e-01, 1.024669109029e-05, 2.1788e+02, 2.5867e+00, 
 1DIAGNOSTIC,    53, -8.935061097145e-01, 9.659646821092e-06, 2.2050e+02, 2.6149e+00, 
 1DIAGNOSTIC,    54, -8.935658931732e-01, 9.110530299949e-06, 2.2316e+02, 2.6623e+00, 
 1DIAGNOSTIC,    55, -8.936278820038e-01, 8.617782441434e-06, 2.2570e+02, 2.5366e+00, 
 1DIAGNOSTIC,    56, -8.936675786972e-01, 8.053330020630e-06, 2.2830e+02, 2.6053e+00, 
 1DIAGNOSTIC,    57, -8.937237262726e-01, 7.573601578770e-06, 2.3092e+02, 2.6157e+00, 
 1DIAGNOSTIC,    58, -8.937703371048e-01, 7.113838819350e-06, 2.3356e+02, 2.6435e+00, 
 1DIAGNOSTIC,    59, -8.938047289848e-01, 6.603099791391e-06, 2.3619e+02, 2.6255e+00, 
 1DIAGNOSTIC,    60, -8.938581943512e-01, 6.170145752549e-06, 2.3879e+02, 2.6039e+00, 
 1DIAGNOSTIC,    61, -8.938822746277e-01, 5.699813300453e-06, 2.4134e+02, 2.5519e+00, 
 1DIAGNOSTIC,    62, -8.939186334610e-01, 5.269605026115e-06, 2.4398e+02, 2.6383e+00, 
 1DIAGNOSTIC,    63, -8.939610123634e-01, 4.911506039207e-06, 2.4657e+02, 2.5905e+00, 
 1DIAGNOSTIC,    64, -8.939819335938e-01, 4.534942490864e-06, 2.4918e+02, 2.6025e+00, 
 1DIAGNOSTIC,    65, -8.940174579620e-01, 4.259120487404e-06, 2.5177e+02, 2.5966e+00, 
 1DIAGNOSTIC,    66, -8.940338492393e-01, 3.893973371305e-06, 2.5432e+02, 2.5465e+00, 
 1DIAGNOSTIC,    67, -8.940556049347e-01, 3.579759550121e-06, 2.5694e+02, 2.6235e+00, 
 1DIAGNOSTIC,    68, -8.940784931183e-01, 3.298873252788e-06, 2.5958e+02, 2.6426e+00, 
 1DIAGNOSTIC,    69, -8.941057920456e-01, 3.032467930097e-06, 2.6216e+02, 2.5758e+00, 
 1DIAGNOSTIC,    70, -8.941223621368e-01, 2.843476977432e-06, 2.6478e+02, 2.6183e+00, 
 1DIAGNOSTIC,    71, -8.941386342049e-01, 2.609114744700e-06, 2.6742e+02, 2.6431e+00, 
 1DIAGNOSTIC,    72, -8.941600322723e-01, 2.426020955681e-06, 2.7008e+02, 2.6630e+00, 
 1DIAGNOSTIC,    73, -8.941817879677e-01, 2.334558530492e-06, 2.7266e+02, 2.5724e+00, 
 1DIAGNOSTIC,    74, -8.941924571991e-01, 2.193795126004e-06, 2.7527e+02, 2.6141e+00, 
 1DIAGNOSTIC,    75, -8.942043781281e-01, 2.088849669235e-06, 2.7782e+02, 2.5468e+00, 
 1DIAGNOSTIC,    76, -8.942229151726e-01, 1.972150585061e-06, 2.8039e+02, 2.5719e+00, 
 1DIAGNOSTIC,    77, -8.942404389381e-01, 1.868329150057e-06, 2.8297e+02, 2.5821e+00, 
 1DIAGNOSTIC,    78, -8.942444324493e-01, 1.733222802613e-06, 2.8553e+02, 2.5567e+00, 
 1DIAGNOSTIC,    79, -8.942582011223e-01, 1.640312234485e-06, 2.8816e+02, 2.6263e+00, 
 1DIAGNOSTIC,    80, -8.942712545395e-01, 1.547651322653e-06, 2.9076e+02, 2.6099e+00, 
 1DIAGNOSTIC,    81, -8.942859172821e-01, 1.465317382099e-06, 2.9336e+02, 2.5924e+00, 
 1DIAGNOSTIC,    82, -8.942869305611e-01, 1.365956563859e-06, 2.9593e+02, 2.5732e+00, 
 1DIAGNOSTIC,    83, -8.943001031876e-01, 1.310155425926e-06, 2.9851e+02, 2.5811e+00, 
 1DIAGNOSTIC,    84, -8.943058252335e-01, 1.227563416251e-06, 3.0109e+02, 2.5821e+00, 
 1DIAGNOSTIC,    85, -8.943145275116e-01, 1.140298422797e-06, 3.0366e+02, 2.5693e+00, 
 1DIAGNOSTIC,    86, -8.943207263947e-01, 1.071098836292e-06, 3.0624e+02, 2.5772e+00, 
 1DIAGNOSTIC,    87, -8.943253755569e-01, 1.017759132083e-06, 3.0882e+02, 2.5801e+00, 
 1DIAGNOSTIC,    88, -8.943226933479e-01, 9.068839403881e-07, 3.1147e+02, 2.6534e+00, 
 1DIAGNOSTIC,    89, -8.943335413933e-01, 8.336908763340e-07, 3.1412e+02, 2.6456e+00, 
 1DIAGNOSTIC,    90, -8.943424224854e-01, 7.916384561213e-07, 3.1677e+02, 2.6508e+00, 
 1DIAGNOSTIC,    91, -8.943356275558e-01, 7.354938702520e-07, 3.1943e+02, 2.6605e+00, 
 1DIAGNOSTIC,    92, -8.943419456482e-01, 6.695472052343e-07, 3.2206e+02, 2.6341e+00, 
 1DIAGNOSTIC,    93, -8.943325281143e-01, 5.863979595233e-07, 3.2465e+02, 2.5811e+00, 
 1DIAGNOSTIC,    94, -8.943483233452e-01, 5.542751750909e-07, 3.2729e+02, 2.6423e+00, 
 1DIAGNOSTIC,    95, -8.943438529968e-01, 5.136089953339e-07, 3.2996e+02, 2.6682e+00, 
 1DIAGNOSTIC,    96, -8.943679332733e-01, 5.579789785770e-07, 3.3261e+02, 2.6498e+00, 
 1DIAGNOSTIC,    97, -8.943412303925e-01, 5.065167556495e-07, 3.3528e+02, 2.6715e+00, 
 1DIAGNOSTIC,    98, -8.943617343903e-01, 4.993420930077e-07, 3.3794e+02, 2.6660e+00, 
 1DIAGNOSTIC,    99, -8.943632245064e-01, 5.121481194692e-07, 3.4059e+02, 2.6495e+00, 
 1DIAGNOSTIC,   100, -8.943660855293e-01, 5.431735417005e-07, 3.4325e+02, 2.6558e+00, 
XXDIAGNOSTIC,Iteration,metricValue,convergenceValue,ITERATION_TIME_INDEX,SINCE_LAST
 1DIAGNOSTIC,     1, -7.481243610382e-01, inf, 3.6520e+02, 2.1955e+01, 
 1DIAGNOSTIC,     2, -7.502077221870e-01, inf, 3.8638e+02, 2.1176e+01, 
 1DIAGNOSTIC,     3, -7.524878382683e-01, inf, 4.0752e+02, 2.1135e+01, 
 1DIAGNOSTIC,     4, -7.544603347778e-01, inf, 4.2882e+02, 2.1300e+01, 
 1DIAGNOSTIC,     5, -7.561807036400e-01, inf, 4.5009e+02, 2.1275e+01, 
 1DIAGNOSTIC,     6, -7.577030658722e-01, inf, 4.7165e+02, 2.1556e+01, 
 1DIAGNOSTIC,     7, -7.590904831886e-01, inf, 4.9301e+02, 2.1368e+01, 
 1DIAGNOSTIC,     8, -7.603423595428e-01, inf, 5.1440e+02, 2.1388e+01, 
 1DIAGNOSTIC,     9, -7.613840103149e-01, inf, 5.3587e+02, 2.1469e+01, 
 1DIAGNOSTIC,    10, -7.623293995857e-01, 1.201931852847e-03, 5.5741e+02, 2.1542e+01, 
 1DIAGNOSTIC,    11, -7.632856369019e-01, 9.829261107370e-04, 5.7841e+02, 2.0991e+01, 
 1DIAGNOSTIC,    12, -7.640761733055e-01, 8.012410835363e-04, 5.9916e+02, 2.0756e+01, 
 1DIAGNOSTIC,    13, -7.648889422417e-01, 6.637637270615e-04, 6.2002e+02, 2.0858e+01, 
 1DIAGNOSTIC,    14, -7.655572891235e-01, 5.558411940001e-04, 6.4061e+02, 2.0587e+01, 
 1DIAGNOSTIC,    15, -7.661771774292e-01, 4.696589312516e-04, 6.6134e+02, 2.0738e+01, 
 1DIAGNOSTIC,    16, -7.667495608330e-01, 3.998401225545e-04, 6.8215e+02, 2.0803e+01, 
 1DIAGNOSTIC,    17, -7.672834396362e-01, 3.433833189774e-04, 7.0304e+02, 2.0888e+01, 
 1DIAGNOSTIC,    18, -7.677752375603e-01, 2.974972885568e-04, 7.2404e+02, 2.1000e+01, 
 1DIAGNOSTIC,    19, -7.682406902313e-01, 2.583709429018e-04, 7.4477e+02, 2.0730e+01, 
 1DIAGNOSTIC,    20, -7.686653733253e-01, 2.245781797683e-04, 7.6548e+02, 2.0712e+01, 
 1DIAGNOSTIC,    21, -7.690564393997e-01, 1.969509030459e-04, 7.8615e+02, 2.0672e+01, 
 1DIAGNOSTIC,    22, -7.694315910339e-01, 1.730977965053e-04, 8.0691e+02, 2.0761e+01, 
 1DIAGNOSTIC,    23, -7.697879672050e-01, 1.540157973068e-04, 8.2753e+02, 2.0617e+01, 
 1DIAGNOSTIC,    24, -7.701144218445e-01, 1.374845742248e-04, 8.4856e+02, 2.1028e+01, 
 1DIAGNOSTIC,    25, -7.704209685326e-01, 1.231432397617e-04, 8.6940e+02, 2.0847e+01, 
 1DIAGNOSTIC,    26, -7.707030773163e-01, 1.105456540245e-04, 8.9028e+02, 2.0872e+01, 
 1DIAGNOSTIC,    27, -7.709729075432e-01, 9.954172855942e-05, 9.1111e+02, 2.0839e+01, 
 1DIAGNOSTIC,    28, -7.712213993073e-01, 8.976378740044e-05, 9.3194e+02, 2.0831e+01, 
 1DIAGNOSTIC,    29, -7.714579105377e-01, 8.119252743199e-05, 9.5278e+02, 2.0838e+01, 
 1DIAGNOSTIC,    30, -7.716841697693e-01, 7.359992741840e-05, 9.7382e+02, 2.1039e+01, 
 1DIAGNOSTIC,    31, -7.719008922577e-01, 6.683403626084e-05, 9.9492e+02, 2.1096e+01, 
 1DIAGNOSTIC,    32, -7.721021771431e-01, 6.086884604883e-05, 1.0159e+03, 2.0954e+01, 
 1DIAGNOSTIC,    33, -7.722990512848e-01, 5.574509123107e-05, 1.0367e+03, 2.0862e+01, 
 1DIAGNOSTIC,    34, -7.724873423576e-01, 5.127897748025e-05, 1.0576e+03, 2.0903e+01, 
 1DIAGNOSTIC,    35, -7.726612687111e-01, 4.732145316666e-05, 1.0785e+03, 2.0849e+01, 
 1DIAGNOSTIC,    36, -7.728323936462e-01, 4.378869562061e-05, 1.0997e+03, 2.1186e+01, 
 1DIAGNOSTIC,    37, -7.729923129082e-01, 4.062421794515e-05, 1.1205e+03, 2.0835e+01, 
 1DIAGNOSTIC,    38, -7.731436491013e-01, 3.769697286771e-05, 1.1414e+03, 2.0865e+01, 
 1DIAGNOSTIC,    39, -7.732863426208e-01, 3.497056241031e-05, 1.1623e+03, 2.0930e+01, 
 1DIAGNOSTIC,    40, -7.734222412109e-01, 3.244119579904e-05, 1.1835e+03, 2.1159e+01, 
 1DIAGNOSTIC,    41, -7.735540866852e-01, 3.013174136868e-05, 1.2047e+03, 2.1224e+01, 
 1DIAGNOSTIC,    42, -7.736815214157e-01, 2.799472713377e-05, 1.2256e+03, 2.0877e+01, 
 1DIAGNOSTIC,    43, -7.738063335419e-01, 2.609425973787e-05, 1.2464e+03, 2.0858e+01, 
 1DIAGNOSTIC,    44, -7.739178538322e-01, 2.435175883875e-05, 1.2674e+03, 2.0990e+01, 
 1DIAGNOSTIC,    45, -7.740287780762e-01, 2.274489452248e-05, 1.2880e+03, 2.0610e+01, 
 1DIAGNOSTIC,    46, -7.741351127625e-01, 2.130677967216e-05, 1.3092e+03, 2.1170e+01, 
 1DIAGNOSTIC,    47, -7.742367386818e-01, 1.999140658882e-05, 1.3302e+03, 2.1039e+01, 
 1DIAGNOSTIC,    48, -7.743308544159e-01, 1.875126690720e-05, 1.3512e+03, 2.1012e+01, 
 1DIAGNOSTIC,    49, -7.744209766388e-01, 1.756781784934e-05, 1.3721e+03, 2.0883e+01, 
 1DIAGNOSTIC,    50, -7.745051980019e-01, 1.642043935135e-05, 1.3931e+03, 2.0941e+01, 
 1DIAGNOSTIC,    51, -7.745836377144e-01, 1.531150155643e-05, 1.4143e+03, 2.1197e+01, 
 1DIAGNOSTIC,    52, -7.746564149857e-01, 1.424276251782e-05, 1.4352e+03, 2.0898e+01, 
 1DIAGNOSTIC,    53, -7.747287154198e-01, 1.326754045294e-05, 1.4562e+03, 2.1077e+01, 
 1DIAGNOSTIC,    54, -7.747941017151e-01, 1.230882207892e-05, 1.4773e+03, 2.1016e+01, 
 1DIAGNOSTIC,    55, -7.748578786850e-01, 1.142041946878e-05, 1.4980e+03, 2.0748e+01, 
 1DIAGNOSTIC,    56, -7.749220728874e-01, 1.063515628630e-05, 1.5187e+03, 2.0688e+01, 
 1DIAGNOSTIC,    57, -7.749869227409e-01, 9.977277841244e-06, 1.5394e+03, 2.0745e+01, 
 1DIAGNOSTIC,    58, -7.750437259674e-01, 9.385939847562e-06, 1.5603e+03, 2.0846e+01, 
 1DIAGNOSTIC,    59, -7.750892639160e-01, 8.804700883047e-06, 1.5810e+03, 2.0715e+01, 
 1DIAGNOSTIC,    60, -7.751389741898e-01, 8.265213182312e-06, 1.6018e+03, 2.0837e+01, 
 1DIAGNOSTIC,    61, -7.751836776733e-01, 7.735642611806e-06, 1.6227e+03, 2.0870e+01, 
 1DIAGNOSTIC,    62, -7.752245664597e-01, 7.196453680081e-06, 1.6434e+03, 2.0653e+01, 
 1DIAGNOSTIC,    63, -7.752691507339e-01, 6.709581157338e-06, 1.6643e+03, 2.0937e+01, 
 1DIAGNOSTIC,    64, -7.753080725670e-01, 6.235964065127e-06, 1.6850e+03, 2.0696e+01, 
 1DIAGNOSTIC,    65, -7.753480672836e-01, 5.807377419842e-06, 1.7058e+03, 2.0769e+01, 
 1DIAGNOSTIC,    66, -7.753865718842e-01, 5.446305749501e-06, 1.7264e+03, 2.0667e+01, 
 1DIAGNOSTIC,    67, -7.754161953926e-01, 5.131705165695e-06, 1.7470e+03, 2.0598e+01, 
 1DIAGNOSTIC,    68, -7.754454016685e-01, 4.840803740080e-06, 1.7679e+03, 2.0860e+01, 
 1DIAGNOSTIC,    69, -7.754745483398e-01, 4.531171725830e-06, 1.7885e+03, 2.0626e+01, 
 1DIAGNOSTIC,    70, -7.755060195923e-01, 4.261013145879e-06, 1.8093e+03, 2.0792e+01, 
XXDIAGNOSTIC,Iteration,metricValue,convergenceValue,ITERATION_TIME_INDEX,SINCE_LAST
 1DIAGNOSTIC,     1, -4.561506211758e-01, inf, 1.9808e+03, 1.7149e+02, 
 1DIAGNOSTIC,     2, -4.576965570450e-01, inf, 2.1501e+03, 1.6935e+02, 
 1DIAGNOSTIC,     3, -4.593458175659e-01, inf, 2.3212e+03, 1.7111e+02, 
 1DIAGNOSTIC,     4, -4.612112045288e-01, inf, 2.4897e+03, 1.6849e+02, 
 1DIAGNOSTIC,     5, -4.628901481628e-01, inf, 2.6610e+03, 1.7128e+02, 
 1DIAGNOSTIC,     6, -4.646383523941e-01, inf, 2.8296e+03, 1.6857e+02, 
 1DIAGNOSTIC,     7, -4.664818644524e-01, inf, 2.9983e+03, 1.6875e+02, 
 1DIAGNOSTIC,     8, -4.682460129261e-01, inf, 3.1671e+03, 1.6875e+02, 
 1DIAGNOSTIC,     9, -4.699414074421e-01, inf, 3.3364e+03, 1.6936e+02, 
 1DIAGNOSTIC,    10, -4.715411365032e-01, 2.153136767447e-03, 3.5064e+03, 1.6993e+02, 
 1DIAGNOSTIC,    11, -4.730563461781e-01, 1.946202944964e-03, 3.6758e+03, 1.6946e+02, 
 1DIAGNOSTIC,    12, -4.745128750801e-01, 1.750757917762e-03, 3.8459e+03, 1.7007e+02, 
 1DIAGNOSTIC,    13, -4.758155047894e-01, 1.564301084727e-03, 4.0164e+03, 1.7047e+02, 
 1DIAGNOSTIC,    14, -4.770576357841e-01, 1.396721694618e-03, 4.1859e+03, 1.6953e+02, 
 1DIAGNOSTIC,    15, -4.782451391220e-01, 1.239334815182e-03, 4.3557e+03, 1.6975e+02, 
 1DIAGNOSTIC,    16, -4.793476760387e-01, 1.095206243917e-03, 4.5261e+03, 1.7044e+02, 
 1DIAGNOSTIC,    17, -4.803946018219e-01, 9.694822947495e-04, 4.6941e+03, 1.6798e+02, 
 1DIAGNOSTIC,    18, -4.813948571682e-01, 8.604296017438e-04, 4.8641e+03, 1.7003e+02, 
 1DIAGNOSTIC,    19, -4.822206497192e-01, 7.627196027897e-04, 5.0352e+03, 1.7106e+02, 
 1DIAGNOSTIC,    20, -4.831577539444e-01, 6.799880065955e-04, 5.2060e+03, 1.7082e+02, 
  Elapsed time (stage 2): 5208


Total elapsed time: 5239
Using single precision for computations.
Input scalar image: /home/mpib/nemecz/Projects/miniTRK/Results/01_MRI/GroupTempl/T1w/T_template0sub-449900_T1wRepaired.nii.gz
Reference image: /home/mpib/nemecz/Projects/miniTRK/Results/01_MRI/GroupTempl/T1w/T_template0.nii.gz
=============================================================================
The composite transform comprises the following transforms (in order): 
  1. /home/mpib/nemecz/Projects/miniTRK/Results/01_MRI/GroupTempl/T1w/T_sub-449900_T1w120GenericAffine.mat (type = AffineTransform)
  2. /home/mpib/nemecz/Projects/miniTRK/Results/01_MRI/GroupTempl/T1w/T_sub-449900_T1w121Warp.nii.gz (type = DisplacementFieldTransform)
=============================================================================
Default pixel value: 0
Interpolation type: LinearInterpolateImageFunction
Output warped image: /home/mpib/nemecz/Projects/miniTRK/Results/01_MRI/GroupTempl/T1w/T_template0sub-449900_T1w12WarpedToTemplate.nii.gz
