
Running N4 for 3-dimensional images.

Mask not read.  Using the entire image as the mask.

Original intensity range:  [0, 858]

***********************************************************
Warning:  Your input image contains nonpositive values
which could cause failure or problematic results.  A
possible workaround would be to:
   1. rescale your image to positive values e.g., [10,100].
   2. run N4 on your rescaled image.
   3. (optional) rescale the N4 output to the original
      intensity range.
***********************************************************

Specified spline distance: 200mm
  original image size:  [192, 256, 256]
  padded image size:  [201, 401, 401]
  number of control points:  [4, 5, 5]

Current level = 1
  Iteration 1 (of 50).   Current convergence value = 0.000603367 (threshold = 1e-08)
  Iteration 2 (of 50).   Current convergence value = 0.000392286 (threshold = 1e-08)
  Iteration 3 (of 50).   Current convergence value = 0.000259229 (threshold = 1e-08)
  Iteration 4 (of 50).   Current convergence value = 0.000175741 (threshold = 1e-08)
  Iteration 5 (of 50).   Current convergence value = 0.000126781 (threshold = 1e-08)
  Iteration 6 (of 50).   Current convergence value = 0.000102595 (threshold = 1e-08)
  Iteration 7 (of 50).   Current convergence value = 9.38614e-05 (threshold = 1e-08)
  Iteration 8 (of 50).   Current convergence value = 9.2793e-05 (threshold = 1e-08)
  Iteration 9 (of 50).   Current convergence value = 9.45793e-05 (threshold = 1e-08)
  Iteration 10 (of 50).   Current convergence value = 9.67677e-05 (threshold = 1e-08)
  Iteration 11 (of 50).   Current convergence value = 9.86623e-05 (threshold = 1e-08)
  Iteration 12 (of 50).   Current convergence value = 9.99548e-05 (threshold = 1e-08)
  Iteration 13 (of 50).   Current convergence value = 0.000100678 (threshold = 1e-08)
  Iteration 14 (of 50).   Current convergence value = 0.000101098 (threshold = 1e-08)
  Iteration 15 (of 50).   Current convergence value = 0.000101165 (threshold = 1e-08)
  Iteration 16 (of 50).   Current convergence value = 0.000100925 (threshold = 1e-08)
  Iteration 17 (of 50).   Current convergence value = 0.000100459 (threshold = 1e-08)
  Iteration 18 (of 50).   Current convergence value = 9.97755e-05 (threshold = 1e-08)
  Iteration 19 (of 50).   Current convergence value = 9.92064e-05 (threshold = 1e-08)
  Iteration 20 (of 50).   Current convergence value = 9.84934e-05 (threshold = 1e-08)
  Iteration 21 (of 50).   Current convergence value = 9.77393e-05 (threshold = 1e-08)
  Iteration 22 (of 50).   Current convergence value = 9.69152e-05 (threshold = 1e-08)
  Iteration 23 (of 50).   Current convergence value = 9.61456e-05 (threshold = 1e-08)
  Iteration 24 (of 50).   Current convergence value = 9.52949e-05 (threshold = 1e-08)
  Iteration 25 (of 50).   Current convergence value = 9.46177e-05 (threshold = 1e-08)
  Iteration 26 (of 50).   Current convergence value = 9.38829e-05 (threshold = 1e-08)
  Iteration 27 (of 50).   Current convergence value = 9.31705e-05 (threshold = 1e-08)
  Iteration 28 (of 50).   Current convergence value = 9.25079e-05 (threshold = 1e-08)
  Iteration 29 (of 50).   Current convergence value = 9.17902e-05 (threshold = 1e-08)
  Iteration 30 (of 50).   Current convergence value = 9.11548e-05 (threshold = 1e-08)
  Iteration 31 (of 50).   Current convergence value = 9.04666e-05 (threshold = 1e-08)
  Iteration 32 (of 50).   Current convergence value = 8.871e-05 (threshold = 1e-08)
  Iteration 33 (of 50).   Current convergence value = 8.73266e-05 (threshold = 1e-08)
  Iteration 34 (of 50).   Current convergence value = 8.59479e-05 (threshold = 1e-08)
  Iteration 35 (of 50).   Current convergence value = 8.47246e-05 (threshold = 1e-08)
  Iteration 36 (of 50).   Current convergence value = 8.34563e-05 (threshold = 1e-08)
  Iteration 37 (of 50).   Current convergence value = 8.22431e-05 (threshold = 1e-08)
  Iteration 38 (of 50).   Current convergence value = 8.13541e-05 (threshold = 1e-08)
  Iteration 39 (of 50).   Current convergence value = 8.02833e-05 (threshold = 1e-08)
  Iteration 40 (of 50).   Current convergence value = 7.90909e-05 (threshold = 1e-08)
  Iteration 41 (of 50).   Current convergence value = 7.81409e-05 (threshold = 1e-08)
  Iteration 42 (of 50).   Current convergence value = 7.73106e-05 (threshold = 1e-08)
  Iteration 43 (of 50).   Current convergence value = 7.62489e-05 (threshold = 1e-08)
  Iteration 44 (of 50).   Current convergence value = 7.5344e-05 (threshold = 1e-08)
  Iteration 45 (of 50).   Current convergence value = 7.45316e-05 (threshold = 1e-08)
  Iteration 46 (of 50).   Current convergence value = 7.35393e-05 (threshold = 1e-08)
  Iteration 47 (of 50).   Current convergence value = 7.26322e-05 (threshold = 1e-08)
  Iteration 48 (of 50).   Current convergence value = 7.18595e-05 (threshold = 1e-08)
  Iteration 49 (of 50).   Current convergence value = 7.11543e-05 (threshold = 1e-08)
  Iteration 50 (of 50).   Current convergence value = 7.00899e-05 (threshold = 1e-08)
Current level = 2
  Iteration 1 (of 50).   Current convergence value = 0.000490681 (threshold = 1e-08)
  Iteration 2 (of 50).   Current convergence value = 0.000398231 (threshold = 1e-08)
  Iteration 3 (of 50).   Current convergence value = 0.000339872 (threshold = 1e-08)
  Iteration 4 (of 50).   Current convergence value = 0.000293245 (threshold = 1e-08)
  Iteration 5 (of 50).   Current convergence value = 0.00025424 (threshold = 1e-08)
  Iteration 6 (of 50).   Current convergence value = 0.000220597 (threshold = 1e-08)
  Iteration 7 (of 50).   Current convergence value = 0.000195871 (threshold = 1e-08)
  Iteration 8 (of 50).   Current convergence value = 0.000179913 (threshold = 1e-08)
  Iteration 9 (of 50).   Current convergence value = 0.000160901 (threshold = 1e-08)
  Iteration 10 (of 50).   Current convergence value = 0.000145263 (threshold = 1e-08)
  Iteration 11 (of 50).   Current convergence value = 0.000131869 (threshold = 1e-08)
  Iteration 12 (of 50).   Current convergence value = 0.000119923 (threshold = 1e-08)
  Iteration 13 (of 50).   Current convergence value = 0.000109822 (threshold = 1e-08)
  Iteration 14 (of 50).   Current convergence value = 0.000101257 (threshold = 1e-08)
  Iteration 15 (of 50).   Current convergence value = 9.46665e-05 (threshold = 1e-08)
  Iteration 16 (of 50).   Current convergence value = 9.32121e-05 (threshold = 1e-08)
  Iteration 17 (of 50).   Current convergence value = 9.25472e-05 (threshold = 1e-08)
  Iteration 18 (of 50).   Current convergence value = 9.22694e-05 (threshold = 1e-08)
  Iteration 19 (of 50).   Current convergence value = 9.23826e-05 (threshold = 1e-08)
  Iteration 20 (of 50).   Current convergence value = 9.26082e-05 (threshold = 1e-08)
  Iteration 21 (of 50).   Current convergence value = 9.28253e-05 (threshold = 1e-08)
  Iteration 22 (of 50).   Current convergence value = 9.3009e-05 (threshold = 1e-08)
  Iteration 23 (of 50).   Current convergence value = 9.30766e-05 (threshold = 1e-08)
  Iteration 24 (of 50).   Current convergence value = 9.29079e-05 (threshold = 1e-08)
  Iteration 25 (of 50).   Current convergence value = 9.28492e-05 (threshold = 1e-08)
  Iteration 26 (of 50).   Current convergence value = 9.25623e-05 (threshold = 1e-08)
  Iteration 27 (of 50).   Current convergence value = 9.23405e-05 (threshold = 1e-08)
  Iteration 28 (of 50).   Current convergence value = 9.19291e-05 (threshold = 1e-08)
  Iteration 29 (of 50).   Current convergence value = 9.12644e-05 (threshold = 1e-08)
  Iteration 30 (of 50).   Current convergence value = 9.09751e-05 (threshold = 1e-08)
  Iteration 31 (of 50).   Current convergence value = 9.0233e-05 (threshold = 1e-08)
  Iteration 32 (of 50).   Current convergence value = 8.96522e-05 (threshold = 1e-08)
  Iteration 33 (of 50).   Current convergence value = 8.912e-05 (threshold = 1e-08)
  Iteration 34 (of 50).   Current convergence value = 8.85651e-05 (threshold = 1e-08)
  Iteration 35 (of 50).   Current convergence value = 8.78581e-05 (threshold = 1e-08)
  Iteration 36 (of 50).   Current convergence value = 8.7267e-05 (threshold = 1e-08)
  Iteration 37 (of 50).   Current convergence value = 8.65885e-05 (threshold = 1e-08)
  Iteration 38 (of 50).   Current convergence value = 8.60489e-05 (threshold = 1e-08)
  Iteration 39 (of 50).   Current convergence value = 8.5161e-05 (threshold = 1e-08)
  Iteration 40 (of 50).   Current convergence value = 8.44045e-05 (threshold = 1e-08)
  Iteration 41 (of 50).   Current convergence value = 8.37755e-05 (threshold = 1e-08)
  Iteration 42 (of 50).   Current convergence value = 8.30914e-05 (threshold = 1e-08)
  Iteration 43 (of 50).   Current convergence value = 8.24354e-05 (threshold = 1e-08)
  Iteration 44 (of 50).   Current convergence value = 8.16778e-05 (threshold = 1e-08)
  Iteration 45 (of 50).   Current convergence value = 8.0808e-05 (threshold = 1e-08)
  Iteration 46 (of 50).   Current convergence value = 8.016e-05 (threshold = 1e-08)
  Iteration 47 (of 50).   Current convergence value = 7.94732e-05 (threshold = 1e-08)
  Iteration 48 (of 50).   Current convergence value = 7.87156e-05 (threshold = 1e-08)
  Iteration 49 (of 50).   Current convergence value = 7.79158e-05 (threshold = 1e-08)
  Iteration 50 (of 50).   Current convergence value = 7.73732e-05 (threshold = 1e-08)
Current level = 3
  Iteration 1 (of 40).   Current convergence value = 0.00163087 (threshold = 1e-08)
  Iteration 2 (of 40).   Current convergence value = 0.00121637 (threshold = 1e-08)
  Iteration 3 (of 40).   Current convergence value = 0.000978354 (threshold = 1e-08)
  Iteration 4 (of 40).   Current convergence value = 0.000819847 (threshold = 1e-08)
  Iteration 5 (of 40).   Current convergence value = 0.000708156 (threshold = 1e-08)
  Iteration 6 (of 40).   Current convergence value = 0.000628665 (threshold = 1e-08)
  Iteration 7 (of 40).   Current convergence value = 0.00057692 (threshold = 1e-08)
  Iteration 8 (of 40).   Current convergence value = 0.000537307 (threshold = 1e-08)
  Iteration 9 (of 40).   Current convergence value = 0.000503906 (threshold = 1e-08)
  Iteration 10 (of 40).   Current convergence value = 0.000477402 (threshold = 1e-08)
  Iteration 11 (of 40).   Current convergence value = 0.0004558 (threshold = 1e-08)
  Iteration 12 (of 40).   Current convergence value = 0.000436873 (threshold = 1e-08)
  Iteration 13 (of 40).   Current convergence value = 0.00042042 (threshold = 1e-08)
  Iteration 14 (of 40).   Current convergence value = 0.000406171 (threshold = 1e-08)
  Iteration 15 (of 40).   Current convergence value = 0.000393554 (threshold = 1e-08)
  Iteration 16 (of 40).   Current convergence value = 0.000382178 (threshold = 1e-08)
  Iteration 17 (of 40).   Current convergence value = 0.000372072 (threshold = 1e-08)
  Iteration 18 (of 40).   Current convergence value = 0.000362821 (threshold = 1e-08)
  Iteration 19 (of 40).   Current convergence value = 0.000354391 (threshold = 1e-08)
  Iteration 20 (of 40).   Current convergence value = 0.000346635 (threshold = 1e-08)
  Iteration 21 (of 40).   Current convergence value = 0.00033969 (threshold = 1e-08)
  Iteration 22 (of 40).   Current convergence value = 0.000333602 (threshold = 1e-08)
  Iteration 23 (of 40).   Current convergence value = 0.000327992 (threshold = 1e-08)
  Iteration 24 (of 40).   Current convergence value = 0.000322766 (threshold = 1e-08)
  Iteration 25 (of 40).   Current convergence value = 0.000317952 (threshold = 1e-08)
  Iteration 26 (of 40).   Current convergence value = 0.000313454 (threshold = 1e-08)
  Iteration 27 (of 40).   Current convergence value = 0.000309246 (threshold = 1e-08)
  Iteration 28 (of 40).   Current convergence value = 0.000305272 (threshold = 1e-08)
  Iteration 29 (of 40).   Current convergence value = 0.000301587 (threshold = 1e-08)
  Iteration 30 (of 40).   Current convergence value = 0.000298116 (threshold = 1e-08)
  Iteration 31 (of 40).   Current convergence value = 0.00029486 (threshold = 1e-08)
  Iteration 32 (of 40).   Current convergence value = 0.000291835 (threshold = 1e-08)
  Iteration 33 (of 40).   Current convergence value = 0.000289017 (threshold = 1e-08)
  Iteration 34 (of 40).   Current convergence value = 0.000286367 (threshold = 1e-08)
  Iteration 35 (of 40).   Current convergence value = 0.000283939 (threshold = 1e-08)
  Iteration 36 (of 40).   Current convergence value = 0.000278264 (threshold = 1e-08)
  Iteration 37 (of 40).   Current convergence value = 0.000269858 (threshold = 1e-08)
  Iteration 38 (of 40).   Current convergence value = 0.000262334 (threshold = 1e-08)
  Iteration 39 (of 40).   Current convergence value = 0.000255509 (threshold = 1e-08)
  Iteration 40 (of 40).   Current convergence value = 0.000248696 (threshold = 1e-08)
Current level = 4
  Iteration 1 (of 30).   Current convergence value = 0.00218906 (threshold = 1e-08)
  Iteration 2 (of 30).   Current convergence value = 0.00191072 (threshold = 1e-08)
  Iteration 3 (of 30).   Current convergence value = 0.00177759 (threshold = 1e-08)
  Iteration 4 (of 30).   Current convergence value = 0.00167647 (threshold = 1e-08)
  Iteration 5 (of 30).   Current convergence value = 0.00158796 (threshold = 1e-08)
  Iteration 6 (of 30).   Current convergence value = 0.00145317 (threshold = 1e-08)
  Iteration 7 (of 30).   Current convergence value = 0.00140384 (threshold = 1e-08)
  Iteration 8 (of 30).   Current convergence value = 0.0013051 (threshold = 1e-08)
  Iteration 9 (of 30).   Current convergence value = 0.00122445 (threshold = 1e-08)
  Iteration 10 (of 30).   Current convergence value = 0.00114601 (threshold = 1e-08)
  Iteration 11 (of 30).   Current convergence value = 0.00104433 (threshold = 1e-08)
  Iteration 12 (of 30).   Current convergence value = 0.000974868 (threshold = 1e-08)
  Iteration 13 (of 30).   Current convergence value = 0.00091813 (threshold = 1e-08)
  Iteration 14 (of 30).   Current convergence value = 0.000867309 (threshold = 1e-08)
  Iteration 15 (of 30).   Current convergence value = 0.000820778 (threshold = 1e-08)
  Iteration 16 (of 30).   Current convergence value = 0.000775086 (threshold = 1e-08)
  Iteration 17 (of 30).   Current convergence value = 0.000731949 (threshold = 1e-08)
  Iteration 18 (of 30).   Current convergence value = 0.000693393 (threshold = 1e-08)
  Iteration 19 (of 30).   Current convergence value = 0.000658419 (threshold = 1e-08)
  Iteration 20 (of 30).   Current convergence value = 0.000625857 (threshold = 1e-08)
  Iteration 21 (of 30).   Current convergence value = 0.000596083 (threshold = 1e-08)
  Iteration 22 (of 30).   Current convergence value = 0.000568813 (threshold = 1e-08)
  Iteration 23 (of 30).   Current convergence value = 0.000544215 (threshold = 1e-08)
  Iteration 24 (of 30).   Current convergence value = 0.000521451 (threshold = 1e-08)
  Iteration 25 (of 30).   Current convergence value = 0.000500399 (threshold = 1e-08)
  Iteration 26 (of 30).   Current convergence value = 0.000480854 (threshold = 1e-08)
  Iteration 27 (of 30).   Current convergence value = 0.000462962 (threshold = 1e-08)
  Iteration 28 (of 30).   Current convergence value = 0.00044646 (threshold = 1e-08)
  Iteration 29 (of 30).   Current convergence value = 0.000431407 (threshold = 1e-08)
  Iteration 30 (of 30).   Current convergence value = 0.000417552 (threshold = 1e-08)
   N4BiasFieldCorrectionImageFilter (0x559ca0f8ee20)
     RTTI typeinfo:   itk::N4BiasFieldCorrectionImageFilter<itk::Image<float, 3u>, itk::Image<float, 3u>, itk::Image<float, 3u> >
     Reference Count: 1
     Modified Time: 565
     Debug: Off
     Object Name: 
     Observers: 
       IterationEvent(Command)
     Inputs: 
       ConfidenceImage: (0)
       MaskImage: (0x559ca0fb95c0)
       Primary: (0x559ca0fb4a40) *
     Indexed Inputs: 
       0: Primary (0x559ca0fb4a40)
       1: MaskImage (0x559ca0fb95c0)
       2: ConfidenceImage (0)
     Required Input Names: Primary
     NumberOfRequiredInputs: 1
     Outputs: 
       Primary: (0x559ca0f9eef0)
     Indexed Outputs: 
       0: Primary (0x559ca0f9eef0)
     NumberOfRequiredOutputs: 1
     Number Of Work Units: 32
     ReleaseDataFlag: Off
     ReleaseDataBeforeUpdateFlag: Off
     AbortGenerateData: Off
     Progress: 0
     Multithreader: 
       RTTI typeinfo:   itk::PoolMultiThreader
       Reference Count: 1
       Modified Time: 144
       Debug: Off
       Object Name: 
       Observers: 
         none
       Number of Work Units: 32
       Number of Threads: 8
       Global Maximum Number Of Threads: 128
       Global Default Number Of Threads: 8
       Global Default Threader Type: itk::MultiThreaderBaseEnums::Threader::Pool
       SingleMethod: 0
       SingleData: 0
     DynamicMultiThreading: On
     CoordinateTolerance: 1e-06
     DirectionTolerance: 1e-06
     Use Mask Label: 0
     Mask label: 1
     Number of histogram bins: 200
     Wiener filter noise: 0.01
     Bias field FWHM: 0.15
     Maximum number of iterations: [50, 50, 40, 30]
     Convergence threshold: 1e-08
     Spline order: 3
     Number of fitting levels: [4, 4, 4]
     Number of control points: [4, 5, 5]
     CurrentConvergenceMeasurement: 0.000417552
     CurrentLevel: 4
     ElapsedIterations: 31
     LogBiasFieldControlPointLattice: 
       Image (0x559cac32ae20)
         RTTI typeinfo:   itk::Image<itk::Vector<float, 1u>, 3u>
         Reference Count: 1
         Modified Time: 343560
         Debug: Off
         Object Name: 
         Observers: 
           none
         Source: (none)
         Source output name: (none)
         Release Data: Off
         Data Released: False
         Global Release Data: Off
         PipelineMTime: 0
         UpdateMTime: 0
         RealTimeStamp: 0 seconds 
         LargestPossibleRegion: 
           Dimension: 3
           Index: [0, 0, 0]
           Size: [11, 19, 19]
         BufferedRegion: 
           Dimension: 3
           Index: [0, 0, 0]
           Size: [11, 19, 19]
         RequestedRegion: 
           Dimension: 3
           Index: [0, 0, 0]
           Size: [11, 19, 19]
         Spacing: [24.75, 24.875, 24.875]
         Origin: [27.7069, 22.1642, -24.314]
         Direction: 
-0.994236 -0.0191072 -0.105498
0.00900504 -0.995397 0.0954152
-0.106836 0.0939152 0.989831

         IndexToPointMatrix: 
-24.6073 -0.475292 -2.62426
0.222875 -24.7605 2.37345
-2.64418 2.33614 24.6221

         PointToIndexMatrix: 
-0.0401711 0.00036384 -0.00431659
-0.000768129 -0.040016 0.00377549
-0.00424113 0.00383579 0.0397922

         Inverse Direction: 
-0.994236 0.00900504 -0.106836
-0.0191072 -0.995397 0.0939152
-0.105498 0.0954152 0.989831

         PixelContainer: 
           ImportImageContainer (0x559cac32b440)
             RTTI typeinfo:   itk::ImportImageContainer<unsigned long, itk::Vector<float, 1u> >
             Reference Count: 1
             Modified Time: 343561
             Debug: Off
             Object Name: 
             Observers: 
               none
             Pointer: 0x559cab12af00
             Container manages memory: true
             Size: 3971
             Capacity: 3971
Elapsed time: 266.186
All_Command_lines_OK
Using single precision for computations.
=============================================================================
The composite transform comprises the following transforms (in order): 
  1. Center of mass alignment using fixed image: /home/mpib/nemecz/Projects/miniTRK/Results/01_MRI/GroupTempl/T1w/T_template0.nii.gz and moving image: /home/mpib/nemecz/Projects/miniTRK/Analysis/01_MRI/Preproc/GroupTempl/T1w/sub-205693_T1w.nii.gz (type = Euler3DTransform)
=============================================================================
  number of levels = 4
  number of levels = 4
  number of levels = 4
  fixed image: /home/mpib/nemecz/Projects/miniTRK/Results/01_MRI/GroupTempl/T1w/T_template0.nii.gz
  moving image: /home/mpib/nemecz/Projects/miniTRK/Results/01_MRI/GroupTempl/T1w/T_template0sub-205693_T1wRepaired.nii.gz
  fixed image: /home/mpib/nemecz/Projects/miniTRK/Results/01_MRI/GroupTempl/T1w/T_template0.nii.gz
  moving image: /home/mpib/nemecz/Projects/miniTRK/Results/01_MRI/GroupTempl/T1w/T_template0sub-205693_T1wRepaired.nii.gz
  fixed image: /home/mpib/nemecz/Projects/miniTRK/Results/01_MRI/GroupTempl/T1w/T_template0.nii.gz
  moving image: /home/mpib/nemecz/Projects/miniTRK/Results/01_MRI/GroupTempl/T1w/T_template0sub-205693_T1wRepaired.nii.gz
Dimension = 3
Number of stages = 3
Use Histogram Matching true
Winsorize image intensities true
Lower quantile = 0.01
Upper quantile = 0.99
Stage 1 State
   Image metric = Mattes
     Fixed image = Image (0x55c931175ad0)
  RTTI typeinfo:   itk::Image<float, 3u>
  Reference Count: 2
  Modified Time: 1721
  Debug: Off
  Object Name: 
  Observers: 
    none
  Source: (none)
  Source output name: (none)
  Release Data: Off
  Data Released: False
  Global Release Data: Off
  PipelineMTime: 0
  UpdateMTime: 1506
  RealTimeStamp: 0 seconds 
  LargestPossibleRegion: 
    Dimension: 3
    Index: [0, 0, 0]
    Size: [192, 256, 256]
  BufferedRegion: 
    Dimension: 3
    Index: [0, 0, 0]
    Size: [192, 256, 256]
  RequestedRegion: 
    Dimension: 3
    Index: [0, 0, 0]
    Size: [192, 256, 256]
  Spacing: [1, 1, 1]
  Origin: [95.0313, 100.538, -154.123]
  Direction: 
-0.999853 -0.014134 -0.00966312
0.014129 -0.9999 0.000586045
-0.00967044 0.000449429 0.999953

  IndexToPointMatrix: 
-0.999853 -0.014134 -0.00966312
0.014129 -0.9999 0.000586045
-0.00967044 0.000449429 0.999953

  PointToIndexMatrix: 
-0.999853 0.014129 -0.00967044
-0.014134 -0.9999 0.000449429
-0.00966312 0.000586045 0.999953

  Inverse Direction: 
-0.999853 0.014129 -0.00967044
-0.014134 -0.9999 0.000449429
-0.00966312 0.000586045 0.999953

  PixelContainer: 
    ImportImageContainer (0x55c93117dc80)
      RTTI typeinfo:   itk::ImportImageContainer<unsigned long, float>
      Reference Count: 1
      Modified Time: 1503
      Debug: Off
      Object Name: 
      Observers: 
        none
      Pointer: 0x7f9f51a16010
      Container manages memory: true
      Size: 12582912
      Capacity: 12582912

     Moving image = Image (0x55c931176b40)
  RTTI typeinfo:   itk::Image<float, 3u>
  Reference Count: 2
  Modified Time: 1722
  Debug: Off
  Object Name: 
  Observers: 
    none
  Source: (none)
  Source output name: (none)
  Release Data: Off
  Data Released: False
  Global Release Data: Off
  PipelineMTime: 0
  UpdateMTime: 1719
  RealTimeStamp: 0 seconds 
  LargestPossibleRegion: 
    Dimension: 3
    Index: [0, 0, 0]
    Size: [192, 256, 256]
  BufferedRegion: 
    Dimension: 3
    Index: [0, 0, 0]
    Size: [192, 256, 256]
  RequestedRegion: 
    Dimension: 3
    Index: [0, 0, 0]
    Size: [192, 256, 256]
  Spacing: [1, 1, 1]
  Origin: [111.603, 84.6504, -151.519]
  Direction: 
-0.994236 -0.0191072 -0.105498
0.00900504 -0.995397 0.0954152
-0.106836 0.0939152 0.989831

  IndexToPointMatrix: 
-0.994236 -0.0191072 -0.105498
0.00900504 -0.995397 0.0954152
-0.106836 0.0939152 0.989831

  PointToIndexMatrix: 
-0.994236 0.00900503 -0.106836
-0.0191072 -0.995397 0.0939152
-0.105498 0.0954152 0.989831

  Inverse Direction: 
-0.994236 0.00900503 -0.106836
-0.0191072 -0.995397 0.0939152
-0.105498 0.0954152 0.989831

  PixelContainer: 
    ImportImageContainer (0x55c931179610)
      RTTI typeinfo:   itk::ImportImageContainer<unsigned long, float>
      Reference Count: 1
      Modified Time: 1716
      Debug: Off
      Object Name: 
      Observers: 
        none
      Pointer: 0x7f9f4ea15010
      Container manages memory: true
      Size: 12582912
      Capacity: 12582912

     Weighting = 1
     Sampling strategy = regular
     Number of bins = 32
     Radius = 4
     Sampling percentage  = 0.25
   Transform = Rigid
     Gradient step = 0.1
     Update field sigma (voxel space) = 0
     Total field sigma (voxel space) = 0
     Update field time sigma = 0
     Total field time sigma  = 0
     Number of time indices = 0
     Number of time point samples = 0
Stage 2 State
   Image metric = Mattes
     Fixed image = Image (0x55c93118e8a0)
  RTTI typeinfo:   itk::Image<float, 3u>
  Reference Count: 2
  Modified Time: 2149
  Debug: Off
  Object Name: 
  Observers: 
    none
  Source: (none)
  Source output name: (none)
  Release Data: Off
  Data Released: False
  Global Release Data: Off
  PipelineMTime: 0
  UpdateMTime: 1934
  RealTimeStamp: 0 seconds 
  LargestPossibleRegion: 
    Dimension: 3
    Index: [0, 0, 0]
    Size: [192, 256, 256]
  BufferedRegion: 
    Dimension: 3
    Index: [0, 0, 0]
    Size: [192, 256, 256]
  RequestedRegion: 
    Dimension: 3
    Index: [0, 0, 0]
    Size: [192, 256, 256]
  Spacing: [1, 1, 1]
  Origin: [95.0313, 100.538, -154.123]
  Direction: 
-0.999853 -0.014134 -0.00966312
0.014129 -0.9999 0.000586045
-0.00967044 0.000449429 0.999953

  IndexToPointMatrix: 
-0.999853 -0.014134 -0.00966312
0.014129 -0.9999 0.000586045
-0.00967044 0.000449429 0.999953

  PointToIndexMatrix: 
-0.999853 0.014129 -0.00967044
-0.014134 -0.9999 0.000449429
-0.00966312 0.000586045 0.999953

  Inverse Direction: 
-0.999853 0.014129 -0.00967044
-0.014134 -0.9999 0.000449429
-0.00966312 0.000586045 0.999953

  PixelContainer: 
    ImportImageContainer (0x55c93117e6a0)
      RTTI typeinfo:   itk::ImportImageContainer<unsigned long, float>
      Reference Count: 1
      Modified Time: 1931
      Debug: Off
      Object Name: 
      Observers: 
        none
      Pointer: 0x7f9f4ba14010
      Container manages memory: true
      Size: 12582912
      Capacity: 12582912

     Moving image = Image (0x55c93118e510)
  RTTI typeinfo:   itk::Image<float, 3u>
  Reference Count: 2
  Modified Time: 2150
  Debug: Off
  Object Name: 
  Observers: 
    none
  Source: (none)
  Source output name: (none)
  Release Data: Off
  Data Released: False
  Global Release Data: Off
  PipelineMTime: 0
  UpdateMTime: 2147
  RealTimeStamp: 0 seconds 
  LargestPossibleRegion: 
    Dimension: 3
    Index: [0, 0, 0]
    Size: [192, 256, 256]
  BufferedRegion: 
    Dimension: 3
    Index: [0, 0, 0]
    Size: [192, 256, 256]
  RequestedRegion: 
    Dimension: 3
    Index: [0, 0, 0]
    Size: [192, 256, 256]
  Spacing: [1, 1, 1]
  Origin: [111.603, 84.6504, -151.519]
  Direction: 
-0.994236 -0.0191072 -0.105498
0.00900504 -0.995397 0.0954152
-0.106836 0.0939152 0.989831

  IndexToPointMatrix: 
-0.994236 -0.0191072 -0.105498
0.00900504 -0.995397 0.0954152
-0.106836 0.0939152 0.989831

  PointToIndexMatrix: 
-0.994236 0.00900503 -0.106836
-0.0191072 -0.995397 0.0939152
-0.105498 0.0954152 0.989831

  Inverse Direction: 
-0.994236 0.00900503 -0.106836
-0.0191072 -0.995397 0.0939152
-0.105498 0.0954152 0.989831

  PixelContainer: 
    ImportImageContainer (0x55c93118fbb0)
      RTTI typeinfo:   itk::ImportImageContainer<unsigned long, float>
      Reference Count: 1
      Modified Time: 2144
      Debug: Off
      Object Name: 
      Observers: 
        none
      Pointer: 0x7f9f48a13010
      Container manages memory: true
      Size: 12582912
      Capacity: 12582912

     Weighting = 1
     Sampling strategy = regular
     Number of bins = 32
     Radius = 4
     Sampling percentage  = 0.25
   Transform = Affine
     Gradient step = 0.1
     Update field sigma (voxel space) = 0
     Total field sigma (voxel space) = 0
     Update field time sigma = 0
     Total field time sigma  = 0
     Number of time indices = 0
     Number of time point samples = 0
Stage 3 State
   Image metric = CC
     Fixed image = Image (0x55c931195990)
  RTTI typeinfo:   itk::Image<float, 3u>
  Reference Count: 2
  Modified Time: 2577
  Debug: Off
  Object Name: 
  Observers: 
    none
  Source: (none)
  Source output name: (none)
  Release Data: Off
  Data Released: False
  Global Release Data: Off
  PipelineMTime: 0
  UpdateMTime: 2362
  RealTimeStamp: 0 seconds 
  LargestPossibleRegion: 
    Dimension: 3
    Index: [0, 0, 0]
    Size: [192, 256, 256]
  BufferedRegion: 
    Dimension: 3
    Index: [0, 0, 0]
    Size: [192, 256, 256]
  RequestedRegion: 
    Dimension: 3
    Index: [0, 0, 0]
    Size: [192, 256, 256]
  Spacing: [1, 1, 1]
  Origin: [95.0313, 100.538, -154.123]
  Direction: 
-0.999853 -0.014134 -0.00966312
0.014129 -0.9999 0.000586045
-0.00967044 0.000449429 0.999953

  IndexToPointMatrix: 
-0.999853 -0.014134 -0.00966312
0.014129 -0.9999 0.000586045
-0.00967044 0.000449429 0.999953

  PointToIndexMatrix: 
-0.999853 0.014129 -0.00967044
-0.014134 -0.9999 0.000449429
-0.00966312 0.000586045 0.999953

  Inverse Direction: 
-0.999853 0.014129 -0.00967044
-0.014134 -0.9999 0.000449429
-0.00966312 0.000586045 0.999953

  PixelContainer: 
    ImportImageContainer (0x55c930feabf0)
      RTTI typeinfo:   itk::ImportImageContainer<unsigned long, float>
      Reference Count: 1
      Modified Time: 2359
      Debug: Off
      Object Name: 
      Observers: 
        none
      Pointer: 0x7f9f45a12010
      Container manages memory: true
      Size: 12582912
      Capacity: 12582912

     Moving image = Image (0x55c93118d2d0)
  RTTI typeinfo:   itk::Image<float, 3u>
  Reference Count: 2
  Modified Time: 2578
  Debug: Off
  Object Name: 
  Observers: 
    none
  Source: (none)
  Source output name: (none)
  Release Data: Off
  Data Released: False
  Global Release Data: Off
  PipelineMTime: 0
  UpdateMTime: 2575
  RealTimeStamp: 0 seconds 
  LargestPossibleRegion: 
    Dimension: 3
    Index: [0, 0, 0]
    Size: [192, 256, 256]
  BufferedRegion: 
    Dimension: 3
    Index: [0, 0, 0]
    Size: [192, 256, 256]
  RequestedRegion: 
    Dimension: 3
    Index: [0, 0, 0]
    Size: [192, 256, 256]
  Spacing: [1, 1, 1]
  Origin: [111.603, 84.6504, -151.519]
  Direction: 
-0.994236 -0.0191072 -0.105498
0.00900504 -0.995397 0.0954152
-0.106836 0.0939152 0.989831

  IndexToPointMatrix: 
-0.994236 -0.0191072 -0.105498
0.00900504 -0.995397 0.0954152
-0.106836 0.0939152 0.989831

  PointToIndexMatrix: 
-0.994236 0.00900503 -0.106836
-0.0191072 -0.995397 0.0939152
-0.105498 0.0954152 0.989831

  Inverse Direction: 
-0.994236 0.00900503 -0.106836
-0.0191072 -0.995397 0.0939152
-0.105498 0.0954152 0.989831

  PixelContainer: 
    ImportImageContainer (0x55c9311946b0)
      RTTI typeinfo:   itk::ImportImageContainer<unsigned long, float>
      Reference Count: 1
      Modified Time: 2572
      Debug: Off
      Object Name: 
      Observers: 
        none
      Pointer: 0x7f9f42a11010
      Container manages memory: true
      Size: 12582912
      Capacity: 12582912

     Weighting = 1
     Sampling strategy = none
     Number of bins = 32
     Radius = 4
     Sampling percentage  = 1
   Transform = SyN
     Gradient step = 0.1
     Update field sigma (voxel space) = 3
     Total field sigma (voxel space) = 0
     Update field time sigma = 0
     Total field time sigma  = 0
     Number of time indices = 0
     Number of time point samples = 0
Registration using 3 total stages.

Stage 0
  iterations = 1000x500x250x0
  convergence threshold = 1e-06
  convergence window size = 10
  number of levels = 4
  using the Mattes MI metric (number of bins = 32, weight = 1)
  preprocessing:  winsorizing the image intensities
  preprocessing:  histogram matching the images
  Shrink factors (level 1 out of 4): [6, 6, 6]
  Shrink factors (level 2 out of 4): [4, 4, 4]
  Shrink factors (level 3 out of 4): [2, 2, 2]
  Shrink factors (level 4 out of 4): [1, 1, 1]
  smoothing sigmas per level: [4, 2, 1, 0]
  regular sampling (percentage = 0.25)

*** Running Euler3DTransform registration ***

DIAGNOSTIC,Iteration,metricValue,convergenceValue,ITERATION_TIME_INDEX,SINCE_LAST
 2DIAGNOSTIC,     1, -8.480188846588e-01, inf, 6.6618e-01, 6.6618e-01, 
 2DIAGNOSTIC,     2, -8.497343659401e-01, inf, 6.7539e-01, 9.2039e-03, 
 2DIAGNOSTIC,     3, -8.524412512779e-01, inf, 6.8481e-01, 9.4290e-03, 
 2DIAGNOSTIC,     4, -8.562154173851e-01, inf, 6.9282e-01, 8.0030e-03, 
 2DIAGNOSTIC,     5, -8.604613542557e-01, inf, 7.0109e-01, 8.2700e-03, 
 2DIAGNOSTIC,     6, -8.640141487122e-01, inf, 7.0915e-01, 8.0671e-03, 
 2DIAGNOSTIC,     7, -8.674714565277e-01, inf, 7.1663e-01, 7.4751e-03, 
 2DIAGNOSTIC,     8, -8.716719746590e-01, inf, 7.2404e-01, 7.4079e-03, 
 2DIAGNOSTIC,     9, -8.798159360886e-01, inf, 7.3236e-01, 8.3230e-03, 
 2DIAGNOSTIC,    10, -8.833965063095e-01, 2.669752575457e-03, 7.4611e-01, 1.3752e-02, 
 2DIAGNOSTIC,    11, -8.840295076370e-01, 2.502796007320e-03, 7.5368e-01, 7.5648e-03, 
 2DIAGNOSTIC,    12, -8.862371444702e-01, 2.250130288303e-03, 7.6119e-01, 7.5150e-03, 
 2DIAGNOSTIC,    13, -8.878503441811e-01, 1.940243877470e-03, 7.6875e-01, 7.5581e-03, 
 2DIAGNOSTIC,    14, -8.884528875351e-01, 1.597238588147e-03, 7.7637e-01, 7.6170e-03, 
 2DIAGNOSTIC,    15, -8.894290924072e-01, 1.267926767468e-03, 7.8392e-01, 7.5562e-03, 
 2DIAGNOSTIC,    16, -8.927025198936e-01, 1.004579942673e-03, 7.9248e-01, 8.5609e-03, 
 2DIAGNOSTIC,    17, -8.949216008186e-01, 7.876381278038e-04, 8.0296e-01, 1.0474e-02, 
 2DIAGNOSTIC,    18, -8.954990506172e-01, 6.049667135812e-04, 8.1057e-01, 7.6098e-03, 
 2DIAGNOSTIC,    19, -8.964822888374e-01, 5.416455678642e-04, 8.1823e-01, 7.6590e-03, 
 2DIAGNOSTIC,    20, -9.006200432777e-01, 5.598746356554e-04, 8.2693e-01, 8.7051e-03, 
 2DIAGNOSTIC,    21, -9.024987220764e-01, 5.599614232779e-04, 8.3446e-01, 7.5271e-03, 
 2DIAGNOSTIC,    22, -9.025809764862e-01, 5.406667478383e-04, 8.4407e-01, 9.6059e-03, 
 2DIAGNOSTIC,    23, -9.025602936745e-01, 4.966413252987e-04, 8.5731e-01, 1.3249e-02, 
 2DIAGNOSTIC,    24, -9.025613665581e-01, 4.187164595351e-04, 8.6596e-01, 8.6441e-03, 
 2DIAGNOSTIC,    25, -9.025871753693e-01, 3.191536816303e-04, 8.7346e-01, 7.4980e-03, 
 2DIAGNOSTIC,    26, -9.025861620903e-01, 2.369426947553e-04, 8.8093e-01, 7.4770e-03, 
 2DIAGNOSTIC,    27, -9.026669859886e-01, 1.668056793278e-04, 8.8848e-01, 7.5450e-03, 
 2DIAGNOSTIC,    28, -9.026530385017e-01, 9.321705147158e-05, 8.9699e-01, 8.5080e-03, 
 2DIAGNOSTIC,    29, -9.026964306831e-01, 2.644678534125e-05, 9.0580e-01, 8.8139e-03, 
 2DIAGNOSTIC,    30, -9.026594161987e-01, 5.099423560750e-06, 9.1329e-01, 7.4890e-03, 
 2DIAGNOSTIC,    31, -9.026612043381e-01, 4.207533947920e-06, 9.2073e-01, 7.4410e-03, 
 2DIAGNOSTIC,    32, -9.027028083801e-01, 4.312491910241e-06, 9.2926e-01, 8.5330e-03, 
 2DIAGNOSTIC,    33, -9.027388691902e-01, 4.230412287143e-06, 9.3675e-01, 7.4871e-03, 
 2DIAGNOSTIC,    34, -9.027979969978e-01, 4.407163032738e-06, 9.4421e-01, 7.4630e-03, 
 2DIAGNOSTIC,    35, -9.029225707054e-01, 5.626079655485e-06, 9.5273e-01, 8.5208e-03, 
 2DIAGNOSTIC,    36, -9.028936028481e-01, 6.026563823980e-06, 9.6221e-01, 9.4800e-03, 
 2DIAGNOSTIC,    37, -9.029100537300e-01, 6.781501269870e-06, 9.7082e-01, 8.6091e-03, 
 2DIAGNOSTIC,    38, -9.028919935226e-01, 6.652373485849e-06, 9.7840e-01, 7.5731e-03, 
 2DIAGNOSTIC,    39, -9.028836488724e-01, 6.267498065426e-06, 9.8799e-01, 9.5952e-03, 
 2DIAGNOSTIC,    40, -9.028574824333e-01, 4.872130375588e-06, 9.9659e-01, 8.6019e-03, 
 2DIAGNOSTIC,    41, -9.028689861298e-01, 3.265454324719e-06, 1.0043e+00, 7.6730e-03, 
 2DIAGNOSTIC,    42, -9.028508067131e-01, 1.684002086222e-06, 1.0122e+00, 7.9548e-03, 
DIAGNOSTIC,Iteration,metricValue,convergenceValue,ITERATION_TIME_INDEX,SINCE_LAST
 2DIAGNOSTIC,     1, -6.976421475410e-01, inf, 1.6040e+00, 5.9181e-01, 
 2DIAGNOSTIC,     2, -6.986286640167e-01, inf, 1.6333e+00, 2.9282e-02, 
 2DIAGNOSTIC,     3, -6.994497179985e-01, inf, 1.6610e+00, 2.7718e-02, 
 2DIAGNOSTIC,     4, -7.000721096992e-01, inf, 1.6887e+00, 2.7706e-02, 
 2DIAGNOSTIC,     5, -7.005841135979e-01, inf, 1.7166e+00, 2.7827e-02, 
 2DIAGNOSTIC,     6, -7.008984088898e-01, inf, 1.7442e+00, 2.7618e-02, 
 2DIAGNOSTIC,     7, -7.013633847237e-01, inf, 1.7752e+00, 3.1000e-02, 
 2DIAGNOSTIC,     8, -7.014782428741e-01, inf, 1.8114e+00, 3.6195e-02, 
 2DIAGNOSTIC,     9, -7.015966773033e-01, inf, 1.8537e+00, 4.2316e-02, 
 2DIAGNOSTIC,    10, -7.016016840935e-01, 3.534630814102e-04, 1.8831e+00, 2.9377e-02, 
 2DIAGNOSTIC,    11, -7.016912698746e-01, 2.429231826682e-04, 1.9111e+00, 2.7996e-02, 
 2DIAGNOSTIC,    12, -7.017707228661e-01, 1.647550088819e-04, 1.9389e+00, 2.7849e-02, 
 2DIAGNOSTIC,    13, -7.018482685089e-01, 1.116672137869e-04, 1.9675e+00, 2.8629e-02, 
 2DIAGNOSTIC,    14, -7.019667029381e-01, 7.755620754324e-05, 1.9954e+00, 2.7883e-02, 
 2DIAGNOSTIC,    15, -7.020999193192e-01, 5.847541251569e-05, 2.0375e+00, 4.2055e-02, 
 2DIAGNOSTIC,    16, -7.021383047104e-01, 4.522575545707e-05, 2.0706e+00, 3.3129e-02, 
 2DIAGNOSTIC,    17, -7.021487951279e-01, 4.086565968464e-05, 2.0989e+00, 2.8303e-02, 
 2DIAGNOSTIC,    18, -7.021725177765e-01, 3.647416451713e-05, 2.1268e+00, 2.7913e-02, 
 2DIAGNOSTIC,    19, -7.021795511246e-01, 3.199644197593e-05, 2.1586e+00, 3.1825e-02, 
 2DIAGNOSTIC,    20, -7.022020220757e-01, 2.564739406807e-05, 2.1908e+00, 3.2190e-02, 
 2DIAGNOSTIC,    21, -7.022016048431e-01, 1.936924672918e-05, 2.2193e+00, 2.8411e-02, 
 2DIAGNOSTIC,    22, -7.022259831429e-01, 1.393367801938e-05, 2.2582e+00, 3.8907e-02, 
 2DIAGNOSTIC,    23, -7.022019028664e-01, 8.710683687241e-06, 2.2871e+00, 2.8916e-02, 
 2DIAGNOSTIC,    24, -7.022346854210e-01, 5.747730938310e-06, 2.3195e+00, 3.2384e-02, 
 2DIAGNOSTIC,    25, -7.023012042046e-01, 5.814830728923e-06, 2.3512e+00, 3.1746e-02, 
 2DIAGNOSTIC,    26, -7.022851109505e-01, 5.766434696852e-06, 2.3828e+00, 3.1549e-02, 
 2DIAGNOSTIC,    27, -7.023221254349e-01, 6.025439688528e-06, 2.4142e+00, 3.1413e-02, 
 2DIAGNOSTIC,    28, -7.023033499718e-01, 5.881704510102e-06, 2.4463e+00, 3.2108e-02, 
 2DIAGNOSTIC,    29, -7.023058533669e-01, 5.429661541712e-06, 2.4775e+00, 3.1193e-02, 
 2DIAGNOSTIC,    30, -7.023143172264e-01, 5.002936177334e-06, 2.5088e+00, 3.1369e-02, 
 2DIAGNOSTIC,    31, -7.023237347603e-01, 4.334039658715e-06, 2.5365e+00, 2.7683e-02, 
 2DIAGNOSTIC,    32, -7.023269534111e-01, 3.762647565964e-06, 2.5718e+00, 3.5271e-02, 
 2DIAGNOSTIC,    33, -7.023352980614e-01, 2.769359980448e-06, 2.6036e+00, 3.1774e-02, 
 2DIAGNOSTIC,    34, -7.023368477821e-01, 2.053839352811e-06, 2.6315e+00, 2.7985e-02, 
 2DIAGNOSTIC,    35, -7.023317217827e-01, 1.989635393329e-06, 2.6593e+00, 2.7789e-02, 
 2DIAGNOSTIC,    36, -7.023204565048e-01, 1.505570594418e-06, 2.6905e+00, 3.1173e-02, 
 2DIAGNOSTIC,    37, -7.023429274559e-01, 1.649291789363e-06, 2.7325e+00, 4.1993e-02, 
 2DIAGNOSTIC,    38, -7.023298740387e-01, 1.362157945550e-06, 2.7639e+00, 3.1348e-02, 
 2DIAGNOSTIC,    39, -7.023298740387e-01, 1.069377503882e-06, 2.8024e+00, 3.8509e-02, 
DIAGNOSTIC,Iteration,metricValue,convergenceValue,ITERATION_TIME_INDEX,SINCE_LAST
 2DIAGNOSTIC,     1, -6.102807521820e-01, inf, 3.8040e+00, 1.0016e+00, 
 2DIAGNOSTIC,     2, -6.105787754059e-01, inf, 4.0256e+00, 2.2161e-01, 
 2DIAGNOSTIC,     3, -6.107699871063e-01, inf, 4.2467e+00, 2.2104e-01, 
 2DIAGNOSTIC,     4, -6.109474897385e-01, inf, 4.4677e+00, 2.2107e-01, 
 2DIAGNOSTIC,     5, -6.113140583038e-01, inf, 4.6895e+00, 2.2181e-01, 
 2DIAGNOSTIC,     6, -6.117954850197e-01, inf, 4.9107e+00, 2.2120e-01, 
 2DIAGNOSTIC,     7, -6.123667955399e-01, inf, 5.2540e+00, 3.4328e-01, 
 2DIAGNOSTIC,     8, -6.124414205551e-01, inf, 5.4760e+00, 2.2201e-01, 
 2DIAGNOSTIC,     9, -6.125971078873e-01, inf, 5.7278e+00, 2.5182e-01, 
 2DIAGNOSTIC,    10, -6.129550337791e-01, 2.984089660458e-04, 6.0096e+00, 2.8174e-01, 
 2DIAGNOSTIC,    11, -6.131203770638e-01, 2.659943711478e-04, 6.2613e+00, 2.5168e-01, 
 2DIAGNOSTIC,    12, -6.132607460022e-01, 2.321025531273e-04, 6.5138e+00, 2.5255e-01, 
 2DIAGNOSTIC,    13, -6.132968664169e-01, 1.910928403959e-04, 6.8639e+00, 3.5005e-01, 
 2DIAGNOSTIC,    14, -6.132986545563e-01, 1.448915718356e-04, 7.1768e+00, 3.1295e-01, 
 2DIAGNOSTIC,    15, -6.132970452309e-01, 1.028219994623e-04, 7.4291e+00, 2.5232e-01, 
 2DIAGNOSTIC,    16, -6.132965087891e-01, 7.024795922916e-05, 7.6819e+00, 2.5281e-01, 
 2DIAGNOSTIC,    17, -6.132977008820e-01, 5.092882202007e-05, 7.9951e+00, 3.1318e-01, 
 2DIAGNOSTIC,    18, -6.132969856262e-01, 3.116856532870e-05, 8.2483e+00, 2.5322e-01, 
 2DIAGNOSTIC,    19, -6.132972836494e-01, 1.442806478735e-05, 8.5318e+00, 2.8343e-01, 
 2DIAGNOSTIC,    20, -6.132965087891e-01, 6.409632533178e-06, 8.7834e+00, 2.5161e-01, 
 2DIAGNOSTIC,    21, -6.132964491844e-01, 2.281263050463e-06, 9.0669e+00, 2.8351e-01, 
 2DIAGNOSTIC,    22, -6.132960915565e-01, 1.387958604937e-06, 9.3181e+00, 2.5117e-01, 
 2DIAGNOSTIC,    23, -6.132961511612e-01, 1.306342937824e-06, 9.5699e+00, 2.5180e-01, 
 2DIAGNOSTIC,    24, -6.132954359055e-01, 1.260643557544e-06, 9.8256e+00, 2.5570e-01, 
 2DIAGNOSTIC,    25, -6.132954955101e-01, 1.196918447022e-06, 1.0078e+01, 2.5279e-01, 
 2DIAGNOSTIC,    26, -6.132955551147e-01, 1.136074843089e-06, 1.0331e+01, 2.5274e-01, 
 2DIAGNOSTIC,    27, -6.132954955101e-01, 1.107638126996e-06, 1.0552e+01, 2.2138e-01, 
 2DIAGNOSTIC,    28, -6.132949590683e-01, 1.067057155524e-06, 1.0836e+01, 2.8353e-01, 
 2DIAGNOSTIC,    29, -6.132952570915e-01, 1.046121383297e-06, 1.1150e+01, 3.1403e-01, 
 2DIAGNOSTIC,    30, -6.132950782776e-01, 1.016488567984e-06, 1.1434e+01, 2.8354e-01, 
DIAGNOSTIC,Iteration,metricValue,convergenceValue,ITERATION_TIME_INDEX,SINCE_LAST
 2DIAGNOSTIC,     1, -5.491911768913e-01, inf, 1.3895e+01, 2.4613e+00, 
  Elapsed time (stage 0): 1.5042e+01


Stage 1
  iterations = 1000x500x250x0
  convergence threshold = 1.0000e-06
  convergence window size = 10
  number of levels = 4
  using the Mattes MI metric (number of bins = 32, weight = 1.0000e+00)
  preprocessing:  winsorizing the image intensities
  preprocessing:  histogram matching the images
  Shrink factors (level 1 out of 4): [6, 6, 6]
  Shrink factors (level 2 out of 4): [4, 4, 4]
  Shrink factors (level 3 out of 4): [2, 2, 2]
  Shrink factors (level 4 out of 4): [1, 1, 1]
  smoothing sigmas per level: [4, 2, 1, 0]
  regular sampling (percentage = 2.5000e-01)

*** Running AffineTransform registration ***

DIAGNOSTIC,Iteration,metricValue,convergenceValue,ITERATION_TIME_INDEX,SINCE_LAST
 2DIAGNOSTIC,     1, -8.908572196960e-01, inf, 6.5829e-01, 6.5829e-01, 
 2DIAGNOSTIC,     2, -8.934788703918e-01, inf, 6.6813e-01, 9.8460e-03, 
 2DIAGNOSTIC,     3, -8.977928161621e-01, inf, 6.7786e-01, 9.7291e-03, 
 2DIAGNOSTIC,     4, -9.043474197388e-01, inf, 6.8754e-01, 9.6741e-03, 
 2DIAGNOSTIC,     5, -9.141797423363e-01, inf, 6.9633e-01, 8.7941e-03, 
 2DIAGNOSTIC,     6, -9.273431301117e-01, inf, 7.0526e-01, 8.9278e-03, 
 2DIAGNOSTIC,     7, -9.424929618835e-01, inf, 7.1383e-01, 8.5690e-03, 
 2DIAGNOSTIC,     8, -9.560698270798e-01, inf, 7.2233e-01, 8.4970e-03, 
 2DIAGNOSTIC,     9, -9.666054248810e-01, inf, 7.3414e-01, 1.1815e-02, 
 2DIAGNOSTIC,    10, -9.698979854584e-01, 6.256945431232e-03, 7.4264e-01, 8.4980e-03, 
 2DIAGNOSTIC,    11, -9.712570905685e-01, 5.738640204072e-03, 7.5255e-01, 9.9111e-03, 
 2DIAGNOSTIC,    12, -9.742192625999e-01, 4.936372395605e-03, 7.6227e-01, 9.7210e-03, 
 2DIAGNOSTIC,    13, -9.745218157768e-01, 3.921472933143e-03, 7.7198e-01, 9.7110e-03, 
 2DIAGNOSTIC,    14, -9.748347401619e-01, 2.848773961887e-03, 7.8179e-01, 9.8062e-03, 
 2DIAGNOSTIC,    15, -9.752761721611e-01, 1.870770240203e-03, 7.9702e-01, 1.5229e-02, 
 2DIAGNOSTIC,    16, -9.753115177155e-01, 1.093527651392e-03, 8.0553e-01, 8.5161e-03, 
 2DIAGNOSTIC,    17, -9.754003882408e-01, 5.750193959102e-04, 8.1410e-01, 8.5700e-03, 
 2DIAGNOSTIC,    18, -9.755190014839e-01, 2.869107411243e-04, 8.2279e-01, 8.6901e-03, 
 2DIAGNOSTIC,    19, -9.756037592888e-01, 1.703329762677e-04, 8.3134e-01, 8.5490e-03, 
 2DIAGNOSTIC,    20, -9.757076501846e-01, 1.007516184472e-04, 8.3989e-01, 8.5521e-03, 
 2DIAGNOSTIC,    21, -9.758421778679e-01, 4.886051829089e-05, 8.4951e-01, 9.6171e-03, 
 2DIAGNOSTIC,    22, -9.758841395378e-01, 3.810545604210e-05, 8.6017e-01, 1.0661e-02, 
 2DIAGNOSTIC,    23, -9.758963584900e-01, 2.891513395298e-05, 8.6967e-01, 9.4960e-03, 
 2DIAGNOSTIC,    24, -9.759145379066e-01, 2.190622944909e-05, 8.7828e-01, 8.6110e-03, 
 2DIAGNOSTIC,    25, -9.759483337402e-01, 1.919209171319e-05, 8.8702e-01, 8.7421e-03, 
 2DIAGNOSTIC,    26, -9.759615063667e-01, 1.552859612275e-05, 8.9660e-01, 9.5739e-03, 
 2DIAGNOSTIC,    27, -9.760080575943e-01, 1.226927270181e-05, 9.0746e-01, 1.0866e-02, 
 2DIAGNOSTIC,    28, -9.759736061096e-01, 9.095519089897e-06, 9.1612e-01, 8.6560e-03, 
 2DIAGNOSTIC,    29, -9.760215282440e-01, 6.758380095562e-06, 9.2563e-01, 9.5131e-03, 
 2DIAGNOSTIC,    30, -9.760078191757e-01, 4.889521278528e-06, 9.3630e-01, 1.0673e-02, 
 2DIAGNOSTIC,    31, -9.760722517967e-01, 4.675373475038e-06, 9.4496e-01, 8.6570e-03, 
 2DIAGNOSTIC,    32, -9.761024713516e-01, 4.784637894772e-06, 9.5463e-01, 9.6650e-03, 
 2DIAGNOSTIC,    33, -9.761499166489e-01, 5.064443030278e-06, 9.6441e-01, 9.7821e-03, 
 2DIAGNOSTIC,    34, -9.762402772903e-01, 5.878554475203e-06, 9.7623e-01, 1.1825e-02, 
 2DIAGNOSTIC,    35, -9.762595295906e-01, 6.607729574171e-06, 9.8594e-01, 9.7082e-03, 
 2DIAGNOSTIC,    36, -9.762637615204e-01, 6.891621524119e-06, 9.9468e-01, 8.7399e-03, 
 2DIAGNOSTIC,    37, -9.762668609619e-01, 7.001909125393e-06, 1.0044e+00, 9.7530e-03, 
 2DIAGNOSTIC,    38, -9.762706756592e-01, 6.273301551118e-06, 1.0130e+00, 8.5590e-03, 
 2DIAGNOSTIC,    39, -9.763225913048e-01, 5.820427759318e-06, 1.0217e+00, 8.7011e-03, 
 2DIAGNOSTIC,    40, -9.763262271881e-01, 4.819645255338e-06, 1.0302e+00, 8.5170e-03, 
 2DIAGNOSTIC,    41, -9.763268232346e-01, 3.964781171817e-06, 1.0410e+00, 1.0797e-02, 
 2DIAGNOSTIC,    42, -9.763291478157e-01, 3.082031980739e-06, 1.0506e+00, 9.5999e-03, 
 2DIAGNOSTIC,    43, -9.763293862343e-01, 2.329055178052e-06, 1.0602e+00, 9.5758e-03, 
 2DIAGNOSTIC,    44, -9.763291478157e-01, 2.054429387499e-06, 1.0698e+00, 9.5861e-03, 
 2DIAGNOSTIC,    45, -9.763306975365e-01, 1.800348286451e-06, 1.0793e+00, 9.5160e-03, 
 2DIAGNOSTIC,    46, -9.763301610947e-01, 1.481972731199e-06, 1.0899e+00, 1.0621e-02, 
 2DIAGNOSTIC,    47, -9.763305187225e-01, 1.127611540142e-06, 1.0999e+00, 1.0033e-02, 
DIAGNOSTIC,Iteration,metricValue,convergenceValue,ITERATION_TIME_INDEX,SINCE_LAST
 2DIAGNOSTIC,     1, -7.593637704849e-01, inf, 1.7226e+00, 6.2261e-01, 
 2DIAGNOSTIC,     2, -7.599614858627e-01, inf, 1.7554e+00, 3.2874e-02, 
 2DIAGNOSTIC,     3, -7.609158754349e-01, inf, 1.7885e+00, 3.3095e-02, 
 2DIAGNOSTIC,     4, -7.621998190880e-01, inf, 1.8229e+00, 3.4399e-02, 
 2DIAGNOSTIC,     5, -7.636156082153e-01, inf, 1.8552e+00, 3.2237e-02, 
 2DIAGNOSTIC,     6, -7.647457718849e-01, inf, 1.8882e+00, 3.3061e-02, 
 2DIAGNOSTIC,     7, -7.656384110451e-01, inf, 1.9278e+00, 3.9563e-02, 
 2DIAGNOSTIC,     8, -7.658296823502e-01, inf, 1.9716e+00, 4.3845e-02, 
 2DIAGNOSTIC,     9, -7.658644318581e-01, inf, 2.0040e+00, 3.2370e-02, 
 2DIAGNOSTIC,    10, -7.660543322563e-01, 6.394002120942e-04, 2.0408e+00, 3.6793e-02, 
 2DIAGNOSTIC,    11, -7.660857439041e-01, 4.889915580861e-04, 2.0728e+00, 3.2026e-02, 
 2DIAGNOSTIC,    12, -7.661567330360e-01, 3.406687173992e-04, 2.1097e+00, 3.6923e-02, 
 2DIAGNOSTIC,    13, -7.662205100060e-01, 2.136594121112e-04, 2.1423e+00, 3.2609e-02, 
 2DIAGNOSTIC,    14, -7.662948369980e-01, 1.213477153215e-04, 2.1782e+00, 3.5883e-02, 
 2DIAGNOSTIC,    15, -7.663412094116e-01, 6.620235217270e-05, 2.2193e+00, 4.1107e-02, 
 2DIAGNOSTIC,    16, -7.663722634315e-01, 3.852451118291e-05, 2.2565e+00, 3.7127e-02, 
 2DIAGNOSTIC,    17, -7.663905620575e-01, 3.060821836698e-05, 2.2883e+00, 3.1806e-02, 
 2DIAGNOSTIC,    18, -7.666422724724e-01, 3.008174462593e-05, 2.3239e+00, 3.5650e-02, 
 2DIAGNOSTIC,    19, -7.667009830475e-01, 2.857983417925e-05, 2.3673e+00, 4.3357e-02, 
 2DIAGNOSTIC,    20, -7.667077183723e-01, 2.840932393156e-05, 2.4029e+00, 3.5575e-02, 
 2DIAGNOSTIC,    21, -7.667235136032e-01, 2.665960346349e-05, 2.4351e+00, 3.2218e-02, 
 2DIAGNOSTIC,    22, -7.667322158813e-01, 2.405143641226e-05, 2.4665e+00, 3.1415e-02, 
 2DIAGNOSTIC,    23, -7.667428851128e-01, 2.066865090455e-05, 2.5058e+00, 3.9365e-02, 
 2DIAGNOSTIC,    24, -7.667586803436e-01, 1.711595359666e-05, 2.5375e+00, 3.1627e-02, 
 2DIAGNOSTIC,    25, -7.667596936226e-01, 1.311204505328e-05, 2.5768e+00, 3.9320e-02, 
 2DIAGNOSTIC,    26, -7.667599916458e-01, 8.800947398413e-06, 2.6085e+00, 3.1733e-02, 
 2DIAGNOSTIC,    27, -7.667526602745e-01, 4.159290710959e-06, 2.6442e+00, 3.5624e-02, 
 2DIAGNOSTIC,    28, -7.667549848557e-01, 2.919137159552e-06, 2.6796e+00, 3.5449e-02, 
 2DIAGNOSTIC,    29, -7.667548060417e-01, 2.341722165511e-06, 2.7152e+00, 3.5556e-02, 
 2DIAGNOSTIC,    30, -7.667549252510e-01, 1.765983483892e-06, 2.7504e+00, 3.5203e-02, 
 2DIAGNOSTIC,    31, -7.667558193207e-01, 1.362929651805e-06, 2.7860e+00, 3.5681e-02, 
 2DIAGNOSTIC,    32, -7.667564153671e-01, 1.061068701347e-06, 2.8213e+00, 3.5254e-02, 
DIAGNOSTIC,Iteration,metricValue,convergenceValue,ITERATION_TIME_INDEX,SINCE_LAST
 2DIAGNOSTIC,     1, -6.619643568993e-01, inf, 3.8740e+00, 1.0527e+00, 
 2DIAGNOSTIC,     2, -6.623468399048e-01, inf, 4.1375e+00, 2.6345e-01, 
 2DIAGNOSTIC,     3, -6.626288294792e-01, inf, 4.4323e+00, 2.9479e-01, 
 2DIAGNOSTIC,     4, -6.627157330513e-01, inf, 4.7234e+00, 2.9113e-01, 
 2DIAGNOSTIC,     5, -6.627234220505e-01, inf, 5.1115e+00, 3.8807e-01, 
 2DIAGNOSTIC,     6, -6.627265214920e-01, inf, 5.6379e+00, 5.2645e-01, 
 2DIAGNOSTIC,     7, -6.627274751663e-01, inf, 5.9609e+00, 3.2303e-01, 
 2DIAGNOSTIC,     8, -6.627269387245e-01, inf, 6.2480e+00, 2.8711e-01, 
 2DIAGNOSTIC,     9, -6.627265214920e-01, inf, 6.5407e+00, 2.9268e-01, 
 2DIAGNOSTIC,    10, -6.627262830734e-01, 5.330112981028e-05, 6.8318e+00, 2.9109e-01, 
 2DIAGNOSTIC,    11, -6.627254486084e-01, 2.134035275958e-05, 7.1243e+00, 2.9245e-01, 
 2DIAGNOSTIC,    12, -6.627258062363e-01, 6.489487986983e-06, 7.4197e+00, 2.9541e-01, 
 2DIAGNOSTIC,    13, -6.627251505852e-01, 2.781210014291e-06, 7.7131e+00, 2.9338e-01, 
 2DIAGNOSTIC,    14, -6.627250909805e-01, 2.228465746157e-06, 8.0073e+00, 2.9424e-01, 
 2DIAGNOSTIC,    15, -6.627248525620e-01, 1.964260263776e-06, 8.3316e+00, 3.2430e-01, 
 2DIAGNOSTIC,    16, -6.627240777016e-01, 1.808918455026e-06, 8.6239e+00, 2.9233e-01, 
 2DIAGNOSTIC,    17, -6.627241969109e-01, 1.716055407996e-06, 9.0192e+00, 3.9528e-01, 
 2DIAGNOSTIC,    18, -6.627243161201e-01, 1.637651166675e-06, 9.3086e+00, 2.8939e-01, 
 2DIAGNOSTIC,    19, -6.627241969109e-01, 1.567242861711e-06, 9.6000e+00, 2.9135e-01, 
 2DIAGNOSTIC,    20, -6.627244353294e-01, 1.514506038802e-06, 9.8896e+00, 2.8960e-01, 
 2DIAGNOSTIC,    21, -6.627245545387e-01, 1.459033228457e-06, 1.0180e+01, 2.9041e-01, 
 2DIAGNOSTIC,    22, -6.627245545387e-01, 1.421028514415e-06, 1.0474e+01, 2.9381e-01, 
 2DIAGNOSTIC,    23, -6.627244353294e-01, 1.374023213430e-06, 1.0769e+01, 2.9507e-01, 
 2DIAGNOSTIC,    24, -6.627243161201e-01, 1.328693087999e-06, 1.1063e+01, 2.9386e-01, 
 2DIAGNOSTIC,    25, -6.627241969109e-01, 1.280960304939e-06, 1.1353e+01, 2.8985e-01, 
 2DIAGNOSTIC,    26, -6.627243161201e-01, 1.225175424224e-06, 1.1646e+01, 2.9305e-01, 
 2DIAGNOSTIC,    27, -6.627243161201e-01, 1.175139914267e-06, 1.1939e+01, 2.9380e-01, 
 2DIAGNOSTIC,    28, -6.627243757248e-01, 1.131864678428e-06, 1.2231e+01, 2.9204e-01, 
 2DIAGNOSTIC,    29, -6.627243161201e-01, 1.089300440071e-06, 1.2491e+01, 2.5913e-01, 
 2DIAGNOSTIC,    30, -6.627243757248e-01, 1.054545805346e-06, 1.2782e+01, 2.9119e-01, 
 2DIAGNOSTIC,    31, -6.627243161201e-01, 1.023323534355e-06, 1.3073e+01, 2.9139e-01, 
DIAGNOSTIC,Iteration,metricValue,convergenceValue,ITERATION_TIME_INDEX,SINCE_LAST
 2DIAGNOSTIC,     1, -5.926256179810e-01, inf, 1.5800e+01, 2.7272e+00, 
  Elapsed time (stage 1): 1.6934e+01


Stage 2
  iterations = 100x100x70x20
  convergence threshold = 1.0000e-09
  convergence window size = 10
  number of levels = 4
  using the CC metric (radius = 4, weight = 1.0000e+00)
  preprocessing:  winsorizing the image intensities
  preprocessing:  histogram matching the images
  Shrink factors (level 1 out of 4): [6, 6, 6]
  Shrink factors (level 2 out of 4): [4, 4, 4]
  Shrink factors (level 3 out of 4): [2, 2, 2]
  Shrink factors (level 4 out of 4): [1, 1, 1]
  smoothing sigmas per level: [3, 2, 1, 0]
  Using default NONE metricSamplingStrategy 

*** Running SyN registration (varianceForUpdateField = 3.0000e+00, varianceForTotalField = 0.0000e+00) ***

XXDIAGNOSTIC,Iteration,metricValue,convergenceValue,ITERATION_TIME_INDEX,SINCE_LAST
 1DIAGNOSTIC,     1, -8.612595200539e-01, inf, 1.4321e+00, 1.4321e+00, 
 1DIAGNOSTIC,     2, -8.706116080284e-01, inf, 2.2407e+00, 8.0865e-01, 
 1DIAGNOSTIC,     3, -8.808488845825e-01, inf, 3.0446e+00, 8.0387e-01, 
 1DIAGNOSTIC,     4, -8.891969323158e-01, inf, 3.8501e+00, 8.0553e-01, 
 1DIAGNOSTIC,     5, -8.950822353363e-01, inf, 4.6644e+00, 8.1422e-01, 
 1DIAGNOSTIC,     6, -9.001548290253e-01, inf, 5.4585e+00, 7.9418e-01, 
 1DIAGNOSTIC,     7, -9.043562412262e-01, inf, 6.2525e+00, 7.9399e-01, 
 1DIAGNOSTIC,     8, -9.077261686325e-01, inf, 7.0384e+00, 7.8589e-01, 
 1DIAGNOSTIC,     9, -9.104489088058e-01, inf, 7.8625e+00, 8.2412e-01, 
 1DIAGNOSTIC,    10, -9.128611087799e-01, 3.604584140703e-03, 8.6806e+00, 8.1804e-01, 
 1DIAGNOSTIC,    11, -9.148198366165e-01, 2.707011997700e-03, 9.4706e+00, 7.9008e-01, 
 1DIAGNOSTIC,    12, -9.165062308311e-01, 2.006397349760e-03, 1.0282e+01, 8.1180e-01, 
 1DIAGNOSTIC,    13, -9.179781675339e-01, 1.516091520898e-03, 1.1089e+01, 8.0633e-01, 
 1DIAGNOSTIC,    14, -9.192677736282e-01, 1.175055745989e-03, 1.1904e+01, 8.1530e-01, 
 1DIAGNOSTIC,    15, -9.204115867615e-01, 9.192738216370e-04, 1.2711e+01, 8.0649e-01, 
 1DIAGNOSTIC,    16, -9.214305877686e-01, 7.304145838134e-04, 1.3509e+01, 7.9835e-01, 
 1DIAGNOSTIC,    17, -9.223400354385e-01, 5.906251608394e-04, 1.4340e+01, 8.3131e-01, 
 1DIAGNOSTIC,    18, -9.231567382812e-01, 4.845321527682e-04, 1.5136e+01, 7.9626e-01, 
 1DIAGNOSTIC,    19, -9.238947629929e-01, 4.015125159640e-04, 1.5959e+01, 8.2300e-01, 
 1DIAGNOSTIC,    20, -9.245635867119e-01, 3.375374071766e-04, 1.6760e+01, 8.0014e-01, 
 1DIAGNOSTIC,    21, -9.251693487167e-01, 2.862634428311e-04, 1.7581e+01, 8.2113e-01, 
 1DIAGNOSTIC,    22, -9.257251024246e-01, 2.446596336085e-04, 1.8399e+01, 8.1848e-01, 
 1DIAGNOSTIC,    23, -9.262336492538e-01, 2.105839230353e-04, 1.9190e+01, 7.9044e-01, 
 1DIAGNOSTIC,    24, -9.267007112503e-01, 1.823788334150e-04, 1.9976e+01, 7.8644e-01, 
 1DIAGNOSTIC,    25, -9.271329641342e-01, 1.589113962837e-04, 2.0739e+01, 7.6273e-01, 
 1DIAGNOSTIC,    26, -9.275323152542e-01, 1.392667036271e-04, 2.1531e+01, 7.9253e-01, 
 1DIAGNOSTIC,    27, -9.279021024704e-01, 1.226912863785e-04, 2.2351e+01, 8.1927e-01, 
 1DIAGNOSTIC,    28, -9.282424449921e-01, 1.085760450223e-04, 2.3145e+01, 7.9419e-01, 
 1DIAGNOSTIC,    29, -9.285622835159e-01, 9.652465087129e-05, 2.3949e+01, 8.0428e-01, 
 1DIAGNOSTIC,    30, -9.288594126701e-01, 8.616482955404e-05, 2.4748e+01, 7.9870e-01, 
 1DIAGNOSTIC,    31, -9.291366338730e-01, 7.717829430476e-05, 2.5556e+01, 8.0794e-01, 
 1DIAGNOSTIC,    32, -9.293977022171e-01, 6.938518345123e-05, 2.6360e+01, 8.0453e-01, 
 1DIAGNOSTIC,    33, -9.296410679817e-01, 6.257837958401e-05, 2.7169e+01, 8.0831e-01, 
 1DIAGNOSTIC,    34, -9.298701882362e-01, 5.661001341650e-05, 2.7974e+01, 8.0507e-01, 
 1DIAGNOSTIC,    35, -9.300849437714e-01, 5.136573599884e-05, 2.8807e+01, 8.3363e-01, 
 1DIAGNOSTIC,    36, -9.302881360054e-01, 4.674880619859e-05, 2.9610e+01, 8.0265e-01, 
 1DIAGNOSTIC,    37, -9.304797649384e-01, 4.266926771379e-05, 3.0409e+01, 7.9906e-01, 
 1DIAGNOSTIC,    38, -9.306523799896e-01, 3.895820191246e-05, 3.1221e+01, 8.1244e-01, 
 1DIAGNOSTIC,    39, -9.308236837387e-01, 3.566438681446e-05, 3.2052e+01, 8.3051e-01, 
 1DIAGNOSTIC,    40, -9.309855103493e-01, 3.272472531535e-05, 3.2852e+01, 8.0009e-01, 
 1DIAGNOSTIC,    41, -9.311391711235e-01, 3.009710599144e-05, 3.3651e+01, 7.9909e-01, 
 1DIAGNOSTIC,    42, -9.312847852707e-01, 2.775798020593e-05, 3.4441e+01, 7.9013e-01, 
 1DIAGNOSTIC,    43, -9.314217567444e-01, 2.565428621892e-05, 3.5239e+01, 7.9810e-01, 
 1DIAGNOSTIC,    44, -9.315534830093e-01, 2.377290729783e-05, 3.6050e+01, 8.1018e-01, 
 1DIAGNOSTIC,    45, -9.316792488098e-01, 2.208253499703e-05, 3.6873e+01, 8.2337e-01, 
 1DIAGNOSTIC,    46, -9.317975640297e-01, 2.055499680864e-05, 3.7659e+01, 7.8641e-01, 
 1DIAGNOSTIC,    47, -9.319115281105e-01, 1.917894223880e-05, 3.8459e+01, 7.9945e-01, 
 1DIAGNOSTIC,    48, -9.320165514946e-01, 1.785374479368e-05, 3.9250e+01, 7.9129e-01, 
 1DIAGNOSTIC,    49, -9.321168065071e-01, 1.662781141931e-05, 4.0062e+01, 8.1236e-01, 
 1DIAGNOSTIC,    50, -9.322165846825e-01, 1.551641435071e-05, 4.0881e+01, 8.1850e-01, 
 1DIAGNOSTIC,    51, -9.323115348816e-01, 1.450847230444e-05, 4.1686e+01, 8.0535e-01, 
 1DIAGNOSTIC,    52, -9.323946237564e-01, 1.354859068670e-05, 4.2480e+01, 7.9413e-01, 
 1DIAGNOSTIC,    53, -9.324826598167e-01, 1.267992774956e-05, 4.3309e+01, 8.2864e-01, 
 1DIAGNOSTIC,    54, -9.325605630875e-01, 1.186671761388e-05, 4.4123e+01, 8.1409e-01, 
 1DIAGNOSTIC,    55, -9.326416254044e-01, 1.114667156799e-05, 4.4932e+01, 8.0925e-01, 
 1DIAGNOSTIC,    56, -9.327189922333e-01, 1.050121773005e-05, 4.5725e+01, 7.9254e-01, 
 1DIAGNOSTIC,    57, -9.327932000160e-01, 9.930440683092e-06, 4.6530e+01, 8.0547e-01, 
 1DIAGNOSTIC,    58, -9.328649044037e-01, 9.407368452230e-06, 4.7321e+01, 7.9026e-01, 
 1DIAGNOSTIC,    59, -9.329335689545e-01, 8.921765584091e-06, 4.8147e+01, 8.2644e-01, 
 1DIAGNOSTIC,    60, -9.329950809479e-01, 8.464174243272e-06, 4.8970e+01, 8.2326e-01, 
 1DIAGNOSTIC,    61, -9.330593347549e-01, 8.054365935095e-06, 4.9778e+01, 8.0775e-01, 
 1DIAGNOSTIC,    62, -9.331201910973e-01, 7.638413080713e-06, 5.0594e+01, 8.1575e-01, 
 1DIAGNOSTIC,    63, -9.331794381142e-01, 7.262019153131e-06, 5.1414e+01, 8.1971e-01, 
 1DIAGNOSTIC,    64, -9.332362413406e-01, 6.887020390423e-06, 5.2208e+01, 7.9481e-01, 
 1DIAGNOSTIC,    65, -9.332932829857e-01, 6.555190338986e-06, 5.3023e+01, 8.1442e-01, 
 1DIAGNOSTIC,    66, -9.333464503288e-01, 6.250629667193e-06, 5.3833e+01, 8.1015e-01, 
 1DIAGNOSTIC,    67, -9.333936572075e-01, 5.950109425612e-06, 5.4651e+01, 8.1761e-01, 
 1DIAGNOSTIC,    68, -9.334425926208e-01, 5.670826794812e-06, 5.5445e+01, 7.9450e-01, 
 1DIAGNOSTIC,    69, -9.334905147552e-01, 5.412380232883e-06, 5.6244e+01, 7.9883e-01, 
 1DIAGNOSTIC,    70, -9.335362911224e-01, 5.149166554475e-06, 5.7053e+01, 8.0935e-01, 
 1DIAGNOSTIC,    71, -9.335809946060e-01, 4.907345555694e-06, 5.7852e+01, 7.9841e-01, 
 1DIAGNOSTIC,    72, -9.336234331131e-01, 4.678598088503e-06, 5.8626e+01, 7.7426e-01, 
 1DIAGNOSTIC,    73, -9.336647391319e-01, 4.466362952371e-06, 5.9452e+01, 8.2561e-01, 
 1DIAGNOSTIC,    74, -9.336962699890e-01, 4.232845640217e-06, 6.0250e+01, 7.9841e-01, 
 1DIAGNOSTIC,    75, -9.337344169617e-01, 4.025042471767e-06, 6.1048e+01, 7.9853e-01, 
 1DIAGNOSTIC,    76, -9.337711930275e-01, 3.834811650449e-06, 6.1850e+01, 8.0167e-01, 
 1DIAGNOSTIC,    77, -9.338066577911e-01, 3.645287279141e-06, 6.2645e+01, 7.9501e-01, 
 1DIAGNOSTIC,    78, -9.338406324387e-01, 3.471531272226e-06, 6.3463e+01, 8.1768e-01, 
 1DIAGNOSTIC,    79, -9.338738918304e-01, 3.319066991025e-06, 6.4242e+01, 7.7883e-01, 
 1DIAGNOSTIC,    80, -9.339057803154e-01, 3.183632315995e-06, 6.5011e+01, 7.6924e-01, 
 1DIAGNOSTIC,    81, -9.339367151260e-01, 3.065571945626e-06, 6.5797e+01, 7.8597e-01, 
 1DIAGNOSTIC,    82, -9.339637756348e-01, 2.949034069388e-06, 6.6601e+01, 8.0432e-01, 
 1DIAGNOSTIC,    83, -9.339948892593e-01, 2.854038712030e-06, 6.7406e+01, 8.0527e-01, 
 1DIAGNOSTIC,    84, -9.340258240700e-01, 2.747745611487e-06, 6.8215e+01, 8.0827e-01, 
 1DIAGNOSTIC,    85, -9.340524673462e-01, 2.645985205163e-06, 6.9034e+01, 8.1897e-01, 
 1DIAGNOSTIC,    86, -9.340786933899e-01, 2.549723376433e-06, 6.9856e+01, 8.2276e-01, 
 1DIAGNOSTIC,    87, -9.341037273407e-01, 2.456325091771e-06, 7.0652e+01, 7.9557e-01, 
 1DIAGNOSTIC,    88, -9.341284036636e-01, 2.365053660469e-06, 7.1447e+01, 7.9446e-01, 
 1DIAGNOSTIC,    89, -9.341518878937e-01, 2.275219230796e-06, 7.2246e+01, 7.9949e-01, 
 1DIAGNOSTIC,    90, -9.341746568680e-01, 2.186208121202e-06, 7.3061e+01, 8.1468e-01, 
 1DIAGNOSTIC,    91, -9.341966509819e-01, 2.098934146488e-06, 7.3858e+01, 7.9777e-01, 
 1DIAGNOSTIC,    92, -9.342181682587e-01, 2.004360339924e-06, 7.4669e+01, 8.1036e-01, 
 1DIAGNOSTIC,    93, -9.342388510704e-01, 1.920115209941e-06, 7.5466e+01, 7.9763e-01, 
 1DIAGNOSTIC,    94, -9.342586994171e-01, 1.849028649303e-06, 7.6263e+01, 7.9682e-01, 
 1DIAGNOSTIC,    95, -9.342727661133e-01, 1.763105956343e-06, 7.7095e+01, 8.3147e-01, 
 1DIAGNOSTIC,    96, -9.342916011810e-01, 1.683673076514e-06, 7.7906e+01, 8.1174e-01, 
 1DIAGNOSTIC,    97, -9.343102574348e-01, 1.611391780898e-06, 7.8691e+01, 7.8492e-01, 
 1DIAGNOSTIC,    98, -9.343268871307e-01, 1.543887378830e-06, 7.9489e+01, 7.9741e-01, 
 1DIAGNOSTIC,    99, -9.343442320824e-01, 1.485013626734e-06, 8.0291e+01, 8.0181e-01, 
 1DIAGNOSTIC,   100, -9.343568086624e-01, 1.421994625161e-06, 8.1091e+01, 8.0078e-01, 
XXDIAGNOSTIC,Iteration,metricValue,convergenceValue,ITERATION_TIME_INDEX,SINCE_LAST
 1DIAGNOSTIC,     1, -8.589766025543e-01, inf, 8.4299e+01, 3.2071e+00, 
 1DIAGNOSTIC,     2, -8.598644137383e-01, inf, 8.6887e+01, 2.5886e+00, 
 1DIAGNOSTIC,     3, -8.610117435455e-01, inf, 8.9469e+01, 2.5821e+00, 
 1DIAGNOSTIC,     4, -8.621540069580e-01, inf, 9.2045e+01, 2.5756e+00, 
 1DIAGNOSTIC,     5, -8.630992770195e-01, inf, 9.4608e+01, 2.5629e+00, 
 1DIAGNOSTIC,     6, -8.639979362488e-01, inf, 9.7174e+01, 2.5661e+00, 
 1DIAGNOSTIC,     7, -8.648140430450e-01, inf, 9.9746e+01, 2.5723e+00, 
 1DIAGNOSTIC,     8, -8.656203746796e-01, inf, 1.0231e+02, 2.5609e+00, 
 1DIAGNOSTIC,     9, -8.662446737289e-01, inf, 1.0490e+02, 2.5928e+00, 
 1DIAGNOSTIC,    10, -8.668620586395e-01, 5.986010655761e-04, 1.0748e+02, 2.5765e+00, 
 1DIAGNOSTIC,    11, -8.673244118690e-01, 5.041447584517e-04, 1.1006e+02, 2.5886e+00, 
 1DIAGNOSTIC,    12, -8.678724765778e-01, 4.193711502012e-04, 1.1265e+02, 2.5901e+00, 
 1DIAGNOSTIC,    13, -8.682826757431e-01, 3.488147922326e-04, 1.1525e+02, 2.5919e+00, 
 1DIAGNOSTIC,    14, -8.686714768410e-01, 2.924854052253e-04, 1.1785e+02, 2.6030e+00, 
 1DIAGNOSTIC,    15, -8.690480589867e-01, 2.458458184265e-04, 1.2043e+02, 2.5830e+00, 
 1DIAGNOSTIC,    16, -8.693817257881e-01, 2.077057433780e-04, 1.2304e+02, 2.6033e+00, 
 1DIAGNOSTIC,    17, -8.697164058685e-01, 1.770435919752e-04, 1.2562e+02, 2.5852e+00, 
 1DIAGNOSTIC,    18, -8.700135350227e-01, 1.535164337838e-04, 1.2821e+02, 2.5852e+00, 
 1DIAGNOSTIC,    19, -8.702917098999e-01, 1.338039000984e-04, 1.3080e+02, 2.5934e+00, 
 1DIAGNOSTIC,    20, -8.705554008484e-01, 1.181202023872e-04, 1.3340e+02, 2.6022e+00, 
 1DIAGNOSTIC,    21, -8.708065152168e-01, 1.040396527969e-04, 1.3600e+02, 2.5929e+00, 
 1DIAGNOSTIC,    22, -8.710321187973e-01, 9.308191511082e-05, 1.3859e+02, 2.5988e+00, 
 1DIAGNOSTIC,    23, -8.712605834007e-01, 8.350545977009e-05, 1.4118e+02, 2.5849e+00, 
 1DIAGNOSTIC,    24, -8.714516162872e-01, 7.484688831028e-05, 1.4377e+02, 2.5942e+00, 
 1DIAGNOSTIC,    25, -8.716814517975e-01, 6.785074947402e-05, 1.4636e+02, 2.5902e+00, 
 1DIAGNOSTIC,    26, -8.718162178993e-01, 6.093629781390e-05, 1.4895e+02, 2.5891e+00, 
 1DIAGNOSTIC,    27, -8.720076680183e-01, 5.524294465431e-05, 1.5156e+02, 2.6030e+00, 
 1DIAGNOSTIC,    28, -8.721614480019e-01, 5.006168430555e-05, 1.5415e+02, 2.5930e+00, 
 1DIAGNOSTIC,    29, -8.723141551018e-01, 4.542124952422e-05, 1.5674e+02, 2.5950e+00, 
 1DIAGNOSTIC,    30, -8.724322319031e-01, 4.101094600628e-05, 1.5934e+02, 2.5939e+00, 
 1DIAGNOSTIC,    31, -8.725953102112e-01, 3.744280547835e-05, 1.6194e+02, 2.6040e+00, 
 1DIAGNOSTIC,    32, -8.726952075958e-01, 3.392130383872e-05, 1.6453e+02, 2.5895e+00, 
 1DIAGNOSTIC,    33, -8.728132247925e-01, 3.089454548899e-05, 1.6712e+02, 2.5867e+00, 
 1DIAGNOSTIC,    34, -8.728995323181e-01, 2.782728552120e-05, 1.6972e+02, 2.5989e+00, 
 1DIAGNOSTIC,    35, -8.730131387711e-01, 2.557649713708e-05, 1.7231e+02, 2.5956e+00, 
 1DIAGNOSTIC,    36, -8.730728030205e-01, 2.282744935656e-05, 1.7491e+02, 2.6024e+00, 
 1DIAGNOSTIC,    37, -8.731963634491e-01, 2.090399902954e-05, 1.7752e+02, 2.6085e+00, 
 1DIAGNOSTIC,    38, -8.732509016991e-01, 1.893262378871e-05, 1.8012e+02, 2.6019e+00, 
 1DIAGNOSTIC,    39, -8.733334541321e-01, 1.730100848363e-05, 1.8272e+02, 2.5923e+00, 
 1DIAGNOSTIC,    40, -8.733844757080e-01, 1.553157017042e-05, 1.8532e+02, 2.6053e+00, 
 1DIAGNOSTIC,    41, -8.734837174416e-01, 1.452257765777e-05, 1.8789e+02, 2.5698e+00, 
 1DIAGNOSTIC,    42, -8.735208511353e-01, 1.328595499217e-05, 1.9049e+02, 2.5963e+00, 
 1DIAGNOSTIC,    43, -8.735901713371e-01, 1.232792055816e-05, 1.9309e+02, 2.6053e+00, 
 1DIAGNOSTIC,    44, -8.736176490784e-01, 1.113487451221e-05, 1.9569e+02, 2.5960e+00, 
 1DIAGNOSTIC,    45, -8.737018108368e-01, 1.043413612933e-05, 1.9829e+02, 2.5994e+00, 
 1DIAGNOSTIC,    46, -8.737348914146e-01, 9.460455657972e-06, 2.0090e+02, 2.6114e+00, 
 1DIAGNOSTIC,    47, -8.737465143204e-01, 8.625611371826e-06, 2.0349e+02, 2.5884e+00, 
 1DIAGNOSTIC,    48, -8.738390207291e-01, 8.064711437328e-06, 2.0610e+02, 2.6065e+00, 
 1DIAGNOSTIC,    49, -8.738546371460e-01, 7.454515071004e-06, 2.0869e+02, 2.5982e+00, 
 1DIAGNOSTIC,    50, -8.738653063774e-01, 6.606339411519e-06, 2.1127e+02, 2.5758e+00, 
 1DIAGNOSTIC,    51, -8.739345073700e-01, 6.302416750259e-06, 2.1386e+02, 2.5903e+00, 
 1DIAGNOSTIC,    52, -8.739472031593e-01, 5.762667569797e-06, 2.1645e+02, 2.5939e+00, 
 1DIAGNOSTIC,    53, -8.739986419678e-01, 5.491755018738e-06, 2.1905e+02, 2.6001e+00, 
 1DIAGNOSTIC,    54, -8.739861249924e-01, 4.835921117774e-06, 2.2164e+02, 2.5896e+00, 
 1DIAGNOSTIC,    55, -8.740655183792e-01, 4.775521119882e-06, 2.2423e+02, 2.5848e+00, 
 1DIAGNOSTIC,    56, -8.740582466125e-01, 4.454288045963e-06, 2.2682e+02, 2.5927e+00, 
 1DIAGNOSTIC,    57, -8.740959167480e-01, 4.041991360282e-06, 2.2940e+02, 2.5803e+00, 
 1DIAGNOSTIC,    58, -8.740850090981e-01, 3.768929218495e-06, 2.3200e+02, 2.5995e+00, 
 1DIAGNOSTIC,    59, -8.741374015808e-01, 3.578022187867e-06, 2.3458e+02, 2.5843e+00, 
 1DIAGNOSTIC,    60, -8.741381168365e-01, 3.145553137074e-06, 2.3717e+02, 2.5835e+00, 
 1DIAGNOSTIC,    61, -8.741369843483e-01, 2.840961315087e-06, 2.3975e+02, 2.5813e+00, 
 1DIAGNOSTIC,    62, -8.741917610168e-01, 2.678319788174e-06, 2.4233e+02, 2.5854e+00, 
 1DIAGNOSTIC,    63, -8.741976618767e-01, 2.606896032376e-06, 2.4493e+02, 2.5961e+00, 
 1DIAGNOSTIC,    64, -8.741855621338e-01, 2.199184336860e-06, 2.4752e+02, 2.5884e+00, 
 1DIAGNOSTIC,    65, -8.742354512215e-01, 2.297234232174e-06, 2.5010e+02, 2.5795e+00, 
 1DIAGNOSTIC,    66, -8.742277622223e-01, 2.134368514817e-06, 2.5269e+02, 2.5899e+00, 
 1DIAGNOSTIC,    67, -8.742393255234e-01, 2.060174438157e-06, 2.5528e+02, 2.5916e+00, 
 1DIAGNOSTIC,    68, -8.742315769196e-01, 1.739410095070e-06, 2.5788e+02, 2.5957e+00, 
 1DIAGNOSTIC,    69, -8.742661476135e-01, 1.721829789858e-06, 2.6047e+02, 2.5906e+00, 
 1DIAGNOSTIC,    70, -8.742661476135e-01, 1.582621166563e-06, 2.6305e+02, 2.5858e+00, 
 1DIAGNOSTIC,    71, -8.742835521698e-01, 1.406520823366e-06, 2.6563e+02, 2.5791e+00, 
 1DIAGNOSTIC,    72, -8.742592334747e-01, 1.282942548642e-06, 2.6822e+02, 2.5895e+00, 
 1DIAGNOSTIC,    73, -8.743111491203e-01, 1.347585794065e-06, 2.7082e+02, 2.6012e+00, 
 1DIAGNOSTIC,    74, -8.742695450783e-01, 1.071050178325e-06, 2.7343e+02, 2.6075e+00, 
 1DIAGNOSTIC,    75, -8.743093013763e-01, 1.136294144999e-06, 2.7602e+02, 2.5920e+00, 
 1DIAGNOSTIC,    76, -8.743036985397e-01, 1.070506186807e-06, 2.7861e+02, 2.5841e+00, 
 1DIAGNOSTIC,    77, -8.742985129356e-01, 9.738029120854e-07, 2.8120e+02, 2.5990e+00, 
 1DIAGNOSTIC,    78, -8.743169307709e-01, 8.676387324158e-07, 2.8378e+02, 2.5771e+00, 
 1DIAGNOSTIC,    79, -8.742955327034e-01, 7.721515657977e-07, 2.8637e+02, 2.5865e+00, 
 1DIAGNOSTIC,    80, -8.743363618851e-01, 8.111535407807e-07, 2.8896e+02, 2.5896e+00, 
 1DIAGNOSTIC,    81, -8.743231296539e-01, 8.240787110481e-07, 2.9155e+02, 2.5914e+00, 
 1DIAGNOSTIC,    82, -8.743303418159e-01, 7.239996193675e-07, 2.9415e+02, 2.5990e+00, 
 1DIAGNOSTIC,    83, -8.743102550507e-01, 7.255615059876e-07, 2.9674e+02, 2.5874e+00, 
 1DIAGNOSTIC,    84, -8.743464946747e-01, 6.705336659252e-07, 2.9933e+02, 2.5944e+00, 
 1DIAGNOSTIC,    85, -8.743310570717e-01, 6.769075753255e-07, 3.0192e+02, 2.5892e+00, 
 1DIAGNOSTIC,    86, -8.743462562561e-01, 6.926784976713e-07, 3.0451e+02, 2.5911e+00, 
 1DIAGNOSTIC,    87, -8.743460774422e-01, 6.563294618900e-07, 3.0710e+02, 2.5936e+00, 
 1DIAGNOSTIC,    88, -8.743587732315e-01, 7.117549785107e-07, 3.0969e+02, 2.5825e+00, 
 1DIAGNOSTIC,    89, -8.743372559547e-01, 5.683629638042e-07, 3.1228e+02, 2.5913e+00, 
 1DIAGNOSTIC,    90, -8.743736743927e-01, 6.911261039022e-07, 3.1487e+02, 2.5885e+00, 
 1DIAGNOSTIC,    91, -8.743566274643e-01, 6.660476969955e-07, 3.1746e+02, 2.5974e+00, 
 1DIAGNOSTIC,    92, -8.743644356728e-01, 6.685722269140e-07, 3.2006e+02, 2.5912e+00, 
 1DIAGNOSTIC,    93, -8.743433952332e-01, 4.924604013468e-07, 3.2264e+02, 2.5871e+00, 
 1DIAGNOSTIC,    94, -8.743753433228e-01, 5.462690069180e-07, 3.2524e+02, 2.5977e+00, 
 1DIAGNOSTIC,    95, -8.743507862091e-01, 4.357451359738e-07, 3.2781e+02, 2.5737e+00, 
 1DIAGNOSTIC,    96, -8.743851780891e-01, 4.884686291007e-07, 3.3039e+02, 2.5806e+00, 
 1DIAGNOSTIC,    97, -8.743661046028e-01, 4.576910157539e-07, 3.3297e+02, 2.5777e+00, 
 1DIAGNOSTIC,    98, -8.743746876717e-01, 4.909468884762e-07, 3.3556e+02, 2.5840e+00, 
 1DIAGNOSTIC,    99, -8.743505477905e-01, 3.526009777488e-07, 3.3814e+02, 2.5856e+00, 
 1DIAGNOSTIC,   100, -8.743764162064e-01, 4.199266925298e-07, 3.4073e+02, 2.5833e+00, 
XXDIAGNOSTIC,Iteration,metricValue,convergenceValue,ITERATION_TIME_INDEX,SINCE_LAST
 1DIAGNOSTIC,     1, -7.372933030128e-01, inf, 3.6229e+02, 2.1567e+01, 
 1DIAGNOSTIC,     2, -7.393406033516e-01, inf, 3.8316e+02, 2.0870e+01, 
 1DIAGNOSTIC,     3, -7.414323091507e-01, inf, 4.0394e+02, 2.0779e+01, 
 1DIAGNOSTIC,     4, -7.434166073799e-01, inf, 4.2471e+02, 2.0769e+01, 
 1DIAGNOSTIC,     5, -7.452459335327e-01, inf, 4.4547e+02, 2.0765e+01, 
 1DIAGNOSTIC,     6, -7.468371987343e-01, inf, 4.6644e+02, 2.0968e+01, 
 1DIAGNOSTIC,     7, -7.483847141266e-01, inf, 4.8739e+02, 2.0951e+01, 
 1DIAGNOSTIC,     8, -7.497349381447e-01, inf, 5.0854e+02, 2.1143e+01, 
 1DIAGNOSTIC,     9, -7.510688304901e-01, inf, 5.2934e+02, 2.0808e+01, 
 1DIAGNOSTIC,    10, -7.521286010742e-01, 1.280059688725e-03, 5.5045e+02, 2.1102e+01, 
 1DIAGNOSTIC,    11, -7.531058788300e-01, 1.070544705726e-03, 5.7130e+02, 2.0854e+01, 
 1DIAGNOSTIC,    12, -7.540229558945e-01, 8.933491189964e-04, 5.9233e+02, 2.1030e+01, 
 1DIAGNOSTIC,    13, -7.548701167107e-01, 7.480352069251e-04, 6.1323e+02, 2.0895e+01, 
 1DIAGNOSTIC,    14, -7.556553483009e-01, 6.301193498075e-04, 6.3475e+02, 2.1529e+01, 
 1DIAGNOSTIC,    15, -7.563943266869e-01, 5.350405699573e-04, 6.5571e+02, 2.0956e+01, 
 1DIAGNOSTIC,    16, -7.570928335190e-01, 4.567299038172e-04, 6.7684e+02, 2.1128e+01, 
 1DIAGNOSTIC,    17, -7.577381134033e-01, 3.941945324186e-04, 6.9792e+02, 2.1080e+01, 
 1DIAGNOSTIC,    18, -7.583364844322e-01, 3.428672207519e-04, 7.1921e+02, 2.1288e+01, 
 1DIAGNOSTIC,    19, -7.589015960693e-01, 3.028297214769e-04, 7.4041e+02, 2.1199e+01, 
 1DIAGNOSTIC,    20, -7.594329118729e-01, 2.685959334485e-04, 7.6144e+02, 2.1036e+01, 
 1DIAGNOSTIC,    21, -7.599319815636e-01, 2.390405425103e-04, 7.8251e+02, 2.1064e+01, 
 1DIAGNOSTIC,    22, -7.604044079781e-01, 2.136099792551e-04, 8.0360e+02, 2.1093e+01, 
 1DIAGNOSTIC,    23, -7.608496546745e-01, 1.915429602377e-04, 8.2477e+02, 2.1170e+01, 
 1DIAGNOSTIC,    24, -7.612771391869e-01, 1.723619061522e-04, 8.4579e+02, 2.1018e+01, 
 1DIAGNOSTIC,    25, -7.616745829582e-01, 1.556138304295e-04, 8.6665e+02, 2.0865e+01, 
 1DIAGNOSTIC,    26, -7.620510458946e-01, 1.410635013599e-04, 8.8770e+02, 2.1049e+01, 
 1DIAGNOSTIC,    27, -7.624050974846e-01, 1.282226730837e-04, 9.0878e+02, 2.1078e+01, 
 1DIAGNOSTIC,    28, -7.627469301224e-01, 1.168306189356e-04, 9.2992e+02, 2.1135e+01, 
 1DIAGNOSTIC,    29, -7.630699872971e-01, 1.067037010216e-04, 9.5102e+02, 2.1107e+01, 
 1DIAGNOSTIC,    30, -7.633751630783e-01, 9.764824790182e-05, 9.7212e+02, 2.1101e+01, 
 1DIAGNOSTIC,    31, -7.636712193489e-01, 8.958338730736e-05, 9.9322e+02, 2.1101e+01, 
 1DIAGNOSTIC,    32, -7.639565467834e-01, 8.244187483797e-05, 1.0144e+03, 2.1128e+01, 
 1DIAGNOSTIC,    33, -7.642269134521e-01, 7.606817234773e-05, 1.0356e+03, 2.1241e+01, 
 1DIAGNOSTIC,    34, -7.644857168198e-01, 7.044383528410e-05, 1.0565e+03, 2.0944e+01, 
 1DIAGNOSTIC,    35, -7.647349834442e-01, 6.540379399667e-05, 1.0778e+03, 2.1308e+01, 
 1DIAGNOSTIC,    36, -7.649711966515e-01, 6.083285188652e-05, 1.0991e+03, 2.1250e+01, 
 1DIAGNOSTIC,    37, -7.652045488358e-01, 5.669787424267e-05, 1.1202e+03, 2.1069e+01, 
 1DIAGNOSTIC,    38, -7.654289603233e-01, 5.299317854224e-05, 1.1413e+03, 2.1132e+01, 
 1DIAGNOSTIC,    39, -7.656332254410e-01, 4.952494782628e-05, 1.1624e+03, 2.1066e+01, 
 1DIAGNOSTIC,    40, -7.658276557922e-01, 4.622017877409e-05, 1.1836e+03, 2.1201e+01, 
 1DIAGNOSTIC,    41, -7.660083174706e-01, 4.305411130190e-05, 1.2048e+03, 2.1282e+01, 
 1DIAGNOSTIC,    42, -7.661842107773e-01, 4.007367169834e-05, 1.2260e+03, 2.1192e+01, 
 1DIAGNOSTIC,    43, -7.663495540619e-01, 3.722943438333e-05, 1.2473e+03, 2.1308e+01, 
 1DIAGNOSTIC,    44, -7.665106058121e-01, 3.456297781668e-05, 1.2684e+03, 2.1104e+01, 
 1DIAGNOSTIC,    45, -7.666651010513e-01, 3.210483555449e-05, 1.2895e+03, 2.1067e+01, 
 1DIAGNOSTIC,    46, -7.668078541756e-01, 2.979934834002e-05, 1.3107e+03, 2.1230e+01, 
 1DIAGNOSTIC,    47, -7.669444084167e-01, 2.771929030132e-05, 1.3320e+03, 2.1230e+01, 
 1DIAGNOSTIC,    48, -7.670758962631e-01, 2.588187817310e-05, 1.3531e+03, 2.1107e+01, 
 1DIAGNOSTIC,    49, -7.672021389008e-01, 2.419856355118e-05, 1.3743e+03, 2.1238e+01, 
 1DIAGNOSTIC,    50, -7.673199176788e-01, 2.263558963023e-05, 1.3955e+03, 2.1205e+01, 
 1DIAGNOSTIC,    51, -7.674280405045e-01, 2.111891262757e-05, 1.4168e+03, 2.1230e+01, 
 1DIAGNOSTIC,    52, -7.675347328186e-01, 1.970656376216e-05, 1.4381e+03, 2.1338e+01, 
 1DIAGNOSTIC,    53, -7.676365375519e-01, 1.837809759309e-05, 1.4591e+03, 2.0989e+01, 
 1DIAGNOSTIC,    54, -7.677332758904e-01, 1.715578218864e-05, 1.4803e+03, 2.1265e+01, 
 1DIAGNOSTIC,    55, -7.678253650665e-01, 1.604492354090e-05, 1.5015e+03, 2.1170e+01, 
 1DIAGNOSTIC,    56, -7.679163813591e-01, 1.503183921159e-05, 1.5228e+03, 2.1280e+01, 
 1DIAGNOSTIC,    57, -7.680055499077e-01, 1.412752772012e-05, 1.5440e+03, 2.1250e+01, 
 1DIAGNOSTIC,    58, -7.680892348289e-01, 1.331938256044e-05, 1.5652e+03, 2.1197e+01, 
 1DIAGNOSTIC,    59, -7.681636214256e-01, 1.256654741155e-05, 1.5863e+03, 2.1011e+01, 
 1DIAGNOSTIC,    60, -7.682392597198e-01, 1.187459474750e-05, 1.6074e+03, 2.1114e+01, 
 1DIAGNOSTIC,    61, -7.683101296425e-01, 1.119656462834e-05, 1.6286e+03, 2.1253e+01, 
 1DIAGNOSTIC,    62, -7.683808207512e-01, 1.056876408256e-05, 1.6496e+03, 2.1006e+01, 
 1DIAGNOSTIC,    63, -7.684463262558e-01, 9.972968655347e-06, 1.6709e+03, 2.1247e+01, 
 1DIAGNOSTIC,    64, -7.685071229935e-01, 9.393613254360e-06, 1.6921e+03, 2.1249e+01, 
 1DIAGNOSTIC,    65, -7.685641646385e-01, 8.822412382870e-06, 1.7133e+03, 2.1166e+01, 
 1DIAGNOSTIC,    66, -7.686214447021e-01, 8.294548024423e-06, 1.7345e+03, 2.1180e+01, 
 1DIAGNOSTIC,    67, -7.686762809753e-01, 7.821882718417e-06, 1.7558e+03, 2.1327e+01, 
 1DIAGNOSTIC,    68, -7.686791419983e-01, 7.121870112314e-06, 1.7771e+03, 2.1341e+01, 
 1DIAGNOSTIC,    69, -7.687332630157e-01, 6.495690740849e-06, 1.7985e+03, 2.1404e+01, 
 1DIAGNOSTIC,    70, -7.687382698059e-01, 5.724693892262e-06, 1.8197e+03, 2.1147e+01, 
XXDIAGNOSTIC,Iteration,metricValue,convergenceValue,ITERATION_TIME_INDEX,SINCE_LAST
 1DIAGNOSTIC,     1, -4.573804736137e-01, inf, 1.9931e+03, 1.7343e+02, 
 1DIAGNOSTIC,     2, -4.590141773224e-01, inf, 2.1623e+03, 1.6915e+02, 
 1DIAGNOSTIC,     3, -4.607941210270e-01, inf, 2.3317e+03, 1.6940e+02, 
 1DIAGNOSTIC,     4, -4.625400006771e-01, inf, 2.5010e+03, 1.6937e+02, 
 1DIAGNOSTIC,     5, -4.641702771187e-01, inf, 2.6697e+03, 1.6871e+02, 
 1DIAGNOSTIC,     6, -4.657336473465e-01, inf, 2.8391e+03, 1.6938e+02, 
 1DIAGNOSTIC,     7, -4.672883152962e-01, inf, 3.0089e+03, 1.6981e+02, 
 1DIAGNOSTIC,     8, -4.688104689121e-01, inf, 3.1786e+03, 1.6966e+02, 
 1DIAGNOSTIC,     9, -4.702861309052e-01, inf, 3.3497e+03, 1.7108e+02, 
 1DIAGNOSTIC,    10, -4.716736078262e-01, 1.974912825972e-03, 3.5200e+03, 1.7030e+02, 
 1DIAGNOSTIC,    11, -4.729871451855e-01, 1.742292661220e-03, 3.6904e+03, 1.7041e+02, 
 1DIAGNOSTIC,    12, -4.741858243942e-01, 1.534909359179e-03, 3.8610e+03, 1.7063e+02, 
 1DIAGNOSTIC,    13, -4.753792285919e-01, 1.358966925181e-03, 4.0314e+03, 1.7036e+02, 
 1DIAGNOSTIC,    14, -4.765588045120e-01, 1.210742513649e-03, 4.2026e+03, 1.7124e+02, 
 1DIAGNOSTIC,    15, -4.776555895805e-01, 1.081218477339e-03, 4.3735e+03, 1.7085e+02, 
 1DIAGNOSTIC,    16, -4.786579608917e-01, 9.652266162448e-04, 4.5439e+03, 1.7039e+02, 
 1DIAGNOSTIC,    17, -4.796025753021e-01, 8.624335750937e-04, 4.7147e+03, 1.7079e+02, 
 1DIAGNOSTIC,    18, -4.805134534836e-01, 7.725019822828e-04, 4.8835e+03, 1.6881e+02, 
 1DIAGNOSTIC,    19, -4.813708066940e-01, 6.939746090211e-04, 5.0526e+03, 1.6911e+02, 
 1DIAGNOSTIC,    20, -4.821609258652e-01, 6.239541107789e-04, 5.2228e+03, 1.7021e+02, 
  Elapsed time (stage 2): 5225


Total elapsed time: 5257
Using single precision for computations.
Input scalar image: /home/mpib/nemecz/Projects/miniTRK/Results/01_MRI/GroupTempl/T1w/T_template0sub-205693_T1wRepaired.nii.gz
Reference image: /home/mpib/nemecz/Projects/miniTRK/Results/01_MRI/GroupTempl/T1w/T_template0.nii.gz
=============================================================================
The composite transform comprises the following transforms (in order): 
  1. /home/mpib/nemecz/Projects/miniTRK/Results/01_MRI/GroupTempl/T1w/T_sub-205693_T1w30GenericAffine.mat (type = AffineTransform)
  2. /home/mpib/nemecz/Projects/miniTRK/Results/01_MRI/GroupTempl/T1w/T_sub-205693_T1w31Warp.nii.gz (type = DisplacementFieldTransform)
=============================================================================
Default pixel value: 0
Interpolation type: LinearInterpolateImageFunction
Output warped image: /home/mpib/nemecz/Projects/miniTRK/Results/01_MRI/GroupTempl/T1w/T_template0sub-205693_T1w3WarpedToTemplate.nii.gz
