
Running N4 for 3-dimensional images.

Mask not read.  Using the entire image as the mask.

Original intensity range:  [0, 772]

***********************************************************
Warning:  Your input image contains nonpositive values
which could cause failure or problematic results.  A
possible workaround would be to:
   1. rescale your image to positive values e.g., [10,100].
   2. run N4 on your rescaled image.
   3. (optional) rescale the N4 output to the original
      intensity range.
***********************************************************

Specified spline distance: 200mm
  original image size:  [192, 256, 256]
  padded image size:  [201, 401, 401]
  number of control points:  [4, 5, 5]

Current level = 1
  Iteration 1 (of 50).   Current convergence value = 0.00015042 (threshold = 1e-08)
  Iteration 2 (of 50).   Current convergence value = 0.000151175 (threshold = 1e-08)
  Iteration 3 (of 50).   Current convergence value = 0.000152696 (threshold = 1e-08)
  Iteration 4 (of 50).   Current convergence value = 0.000152984 (threshold = 1e-08)
  Iteration 5 (of 50).   Current convergence value = 0.000152099 (threshold = 1e-08)
  Iteration 6 (of 50).   Current convergence value = 0.000150386 (threshold = 1e-08)
  Iteration 7 (of 50).   Current convergence value = 0.000147968 (threshold = 1e-08)
  Iteration 8 (of 50).   Current convergence value = 0.000145101 (threshold = 1e-08)
  Iteration 9 (of 50).   Current convergence value = 0.000142183 (threshold = 1e-08)
  Iteration 10 (of 50).   Current convergence value = 0.000139271 (threshold = 1e-08)
  Iteration 11 (of 50).   Current convergence value = 0.000136434 (threshold = 1e-08)
  Iteration 12 (of 50).   Current convergence value = 0.000133441 (threshold = 1e-08)
  Iteration 13 (of 50).   Current convergence value = 0.000130682 (threshold = 1e-08)
  Iteration 14 (of 50).   Current convergence value = 0.000128231 (threshold = 1e-08)
  Iteration 15 (of 50).   Current convergence value = 0.000125914 (threshold = 1e-08)
  Iteration 16 (of 50).   Current convergence value = 0.000123559 (threshold = 1e-08)
  Iteration 17 (of 50).   Current convergence value = 0.000121467 (threshold = 1e-08)
  Iteration 18 (of 50).   Current convergence value = 0.000119445 (threshold = 1e-08)
  Iteration 19 (of 50).   Current convergence value = 0.000117638 (threshold = 1e-08)
  Iteration 20 (of 50).   Current convergence value = 0.000115948 (threshold = 1e-08)
  Iteration 21 (of 50).   Current convergence value = 0.000114271 (threshold = 1e-08)
  Iteration 22 (of 50).   Current convergence value = 0.00011267 (threshold = 1e-08)
  Iteration 23 (of 50).   Current convergence value = 0.000111196 (threshold = 1e-08)
  Iteration 24 (of 50).   Current convergence value = 0.000109746 (threshold = 1e-08)
  Iteration 25 (of 50).   Current convergence value = 0.000108463 (threshold = 1e-08)
  Iteration 26 (of 50).   Current convergence value = 0.000107129 (threshold = 1e-08)
  Iteration 27 (of 50).   Current convergence value = 0.000105954 (threshold = 1e-08)
  Iteration 28 (of 50).   Current convergence value = 0.000104929 (threshold = 1e-08)
  Iteration 29 (of 50).   Current convergence value = 0.000103764 (threshold = 1e-08)
  Iteration 30 (of 50).   Current convergence value = 0.00010273 (threshold = 1e-08)
  Iteration 31 (of 50).   Current convergence value = 0.000101712 (threshold = 1e-08)
  Iteration 32 (of 50).   Current convergence value = 0.000100662 (threshold = 1e-08)
  Iteration 33 (of 50).   Current convergence value = 9.98694e-05 (threshold = 1e-08)
  Iteration 34 (of 50).   Current convergence value = 9.90498e-05 (threshold = 1e-08)
  Iteration 35 (of 50).   Current convergence value = 9.83457e-05 (threshold = 1e-08)
  Iteration 36 (of 50).   Current convergence value = 9.75556e-05 (threshold = 1e-08)
  Iteration 37 (of 50).   Current convergence value = 9.67876e-05 (threshold = 1e-08)
  Iteration 38 (of 50).   Current convergence value = 9.59493e-05 (threshold = 1e-08)
  Iteration 39 (of 50).   Current convergence value = 9.53632e-05 (threshold = 1e-08)
  Iteration 40 (of 50).   Current convergence value = 9.47859e-05 (threshold = 1e-08)
  Iteration 41 (of 50).   Current convergence value = 9.43448e-05 (threshold = 1e-08)
  Iteration 42 (of 50).   Current convergence value = 9.39733e-05 (threshold = 1e-08)
  Iteration 43 (of 50).   Current convergence value = 9.3523e-05 (threshold = 1e-08)
  Iteration 44 (of 50).   Current convergence value = 9.29832e-05 (threshold = 1e-08)
  Iteration 45 (of 50).   Current convergence value = 9.24864e-05 (threshold = 1e-08)
  Iteration 46 (of 50).   Current convergence value = 9.20226e-05 (threshold = 1e-08)
  Iteration 47 (of 50).   Current convergence value = 9.16578e-05 (threshold = 1e-08)
  Iteration 48 (of 50).   Current convergence value = 9.13174e-05 (threshold = 1e-08)
  Iteration 49 (of 50).   Current convergence value = 9.09523e-05 (threshold = 1e-08)
  Iteration 50 (of 50).   Current convergence value = 9.04943e-05 (threshold = 1e-08)
Current level = 2
  Iteration 1 (of 50).   Current convergence value = 0.00052348 (threshold = 1e-08)
  Iteration 2 (of 50).   Current convergence value = 0.000428904 (threshold = 1e-08)
  Iteration 3 (of 50).   Current convergence value = 0.000360448 (threshold = 1e-08)
  Iteration 4 (of 50).   Current convergence value = 0.000305426 (threshold = 1e-08)
  Iteration 5 (of 50).   Current convergence value = 0.000260535 (threshold = 1e-08)
  Iteration 6 (of 50).   Current convergence value = 0.000223285 (threshold = 1e-08)
  Iteration 7 (of 50).   Current convergence value = 0.000195962 (threshold = 1e-08)
  Iteration 8 (of 50).   Current convergence value = 0.00017302 (threshold = 1e-08)
  Iteration 9 (of 50).   Current convergence value = 0.000152039 (threshold = 1e-08)
  Iteration 10 (of 50).   Current convergence value = 0.000134277 (threshold = 1e-08)
  Iteration 11 (of 50).   Current convergence value = 0.000119385 (threshold = 1e-08)
  Iteration 12 (of 50).   Current convergence value = 0.0001069 (threshold = 1e-08)
  Iteration 13 (of 50).   Current convergence value = 9.67066e-05 (threshold = 1e-08)
  Iteration 14 (of 50).   Current convergence value = 8.88837e-05 (threshold = 1e-08)
  Iteration 15 (of 50).   Current convergence value = 8.35841e-05 (threshold = 1e-08)
  Iteration 16 (of 50).   Current convergence value = 7.9686e-05 (threshold = 1e-08)
  Iteration 17 (of 50).   Current convergence value = 7.66911e-05 (threshold = 1e-08)
  Iteration 18 (of 50).   Current convergence value = 7.44806e-05 (threshold = 1e-08)
  Iteration 19 (of 50).   Current convergence value = 7.28116e-05 (threshold = 1e-08)
  Iteration 20 (of 50).   Current convergence value = 7.14593e-05 (threshold = 1e-08)
  Iteration 21 (of 50).   Current convergence value = 7.04201e-05 (threshold = 1e-08)
  Iteration 22 (of 50).   Current convergence value = 6.96189e-05 (threshold = 1e-08)
  Iteration 23 (of 50).   Current convergence value = 6.89518e-05 (threshold = 1e-08)
  Iteration 24 (of 50).   Current convergence value = 6.81834e-05 (threshold = 1e-08)
  Iteration 25 (of 50).   Current convergence value = 6.75785e-05 (threshold = 1e-08)
  Iteration 26 (of 50).   Current convergence value = 6.7169e-05 (threshold = 1e-08)
  Iteration 27 (of 50).   Current convergence value = 6.66422e-05 (threshold = 1e-08)
  Iteration 28 (of 50).   Current convergence value = 6.61092e-05 (threshold = 1e-08)
  Iteration 29 (of 50).   Current convergence value = 6.5667e-05 (threshold = 1e-08)
  Iteration 30 (of 50).   Current convergence value = 6.52231e-05 (threshold = 1e-08)
  Iteration 31 (of 50).   Current convergence value = 6.46581e-05 (threshold = 1e-08)
  Iteration 32 (of 50).   Current convergence value = 6.42423e-05 (threshold = 1e-08)
  Iteration 33 (of 50).   Current convergence value = 6.37608e-05 (threshold = 1e-08)
  Iteration 34 (of 50).   Current convergence value = 6.33138e-05 (threshold = 1e-08)
  Iteration 35 (of 50).   Current convergence value = 6.29007e-05 (threshold = 1e-08)
  Iteration 36 (of 50).   Current convergence value = 6.23715e-05 (threshold = 1e-08)
  Iteration 37 (of 50).   Current convergence value = 6.18326e-05 (threshold = 1e-08)
  Iteration 38 (of 50).   Current convergence value = 6.13472e-05 (threshold = 1e-08)
  Iteration 39 (of 50).   Current convergence value = 6.10458e-05 (threshold = 1e-08)
  Iteration 40 (of 50).   Current convergence value = 6.04849e-05 (threshold = 1e-08)
  Iteration 41 (of 50).   Current convergence value = 5.99072e-05 (threshold = 1e-08)
  Iteration 42 (of 50).   Current convergence value = 5.94617e-05 (threshold = 1e-08)
  Iteration 43 (of 50).   Current convergence value = 5.90201e-05 (threshold = 1e-08)
  Iteration 44 (of 50).   Current convergence value = 5.85874e-05 (threshold = 1e-08)
  Iteration 45 (of 50).   Current convergence value = 5.79981e-05 (threshold = 1e-08)
  Iteration 46 (of 50).   Current convergence value = 5.75384e-05 (threshold = 1e-08)
  Iteration 47 (of 50).   Current convergence value = 5.71645e-05 (threshold = 1e-08)
  Iteration 48 (of 50).   Current convergence value = 5.67447e-05 (threshold = 1e-08)
  Iteration 49 (of 50).   Current convergence value = 5.61474e-05 (threshold = 1e-08)
  Iteration 50 (of 50).   Current convergence value = 5.57484e-05 (threshold = 1e-08)
Current level = 3
  Iteration 1 (of 40).   Current convergence value = 0.00154853 (threshold = 1e-08)
  Iteration 2 (of 40).   Current convergence value = 0.00108248 (threshold = 1e-08)
  Iteration 3 (of 40).   Current convergence value = 0.000840871 (threshold = 1e-08)
  Iteration 4 (of 40).   Current convergence value = 0.000689729 (threshold = 1e-08)
  Iteration 5 (of 40).   Current convergence value = 0.000581777 (threshold = 1e-08)
  Iteration 6 (of 40).   Current convergence value = 0.000508323 (threshold = 1e-08)
  Iteration 7 (of 40).   Current convergence value = 0.000460745 (threshold = 1e-08)
  Iteration 8 (of 40).   Current convergence value = 0.00042595 (threshold = 1e-08)
  Iteration 9 (of 40).   Current convergence value = 0.000392121 (threshold = 1e-08)
  Iteration 10 (of 40).   Current convergence value = 0.00036387 (threshold = 1e-08)
  Iteration 11 (of 40).   Current convergence value = 0.000341576 (threshold = 1e-08)
  Iteration 12 (of 40).   Current convergence value = 0.000323544 (threshold = 1e-08)
  Iteration 13 (of 40).   Current convergence value = 0.00030931 (threshold = 1e-08)
  Iteration 14 (of 40).   Current convergence value = 0.00029878 (threshold = 1e-08)
  Iteration 15 (of 40).   Current convergence value = 0.000291162 (threshold = 1e-08)
  Iteration 16 (of 40).   Current convergence value = 0.000284981 (threshold = 1e-08)
  Iteration 17 (of 40).   Current convergence value = 0.000279887 (threshold = 1e-08)
  Iteration 18 (of 40).   Current convergence value = 0.000275476 (threshold = 1e-08)
  Iteration 19 (of 40).   Current convergence value = 0.000271805 (threshold = 1e-08)
  Iteration 20 (of 40).   Current convergence value = 0.00027486 (threshold = 1e-08)
  Iteration 21 (of 40).   Current convergence value = 0.000285388 (threshold = 1e-08)
  Iteration 22 (of 40).   Current convergence value = 0.000296393 (threshold = 1e-08)
  Iteration 23 (of 40).   Current convergence value = 0.000305471 (threshold = 1e-08)
  Iteration 24 (of 40).   Current convergence value = 0.000312353 (threshold = 1e-08)
  Iteration 25 (of 40).   Current convergence value = 0.000317225 (threshold = 1e-08)
  Iteration 26 (of 40).   Current convergence value = 0.000320846 (threshold = 1e-08)
  Iteration 27 (of 40).   Current convergence value = 0.00032328 (threshold = 1e-08)
  Iteration 28 (of 40).   Current convergence value = 0.000324735 (threshold = 1e-08)
  Iteration 29 (of 40).   Current convergence value = 0.000325311 (threshold = 1e-08)
  Iteration 30 (of 40).   Current convergence value = 0.00032539 (threshold = 1e-08)
  Iteration 31 (of 40).   Current convergence value = 0.000324665 (threshold = 1e-08)
  Iteration 32 (of 40).   Current convergence value = 0.000323561 (threshold = 1e-08)
  Iteration 33 (of 40).   Current convergence value = 0.000316565 (threshold = 1e-08)
  Iteration 34 (of 40).   Current convergence value = 0.00030271 (threshold = 1e-08)
  Iteration 35 (of 40).   Current convergence value = 0.000291579 (threshold = 1e-08)
  Iteration 36 (of 40).   Current convergence value = 0.000282231 (threshold = 1e-08)
  Iteration 37 (of 40).   Current convergence value = 0.000274068 (threshold = 1e-08)
  Iteration 38 (of 40).   Current convergence value = 0.000266937 (threshold = 1e-08)
  Iteration 39 (of 40).   Current convergence value = 0.000260735 (threshold = 1e-08)
  Iteration 40 (of 40).   Current convergence value = 0.000255333 (threshold = 1e-08)
Current level = 4
  Iteration 1 (of 30).   Current convergence value = 0.001524 (threshold = 1e-08)
  Iteration 2 (of 30).   Current convergence value = 0.00150413 (threshold = 1e-08)
  Iteration 3 (of 30).   Current convergence value = 0.00144023 (threshold = 1e-08)
  Iteration 4 (of 30).   Current convergence value = 0.00138539 (threshold = 1e-08)
  Iteration 5 (of 30).   Current convergence value = 0.00135927 (threshold = 1e-08)
  Iteration 6 (of 30).   Current convergence value = 0.00136327 (threshold = 1e-08)
  Iteration 7 (of 30).   Current convergence value = 0.00132338 (threshold = 1e-08)
  Iteration 8 (of 30).   Current convergence value = 0.00121358 (threshold = 1e-08)
  Iteration 9 (of 30).   Current convergence value = 0.00113223 (threshold = 1e-08)
  Iteration 10 (of 30).   Current convergence value = 0.00104406 (threshold = 1e-08)
  Iteration 11 (of 30).   Current convergence value = 0.000969479 (threshold = 1e-08)
  Iteration 12 (of 30).   Current convergence value = 0.000910194 (threshold = 1e-08)
  Iteration 13 (of 30).   Current convergence value = 0.000862106 (threshold = 1e-08)
  Iteration 14 (of 30).   Current convergence value = 0.000821268 (threshold = 1e-08)
  Iteration 15 (of 30).   Current convergence value = 0.000786015 (threshold = 1e-08)
  Iteration 16 (of 30).   Current convergence value = 0.000754898 (threshold = 1e-08)
  Iteration 17 (of 30).   Current convergence value = 0.00072772 (threshold = 1e-08)
  Iteration 18 (of 30).   Current convergence value = 0.000704211 (threshold = 1e-08)
  Iteration 19 (of 30).   Current convergence value = 0.0006839 (threshold = 1e-08)
  Iteration 20 (of 30).   Current convergence value = 0.000666981 (threshold = 1e-08)
  Iteration 21 (of 30).   Current convergence value = 0.000653751 (threshold = 1e-08)
  Iteration 22 (of 30).   Current convergence value = 0.000644107 (threshold = 1e-08)
  Iteration 23 (of 30).   Current convergence value = 0.000638467 (threshold = 1e-08)
  Iteration 24 (of 30).   Current convergence value = 0.000637103 (threshold = 1e-08)
  Iteration 25 (of 30).   Current convergence value = 0.000610929 (threshold = 1e-08)
  Iteration 26 (of 30).   Current convergence value = 0.000567402 (threshold = 1e-08)
  Iteration 27 (of 30).   Current convergence value = 0.000531806 (threshold = 1e-08)
  Iteration 28 (of 30).   Current convergence value = 0.000502434 (threshold = 1e-08)
  Iteration 29 (of 30).   Current convergence value = 0.000477487 (threshold = 1e-08)
  Iteration 30 (of 30).   Current convergence value = 0.000456507 (threshold = 1e-08)
   N4BiasFieldCorrectionImageFilter (0x55752492be20)
     RTTI typeinfo:   itk::N4BiasFieldCorrectionImageFilter<itk::Image<float, 3u>, itk::Image<float, 3u>, itk::Image<float, 3u> >
     Reference Count: 1
     Modified Time: 565
     Debug: Off
     Object Name: 
     Observers: 
       IterationEvent(Command)
     Inputs: 
       ConfidenceImage: (0)
       MaskImage: (0x5575249565e0)
       Primary: (0x557524951ae0) *
     Indexed Inputs: 
       0: Primary (0x557524951ae0)
       1: MaskImage (0x5575249565e0)
       2: ConfidenceImage (0)
     Required Input Names: Primary
     NumberOfRequiredInputs: 1
     Outputs: 
       Primary: (0x55752493bef0)
     Indexed Outputs: 
       0: Primary (0x55752493bef0)
     NumberOfRequiredOutputs: 1
     Number Of Work Units: 32
     ReleaseDataFlag: Off
     ReleaseDataBeforeUpdateFlag: Off
     AbortGenerateData: Off
     Progress: 0
     Multithreader: 
       RTTI typeinfo:   itk::PoolMultiThreader
       Reference Count: 1
       Modified Time: 144
       Debug: Off
       Object Name: 
       Observers: 
         none
       Number of Work Units: 32
       Number of Threads: 8
       Global Maximum Number Of Threads: 128
       Global Default Number Of Threads: 8
       Global Default Threader Type: itk::MultiThreaderBaseEnums::Threader::Pool
       SingleMethod: 0
       SingleData: 0
     DynamicMultiThreading: On
     CoordinateTolerance: 1e-06
     DirectionTolerance: 1e-06
     Use Mask Label: 0
     Mask label: 1
     Number of histogram bins: 200
     Wiener filter noise: 0.01
     Bias field FWHM: 0.15
     Maximum number of iterations: [50, 50, 40, 30]
     Convergence threshold: 1e-08
     Spline order: 3
     Number of fitting levels: [4, 4, 4]
     Number of control points: [4, 5, 5]
     CurrentConvergenceMeasurement: 0.000456507
     CurrentLevel: 4
     ElapsedIterations: 31
     LogBiasFieldControlPointLattice: 
       Image (0x55752fccc130)
         RTTI typeinfo:   itk::Image<itk::Vector<float, 1u>, 3u>
         Reference Count: 1
         Modified Time: 343560
         Debug: Off
         Object Name: 
         Observers: 
           none
         Source: (none)
         Source output name: (none)
         Release Data: Off
         Data Released: False
         Global Release Data: Off
         PipelineMTime: 0
         UpdateMTime: 0
         RealTimeStamp: 0 seconds 
         LargestPossibleRegion: 
           Dimension: 3
           Index: [0, 0, 0]
           Size: [11, 19, 19]
         BufferedRegion: 
           Dimension: 3
           Index: [0, 0, 0]
           Size: [11, 19, 19]
         RequestedRegion: 
           Dimension: 3
           Index: [0, 0, 0]
           Size: [11, 19, 19]
         Spacing: [24.75, 24.875, 24.875]
         Origin: [27.5131, 20.4937, -25.9448]
         Direction: 
-0.996707 -0.0529318 -0.061423
0.04509 -0.99142 0.122691
-0.0673903 0.119518 0.990542

         IndexToPointMatrix: 
-24.6685 -1.31668 -1.5279
1.11598 -24.6616 3.05194
-1.66791 2.97301 24.6397

         PointToIndexMatrix: 
-0.040271 0.00182182 -0.00272284
-0.00212791 -0.0398561 0.00480472
-0.00246927 0.00493232 0.0398208

         Inverse Direction: 
-0.996707 0.04509 -0.0673903
-0.0529318 -0.99142 0.119517
-0.061423 0.122692 0.990542

         PixelContainer: 
           ImportImageContainer (0x55752fccbc50)
             RTTI typeinfo:   itk::ImportImageContainer<unsigned long, itk::Vector<float, 1u> >
             Reference Count: 1
             Modified Time: 343561
             Debug: Off
             Object Name: 
             Observers: 
               none
             Pointer: 0x55752eae7f80
             Container manages memory: true
             Size: 3971
             Capacity: 3971
Elapsed time: 319.276
All_Command_lines_OK
Using single precision for computations.
=============================================================================
The composite transform comprises the following transforms (in order): 
  1. Center of mass alignment using fixed image: /home/mpib/nemecz/Projects/miniTRK/Results/01_MRI/GroupTempl/T1w/T_template0.nii.gz and moving image: /home/mpib/nemecz/Projects/miniTRK/Analysis/01_MRI/Preproc/GroupTempl/T1w/sub-848038_T1w.nii.gz (type = Euler3DTransform)
=============================================================================
  number of levels = 4
  number of levels = 4
  number of levels = 4
  fixed image: /home/mpib/nemecz/Projects/miniTRK/Results/01_MRI/GroupTempl/T1w/T_template0.nii.gz
  moving image: /home/mpib/nemecz/Projects/miniTRK/Results/01_MRI/GroupTempl/T1w/T_template0sub-848038_T1wRepaired.nii.gz
  fixed image: /home/mpib/nemecz/Projects/miniTRK/Results/01_MRI/GroupTempl/T1w/T_template0.nii.gz
  moving image: /home/mpib/nemecz/Projects/miniTRK/Results/01_MRI/GroupTempl/T1w/T_template0sub-848038_T1wRepaired.nii.gz
  fixed image: /home/mpib/nemecz/Projects/miniTRK/Results/01_MRI/GroupTempl/T1w/T_template0.nii.gz
  moving image: /home/mpib/nemecz/Projects/miniTRK/Results/01_MRI/GroupTempl/T1w/T_template0sub-848038_T1wRepaired.nii.gz
Dimension = 3
Number of stages = 3
Use Histogram Matching true
Winsorize image intensities true
Lower quantile = 0.01
Upper quantile = 0.99
Stage 1 State
   Image metric = Mattes
     Fixed image = Image (0x5571df349ad0)
  RTTI typeinfo:   itk::Image<float, 3u>
  Reference Count: 2
  Modified Time: 1721
  Debug: Off
  Object Name: 
  Observers: 
    none
  Source: (none)
  Source output name: (none)
  Release Data: Off
  Data Released: False
  Global Release Data: Off
  PipelineMTime: 0
  UpdateMTime: 1506
  RealTimeStamp: 0 seconds 
  LargestPossibleRegion: 
    Dimension: 3
    Index: [0, 0, 0]
    Size: [192, 256, 256]
  BufferedRegion: 
    Dimension: 3
    Index: [0, 0, 0]
    Size: [192, 256, 256]
  RequestedRegion: 
    Dimension: 3
    Index: [0, 0, 0]
    Size: [192, 256, 256]
  Spacing: [1, 1, 1]
  Origin: [95.0313, 100.538, -154.123]
  Direction: 
-0.999853 -0.014134 -0.00966312
0.014129 -0.9999 0.000586045
-0.00967044 0.000449429 0.999953

  IndexToPointMatrix: 
-0.999853 -0.014134 -0.00966312
0.014129 -0.9999 0.000586045
-0.00967044 0.000449429 0.999953

  PointToIndexMatrix: 
-0.999853 0.014129 -0.00967044
-0.014134 -0.9999 0.000449429
-0.00966312 0.000586045 0.999953

  Inverse Direction: 
-0.999853 0.014129 -0.00967044
-0.014134 -0.9999 0.000449429
-0.00966312 0.000586045 0.999953

  PixelContainer: 
    ImportImageContainer (0x5571df351c80)
      RTTI typeinfo:   itk::ImportImageContainer<unsigned long, float>
      Reference Count: 1
      Modified Time: 1503
      Debug: Off
      Object Name: 
      Observers: 
        none
      Pointer: 0x7fcc7a416010
      Container manages memory: true
      Size: 12582912
      Capacity: 12582912

     Moving image = Image (0x5571df34abc0)
  RTTI typeinfo:   itk::Image<float, 3u>
  Reference Count: 2
  Modified Time: 1722
  Debug: Off
  Object Name: 
  Observers: 
    none
  Source: (none)
  Source output name: (none)
  Release Data: Off
  Data Released: False
  Global Release Data: Off
  PipelineMTime: 0
  UpdateMTime: 1719
  RealTimeStamp: 0 seconds 
  LargestPossibleRegion: 
    Dimension: 3
    Index: [0, 0, 0]
    Size: [192, 256, 256]
  BufferedRegion: 
    Dimension: 3
    Index: [0, 0, 0]
    Size: [192, 256, 256]
  RequestedRegion: 
    Dimension: 3
    Index: [0, 0, 0]
    Size: [192, 256, 256]
  Spacing: [1, 1, 1]
  Origin: [108.095, 80.6547, -162.718]
  Direction: 
-0.996707 -0.0529318 -0.061423
0.04509 -0.99142 0.122691
-0.0673903 0.119518 0.990542

  IndexToPointMatrix: 
-0.996707 -0.0529318 -0.061423
0.04509 -0.99142 0.122691
-0.0673903 0.119518 0.990542

  PointToIndexMatrix: 
-0.996707 0.04509 -0.0673903
-0.0529318 -0.99142 0.119518
-0.061423 0.122691 0.990542

  Inverse Direction: 
-0.996707 0.04509 -0.0673903
-0.0529318 -0.99142 0.119518
-0.061423 0.122691 0.990542

  PixelContainer: 
    ImportImageContainer (0x5571df356100)
      RTTI typeinfo:   itk::ImportImageContainer<unsigned long, float>
      Reference Count: 1
      Modified Time: 1716
      Debug: Off
      Object Name: 
      Observers: 
        none
      Pointer: 0x7fcc77415010
      Container manages memory: true
      Size: 12582912
      Capacity: 12582912

     Weighting = 1
     Sampling strategy = regular
     Number of bins = 32
     Radius = 4
     Sampling percentage  = 0.25
   Transform = Rigid
     Gradient step = 0.1
     Update field sigma (voxel space) = 0
     Total field sigma (voxel space) = 0
     Update field time sigma = 0
     Total field time sigma  = 0
     Number of time indices = 0
     Number of time point samples = 0
Stage 2 State
   Image metric = Mattes
     Fixed image = Image (0x5571df362870)
  RTTI typeinfo:   itk::Image<float, 3u>
  Reference Count: 2
  Modified Time: 2149
  Debug: Off
  Object Name: 
  Observers: 
    none
  Source: (none)
  Source output name: (none)
  Release Data: Off
  Data Released: False
  Global Release Data: Off
  PipelineMTime: 0
  UpdateMTime: 1934
  RealTimeStamp: 0 seconds 
  LargestPossibleRegion: 
    Dimension: 3
    Index: [0, 0, 0]
    Size: [192, 256, 256]
  BufferedRegion: 
    Dimension: 3
    Index: [0, 0, 0]
    Size: [192, 256, 256]
  RequestedRegion: 
    Dimension: 3
    Index: [0, 0, 0]
    Size: [192, 256, 256]
  Spacing: [1, 1, 1]
  Origin: [95.0313, 100.538, -154.123]
  Direction: 
-0.999853 -0.014134 -0.00966312
0.014129 -0.9999 0.000586045
-0.00967044 0.000449429 0.999953

  IndexToPointMatrix: 
-0.999853 -0.014134 -0.00966312
0.014129 -0.9999 0.000586045
-0.00967044 0.000449429 0.999953

  PointToIndexMatrix: 
-0.999853 0.014129 -0.00967044
-0.014134 -0.9999 0.000449429
-0.00966312 0.000586045 0.999953

  Inverse Direction: 
-0.999853 0.014129 -0.00967044
-0.014134 -0.9999 0.000449429
-0.00966312 0.000586045 0.999953

  PixelContainer: 
    ImportImageContainer (0x5571df34d6d0)
      RTTI typeinfo:   itk::ImportImageContainer<unsigned long, float>
      Reference Count: 1
      Modified Time: 1931
      Debug: Off
      Object Name: 
      Observers: 
        none
      Pointer: 0x7fcc74414010
      Container manages memory: true
      Size: 12582912
      Capacity: 12582912

     Moving image = Image (0x5571df3624c0)
  RTTI typeinfo:   itk::Image<float, 3u>
  Reference Count: 2
  Modified Time: 2150
  Debug: Off
  Object Name: 
  Observers: 
    none
  Source: (none)
  Source output name: (none)
  Release Data: Off
  Data Released: False
  Global Release Data: Off
  PipelineMTime: 0
  UpdateMTime: 2147
  RealTimeStamp: 0 seconds 
  LargestPossibleRegion: 
    Dimension: 3
    Index: [0, 0, 0]
    Size: [192, 256, 256]
  BufferedRegion: 
    Dimension: 3
    Index: [0, 0, 0]
    Size: [192, 256, 256]
  RequestedRegion: 
    Dimension: 3
    Index: [0, 0, 0]
    Size: [192, 256, 256]
  Spacing: [1, 1, 1]
  Origin: [108.095, 80.6547, -162.718]
  Direction: 
-0.996707 -0.0529318 -0.061423
0.04509 -0.99142 0.122691
-0.0673903 0.119518 0.990542

  IndexToPointMatrix: 
-0.996707 -0.0529318 -0.061423
0.04509 -0.99142 0.122691
-0.0673903 0.119518 0.990542

  PointToIndexMatrix: 
-0.996707 0.04509 -0.0673903
-0.0529318 -0.99142 0.119518
-0.061423 0.122691 0.990542

  Inverse Direction: 
-0.996707 0.04509 -0.0673903
-0.0529318 -0.99142 0.119518
-0.061423 0.122691 0.990542

  PixelContainer: 
    ImportImageContainer (0x5571df3638c0)
      RTTI typeinfo:   itk::ImportImageContainer<unsigned long, float>
      Reference Count: 1
      Modified Time: 2144
      Debug: Off
      Object Name: 
      Observers: 
        none
      Pointer: 0x7fcc71413010
      Container manages memory: true
      Size: 12582912
      Capacity: 12582912

     Weighting = 1
     Sampling strategy = regular
     Number of bins = 32
     Radius = 4
     Sampling percentage  = 0.25
   Transform = Affine
     Gradient step = 0.1
     Update field sigma (voxel space) = 0
     Total field sigma (voxel space) = 0
     Update field time sigma = 0
     Total field time sigma  = 0
     Number of time indices = 0
     Number of time point samples = 0
Stage 3 State
   Image metric = CC
     Fixed image = Image (0x5571df369960)
  RTTI typeinfo:   itk::Image<float, 3u>
  Reference Count: 2
  Modified Time: 2577
  Debug: Off
  Object Name: 
  Observers: 
    none
  Source: (none)
  Source output name: (none)
  Release Data: Off
  Data Released: False
  Global Release Data: Off
  PipelineMTime: 0
  UpdateMTime: 2362
  RealTimeStamp: 0 seconds 
  LargestPossibleRegion: 
    Dimension: 3
    Index: [0, 0, 0]
    Size: [192, 256, 256]
  BufferedRegion: 
    Dimension: 3
    Index: [0, 0, 0]
    Size: [192, 256, 256]
  RequestedRegion: 
    Dimension: 3
    Index: [0, 0, 0]
    Size: [192, 256, 256]
  Spacing: [1, 1, 1]
  Origin: [95.0313, 100.538, -154.123]
  Direction: 
-0.999853 -0.014134 -0.00966312
0.014129 -0.9999 0.000586045
-0.00967044 0.000449429 0.999953

  IndexToPointMatrix: 
-0.999853 -0.014134 -0.00966312
0.014129 -0.9999 0.000586045
-0.00967044 0.000449429 0.999953

  PointToIndexMatrix: 
-0.999853 0.014129 -0.00967044
-0.014134 -0.9999 0.000449429
-0.00966312 0.000586045 0.999953

  Inverse Direction: 
-0.999853 0.014129 -0.00967044
-0.014134 -0.9999 0.000449429
-0.00966312 0.000586045 0.999953

  PixelContainer: 
    ImportImageContainer (0x5571df34a660)
      RTTI typeinfo:   itk::ImportImageContainer<unsigned long, float>
      Reference Count: 1
      Modified Time: 2359
      Debug: Off
      Object Name: 
      Observers: 
        none
      Pointer: 0x7fcc6e412010
      Container manages memory: true
      Size: 12582912
      Capacity: 12582912

     Moving image = Image (0x5571df36b840)
  RTTI typeinfo:   itk::Image<float, 3u>
  Reference Count: 2
  Modified Time: 2578
  Debug: Off
  Object Name: 
  Observers: 
    none
  Source: (none)
  Source output name: (none)
  Release Data: Off
  Data Released: False
  Global Release Data: Off
  PipelineMTime: 0
  UpdateMTime: 2575
  RealTimeStamp: 0 seconds 
  LargestPossibleRegion: 
    Dimension: 3
    Index: [0, 0, 0]
    Size: [192, 256, 256]
  BufferedRegion: 
    Dimension: 3
    Index: [0, 0, 0]
    Size: [192, 256, 256]
  RequestedRegion: 
    Dimension: 3
    Index: [0, 0, 0]
    Size: [192, 256, 256]
  Spacing: [1, 1, 1]
  Origin: [108.095, 80.6547, -162.718]
  Direction: 
-0.996707 -0.0529318 -0.061423
0.04509 -0.99142 0.122691
-0.0673903 0.119518 0.990542

  IndexToPointMatrix: 
-0.996707 -0.0529318 -0.061423
0.04509 -0.99142 0.122691
-0.0673903 0.119518 0.990542

  PointToIndexMatrix: 
-0.996707 0.04509 -0.0673903
-0.0529318 -0.99142 0.119518
-0.061423 0.122691 0.990542

  Inverse Direction: 
-0.996707 0.04509 -0.0673903
-0.0529318 -0.99142 0.119518
-0.061423 0.122691 0.990542

  PixelContainer: 
    ImportImageContainer (0x5571df368660)
      RTTI typeinfo:   itk::ImportImageContainer<unsigned long, float>
      Reference Count: 1
      Modified Time: 2572
      Debug: Off
      Object Name: 
      Observers: 
        none
      Pointer: 0x7fcc6b411010
      Container manages memory: true
      Size: 12582912
      Capacity: 12582912

     Weighting = 1
     Sampling strategy = none
     Number of bins = 32
     Radius = 4
     Sampling percentage  = 1
   Transform = SyN
     Gradient step = 0.1
     Update field sigma (voxel space) = 3
     Total field sigma (voxel space) = 0
     Update field time sigma = 0
     Total field time sigma  = 0
     Number of time indices = 0
     Number of time point samples = 0
Registration using 3 total stages.

Stage 0
  iterations = 1000x500x250x0
  convergence threshold = 1e-06
  convergence window size = 10
  number of levels = 4
  using the Mattes MI metric (number of bins = 32, weight = 1)
  preprocessing:  winsorizing the image intensities
  preprocessing:  histogram matching the images
  Shrink factors (level 1 out of 4): [6, 6, 6]
  Shrink factors (level 2 out of 4): [4, 4, 4]
  Shrink factors (level 3 out of 4): [2, 2, 2]
  Shrink factors (level 4 out of 4): [1, 1, 1]
  smoothing sigmas per level: [4, 2, 1, 0]
  regular sampling (percentage = 0.25)

*** Running Euler3DTransform registration ***

DIAGNOSTIC,Iteration,metricValue,convergenceValue,ITERATION_TIME_INDEX,SINCE_LAST
 2DIAGNOSTIC,     1, -6.982611417770e-01, inf, 6.7298e-01, 6.7298e-01, 
 2DIAGNOSTIC,     2, -6.995000243187e-01, inf, 6.8214e-01, 9.1641e-03, 
 2DIAGNOSTIC,     3, -7.013368606567e-01, inf, 6.9103e-01, 8.8890e-03, 
 2DIAGNOSTIC,     4, -7.043017745018e-01, inf, 6.9955e-01, 8.5230e-03, 
 2DIAGNOSTIC,     5, -7.077225446701e-01, inf, 7.0827e-01, 8.7149e-03, 
 2DIAGNOSTIC,     6, -7.111391425133e-01, inf, 7.1688e-01, 8.6119e-03, 
 2DIAGNOSTIC,     7, -7.147508263588e-01, inf, 7.2522e-01, 8.3380e-03, 
 2DIAGNOSTIC,     8, -7.162632942200e-01, inf, 7.3365e-01, 8.4310e-03, 
 2DIAGNOSTIC,     9, -7.185092568398e-01, inf, 7.4571e-01, 1.2058e-02, 
 2DIAGNOSTIC,    10, -7.202687263489e-01, 2.188709098846e-03, 7.6084e-01, 1.5137e-02, 
 2DIAGNOSTIC,    11, -7.208261489868e-01, 1.909949816763e-03, 7.6956e-01, 8.7121e-03, 
 2DIAGNOSTIC,    12, -7.219887375832e-01, 1.587307779118e-03, 7.7810e-01, 8.5480e-03, 
 2DIAGNOSTIC,    13, -7.226312756538e-01, 1.247092382982e-03, 7.9075e-01, 1.2647e-02, 
 2DIAGNOSTIC,    14, -7.229427099228e-01, 9.352526976727e-04, 8.0080e-01, 1.0050e-02, 
 2DIAGNOSTIC,    15, -7.231953144073e-01, 6.765832658857e-04, 8.1035e-01, 9.5460e-03, 
 2DIAGNOSTIC,    16, -7.233397960663e-01, 4.758817958646e-04, 8.1998e-01, 9.6331e-03, 
 2DIAGNOSTIC,    17, -7.234560847282e-01, 3.425022005104e-04, 8.2959e-01, 9.6071e-03, 
 2DIAGNOSTIC,    18, -7.236923575401e-01, 2.302117500221e-04, 8.4236e-01, 1.2774e-02, 
 2DIAGNOSTIC,    19, -7.237828373909e-01, 1.567920407979e-04, 8.5161e-01, 9.2471e-03, 
 2DIAGNOSTIC,    20, -7.237999439240e-01, 1.117375286412e-04, 8.6092e-01, 9.3131e-03, 
 2DIAGNOSTIC,    21, -7.238178849220e-01, 7.125660340535e-05, 8.7021e-01, 9.2852e-03, 
 2DIAGNOSTIC,    22, -7.238025069237e-01, 4.843048009207e-05, 8.7946e-01, 9.2499e-03, 
 2DIAGNOSTIC,    23, -7.238093614578e-01, 3.427857518545e-05, 8.8870e-01, 9.2390e-03, 
 2DIAGNOSTIC,    24, -7.237911224365e-01, 2.297345963598e-05, 8.9887e-01, 1.0174e-02, 
 2DIAGNOSTIC,    25, -7.237685918808e-01, 1.420652279194e-05, 9.0821e-01, 9.3431e-03, 
 2DIAGNOSTIC,    26, -7.237465381622e-01, 6.787254278606e-06, 9.1777e-01, 9.5599e-03, 
DIAGNOSTIC,Iteration,metricValue,convergenceValue,ITERATION_TIME_INDEX,SINCE_LAST
 2DIAGNOSTIC,     1, -5.460976362228e-01, inf, 1.6170e+00, 6.9918e-01, 
 2DIAGNOSTIC,     2, -5.463616251945e-01, inf, 1.6537e+00, 3.6759e-02, 
 2DIAGNOSTIC,     3, -5.465931296349e-01, inf, 1.6863e+00, 3.2613e-02, 
 2DIAGNOSTIC,     4, -5.468021035194e-01, inf, 1.7240e+00, 3.7652e-02, 
 2DIAGNOSTIC,     5, -5.469453930855e-01, inf, 1.7567e+00, 3.2695e-02, 
 2DIAGNOSTIC,     6, -5.471704602242e-01, inf, 1.7911e+00, 3.4422e-02, 
 2DIAGNOSTIC,     7, -5.474719405174e-01, inf, 1.8256e+00, 3.4517e-02, 
 2DIAGNOSTIC,     8, -5.479288697243e-01, inf, 1.8731e+00, 4.7447e-02, 
 2DIAGNOSTIC,     9, -5.483297109604e-01, inf, 1.9116e+00, 3.8521e-02, 
 2DIAGNOSTIC,    10, -5.487126708031e-01, 2.951645001303e-04, 1.9506e+00, 3.8975e-02, 
 2DIAGNOSTIC,    11, -5.491700768471e-01, 2.974849194288e-04, 1.9938e+00, 4.3199e-02, 
 2DIAGNOSTIC,    12, -5.492752790451e-01, 2.884831046686e-04, 2.0335e+00, 3.9697e-02, 
 2DIAGNOSTIC,    13, -5.494284033775e-01, 2.703279023990e-04, 2.0690e+00, 3.5568e-02, 
 2DIAGNOSTIC,    14, -5.495857000351e-01, 2.439398376737e-04, 2.1069e+00, 3.7880e-02, 
 2DIAGNOSTIC,    15, -5.496354699135e-01, 2.054899086943e-04, 2.1595e+00, 5.2552e-02, 
 2DIAGNOSTIC,    16, -5.496519207954e-01, 1.609389437363e-04, 2.1964e+00, 3.6932e-02, 
 2DIAGNOSTIC,    17, -5.496530532837e-01, 1.161386753665e-04, 2.2392e+00, 4.2843e-02, 
 2DIAGNOSTIC,    18, -5.496549010277e-01, 7.892963185441e-05, 2.2778e+00, 3.8532e-02, 
 2DIAGNOSTIC,    19, -5.496550798416e-01, 4.924850145471e-05, 2.3121e+00, 3.4305e-02, 
 2DIAGNOSTIC,    20, -5.496553182602e-01, 2.777222471195e-05, 2.3461e+00, 3.3999e-02, 
 2DIAGNOSTIC,    21, -5.496565103531e-01, 1.724748835841e-05, 2.3844e+00, 3.8331e-02, 
 2DIAGNOSTIC,    22, -5.496584177017e-01, 8.693380550540e-06, 2.4226e+00, 3.8167e-02, 
 2DIAGNOSTIC,    23, -5.496569275856e-01, 3.538949158610e-06, 2.4557e+00, 3.3118e-02, 
 2DIAGNOSTIC,    24, -5.496623516083e-01, 2.101021664203e-06, 2.4937e+00, 3.7987e-02, 
 2DIAGNOSTIC,    25, -5.496711730957e-01, 1.907816340463e-06, 2.5272e+00, 3.3568e-02, 
 2DIAGNOSTIC,    26, -5.496824979782e-01, 2.218402187282e-06, 2.5607e+00, 3.3504e-02, 
 2DIAGNOSTIC,    27, -5.497092008591e-01, 2.942413857454e-06, 2.5940e+00, 3.3292e-02, 
 2DIAGNOSTIC,    28, -5.497328042984e-01, 3.910494797310e-06, 2.6319e+00, 3.7884e-02, 
 2DIAGNOSTIC,    29, -5.497481226921e-01, 4.822159098694e-06, 2.6700e+00, 3.8130e-02, 
 2DIAGNOSTIC,    30, -5.497615933418e-01, 5.558116299653e-06, 2.7223e+00, 5.2232e-02, 
 2DIAGNOSTIC,    31, -5.497590303421e-01, 5.795960987598e-06, 2.7602e+00, 3.7873e-02, 
 2DIAGNOSTIC,    32, -5.497601628304e-01, 5.618817795039e-06, 2.8120e+00, 5.1873e-02, 
 2DIAGNOSTIC,    33, -5.497600436211e-01, 4.984537554265e-06, 2.8496e+00, 3.7554e-02, 
 2DIAGNOSTIC,    34, -5.497560501099e-01, 4.026285296277e-06, 2.8828e+00, 3.3196e-02, 
 2DIAGNOSTIC,    35, -5.497565865517e-01, 2.971285539388e-06, 2.9208e+00, 3.8008e-02, 
 2DIAGNOSTIC,    36, -5.497565865517e-01, 1.937404476848e-06, 2.9588e+00, 3.8026e-02, 
 2DIAGNOSTIC,    37, -5.497582554817e-01, 1.251522348866e-06, 2.9971e+00, 3.8321e-02, 
DIAGNOSTIC,Iteration,metricValue,convergenceValue,ITERATION_TIME_INDEX,SINCE_LAST
 2DIAGNOSTIC,     1, -4.907691776752e-01, inf, 4.1105e+00, 1.1133e+00, 
 2DIAGNOSTIC,     2, -4.909082055092e-01, inf, 4.3271e+00, 2.1669e-01, 
 2DIAGNOSTIC,     3, -4.911490678787e-01, inf, 4.5582e+00, 2.3111e-01, 
 2DIAGNOSTIC,     4, -4.914140999317e-01, inf, 4.7885e+00, 2.3024e-01, 
 2DIAGNOSTIC,     5, -4.916549623013e-01, inf, 5.0201e+00, 2.3165e-01, 
 2DIAGNOSTIC,     6, -4.918870329857e-01, inf, 5.3765e+00, 3.5636e-01, 
 2DIAGNOSTIC,     7, -4.919340014458e-01, inf, 5.6151e+00, 2.3866e-01, 
 2DIAGNOSTIC,     8, -4.919675886631e-01, inf, 5.8486e+00, 2.3343e-01, 
 2DIAGNOSTIC,     9, -4.920072853565e-01, inf, 6.0881e+00, 2.3952e-01, 
 2DIAGNOSTIC,    10, -4.920696020126e-01, 1.833561545936e-04, 6.3232e+00, 2.3507e-01, 
 2DIAGNOSTIC,    11, -4.921355247498e-01, 1.396233710693e-04, 6.6553e+00, 3.3212e-01, 
 2DIAGNOSTIC,    12, -4.921768009663e-01, 9.951298852684e-05, 6.9835e+00, 3.2821e-01, 
 2DIAGNOSTIC,    13, -4.921777546406e-01, 6.753369962098e-05, 7.2243e+00, 2.4079e-01, 
 2DIAGNOSTIC,    14, -4.922138750553e-01, 4.653114956454e-05, 7.5523e+00, 3.2800e-01, 
 2DIAGNOSTIC,    15, -4.922141134739e-01, 3.329769606353e-05, 7.8163e+00, 2.6404e-01, 
 2DIAGNOSTIC,    16, -4.922138452530e-01, 2.718458017625e-05, 8.0818e+00, 2.6547e-01, 
 2DIAGNOSTIC,    17, -4.922139942646e-01, 2.107971158694e-05, 8.3517e+00, 2.6994e-01, 
 2DIAGNOSTIC,    18, -4.922131597996e-01, 1.494291063864e-05, 8.6227e+00, 2.7093e-01, 
 2DIAGNOSTIC,    19, -4.922122657299e-01, 9.384080840391e-06, 8.9182e+00, 2.9556e-01, 
 2DIAGNOSTIC,    20, -4.922132492065e-01, 5.450638127513e-06, 9.1900e+00, 2.7177e-01, 
 2DIAGNOSTIC,    21, -4.922125637531e-01, 3.310039119242e-06, 9.4535e+00, 2.6346e-01, 
 2DIAGNOSTIC,    22, -4.922113418579e-01, 2.259838993268e-06, 9.7217e+00, 2.6826e-01, 
 2DIAGNOSTIC,    23, -4.922122061253e-01, 1.246043893843e-06, 9.9889e+00, 2.6715e-01, 
 2DIAGNOSTIC,    24, -4.922117292881e-01, 1.186661052088e-06, 1.0284e+01, 2.9478e-01, 
 2DIAGNOSTIC,    25, -4.922111332417e-01, 1.136619175668e-06, 1.0582e+01, 2.9790e-01, 
 2DIAGNOSTIC,    26, -4.922111034393e-01, 1.096838559533e-06, 1.0846e+01, 2.6403e-01, 
 2DIAGNOSTIC,    27, -4.922112524509e-01, 1.079116486835e-06, 1.1080e+01, 2.3448e-01, 
 2DIAGNOSTIC,    28, -4.922112524509e-01, 1.054917674992e-06, 1.1342e+01, 2.6179e-01, 
 2DIAGNOSTIC,    29, -4.922117888927e-01, 1.032021032188e-06, 1.1616e+01, 2.7393e-01, 
 2DIAGNOSTIC,    30, -4.922115206718e-01, 1.030953512782e-06, 1.1853e+01, 2.3713e-01, 
 2DIAGNOSTIC,    31, -4.922112524509e-01, 1.016015403366e-06, 1.2127e+01, 2.7455e-01, 
 2DIAGNOSTIC,    32, -4.922125637531e-01, 1.004091359391e-06, 1.2356e+01, 2.2879e-01, 
 2DIAGNOSTIC,    33, -4.922128021717e-01, 1.010549794955e-06, 1.2610e+01, 2.5384e-01, 
DIAGNOSTIC,Iteration,metricValue,convergenceValue,ITERATION_TIME_INDEX,SINCE_LAST
 2DIAGNOSTIC,     1, -4.576903879642e-01, inf, 1.5176e+01, 2.5654e+00, 
  Elapsed time (stage 0): 1.6195e+01


Stage 1
  iterations = 1000x500x250x0
  convergence threshold = 1.0000e-06
  convergence window size = 10
  number of levels = 4
  using the Mattes MI metric (number of bins = 32, weight = 1.0000e+00)
  preprocessing:  winsorizing the image intensities
  preprocessing:  histogram matching the images
  Shrink factors (level 1 out of 4): [6, 6, 6]
  Shrink factors (level 2 out of 4): [4, 4, 4]
  Shrink factors (level 3 out of 4): [2, 2, 2]
  Shrink factors (level 4 out of 4): [1, 1, 1]
  smoothing sigmas per level: [4, 2, 1, 0]
  regular sampling (percentage = 2.5000e-01)

*** Running AffineTransform registration ***

DIAGNOSTIC,Iteration,metricValue,convergenceValue,ITERATION_TIME_INDEX,SINCE_LAST
 2DIAGNOSTIC,     1, -7.242239713669e-01, inf, 6.4823e-01, 6.4823e-01, 
 2DIAGNOSTIC,     2, -7.274920344353e-01, inf, 6.5787e-01, 9.6359e-03, 
 2DIAGNOSTIC,     3, -7.333849668503e-01, inf, 6.6753e-01, 9.6619e-03, 
 2DIAGNOSTIC,     4, -7.439633607864e-01, inf, 6.7686e-01, 9.3329e-03, 
 2DIAGNOSTIC,     5, -7.630148530006e-01, inf, 6.8629e-01, 9.4290e-03, 
 2DIAGNOSTIC,     6, -7.976451516151e-01, inf, 6.9562e-01, 9.3260e-03, 
 2DIAGNOSTIC,     7, -8.872714042664e-01, inf, 7.0741e-01, 1.1787e-02, 
 2DIAGNOSTIC,     8, -1.008970260620e+00, inf, 7.2977e-01, 2.2362e-02, 
 2DIAGNOSTIC,     9, -1.009004712105e+00, inf, 7.3913e-01, 9.3589e-03, 
 2DIAGNOSTIC,    10, -1.009496331215e+00, 2.696615085006e-02, 7.4862e-01, 9.4900e-03, 
 2DIAGNOSTIC,    11, -1.010438442230e+00, 2.535653486848e-02, 7.5831e-01, 9.6900e-03, 
 2DIAGNOSTIC,    12, -1.011922359467e+00, 2.189531922340e-02, 7.6769e-01, 9.3870e-03, 
 2DIAGNOSTIC,    13, -1.014290809631e+00, 1.724848896265e-02, 7.7701e-01, 9.3141e-03, 
 2DIAGNOSTIC,    14, -1.017843961716e+00, 1.214707549661e-02, 7.8624e-01, 9.2320e-03, 
 2DIAGNOSTIC,    15, -1.022991895676e+00, 7.268020417541e-03, 7.9500e-01, 8.7640e-03, 
 2DIAGNOSTIC,    16, -1.030259013176e+00, 3.212586510926e-03, 8.0392e-01, 8.9180e-03, 
 2DIAGNOSTIC,    17, -1.038562536240e+00, 1.125767477788e-03, 8.1362e-01, 9.6991e-03, 
 2DIAGNOSTIC,    18, -1.045728206635e+00, 1.402524416335e-03, 8.2358e-01, 9.9599e-03, 
 2DIAGNOSTIC,    19, -1.049630522728e+00, 1.579809235409e-03, 8.4157e-01, 1.7990e-02, 
 2DIAGNOSTIC,    20, -1.049977898598e+00, 1.604414079338e-03, 8.5239e-01, 1.0822e-02, 
 2DIAGNOSTIC,    21, -1.050390362740e+00, 1.497795339674e-03, 8.6202e-01, 9.6302e-03, 
 2DIAGNOSTIC,    22, -1.051160931587e+00, 1.292671309784e-03, 8.7241e-01, 1.0388e-02, 
 2DIAGNOSTIC,    23, -1.051880359650e+00, 1.025913516060e-03, 8.8456e-01, 1.2145e-02, 
 2DIAGNOSTIC,    24, -1.051921963692e+00, 7.323846220970e-04, 8.9716e-01, 1.2599e-02, 
 2DIAGNOSTIC,    25, -1.051931023598e+00, 4.575466155075e-04, 9.0970e-01, 1.2548e-02, 
 2DIAGNOSTIC,    26, -1.051939845085e+00, 2.447971783113e-04, 9.2246e-01, 1.2753e-02, 
 2DIAGNOSTIC,    27, -1.051950335503e+00, 1.152058030129e-04, 9.3190e-01, 9.4440e-03, 
 2DIAGNOSTIC,    28, -1.051953911781e+00, 5.890396278119e-05, 9.4191e-01, 1.0006e-02, 
 2DIAGNOSTIC,    29, -1.051957368851e+00, 4.083973908564e-05, 9.5218e-01, 1.0273e-02, 
 2DIAGNOSTIC,    30, -1.051959991455e+00, 2.382997263339e-05, 9.6240e-01, 1.0219e-02, 
 2DIAGNOSTIC,    31, -1.051963806152e+00, 9.648490959080e-06, 9.7363e-01, 1.1231e-02, 
 2DIAGNOSTIC,    32, -1.051965832710e+00, 2.440106982249e-06, 9.8712e-01, 1.3486e-02, 
 2DIAGNOSTIC,    33, -1.051969289780e+00, 1.908637159431e-06, 1.0017e+00, 1.4634e-02, 
 2DIAGNOSTIC,    34, -1.051970124245e+00, 1.687991129984e-06, 1.0148e+00, 1.3092e-02, 
 2DIAGNOSTIC,    35, -1.051970005035e+00, 1.488665589022e-06, 1.0252e+00, 1.0378e-02, 
 2DIAGNOSTIC,    36, -1.051969408989e+00, 1.316079874414e-06, 1.0350e+00, 9.8050e-03, 
 2DIAGNOSTIC,    37, -1.051969289780e+00, 1.198073732667e-06, 1.0456e+00, 1.0584e-02, 
 2DIAGNOSTIC,    38, -1.051969408989e+00, 1.087045234271e-06, 1.0561e+00, 1.0532e-02, 
DIAGNOSTIC,Iteration,metricValue,convergenceValue,ITERATION_TIME_INDEX,SINCE_LAST
 2DIAGNOSTIC,     1, -8.309971094131e-01, inf, 1.7614e+00, 7.0531e-01, 
 2DIAGNOSTIC,     2, -8.320062160492e-01, inf, 1.8005e+00, 3.9028e-02, 
 2DIAGNOSTIC,     3, -8.331688046455e-01, inf, 1.8404e+00, 3.9913e-02, 
 2DIAGNOSTIC,     4, -8.343229293823e-01, inf, 1.8772e+00, 3.6837e-02, 
 2DIAGNOSTIC,     5, -8.358191251755e-01, inf, 1.9131e+00, 3.5881e-02, 
 2DIAGNOSTIC,     6, -8.369041085243e-01, inf, 1.9590e+00, 4.5914e-02, 
 2DIAGNOSTIC,     7, -8.372961878777e-01, inf, 2.0196e+00, 6.0597e-02, 
 2DIAGNOSTIC,     8, -8.373158574104e-01, inf, 2.0557e+00, 3.6034e-02, 
 2DIAGNOSTIC,     9, -8.373663425446e-01, inf, 2.0925e+00, 3.6855e-02, 
 2DIAGNOSTIC,    10, -8.374404907227e-01, 5.341651267372e-04, 2.1288e+00, 3.6312e-02, 
 2DIAGNOSTIC,    11, -8.375269174576e-01, 3.787273308262e-04, 2.1652e+00, 3.6353e-02, 
 2DIAGNOSTIC,    12, -8.376043438911e-01, 2.461705880705e-04, 2.2027e+00, 3.7491e-02, 
 2DIAGNOSTIC,    13, -8.377385735512e-01, 1.460053172195e-04, 2.2399e+00, 3.7210e-02, 
 2DIAGNOSTIC,    14, -8.378672003746e-01, 7.765914051561e-05, 2.2766e+00, 3.6709e-02, 
 2DIAGNOSTIC,    15, -8.379716277122e-01, 4.718834679807e-05, 2.3179e+00, 4.1360e-02, 
 2DIAGNOSTIC,    16, -8.380596041679e-01, 4.107544009457e-05, 2.3698e+00, 5.1881e-02, 
 2DIAGNOSTIC,    17, -8.380772471428e-01, 4.027510658489e-05, 2.4148e+00, 4.4931e-02, 
 2DIAGNOSTIC,    18, -8.380997180939e-01, 3.681366433739e-05, 2.4505e+00, 3.5723e-02, 
 2DIAGNOSTIC,    19, -8.381263017654e-01, 3.181464489899e-05, 2.5083e+00, 5.7813e-02, 
 2DIAGNOSTIC,    20, -8.381450176239e-01, 2.605734334793e-05, 2.5545e+00, 4.6216e-02, 
 2DIAGNOSTIC,    21, -8.381410241127e-01, 1.989918746403e-05, 2.5939e+00, 3.9405e-02, 
 2DIAGNOSTIC,    22, -8.381395936012e-01, 1.375071587972e-05, 2.6308e+00, 3.6851e-02, 
 2DIAGNOSTIC,    23, -8.381511569023e-01, 9.121367838816e-06, 2.6673e+00, 3.6494e-02, 
 2DIAGNOSTIC,    24, -8.381695151329e-01, 6.195524292707e-06, 2.7086e+00, 4.1366e-02, 
 2DIAGNOSTIC,    25, -8.381841182709e-01, 4.626489499060e-06, 2.7497e+00, 4.1069e-02, 
 2DIAGNOSTIC,    26, -8.381888866425e-01, 4.076886852999e-06, 2.7898e+00, 4.0144e-02, 
 2DIAGNOSTIC,    27, -8.381884098053e-01, 3.519319989209e-06, 2.8321e+00, 4.2230e-02, 
 2DIAGNOSTIC,    28, -8.381917476654e-01, 3.087256800427e-06, 2.8711e+00, 3.9032e-02, 
 2DIAGNOSTIC,    29, -8.381990790367e-01, 2.885801904995e-06, 2.9195e+00, 4.8384e-02, 
 2DIAGNOSTIC,    30, -8.382027745247e-01, 2.779874876069e-06, 2.9547e+00, 3.5201e-02, 
 2DIAGNOSTIC,    31, -8.382036089897e-01, 2.487756546543e-06, 2.9959e+00, 4.1251e-02, 
 2DIAGNOSTIC,    32, -8.382075428963e-01, 2.104703980876e-06, 3.0311e+00, 3.5125e-02, 
 2DIAGNOSTIC,    33, -8.382118940353e-01, 1.799291908355e-06, 3.0717e+00, 4.0645e-02, 
 2DIAGNOSTIC,    34, -8.382163643837e-01, 1.654771722315e-06, 3.1229e+00, 5.1214e-02, 
 2DIAGNOSTIC,    35, -8.382176160812e-01, 1.602187126082e-06, 3.1597e+00, 3.6758e-02, 
 2DIAGNOSTIC,    36, -8.382198214531e-01, 1.554515620228e-06, 3.2009e+00, 4.1251e-02, 
 2DIAGNOSTIC,    37, -8.382216095924e-01, 1.457621010559e-06, 3.2474e+00, 4.6460e-02, 
 2DIAGNOSTIC,    38, -8.382223844528e-01, 1.343376879959e-06, 3.2888e+00, 4.1370e-02, 
 2DIAGNOSTIC,    39, -8.382231593132e-01, 1.256567770724e-06, 3.3311e+00, 4.2338e-02, 
 2DIAGNOSTIC,    40, -8.382238149643e-01, 1.169598817796e-06, 3.3739e+00, 4.2799e-02, 
 2DIAGNOSTIC,    41, -8.382245302200e-01, 1.063784111466e-06, 3.4149e+00, 4.0975e-02, 
DIAGNOSTIC,Iteration,metricValue,convergenceValue,ITERATION_TIME_INDEX,SINCE_LAST
 2DIAGNOSTIC,     1, -7.462317943573e-01, inf, 4.4817e+00, 1.0669e+00, 
 2DIAGNOSTIC,     2, -7.464495301247e-01, inf, 4.7539e+00, 2.7219e-01, 
 2DIAGNOSTIC,     3, -7.465655803680e-01, inf, 5.0652e+00, 3.1127e-01, 
 2DIAGNOSTIC,     4, -7.466622591019e-01, inf, 5.4003e+00, 3.3515e-01, 
 2DIAGNOSTIC,     5, -7.466821074486e-01, inf, 5.6714e+00, 2.7102e-01, 
 2DIAGNOSTIC,     6, -7.467275857925e-01, inf, 5.9469e+00, 2.7550e-01, 
 2DIAGNOSTIC,     7, -7.467671036720e-01, inf, 6.3411e+00, 3.9421e-01, 
 2DIAGNOSTIC,     8, -7.467789649963e-01, inf, 6.6429e+00, 3.0179e-01, 
 2DIAGNOSTIC,     9, -7.467846274376e-01, inf, 6.9467e+00, 3.0387e-01, 
 2DIAGNOSTIC,    10, -7.467853426933e-01, 4.324740802986e-05, 7.2491e+00, 3.0237e-01, 
 2DIAGNOSTIC,    11, -7.467858791351e-01, 2.593802673800e-05, 7.5517e+00, 3.0257e-01, 
 2DIAGNOSTIC,    12, -7.467839121819e-01, 1.620823604753e-05, 7.8653e+00, 3.1368e-01, 
 2DIAGNOSTIC,    13, -7.467853426933e-01, 1.013016026263e-05, 8.1669e+00, 3.0154e-01, 
 2DIAGNOSTIC,    14, -7.467851638794e-01, 6.857866537757e-06, 8.5077e+00, 3.4082e-01, 
 2DIAGNOSTIC,    15, -7.467855215073e-01, 4.098802037333e-06, 8.7689e+00, 2.6122e-01, 
 2DIAGNOSTIC,    16, -7.467867136002e-01, 2.592324563011e-06, 9.0417e+00, 2.7278e-01, 
 2DIAGNOSTIC,    17, -7.467883229256e-01, 2.122330897691e-06, 9.3098e+00, 2.6806e-01, 
 2DIAGNOSTIC,    18, -7.467892169952e-01, 1.947147438841e-06, 9.6192e+00, 3.0947e-01, 
 2DIAGNOSTIC,    19, -7.467910051346e-01, 1.922268893395e-06, 9.9211e+00, 3.0186e-01, 
 2DIAGNOSTIC,    20, -7.467902302742e-01, 1.874953682091e-06, 1.0224e+01, 3.0255e-01, 
 2DIAGNOSTIC,    21, -7.467911839485e-01, 1.834506861087e-06, 1.0488e+01, 2.6456e-01, 
 2DIAGNOSTIC,    22, -7.467926740646e-01, 1.758265170793e-06, 1.0787e+01, 2.9833e-01, 
 2DIAGNOSTIC,    23, -7.467938065529e-01, 1.701146175037e-06, 1.1054e+01, 2.6701e-01, 
 2DIAGNOSTIC,    24, -7.467960715294e-01, 1.652075980019e-06, 1.1316e+01, 2.6259e-01, 
 2DIAGNOSTIC,    25, -7.467994093895e-01, 1.632157136555e-06, 1.1611e+01, 2.9536e-01, 
 2DIAGNOSTIC,    26, -7.468023300171e-01, 1.639053493818e-06, 1.1984e+01, 3.7284e-01, 
 2DIAGNOSTIC,    27, -7.468013763428e-01, 1.614755547052e-06, 1.2274e+01, 2.8971e-01, 
 2DIAGNOSTIC,    28, -7.468006014824e-01, 1.553165702717e-06, 1.2577e+01, 3.0287e-01, 
 2DIAGNOSTIC,    29, -7.468006014824e-01, 1.480713308410e-06, 1.2862e+01, 2.8487e-01, 
 2DIAGNOSTIC,    30, -7.468013167381e-01, 1.374889166073e-06, 1.3115e+01, 2.5371e-01, 
 2DIAGNOSTIC,    31, -7.468007802963e-01, 1.250223249372e-06, 1.3418e+01, 3.0298e-01, 
 2DIAGNOSTIC,    32, -7.468007802963e-01, 1.130811142502e-06, 1.3685e+01, 2.6625e-01, 
 2DIAGNOSTIC,    33, -7.468005418777e-01, 1.016500618789e-06, 1.3956e+01, 2.7096e-01, 
DIAGNOSTIC,Iteration,metricValue,convergenceValue,ITERATION_TIME_INDEX,SINCE_LAST
 2DIAGNOSTIC,     1, -6.729078292847e-01, inf, 1.6829e+01, 2.8733e+00, 
  Elapsed time (stage 1): 1.7848e+01


Stage 2
  iterations = 100x100x70x20
  convergence threshold = 1.0000e-09
  convergence window size = 10
  number of levels = 4
  using the CC metric (radius = 4, weight = 1.0000e+00)
  preprocessing:  winsorizing the image intensities
  preprocessing:  histogram matching the images
  Shrink factors (level 1 out of 4): [6, 6, 6]
  Shrink factors (level 2 out of 4): [4, 4, 4]
  Shrink factors (level 3 out of 4): [2, 2, 2]
  Shrink factors (level 4 out of 4): [1, 1, 1]
  smoothing sigmas per level: [3, 2, 1, 0]
  Using default NONE metricSamplingStrategy 

*** Running SyN registration (varianceForUpdateField = 3.0000e+00, varianceForTotalField = 0.0000e+00) ***

XXDIAGNOSTIC,Iteration,metricValue,convergenceValue,ITERATION_TIME_INDEX,SINCE_LAST
 1DIAGNOSTIC,     1, -9.263661503792e-01, inf, 1.3600e+00, 1.3600e+00, 
 1DIAGNOSTIC,     2, -9.320211410522e-01, inf, 2.1511e+00, 7.9115e-01, 
 1DIAGNOSTIC,     3, -9.378726482391e-01, inf, 2.9694e+00, 8.1829e-01, 
 1DIAGNOSTIC,     4, -9.419059157372e-01, inf, 3.7483e+00, 7.7888e-01, 
 1DIAGNOSTIC,     5, -9.454222321510e-01, inf, 4.5988e+00, 8.5049e-01, 
 1DIAGNOSTIC,     6, -9.483630061150e-01, inf, 5.3726e+00, 7.7378e-01, 
 1DIAGNOSTIC,     7, -9.508191347122e-01, inf, 6.1290e+00, 7.5649e-01, 
 1DIAGNOSTIC,     8, -9.527527093887e-01, inf, 6.9412e+00, 8.1212e-01, 
 1DIAGNOSTIC,     9, -9.543880224228e-01, inf, 7.7243e+00, 7.8317e-01, 
 1DIAGNOSTIC,    10, -9.557065963745e-01, 1.928122248501e-03, 8.5675e+00, 8.4313e-01, 
 1DIAGNOSTIC,    11, -9.568012952805e-01, 1.449626171961e-03, 9.3487e+00, 7.8119e-01, 
 1DIAGNOSTIC,    12, -9.577233791351e-01, 1.083857961930e-03, 1.0134e+01, 7.8516e-01, 
 1DIAGNOSTIC,    13, -9.585103392601e-01, 8.290500263683e-04, 1.0929e+01, 7.9472e-01, 
 1DIAGNOSTIC,    14, -9.591795802116e-01, 6.353899952956e-04, 1.1681e+01, 7.5247e-01, 
 1DIAGNOSTIC,    15, -9.597647190094e-01, 4.909215494990e-04, 1.2498e+01, 8.1681e-01, 
 1DIAGNOSTIC,    16, -9.602760076523e-01, 3.836467512883e-04, 1.3271e+01, 7.7355e-01, 
 1DIAGNOSTIC,    17, -9.607238769531e-01, 3.044918703381e-04, 1.4095e+01, 8.2366e-01, 
 1DIAGNOSTIC,    18, -9.611204862595e-01, 2.444723504595e-04, 1.4903e+01, 8.0808e-01, 
 1DIAGNOSTIC,    19, -9.614748954773e-01, 1.992574834730e-04, 1.5703e+01, 8.0037e-01, 
 1DIAGNOSTIC,    20, -9.617924690247e-01, 1.643799332669e-04, 1.6529e+01, 8.2534e-01, 
 1DIAGNOSTIC,    21, -9.620741605759e-01, 1.370121608488e-04, 1.7323e+01, 7.9427e-01, 
 1DIAGNOSTIC,    22, -9.623335599899e-01, 1.153302582679e-04, 1.8117e+01, 7.9358e-01, 
 1DIAGNOSTIC,    23, -9.625692963600e-01, 9.799463441595e-05, 1.8901e+01, 7.8399e-01, 
 1DIAGNOSTIC,    24, -9.627851843834e-01, 8.391667506658e-05, 1.9691e+01, 7.9054e-01, 
 1DIAGNOSTIC,    25, -9.629809856415e-01, 7.241186540341e-05, 2.0466e+01, 7.7470e-01, 
 1DIAGNOSTIC,    26, -9.631632566452e-01, 6.295834464254e-05, 2.1248e+01, 7.8217e-01, 
 1DIAGNOSTIC,    27, -9.633311033249e-01, 5.510255505214e-05, 2.2071e+01, 8.2277e-01, 
 1DIAGNOSTIC,    28, -9.634852409363e-01, 4.850760524278e-05, 2.2857e+01, 7.8641e-01, 
 1DIAGNOSTIC,    29, -9.636288285255e-01, 4.294408063288e-05, 2.3654e+01, 7.9631e-01, 
 1DIAGNOSTIC,    30, -9.637630581856e-01, 3.822401777143e-05, 2.4440e+01, 7.8671e-01, 
 1DIAGNOSTIC,    31, -9.638878107071e-01, 3.414325328777e-05, 2.5189e+01, 7.4917e-01, 
 1DIAGNOSTIC,    32, -9.640043377876e-01, 3.063095209654e-05, 2.5990e+01, 8.0089e-01, 
 1DIAGNOSTIC,    33, -9.641130566597e-01, 2.758639675449e-05, 2.6773e+01, 7.8232e-01, 
 1DIAGNOSTIC,    34, -9.642152786255e-01, 2.494164618838e-05, 2.7604e+01, 8.3142e-01, 
 1DIAGNOSTIC,    35, -9.643107652664e-01, 2.260971814394e-05, 2.8398e+01, 7.9433e-01, 
 1DIAGNOSTIC,    36, -9.643976092339e-01, 2.053733260254e-05, 2.9172e+01, 7.7391e-01, 
 1DIAGNOSTIC,    37, -9.644826650620e-01, 1.871324275271e-05, 2.9973e+01, 8.0086e-01, 
 1DIAGNOSTIC,    38, -9.645629525185e-01, 1.709431853669e-05, 3.0747e+01, 7.7343e-01, 
 1DIAGNOSTIC,    39, -9.646386504173e-01, 1.565768616274e-05, 3.1541e+01, 7.9433e-01, 
 1DIAGNOSTIC,    40, -9.647098779678e-01, 1.438385243091e-05, 3.2335e+01, 7.9418e-01, 
 1DIAGNOSTIC,    41, -9.647746682167e-01, 1.323112701357e-05, 3.3136e+01, 8.0042e-01, 
 1DIAGNOSTIC,    42, -9.648338556290e-01, 1.217069802806e-05, 3.3941e+01, 8.0511e-01, 
 1DIAGNOSTIC,    43, -9.648945927620e-01, 1.122446974477e-05, 3.4707e+01, 7.6652e-01, 
 1DIAGNOSTIC,    44, -9.649524688721e-01, 1.038445407175e-05, 3.5543e+01, 8.3537e-01, 
 1DIAGNOSTIC,    45, -9.650075435638e-01, 9.638285519031e-06, 3.6325e+01, 7.8220e-01, 
 1DIAGNOSTIC,    46, -9.650602340698e-01, 8.958800208347e-06, 3.7099e+01, 7.7442e-01, 
 1DIAGNOSTIC,    47, -9.651088714600e-01, 8.350431926374e-06, 3.7899e+01, 8.0019e-01, 
 1DIAGNOSTIC,    48, -9.651538729668e-01, 7.796843419783e-06, 3.8697e+01, 7.9729e-01, 
 1DIAGNOSTIC,    49, -9.651980996132e-01, 7.298662694666e-06, 3.9533e+01, 8.3593e-01, 
 1DIAGNOSTIC,    50, -9.652420282364e-01, 6.857420430606e-06, 4.0304e+01, 7.7159e-01, 
 1DIAGNOSTIC,    51, -9.652838706970e-01, 6.449276952480e-06, 4.1089e+01, 7.8467e-01, 
 1DIAGNOSTIC,    52, -9.653235673904e-01, 6.054409823264e-06, 4.1841e+01, 7.5241e-01, 
 1DIAGNOSTIC,    53, -9.653619527817e-01, 5.699989742425e-06, 4.2645e+01, 8.0401e-01, 
 1DIAGNOSTIC,    54, -9.653976559639e-01, 5.376304670790e-06, 4.3469e+01, 8.2381e-01, 
 1DIAGNOSTIC,    55, -9.654268026352e-01, 5.052193500887e-06, 4.4256e+01, 7.8655e-01, 
 1DIAGNOSTIC,    56, -9.654608964920e-01, 4.764177901961e-06, 4.5111e+01, 8.5524e-01, 
 1DIAGNOSTIC,    57, -9.654927253723e-01, 4.495843768382e-06, 4.5923e+01, 8.1216e-01, 
 1DIAGNOSTIC,    58, -9.655206203461e-01, 4.225469183439e-06, 4.6713e+01, 7.8980e-01, 
 1DIAGNOSTIC,    59, -9.655506610870e-01, 3.979486791650e-06, 4.7531e+01, 8.1784e-01, 
 1DIAGNOSTIC,    60, -9.655790328979e-01, 3.763549329960e-06, 4.8305e+01, 7.7388e-01, 
 1DIAGNOSTIC,    61, -9.656071662903e-01, 3.579067197279e-06, 4.9127e+01, 8.2271e-01, 
 1DIAGNOSTIC,    62, -9.656331539154e-01, 3.415597120693e-06, 4.9959e+01, 8.3138e-01, 
 1DIAGNOSTIC,    63, -9.656590819359e-01, 3.276674988228e-06, 5.0722e+01, 7.6361e-01, 
 1DIAGNOSTIC,    64, -9.656828641891e-01, 3.147731376885e-06, 5.1558e+01, 8.3598e-01, 
 1DIAGNOSTIC,    65, -9.657069444656e-01, 3.006433871633e-06, 5.2339e+01, 7.8037e-01, 
 1DIAGNOSTIC,    66, -9.657303690910e-01, 2.881663021981e-06, 5.3132e+01, 7.9304e-01, 
 1DIAGNOSTIC,    67, -9.657501578331e-01, 2.754838988039e-06, 5.3957e+01, 8.2559e-01, 
 1DIAGNOSTIC,    68, -9.657720923424e-01, 2.626474497447e-06, 5.4732e+01, 7.7473e-01, 
 1DIAGNOSTIC,    69, -9.657933712006e-01, 2.511170578146e-06, 5.5573e+01, 8.4063e-01, 
 1DIAGNOSTIC,    70, -9.658116102219e-01, 2.395780256848e-06, 5.6357e+01, 7.8439e-01, 
 1DIAGNOSTIC,    71, -9.658311605453e-01, 2.293107854712e-06, 5.7118e+01, 7.6065e-01, 
 1DIAGNOSTIC,    72, -9.658503532410e-01, 2.198775518991e-06, 5.7914e+01, 7.9650e-01, 
 1DIAGNOSTIC,    73, -9.658691883087e-01, 2.116807081620e-06, 5.8695e+01, 7.8120e-01, 
 1DIAGNOSTIC,    74, -9.658871293068e-01, 2.039408855126e-06, 5.9507e+01, 8.1171e-01, 
 1DIAGNOSTIC,    75, -9.659042358398e-01, 1.969272261704e-06, 6.0303e+01, 7.9628e-01, 
 1DIAGNOSTIC,    76, -9.659211635590e-01, 1.907453679451e-06, 6.1112e+01, 8.0895e-01, 
 1DIAGNOSTIC,    77, -9.659377336502e-01, 1.841231778599e-06, 6.1924e+01, 8.1134e-01, 
 1DIAGNOSTIC,    78, -9.659535884857e-01, 1.780222078196e-06, 6.2700e+01, 7.7673e-01, 
 1DIAGNOSTIC,    79, -9.659690260887e-01, 1.724301228023e-06, 6.3512e+01, 8.1169e-01, 
 1DIAGNOSTIC,    80, -9.659841060638e-01, 1.663823809395e-06, 6.4317e+01, 8.0531e-01, 
 1DIAGNOSTIC,    81, -9.659991264343e-01, 1.607249828339e-06, 6.5126e+01, 8.0830e-01, 
 1DIAGNOSTIC,    82, -9.660131335258e-01, 1.552918092784e-06, 6.5965e+01, 8.3907e-01, 
 1DIAGNOSTIC,    83, -9.660271406174e-01, 1.503001044512e-06, 6.6728e+01, 7.6355e-01, 
 1DIAGNOSTIC,    84, -9.660407304764e-01, 1.455785309190e-06, 6.7566e+01, 8.3730e-01, 
 1DIAGNOSTIC,    85, -9.660537242889e-01, 1.409004084962e-06, 6.8382e+01, 8.1631e-01, 
 1DIAGNOSTIC,    86, -9.660649299622e-01, 1.358790541417e-06, 6.9168e+01, 7.8651e-01, 
 1DIAGNOSTIC,    87, -9.660777449608e-01, 1.312995891567e-06, 7.0012e+01, 8.4378e-01, 
 1DIAGNOSTIC,    88, -9.660898447037e-01, 1.269360268452e-06, 7.0817e+01, 8.0511e-01, 
 1DIAGNOSTIC,    89, -9.661018848419e-01, 1.229042595696e-06, 7.1623e+01, 8.0594e-01, 
 1DIAGNOSTIC,    90, -9.661135673523e-01, 1.192188847199e-06, 7.2408e+01, 7.8488e-01, 
 1DIAGNOSTIC,    91, -9.661247730255e-01, 1.159332782663e-06, 7.3197e+01, 7.8916e-01, 
 1DIAGNOSTIC,    92, -9.661358594894e-01, 1.128537292061e-06, 7.4023e+01, 8.2610e-01, 
 1DIAGNOSTIC,    93, -9.661465287209e-01, 1.100083068195e-06, 7.4829e+01, 8.0615e-01, 
 1DIAGNOSTIC,    94, -9.661569595337e-01, 1.073502971849e-06, 7.5662e+01, 8.3241e-01, 
 1DIAGNOSTIC,    95, -9.661670923233e-01, 1.047602154358e-06, 7.6468e+01, 8.0625e-01, 
 1DIAGNOSTIC,    96, -9.661770462990e-01, 1.017573481477e-06, 7.7245e+01, 7.7700e-01, 
 1DIAGNOSTIC,    97, -9.661869406700e-01, 9.901611974783e-07, 7.8072e+01, 8.2734e-01, 
 1DIAGNOSTIC,    98, -9.661964178085e-01, 9.634854905016e-07, 7.8897e+01, 8.2445e-01, 
 1DIAGNOSTIC,    99, -9.662054777145e-01, 9.377553737977e-07, 7.9667e+01, 7.6996e-01, 
 1DIAGNOSTIC,   100, -9.662144780159e-01, 9.133094067693e-07, 8.0494e+01, 8.2717e-01, 
XXDIAGNOSTIC,Iteration,metricValue,convergenceValue,ITERATION_TIME_INDEX,SINCE_LAST
 1DIAGNOSTIC,     1, -9.310612678528e-01, inf, 8.3679e+01, 3.1848e+00, 
 1DIAGNOSTIC,     2, -9.320389032364e-01, inf, 8.6408e+01, 2.7288e+00, 
 1DIAGNOSTIC,     3, -9.331266283989e-01, inf, 8.9075e+01, 2.6678e+00, 
 1DIAGNOSTIC,     4, -9.340547919273e-01, inf, 9.1713e+01, 2.6380e+00, 
 1DIAGNOSTIC,     5, -9.348407387733e-01, inf, 9.4358e+01, 2.6445e+00, 
 1DIAGNOSTIC,     6, -9.355131983757e-01, inf, 9.7051e+01, 2.6935e+00, 
 1DIAGNOSTIC,     7, -9.361412525177e-01, inf, 9.9615e+01, 2.5639e+00, 
 1DIAGNOSTIC,     8, -9.366614818573e-01, inf, 1.0227e+02, 2.6567e+00, 
 1DIAGNOSTIC,     9, -9.370828866959e-01, inf, 1.0496e+02, 2.6862e+00, 
 1DIAGNOSTIC,    10, -9.374576210976e-01, 4.400725592859e-04, 1.0762e+02, 2.6608e+00, 
 1DIAGNOSTIC,    11, -9.377943873405e-01, 3.515708958730e-04, 1.1014e+02, 2.5206e+00, 
 1DIAGNOSTIC,    12, -9.380979537964e-01, 2.785192627925e-04, 1.1280e+02, 2.6617e+00, 
 1DIAGNOSTIC,    13, -9.383676052094e-01, 2.231430407846e-04, 1.1539e+02, 2.5883e+00, 
 1DIAGNOSTIC,    14, -9.386181831360e-01, 1.809406385291e-04, 1.1798e+02, 2.5900e+00, 
 1DIAGNOSTIC,    15, -9.388427734375e-01, 1.482978550484e-04, 1.2063e+02, 2.6468e+00, 
 1DIAGNOSTIC,    16, -9.390435218811e-01, 1.226826570928e-04, 1.2330e+02, 2.6716e+00, 
 1DIAGNOSTIC,    17, -9.392277598381e-01, 1.033029911923e-04, 1.2595e+02, 2.6473e+00, 
 1DIAGNOSTIC,    18, -9.393944740295e-01, 8.816221816232e-05, 1.2853e+02, 2.5894e+00, 
 1DIAGNOSTIC,    19, -9.395506978035e-01, 7.572611502837e-05, 1.3119e+02, 2.6503e+00, 
 1DIAGNOSTIC,    20, -9.396948814392e-01, 6.542905612150e-05, 1.3385e+02, 2.6686e+00, 
 1DIAGNOSTIC,    21, -9.398254156113e-01, 5.683513518306e-05, 1.3651e+02, 2.6594e+00, 
 1DIAGNOSTIC,    22, -9.399433135986e-01, 4.960173100699e-05, 1.3911e+02, 2.5951e+00, 
 1DIAGNOSTIC,    23, -9.400554895401e-01, 4.346589776105e-05, 1.4175e+02, 2.6408e+00, 
 1DIAGNOSTIC,    24, -9.401576519012e-01, 3.829841807601e-05, 1.4442e+02, 2.6728e+00, 
 1DIAGNOSTIC,    25, -9.402551651001e-01, 3.393206861801e-05, 1.4707e+02, 2.6439e+00, 
 1DIAGNOSTIC,    26, -9.403444528580e-01, 3.017037670361e-05, 1.4972e+02, 2.6564e+00, 
 1DIAGNOSTIC,    27, -9.404273033142e-01, 2.692483212741e-05, 1.5231e+02, 2.5924e+00, 
 1DIAGNOSTIC,    28, -9.405062198639e-01, 2.410951492493e-05, 1.5491e+02, 2.5985e+00, 
 1DIAGNOSTIC,    29, -9.405806064606e-01, 2.169854269596e-05, 1.5750e+02, 2.5918e+00, 
 1DIAGNOSTIC,    30, -9.406511187553e-01, 1.964250805031e-05, 1.6010e+02, 2.5916e+00, 
 1DIAGNOSTIC,    31, -9.407153129578e-01, 1.784075720934e-05, 1.6276e+02, 2.6639e+00, 
 1DIAGNOSTIC,    32, -9.407720565796e-01, 1.619148133614e-05, 1.6540e+02, 2.6384e+00, 
 1DIAGNOSTIC,    33, -9.408274292946e-01, 1.472164149163e-05, 1.6808e+02, 2.6826e+00, 
 1DIAGNOSTIC,    34, -9.408820867538e-01, 1.341156712442e-05, 1.7073e+02, 2.6502e+00, 
 1DIAGNOSTIC,    35, -9.409330487251e-01, 1.225926826010e-05, 1.7340e+02, 2.6694e+00, 
 1DIAGNOSTIC,    36, -9.409814476967e-01, 1.123627225752e-05, 1.7608e+02, 2.6756e+00, 
 1DIAGNOSTIC,    37, -9.410266876221e-01, 1.031975898513e-05, 1.7872e+02, 2.6431e+00, 
 1DIAGNOSTIC,    38, -9.410701394081e-01, 9.514263183519e-06, 1.8140e+02, 2.6795e+00, 
 1DIAGNOSTIC,    39, -9.411127567291e-01, 8.819743925415e-06, 1.8407e+02, 2.6659e+00, 
 1DIAGNOSTIC,    40, -9.411520957947e-01, 8.217349204642e-06, 1.8669e+02, 2.6240e+00, 
 1DIAGNOSTIC,    41, -9.411916732788e-01, 7.694103260292e-06, 1.8936e+02, 2.6713e+00, 
 1DIAGNOSTIC,    42, -9.412263631821e-01, 7.186045877461e-06, 1.9192e+02, 2.5633e+00, 
 1DIAGNOSTIC,    43, -9.412614703178e-01, 6.716879852320e-06, 1.9459e+02, 2.6690e+00, 
 1DIAGNOSTIC,    44, -9.412937760353e-01, 6.288521035458e-06, 1.9719e+02, 2.5963e+00, 
 1DIAGNOSTIC,    45, -9.413266181946e-01, 5.903794317419e-06, 1.9985e+02, 2.6626e+00, 
 1DIAGNOSTIC,    46, -9.413592815399e-01, 5.565480478253e-06, 2.0250e+02, 2.6505e+00, 
 1DIAGNOSTIC,    47, -9.413904547691e-01, 5.260963462206e-06, 2.0509e+02, 2.5908e+00, 
 1DIAGNOSTIC,    48, -9.414179325104e-01, 4.971728230885e-06, 2.0776e+02, 2.6632e+00, 
 1DIAGNOSTIC,    49, -9.414455890656e-01, 4.710876055469e-06, 2.1036e+02, 2.5998e+00, 
 1DIAGNOSTIC,    50, -9.414719939232e-01, 4.463750883588e-06, 2.1298e+02, 2.6226e+00, 
 1DIAGNOSTIC,    51, -9.415012001991e-01, 4.262719357939e-06, 2.1566e+02, 2.6853e+00, 
 1DIAGNOSTIC,    52, -9.415259957314e-01, 4.061364506924e-06, 2.1832e+02, 2.6522e+00, 
 1DIAGNOSTIC,    53, -9.415495991707e-01, 3.868379735650e-06, 2.2094e+02, 2.6274e+00, 
 1DIAGNOSTIC,    54, -9.415729641914e-01, 3.677426093418e-06, 2.2360e+02, 2.6605e+00, 
 1DIAGNOSTIC,    55, -9.415953755379e-01, 3.496756789900e-06, 2.2625e+02, 2.6469e+00, 
 1DIAGNOSTIC,    56, -9.416186809540e-01, 3.340495823068e-06, 2.2887e+02, 2.6184e+00, 
 1DIAGNOSTIC,    57, -9.416408538818e-01, 3.203052301615e-06, 2.3153e+02, 2.6620e+00, 
 1DIAGNOSTIC,    58, -9.416610002518e-01, 3.061648840230e-06, 2.3418e+02, 2.6535e+00, 
 1DIAGNOSTIC,    59, -9.416821002960e-01, 2.930921027655e-06, 2.3689e+02, 2.7093e+00, 
 1DIAGNOSTIC,    60, -9.417011737823e-01, 2.800325319186e-06, 2.3962e+02, 2.7226e+00, 
 1DIAGNOSTIC,    61, -9.417192935944e-01, 2.687553887881e-06, 2.4232e+02, 2.7039e+00, 
 1DIAGNOSTIC,    62, -9.417341947556e-01, 2.561232577136e-06, 2.4495e+02, 2.6296e+00, 
 1DIAGNOSTIC,    63, -9.417514801025e-01, 2.436152271912e-06, 2.4759e+02, 2.6380e+00, 
 1DIAGNOSTIC,    64, -9.417684078217e-01, 2.317069856872e-06, 2.5025e+02, 2.6666e+00, 
 1DIAGNOSTIC,    65, -9.417836070061e-01, 2.198784613938e-06, 2.5301e+02, 2.7527e+00, 
 1DIAGNOSTIC,    66, -9.417972564697e-01, 2.086867198159e-06, 2.5565e+02, 2.6455e+00, 
 1DIAGNOSTIC,    67, -9.418160319328e-01, 2.007088596656e-06, 2.5837e+02, 2.7218e+00, 
 1DIAGNOSTIC,    68, -9.418303966522e-01, 1.932805844262e-06, 2.6107e+02, 2.6990e+00, 
 1DIAGNOSTIC,    69, -9.418449401855e-01, 1.873754854387e-06, 2.6375e+02, 2.6755e+00, 
 1DIAGNOSTIC,    70, -9.418593049049e-01, 1.823128172873e-06, 2.6642e+02, 2.6707e+00, 
 1DIAGNOSTIC,    71, -9.418720602989e-01, 1.772223072294e-06, 2.6905e+02, 2.6284e+00, 
 1DIAGNOSTIC,    72, -9.418845176697e-01, 1.708216700536e-06, 2.7171e+02, 2.6644e+00, 
 1DIAGNOSTIC,    73, -9.418973922729e-01, 1.647066937949e-06, 2.7443e+02, 2.7126e+00, 
 1DIAGNOSTIC,    74, -9.419084191322e-01, 1.583641846992e-06, 2.7711e+02, 2.6879e+00, 
 1DIAGNOSTIC,    75, -9.419213533401e-01, 1.523108267065e-06, 2.7978e+02, 2.6678e+00, 
 1DIAGNOSTIC,    76, -9.419341683388e-01, 1.461566398575e-06, 2.8245e+02, 2.6659e+00, 
 1DIAGNOSTIC,    77, -9.419438838959e-01, 1.411532366546e-06, 2.8508e+02, 2.6325e+00, 
 1DIAGNOSTIC,    78, -9.419544935226e-01, 1.362260945825e-06, 2.8767e+02, 2.5899e+00, 
 1DIAGNOSTIC,    79, -9.419686198235e-01, 1.330635654995e-06, 2.9036e+02, 2.6929e+00, 
 1DIAGNOSTIC,    80, -9.419809579849e-01, 1.309510707870e-06, 2.9298e+02, 2.6155e+00, 
 1DIAGNOSTIC,    81, -9.419908523560e-01, 1.284168206439e-06, 2.9563e+02, 2.6475e+00, 
 1DIAGNOSTIC,    82, -9.420003294945e-01, 1.253570189874e-06, 2.9833e+02, 2.7063e+00, 
 1DIAGNOSTIC,    83, -9.420080780983e-01, 1.214611984324e-06, 3.0100e+02, 2.6706e+00, 
 1DIAGNOSTIC,    84, -9.420174956322e-01, 1.168683411379e-06, 3.0365e+02, 2.6510e+00, 
 1DIAGNOSTIC,    85, -9.420267343521e-01, 1.124973437072e-06, 3.0628e+02, 2.6281e+00, 
 1DIAGNOSTIC,    86, -9.420354366302e-01, 1.084709992938e-06, 3.0894e+02, 2.6600e+00, 
 1DIAGNOSTIC,    87, -9.420480728149e-01, 1.053475102708e-06, 3.1161e+02, 2.6689e+00, 
 1DIAGNOSTIC,    88, -9.420564174652e-01, 1.020213403535e-06, 3.1428e+02, 2.6668e+00, 
 1DIAGNOSTIC,    89, -9.420649409294e-01, 1.000127554107e-06, 3.1688e+02, 2.6074e+00, 
 1DIAGNOSTIC,    90, -9.420726895332e-01, 9.851478353085e-07, 3.1954e+02, 2.6525e+00, 
 1DIAGNOSTIC,    91, -9.420811533928e-01, 9.696298093331e-07, 3.2221e+02, 2.6743e+00, 
 1DIAGNOSTIC,    92, -9.420887827873e-01, 9.499047450845e-07, 3.2489e+02, 2.6786e+00, 
 1DIAGNOSTIC,    93, -9.420962333679e-01, 9.208563938046e-07, 3.2756e+02, 2.6657e+00, 
 1DIAGNOSTIC,    94, -9.421038627625e-01, 8.908194786272e-07, 3.3025e+02, 2.6983e+00, 
 1DIAGNOSTIC,    95, -9.421112537384e-01, 8.603973356003e-07, 3.3288e+02, 2.6238e+00, 
 1DIAGNOSTIC,    96, -9.421181678772e-01, 8.279395160571e-07, 3.3556e+02, 2.6808e+00, 
 1DIAGNOSTIC,    97, -9.421257376671e-01, 8.105110396173e-07, 3.3823e+02, 2.6716e+00, 
 1DIAGNOSTIC,    98, -9.421329498291e-01, 7.940961950226e-07, 3.4095e+02, 2.7152e+00, 
 1DIAGNOSTIC,    99, -9.421401023865e-01, 7.798953447491e-07, 3.4357e+02, 2.6279e+00, 
 1DIAGNOSTIC,   100, -9.421463012695e-01, 7.631550715814e-07, 3.4623e+02, 2.6582e+00, 
XXDIAGNOSTIC,Iteration,metricValue,convergenceValue,ITERATION_TIME_INDEX,SINCE_LAST
 1DIAGNOSTIC,     1, -8.602445125580e-01, inf, 3.6817e+02, 2.1943e+01, 
 1DIAGNOSTIC,     2, -8.628983497620e-01, inf, 3.8893e+02, 2.0752e+01, 
 1DIAGNOSTIC,     3, -8.651897907257e-01, inf, 4.0974e+02, 2.0814e+01, 
 1DIAGNOSTIC,     4, -8.671969175339e-01, inf, 4.3051e+02, 2.0770e+01, 
 1DIAGNOSTIC,     5, -8.689411282539e-01, inf, 4.5143e+02, 2.0923e+01, 
 1DIAGNOSTIC,     6, -8.704698085785e-01, inf, 4.7212e+02, 2.0685e+01, 
 1DIAGNOSTIC,     7, -8.718240261078e-01, inf, 4.9294e+02, 2.0825e+01, 
 1DIAGNOSTIC,     8, -8.730499744415e-01, inf, 5.1367e+02, 2.0726e+01, 
 1DIAGNOSTIC,     9, -8.741450309753e-01, inf, 5.3448e+02, 2.0815e+01, 
 1DIAGNOSTIC,    10, -8.749973773956e-01, 1.066545373760e-03, 5.5553e+02, 2.1044e+01, 
 1DIAGNOSTIC,    11, -8.758389949799e-01, 8.506087469868e-04, 5.7656e+02, 2.1028e+01, 
 1DIAGNOSTIC,    12, -8.765377998352e-01, 6.850068457425e-04, 5.9758e+02, 2.1025e+01, 
 1DIAGNOSTIC,    13, -8.772320747375e-01, 5.574826500379e-04, 6.1846e+02, 2.0877e+01, 
 1DIAGNOSTIC,    14, -8.778036236763e-01, 4.572098259814e-04, 6.3962e+02, 2.1158e+01, 
 1DIAGNOSTIC,    15, -8.783977031708e-01, 3.791434573941e-04, 6.6061e+02, 2.0988e+01, 
 1DIAGNOSTIC,    16, -8.788731098175e-01, 3.166508395225e-04, 6.8166e+02, 2.1054e+01, 
 1DIAGNOSTIC,    17, -8.793091773987e-01, 2.664704516064e-04, 7.0225e+02, 2.0593e+01, 
 1DIAGNOSTIC,    18, -8.797095417976e-01, 2.265067887492e-04, 7.2335e+02, 2.1100e+01, 
 1DIAGNOSTIC,    19, -8.800818920135e-01, 1.948238495970e-04, 7.4413e+02, 2.0778e+01, 
 1DIAGNOSTIC,    20, -8.804281353951e-01, 1.676072715782e-04, 7.6515e+02, 2.1021e+01, 
 1DIAGNOSTIC,    21, -8.807502388954e-01, 1.453573640902e-04, 7.8591e+02, 2.0758e+01, 
 1DIAGNOSTIC,    22, -8.810527920723e-01, 1.263228332391e-04, 8.0678e+02, 2.0868e+01, 
 1DIAGNOSTIC,    23, -8.813407421112e-01, 1.110055382014e-04, 8.2750e+02, 2.0723e+01, 
 1DIAGNOSTIC,    24, -8.816041946411e-01, 9.783213317860e-05, 8.4854e+02, 2.1036e+01, 
 1DIAGNOSTIC,    25, -8.818563818932e-01, 8.753091242397e-05, 8.6959e+02, 2.1052e+01, 
 1DIAGNOSTIC,    26, -8.820929527283e-01, 7.869715045672e-05, 8.9060e+02, 2.1009e+01, 
 1DIAGNOSTIC,    27, -8.823130130768e-01, 7.101583469193e-05, 9.1169e+02, 2.1089e+01, 
 1DIAGNOSTIC,    28, -8.825252056122e-01, 6.431238580262e-05, 9.3281e+02, 2.1124e+01, 
 1DIAGNOSTIC,    29, -8.827226758003e-01, 5.840351150255e-05, 9.5363e+02, 2.0822e+01, 
 1DIAGNOSTIC,    30, -8.829095959663e-01, 5.316714305081e-05, 9.7425e+02, 2.0616e+01, 
 1DIAGNOSTIC,    31, -8.830896615982e-01, 4.852732672589e-05, 9.9508e+02, 2.0828e+01, 
 1DIAGNOSTIC,    32, -8.832575678825e-01, 4.438393807504e-05, 1.0157e+03, 2.0647e+01, 
 1DIAGNOSTIC,    33, -8.834177255630e-01, 4.072663068655e-05, 1.0367e+03, 2.0944e+01, 
 1DIAGNOSTIC,    34, -8.835716247559e-01, 3.743917113752e-05, 1.0572e+03, 2.0522e+01, 
 1DIAGNOSTIC,    35, -8.837166428566e-01, 3.450342410360e-05, 1.0780e+03, 2.0844e+01, 
 1DIAGNOSTIC,    36, -8.838569521904e-01, 3.188731716364e-05, 1.0987e+03, 2.0698e+01, 
 1DIAGNOSTIC,    37, -8.839914202690e-01, 2.952682189061e-05, 1.1193e+03, 2.0548e+01, 
 1DIAGNOSTIC,    38, -8.841250538826e-01, 2.747262988123e-05, 1.1398e+03, 2.0568e+01, 
 1DIAGNOSTIC,    39, -8.842518329620e-01, 2.564371789049e-05, 1.1606e+03, 2.0716e+01, 
 1DIAGNOSTIC,    40, -8.843715190887e-01, 2.398879223620e-05, 1.1815e+03, 2.0885e+01, 
 1DIAGNOSTIC,    41, -8.844848871231e-01, 2.249053613923e-05, 1.2023e+03, 2.0803e+01, 
 1DIAGNOSTIC,    42, -8.845993876457e-01, 2.114037670253e-05, 1.2230e+03, 2.0763e+01, 
 1DIAGNOSTIC,    43, -8.847036361694e-01, 1.986875395232e-05, 1.2439e+03, 2.0863e+01, 
 1DIAGNOSTIC,    44, -8.848050236702e-01, 1.868082290457e-05, 1.2647e+03, 2.0787e+01, 
 1DIAGNOSTIC,    45, -8.849093914032e-01, 1.760011946317e-05, 1.2855e+03, 2.0875e+01, 
 1DIAGNOSTIC,    46, -8.850110769272e-01, 1.663029797783e-05, 1.3061e+03, 2.0552e+01, 
 1DIAGNOSTIC,    47, -8.851052522659e-01, 1.572794280946e-05, 1.3266e+03, 2.0517e+01, 
 1DIAGNOSTIC,    48, -8.851972818375e-01, 1.492387582402e-05, 1.3472e+03, 2.0559e+01, 
 1DIAGNOSTIC,    49, -8.852871060371e-01, 1.419871477992e-05, 1.3679e+03, 2.0741e+01, 
 1DIAGNOSTIC,    50, -8.853722214699e-01, 1.351099945168e-05, 1.3885e+03, 2.0558e+01, 
 1DIAGNOSTIC,    51, -8.854556083679e-01, 1.284565587412e-05, 1.4090e+03, 2.0515e+01, 
 1DIAGNOSTIC,    52, -8.855333924294e-01, 1.221441743837e-05, 1.4296e+03, 2.0571e+01, 
 1DIAGNOSTIC,    53, -8.856098651886e-01, 1.158287068392e-05, 1.4501e+03, 2.0526e+01, 
 1DIAGNOSTIC,    54, -8.856836557388e-01, 1.095484185498e-05, 1.4708e+03, 2.0739e+01, 
 1DIAGNOSTIC,    55, -8.857539892197e-01, 1.036701360135e-05, 1.4913e+03, 2.0512e+01, 
 1DIAGNOSTIC,    56, -8.858242630959e-01, 9.840165148489e-06, 1.5121e+03, 2.0816e+01, 
 1DIAGNOSTIC,    57, -8.858914375305e-01, 9.343594683742e-06, 1.5328e+03, 2.0695e+01, 
 1DIAGNOSTIC,    58, -8.859593868256e-01, 8.899486601877e-06, 1.5536e+03, 2.0761e+01, 
 1DIAGNOSTIC,    59, -8.860228061676e-01, 8.495570000377e-06, 1.5741e+03, 2.0457e+01, 
 1DIAGNOSTIC,    60, -8.860805034637e-01, 8.098604666884e-06, 1.5949e+03, 2.0819e+01, 
 1DIAGNOSTIC,    61, -8.861408233643e-01, 7.738778549538e-06, 1.6157e+03, 2.0784e+01, 
 1DIAGNOSTIC,    62, -8.861983418465e-01, 7.391180133709e-06, 1.6361e+03, 2.0459e+01, 
 1DIAGNOSTIC,    63, -8.862538337708e-01, 7.059853942337e-06, 1.6565e+03, 2.0424e+01, 
 1DIAGNOSTIC,    64, -8.863046169281e-01, 6.728374955856e-06, 1.6773e+03, 2.0719e+01, 
 1DIAGNOSTIC,    65, -8.863580822945e-01, 6.414863491955e-06, 1.6978e+03, 2.0496e+01, 
 1DIAGNOSTIC,    66, -8.864054679871e-01, 6.107913577580e-06, 1.7185e+03, 2.0779e+01, 
 1DIAGNOSTIC,    67, -8.864533901215e-01, 5.815069926030e-06, 1.7390e+03, 2.0474e+01, 
 1DIAGNOSTIC,    68, -8.865000009537e-01, 5.553124083235e-06, 1.7598e+03, 2.0765e+01, 
 1DIAGNOSTIC,    69, -8.865417838097e-01, 5.294756192598e-06, 1.7802e+03, 2.0452e+01, 
 1DIAGNOSTIC,    70, -8.865854144096e-01, 5.039001280238e-06, 1.8009e+03, 2.0650e+01, 
XXDIAGNOSTIC,Iteration,metricValue,convergenceValue,ITERATION_TIME_INDEX,SINCE_LAST
 1DIAGNOSTIC,     1, -6.780804395676e-01, inf, 1.9692e+03, 1.6831e+02, 
 1DIAGNOSTIC,     2, -6.799123883247e-01, inf, 2.1366e+03, 1.6746e+02, 
 1DIAGNOSTIC,     3, -6.820933818817e-01, inf, 2.3029e+03, 1.6626e+02, 
 1DIAGNOSTIC,     4, -6.837448477745e-01, inf, 2.4705e+03, 1.6762e+02, 
 1DIAGNOSTIC,     5, -6.854327917099e-01, inf, 2.6366e+03, 1.6608e+02, 
 1DIAGNOSTIC,     6, -6.868488788605e-01, inf, 2.8039e+03, 1.6731e+02, 
 1DIAGNOSTIC,     7, -6.881881356239e-01, inf, 2.9700e+03, 1.6605e+02, 
 1DIAGNOSTIC,     8, -6.894544959068e-01, inf, 3.1360e+03, 1.6600e+02, 
 1DIAGNOSTIC,     9, -6.906538605690e-01, inf, 3.3024e+03, 1.6643e+02, 
 1DIAGNOSTIC,    10, -6.918134093285e-01, 1.271363231353e-03, 3.4695e+03, 1.6711e+02, 
 1DIAGNOSTIC,    11, -6.929550170898e-01, 1.075248117559e-03, 3.6359e+03, 1.6638e+02, 
 1DIAGNOSTIC,    12, -6.940215826035e-01, 9.142484050244e-04, 3.8025e+03, 1.6664e+02, 
 1DIAGNOSTIC,    13, -6.950250267982e-01, 7.961494848132e-04, 3.9687e+03, 1.6620e+02, 
 1DIAGNOSTIC,    14, -6.959699392319e-01, 6.985257496126e-04, 4.1354e+03, 1.6674e+02, 
 1DIAGNOSTIC,    15, -6.968438029289e-01, 6.201532669365e-04, 4.3030e+03, 1.6752e+02, 
 1DIAGNOSTIC,    16, -6.976535320282e-01, 5.516431410797e-04, 4.4698e+03, 1.6688e+02, 
 1DIAGNOSTIC,    17, -6.983993649483e-01, 4.905893001705e-04, 4.6383e+03, 1.6841e+02, 
 1DIAGNOSTIC,    18, -6.990900635719e-01, 4.354825359769e-04, 4.8045e+03, 1.6621e+02, 
 1DIAGNOSTIC,    19, -6.996355056763e-01, 3.833578375634e-04, 4.9726e+03, 1.6812e+02, 
 1DIAGNOSTIC,    20, -7.001455426216e-01, 3.349635808263e-04, 5.1376e+03, 1.6498e+02, 
  Elapsed time (stage 2): 5140


Total elapsed time: 5174
Using single precision for computations.
Input scalar image: /home/mpib/nemecz/Projects/miniTRK/Results/01_MRI/GroupTempl/T1w/T_template0sub-848038_T1wRepaired.nii.gz
Reference image: /home/mpib/nemecz/Projects/miniTRK/Results/01_MRI/GroupTempl/T1w/T_template0.nii.gz
=============================================================================
The composite transform comprises the following transforms (in order): 
  1. /home/mpib/nemecz/Projects/miniTRK/Results/01_MRI/GroupTempl/T1w/T_sub-848038_T1w320GenericAffine.mat (type = AffineTransform)
  2. /home/mpib/nemecz/Projects/miniTRK/Results/01_MRI/GroupTempl/T1w/T_sub-848038_T1w321Warp.nii.gz (type = DisplacementFieldTransform)
=============================================================================
Default pixel value: 0
Interpolation type: LinearInterpolateImageFunction
Output warped image: /home/mpib/nemecz/Projects/miniTRK/Results/01_MRI/GroupTempl/T1w/T_template0sub-848038_T1w32WarpedToTemplate.nii.gz
