
Running N4 for 3-dimensional images.

Mask not read.  Using the entire image as the mask.

Original intensity range:  [0, 914]

***********************************************************
Warning:  Your input image contains nonpositive values
which could cause failure or problematic results.  A
possible workaround would be to:
   1. rescale your image to positive values e.g., [10,100].
   2. run N4 on your rescaled image.
   3. (optional) rescale the N4 output to the original
      intensity range.
***********************************************************

Specified spline distance: 200mm
  original image size:  [192, 256, 256]
  padded image size:  [201, 401, 401]
  number of control points:  [4, 5, 5]

Current level = 1
  Iteration 1 (of 50).   Current convergence value = 0.000329912 (threshold = 1e-08)
  Iteration 2 (of 50).   Current convergence value = 0.000229408 (threshold = 1e-08)
  Iteration 3 (of 50).   Current convergence value = 0.000193689 (threshold = 1e-08)
  Iteration 4 (of 50).   Current convergence value = 0.00018353 (threshold = 1e-08)
  Iteration 5 (of 50).   Current convergence value = 0.000182185 (threshold = 1e-08)
  Iteration 6 (of 50).   Current convergence value = 0.000183358 (threshold = 1e-08)
  Iteration 7 (of 50).   Current convergence value = 0.000184908 (threshold = 1e-08)
  Iteration 8 (of 50).   Current convergence value = 0.000185929 (threshold = 1e-08)
  Iteration 9 (of 50).   Current convergence value = 0.000185952 (threshold = 1e-08)
  Iteration 10 (of 50).   Current convergence value = 0.000185462 (threshold = 1e-08)
  Iteration 11 (of 50).   Current convergence value = 0.000184271 (threshold = 1e-08)
  Iteration 12 (of 50).   Current convergence value = 0.000174383 (threshold = 1e-08)
  Iteration 13 (of 50).   Current convergence value = 0.000166121 (threshold = 1e-08)
  Iteration 14 (of 50).   Current convergence value = 0.000159284 (threshold = 1e-08)
  Iteration 15 (of 50).   Current convergence value = 0.00015359 (threshold = 1e-08)
  Iteration 16 (of 50).   Current convergence value = 0.000148795 (threshold = 1e-08)
  Iteration 17 (of 50).   Current convergence value = 0.000144538 (threshold = 1e-08)
  Iteration 18 (of 50).   Current convergence value = 0.000140809 (threshold = 1e-08)
  Iteration 19 (of 50).   Current convergence value = 0.000137462 (threshold = 1e-08)
  Iteration 20 (of 50).   Current convergence value = 0.000134318 (threshold = 1e-08)
  Iteration 21 (of 50).   Current convergence value = 0.000131459 (threshold = 1e-08)
  Iteration 22 (of 50).   Current convergence value = 0.000128842 (threshold = 1e-08)
  Iteration 23 (of 50).   Current convergence value = 0.000126459 (threshold = 1e-08)
  Iteration 24 (of 50).   Current convergence value = 0.000124086 (threshold = 1e-08)
  Iteration 25 (of 50).   Current convergence value = 0.000121918 (threshold = 1e-08)
  Iteration 26 (of 50).   Current convergence value = 0.000119941 (threshold = 1e-08)
  Iteration 27 (of 50).   Current convergence value = 0.000117972 (threshold = 1e-08)
  Iteration 28 (of 50).   Current convergence value = 0.000116192 (threshold = 1e-08)
  Iteration 29 (of 50).   Current convergence value = 0.000114557 (threshold = 1e-08)
  Iteration 30 (of 50).   Current convergence value = 0.000113038 (threshold = 1e-08)
  Iteration 31 (of 50).   Current convergence value = 0.000111565 (threshold = 1e-08)
  Iteration 32 (of 50).   Current convergence value = 0.000110073 (threshold = 1e-08)
  Iteration 33 (of 50).   Current convergence value = 0.000108802 (threshold = 1e-08)
  Iteration 34 (of 50).   Current convergence value = 0.000107414 (threshold = 1e-08)
  Iteration 35 (of 50).   Current convergence value = 0.00010622 (threshold = 1e-08)
  Iteration 36 (of 50).   Current convergence value = 0.000105001 (threshold = 1e-08)
  Iteration 37 (of 50).   Current convergence value = 0.000103798 (threshold = 1e-08)
  Iteration 38 (of 50).   Current convergence value = 0.000102643 (threshold = 1e-08)
  Iteration 39 (of 50).   Current convergence value = 0.000101535 (threshold = 1e-08)
  Iteration 40 (of 50).   Current convergence value = 0.000100554 (threshold = 1e-08)
  Iteration 41 (of 50).   Current convergence value = 9.96294e-05 (threshold = 1e-08)
  Iteration 42 (of 50).   Current convergence value = 9.85366e-05 (threshold = 1e-08)
  Iteration 43 (of 50).   Current convergence value = 9.76323e-05 (threshold = 1e-08)
  Iteration 44 (of 50).   Current convergence value = 9.68531e-05 (threshold = 1e-08)
  Iteration 45 (of 50).   Current convergence value = 9.60388e-05 (threshold = 1e-08)
  Iteration 46 (of 50).   Current convergence value = 9.5294e-05 (threshold = 1e-08)
  Iteration 47 (of 50).   Current convergence value = 9.45411e-05 (threshold = 1e-08)
  Iteration 48 (of 50).   Current convergence value = 9.37445e-05 (threshold = 1e-08)
  Iteration 49 (of 50).   Current convergence value = 9.30454e-05 (threshold = 1e-08)
  Iteration 50 (of 50).   Current convergence value = 9.23424e-05 (threshold = 1e-08)
Current level = 2
  Iteration 1 (of 50).   Current convergence value = 0.0004316 (threshold = 1e-08)
  Iteration 2 (of 50).   Current convergence value = 0.00036121 (threshold = 1e-08)
  Iteration 3 (of 50).   Current convergence value = 0.000311492 (threshold = 1e-08)
  Iteration 4 (of 50).   Current convergence value = 0.000272627 (threshold = 1e-08)
  Iteration 5 (of 50).   Current convergence value = 0.000238251 (threshold = 1e-08)
  Iteration 6 (of 50).   Current convergence value = 0.000210355 (threshold = 1e-08)
  Iteration 7 (of 50).   Current convergence value = 0.000188047 (threshold = 1e-08)
  Iteration 8 (of 50).   Current convergence value = 0.000176483 (threshold = 1e-08)
  Iteration 9 (of 50).   Current convergence value = 0.000170964 (threshold = 1e-08)
  Iteration 10 (of 50).   Current convergence value = 0.000160403 (threshold = 1e-08)
  Iteration 11 (of 50).   Current convergence value = 0.000151282 (threshold = 1e-08)
  Iteration 12 (of 50).   Current convergence value = 0.000143665 (threshold = 1e-08)
  Iteration 13 (of 50).   Current convergence value = 0.000137113 (threshold = 1e-08)
  Iteration 14 (of 50).   Current convergence value = 0.000131304 (threshold = 1e-08)
  Iteration 15 (of 50).   Current convergence value = 0.000125715 (threshold = 1e-08)
  Iteration 16 (of 50).   Current convergence value = 0.000120831 (threshold = 1e-08)
  Iteration 17 (of 50).   Current convergence value = 0.000115918 (threshold = 1e-08)
  Iteration 18 (of 50).   Current convergence value = 0.000111273 (threshold = 1e-08)
  Iteration 19 (of 50).   Current convergence value = 0.000107245 (threshold = 1e-08)
  Iteration 20 (of 50).   Current convergence value = 0.000103527 (threshold = 1e-08)
  Iteration 21 (of 50).   Current convergence value = 9.99915e-05 (threshold = 1e-08)
  Iteration 22 (of 50).   Current convergence value = 9.93802e-05 (threshold = 1e-08)
  Iteration 23 (of 50).   Current convergence value = 9.96282e-05 (threshold = 1e-08)
  Iteration 24 (of 50).   Current convergence value = 9.99635e-05 (threshold = 1e-08)
  Iteration 25 (of 50).   Current convergence value = 9.9985e-05 (threshold = 1e-08)
  Iteration 26 (of 50).   Current convergence value = 0.000100039 (threshold = 1e-08)
  Iteration 27 (of 50).   Current convergence value = 0.000100086 (threshold = 1e-08)
  Iteration 28 (of 50).   Current convergence value = 0.000100182 (threshold = 1e-08)
  Iteration 29 (of 50).   Current convergence value = 9.99353e-05 (threshold = 1e-08)
  Iteration 30 (of 50).   Current convergence value = 9.97805e-05 (threshold = 1e-08)
  Iteration 31 (of 50).   Current convergence value = 9.95118e-05 (threshold = 1e-08)
  Iteration 32 (of 50).   Current convergence value = 9.93305e-05 (threshold = 1e-08)
  Iteration 33 (of 50).   Current convergence value = 9.89648e-05 (threshold = 1e-08)
  Iteration 34 (of 50).   Current convergence value = 9.84933e-05 (threshold = 1e-08)
  Iteration 35 (of 50).   Current convergence value = 9.82644e-05 (threshold = 1e-08)
  Iteration 36 (of 50).   Current convergence value = 9.78965e-05 (threshold = 1e-08)
  Iteration 37 (of 50).   Current convergence value = 9.73982e-05 (threshold = 1e-08)
  Iteration 38 (of 50).   Current convergence value = 9.7037e-05 (threshold = 1e-08)
  Iteration 39 (of 50).   Current convergence value = 9.66723e-05 (threshold = 1e-08)
  Iteration 40 (of 50).   Current convergence value = 9.61808e-05 (threshold = 1e-08)
  Iteration 41 (of 50).   Current convergence value = 9.57306e-05 (threshold = 1e-08)
  Iteration 42 (of 50).   Current convergence value = 9.52614e-05 (threshold = 1e-08)
  Iteration 43 (of 50).   Current convergence value = 9.47799e-05 (threshold = 1e-08)
  Iteration 44 (of 50).   Current convergence value = 9.44765e-05 (threshold = 1e-08)
  Iteration 45 (of 50).   Current convergence value = 9.40543e-05 (threshold = 1e-08)
  Iteration 46 (of 50).   Current convergence value = 9.34392e-05 (threshold = 1e-08)
  Iteration 47 (of 50).   Current convergence value = 9.31227e-05 (threshold = 1e-08)
  Iteration 48 (of 50).   Current convergence value = 9.27986e-05 (threshold = 1e-08)
  Iteration 49 (of 50).   Current convergence value = 9.2598e-05 (threshold = 1e-08)
  Iteration 50 (of 50).   Current convergence value = 9.22687e-05 (threshold = 1e-08)
Current level = 3
  Iteration 1 (of 40).   Current convergence value = 0.00153139 (threshold = 1e-08)
  Iteration 2 (of 40).   Current convergence value = 0.00121958 (threshold = 1e-08)
  Iteration 3 (of 40).   Current convergence value = 0.00104868 (threshold = 1e-08)
  Iteration 4 (of 40).   Current convergence value = 0.000934234 (threshold = 1e-08)
  Iteration 5 (of 40).   Current convergence value = 0.000848813 (threshold = 1e-08)
  Iteration 6 (of 40).   Current convergence value = 0.000796648 (threshold = 1e-08)
  Iteration 7 (of 40).   Current convergence value = 0.00076353 (threshold = 1e-08)
  Iteration 8 (of 40).   Current convergence value = 0.000737725 (threshold = 1e-08)
  Iteration 9 (of 40).   Current convergence value = 0.000716676 (threshold = 1e-08)
  Iteration 10 (of 40).   Current convergence value = 0.000697488 (threshold = 1e-08)
  Iteration 11 (of 40).   Current convergence value = 0.000680579 (threshold = 1e-08)
  Iteration 12 (of 40).   Current convergence value = 0.000665939 (threshold = 1e-08)
  Iteration 13 (of 40).   Current convergence value = 0.000652559 (threshold = 1e-08)
  Iteration 14 (of 40).   Current convergence value = 0.000638074 (threshold = 1e-08)
  Iteration 15 (of 40).   Current convergence value = 0.000624099 (threshold = 1e-08)
  Iteration 16 (of 40).   Current convergence value = 0.000610867 (threshold = 1e-08)
  Iteration 17 (of 40).   Current convergence value = 0.000598203 (threshold = 1e-08)
  Iteration 18 (of 40).   Current convergence value = 0.000585763 (threshold = 1e-08)
  Iteration 19 (of 40).   Current convergence value = 0.000573831 (threshold = 1e-08)
  Iteration 20 (of 40).   Current convergence value = 0.000562219 (threshold = 1e-08)
  Iteration 21 (of 40).   Current convergence value = 0.000551507 (threshold = 1e-08)
  Iteration 22 (of 40).   Current convergence value = 0.000540859 (threshold = 1e-08)
  Iteration 23 (of 40).   Current convergence value = 0.000529807 (threshold = 1e-08)
  Iteration 24 (of 40).   Current convergence value = 0.000518856 (threshold = 1e-08)
  Iteration 25 (of 40).   Current convergence value = 0.000507952 (threshold = 1e-08)
  Iteration 26 (of 40).   Current convergence value = 0.000497233 (threshold = 1e-08)
  Iteration 27 (of 40).   Current convergence value = 0.000486527 (threshold = 1e-08)
  Iteration 28 (of 40).   Current convergence value = 0.00047608 (threshold = 1e-08)
  Iteration 29 (of 40).   Current convergence value = 0.000465812 (threshold = 1e-08)
  Iteration 30 (of 40).   Current convergence value = 0.000455647 (threshold = 1e-08)
  Iteration 31 (of 40).   Current convergence value = 0.000441804 (threshold = 1e-08)
  Iteration 32 (of 40).   Current convergence value = 0.000426408 (threshold = 1e-08)
  Iteration 33 (of 40).   Current convergence value = 0.000412657 (threshold = 1e-08)
  Iteration 34 (of 40).   Current convergence value = 0.000400321 (threshold = 1e-08)
  Iteration 35 (of 40).   Current convergence value = 0.000389335 (threshold = 1e-08)
  Iteration 36 (of 40).   Current convergence value = 0.000378979 (threshold = 1e-08)
  Iteration 37 (of 40).   Current convergence value = 0.000369706 (threshold = 1e-08)
  Iteration 38 (of 40).   Current convergence value = 0.000360849 (threshold = 1e-08)
  Iteration 39 (of 40).   Current convergence value = 0.000352867 (threshold = 1e-08)
  Iteration 40 (of 40).   Current convergence value = 0.000345273 (threshold = 1e-08)
Current level = 4
  Iteration 1 (of 30).   Current convergence value = 0.00231609 (threshold = 1e-08)
  Iteration 2 (of 30).   Current convergence value = 0.00198107 (threshold = 1e-08)
  Iteration 3 (of 30).   Current convergence value = 0.00185547 (threshold = 1e-08)
  Iteration 4 (of 30).   Current convergence value = 0.00177246 (threshold = 1e-08)
  Iteration 5 (of 30).   Current convergence value = 0.00163887 (threshold = 1e-08)
  Iteration 6 (of 30).   Current convergence value = 0.00150002 (threshold = 1e-08)
  Iteration 7 (of 30).   Current convergence value = 0.00137154 (threshold = 1e-08)
  Iteration 8 (of 30).   Current convergence value = 0.00127098 (threshold = 1e-08)
  Iteration 9 (of 30).   Current convergence value = 0.00123021 (threshold = 1e-08)
  Iteration 10 (of 30).   Current convergence value = 0.00130162 (threshold = 1e-08)
  Iteration 11 (of 30).   Current convergence value = 0.00143815 (threshold = 1e-08)
  Iteration 12 (of 30).   Current convergence value = 0.001499 (threshold = 1e-08)
  Iteration 13 (of 30).   Current convergence value = 0.00160164 (threshold = 1e-08)
  Iteration 14 (of 30).   Current convergence value = 0.00172872 (threshold = 1e-08)
  Iteration 15 (of 30).   Current convergence value = 0.0015563 (threshold = 1e-08)
  Iteration 16 (of 30).   Current convergence value = 0.0013508 (threshold = 1e-08)
  Iteration 17 (of 30).   Current convergence value = 0.00115605 (threshold = 1e-08)
  Iteration 18 (of 30).   Current convergence value = 0.000985614 (threshold = 1e-08)
  Iteration 19 (of 30).   Current convergence value = 0.000854439 (threshold = 1e-08)
  Iteration 20 (of 30).   Current convergence value = 0.00075395 (threshold = 1e-08)
  Iteration 21 (of 30).   Current convergence value = 0.000714824 (threshold = 1e-08)
  Iteration 22 (of 30).   Current convergence value = 0.00101901 (threshold = 1e-08)
  Iteration 23 (of 30).   Current convergence value = 0.00118727 (threshold = 1e-08)
  Iteration 24 (of 30).   Current convergence value = 0.00126378 (threshold = 1e-08)
  Iteration 25 (of 30).   Current convergence value = 0.0012909 (threshold = 1e-08)
  Iteration 26 (of 30).   Current convergence value = 0.00132131 (threshold = 1e-08)
  Iteration 27 (of 30).   Current convergence value = 0.00127948 (threshold = 1e-08)
  Iteration 28 (of 30).   Current convergence value = 0.00121857 (threshold = 1e-08)
  Iteration 29 (of 30).   Current convergence value = 0.00116627 (threshold = 1e-08)
  Iteration 30 (of 30).   Current convergence value = 0.00112186 (threshold = 1e-08)
   N4BiasFieldCorrectionImageFilter (0x56226dfb7e20)
     RTTI typeinfo:   itk::N4BiasFieldCorrectionImageFilter<itk::Image<float, 3u>, itk::Image<float, 3u>, itk::Image<float, 3u> >
     Reference Count: 1
     Modified Time: 565
     Debug: Off
     Object Name: 
     Observers: 
       IterationEvent(Command)
     Inputs: 
       ConfidenceImage: (0)
       MaskImage: (0x56226dfe2630)
       Primary: (0x56226dfddae0) *
     Indexed Inputs: 
       0: Primary (0x56226dfddae0)
       1: MaskImage (0x56226dfe2630)
       2: ConfidenceImage (0)
     Required Input Names: Primary
     NumberOfRequiredInputs: 1
     Outputs: 
       Primary: (0x56226dfc7ef0)
     Indexed Outputs: 
       0: Primary (0x56226dfc7ef0)
     NumberOfRequiredOutputs: 1
     Number Of Work Units: 32
     ReleaseDataFlag: Off
     ReleaseDataBeforeUpdateFlag: Off
     AbortGenerateData: Off
     Progress: 0
     Multithreader: 
       RTTI typeinfo:   itk::PoolMultiThreader
       Reference Count: 1
       Modified Time: 144
       Debug: Off
       Object Name: 
       Observers: 
         none
       Number of Work Units: 32
       Number of Threads: 8
       Global Maximum Number Of Threads: 128
       Global Default Number Of Threads: 8
       Global Default Threader Type: itk::MultiThreaderBaseEnums::Threader::Pool
       SingleMethod: 0
       SingleData: 0
     DynamicMultiThreading: On
     CoordinateTolerance: 1e-06
     DirectionTolerance: 1e-06
     Use Mask Label: 0
     Mask label: 1
     Number of histogram bins: 200
     Wiener filter noise: 0.01
     Bias field FWHM: 0.15
     Maximum number of iterations: [50, 50, 40, 30]
     Convergence threshold: 1e-08
     Spline order: 3
     Number of fitting levels: [4, 4, 4]
     Number of control points: [4, 5, 5]
     CurrentConvergenceMeasurement: 0.00112186
     CurrentLevel: 4
     ElapsedIterations: 31
     LogBiasFieldControlPointLattice: 
       Image (0x562274ac9e50)
         RTTI typeinfo:   itk::Image<itk::Vector<float, 1u>, 3u>
         Reference Count: 1
         Modified Time: 343560
         Debug: Off
         Object Name: 
         Observers: 
           none
         Source: (none)
         Source output name: (none)
         Release Data: Off
         Data Released: False
         Global Release Data: Off
         PipelineMTime: 0
         UpdateMTime: 0
         RealTimeStamp: 0 seconds 
         LargestPossibleRegion: 
           Dimension: 3
           Index: [0, 0, 0]
           Size: [11, 19, 19]
         BufferedRegion: 
           Dimension: 3
           Index: [0, 0, 0]
           Size: [11, 19, 19]
         RequestedRegion: 
           Dimension: 3
           Index: [0, 0, 0]
           Size: [11, 19, 19]
         Spacing: [24.75, 24.875, 24.875]
         Origin: [25.3184, 16.4665, -30.6256]
         Direction: 
-0.999859 -0.00845455 -0.014537
0.00386012 -0.956737 0.290928
-0.0163677 0.29083 0.956635

         IndexToPointMatrix: 
-24.7465 -0.210307 -0.361608
0.095538 -23.7988 7.23683
-0.405102 7.2344 23.7963

         PointToIndexMatrix: 
-0.0403983 0.000155965 -0.000661323
-0.000339882 -0.0384618 0.0116917
-0.000584402 0.0116956 0.0384577

         Inverse Direction: 
-0.999859 0.00386012 -0.0163678
-0.00845456 -0.956737 0.290831
-0.014537 0.290927 0.956635

         PixelContainer: 
           ImportImageContainer (0x562279f5a690)
             RTTI typeinfo:   itk::ImportImageContainer<unsigned long, itk::Vector<float, 1u> >
             Reference Count: 1
             Modified Time: 343561
             Debug: Off
             Object Name: 
             Observers: 
               none
             Pointer: 0x562278157590
             Container manages memory: true
             Size: 3971
             Capacity: 3971
Elapsed time: 301.32
All_Command_lines_OK
Using single precision for computations.
=============================================================================
The composite transform comprises the following transforms (in order): 
  1. Center of mass alignment using fixed image: /home/mpib/nemecz/Projects/miniTRK/Results/01_MRI/GroupTempl/T1w/T_template0.nii.gz and moving image: /home/mpib/nemecz/Projects/miniTRK/Analysis/01_MRI/Preproc/GroupTempl/T1w/sub-589611_T1w.nii.gz (type = Euler3DTransform)
=============================================================================
  number of levels = 4
  number of levels = 4
  number of levels = 4
  fixed image: /home/mpib/nemecz/Projects/miniTRK/Results/01_MRI/GroupTempl/T1w/T_template0.nii.gz
  moving image: /home/mpib/nemecz/Projects/miniTRK/Results/01_MRI/GroupTempl/T1w/T_template0sub-589611_T1wRepaired.nii.gz
  fixed image: /home/mpib/nemecz/Projects/miniTRK/Results/01_MRI/GroupTempl/T1w/T_template0.nii.gz
  moving image: /home/mpib/nemecz/Projects/miniTRK/Results/01_MRI/GroupTempl/T1w/T_template0sub-589611_T1wRepaired.nii.gz
  fixed image: /home/mpib/nemecz/Projects/miniTRK/Results/01_MRI/GroupTempl/T1w/T_template0.nii.gz
  moving image: /home/mpib/nemecz/Projects/miniTRK/Results/01_MRI/GroupTempl/T1w/T_template0sub-589611_T1wRepaired.nii.gz
Dimension = 3
Number of stages = 3
Use Histogram Matching true
Winsorize image intensities true
Lower quantile = 0.01
Upper quantile = 0.99
Stage 1 State
   Image metric = Mattes
     Fixed image = Image (0x56174e4d4ad0)
  RTTI typeinfo:   itk::Image<float, 3u>
  Reference Count: 2
  Modified Time: 1721
  Debug: Off
  Object Name: 
  Observers: 
    none
  Source: (none)
  Source output name: (none)
  Release Data: Off
  Data Released: False
  Global Release Data: Off
  PipelineMTime: 0
  UpdateMTime: 1506
  RealTimeStamp: 0 seconds 
  LargestPossibleRegion: 
    Dimension: 3
    Index: [0, 0, 0]
    Size: [192, 256, 256]
  BufferedRegion: 
    Dimension: 3
    Index: [0, 0, 0]
    Size: [192, 256, 256]
  RequestedRegion: 
    Dimension: 3
    Index: [0, 0, 0]
    Size: [192, 256, 256]
  Spacing: [1, 1, 1]
  Origin: [95.0313, 100.538, -154.123]
  Direction: 
-0.999853 -0.014134 -0.00966312
0.014129 -0.9999 0.000586045
-0.00967044 0.000449429 0.999953

  IndexToPointMatrix: 
-0.999853 -0.014134 -0.00966312
0.014129 -0.9999 0.000586045
-0.00967044 0.000449429 0.999953

  PointToIndexMatrix: 
-0.999853 0.014129 -0.00967044
-0.014134 -0.9999 0.000449429
-0.00966312 0.000586045 0.999953

  Inverse Direction: 
-0.999853 0.014129 -0.00967044
-0.014134 -0.9999 0.000449429
-0.00966312 0.000586045 0.999953

  PixelContainer: 
    ImportImageContainer (0x56174e4dcc80)
      RTTI typeinfo:   itk::ImportImageContainer<unsigned long, float>
      Reference Count: 1
      Modified Time: 1503
      Debug: Off
      Object Name: 
      Observers: 
        none
      Pointer: 0x7f12ff416010
      Container manages memory: true
      Size: 12582912
      Capacity: 12582912

     Moving image = Image (0x56174e4d5bc0)
  RTTI typeinfo:   itk::Image<float, 3u>
  Reference Count: 2
  Modified Time: 1722
  Debug: Off
  Object Name: 
  Observers: 
    none
  Source: (none)
  Source output name: (none)
  Release Data: Off
  Data Released: False
  Global Release Data: Off
  PipelineMTime: 0
  UpdateMTime: 1719
  RealTimeStamp: 0 seconds 
  LargestPossibleRegion: 
    Dimension: 3
    Index: [0, 0, 0]
    Size: [192, 256, 256]
  BufferedRegion: 
    Dimension: 3
    Index: [0, 0, 0]
    Size: [192, 256, 256]
  RequestedRegion: 
    Dimension: 3
    Index: [0, 0, 0]
    Size: [192, 256, 256]
  Spacing: [1, 1, 1]
  Origin: [98.7674, 49.8491, -175.216]
  Direction: 
-0.999859 -0.00845456 -0.014537
0.00386012 -0.956737 0.290928
-0.0163677 0.29083 0.956635

  IndexToPointMatrix: 
-0.999859 -0.00845456 -0.014537
0.00386012 -0.956737 0.290928
-0.0163677 0.29083 0.956635

  PointToIndexMatrix: 
-0.999859 0.00386012 -0.0163677
-0.00845456 -0.956737 0.29083
-0.014537 0.290928 0.956635

  Inverse Direction: 
-0.999859 0.00386012 -0.0163677
-0.00845456 -0.956737 0.29083
-0.014537 0.290928 0.956635

  PixelContainer: 
    ImportImageContainer (0x56174e4e1100)
      RTTI typeinfo:   itk::ImportImageContainer<unsigned long, float>
      Reference Count: 1
      Modified Time: 1716
      Debug: Off
      Object Name: 
      Observers: 
        none
      Pointer: 0x7f12fc415010
      Container manages memory: true
      Size: 12582912
      Capacity: 12582912

     Weighting = 1
     Sampling strategy = regular
     Number of bins = 32
     Radius = 4
     Sampling percentage  = 0.25
   Transform = Rigid
     Gradient step = 0.1
     Update field sigma (voxel space) = 0
     Total field sigma (voxel space) = 0
     Update field time sigma = 0
     Total field time sigma  = 0
     Number of time indices = 0
     Number of time point samples = 0
Stage 2 State
   Image metric = Mattes
     Fixed image = Image (0x56174e4ed870)
  RTTI typeinfo:   itk::Image<float, 3u>
  Reference Count: 2
  Modified Time: 2149
  Debug: Off
  Object Name: 
  Observers: 
    none
  Source: (none)
  Source output name: (none)
  Release Data: Off
  Data Released: False
  Global Release Data: Off
  PipelineMTime: 0
  UpdateMTime: 1934
  RealTimeStamp: 0 seconds 
  LargestPossibleRegion: 
    Dimension: 3
    Index: [0, 0, 0]
    Size: [192, 256, 256]
  BufferedRegion: 
    Dimension: 3
    Index: [0, 0, 0]
    Size: [192, 256, 256]
  RequestedRegion: 
    Dimension: 3
    Index: [0, 0, 0]
    Size: [192, 256, 256]
  Spacing: [1, 1, 1]
  Origin: [95.0313, 100.538, -154.123]
  Direction: 
-0.999853 -0.014134 -0.00966312
0.014129 -0.9999 0.000586045
-0.00967044 0.000449429 0.999953

  IndexToPointMatrix: 
-0.999853 -0.014134 -0.00966312
0.014129 -0.9999 0.000586045
-0.00967044 0.000449429 0.999953

  PointToIndexMatrix: 
-0.999853 0.014129 -0.00967044
-0.014134 -0.9999 0.000449429
-0.00966312 0.000586045 0.999953

  Inverse Direction: 
-0.999853 0.014129 -0.00967044
-0.014134 -0.9999 0.000449429
-0.00966312 0.000586045 0.999953

  PixelContainer: 
    ImportImageContainer (0x56174e4d86d0)
      RTTI typeinfo:   itk::ImportImageContainer<unsigned long, float>
      Reference Count: 1
      Modified Time: 1931
      Debug: Off
      Object Name: 
      Observers: 
        none
      Pointer: 0x7f12f9414010
      Container manages memory: true
      Size: 12582912
      Capacity: 12582912

     Moving image = Image (0x56174e4ed4c0)
  RTTI typeinfo:   itk::Image<float, 3u>
  Reference Count: 2
  Modified Time: 2150
  Debug: Off
  Object Name: 
  Observers: 
    none
  Source: (none)
  Source output name: (none)
  Release Data: Off
  Data Released: False
  Global Release Data: Off
  PipelineMTime: 0
  UpdateMTime: 2147
  RealTimeStamp: 0 seconds 
  LargestPossibleRegion: 
    Dimension: 3
    Index: [0, 0, 0]
    Size: [192, 256, 256]
  BufferedRegion: 
    Dimension: 3
    Index: [0, 0, 0]
    Size: [192, 256, 256]
  RequestedRegion: 
    Dimension: 3
    Index: [0, 0, 0]
    Size: [192, 256, 256]
  Spacing: [1, 1, 1]
  Origin: [98.7674, 49.8491, -175.216]
  Direction: 
-0.999859 -0.00845456 -0.014537
0.00386012 -0.956737 0.290928
-0.0163677 0.29083 0.956635

  IndexToPointMatrix: 
-0.999859 -0.00845456 -0.014537
0.00386012 -0.956737 0.290928
-0.0163677 0.29083 0.956635

  PointToIndexMatrix: 
-0.999859 0.00386012 -0.0163677
-0.00845456 -0.956737 0.29083
-0.014537 0.290928 0.956635

  Inverse Direction: 
-0.999859 0.00386012 -0.0163677
-0.00845456 -0.956737 0.29083
-0.014537 0.290928 0.956635

  PixelContainer: 
    ImportImageContainer (0x56174e4ee8c0)
      RTTI typeinfo:   itk::ImportImageContainer<unsigned long, float>
      Reference Count: 1
      Modified Time: 2144
      Debug: Off
      Object Name: 
      Observers: 
        none
      Pointer: 0x7f12f6413010
      Container manages memory: true
      Size: 12582912
      Capacity: 12582912

     Weighting = 1
     Sampling strategy = regular
     Number of bins = 32
     Radius = 4
     Sampling percentage  = 0.25
   Transform = Affine
     Gradient step = 0.1
     Update field sigma (voxel space) = 0
     Total field sigma (voxel space) = 0
     Update field time sigma = 0
     Total field time sigma  = 0
     Number of time indices = 0
     Number of time point samples = 0
Stage 3 State
   Image metric = CC
     Fixed image = Image (0x56174e4f4960)
  RTTI typeinfo:   itk::Image<float, 3u>
  Reference Count: 2
  Modified Time: 2577
  Debug: Off
  Object Name: 
  Observers: 
    none
  Source: (none)
  Source output name: (none)
  Release Data: Off
  Data Released: False
  Global Release Data: Off
  PipelineMTime: 0
  UpdateMTime: 2362
  RealTimeStamp: 0 seconds 
  LargestPossibleRegion: 
    Dimension: 3
    Index: [0, 0, 0]
    Size: [192, 256, 256]
  BufferedRegion: 
    Dimension: 3
    Index: [0, 0, 0]
    Size: [192, 256, 256]
  RequestedRegion: 
    Dimension: 3
    Index: [0, 0, 0]
    Size: [192, 256, 256]
  Spacing: [1, 1, 1]
  Origin: [95.0313, 100.538, -154.123]
  Direction: 
-0.999853 -0.014134 -0.00966312
0.014129 -0.9999 0.000586045
-0.00967044 0.000449429 0.999953

  IndexToPointMatrix: 
-0.999853 -0.014134 -0.00966312
0.014129 -0.9999 0.000586045
-0.00967044 0.000449429 0.999953

  PointToIndexMatrix: 
-0.999853 0.014129 -0.00967044
-0.014134 -0.9999 0.000449429
-0.00966312 0.000586045 0.999953

  Inverse Direction: 
-0.999853 0.014129 -0.00967044
-0.014134 -0.9999 0.000449429
-0.00966312 0.000586045 0.999953

  PixelContainer: 
    ImportImageContainer (0x56174e4d5660)
      RTTI typeinfo:   itk::ImportImageContainer<unsigned long, float>
      Reference Count: 1
      Modified Time: 2359
      Debug: Off
      Object Name: 
      Observers: 
        none
      Pointer: 0x7f12f3412010
      Container manages memory: true
      Size: 12582912
      Capacity: 12582912

     Moving image = Image (0x56174e4f6840)
  RTTI typeinfo:   itk::Image<float, 3u>
  Reference Count: 2
  Modified Time: 2578
  Debug: Off
  Object Name: 
  Observers: 
    none
  Source: (none)
  Source output name: (none)
  Release Data: Off
  Data Released: False
  Global Release Data: Off
  PipelineMTime: 0
  UpdateMTime: 2575
  RealTimeStamp: 0 seconds 
  LargestPossibleRegion: 
    Dimension: 3
    Index: [0, 0, 0]
    Size: [192, 256, 256]
  BufferedRegion: 
    Dimension: 3
    Index: [0, 0, 0]
    Size: [192, 256, 256]
  RequestedRegion: 
    Dimension: 3
    Index: [0, 0, 0]
    Size: [192, 256, 256]
  Spacing: [1, 1, 1]
  Origin: [98.7674, 49.8491, -175.216]
  Direction: 
-0.999859 -0.00845456 -0.014537
0.00386012 -0.956737 0.290928
-0.0163677 0.29083 0.956635

  IndexToPointMatrix: 
-0.999859 -0.00845456 -0.014537
0.00386012 -0.956737 0.290928
-0.0163677 0.29083 0.956635

  PointToIndexMatrix: 
-0.999859 0.00386012 -0.0163677
-0.00845456 -0.956737 0.29083
-0.014537 0.290928 0.956635

  Inverse Direction: 
-0.999859 0.00386012 -0.0163677
-0.00845456 -0.956737 0.29083
-0.014537 0.290928 0.956635

  PixelContainer: 
    ImportImageContainer (0x56174e4f3660)
      RTTI typeinfo:   itk::ImportImageContainer<unsigned long, float>
      Reference Count: 1
      Modified Time: 2572
      Debug: Off
      Object Name: 
      Observers: 
        none
      Pointer: 0x7f12f0411010
      Container manages memory: true
      Size: 12582912
      Capacity: 12582912

     Weighting = 1
     Sampling strategy = none
     Number of bins = 32
     Radius = 4
     Sampling percentage  = 1
   Transform = SyN
     Gradient step = 0.1
     Update field sigma (voxel space) = 3
     Total field sigma (voxel space) = 0
     Update field time sigma = 0
     Total field time sigma  = 0
     Number of time indices = 0
     Number of time point samples = 0
Registration using 3 total stages.

Stage 0
  iterations = 1000x500x250x0
  convergence threshold = 1e-06
  convergence window size = 10
  number of levels = 4
  using the Mattes MI metric (number of bins = 32, weight = 1)
  preprocessing:  winsorizing the image intensities
  preprocessing:  histogram matching the images
  Shrink factors (level 1 out of 4): [6, 6, 6]
  Shrink factors (level 2 out of 4): [4, 4, 4]
  Shrink factors (level 3 out of 4): [2, 2, 2]
  Shrink factors (level 4 out of 4): [1, 1, 1]
  smoothing sigmas per level: [4, 2, 1, 0]
  regular sampling (percentage = 0.25)

*** Running Euler3DTransform registration ***

DIAGNOSTIC,Iteration,metricValue,convergenceValue,ITERATION_TIME_INDEX,SINCE_LAST
 2DIAGNOSTIC,     1, -7.905443906784e-01, inf, 8.1044e-01, 8.1044e-01, 
 2DIAGNOSTIC,     2, -7.931277155876e-01, inf, 8.1838e-01, 7.9370e-03, 
 2DIAGNOSTIC,     3, -7.972989082336e-01, inf, 8.2618e-01, 7.8070e-03, 
 2DIAGNOSTIC,     4, -8.039608597755e-01, inf, 8.3438e-01, 8.1949e-03, 
 2DIAGNOSTIC,     5, -8.136783838272e-01, inf, 8.4282e-01, 8.4388e-03, 
 2DIAGNOSTIC,     6, -8.256447315216e-01, inf, 8.5151e-01, 8.6892e-03, 
 2DIAGNOSTIC,     7, -8.366666436195e-01, inf, 8.5992e-01, 8.4178e-03, 
 2DIAGNOSTIC,     8, -8.431196212769e-01, inf, 8.7039e-01, 1.0466e-02, 
 2DIAGNOSTIC,     9, -8.507767319679e-01, inf, 8.8898e-01, 1.8593e-02, 
 2DIAGNOSTIC,    10, -8.514289855957e-01, 5.567521322519e-03, 8.9710e-01, 8.1220e-03, 
 2DIAGNOSTIC,    11, -8.545704483986e-01, 4.932775627822e-03, 9.0561e-01, 8.5020e-03, 
 2DIAGNOSTIC,    12, -8.595259785652e-01, 4.178119823337e-03, 9.1460e-01, 8.9900e-03, 
 2DIAGNOSTIC,    13, -8.631674647331e-01, 3.368812613189e-03, 9.2409e-01, 9.4900e-03, 
 2DIAGNOSTIC,    14, -8.651123046875e-01, 2.581659937277e-03, 9.3618e-01, 1.2098e-02, 
 2DIAGNOSTIC,    15, -8.666262626648e-01, 1.921353396028e-03, 9.4541e-01, 9.2292e-03, 
 2DIAGNOSTIC,    16, -8.680088520050e-01, 1.451221527532e-03, 9.5401e-01, 8.5909e-03, 
 2DIAGNOSTIC,    17, -8.705615401268e-01, 1.172140124254e-03, 9.6464e-01, 1.0638e-02, 
 2DIAGNOSTIC,    18, -8.707432746887e-01, 9.367233724333e-04, 9.7547e-01, 1.0830e-02, 
 2DIAGNOSTIC,    19, -8.707655072212e-01, 7.786209462211e-04, 9.8498e-01, 9.5110e-03, 
 2DIAGNOSTIC,    20, -8.707567453384e-01, 5.761944921687e-04, 9.9423e-01, 9.2430e-03, 
 2DIAGNOSTIC,    21, -8.707495927811e-01, 3.887974307872e-04, 1.0035e+00, 9.3110e-03, 
 2DIAGNOSTIC,    22, -8.707605600357e-01, 2.570914512035e-04, 1.0129e+00, 9.3470e-03, 
 2DIAGNOSTIC,    23, -8.707242012024e-01, 1.654675434111e-04, 1.0213e+00, 8.3721e-03, 
 2DIAGNOSTIC,    24, -8.707373142242e-01, 9.387973113917e-05, 1.0306e+00, 9.3699e-03, 
 2DIAGNOSTIC,    25, -8.707520961761e-01, 3.987760646851e-05, 1.0398e+00, 9.1400e-03, 
 2DIAGNOSTIC,    26, -8.707707524300e-01, 3.617823267632e-06, 1.0489e+00, 9.1650e-03, 
 2DIAGNOSTIC,    27, -8.707584738731e-01, 1.265416472052e-06, 1.0571e+00, 8.2121e-03, 
 2DIAGNOSTIC,    28, -8.707687258720e-01, 1.374593239234e-06, 1.0681e+00, 1.0976e-02, 
 2DIAGNOSTIC,    29, -8.707548975945e-01, 1.553504375806e-06, 1.0772e+00, 9.0370e-03, 
 2DIAGNOSTIC,    30, -8.707363605499e-01, 1.372620431539e-06, 1.0850e+00, 7.8530e-03, 
 2DIAGNOSTIC,    31, -8.707395195961e-01, 1.129766474151e-06, 1.0932e+00, 8.1401e-03, 
DIAGNOSTIC,Iteration,metricValue,convergenceValue,ITERATION_TIME_INDEX,SINCE_LAST
 2DIAGNOSTIC,     1, -7.079731225967e-01, inf, 1.7792e+00, 6.8602e-01, 
 2DIAGNOSTIC,     2, -7.091026306152e-01, inf, 1.8099e+00, 3.0696e-02, 
 2DIAGNOSTIC,     3, -7.102982997894e-01, inf, 1.8419e+00, 3.2007e-02, 
 2DIAGNOSTIC,     4, -7.113852500916e-01, inf, 1.8725e+00, 3.0646e-02, 
 2DIAGNOSTIC,     5, -7.120165824890e-01, inf, 1.9017e+00, 2.9138e-02, 
 2DIAGNOSTIC,     6, -7.124467492104e-01, inf, 1.9303e+00, 2.8691e-02, 
 2DIAGNOSTIC,     7, -7.130265831947e-01, inf, 1.9619e+00, 3.1502e-02, 
 2DIAGNOSTIC,     8, -7.136023640633e-01, inf, 1.9975e+00, 3.5618e-02, 
 2DIAGNOSTIC,     9, -7.137315273285e-01, inf, 2.0404e+00, 4.2884e-02, 
 2DIAGNOSTIC,    10, -7.138265967369e-01, 5.244700005278e-04, 2.0718e+00, 3.1454e-02, 
 2DIAGNOSTIC,    11, -7.138854861259e-01, 3.784626314882e-04, 2.1088e+00, 3.6972e-02, 
 2DIAGNOSTIC,    12, -7.139191031456e-01, 2.611069940031e-04, 2.1410e+00, 3.2233e-02, 
 2DIAGNOSTIC,    13, -7.139567732811e-01, 1.755263219820e-04, 2.1837e+00, 4.2642e-02, 
 2DIAGNOSTIC,    14, -7.139489650726e-01, 1.170100949821e-04, 2.2189e+00, 3.5290e-02, 
 2DIAGNOSTIC,    15, -7.139638662338e-01, 7.310375804082e-05, 2.2678e+00, 4.8859e-02, 
 2DIAGNOSTIC,    16, -7.139626741409e-01, 3.865868711728e-05, 2.3048e+00, 3.6981e-02, 
 2DIAGNOSTIC,    17, -7.139601111412e-01, 1.810639514588e-05, 2.3375e+00, 3.2760e-02, 
 2DIAGNOSTIC,    18, -7.139652967453e-01, 1.116799194278e-05, 2.3887e+00, 5.1169e-02, 
 2DIAGNOSTIC,    19, -7.139645814896e-01, 6.749608473910e-06, 2.4251e+00, 3.6393e-02, 
 2DIAGNOSTIC,    20, -7.139611244202e-01, 4.111860107514e-06, 2.4590e+00, 3.3901e-02, 
 2DIAGNOSTIC,    21, -7.139621376991e-01, 2.618993676151e-06, 2.4912e+00, 3.2179e-02, 
 2DIAGNOSTIC,    22, -7.139578461647e-01, 1.672677512943e-06, 2.5238e+00, 3.2606e-02, 
 2DIAGNOSTIC,    23, -7.139548659325e-01, 1.395676576976e-06, 2.5539e+00, 3.0080e-02, 
 2DIAGNOSTIC,    24, -7.139558196068e-01, 1.019831870508e-06, 2.5900e+00, 3.6168e-02, 
DIAGNOSTIC,Iteration,metricValue,convergenceValue,ITERATION_TIME_INDEX,SINCE_LAST
 2DIAGNOSTIC,     1, -6.414787769318e-01, inf, 3.8658e+00, 1.2758e+00, 
 2DIAGNOSTIC,     2, -6.416670084000e-01, inf, 4.0902e+00, 2.2445e-01, 
 2DIAGNOSTIC,     3, -6.418435573578e-01, inf, 4.3062e+00, 2.1595e-01, 
 2DIAGNOSTIC,     4, -6.419776082039e-01, inf, 4.5304e+00, 2.2416e-01, 
 2DIAGNOSTIC,     5, -6.421311497688e-01, inf, 4.7617e+00, 2.3138e-01, 
 2DIAGNOSTIC,     6, -6.422715783119e-01, inf, 5.0748e+00, 3.1304e-01, 
 2DIAGNOSTIC,     7, -6.423432826996e-01, inf, 5.3230e+00, 2.4824e-01, 
 2DIAGNOSTIC,     8, -6.423512101173e-01, inf, 5.5720e+00, 2.4898e-01, 
 2DIAGNOSTIC,     9, -6.423898935318e-01, inf, 5.8165e+00, 2.4452e-01, 
 2DIAGNOSTIC,    10, -6.425338983536e-01, 1.021954740281e-04, 6.0344e+00, 2.1788e-01, 
 2DIAGNOSTIC,    11, -6.425327062607e-01, 7.824800559320e-05, 6.2604e+00, 2.2603e-01, 
 2DIAGNOSTIC,    12, -6.425451636314e-01, 5.892788976780e-05, 6.5858e+00, 3.2541e-01, 
 2DIAGNOSTIC,    13, -6.425473690033e-01, 4.364474443719e-05, 6.8420e+00, 2.5612e-01, 
 2DIAGNOSTIC,    14, -6.425453424454e-01, 3.089233359788e-05, 7.1329e+00, 2.9096e-01, 
 2DIAGNOSTIC,    15, -6.425454020500e-01, 2.160304575227e-05, 7.4244e+00, 2.9149e-01, 
 2DIAGNOSTIC,    16, -6.425458788872e-01, 1.553378751851e-05, 7.6804e+00, 2.5594e-01, 
 2DIAGNOSTIC,    17, -6.425461173058e-01, 1.086516385840e-05, 7.9266e+00, 2.4622e-01, 
 2DIAGNOSTIC,    18, -6.425464749336e-01, 6.101417056925e-06, 8.2047e+00, 2.7809e-01, 
 2DIAGNOSTIC,    19, -6.425473690033e-01, 2.268255911986e-06, 8.4532e+00, 2.4854e-01, 
 2DIAGNOSTIC,    20, -6.425472497940e-01, 1.951279728019e-06, 8.7622e+00, 3.0896e-01, 
 2DIAGNOSTIC,    21, -6.425473690033e-01, 1.600903374310e-06, 9.1091e+00, 3.4696e-01, 
 2DIAGNOSTIC,    22, -6.425473690033e-01, 1.523241508039e-06, 9.3973e+00, 2.8820e-01, 
 2DIAGNOSTIC,    23, -6.425472497940e-01, 1.486347969148e-06, 9.6843e+00, 2.8702e-01, 
 2DIAGNOSTIC,    24, -6.425473093987e-01, 1.406574369867e-06, 9.9394e+00, 2.5502e-01, 
 2DIAGNOSTIC,    25, -6.425470113754e-01, 1.321205104432e-06, 1.0194e+01, 2.5414e-01, 
 2DIAGNOSTIC,    26, -6.425471305847e-01, 1.248293074241e-06, 1.0446e+01, 2.5212e-01, 
 2DIAGNOSTIC,    27, -6.425469517708e-01, 1.179330070045e-06, 1.0696e+01, 2.5052e-01, 
 2DIAGNOSTIC,    28, -6.425468921661e-01, 1.119578200814e-06, 1.0950e+01, 2.5355e-01, 
 2DIAGNOSTIC,    29, -6.425467729568e-01, 1.077459273802e-06, 1.1200e+01, 2.5060e-01, 
 2DIAGNOSTIC,    30, -6.425468325615e-01, 1.039114408741e-06, 1.1506e+01, 3.0611e-01, 
 2DIAGNOSTIC,    31, -6.425466537476e-01, 1.004356704470e-06, 1.1758e+01, 2.5177e-01, 
DIAGNOSTIC,Iteration,metricValue,convergenceValue,ITERATION_TIME_INDEX,SINCE_LAST
 2DIAGNOSTIC,     1, -5.908563733101e-01, inf, 1.4254e+01, 2.4956e+00, 
  Elapsed time (stage 0): 1.5527e+01


Stage 1
  iterations = 1000x500x250x0
  convergence threshold = 1.0000e-06
  convergence window size = 10
  number of levels = 4
  using the Mattes MI metric (number of bins = 32, weight = 1.0000e+00)
  preprocessing:  winsorizing the image intensities
  preprocessing:  histogram matching the images
  Shrink factors (level 1 out of 4): [6, 6, 6]
  Shrink factors (level 2 out of 4): [4, 4, 4]
  Shrink factors (level 3 out of 4): [2, 2, 2]
  Shrink factors (level 4 out of 4): [1, 1, 1]
  smoothing sigmas per level: [4, 2, 1, 0]
  regular sampling (percentage = 2.5000e-01)

*** Running AffineTransform registration ***

DIAGNOSTIC,Iteration,metricValue,convergenceValue,ITERATION_TIME_INDEX,SINCE_LAST
 2DIAGNOSTIC,     1, -8.567644953728e-01, inf, 7.8099e-01, 7.8099e-01, 
 2DIAGNOSTIC,     2, -8.594332933426e-01, inf, 7.9001e-01, 9.0258e-03, 
 2DIAGNOSTIC,     3, -8.639153838158e-01, inf, 7.9897e-01, 8.9531e-03, 
 2DIAGNOSTIC,     4, -8.712760806084e-01, inf, 8.0797e-01, 8.9989e-03, 
 2DIAGNOSTIC,     5, -8.824545741081e-01, inf, 8.1702e-01, 9.0511e-03, 
 2DIAGNOSTIC,     6, -8.994181752205e-01, inf, 8.2608e-01, 9.0661e-03, 
 2DIAGNOSTIC,     7, -9.247087240219e-01, inf, 8.3526e-01, 9.1801e-03, 
 2DIAGNOSTIC,     8, -9.535988569260e-01, inf, 8.4577e-01, 1.0508e-02, 
 2DIAGNOSTIC,     9, -9.827199578285e-01, inf, 8.6121e-01, 1.5435e-02, 
 2DIAGNOSTIC,    10, -9.833784699440e-01, 1.017954386771e-02, 8.6996e-01, 8.7540e-03, 
 2DIAGNOSTIC,    11, -9.854038357735e-01, 9.774249047041e-03, 8.7839e-01, 8.4310e-03, 
 2DIAGNOSTIC,    12, -9.886611700058e-01, 8.719773031771e-03, 8.8681e-01, 8.4159e-03, 
 2DIAGNOSTIC,    13, -9.911983609200e-01, 7.207022979856e-03, 8.9552e-01, 8.7092e-03, 
 2DIAGNOSTIC,    14, -9.936498999596e-01, 5.479489918798e-03, 9.0760e-01, 1.2081e-02, 
 2DIAGNOSTIC,    15, -9.940546751022e-01, 3.736930666491e-03, 9.1830e-01, 1.0705e-02, 
 2DIAGNOSTIC,    16, -9.939821958542e-01, 2.205390483141e-03, 9.2878e-01, 1.0473e-02, 
 2DIAGNOSTIC,    17, -9.939982295036e-01, 1.102052046917e-03, 9.3843e-01, 9.6581e-03, 
 2DIAGNOSTIC,    18, -9.940258860588e-01, 4.951677401550e-04, 9.4996e-01, 1.1529e-02, 
 2DIAGNOSTIC,    19, -9.940140247345e-01, 3.692182945088e-04, 9.5951e-01, 9.5448e-03, 
 2DIAGNOSTIC,    20, -9.940127730370e-01, 2.323307562619e-04, 9.6904e-01, 9.5370e-03, 
 2DIAGNOSTIC,    21, -9.939991235733e-01, 1.158829400083e-04, 9.7880e-01, 9.7601e-03, 
 2DIAGNOSTIC,    22, -9.939581751823e-01, 4.287290357752e-05, 9.8832e-01, 9.5131e-03, 
 2DIAGNOSTIC,    23, -9.939630031586e-01, 4.612736120180e-06, 9.9775e-01, 9.4340e-03, 
DIAGNOSTIC,Iteration,metricValue,convergenceValue,ITERATION_TIME_INDEX,SINCE_LAST
 2DIAGNOSTIC,     1, -8.151648640633e-01, inf, 1.6987e+00, 7.0093e-01, 
 2DIAGNOSTIC,     2, -8.156358599663e-01, inf, 1.7319e+00, 3.3262e-02, 
 2DIAGNOSTIC,     3, -8.159665465355e-01, inf, 1.7625e+00, 3.0554e-02, 
 2DIAGNOSTIC,     4, -8.163197040558e-01, inf, 1.7935e+00, 3.1026e-02, 
 2DIAGNOSTIC,     5, -8.167902231216e-01, inf, 1.8245e+00, 3.0962e-02, 
 2DIAGNOSTIC,     6, -8.170055150986e-01, inf, 1.8589e+00, 3.4431e-02, 
 2DIAGNOSTIC,     7, -8.174968361855e-01, inf, 1.9265e+00, 6.7541e-02, 
 2DIAGNOSTIC,     8, -8.174875974655e-01, inf, 1.9687e+00, 4.2234e-02, 
 2DIAGNOSTIC,     9, -8.174865245819e-01, inf, 2.0011e+00, 3.2406e-02, 
 2DIAGNOSTIC,    10, -8.174837827682e-01, 1.976713247132e-04, 2.0339e+00, 3.2787e-02, 
 2DIAGNOSTIC,    11, -8.174818754196e-01, 1.420035259798e-04, 2.0729e+00, 3.8999e-02, 
 2DIAGNOSTIC,    12, -8.174695372581e-01, 9.625675738789e-05, 2.1075e+00, 3.4581e-02, 
 2DIAGNOSTIC,    13, -8.174644112587e-01, 5.775254612672e-05, 2.1380e+00, 3.0530e-02, 
 2DIAGNOSTIC,    14, -8.174598217010e-01, 2.832101927197e-05, 2.1667e+00, 2.8715e-02, 
 2DIAGNOSTIC,    15, -8.174566030502e-01, 1.126537335949e-05, 2.1964e+00, 2.9728e-02, 
DIAGNOSTIC,Iteration,metricValue,convergenceValue,ITERATION_TIME_INDEX,SINCE_LAST
 2DIAGNOSTIC,     1, -7.098820209503e-01, inf, 3.3600e+00, 1.1635e+00, 
 2DIAGNOSTIC,     2, -7.104023098946e-01, inf, 3.6013e+00, 2.4131e-01, 
 2DIAGNOSTIC,     3, -7.109690904617e-01, inf, 3.8783e+00, 2.7702e-01, 
 2DIAGNOSTIC,     4, -7.111005187035e-01, inf, 4.1758e+00, 2.9752e-01, 
 2DIAGNOSTIC,     5, -7.111026644707e-01, inf, 4.4757e+00, 2.9990e-01, 
 2DIAGNOSTIC,     6, -7.111014127731e-01, inf, 4.8983e+00, 4.2253e-01, 
 2DIAGNOSTIC,     7, -7.111002802849e-01, inf, 5.1331e+00, 2.3488e-01, 
 2DIAGNOSTIC,     8, -7.110996246338e-01, inf, 5.4339e+00, 3.0078e-01, 
 2DIAGNOSTIC,     9, -7.110999822617e-01, inf, 5.7754e+00, 3.4151e-01, 
 2DIAGNOSTIC,    10, -7.110996246338e-01, 7.987723802216e-05, 6.0793e+00, 3.0391e-01, 
 2DIAGNOSTIC,    11, -7.110993266106e-01, 3.229674257454e-05, 6.3553e+00, 2.7602e-01, 
 2DIAGNOSTIC,    12, -7.110984325409e-01, 6.828756340838e-06, 6.6183e+00, 2.6292e-01, 
 2DIAGNOSTIC,    13, -7.110989093781e-01, 2.231647385997e-06, 6.8878e+00, 2.6956e-01, 
 2DIAGNOSTIC,    14, -7.110992074013e-01, 2.068733238048e-06, 7.1617e+00, 2.7388e-01, 
 2DIAGNOSTIC,    15, -7.110998630524e-01, 2.020814690695e-06, 7.3964e+00, 2.3469e-01, 
 2DIAGNOSTIC,    16, -7.110986709595e-01, 1.927843868543e-06, 7.6365e+00, 2.4008e-01, 
 2DIAGNOSTIC,    17, -7.110981941223e-01, 1.815398945837e-06, 7.9054e+00, 2.6897e-01, 
 2DIAGNOSTIC,    18, -7.110987305641e-01, 1.717644295240e-06, 8.1758e+00, 2.7032e-01, 
 2DIAGNOSTIC,    19, -7.110983133316e-01, 1.632332896406e-06, 8.4415e+00, 2.6577e-01, 
 2DIAGNOSTIC,    20, -7.110983729362e-01, 1.553681158839e-06, 8.7162e+00, 2.7469e-01, 
 2DIAGNOSTIC,    21, -7.110982537270e-01, 1.479128172832e-06, 8.9834e+00, 2.6721e-01, 
 2DIAGNOSTIC,    22, -7.110975980759e-01, 1.386695657857e-06, 9.3566e+00, 3.7318e-01, 
 2DIAGNOSTIC,    23, -7.110976576805e-01, 1.317052010563e-06, 9.6293e+00, 2.7265e-01, 
 2DIAGNOSTIC,    24, -7.110976576805e-01, 1.263583385480e-06, 9.9906e+00, 3.6135e-01, 
 2DIAGNOSTIC,    25, -7.110977172852e-01, 1.232100885318e-06, 1.0284e+01, 2.9380e-01, 
 2DIAGNOSTIC,    26, -7.110977172852e-01, 1.188776082017e-06, 1.0550e+01, 2.6574e-01, 
 2DIAGNOSTIC,    27, -7.110976576805e-01, 1.143888198385e-06, 1.0823e+01, 2.7333e-01, 
 2DIAGNOSTIC,    28, -7.110975384712e-01, 1.111618416871e-06, 1.1094e+01, 2.7080e-01, 
 2DIAGNOSTIC,    29, -7.110975384712e-01, 1.077983597497e-06, 1.1364e+01, 2.6998e-01, 
 2DIAGNOSTIC,    30, -7.110975384712e-01, 1.049091338245e-06, 1.1639e+01, 2.7477e-01, 
 2DIAGNOSTIC,    31, -7.110975384712e-01, 1.021826165015e-06, 1.1905e+01, 2.6616e-01, 
DIAGNOSTIC,Iteration,metricValue,convergenceValue,ITERATION_TIME_INDEX,SINCE_LAST
 2DIAGNOSTIC,     1, -6.362383961678e-01, inf, 1.4530e+01, 2.6250e+00, 
  Elapsed time (stage 1): 1.5778e+01


Stage 2
  iterations = 100x100x70x20
  convergence threshold = 1.0000e-09
  convergence window size = 10
  number of levels = 4
  using the CC metric (radius = 4, weight = 1.0000e+00)
  preprocessing:  winsorizing the image intensities
  preprocessing:  histogram matching the images
  Shrink factors (level 1 out of 4): [6, 6, 6]
  Shrink factors (level 2 out of 4): [4, 4, 4]
  Shrink factors (level 3 out of 4): [2, 2, 2]
  Shrink factors (level 4 out of 4): [1, 1, 1]
  smoothing sigmas per level: [3, 2, 1, 0]
  Using default NONE metricSamplingStrategy 

*** Running SyN registration (varianceForUpdateField = 3.0000e+00, varianceForTotalField = 0.0000e+00) ***

XXDIAGNOSTIC,Iteration,metricValue,convergenceValue,ITERATION_TIME_INDEX,SINCE_LAST
 1DIAGNOSTIC,     1, -8.519374728203e-01, inf, 1.4960e+00, 1.4960e+00, 
 1DIAGNOSTIC,     2, -8.584367036819e-01, inf, 2.2863e+00, 7.9024e-01, 
 1DIAGNOSTIC,     3, -8.654279708862e-01, inf, 3.0726e+00, 7.8635e-01, 
 1DIAGNOSTIC,     4, -8.708712458611e-01, inf, 3.8469e+00, 7.7431e-01, 
 1DIAGNOSTIC,     5, -8.755606412888e-01, inf, 4.6418e+00, 7.9488e-01, 
 1DIAGNOSTIC,     6, -8.796235322952e-01, inf, 5.4149e+00, 7.7309e-01, 
 1DIAGNOSTIC,     7, -8.828507065773e-01, inf, 6.1858e+00, 7.7095e-01, 
 1DIAGNOSTIC,     8, -8.856496810913e-01, inf, 6.9720e+00, 7.8620e-01, 
 1DIAGNOSTIC,     9, -8.881543874741e-01, inf, 7.7579e+00, 7.8590e-01, 
 1DIAGNOSTIC,    10, -8.903527259827e-01, 2.759192138910e-03, 8.5499e+00, 7.9194e-01, 
 1DIAGNOSTIC,    11, -8.923906087875e-01, 2.157966373488e-03, 9.3497e+00, 7.9985e-01, 
 1DIAGNOSTIC,    12, -8.939532041550e-01, 1.679442939349e-03, 1.0147e+01, 7.9769e-01, 
 1DIAGNOSTIC,    13, -8.952962160110e-01, 1.329537248239e-03, 1.0909e+01, 7.6195e-01, 
 1DIAGNOSTIC,    14, -8.964494466782e-01, 1.060237758793e-03, 1.1702e+01, 7.9296e-01, 
 1DIAGNOSTIC,    15, -8.974467515945e-01, 8.514792425558e-04, 1.2503e+01, 8.0108e-01, 
 1DIAGNOSTIC,    16, -8.983438014984e-01, 6.900421576574e-04, 1.3290e+01, 7.8674e-01, 
 1DIAGNOSTIC,    17, -8.991178870201e-01, 5.594072863460e-04, 1.4082e+01, 7.9201e-01, 
 1DIAGNOSTIC,    18, -8.998154401779e-01, 4.537569475360e-04, 1.4861e+01, 7.7834e-01, 
 1DIAGNOSTIC,    19, -9.004654884338e-01, 3.702232497744e-04, 1.5666e+01, 8.0590e-01, 
 1DIAGNOSTIC,    20, -9.009507894516e-01, 3.033519606106e-04, 1.6463e+01, 7.9660e-01, 
 1DIAGNOSTIC,    21, -9.015113115311e-01, 2.541075227782e-04, 1.7267e+01, 8.0353e-01, 
 1DIAGNOSTIC,    22, -9.019187688828e-01, 2.141231525457e-04, 1.8060e+01, 7.9336e-01, 
 1DIAGNOSTIC,    23, -9.024254679680e-01, 1.832304551499e-04, 1.8858e+01, 7.9768e-01, 
 1DIAGNOSTIC,    24, -9.028259515762e-01, 1.583364210092e-04, 1.9641e+01, 7.8341e-01, 
 1DIAGNOSTIC,    25, -9.032421112061e-01, 1.385855430271e-04, 2.0442e+01, 8.0126e-01, 
 1DIAGNOSTIC,    26, -9.036198854446e-01, 1.229461049661e-04, 2.1239e+01, 7.9659e-01, 
 1DIAGNOSTIC,    27, -9.039540290833e-01, 1.099538712879e-04, 2.2016e+01, 7.7672e-01, 
 1DIAGNOSTIC,    28, -9.043056368828e-01, 9.944841440301e-05, 2.2786e+01, 7.7071e-01, 
 1DIAGNOSTIC,    29, -9.045912623405e-01, 9.056850831257e-05, 2.3558e+01, 7.7149e-01, 
 1DIAGNOSTIC,    30, -9.048670530319e-01, 8.179790165741e-05, 2.4347e+01, 7.8913e-01, 
 1DIAGNOSTIC,    31, -9.051594734192e-01, 7.465486123692e-05, 2.5141e+01, 7.9363e-01, 
 1DIAGNOSTIC,    32, -9.053456783295e-01, 6.678167119389e-05, 2.5902e+01, 7.6158e-01, 
 1DIAGNOSTIC,    33, -9.055684804916e-01, 6.013374877512e-05, 2.6697e+01, 7.9472e-01, 
 1DIAGNOSTIC,    34, -9.058710336685e-01, 5.476580190589e-05, 2.7473e+01, 7.7621e-01, 
 1DIAGNOSTIC,    35, -9.060844182968e-01, 5.021744436817e-05, 2.8273e+01, 7.9950e-01, 
 1DIAGNOSTIC,    36, -9.062708020210e-01, 4.616497244569e-05, 2.9065e+01, 7.9247e-01, 
 1DIAGNOSTIC,    37, -9.064698219299e-01, 4.256231477484e-05, 2.9852e+01, 7.8731e-01, 
 1DIAGNOSTIC,    38, -9.066538810730e-01, 3.961203401559e-05, 3.0649e+01, 7.9649e-01, 
 1DIAGNOSTIC,    39, -9.068484306335e-01, 3.696617204696e-05, 3.1430e+01, 7.8165e-01, 
 1DIAGNOSTIC,    40, -9.070608019829e-01, 3.481814928818e-05, 3.2219e+01, 7.8891e-01, 
 1DIAGNOSTIC,    41, -9.072425961494e-01, 3.317679147585e-05, 3.2969e+01, 7.4940e-01, 
 1DIAGNOSTIC,    42, -9.073790311813e-01, 3.093283885391e-05, 3.3762e+01, 7.9364e-01, 
 1DIAGNOSTIC,    43, -9.075334072113e-01, 2.865114583983e-05, 3.4538e+01, 7.7603e-01, 
 1DIAGNOSTIC,    44, -9.076641201973e-01, 2.689191023819e-05, 3.5338e+01, 7.9972e-01, 
 1DIAGNOSTIC,    45, -9.077761173248e-01, 2.496960769349e-05, 3.6130e+01, 7.9197e-01, 
 1DIAGNOSTIC,    46, -9.078991413116e-01, 2.291645978403e-05, 3.6908e+01, 7.7777e-01, 
 1DIAGNOSTIC,    47, -9.080097675323e-01, 2.089142071782e-05, 3.7681e+01, 7.7288e-01, 
 1DIAGNOSTIC,    48, -9.081420302391e-01, 1.908047852339e-05, 3.8482e+01, 8.0162e-01, 
 1DIAGNOSTIC,    49, -9.082442522049e-01, 1.746372799971e-05, 3.9281e+01, 7.9857e-01, 
 1DIAGNOSTIC,    50, -9.083508253098e-01, 1.629899816180e-05, 4.0073e+01, 7.9172e-01, 
 1DIAGNOSTIC,    51, -9.084533452988e-01, 1.542809513921e-05, 4.0864e+01, 7.9153e-01, 
 1DIAGNOSTIC,    52, -9.085404872894e-01, 1.450872878195e-05, 4.1651e+01, 7.8697e-01, 
 1DIAGNOSTIC,    53, -9.086451530457e-01, 1.382006666972e-05, 4.2414e+01, 7.6324e-01, 
 1DIAGNOSTIC,    54, -9.087250232697e-01, 1.310563675361e-05, 4.3189e+01, 7.7433e-01, 
 1DIAGNOSTIC,    55, -9.088005423546e-01, 1.228153087141e-05, 4.3982e+01, 7.9370e-01, 
 1DIAGNOSTIC,    56, -9.087942838669e-01, 1.101233374357e-05, 4.4770e+01, 7.8724e-01, 
 1DIAGNOSTIC,    57, -9.089057445526e-01, 1.001284181257e-05, 4.5594e+01, 8.2436e-01, 
 1DIAGNOSTIC,    58, -9.089699387550e-01, 9.186386705551e-06, 4.6386e+01, 7.9214e-01, 
 1DIAGNOSTIC,    59, -9.090330004692e-01, 8.427229658992e-06, 4.7178e+01, 7.9131e-01, 
 1DIAGNOSTIC,    60, -9.091442823410e-01, 8.077523489192e-06, 4.7960e+01, 7.8232e-01, 
 1DIAGNOSTIC,    61, -9.092512726784e-01, 8.088730282907e-06, 4.8757e+01, 7.9736e-01, 
 1DIAGNOSTIC,    62, -9.093022346497e-01, 8.057003469730e-06, 4.9560e+01, 8.0252e-01, 
 1DIAGNOSTIC,    63, -9.093556404114e-01, 8.084971341304e-06, 5.0345e+01, 7.8551e-01, 
 1DIAGNOSTIC,    64, -9.094658493996e-01, 8.313812941196e-06, 5.1133e+01, 7.8792e-01, 
 1DIAGNOSTIC,    65, -9.095162153244e-01, 8.386665285798e-06, 5.1905e+01, 7.7231e-01, 
 1DIAGNOSTIC,    66, -9.095631837845e-01, 7.877149982960e-06, 5.2678e+01, 7.7250e-01, 
 1DIAGNOSTIC,    67, -9.096065759659e-01, 7.401796210615e-06, 5.3474e+01, 7.9616e-01, 
 1DIAGNOSTIC,    68, -9.096498489380e-01, 6.771686003049e-06, 5.4266e+01, 7.9180e-01, 
 1DIAGNOSTIC,    69, -9.096932411194e-01, 6.024561116647e-06, 5.5039e+01, 7.7337e-01, 
 1DIAGNOSTIC,    70, -9.097588062286e-01, 5.546168267756e-06, 5.5823e+01, 7.8388e-01, 
 1DIAGNOSTIC,    71, -9.097994565964e-01, 5.242963652563e-06, 5.6634e+01, 8.1119e-01, 
 1DIAGNOSTIC,    72, -9.098359346390e-01, 4.868622454524e-06, 5.7427e+01, 7.9308e-01, 
 1DIAGNOSTIC,    73, -9.098674058914e-01, 4.434503352968e-06, 5.8199e+01, 7.7123e-01, 
 1DIAGNOSTIC,    74, -9.099012613297e-01, 4.235764208715e-06, 5.8998e+01, 7.9959e-01, 
 1DIAGNOSTIC,    75, -9.100014567375e-01, 4.301752142055e-06, 5.9786e+01, 7.8824e-01, 
 1DIAGNOSTIC,    76, -9.100301861763e-01, 4.293437086744e-06, 6.0586e+01, 7.9954e-01, 
 1DIAGNOSTIC,    77, -9.100812077522e-01, 4.299659394746e-06, 6.1386e+01, 7.9950e-01, 
 1DIAGNOSTIC,    78, -9.101253747940e-01, 4.283764155844e-06, 6.2178e+01, 7.9207e-01, 
 1DIAGNOSTIC,    79, -9.101545214653e-01, 4.175464709988e-06, 6.2949e+01, 7.7169e-01, 
 1DIAGNOSTIC,    80, -9.102281928062e-01, 4.247761353326e-06, 6.3730e+01, 7.8103e-01, 
 1DIAGNOSTIC,    81, -9.102560281754e-01, 4.204416200082e-06, 6.4501e+01, 7.7044e-01, 
 1DIAGNOSTIC,    82, -9.102827310562e-01, 4.039059604111e-06, 6.5253e+01, 7.5234e-01, 
 1DIAGNOSTIC,    83, -9.103076457977e-01, 3.740811735042e-06, 6.6023e+01, 7.6997e-01, 
 1DIAGNOSTIC,    84, -9.102369546890e-01, 2.977878693855e-06, 6.6813e+01, 7.9021e-01, 
 1DIAGNOSTIC,    85, -9.102550745010e-01, 2.427080062262e-06, 6.7615e+01, 8.0139e-01, 
 1DIAGNOSTIC,    86, -9.102878570557e-01, 1.907922978717e-06, 6.8371e+01, 7.5621e-01, 
 1DIAGNOSTIC,    87, -9.103104472160e-01, 1.510646939096e-06, 6.9177e+01, 8.0568e-01, 
 1DIAGNOSTIC,    88, -9.103299379349e-01, 1.240788378709e-06, 6.9961e+01, 7.8485e-01, 
 1DIAGNOSTIC,    89, -9.103501439095e-01, 1.066587174137e-06, 7.0757e+01, 7.9596e-01, 
 1DIAGNOSTIC,    90, -9.103658795357e-01, 1.139865275945e-06, 7.1536e+01, 7.7900e-01, 
 1DIAGNOSTIC,    91, -9.103839993477e-01, 1.286970814363e-06, 7.2330e+01, 7.9384e-01, 
 1DIAGNOSTIC,    92, -9.104017019272e-01, 1.485973825766e-06, 7.3122e+01, 7.9135e-01, 
 1DIAGNOSTIC,    93, -9.104523658752e-01, 1.833916485339e-06, 7.3892e+01, 7.7012e-01, 
 1DIAGNOSTIC,    94, -9.104644060135e-01, 1.830092628552e-06, 7.4653e+01, 7.6147e-01, 
 1DIAGNOSTIC,    95, -9.104852080345e-01, 1.810434696381e-06, 7.5432e+01, 7.7933e-01, 
 1DIAGNOSTIC,    96, -9.104997515678e-01, 1.803219788599e-06, 7.6221e+01, 7.8886e-01, 
 1DIAGNOSTIC,    97, -9.105143547058e-01, 1.772617565621e-06, 7.6996e+01, 7.7501e-01, 
 1DIAGNOSTIC,    98, -9.105280041695e-01, 1.706278226266e-06, 7.7797e+01, 8.0060e-01, 
 1DIAGNOSTIC,    99, -9.105783700943e-01, 1.730655185384e-06, 7.8597e+01, 8.0041e-01, 
 1DIAGNOSTIC,   100, -9.105910062790e-01, 1.704470605546e-06, 7.9376e+01, 7.7893e-01, 
XXDIAGNOSTIC,Iteration,metricValue,convergenceValue,ITERATION_TIME_INDEX,SINCE_LAST
 1DIAGNOSTIC,     1, -8.321185112000e-01, inf, 8.2651e+01, 3.2750e+00, 
 1DIAGNOSTIC,     2, -8.334529399872e-01, inf, 8.5100e+01, 2.4485e+00, 
 1DIAGNOSTIC,     3, -8.349245190620e-01, inf, 8.7517e+01, 2.4169e+00, 
 1DIAGNOSTIC,     4, -8.361272215843e-01, inf, 8.9963e+01, 2.4460e+00, 
 1DIAGNOSTIC,     5, -8.371798396111e-01, inf, 9.2435e+01, 2.4720e+00, 
 1DIAGNOSTIC,     6, -8.381263613701e-01, inf, 9.5070e+01, 2.6348e+00, 
 1DIAGNOSTIC,     7, -8.389393687248e-01, inf, 9.7584e+01, 2.5140e+00, 
 1DIAGNOSTIC,     8, -8.397269248962e-01, inf, 1.0007e+02, 2.4880e+00, 
 1DIAGNOSTIC,     9, -8.403992056847e-01, inf, 1.0254e+02, 2.4673e+00, 
 1DIAGNOSTIC,    10, -8.410162329674e-01, 6.755845388398e-04, 1.0506e+02, 2.5188e+00, 
 1DIAGNOSTIC,    11, -8.414771556854e-01, 5.479265819304e-04, 1.0758e+02, 2.5207e+00, 
 1DIAGNOSTIC,    12, -8.419172167778e-01, 4.422001366038e-04, 1.1012e+02, 2.5375e+00, 
 1DIAGNOSTIC,    13, -8.423519730568e-01, 3.622628573794e-04, 1.1267e+02, 2.5531e+00, 
 1DIAGNOSTIC,    14, -8.427383899689e-01, 2.990605426021e-04, 1.1517e+02, 2.5052e+00, 
 1DIAGNOSTIC,    15, -8.430531024933e-01, 2.477130328771e-04, 1.1767e+02, 2.4968e+00, 
 1DIAGNOSTIC,    16, -8.433864116669e-01, 2.071347553283e-04, 1.2021e+02, 2.5347e+00, 
 1DIAGNOSTIC,    17, -8.436863422394e-01, 1.743429456837e-04, 1.2269e+02, 2.4863e+00, 
 1DIAGNOSTIC,    18, -8.439693450928e-01, 1.491450238973e-04, 1.2521e+02, 2.5190e+00, 
 1DIAGNOSTIC,    19, -8.442397713661e-01, 1.295084948651e-04, 1.2771e+02, 2.5012e+00, 
 1DIAGNOSTIC,    20, -8.444929122925e-01, 1.145463538705e-04, 1.3025e+02, 2.5422e+00, 
 1DIAGNOSTIC,    21, -8.447243571281e-01, 1.015106172417e-04, 1.3278e+02, 2.5264e+00, 
 1DIAGNOSTIC,    22, -8.449159264565e-01, 8.989679918159e-05, 1.3525e+02, 2.4680e+00, 
 1DIAGNOSTIC,    23, -8.451437950134e-01, 8.065443398664e-05, 1.3776e+02, 2.5086e+00, 
 1DIAGNOSTIC,    24, -8.453552722931e-01, 7.307541090995e-05, 1.4028e+02, 2.5264e+00, 
 1DIAGNOSTIC,    25, -8.455288410187e-01, 6.586525705643e-05, 1.4278e+02, 2.4940e+00, 
 1DIAGNOSTIC,    26, -8.457033038139e-01, 5.967021206743e-05, 1.4531e+02, 2.5322e+00, 
 1DIAGNOSTIC,    27, -8.458704352379e-01, 5.421047535492e-05, 1.4780e+02, 2.4882e+00, 
 1DIAGNOSTIC,    28, -8.460205793381e-01, 4.929137139698e-05, 1.5034e+02, 2.5440e+00, 
 1DIAGNOSTIC,    29, -8.461377620697e-01, 4.461070057005e-05, 1.5286e+02, 2.5219e+00, 
 1DIAGNOSTIC,    30, -8.462773561478e-01, 4.050626375829e-05, 1.5531e+02, 2.4487e+00, 
 1DIAGNOSTIC,    31, -8.463642597198e-01, 3.636103792815e-05, 1.5780e+02, 2.4860e+00, 
 1DIAGNOSTIC,    32, -8.465023040771e-01, 3.256136551499e-05, 1.6031e+02, 2.5154e+00, 
 1DIAGNOSTIC,    33, -8.465873599052e-01, 2.914429933298e-05, 1.6282e+02, 2.5065e+00, 
 1DIAGNOSTIC,    34, -8.467147350311e-01, 2.659102392499e-05, 1.6530e+02, 2.4843e+00, 
 1DIAGNOSTIC,    35, -8.468395471573e-01, 2.458382186887e-05, 1.6786e+02, 2.5515e+00, 
 1DIAGNOSTIC,    36, -8.469270467758e-01, 2.285225309606e-05, 1.7035e+02, 2.4908e+00, 
 1DIAGNOSTIC,    37, -8.470294475555e-01, 2.155796573788e-05, 1.7286e+02, 2.5103e+00, 
 1DIAGNOSTIC,    38, -8.471294045448e-01, 2.055787626887e-05, 1.7537e+02, 2.5082e+00, 
 1DIAGNOSTIC,    39, -8.472208976746e-01, 1.950087062141e-05, 1.7787e+02, 2.5037e+00, 
 1DIAGNOSTIC,    40, -8.472939133644e-01, 1.848939791671e-05, 1.8036e+02, 2.4889e+00, 
 1DIAGNOSTIC,    41, -8.473864793777e-01, 1.729379619064e-05, 1.8285e+02, 2.4908e+00, 
 1DIAGNOSTIC,    42, -8.474687337875e-01, 1.633353531361e-05, 1.8534e+02, 2.4864e+00, 
 1DIAGNOSTIC,    43, -8.475618362427e-01, 1.530153167550e-05, 1.8792e+02, 2.5798e+00, 
 1DIAGNOSTIC,    44, -8.476197719574e-01, 1.431945293007e-05, 1.9049e+02, 2.5726e+00, 
 1DIAGNOSTIC,    45, -8.477021455765e-01, 1.362653438264e-05, 1.9297e+02, 2.4854e+00, 
 1DIAGNOSTIC,    46, -8.477682471275e-01, 1.283428082388e-05, 1.9546e+02, 2.4836e+00, 
 1DIAGNOSTIC,    47, -8.478348255157e-01, 1.210599111801e-05, 1.9802e+02, 2.5589e+00, 
 1DIAGNOSTIC,    48, -8.478940129280e-01, 1.141575194197e-05, 2.0051e+02, 2.4919e+00, 
 1DIAGNOSTIC,    49, -8.479601144791e-01, 1.079937010218e-05, 2.0303e+02, 2.5222e+00, 
 1DIAGNOSTIC,    50, -8.479964137077e-01, 9.957170732378e-06, 2.0556e+02, 2.5251e+00, 
 1DIAGNOSTIC,    51, -8.480529785156e-01, 9.230889190803e-06, 2.0802e+02, 2.4682e+00, 
 1DIAGNOSTIC,    52, -8.481059670448e-01, 8.567760232836e-06, 2.1054e+02, 2.5133e+00, 
 1DIAGNOSTIC,    53, -8.481786847115e-01, 8.211235581257e-06, 2.1306e+02, 2.5199e+00, 
 1DIAGNOSTIC,    54, -8.481916785240e-01, 7.564293355244e-06, 2.1557e+02, 2.5156e+00, 
 1DIAGNOSTIC,    55, -8.482520580292e-01, 7.145939434849e-06, 2.1816e+02, 2.5904e+00, 
 1DIAGNOSTIC,    56, -8.482983112335e-01, 6.776351710869e-06, 2.2069e+02, 2.5286e+00, 
 1DIAGNOSTIC,    57, -8.483412861824e-01, 6.457964900619e-06, 2.2322e+02, 2.5324e+00, 
 1DIAGNOSTIC,    58, -8.483975529671e-01, 6.243650659599e-06, 2.2571e+02, 2.4833e+00, 
 1DIAGNOSTIC,    59, -8.484280109406e-01, 6.036743343429e-06, 2.2827e+02, 2.5652e+00, 
 1DIAGNOSTIC,    60, -8.484762310982e-01, 5.779152161267e-06, 2.3079e+02, 2.5205e+00, 
 1DIAGNOSTIC,    61, -8.485182523727e-01, 5.559604232985e-06, 2.3330e+02, 2.5050e+00, 
 1DIAGNOSTIC,    62, -8.485698103905e-01, 5.417933152785e-06, 2.3583e+02, 2.5293e+00, 
 1DIAGNOSTIC,    63, -8.486124873161e-01, 5.423351012723e-06, 2.3835e+02, 2.5193e+00, 
 1DIAGNOSTIC,    64, -8.486540913582e-01, 5.235362550593e-06, 2.4086e+02, 2.5129e+00, 
 1DIAGNOSTIC,    65, -8.486241102219e-01, 4.750153493660e-06, 2.4336e+02, 2.5014e+00, 
 1DIAGNOSTIC,    66, -8.486549258232e-01, 4.266805717634e-06, 2.4587e+02, 2.5135e+00, 
 1DIAGNOSTIC,    67, -8.487028479576e-01, 3.878558800352e-06, 2.4837e+02, 2.4942e+00, 
 1DIAGNOSTIC,    68, -8.487052917480e-01, 3.453546241872e-06, 2.5088e+02, 2.5147e+00, 
 1DIAGNOSTIC,    69, -8.487399220467e-01, 3.071537094002e-06, 2.5341e+02, 2.5321e+00, 
 1DIAGNOSTIC,    70, -8.487749695778e-01, 2.849698375940e-06, 2.5593e+02, 2.5167e+00, 
 1DIAGNOSTIC,    71, -8.488149642944e-01, 2.784951902868e-06, 2.5841e+02, 2.4745e+00, 
 1DIAGNOSTIC,    72, -8.488469123840e-01, 2.875920245060e-06, 2.6091e+02, 2.5033e+00, 
 1DIAGNOSTIC,    73, -8.488867282867e-01, 3.103765948254e-06, 2.6342e+02, 2.5081e+00, 
 1DIAGNOSTIC,    74, -8.489361405373e-01, 3.486963350952e-06, 2.6592e+02, 2.5010e+00, 
 1DIAGNOSTIC,    75, -8.489749431610e-01, 3.597612021622e-06, 2.6841e+02, 2.4958e+00, 
 1DIAGNOSTIC,    76, -8.490039110184e-01, 3.656605485958e-06, 2.7092e+02, 2.5019e+00, 
 1DIAGNOSTIC,    77, -8.490330576897e-01, 3.740277634279e-06, 2.7343e+02, 2.5142e+00, 
 1DIAGNOSTIC,    78, -8.490750193596e-01, 3.688780225275e-06, 2.7598e+02, 2.5450e+00, 
 1DIAGNOSTIC,    79, -8.491061329842e-01, 3.595130920075e-06, 2.7851e+02, 2.5338e+00, 
 1DIAGNOSTIC,    80, -8.491356968880e-01, 3.462934273557e-06, 2.8102e+02, 2.5145e+00, 
 1DIAGNOSTIC,    81, -8.491572737694e-01, 3.292788278486e-06, 2.8355e+02, 2.5237e+00, 
 1DIAGNOSTIC,    82, -8.491840362549e-01, 3.085572870987e-06, 2.8605e+02, 2.5021e+00, 
 1DIAGNOSTIC,    83, -8.492117524147e-01, 2.890385758292e-06, 2.8857e+02, 2.5210e+00, 
 1DIAGNOSTIC,    84, -8.492455482483e-01, 2.785687229334e-06, 2.9108e+02, 2.5116e+00, 
 1DIAGNOSTIC,    85, -8.492673635483e-01, 2.687797859835e-06, 2.9359e+02, 2.5059e+00, 
 1DIAGNOSTIC,    86, -8.492959737778e-01, 2.592938017187e-06, 2.9608e+02, 2.4891e+00, 
 1DIAGNOSTIC,    87, -8.493304252625e-01, 2.527202923375e-06, 2.9858e+02, 2.4986e+00, 
 1DIAGNOSTIC,    88, -8.493530750275e-01, 2.496256229279e-06, 3.0108e+02, 2.5051e+00, 
 1DIAGNOSTIC,    89, -8.494021892548e-01, 2.559908807598e-06, 3.0359e+02, 2.5086e+00, 
 1DIAGNOSTIC,    90, -8.494248390198e-01, 2.600294919830e-06, 3.0610e+02, 2.5098e+00, 
 1DIAGNOSTIC,    91, -8.493850827217e-01, 2.354507159907e-06, 3.0862e+02, 2.5174e+00, 
 1DIAGNOSTIC,    92, -8.494156599045e-01, 2.134673877663e-06, 3.1112e+02, 2.5032e+00, 
 1DIAGNOSTIC,    93, -8.493933677673e-01, 1.759272095114e-06, 3.1364e+02, 2.5248e+00, 
 1DIAGNOSTIC,    94, -8.494231104851e-01, 1.480564833400e-06, 3.1621e+02, 2.5703e+00, 
 1DIAGNOSTIC,    95, -8.494422435760e-01, 1.238272602677e-06, 3.1877e+02, 2.5520e+00, 
 1DIAGNOSTIC,    96, -8.494690060616e-01, 1.107412117562e-06, 3.2128e+02, 2.5114e+00, 
 1DIAGNOSTIC,    97, -8.494976758957e-01, 1.122679236687e-06, 3.2382e+02, 2.5461e+00, 
 1DIAGNOSTIC,    98, -8.495345115662e-01, 1.258370502910e-06, 3.2629e+02, 2.4696e+00, 
 1DIAGNOSTIC,    99, -8.495499491692e-01, 1.515213170933e-06, 3.2880e+02, 2.5096e+00, 
 1DIAGNOSTIC,   100, -8.495625257492e-01, 1.773294457053e-06, 3.3132e+02, 2.5119e+00, 
XXDIAGNOSTIC,Iteration,metricValue,convergenceValue,ITERATION_TIME_INDEX,SINCE_LAST
 1DIAGNOSTIC,     1, -7.363781929016e-01, inf, 3.5283e+02, 2.1516e+01, 
 1DIAGNOSTIC,     2, -7.388915419579e-01, inf, 3.7330e+02, 2.0464e+01, 
 1DIAGNOSTIC,     3, -7.415175437927e-01, inf, 3.9375e+02, 2.0451e+01, 
 1DIAGNOSTIC,     4, -7.440397739410e-01, inf, 4.1404e+02, 2.0297e+01, 
 1DIAGNOSTIC,     5, -7.463498711586e-01, inf, 4.3439e+02, 2.0344e+01, 
 1DIAGNOSTIC,     6, -7.484421730042e-01, inf, 4.5497e+02, 2.0586e+01, 
 1DIAGNOSTIC,     7, -7.503306269646e-01, inf, 4.7553e+02, 2.0557e+01, 
 1DIAGNOSTIC,     8, -7.520720362663e-01, inf, 4.9618e+02, 2.0643e+01, 
 1DIAGNOSTIC,     9, -7.536482810974e-01, inf, 5.1664e+02, 2.0461e+01, 
 1DIAGNOSTIC,    10, -7.549655437469e-01, 1.608413644135e-03, 5.3727e+02, 2.0631e+01, 
 1DIAGNOSTIC,    11, -7.562611103058e-01, 1.345591037534e-03, 5.5803e+02, 2.0760e+01, 
 1DIAGNOSTIC,    12, -7.573823332787e-01, 1.120118424296e-03, 5.7832e+02, 2.0296e+01, 
 1DIAGNOSTIC,    13, -7.583836317062e-01, 9.332965710200e-04, 5.9883e+02, 2.0506e+01, 
 1DIAGNOSTIC,    14, -7.593810558319e-01, 7.830727263354e-04, 6.1943e+02, 2.0601e+01, 
 1DIAGNOSTIC,    15, -7.601962089539e-01, 6.597377941944e-04, 6.4002e+02, 2.0596e+01, 
 1DIAGNOSTIC,    16, -7.609684467316e-01, 5.586637998931e-04, 6.6059e+02, 2.0565e+01, 
 1DIAGNOSTIC,    17, -7.616820931435e-01, 4.755243135151e-04, 6.8145e+02, 2.0864e+01, 
 1DIAGNOSTIC,    18, -7.623836398125e-01, 4.086135595571e-04, 7.0194e+02, 2.0491e+01, 
 1DIAGNOSTIC,    19, -7.629777193069e-01, 3.537395095918e-04, 7.2251e+02, 2.0570e+01, 
 1DIAGNOSTIC,    20, -7.636110782623e-01, 3.080419264734e-04, 7.4315e+02, 2.0639e+01, 
 1DIAGNOSTIC,    21, -7.641397118568e-01, 2.705619262997e-04, 7.6392e+02, 2.0765e+01, 
 1DIAGNOSTIC,    22, -7.646570205688e-01, 2.391565358266e-04, 7.8459e+02, 2.0670e+01, 
 1DIAGNOSTIC,    23, -7.651798725128e-01, 2.128880441887e-04, 8.0521e+02, 2.0626e+01, 
 1DIAGNOSTIC,    24, -7.656136155128e-01, 1.911795989145e-04, 8.2563e+02, 2.0417e+01, 
 1DIAGNOSTIC,    25, -7.660814523697e-01, 1.724865287542e-04, 8.4845e+02, 2.2821e+01, 
 1DIAGNOSTIC,    26, -7.664648294449e-01, 1.556384231662e-04, 8.6925e+02, 2.0802e+01, 
 1DIAGNOSTIC,    27, -7.668642401695e-01, 1.408122770954e-04, 8.8989e+02, 2.0631e+01, 
 1DIAGNOSTIC,    28, -7.672240734100e-01, 1.279600401176e-04, 9.1040e+02, 2.0516e+01, 
 1DIAGNOSTIC,    29, -7.675461173058e-01, 1.157117658295e-04, 9.3121e+02, 2.0807e+01, 
 1DIAGNOSTIC,    30, -7.680652141571e-01, 1.077444030670e-04, 9.5164e+02, 2.0431e+01, 
 1DIAGNOSTIC,    31, -7.683583498001e-01, 9.994513675338e-05, 9.7236e+02, 2.0719e+01, 
 1DIAGNOSTIC,    32, -7.686257362366e-01, 9.235993638868e-05, 9.9296e+02, 2.0603e+01, 
 1DIAGNOSTIC,    33, -7.689106464386e-01, 8.569067722419e-05, 1.0134e+03, 2.0451e+01, 
 1DIAGNOSTIC,    34, -7.691857218742e-01, 7.906171958894e-05, 1.0341e+03, 2.0642e+01, 
 1DIAGNOSTIC,    35, -7.694404721260e-01, 7.300110155484e-05, 1.0548e+03, 2.0732e+01, 
 1DIAGNOSTIC,    36, -7.696940898895e-01, 6.695454794681e-05, 1.0753e+03, 2.0537e+01, 
 1DIAGNOSTIC,    37, -7.699159979820e-01, 6.119039608166e-05, 1.0960e+03, 2.0711e+01, 
 1DIAGNOSTIC,    38, -7.701566219330e-01, 5.585686449194e-05, 1.1169e+03, 2.0820e+01, 
 1DIAGNOSTIC,    39, -7.703903913498e-01, 5.075387161924e-05, 1.1375e+03, 2.0665e+01, 
 1DIAGNOSTIC,    40, -7.705749273300e-01, 4.765606354340e-05, 1.1581e+03, 2.0543e+01, 
 1DIAGNOSTIC,    41, -7.707797884941e-01, 4.473846274777e-05, 1.1786e+03, 2.0539e+01, 
 1DIAGNOSTIC,    42, -7.709975242615e-01, 4.202400668873e-05, 1.1993e+03, 2.0674e+01, 
 1DIAGNOSTIC,    43, -7.711534500122e-01, 3.926092540496e-05, 1.2201e+03, 2.0783e+01, 
 1DIAGNOSTIC,    44, -7.713689208031e-01, 3.706510688062e-05, 1.2404e+03, 2.0348e+01, 
 1DIAGNOSTIC,    45, -7.715297937393e-01, 3.488836227916e-05, 1.2612e+03, 2.0769e+01, 
 1DIAGNOSTIC,    46, -7.716816663742e-01, 3.279269731138e-05, 1.2817e+03, 2.0481e+01, 
 1DIAGNOSTIC,    47, -7.718553543091e-01, 3.081422619289e-05, 1.3026e+03, 2.0957e+01, 
 1DIAGNOSTIC,    48, -7.720263004303e-01, 2.918428981502e-05, 1.3233e+03, 2.0669e+01, 
 1DIAGNOSTIC,    49, -7.721818089485e-01, 2.781705006782e-05, 1.3442e+03, 2.0915e+01, 
 1DIAGNOSTIC,    50, -7.722954154015e-01, 2.609123112052e-05, 1.3647e+03, 2.0551e+01, 
 1DIAGNOSTIC,    51, -7.724516391754e-01, 2.460734503984e-05, 1.3852e+03, 2.0409e+01, 
 1DIAGNOSTIC,    52, -7.725987434387e-01, 2.346584369661e-05, 1.4057e+03, 2.0569e+01, 
 1DIAGNOSTIC,    53, -7.727340459824e-01, 2.217677683802e-05, 1.4262e+03, 2.0475e+01, 
 1DIAGNOSTIC,    54, -7.728674411774e-01, 2.124826642103e-05, 1.4468e+03, 2.0558e+01, 
 1DIAGNOSTIC,    55, -7.730162143707e-01, 2.045001201623e-05, 1.4674e+03, 2.0653e+01, 
 1DIAGNOSTIC,    56, -7.731604576111e-01, 1.971030178538e-05, 1.4882e+03, 2.0812e+01, 
 1DIAGNOSTIC,    57, -7.732681632042e-01, 1.896248431876e-05, 1.5089e+03, 2.0673e+01, 
 1DIAGNOSTIC,    58, -7.733674049377e-01, 1.818695091060e-05, 1.5294e+03, 2.0515e+01, 
 1DIAGNOSTIC,    59, -7.735004425049e-01, 1.755183620844e-05, 1.5501e+03, 2.0730e+01, 
 1DIAGNOSTIC,    60, -7.736093997955e-01, 1.665113995841e-05, 1.5707e+03, 2.0549e+01, 
 1DIAGNOSTIC,    61, -7.737126350403e-01, 1.578838055138e-05, 1.5914e+03, 2.0704e+01, 
 1DIAGNOSTIC,    62, -7.738071084023e-01, 1.492090996180e-05, 1.6122e+03, 2.0757e+01, 
 1DIAGNOSTIC,    63, -7.739004492760e-01, 1.403202713846e-05, 1.6330e+03, 2.0813e+01, 
 1DIAGNOSTIC,    64, -7.739578485489e-01, 1.295571291848e-05, 1.6535e+03, 2.0532e+01, 
 1DIAGNOSTIC,    65, -7.740619182587e-01, 1.214164058183e-05, 1.6746e+03, 2.1138e+01, 
 1DIAGNOSTIC,    66, -7.741527557373e-01, 1.153644461738e-05, 1.6954e+03, 2.0767e+01, 
 1DIAGNOSTIC,    67, -7.742341756821e-01, 1.092076854547e-05, 1.7160e+03, 2.0574e+01, 
 1DIAGNOSTIC,    68, -7.743136286736e-01, 1.027908729156e-05, 1.7367e+03, 2.0692e+01, 
 1DIAGNOSTIC,    69, -7.744095921516e-01, 9.932765351550e-06, 1.7573e+03, 2.0672e+01, 
 1DIAGNOSTIC,    70, -7.744561433792e-01, 9.491889613855e-06, 1.7780e+03, 2.0627e+01, 
XXDIAGNOSTIC,Iteration,metricValue,convergenceValue,ITERATION_TIME_INDEX,SINCE_LAST
 1DIAGNOSTIC,     1, -4.985962808132e-01, inf, 1.9489e+03, 1.7097e+02, 
 1DIAGNOSTIC,     2, -4.999180436134e-01, inf, 2.1177e+03, 1.6881e+02, 
 1DIAGNOSTIC,     3, -5.015724301338e-01, inf, 2.2846e+03, 1.6686e+02, 
 1DIAGNOSTIC,     4, -5.032973885536e-01, inf, 2.4523e+03, 1.6775e+02, 
 1DIAGNOSTIC,     5, -5.051177144051e-01, inf, 2.6204e+03, 1.6807e+02, 
 1DIAGNOSTIC,     6, -5.068250298500e-01, inf, 2.7885e+03, 1.6812e+02, 
 1DIAGNOSTIC,     7, -5.084687471390e-01, inf, 2.9566e+03, 1.6803e+02, 
 1DIAGNOSTIC,     8, -5.100261569023e-01, inf, 3.1238e+03, 1.6727e+02, 
 1DIAGNOSTIC,     9, -5.116139054298e-01, inf, 3.2929e+03, 1.6904e+02, 
 1DIAGNOSTIC,    10, -5.130805373192e-01, 1.876009628177e-03, 3.4616e+03, 1.6871e+02, 
 1DIAGNOSTIC,    11, -5.144718885422e-01, 1.686311908998e-03, 3.6290e+03, 1.6745e+02, 
 1DIAGNOSTIC,    12, -5.155962705612e-01, 1.490310765803e-03, 3.7977e+03, 1.6866e+02, 
 1DIAGNOSTIC,    13, -5.166310071945e-01, 1.305007957853e-03, 3.9666e+03, 1.6887e+02, 
 1DIAGNOSTIC,    14, -5.175824165344e-01, 1.133627141826e-03, 4.1346e+03, 1.6803e+02, 
 1DIAGNOSTIC,    15, -5.183070302010e-01, 9.755329811014e-04, 4.3027e+03, 1.6808e+02, 
 1DIAGNOSTIC,    16, -5.189887285233e-01, 8.305269293487e-04, 4.4707e+03, 1.6799e+02, 
 1DIAGNOSTIC,    17, -5.196080803871e-01, 6.999082979746e-04, 4.6383e+03, 1.6762e+02, 
 1DIAGNOSTIC,    18, -5.201821923256e-01, 5.845730192959e-04, 4.8065e+03, 1.6818e+02, 
 1DIAGNOSTIC,    19, -5.207318067551e-01, 4.892928991467e-04, 4.9717e+03, 1.6519e+02, 
 1DIAGNOSTIC,    20, -5.212477445602e-01, 4.126940621063e-04, 5.1347e+03, 1.6305e+02, 
  Elapsed time (stage 2): 5137


Total elapsed time: 5168
Using single precision for computations.
Input scalar image: /home/mpib/nemecz/Projects/miniTRK/Results/01_MRI/GroupTempl/T1w/T_template0sub-589611_T1wRepaired.nii.gz
Reference image: /home/mpib/nemecz/Projects/miniTRK/Results/01_MRI/GroupTempl/T1w/T_template0.nii.gz
=============================================================================
The composite transform comprises the following transforms (in order): 
  1. /home/mpib/nemecz/Projects/miniTRK/Results/01_MRI/GroupTempl/T1w/T_sub-589611_T1w200GenericAffine.mat (type = AffineTransform)
  2. /home/mpib/nemecz/Projects/miniTRK/Results/01_MRI/GroupTempl/T1w/T_sub-589611_T1w201Warp.nii.gz (type = DisplacementFieldTransform)
=============================================================================
Default pixel value: 0
Interpolation type: LinearInterpolateImageFunction
Output warped image: /home/mpib/nemecz/Projects/miniTRK/Results/01_MRI/GroupTempl/T1w/T_template0sub-589611_T1w20WarpedToTemplate.nii.gz
