
Running N4 for 3-dimensional images.

Mask not read.  Using the entire image as the mask.

Original intensity range:  [0, 852]

***********************************************************
Warning:  Your input image contains nonpositive values
which could cause failure or problematic results.  A
possible workaround would be to:
   1. rescale your image to positive values e.g., [10,100].
   2. run N4 on your rescaled image.
   3. (optional) rescale the N4 output to the original
      intensity range.
***********************************************************

Specified spline distance: 200mm
  original image size:  [192, 256, 256]
  padded image size:  [201, 401, 401]
  number of control points:  [4, 5, 5]

Current level = 1
  Iteration 1 (of 50).   Current convergence value = 9.09026e-05 (threshold = 1e-08)
  Iteration 2 (of 50).   Current convergence value = 7.92897e-05 (threshold = 1e-08)
  Iteration 3 (of 50).   Current convergence value = 7.54977e-05 (threshold = 1e-08)
  Iteration 4 (of 50).   Current convergence value = 7.88917e-05 (threshold = 1e-08)
  Iteration 5 (of 50).   Current convergence value = 8.11736e-05 (threshold = 1e-08)
  Iteration 6 (of 50).   Current convergence value = 8.16262e-05 (threshold = 1e-08)
  Iteration 7 (of 50).   Current convergence value = 8.1763e-05 (threshold = 1e-08)
  Iteration 8 (of 50).   Current convergence value = 8.20395e-05 (threshold = 1e-08)
  Iteration 9 (of 50).   Current convergence value = 8.1898e-05 (threshold = 1e-08)
  Iteration 10 (of 50).   Current convergence value = 8.15023e-05 (threshold = 1e-08)
  Iteration 11 (of 50).   Current convergence value = 8.06477e-05 (threshold = 1e-08)
  Iteration 12 (of 50).   Current convergence value = 7.97429e-05 (threshold = 1e-08)
  Iteration 13 (of 50).   Current convergence value = 7.88742e-05 (threshold = 1e-08)
  Iteration 14 (of 50).   Current convergence value = 7.78737e-05 (threshold = 1e-08)
  Iteration 15 (of 50).   Current convergence value = 7.68768e-05 (threshold = 1e-08)
  Iteration 16 (of 50).   Current convergence value = 7.56809e-05 (threshold = 1e-08)
  Iteration 17 (of 50).   Current convergence value = 7.45963e-05 (threshold = 1e-08)
  Iteration 18 (of 50).   Current convergence value = 7.33346e-05 (threshold = 1e-08)
  Iteration 19 (of 50).   Current convergence value = 7.19742e-05 (threshold = 1e-08)
  Iteration 20 (of 50).   Current convergence value = 7.07887e-05 (threshold = 1e-08)
  Iteration 21 (of 50).   Current convergence value = 6.95496e-05 (threshold = 1e-08)
  Iteration 22 (of 50).   Current convergence value = 6.82528e-05 (threshold = 1e-08)
  Iteration 23 (of 50).   Current convergence value = 6.68114e-05 (threshold = 1e-08)
  Iteration 24 (of 50).   Current convergence value = 6.56123e-05 (threshold = 1e-08)
  Iteration 25 (of 50).   Current convergence value = 6.43757e-05 (threshold = 1e-08)
  Iteration 26 (of 50).   Current convergence value = 6.31557e-05 (threshold = 1e-08)
  Iteration 27 (of 50).   Current convergence value = 6.20255e-05 (threshold = 1e-08)
  Iteration 28 (of 50).   Current convergence value = 6.10065e-05 (threshold = 1e-08)
  Iteration 29 (of 50).   Current convergence value = 5.98465e-05 (threshold = 1e-08)
  Iteration 30 (of 50).   Current convergence value = 5.88012e-05 (threshold = 1e-08)
  Iteration 31 (of 50).   Current convergence value = 5.77529e-05 (threshold = 1e-08)
  Iteration 32 (of 50).   Current convergence value = 5.67102e-05 (threshold = 1e-08)
  Iteration 33 (of 50).   Current convergence value = 5.57718e-05 (threshold = 1e-08)
  Iteration 34 (of 50).   Current convergence value = 5.48575e-05 (threshold = 1e-08)
  Iteration 35 (of 50).   Current convergence value = 5.41928e-05 (threshold = 1e-08)
  Iteration 36 (of 50).   Current convergence value = 5.35279e-05 (threshold = 1e-08)
  Iteration 37 (of 50).   Current convergence value = 5.27732e-05 (threshold = 1e-08)
  Iteration 38 (of 50).   Current convergence value = 5.19319e-05 (threshold = 1e-08)
  Iteration 39 (of 50).   Current convergence value = 5.12634e-05 (threshold = 1e-08)
  Iteration 40 (of 50).   Current convergence value = 5.06416e-05 (threshold = 1e-08)
  Iteration 41 (of 50).   Current convergence value = 4.99706e-05 (threshold = 1e-08)
  Iteration 42 (of 50).   Current convergence value = 4.94515e-05 (threshold = 1e-08)
  Iteration 43 (of 50).   Current convergence value = 4.88098e-05 (threshold = 1e-08)
  Iteration 44 (of 50).   Current convergence value = 4.81389e-05 (threshold = 1e-08)
  Iteration 45 (of 50).   Current convergence value = 4.74104e-05 (threshold = 1e-08)
  Iteration 46 (of 50).   Current convergence value = 4.67768e-05 (threshold = 1e-08)
  Iteration 47 (of 50).   Current convergence value = 4.62396e-05 (threshold = 1e-08)
  Iteration 48 (of 50).   Current convergence value = 4.55882e-05 (threshold = 1e-08)
  Iteration 49 (of 50).   Current convergence value = 4.51426e-05 (threshold = 1e-08)
  Iteration 50 (of 50).   Current convergence value = 4.46709e-05 (threshold = 1e-08)
Current level = 2
  Iteration 1 (of 50).   Current convergence value = 0.00026699 (threshold = 1e-08)
  Iteration 2 (of 50).   Current convergence value = 0.000210247 (threshold = 1e-08)
  Iteration 3 (of 50).   Current convergence value = 0.000175063 (threshold = 1e-08)
  Iteration 4 (of 50).   Current convergence value = 0.000153177 (threshold = 1e-08)
  Iteration 5 (of 50).   Current convergence value = 0.000142068 (threshold = 1e-08)
  Iteration 6 (of 50).   Current convergence value = 0.000139659 (threshold = 1e-08)
  Iteration 7 (of 50).   Current convergence value = 0.000125145 (threshold = 1e-08)
  Iteration 8 (of 50).   Current convergence value = 0.000111761 (threshold = 1e-08)
  Iteration 9 (of 50).   Current convergence value = 9.9158e-05 (threshold = 1e-08)
  Iteration 10 (of 50).   Current convergence value = 8.80451e-05 (threshold = 1e-08)
  Iteration 11 (of 50).   Current convergence value = 7.82763e-05 (threshold = 1e-08)
  Iteration 12 (of 50).   Current convergence value = 7.52512e-05 (threshold = 1e-08)
  Iteration 13 (of 50).   Current convergence value = 7.63317e-05 (threshold = 1e-08)
  Iteration 14 (of 50).   Current convergence value = 7.78737e-05 (threshold = 1e-08)
  Iteration 15 (of 50).   Current convergence value = 7.98704e-05 (threshold = 1e-08)
  Iteration 16 (of 50).   Current convergence value = 8.19385e-05 (threshold = 1e-08)
  Iteration 17 (of 50).   Current convergence value = 8.36965e-05 (threshold = 1e-08)
  Iteration 18 (of 50).   Current convergence value = 8.54809e-05 (threshold = 1e-08)
  Iteration 19 (of 50).   Current convergence value = 8.69055e-05 (threshold = 1e-08)
  Iteration 20 (of 50).   Current convergence value = 8.83131e-05 (threshold = 1e-08)
  Iteration 21 (of 50).   Current convergence value = 8.938e-05 (threshold = 1e-08)
  Iteration 22 (of 50).   Current convergence value = 9.02351e-05 (threshold = 1e-08)
  Iteration 23 (of 50).   Current convergence value = 9.09562e-05 (threshold = 1e-08)
  Iteration 24 (of 50).   Current convergence value = 9.14026e-05 (threshold = 1e-08)
  Iteration 25 (of 50).   Current convergence value = 9.16904e-05 (threshold = 1e-08)
  Iteration 26 (of 50).   Current convergence value = 9.18714e-05 (threshold = 1e-08)
  Iteration 27 (of 50).   Current convergence value = 9.19482e-05 (threshold = 1e-08)
  Iteration 28 (of 50).   Current convergence value = 9.19486e-05 (threshold = 1e-08)
  Iteration 29 (of 50).   Current convergence value = 9.17518e-05 (threshold = 1e-08)
  Iteration 30 (of 50).   Current convergence value = 9.14663e-05 (threshold = 1e-08)
  Iteration 31 (of 50).   Current convergence value = 9.12329e-05 (threshold = 1e-08)
  Iteration 32 (of 50).   Current convergence value = 9.07019e-05 (threshold = 1e-08)
  Iteration 33 (of 50).   Current convergence value = 9.02855e-05 (threshold = 1e-08)
  Iteration 34 (of 50).   Current convergence value = 8.99404e-05 (threshold = 1e-08)
  Iteration 35 (of 50).   Current convergence value = 8.93023e-05 (threshold = 1e-08)
  Iteration 36 (of 50).   Current convergence value = 8.87105e-05 (threshold = 1e-08)
  Iteration 37 (of 50).   Current convergence value = 8.8098e-05 (threshold = 1e-08)
  Iteration 38 (of 50).   Current convergence value = 8.72129e-05 (threshold = 1e-08)
  Iteration 39 (of 50).   Current convergence value = 8.65552e-05 (threshold = 1e-08)
  Iteration 40 (of 50).   Current convergence value = 8.60216e-05 (threshold = 1e-08)
  Iteration 41 (of 50).   Current convergence value = 8.54777e-05 (threshold = 1e-08)
  Iteration 42 (of 50).   Current convergence value = 8.49623e-05 (threshold = 1e-08)
  Iteration 43 (of 50).   Current convergence value = 8.41492e-05 (threshold = 1e-08)
  Iteration 44 (of 50).   Current convergence value = 8.34073e-05 (threshold = 1e-08)
  Iteration 45 (of 50).   Current convergence value = 8.25269e-05 (threshold = 1e-08)
  Iteration 46 (of 50).   Current convergence value = 8.16485e-05 (threshold = 1e-08)
  Iteration 47 (of 50).   Current convergence value = 8.05568e-05 (threshold = 1e-08)
  Iteration 48 (of 50).   Current convergence value = 7.95664e-05 (threshold = 1e-08)
  Iteration 49 (of 50).   Current convergence value = 7.87034e-05 (threshold = 1e-08)
  Iteration 50 (of 50).   Current convergence value = 7.75141e-05 (threshold = 1e-08)
Current level = 3
  Iteration 1 (of 40).   Current convergence value = 0.000861827 (threshold = 1e-08)
  Iteration 2 (of 40).   Current convergence value = 0.000687371 (threshold = 1e-08)
  Iteration 3 (of 40).   Current convergence value = 0.000579572 (threshold = 1e-08)
  Iteration 4 (of 40).   Current convergence value = 0.000511295 (threshold = 1e-08)
  Iteration 5 (of 40).   Current convergence value = 0.00046547 (threshold = 1e-08)
  Iteration 6 (of 40).   Current convergence value = 0.000437014 (threshold = 1e-08)
  Iteration 7 (of 40).   Current convergence value = 0.000419102 (threshold = 1e-08)
  Iteration 8 (of 40).   Current convergence value = 0.000406921 (threshold = 1e-08)
  Iteration 9 (of 40).   Current convergence value = 0.00039887 (threshold = 1e-08)
  Iteration 10 (of 40).   Current convergence value = 0.000392669 (threshold = 1e-08)
  Iteration 11 (of 40).   Current convergence value = 0.000388049 (threshold = 1e-08)
  Iteration 12 (of 40).   Current convergence value = 0.000384621 (threshold = 1e-08)
  Iteration 13 (of 40).   Current convergence value = 0.000381944 (threshold = 1e-08)
  Iteration 14 (of 40).   Current convergence value = 0.000379849 (threshold = 1e-08)
  Iteration 15 (of 40).   Current convergence value = 0.000378376 (threshold = 1e-08)
  Iteration 16 (of 40).   Current convergence value = 0.000377231 (threshold = 1e-08)
  Iteration 17 (of 40).   Current convergence value = 0.000376264 (threshold = 1e-08)
  Iteration 18 (of 40).   Current convergence value = 0.000375507 (threshold = 1e-08)
  Iteration 19 (of 40).   Current convergence value = 0.000376373 (threshold = 1e-08)
  Iteration 20 (of 40).   Current convergence value = 0.000377227 (threshold = 1e-08)
  Iteration 21 (of 40).   Current convergence value = 0.000377711 (threshold = 1e-08)
  Iteration 22 (of 40).   Current convergence value = 0.000377783 (threshold = 1e-08)
  Iteration 23 (of 40).   Current convergence value = 0.000377552 (threshold = 1e-08)
  Iteration 24 (of 40).   Current convergence value = 0.000377439 (threshold = 1e-08)
  Iteration 25 (of 40).   Current convergence value = 0.000377069 (threshold = 1e-08)
  Iteration 26 (of 40).   Current convergence value = 0.000376441 (threshold = 1e-08)
  Iteration 27 (of 40).   Current convergence value = 0.000375885 (threshold = 1e-08)
  Iteration 28 (of 40).   Current convergence value = 0.000375158 (threshold = 1e-08)
  Iteration 29 (of 40).   Current convergence value = 0.000374275 (threshold = 1e-08)
  Iteration 30 (of 40).   Current convergence value = 0.000373131 (threshold = 1e-08)
  Iteration 31 (of 40).   Current convergence value = 0.000372065 (threshold = 1e-08)
  Iteration 32 (of 40).   Current convergence value = 0.000370965 (threshold = 1e-08)
  Iteration 33 (of 40).   Current convergence value = 0.000369893 (threshold = 1e-08)
  Iteration 34 (of 40).   Current convergence value = 0.000368611 (threshold = 1e-08)
  Iteration 35 (of 40).   Current convergence value = 0.00035778 (threshold = 1e-08)
  Iteration 36 (of 40).   Current convergence value = 0.000347173 (threshold = 1e-08)
  Iteration 37 (of 40).   Current convergence value = 0.000337542 (threshold = 1e-08)
  Iteration 38 (of 40).   Current convergence value = 0.000328889 (threshold = 1e-08)
  Iteration 39 (of 40).   Current convergence value = 0.000320655 (threshold = 1e-08)
  Iteration 40 (of 40).   Current convergence value = 0.000313051 (threshold = 1e-08)
Current level = 4
  Iteration 1 (of 30).   Current convergence value = 0.00159874 (threshold = 1e-08)
  Iteration 2 (of 30).   Current convergence value = 0.0014621 (threshold = 1e-08)
  Iteration 3 (of 30).   Current convergence value = 0.00139941 (threshold = 1e-08)
  Iteration 4 (of 30).   Current convergence value = 0.00134809 (threshold = 1e-08)
  Iteration 5 (of 30).   Current convergence value = 0.00130413 (threshold = 1e-08)
  Iteration 6 (of 30).   Current convergence value = 0.00128066 (threshold = 1e-08)
  Iteration 7 (of 30).   Current convergence value = 0.00127136 (threshold = 1e-08)
  Iteration 8 (of 30).   Current convergence value = 0.0012791 (threshold = 1e-08)
  Iteration 9 (of 30).   Current convergence value = 0.0012991 (threshold = 1e-08)
  Iteration 10 (of 30).   Current convergence value = 0.00130813 (threshold = 1e-08)
  Iteration 11 (of 30).   Current convergence value = 0.001256 (threshold = 1e-08)
  Iteration 12 (of 30).   Current convergence value = 0.00121602 (threshold = 1e-08)
  Iteration 13 (of 30).   Current convergence value = 0.00113312 (threshold = 1e-08)
  Iteration 14 (of 30).   Current convergence value = 0.00105655 (threshold = 1e-08)
  Iteration 15 (of 30).   Current convergence value = 0.000986674 (threshold = 1e-08)
  Iteration 16 (of 30).   Current convergence value = 0.000911716 (threshold = 1e-08)
  Iteration 17 (of 30).   Current convergence value = 0.000854873 (threshold = 1e-08)
  Iteration 18 (of 30).   Current convergence value = 0.000810541 (threshold = 1e-08)
  Iteration 19 (of 30).   Current convergence value = 0.00077035 (threshold = 1e-08)
  Iteration 20 (of 30).   Current convergence value = 0.000726548 (threshold = 1e-08)
  Iteration 21 (of 30).   Current convergence value = 0.000686247 (threshold = 1e-08)
  Iteration 22 (of 30).   Current convergence value = 0.000651658 (threshold = 1e-08)
  Iteration 23 (of 30).   Current convergence value = 0.000621948 (threshold = 1e-08)
  Iteration 24 (of 30).   Current convergence value = 0.00059265 (threshold = 1e-08)
  Iteration 25 (of 30).   Current convergence value = 0.000564302 (threshold = 1e-08)
  Iteration 26 (of 30).   Current convergence value = 0.000538867 (threshold = 1e-08)
  Iteration 27 (of 30).   Current convergence value = 0.000515549 (threshold = 1e-08)
  Iteration 28 (of 30).   Current convergence value = 0.000494488 (threshold = 1e-08)
  Iteration 29 (of 30).   Current convergence value = 0.000474829 (threshold = 1e-08)
  Iteration 30 (of 30).   Current convergence value = 0.000454443 (threshold = 1e-08)
   N4BiasFieldCorrectionImageFilter (0x55b86806ce20)
     RTTI typeinfo:   itk::N4BiasFieldCorrectionImageFilter<itk::Image<float, 3u>, itk::Image<float, 3u>, itk::Image<float, 3u> >
     Reference Count: 1
     Modified Time: 565
     Debug: Off
     Object Name: 
     Observers: 
       IterationEvent(Command)
     Inputs: 
       ConfidenceImage: (0)
       MaskImage: (0x55b868097540)
       Primary: (0x55b868092a40) *
     Indexed Inputs: 
       0: Primary (0x55b868092a40)
       1: MaskImage (0x55b868097540)
       2: ConfidenceImage (0)
     Required Input Names: Primary
     NumberOfRequiredInputs: 1
     Outputs: 
       Primary: (0x55b86807cef0)
     Indexed Outputs: 
       0: Primary (0x55b86807cef0)
     NumberOfRequiredOutputs: 1
     Number Of Work Units: 32
     ReleaseDataFlag: Off
     ReleaseDataBeforeUpdateFlag: Off
     AbortGenerateData: Off
     Progress: 0
     Multithreader: 
       RTTI typeinfo:   itk::PoolMultiThreader
       Reference Count: 1
       Modified Time: 144
       Debug: Off
       Object Name: 
       Observers: 
         none
       Number of Work Units: 32
       Number of Threads: 8
       Global Maximum Number Of Threads: 128
       Global Default Number Of Threads: 8
       Global Default Threader Type: itk::MultiThreaderBaseEnums::Threader::Pool
       SingleMethod: 0
       SingleData: 0
     DynamicMultiThreading: On
     CoordinateTolerance: 1e-06
     DirectionTolerance: 1e-06
     Use Mask Label: 0
     Mask label: 1
     Number of histogram bins: 200
     Wiener filter noise: 0.01
     Bias field FWHM: 0.15
     Maximum number of iterations: [50, 50, 40, 30]
     Convergence threshold: 1e-08
     Spline order: 3
     Number of fitting levels: [4, 4, 4]
     Number of control points: [4, 5, 5]
     CurrentConvergenceMeasurement: 0.000454443
     CurrentLevel: 4
     ElapsedIterations: 31
     LogBiasFieldControlPointLattice: 
       Image (0x55b8722070d0)
         RTTI typeinfo:   itk::Image<itk::Vector<float, 1u>, 3u>
         Reference Count: 1
         Modified Time: 343560
         Debug: Off
         Object Name: 
         Observers: 
           none
         Source: (none)
         Source output name: (none)
         Release Data: Off
         Data Released: False
         Global Release Data: Off
         PipelineMTime: 0
         UpdateMTime: 0
         RealTimeStamp: 0 seconds 
         LargestPossibleRegion: 
           Dimension: 3
           Index: [0, 0, 0]
           Size: [11, 19, 19]
         BufferedRegion: 
           Dimension: 3
           Index: [0, 0, 0]
           Size: [11, 19, 19]
         RequestedRegion: 
           Dimension: 3
           Index: [0, 0, 0]
           Size: [11, 19, 19]
         Spacing: [24.75, 24.875, 24.875]
         Origin: [24.8924, 19.5074, -29.1535]
         Direction: 
-0.999979 -0.00640204 0.000658543
0.00640997 -0.981573 0.19098
-0.000576253 0.19098 0.981594

         IndexToPointMatrix: 
-24.7495 -0.159251 0.0163813
0.158647 -24.4166 4.75063
-0.0142623 4.75063 24.4171

         PointToIndexMatrix: 
-0.0404032 0.000258989 -2.3283e-05
-0.000257368 -0.0394602 0.0076776
2.6474e-05 0.00767758 0.0394611

         Inverse Direction: 
-0.999979 0.00640997 -0.000576253
-0.00640204 -0.981573 0.19098
0.000658542 0.19098 0.981594

         PixelContainer: 
           ImportImageContainer (0x55b872206290)
             RTTI typeinfo:   itk::ImportImageContainer<unsigned long, itk::Vector<float, 1u> >
             Reference Count: 1
             Modified Time: 343561
             Debug: Off
             Object Name: 
             Observers: 
               none
             Pointer: 0x55b872231580
             Container manages memory: true
             Size: 3971
             Capacity: 3971
Elapsed time: 316.564
All_Command_lines_OK
Using single precision for computations.
=============================================================================
The composite transform comprises the following transforms (in order): 
  1. Center of mass alignment using fixed image: /home/mpib/nemecz/Projects/miniTRK/Results/01_MRI/GroupTempl/T1w/T_template0.nii.gz and moving image: /home/mpib/nemecz/Projects/miniTRK/Analysis/01_MRI/Preproc/GroupTempl/T1w/sub-457424_T1w.nii.gz (type = Euler3DTransform)
=============================================================================
  number of levels = 4
  number of levels = 4
  number of levels = 4
  fixed image: /home/mpib/nemecz/Projects/miniTRK/Results/01_MRI/GroupTempl/T1w/T_template0.nii.gz
  moving image: /home/mpib/nemecz/Projects/miniTRK/Results/01_MRI/GroupTempl/T1w/T_template0sub-457424_T1wRepaired.nii.gz
  fixed image: /home/mpib/nemecz/Projects/miniTRK/Results/01_MRI/GroupTempl/T1w/T_template0.nii.gz
  moving image: /home/mpib/nemecz/Projects/miniTRK/Results/01_MRI/GroupTempl/T1w/T_template0sub-457424_T1wRepaired.nii.gz
  fixed image: /home/mpib/nemecz/Projects/miniTRK/Results/01_MRI/GroupTempl/T1w/T_template0.nii.gz
  moving image: /home/mpib/nemecz/Projects/miniTRK/Results/01_MRI/GroupTempl/T1w/T_template0sub-457424_T1wRepaired.nii.gz
Dimension = 3
Number of stages = 3
Use Histogram Matching true
Winsorize image intensities true
Lower quantile = 0.01
Upper quantile = 0.99
Stage 1 State
   Image metric = Mattes
     Fixed image = Image (0x5555c5d83ad0)
  RTTI typeinfo:   itk::Image<float, 3u>
  Reference Count: 2
  Modified Time: 1721
  Debug: Off
  Object Name: 
  Observers: 
    none
  Source: (none)
  Source output name: (none)
  Release Data: Off
  Data Released: False
  Global Release Data: Off
  PipelineMTime: 0
  UpdateMTime: 1506
  RealTimeStamp: 0 seconds 
  LargestPossibleRegion: 
    Dimension: 3
    Index: [0, 0, 0]
    Size: [192, 256, 256]
  BufferedRegion: 
    Dimension: 3
    Index: [0, 0, 0]
    Size: [192, 256, 256]
  RequestedRegion: 
    Dimension: 3
    Index: [0, 0, 0]
    Size: [192, 256, 256]
  Spacing: [1, 1, 1]
  Origin: [95.0313, 100.538, -154.123]
  Direction: 
-0.999853 -0.014134 -0.00966312
0.014129 -0.9999 0.000586045
-0.00967044 0.000449429 0.999953

  IndexToPointMatrix: 
-0.999853 -0.014134 -0.00966312
0.014129 -0.9999 0.000586045
-0.00967044 0.000449429 0.999953

  PointToIndexMatrix: 
-0.999853 0.014129 -0.00967044
-0.014134 -0.9999 0.000449429
-0.00966312 0.000586045 0.999953

  Inverse Direction: 
-0.999853 0.014129 -0.00967044
-0.014134 -0.9999 0.000449429
-0.00966312 0.000586045 0.999953

  PixelContainer: 
    ImportImageContainer (0x5555c5d8bc80)
      RTTI typeinfo:   itk::ImportImageContainer<unsigned long, float>
      Reference Count: 1
      Modified Time: 1503
      Debug: Off
      Object Name: 
      Observers: 
        none
      Pointer: 0x7f2834416010
      Container manages memory: true
      Size: 12582912
      Capacity: 12582912

     Moving image = Image (0x5555c5d8fe40)
  RTTI typeinfo:   itk::Image<float, 3u>
  Reference Count: 2
  Modified Time: 1722
  Debug: Off
  Object Name: 
  Observers: 
    none
  Source: (none)
  Source output name: (none)
  Release Data: Off
  Data Released: False
  Global Release Data: Off
  PipelineMTime: 0
  UpdateMTime: 1719
  RealTimeStamp: 0 seconds 
  LargestPossibleRegion: 
    Dimension: 3
    Index: [0, 0, 0]
    Size: [192, 256, 256]
  BufferedRegion: 
    Dimension: 3
    Index: [0, 0, 0]
    Size: [192, 256, 256]
  RequestedRegion: 
    Dimension: 3
    Index: [0, 0, 0]
    Size: [192, 256, 256]
  Spacing: [1, 1, 1]
  Origin: [94.7661, 68.093, -164.34]
  Direction: 
-0.999979 -0.00640204 0.000658542
0.00640997 -0.981573 0.19098
-0.000576253 0.19098 0.981594

  IndexToPointMatrix: 
-0.999979 -0.00640204 0.000658542
0.00640997 -0.981573 0.19098
-0.000576253 0.19098 0.981594

  PointToIndexMatrix: 
-0.999979 0.00640997 -0.000576253
-0.00640204 -0.981573 0.19098
0.000658542 0.19098 0.981594

  Inverse Direction: 
-0.999979 0.00640997 -0.000576253
-0.00640204 -0.981573 0.19098
0.000658542 0.19098 0.981594

  PixelContainer: 
    ImportImageContainer (0x5555c5d872d0)
      RTTI typeinfo:   itk::ImportImageContainer<unsigned long, float>
      Reference Count: 1
      Modified Time: 1716
      Debug: Off
      Object Name: 
      Observers: 
        none
      Pointer: 0x7f2831415010
      Container manages memory: true
      Size: 12582912
      Capacity: 12582912

     Weighting = 1
     Sampling strategy = regular
     Number of bins = 32
     Radius = 4
     Sampling percentage  = 0.25
   Transform = Rigid
     Gradient step = 0.1
     Update field sigma (voxel space) = 0
     Total field sigma (voxel space) = 0
     Update field time sigma = 0
     Total field time sigma  = 0
     Number of time indices = 0
     Number of time point samples = 0
Stage 2 State
   Image metric = Mattes
     Fixed image = Image (0x5555c5d9c8d0)
  RTTI typeinfo:   itk::Image<float, 3u>
  Reference Count: 2
  Modified Time: 2149
  Debug: Off
  Object Name: 
  Observers: 
    none
  Source: (none)
  Source output name: (none)
  Release Data: Off
  Data Released: False
  Global Release Data: Off
  PipelineMTime: 0
  UpdateMTime: 1934
  RealTimeStamp: 0 seconds 
  LargestPossibleRegion: 
    Dimension: 3
    Index: [0, 0, 0]
    Size: [192, 256, 256]
  BufferedRegion: 
    Dimension: 3
    Index: [0, 0, 0]
    Size: [192, 256, 256]
  RequestedRegion: 
    Dimension: 3
    Index: [0, 0, 0]
    Size: [192, 256, 256]
  Spacing: [1, 1, 1]
  Origin: [95.0313, 100.538, -154.123]
  Direction: 
-0.999853 -0.014134 -0.00966312
0.014129 -0.9999 0.000586045
-0.00967044 0.000449429 0.999953

  IndexToPointMatrix: 
-0.999853 -0.014134 -0.00966312
0.014129 -0.9999 0.000586045
-0.00967044 0.000449429 0.999953

  PointToIndexMatrix: 
-0.999853 0.014129 -0.00967044
-0.014134 -0.9999 0.000449429
-0.00966312 0.000586045 0.999953

  Inverse Direction: 
-0.999853 0.014129 -0.00967044
-0.014134 -0.9999 0.000449429
-0.00966312 0.000586045 0.999953

  PixelContainer: 
    ImportImageContainer (0x5555c5d8c6a0)
      RTTI typeinfo:   itk::ImportImageContainer<unsigned long, float>
      Reference Count: 1
      Modified Time: 1931
      Debug: Off
      Object Name: 
      Observers: 
        none
      Pointer: 0x7f282e414010
      Container manages memory: true
      Size: 12582912
      Capacity: 12582912

     Moving image = Image (0x5555c5d9c530)
  RTTI typeinfo:   itk::Image<float, 3u>
  Reference Count: 2
  Modified Time: 2150
  Debug: Off
  Object Name: 
  Observers: 
    none
  Source: (none)
  Source output name: (none)
  Release Data: Off
  Data Released: False
  Global Release Data: Off
  PipelineMTime: 0
  UpdateMTime: 2147
  RealTimeStamp: 0 seconds 
  LargestPossibleRegion: 
    Dimension: 3
    Index: [0, 0, 0]
    Size: [192, 256, 256]
  BufferedRegion: 
    Dimension: 3
    Index: [0, 0, 0]
    Size: [192, 256, 256]
  RequestedRegion: 
    Dimension: 3
    Index: [0, 0, 0]
    Size: [192, 256, 256]
  Spacing: [1, 1, 1]
  Origin: [94.7661, 68.093, -164.34]
  Direction: 
-0.999979 -0.00640204 0.000658542
0.00640997 -0.981573 0.19098
-0.000576253 0.19098 0.981594

  IndexToPointMatrix: 
-0.999979 -0.00640204 0.000658542
0.00640997 -0.981573 0.19098
-0.000576253 0.19098 0.981594

  PointToIndexMatrix: 
-0.999979 0.00640997 -0.000576253
-0.00640204 -0.981573 0.19098
0.000658542 0.19098 0.981594

  Inverse Direction: 
-0.999979 0.00640997 -0.000576253
-0.00640204 -0.981573 0.19098
0.000658542 0.19098 0.981594

  PixelContainer: 
    ImportImageContainer (0x5555c5d9d8a0)
      RTTI typeinfo:   itk::ImportImageContainer<unsigned long, float>
      Reference Count: 1
      Modified Time: 2144
      Debug: Off
      Object Name: 
      Observers: 
        none
      Pointer: 0x7f282b413010
      Container manages memory: true
      Size: 12582912
      Capacity: 12582912

     Weighting = 1
     Sampling strategy = regular
     Number of bins = 32
     Radius = 4
     Sampling percentage  = 0.25
   Transform = Affine
     Gradient step = 0.1
     Update field sigma (voxel space) = 0
     Total field sigma (voxel space) = 0
     Update field time sigma = 0
     Total field time sigma  = 0
     Number of time indices = 0
     Number of time point samples = 0
Stage 3 State
   Image metric = CC
     Fixed image = Image (0x5555c5da3a00)
  RTTI typeinfo:   itk::Image<float, 3u>
  Reference Count: 2
  Modified Time: 2577
  Debug: Off
  Object Name: 
  Observers: 
    none
  Source: (none)
  Source output name: (none)
  Release Data: Off
  Data Released: False
  Global Release Data: Off
  PipelineMTime: 0
  UpdateMTime: 2362
  RealTimeStamp: 0 seconds 
  LargestPossibleRegion: 
    Dimension: 3
    Index: [0, 0, 0]
    Size: [192, 256, 256]
  BufferedRegion: 
    Dimension: 3
    Index: [0, 0, 0]
    Size: [192, 256, 256]
  RequestedRegion: 
    Dimension: 3
    Index: [0, 0, 0]
    Size: [192, 256, 256]
  Spacing: [1, 1, 1]
  Origin: [95.0313, 100.538, -154.123]
  Direction: 
-0.999853 -0.014134 -0.00966312
0.014129 -0.9999 0.000586045
-0.00967044 0.000449429 0.999953

  IndexToPointMatrix: 
-0.999853 -0.014134 -0.00966312
0.014129 -0.9999 0.000586045
-0.00967044 0.000449429 0.999953

  PointToIndexMatrix: 
-0.999853 0.014129 -0.00967044
-0.014134 -0.9999 0.000449429
-0.00966312 0.000586045 0.999953

  Inverse Direction: 
-0.999853 0.014129 -0.00967044
-0.014134 -0.9999 0.000449429
-0.00966312 0.000586045 0.999953

  PixelContainer: 
    ImportImageContainer (0x5555c5d85b50)
      RTTI typeinfo:   itk::ImportImageContainer<unsigned long, float>
      Reference Count: 1
      Modified Time: 2359
      Debug: Off
      Object Name: 
      Observers: 
        none
      Pointer: 0x7f2828412010
      Container manages memory: true
      Size: 12582912
      Capacity: 12582912

     Moving image = Image (0x5555c5da0d50)
  RTTI typeinfo:   itk::Image<float, 3u>
  Reference Count: 2
  Modified Time: 2578
  Debug: Off
  Object Name: 
  Observers: 
    none
  Source: (none)
  Source output name: (none)
  Release Data: Off
  Data Released: False
  Global Release Data: Off
  PipelineMTime: 0
  UpdateMTime: 2575
  RealTimeStamp: 0 seconds 
  LargestPossibleRegion: 
    Dimension: 3
    Index: [0, 0, 0]
    Size: [192, 256, 256]
  BufferedRegion: 
    Dimension: 3
    Index: [0, 0, 0]
    Size: [192, 256, 256]
  RequestedRegion: 
    Dimension: 3
    Index: [0, 0, 0]
    Size: [192, 256, 256]
  Spacing: [1, 1, 1]
  Origin: [94.7661, 68.093, -164.34]
  Direction: 
-0.999979 -0.00640204 0.000658542
0.00640997 -0.981573 0.19098
-0.000576253 0.19098 0.981594

  IndexToPointMatrix: 
-0.999979 -0.00640204 0.000658542
0.00640997 -0.981573 0.19098
-0.000576253 0.19098 0.981594

  PointToIndexMatrix: 
-0.999979 0.00640997 -0.000576253
-0.00640204 -0.981573 0.19098
0.000658542 0.19098 0.981594

  Inverse Direction: 
-0.999979 0.00640997 -0.000576253
-0.00640204 -0.981573 0.19098
0.000658542 0.19098 0.981594

  PixelContainer: 
    ImportImageContainer (0x5555c5d9fb00)
      RTTI typeinfo:   itk::ImportImageContainer<unsigned long, float>
      Reference Count: 1
      Modified Time: 2572
      Debug: Off
      Object Name: 
      Observers: 
        none
      Pointer: 0x7f2825411010
      Container manages memory: true
      Size: 12582912
      Capacity: 12582912

     Weighting = 1
     Sampling strategy = none
     Number of bins = 32
     Radius = 4
     Sampling percentage  = 1
   Transform = SyN
     Gradient step = 0.1
     Update field sigma (voxel space) = 3
     Total field sigma (voxel space) = 0
     Update field time sigma = 0
     Total field time sigma  = 0
     Number of time indices = 0
     Number of time point samples = 0
Registration using 3 total stages.

Stage 0
  iterations = 1000x500x250x0
  convergence threshold = 1e-06
  convergence window size = 10
  number of levels = 4
  using the Mattes MI metric (number of bins = 32, weight = 1)
  preprocessing:  winsorizing the image intensities
  preprocessing:  histogram matching the images
  Shrink factors (level 1 out of 4): [6, 6, 6]
  Shrink factors (level 2 out of 4): [4, 4, 4]
  Shrink factors (level 3 out of 4): [2, 2, 2]
  Shrink factors (level 4 out of 4): [1, 1, 1]
  smoothing sigmas per level: [4, 2, 1, 0]
  regular sampling (percentage = 0.25)

*** Running Euler3DTransform registration ***

DIAGNOSTIC,Iteration,metricValue,convergenceValue,ITERATION_TIME_INDEX,SINCE_LAST
 2DIAGNOSTIC,     1, -8.355125784874e-01, inf, 8.5162e-01, 8.5162e-01, 
 2DIAGNOSTIC,     2, -8.379766941071e-01, inf, 8.6052e-01, 8.9021e-03, 
 2DIAGNOSTIC,     3, -8.421097993851e-01, inf, 8.6816e-01, 7.6439e-03, 
 2DIAGNOSTIC,     4, -8.479855060577e-01, inf, 8.7596e-01, 7.7951e-03, 
 2DIAGNOSTIC,     5, -8.552209734917e-01, inf, 8.8398e-01, 8.0249e-03, 
 2DIAGNOSTIC,     6, -8.615221381187e-01, inf, 8.9161e-01, 7.6270e-03, 
 2DIAGNOSTIC,     7, -8.648662567139e-01, inf, 8.9919e-01, 7.5748e-03, 
 2DIAGNOSTIC,     8, -8.686034083366e-01, inf, 9.0669e-01, 7.5049e-03, 
 2DIAGNOSTIC,     9, -8.766316175461e-01, inf, 9.1440e-01, 7.7128e-03, 
 2DIAGNOSTIC,    10, -8.815302252769e-01, 3.561117220670e-03, 9.2795e-01, 1.3542e-02, 
 2DIAGNOSTIC,    11, -8.844867348671e-01, 3.244630061090e-03, 9.3611e-01, 8.1618e-03, 
 2DIAGNOSTIC,    12, -8.856953978539e-01, 2.795172622427e-03, 9.4396e-01, 7.8568e-03, 
 2DIAGNOSTIC,    13, -8.879333734512e-01, 2.325744600967e-03, 9.5177e-01, 7.8089e-03, 
 2DIAGNOSTIC,    14, -8.910859227180e-01, 1.919982838444e-03, 9.6364e-01, 1.1864e-02, 
 2DIAGNOSTIC,    15, -8.915516734123e-01, 1.557824201882e-03, 9.7147e-01, 7.8299e-03, 
 2DIAGNOSTIC,    16, -8.915920257568e-01, 1.230718335137e-03, 9.7923e-01, 7.7651e-03, 
 2DIAGNOSTIC,    17, -8.918017745018e-01, 8.999868878163e-04, 9.8735e-01, 8.1170e-03, 
 2DIAGNOSTIC,    18, -8.920620083809e-01, 5.932433996350e-04, 9.9706e-01, 9.7139e-03, 
 2DIAGNOSTIC,    19, -8.922073245049e-01, 4.022535867989e-04, 1.0060e+00, 8.9231e-03, 
 2DIAGNOSTIC,    20, -8.922334313393e-01, 2.728632825892e-04, 1.0140e+00, 7.9789e-03, 
 2DIAGNOSTIC,    21, -8.922510147095e-01, 1.775376877049e-04, 1.0227e+00, 8.7390e-03, 
 2DIAGNOSTIC,    22, -8.927962183952e-01, 1.001993077807e-04, 1.0395e+00, 1.6785e-02, 
 2DIAGNOSTIC,    23, -8.928267955780e-01, 5.100325870444e-05, 1.0482e+00, 8.7159e-03, 
 2DIAGNOSTIC,    24, -8.928005099297e-01, 4.346534478827e-05, 1.0579e+00, 9.6960e-03, 
 2DIAGNOSTIC,    25, -8.928239345551e-01, 3.911572639481e-05, 1.0668e+00, 8.9262e-03, 
 2DIAGNOSTIC,    26, -8.927524089813e-01, 3.112069316558e-05, 1.0746e+00, 7.7400e-03, 
 2DIAGNOSTIC,    27, -8.927978277206e-01, 2.381923877692e-05, 1.0830e+00, 8.4810e-03, 
 2DIAGNOSTIC,    28, -8.927692770958e-01, 1.749989860400e-05, 1.0917e+00, 8.6551e-03, 
 2DIAGNOSTIC,    29, -8.926650881767e-01, 1.063631225406e-05, 1.1005e+00, 8.7841e-03, 
 2DIAGNOSTIC,    30, -8.926261663437e-01, 3.305725840619e-06, 1.1083e+00, 7.7691e-03, 
DIAGNOSTIC,Iteration,metricValue,convergenceValue,ITERATION_TIME_INDEX,SINCE_LAST
 2DIAGNOSTIC,     1, -6.979901790619e-01, inf, 1.9547e+00, 8.4649e-01, 
 2DIAGNOSTIC,     2, -6.989745497704e-01, inf, 1.9846e+00, 2.9822e-02, 
 2DIAGNOSTIC,     3, -7.001332044601e-01, inf, 2.0140e+00, 2.9442e-02, 
 2DIAGNOSTIC,     4, -7.011826038361e-01, inf, 2.0442e+00, 3.0171e-02, 
 2DIAGNOSTIC,     5, -7.019661664963e-01, inf, 2.0729e+00, 2.8676e-02, 
 2DIAGNOSTIC,     6, -7.024328112602e-01, inf, 2.1004e+00, 2.7561e-02, 
 2DIAGNOSTIC,     7, -7.029302716255e-01, inf, 2.1516e+00, 5.1216e-02, 
 2DIAGNOSTIC,     8, -7.029298543930e-01, inf, 2.1884e+00, 3.6787e-02, 
 2DIAGNOSTIC,     9, -7.029369473457e-01, inf, 2.2285e+00, 4.0063e-02, 
 2DIAGNOSTIC,    10, -7.029362320900e-01, 4.595842037816e-04, 2.2635e+00, 3.4999e-02, 
 2DIAGNOSTIC,    11, -7.029371857643e-01, 3.039666335098e-04, 2.2976e+00, 3.4137e-02, 
 2DIAGNOSTIC,    12, -7.029291987419e-01, 1.796940487111e-04, 2.3289e+00, 3.1325e-02, 
 2DIAGNOSTIC,    13, -7.029133439064e-01, 9.373197099194e-05, 2.3586e+00, 2.9667e-02, 
 2DIAGNOSTIC,    14, -7.029287815094e-01, 4.233273284626e-05, 2.3926e+00, 3.3997e-02, 
 2DIAGNOSTIC,    15, -7.029381394386e-01, 1.532246096758e-05, 2.4259e+00, 3.3300e-02, 
 2DIAGNOSTIC,    16, -7.029443979263e-01, 2.082509809043e-06, 2.4555e+00, 2.9606e-02, 
 2DIAGNOSTIC,    17, -7.029435634613e-01, 2.231032340205e-06, 2.4874e+00, 3.1906e-02, 
 2DIAGNOSTIC,    18, -7.029653787613e-01, 2.817821041390e-06, 2.5170e+00, 2.9576e-02, 
 2DIAGNOSTIC,    19, -7.029920220375e-01, 3.945841854147e-06, 2.5461e+00, 2.9074e-02, 
 2DIAGNOSTIC,    20, -7.030755281448e-01, 6.402428880392e-06, 2.5762e+00, 3.0107e-02, 
 2DIAGNOSTIC,    21, -7.031489610672e-01, 9.580151527189e-06, 2.6074e+00, 3.1193e-02, 
 2DIAGNOSTIC,    22, -7.032968997955e-01, 1.429073927284e-05, 2.6362e+00, 2.8802e-02, 
 2DIAGNOSTIC,    23, -7.034483551979e-01, 1.972795689653e-05, 2.6636e+00, 2.7406e-02, 
 2DIAGNOSTIC,    24, -7.039556503296e-01, 3.176330938004e-05, 2.7192e+00, 5.5619e-02, 
 2DIAGNOSTIC,    25, -7.039490938187e-01, 3.982899215771e-05, 2.7558e+00, 3.6602e-02, 
 2DIAGNOSTIC,    26, -7.039487361908e-01, 4.385373176774e-05, 2.7868e+00, 3.1012e-02, 
 2DIAGNOSTIC,    27, -7.039476037025e-01, 4.362400068203e-05, 2.8170e+00, 3.0194e-02, 
 2DIAGNOSTIC,    28, -7.039329409599e-01, 3.945811477024e-05, 2.8505e+00, 3.3538e-02, 
 2DIAGNOSTIC,    29, -7.039397358894e-01, 3.231887239963e-05, 2.8836e+00, 3.3095e-02, 
 2DIAGNOSTIC,    30, -7.039332389832e-01, 2.374230098212e-05, 2.9123e+00, 2.8665e-02, 
 2DIAGNOSTIC,    31, -7.039369344711e-01, 1.465666082368e-05, 2.9440e+00, 3.1726e-02, 
 2DIAGNOSTIC,    32, -7.039427161217e-01, 6.812154879299e-06, 2.9765e+00, 3.2507e-02, 
DIAGNOSTIC,Iteration,metricValue,convergenceValue,ITERATION_TIME_INDEX,SINCE_LAST
 2DIAGNOSTIC,     1, -6.211740374565e-01, inf, 4.1984e+00, 1.2218e+00, 
 2DIAGNOSTIC,     2, -6.214520335197e-01, inf, 4.4541e+00, 2.5575e-01, 
 2DIAGNOSTIC,     3, -6.216042041779e-01, inf, 4.6684e+00, 2.1432e-01, 
 2DIAGNOSTIC,     4, -6.217182874680e-01, inf, 4.9917e+00, 3.2327e-01, 
 2DIAGNOSTIC,     5, -6.217209100723e-01, inf, 5.3155e+00, 3.2378e-01, 
 2DIAGNOSTIC,     6, -6.217222809792e-01, inf, 5.6983e+00, 3.8286e-01, 
 2DIAGNOSTIC,     7, -6.217223405838e-01, inf, 5.9350e+00, 2.3664e-01, 
 2DIAGNOSTIC,     8, -6.217222213745e-01, inf, 6.1757e+00, 2.4073e-01, 
 2DIAGNOSTIC,     9, -6.217219233513e-01, inf, 6.4968e+00, 3.2107e-01, 
 2DIAGNOSTIC,    10, -6.217220425606e-01, 4.290135620977e-05, 6.7436e+00, 2.4686e-01, 
 2DIAGNOSTIC,    11, -6.217220425606e-01, 1.852489003795e-05, 7.0138e+00, 2.7014e-01, 
 2DIAGNOSTIC,    12, -6.217219829559e-01, 7.286616437341e-06, 7.2813e+00, 2.6752e-01, 
 2DIAGNOSTIC,    13, -6.217219829559e-01, 2.597611910460e-06, 7.5496e+00, 2.6832e-01, 
 2DIAGNOSTIC,    14, -6.217219233513e-01, 2.286687731612e-06, 7.7886e+00, 2.3901e-01, 
 2DIAGNOSTIC,    15, -6.217218637466e-01, 2.092794829878e-06, 8.0263e+00, 2.3769e-01, 
 2DIAGNOSTIC,    16, -6.217218041420e-01, 1.962977648873e-06, 8.2827e+00, 2.5641e-01, 
 2DIAGNOSTIC,    17, -6.217218041420e-01, 1.852444029282e-06, 8.5197e+00, 2.3699e-01, 
 2DIAGNOSTIC,    18, -6.217219829559e-01, 1.757674226610e-06, 8.7574e+00, 2.3766e-01, 
 2DIAGNOSTIC,    19, -6.217219829559e-01, 1.666385742283e-06, 8.9940e+00, 2.3665e-01, 
 2DIAGNOSTIC,    20, -6.217219829559e-01, 1.587756855770e-06, 9.2345e+00, 2.4045e-01, 
 2DIAGNOSTIC,    21, -6.217219233513e-01, 1.515692019893e-06, 9.4810e+00, 2.4652e-01, 
 2DIAGNOSTIC,    22, -6.217219233513e-01, 1.448854391128e-06, 9.7220e+00, 2.4097e-01, 
 2DIAGNOSTIC,    23, -6.217219829559e-01, 1.388673354086e-06, 9.9617e+00, 2.3968e-01, 
 2DIAGNOSTIC,    24, -6.217220425606e-01, 1.332943156740e-06, 1.0210e+01, 2.4786e-01, 
 2DIAGNOSTIC,    25, -6.217220425606e-01, 1.279953153244e-06, 1.0450e+01, 2.4002e-01, 
 2DIAGNOSTIC,    26, -6.217220425606e-01, 1.229373424394e-06, 1.0693e+01, 2.4322e-01, 
 2DIAGNOSTIC,    27, -6.217219829559e-01, 1.180910430776e-06, 1.0935e+01, 2.4244e-01, 
 2DIAGNOSTIC,    28, -6.217219233513e-01, 1.137593130807e-06, 1.1178e+01, 2.4241e-01, 
 2DIAGNOSTIC,    29, -6.217219829559e-01, 1.098049438042e-06, 1.1416e+01, 2.3834e-01, 
 2DIAGNOSTIC,    30, -6.217219829559e-01, 1.061024136106e-06, 1.1658e+01, 2.4236e-01, 
 2DIAGNOSTIC,    31, -6.217219829559e-01, 1.025472556648e-06, 1.1904e+01, 2.4583e-01, 
DIAGNOSTIC,Iteration,metricValue,convergenceValue,ITERATION_TIME_INDEX,SINCE_LAST
 2DIAGNOSTIC,     1, -5.583915710449e-01, inf, 1.4386e+01, 2.4821e+00, 
  Elapsed time (stage 0): 1.5518e+01


Stage 1
  iterations = 1000x500x250x0
  convergence threshold = 1.0000e-06
  convergence window size = 10
  number of levels = 4
  using the Mattes MI metric (number of bins = 32, weight = 1.0000e+00)
  preprocessing:  winsorizing the image intensities
  preprocessing:  histogram matching the images
  Shrink factors (level 1 out of 4): [6, 6, 6]
  Shrink factors (level 2 out of 4): [4, 4, 4]
  Shrink factors (level 3 out of 4): [2, 2, 2]
  Shrink factors (level 4 out of 4): [1, 1, 1]
  smoothing sigmas per level: [4, 2, 1, 0]
  regular sampling (percentage = 2.5000e-01)

*** Running AffineTransform registration ***

DIAGNOSTIC,Iteration,metricValue,convergenceValue,ITERATION_TIME_INDEX,SINCE_LAST
 2DIAGNOSTIC,     1, -8.831531405449e-01, inf, 8.0452e-01, 8.0452e-01, 
 2DIAGNOSTIC,     2, -8.859916925430e-01, inf, 8.1315e-01, 8.6360e-03, 
 2DIAGNOSTIC,     3, -8.906599283218e-01, inf, 8.2198e-01, 8.8229e-03, 
 2DIAGNOSTIC,     4, -8.978583812714e-01, inf, 8.3046e-01, 8.4798e-03, 
 2DIAGNOSTIC,     5, -9.091561436653e-01, inf, 8.3914e-01, 8.6830e-03, 
 2DIAGNOSTIC,     6, -9.247741103172e-01, inf, 8.4777e-01, 8.6329e-03, 
 2DIAGNOSTIC,     7, -9.451230168343e-01, inf, 8.5666e-01, 8.8820e-03, 
 2DIAGNOSTIC,     8, -9.716995954514e-01, inf, 8.6701e-01, 1.0350e-02, 
 2DIAGNOSTIC,     9, -9.854453206062e-01, inf, 8.7903e-01, 1.2025e-02, 
 2DIAGNOSTIC,    10, -9.868702292442e-01, 8.337297476828e-03, 8.8785e-01, 8.8181e-03, 
 2DIAGNOSTIC,    11, -9.875153899193e-01, 7.742685265839e-03, 8.9986e-01, 1.2010e-02, 
 2DIAGNOSTIC,    12, -9.877956509590e-01, 6.636770907789e-03, 9.1207e-01, 1.2210e-02, 
 2DIAGNOSTIC,    13, -9.878341555595e-01, 5.213420372456e-03, 9.2089e-01, 8.8229e-03, 
 2DIAGNOSTIC,    14, -9.879317283630e-01, 3.684882307425e-03, 9.3074e-01, 9.8441e-03, 
 2DIAGNOSTIC,    15, -9.879363775253e-01, 2.262557391077e-03, 9.3955e-01, 8.8189e-03, 
 2DIAGNOSTIC,    16, -9.879565834999e-01, 1.109530567192e-03, 9.4933e-01, 9.7771e-03, 
 2DIAGNOSTIC,    17, -9.879710078239e-01, 3.426353505347e-04, 9.5926e-01, 9.9330e-03, 
 2DIAGNOSTIC,    18, -9.879335165024e-01, 6.536396540469e-05, 9.6943e-01, 1.0168e-02, 
 2DIAGNOSTIC,    19, -9.879553914070e-01, 2.724600926740e-05, 9.7816e-01, 8.7271e-03, 
 2DIAGNOSTIC,    20, -9.879521131516e-01, 1.154500750999e-05, 9.8695e-01, 8.7919e-03, 
 2DIAGNOSTIC,    21, -9.879627227783e-01, 5.619343482977e-06, 9.9668e-01, 9.7260e-03, 
 2DIAGNOSTIC,    22, -9.880141615868e-01, 4.329287094151e-06, 1.0054e+00, 8.6930e-03, 
 2DIAGNOSTIC,    23, -9.880468249321e-01, 3.760515710383e-06, 1.0142e+00, 8.7881e-03, 
 2DIAGNOSTIC,    24, -9.881328940392e-01, 5.279375727696e-06, 1.0231e+00, 8.9731e-03, 
 2DIAGNOSTIC,    25, -9.882373809814e-01, 7.565701253043e-06, 1.0354e+00, 1.2285e-02, 
 2DIAGNOSTIC,    26, -9.882377982140e-01, 9.291274182033e-06, 1.0544e+00, 1.8957e-02, 
 2DIAGNOSTIC,    27, -9.882377982140e-01, 1.031845204125e-05, 1.0641e+00, 9.7449e-03, 
 2DIAGNOSTIC,    28, -9.882391095161e-01, 1.003337456496e-05, 1.0736e+00, 9.5119e-03, 
 2DIAGNOSTIC,    29, -9.882395267487e-01, 9.147494893114e-06, 1.0821e+00, 8.4739e-03, 
 2DIAGNOSTIC,    30, -9.882400035858e-01, 7.523972271883e-06, 1.0918e+00, 9.6941e-03, 
 2DIAGNOSTIC,    31, -9.882420301437e-01, 5.516943474504e-06, 1.1015e+00, 9.7430e-03, 
 2DIAGNOSTIC,    32, -9.882423877716e-01, 3.705163180712e-06, 1.1113e+00, 9.7139e-03, 
 2DIAGNOSTIC,    33, -9.882436394691e-01, 2.040586196017e-06, 1.1200e+00, 8.7688e-03, 
 2DIAGNOSTIC,    34, -9.882451295853e-01, 1.103656018131e-06, 1.1288e+00, 8.7330e-03, 
 2DIAGNOSTIC,    35, -9.882482886314e-01, 1.106937816076e-06, 1.1378e+00, 9.0449e-03, 
 2DIAGNOSTIC,    36, -9.882515668869e-01, 1.122237790696e-06, 1.1465e+00, 8.6949e-03, 
 2DIAGNOSTIC,    37, -9.882575273514e-01, 1.161972818409e-06, 1.1553e+00, 8.7910e-03, 
DIAGNOSTIC,Iteration,metricValue,convergenceValue,ITERATION_TIME_INDEX,SINCE_LAST
 2DIAGNOSTIC,     1, -7.755758166313e-01, inf, 2.0205e+00, 8.6521e-01, 
 2DIAGNOSTIC,     2, -7.767807245255e-01, inf, 2.0529e+00, 3.2441e-02, 
 2DIAGNOSTIC,     3, -7.781279087067e-01, inf, 2.0872e+00, 3.4227e-02, 
 2DIAGNOSTIC,     4, -7.794749736786e-01, inf, 2.1206e+00, 3.3420e-02, 
 2DIAGNOSTIC,     5, -7.807658314705e-01, inf, 2.1561e+00, 3.5498e-02, 
 2DIAGNOSTIC,     6, -7.819659113884e-01, inf, 2.1911e+00, 3.5011e-02, 
 2DIAGNOSTIC,     7, -7.833229899406e-01, inf, 2.2332e+00, 4.2068e-02, 
 2DIAGNOSTIC,     8, -7.835313677788e-01, inf, 2.2813e+00, 4.8182e-02, 
 2DIAGNOSTIC,     9, -7.835035324097e-01, inf, 2.3337e+00, 5.2398e-02, 
 2DIAGNOSTIC,    10, -7.834852933884e-01, 7.157020736486e-04, 2.3708e+00, 3.7107e-02, 
 2DIAGNOSTIC,    11, -7.834870815277e-01, 5.233537522145e-04, 2.4083e+00, 3.7420e-02, 
 2DIAGNOSTIC,    12, -7.834712266922e-01, 3.516436845530e-04, 2.4465e+00, 3.8265e-02, 
 2DIAGNOSTIC,    13, -7.834662795067e-01, 2.121482393704e-04, 2.4836e+00, 3.7025e-02, 
 2DIAGNOSTIC,    14, -7.834634184837e-01, 1.084915129468e-04, 2.5212e+00, 3.7619e-02, 
 2DIAGNOSTIC,    15, -7.834441065788e-01, 3.946746073780e-05, 2.5612e+00, 3.9978e-02, 
 2DIAGNOSTIC,    16, -7.834462523460e-01, 2.160136091334e-06, 2.5984e+00, 3.7263e-02, 
DIAGNOSTIC,Iteration,metricValue,convergenceValue,ITERATION_TIME_INDEX,SINCE_LAST
 2DIAGNOSTIC,     1, -6.876727342606e-01, inf, 3.7996e+00, 1.2012e+00, 
 2DIAGNOSTIC,     2, -6.878434419632e-01, inf, 4.0490e+00, 2.4937e-01, 
 2DIAGNOSTIC,     3, -6.879697442055e-01, inf, 4.2919e+00, 2.4291e-01, 
 2DIAGNOSTIC,     4, -6.880572438240e-01, inf, 4.6310e+00, 3.3909e-01, 
 2DIAGNOSTIC,     5, -6.880729794502e-01, inf, 4.9472e+00, 3.1619e-01, 
 2DIAGNOSTIC,     6, -6.880759596825e-01, inf, 5.2805e+00, 3.3331e-01, 
 2DIAGNOSTIC,     7, -6.880735158920e-01, inf, 5.5688e+00, 2.8831e-01, 
 2DIAGNOSTIC,     8, -6.880713701248e-01, inf, 5.8447e+00, 2.7593e-01, 
 2DIAGNOSTIC,     9, -6.880701184273e-01, inf, 6.1492e+00, 3.0447e-01, 
 2DIAGNOSTIC,    10, -6.880702972412e-01, 3.106646909146e-05, 6.4264e+00, 2.7726e-01, 
 2DIAGNOSTIC,    11, -6.880689859390e-01, 1.495686410635e-05, 6.7002e+00, 2.7376e-01, 
 2DIAGNOSTIC,    12, -6.880679726601e-01, 6.214692803042e-06, 6.9750e+00, 2.7479e-01, 
 2DIAGNOSTIC,    13, -6.880685091019e-01, 2.456176389387e-06, 7.2173e+00, 2.4229e-01, 
 2DIAGNOSTIC,    14, -6.880702376366e-01, 1.852548166426e-06, 7.4611e+00, 2.4385e-01, 
 2DIAGNOSTIC,    15, -6.880692243576e-01, 1.767584990375e-06, 7.7344e+00, 2.7333e-01, 
 2DIAGNOSTIC,    16, -6.880699396133e-01, 1.823819502533e-06, 8.0080e+00, 2.7353e-01, 
 2DIAGNOSTIC,    17, -6.880708932877e-01, 1.853942762864e-06, 8.2832e+00, 2.7521e-01, 
 2DIAGNOSTIC,    18, -6.880680322647e-01, 1.766730179042e-06, 8.5871e+00, 3.0394e-01, 
 2DIAGNOSTIC,    19, -6.880668997765e-01, 1.637792479414e-06, 8.8595e+00, 2.7235e-01, 
 2DIAGNOSTIC,    20, -6.880667209625e-01, 1.526287860543e-06, 9.1702e+00, 3.1068e-01, 
 2DIAGNOSTIC,    21, -6.880663037300e-01, 1.397327196173e-06, 9.4450e+00, 2.7489e-01, 
 2DIAGNOSTIC,    22, -6.880676746368e-01, 1.297254584642e-06, 9.7125e+00, 2.6747e-01, 
 2DIAGNOSTIC,    23, -6.880655884743e-01, 1.191099386233e-06, 9.9816e+00, 2.6909e-01, 
 2DIAGNOSTIC,    24, -6.880658864975e-01, 1.149304125647e-06, 1.0248e+01, 2.6666e-01, 
 2DIAGNOSTIC,    25, -6.880646348000e-01, 1.089010993383e-06, 1.0487e+01, 2.3877e-01, 
 2DIAGNOSTIC,    26, -6.880652308464e-01, 1.070290863936e-06, 1.0784e+01, 2.9694e-01, 
 2DIAGNOSTIC,    27, -6.880648732185e-01, 1.076883336282e-06, 1.1175e+01, 3.9100e-01, 
 2DIAGNOSTIC,    28, -6.880652904510e-01, 1.057236659108e-06, 1.1443e+01, 2.6757e-01, 
 2DIAGNOSTIC,    29, -6.880651116371e-01, 1.028049950946e-06, 1.1680e+01, 2.3767e-01, 
 2DIAGNOSTIC,    30, -6.880649328232e-01, 1.002625367619e-06, 1.1976e+01, 2.9562e-01, 
DIAGNOSTIC,Iteration,metricValue,convergenceValue,ITERATION_TIME_INDEX,SINCE_LAST
 2DIAGNOSTIC,     1, -6.148017048836e-01, inf, 1.4707e+01, 2.7313e+00, 
  Elapsed time (stage 1): 1.5836e+01


Stage 2
  iterations = 100x100x70x20
  convergence threshold = 1.0000e-09
  convergence window size = 10
  number of levels = 4
  using the CC metric (radius = 4, weight = 1.0000e+00)
  preprocessing:  winsorizing the image intensities
  preprocessing:  histogram matching the images
  Shrink factors (level 1 out of 4): [6, 6, 6]
  Shrink factors (level 2 out of 4): [4, 4, 4]
  Shrink factors (level 3 out of 4): [2, 2, 2]
  Shrink factors (level 4 out of 4): [1, 1, 1]
  smoothing sigmas per level: [3, 2, 1, 0]
  Using default NONE metricSamplingStrategy 

*** Running SyN registration (varianceForUpdateField = 3.0000e+00, varianceForTotalField = 0.0000e+00) ***

XXDIAGNOSTIC,Iteration,metricValue,convergenceValue,ITERATION_TIME_INDEX,SINCE_LAST
 1DIAGNOSTIC,     1, -8.785468935966e-01, inf, 1.6011e+00, 1.6011e+00, 
 1DIAGNOSTIC,     2, -8.866620063782e-01, inf, 2.3586e+00, 7.5750e-01, 
 1DIAGNOSTIC,     3, -8.953534960747e-01, inf, 3.0758e+00, 7.1723e-01, 
 1DIAGNOSTIC,     4, -9.016451835632e-01, inf, 3.8288e+00, 7.5304e-01, 
 1DIAGNOSTIC,     5, -9.062027931213e-01, inf, 4.5638e+00, 7.3492e-01, 
 1DIAGNOSTIC,     6, -9.099004268646e-01, inf, 5.2872e+00, 7.2345e-01, 
 1DIAGNOSTIC,     7, -9.127398729324e-01, inf, 6.0213e+00, 7.3412e-01, 
 1DIAGNOSTIC,     8, -9.150217771530e-01, inf, 6.7584e+00, 7.3709e-01, 
 1DIAGNOSTIC,     9, -9.168344736099e-01, inf, 7.5059e+00, 7.4749e-01, 
 1DIAGNOSTIC,    10, -9.183456301689e-01, 2.698949771002e-03, 8.2484e+00, 7.4250e-01, 
 1DIAGNOSTIC,    11, -9.196290969849e-01, 1.951793674380e-03, 8.9994e+00, 7.5098e-01, 
 1DIAGNOSTIC,    12, -9.207302927971e-01, 1.392881385982e-03, 9.7847e+00, 7.8536e-01, 
 1DIAGNOSTIC,    13, -9.216849207878e-01, 1.025291392580e-03, 1.0535e+01, 7.5018e-01, 
 1DIAGNOSTIC,    14, -9.225326776505e-01, 7.758202264085e-04, 1.1289e+01, 7.5372e-01, 
 1DIAGNOSTIC,    15, -9.232876300812e-01, 5.987350014038e-04, 1.2030e+01, 7.4137e-01, 
 1DIAGNOSTIC,    16, -9.239631891251e-01, 4.736936534755e-04, 1.2772e+01, 7.4163e-01, 
 1DIAGNOSTIC,    17, -9.245717525482e-01, 3.826194442809e-04, 1.3516e+01, 7.4474e-01, 
 1DIAGNOSTIC,    18, -9.251229166985e-01, 3.151005948894e-04, 1.4271e+01, 7.5438e-01, 
 1DIAGNOSTIC,    19, -9.256256818771e-01, 2.632373943925e-04, 1.5009e+01, 7.3869e-01, 
 1DIAGNOSTIC,    20, -9.260832667351e-01, 2.225775970146e-04, 1.5754e+01, 7.4416e-01, 
 1DIAGNOSTIC,    21, -9.265019893646e-01, 1.901521900436e-04, 1.6495e+01, 7.4180e-01, 
 1DIAGNOSTIC,    22, -9.268804192543e-01, 1.637472596485e-04, 1.7248e+01, 7.5300e-01, 
 1DIAGNOSTIC,    23, -9.272363185883e-01, 1.419640611857e-04, 1.7985e+01, 7.3628e-01, 
 1DIAGNOSTIC,    24, -9.275624752045e-01, 1.238353434019e-04, 1.8710e+01, 7.2549e-01, 
 1DIAGNOSTIC,    25, -9.278645515442e-01, 1.086266274797e-04, 1.9428e+01, 7.1783e-01, 
 1DIAGNOSTIC,    26, -9.281354546547e-01, 9.565422806190e-05, 2.0151e+01, 7.2269e-01, 
 1DIAGNOSTIC,    27, -9.283919334412e-01, 8.457159128739e-05, 2.0904e+01, 7.5346e-01, 
 1DIAGNOSTIC,    28, -9.286259412766e-01, 7.500324863940e-05, 2.1657e+01, 7.5288e-01, 
 1DIAGNOSTIC,    29, -9.288483858109e-01, 6.677435158053e-05, 2.2405e+01, 7.4829e-01, 
 1DIAGNOSTIC,    30, -9.290543198586e-01, 5.965128002572e-05, 2.3105e+01, 6.9934e-01, 
 1DIAGNOSTIC,    31, -9.292431473732e-01, 5.343887460185e-05, 2.3827e+01, 7.2227e-01, 
 1DIAGNOSTIC,    32, -9.294258356094e-01, 4.801069007954e-05, 2.4572e+01, 7.4486e-01, 
 1DIAGNOSTIC,    33, -9.295820593834e-01, 4.319263825892e-05, 2.5331e+01, 7.5904e-01, 
 1DIAGNOSTIC,    34, -9.297542572021e-01, 3.913040563930e-05, 2.6087e+01, 7.5661e-01, 
 1DIAGNOSTIC,    35, -9.298881292343e-01, 3.547055530362e-05, 2.6815e+01, 7.2790e-01, 
 1DIAGNOSTIC,    36, -9.300273656845e-01, 3.220854341635e-05, 2.7561e+01, 7.4563e-01, 
 1DIAGNOSTIC,    37, -9.301592707634e-01, 2.934718577308e-05, 2.8310e+01, 7.4951e-01, 
 1DIAGNOSTIC,    38, -9.302693009377e-01, 2.668239540071e-05, 2.9034e+01, 7.2345e-01, 
 1DIAGNOSTIC,    39, -9.303944110870e-01, 2.441237847961e-05, 2.9752e+01, 7.1832e-01, 
 1DIAGNOSTIC,    40, -9.304872751236e-01, 2.227980075986e-05, 3.0492e+01, 7.4008e-01, 
 1DIAGNOSTIC,    41, -9.306017160416e-01, 2.045990913757e-05, 3.1220e+01, 7.2745e-01, 
 1DIAGNOSTIC,    42, -9.306830167770e-01, 1.876138048829e-05, 3.1942e+01, 7.2205e-01, 
 1DIAGNOSTIC,    43, -9.307810068130e-01, 1.722220986267e-05, 3.2678e+01, 7.3633e-01, 
 1DIAGNOSTIC,    44, -9.308477044106e-01, 1.583246375958e-05, 3.3415e+01, 7.3710e-01, 
 1DIAGNOSTIC,    45, -9.309340715408e-01, 1.455193159927e-05, 3.4180e+01, 7.6503e-01, 
 1DIAGNOSTIC,    46, -9.310010075569e-01, 1.336381592409e-05, 3.4935e+01, 7.5423e-01, 
 1DIAGNOSTIC,    47, -9.310775995255e-01, 1.236699336005e-05, 3.5681e+01, 7.4606e-01, 
 1DIAGNOSTIC,    48, -9.311280250549e-01, 1.130471628130e-05, 3.6423e+01, 7.4242e-01, 
 1DIAGNOSTIC,    49, -9.312022924423e-01, 1.051240360539e-05, 3.7172e+01, 7.4925e-01, 
 1DIAGNOSTIC,    50, -9.312561154366e-01, 9.692333151179e-06, 3.7909e+01, 7.3698e-01, 
 1DIAGNOSTIC,    51, -9.313103556633e-01, 9.045056685864e-06, 3.8635e+01, 7.2566e-01, 
 1DIAGNOSTIC,    52, -9.313556551933e-01, 8.352857548743e-06, 3.9377e+01, 7.4185e-01, 
 1DIAGNOSTIC,    53, -9.314134120941e-01, 7.843250386941e-06, 4.0124e+01, 7.4725e-01, 
 1DIAGNOSTIC,    54, -9.314497113228e-01, 7.231619747472e-06, 4.0873e+01, 7.4907e-01, 
 1DIAGNOSTIC,    55, -9.315082430840e-01, 6.808835678385e-06, 4.1590e+01, 7.1703e-01, 
 1DIAGNOSTIC,    56, -9.315356612206e-01, 6.310662683973e-06, 4.2336e+01, 7.4619e-01, 
 1DIAGNOSTIC,    57, -9.315860271454e-01, 5.961785518593e-06, 4.3082e+01, 7.4563e-01, 
 1DIAGNOSTIC,    58, -9.316138029099e-01, 5.509833499673e-06, 4.3802e+01, 7.2034e-01, 
 1DIAGNOSTIC,    59, -9.316589236259e-01, 5.213870736043e-06, 4.4546e+01, 7.4379e-01, 
 1DIAGNOSTIC,    60, -9.316857457161e-01, 4.884482677880e-06, 4.5280e+01, 7.3421e-01, 
 1DIAGNOSTIC,    61, -9.317240118980e-01, 4.610255018633e-06, 4.6018e+01, 7.3813e-01, 
 1DIAGNOSTIC,    62, -9.317448139191e-01, 4.272770183888e-06, 4.6763e+01, 7.4496e-01, 
 1DIAGNOSTIC,    63, -9.317844510078e-01, 4.057558726345e-06, 4.7501e+01, 7.3805e-01, 
 1DIAGNOSTIC,    64, -9.318018555641e-01, 3.756832711588e-06, 4.8254e+01, 7.5285e-01, 
 1DIAGNOSTIC,    65, -9.318441152573e-01, 3.627375463111e-06, 4.8988e+01, 7.3412e-01, 
 1DIAGNOSTIC,    66, -9.318543076515e-01, 3.367764747964e-06, 4.9721e+01, 7.3276e-01, 
 1DIAGNOSTIC,    67, -9.318860173225e-01, 3.214677008145e-06, 5.0485e+01, 7.6431e-01, 
 1DIAGNOSTIC,    68, -9.319030642509e-01, 2.999166781592e-06, 5.1219e+01, 7.3351e-01, 
 1DIAGNOSTIC,    69, -9.319329261780e-01, 2.877680344682e-06, 5.1960e+01, 7.4137e-01, 
 1DIAGNOSTIC,    70, -9.319483041763e-01, 2.707065050345e-06, 5.2708e+01, 7.4806e-01, 
 1DIAGNOSTIC,    71, -9.319677948952e-01, 2.573728352218e-06, 5.3445e+01, 7.3652e-01, 
 1DIAGNOSTIC,    72, -9.319831132889e-01, 2.390148210907e-06, 5.4175e+01, 7.3025e-01, 
 1DIAGNOSTIC,    73, -9.320108890533e-01, 2.306173428224e-06, 5.4899e+01, 7.2412e-01, 
 1DIAGNOSTIC,    74, -9.320119619370e-01, 2.114749804605e-06, 5.5620e+01, 7.2098e-01, 
 1DIAGNOSTIC,    75, -9.320353865623e-01, 2.036859086729e-06, 5.6353e+01, 7.3235e-01, 
 1DIAGNOSTIC,    76, -9.320448040962e-01, 1.881317871266e-06, 5.7117e+01, 7.6449e-01, 
 1DIAGNOSTIC,    77, -9.320669174194e-01, 1.802236283766e-06, 5.7856e+01, 7.3932e-01, 
 1DIAGNOSTIC,    78, -9.320681095123e-01, 1.659052259129e-06, 5.8592e+01, 7.3590e-01, 
 1DIAGNOSTIC,    79, -9.320911169052e-01, 1.605092165846e-06, 5.9327e+01, 7.3477e-01, 
 1DIAGNOSTIC,    80, -9.320877194405e-01, 1.480082573835e-06, 6.0086e+01, 7.5944e-01, 
 1DIAGNOSTIC,    81, -9.321168661118e-01, 1.437942842131e-06, 6.0833e+01, 7.4638e-01, 
 1DIAGNOSTIC,    82, -9.321124553680e-01, 1.331967609985e-06, 6.1581e+01, 7.4771e-01, 
 1DIAGNOSTIC,    83, -9.321307539940e-01, 1.310168499913e-06, 6.2336e+01, 7.5547e-01, 
 1DIAGNOSTIC,    84, -9.321353435516e-01, 1.217724047820e-06, 6.3081e+01, 7.4530e-01, 
 1DIAGNOSTIC,    85, -9.321558475494e-01, 1.204681439049e-06, 6.3810e+01, 7.2864e-01, 
 1DIAGNOSTIC,    86, -9.321486353874e-01, 1.116387124966e-06, 6.4552e+01, 7.4168e-01, 
 1DIAGNOSTIC,    87, -9.321603775024e-01, 1.079636149370e-06, 6.5293e+01, 7.4152e-01, 
 1DIAGNOSTIC,    88, -9.321657419205e-01, 9.955541599993e-07, 6.6040e+01, 7.4661e-01, 
 1DIAGNOSTIC,    89, -9.321857094765e-01, 1.000363113235e-06, 6.6771e+01, 7.3107e-01, 
 1DIAGNOSTIC,    90, -9.321784973145e-01, 9.027019700625e-07, 6.7518e+01, 7.4680e-01, 
 1DIAGNOSTIC,    91, -9.321932792664e-01, 9.054528504748e-07, 6.8254e+01, 7.3681e-01, 
 1DIAGNOSTIC,    92, -9.321945309639e-01, 8.423212420894e-07, 6.9008e+01, 7.5368e-01, 
 1DIAGNOSTIC,    93, -9.322121143341e-01, 8.503284902872e-07, 6.9725e+01, 7.1652e-01, 
 1DIAGNOSTIC,    94, -9.322063326836e-01, 8.018123480724e-07, 7.0448e+01, 7.2302e-01, 
 1DIAGNOSTIC,    95, -9.322224855423e-01, 8.305605661008e-07, 7.1198e+01, 7.5020e-01, 
 1DIAGNOSTIC,    96, -9.322234988213e-01, 7.897716045591e-07, 7.1949e+01, 7.5073e-01, 
 1DIAGNOSTIC,    97, -9.322310090065e-01, 7.661159315830e-07, 7.2678e+01, 7.2942e-01, 
 1DIAGNOSTIC,    98, -9.322304129601e-01, 7.136049475776e-07, 7.3421e+01, 7.4283e-01, 
 1DIAGNOSTIC,    99, -9.322408437729e-01, 7.202852998489e-07, 7.4160e+01, 7.3913e-01, 
 1DIAGNOSTIC,   100, -9.322435855865e-01, 6.729432016073e-07, 7.4904e+01, 7.4423e-01, 
XXDIAGNOSTIC,Iteration,metricValue,convergenceValue,ITERATION_TIME_INDEX,SINCE_LAST
 1DIAGNOSTIC,     1, -8.572911024094e-01, inf, 7.7973e+01, 3.0687e+00, 
 1DIAGNOSTIC,     2, -8.580996990204e-01, inf, 8.0291e+01, 2.3182e+00, 
 1DIAGNOSTIC,     3, -8.592242598534e-01, inf, 8.2584e+01, 2.2926e+00, 
 1DIAGNOSTIC,     4, -8.601393103600e-01, inf, 8.4880e+01, 2.2961e+00, 
 1DIAGNOSTIC,     5, -8.609771132469e-01, inf, 8.7178e+01, 2.2983e+00, 
 1DIAGNOSTIC,     6, -8.617312312126e-01, inf, 8.9503e+01, 2.3246e+00, 
 1DIAGNOSTIC,     7, -8.623735904694e-01, inf, 9.1792e+01, 2.2893e+00, 
 1DIAGNOSTIC,     8, -8.630074858665e-01, inf, 9.4163e+01, 2.3709e+00, 
 1DIAGNOSTIC,     9, -8.634410500526e-01, inf, 9.6485e+01, 2.3224e+00, 
 1DIAGNOSTIC,    10, -8.638301491737e-01, 4.992779577151e-04, 9.8933e+01, 2.4482e+00, 
 1DIAGNOSTIC,    11, -8.641862869263e-01, 4.073417803738e-04, 1.0128e+02, 2.3426e+00, 
 1DIAGNOSTIC,    12, -8.645073771477e-01, 3.249609144405e-04, 1.0361e+02, 2.3339e+00, 
 1DIAGNOSTIC,    13, -8.647972941399e-01, 2.616419806145e-04, 1.0593e+02, 2.3249e+00, 
 1DIAGNOSTIC,    14, -8.650734424591e-01, 2.115741372108e-04, 1.0838e+02, 2.4416e+00, 
 1DIAGNOSTIC,    15, -8.653275966644e-01, 1.728231436573e-04, 1.1069e+02, 2.3181e+00, 
 1DIAGNOSTIC,    16, -8.655578494072e-01, 1.433149736840e-04, 1.1301e+02, 2.3160e+00, 
 1DIAGNOSTIC,    17, -8.657644987106e-01, 1.204734217026e-04, 1.1536e+02, 2.3481e+00, 
 1DIAGNOSTIC,    18, -8.659567832947e-01, 1.041941941367e-04, 1.1768e+02, 2.3230e+00, 
 1DIAGNOSTIC,    19, -8.661401271820e-01, 9.070521628018e-05, 1.2001e+02, 2.3327e+00, 
 1DIAGNOSTIC,    20, -8.663035035133e-01, 7.927191472845e-05, 1.2235e+02, 2.3313e+00, 
 1DIAGNOSTIC,    21, -8.664507865906e-01, 6.949096859898e-05, 1.2466e+02, 2.3119e+00, 
 1DIAGNOSTIC,    22, -8.665950298309e-01, 6.114088319009e-05, 1.2697e+02, 2.3160e+00, 
 1DIAGNOSTIC,    23, -8.667292594910e-01, 5.392519597081e-05, 1.2931e+02, 2.3359e+00, 
 1DIAGNOSTIC,    24, -8.668559789658e-01, 4.783941039932e-05, 1.3161e+02, 2.2997e+00, 
 1DIAGNOSTIC,    25, -8.669710159302e-01, 4.267259282642e-05, 1.3396e+02, 2.3559e+00, 
 1DIAGNOSTIC,    26, -8.670716881752e-01, 3.814970477833e-05, 1.3630e+02, 2.3380e+00, 
 1DIAGNOSTIC,    27, -8.671696186066e-01, 3.415232276893e-05, 1.3860e+02, 2.2992e+00, 
 1DIAGNOSTIC,    28, -8.672668337822e-01, 3.068637306569e-05, 1.4104e+02, 2.4396e+00, 
 1DIAGNOSTIC,    29, -8.673532605171e-01, 2.768807462417e-05, 1.4341e+02, 2.3680e+00, 
 1DIAGNOSTIC,    30, -8.674390912056e-01, 2.507699173293e-05, 1.4572e+02, 2.3151e+00, 
 1DIAGNOSTIC,    31, -8.675141334534e-01, 2.269016295031e-05, 1.4804e+02, 2.3161e+00, 
 1DIAGNOSTIC,    32, -8.675857186317e-01, 2.059143844235e-05, 1.5039e+02, 2.3498e+00, 
 1DIAGNOSTIC,    33, -8.676509261131e-01, 1.872152279248e-05, 1.5277e+02, 2.3793e+00, 
 1DIAGNOSTIC,    34, -8.677139282227e-01, 1.708694981062e-05, 1.5512e+02, 2.3515e+00, 
 1DIAGNOSTIC,    35, -8.677728772163e-01, 1.562622310303e-05, 1.5751e+02, 2.3892e+00, 
 1DIAGNOSTIC,    36, -8.678393363953e-01, 1.435528247384e-05, 1.5991e+02, 2.4027e+00, 
 1DIAGNOSTIC,    37, -8.678944706917e-01, 1.321068339166e-05, 1.6227e+02, 2.3538e+00, 
 1DIAGNOSTIC,    38, -8.679429888725e-01, 1.219620662596e-05, 1.6460e+02, 2.3353e+00, 
 1DIAGNOSTIC,    39, -8.679978847504e-01, 1.132880061050e-05, 1.6693e+02, 2.3234e+00, 
 1DIAGNOSTIC,    40, -8.680438995361e-01, 1.057046756614e-05, 1.6928e+02, 2.3539e+00, 
 1DIAGNOSTIC,    41, -8.680849075317e-01, 9.833060175879e-06, 1.7159e+02, 2.3058e+00, 
 1DIAGNOSTIC,    42, -8.681201934814e-01, 9.092298569158e-06, 1.7389e+02, 2.3052e+00, 
 1DIAGNOSTIC,    43, -8.681604862213e-01, 8.388003152504e-06, 1.7622e+02, 2.3265e+00, 
 1DIAGNOSTIC,    44, -8.681960105896e-01, 7.710299541941e-06, 1.7863e+02, 2.4102e+00, 
 1DIAGNOSTIC,    45, -8.682388067245e-01, 7.125873707992e-06, 1.8093e+02, 2.3038e+00, 
 1DIAGNOSTIC,    46, -8.682658672333e-01, 6.611579465243e-06, 1.8322e+02, 2.2845e+00, 
 1DIAGNOSTIC,    47, -8.683059811592e-01, 6.214093900780e-06, 1.8561e+02, 2.3899e+00, 
 1DIAGNOSTIC,    48, -8.683251738548e-01, 5.756447080785e-06, 1.8798e+02, 2.3756e+00, 
 1DIAGNOSTIC,    49, -8.683555126190e-01, 5.395380867412e-06, 1.9030e+02, 2.3166e+00, 
 1DIAGNOSTIC,    50, -8.683832883835e-01, 5.071654413769e-06, 1.9273e+02, 2.4359e+00, 
 1DIAGNOSTIC,    51, -8.684173226357e-01, 4.813086434297e-06, 1.9510e+02, 2.3643e+00, 
 1DIAGNOSTIC,    52, -8.684443235397e-01, 4.549428012979e-06, 1.9751e+02, 2.4110e+00, 
 1DIAGNOSTIC,    53, -8.684678077698e-01, 4.309466930863e-06, 1.9986e+02, 2.3508e+00, 
 1DIAGNOSTIC,    54, -8.684856295586e-01, 4.042256023240e-06, 2.0223e+02, 2.3709e+00, 
 1DIAGNOSTIC,    55, -8.685066699982e-01, 3.831341928162e-06, 2.0460e+02, 2.3661e+00, 
 1DIAGNOSTIC,    56, -8.685278892517e-01, 3.591442009565e-06, 2.0695e+02, 2.3513e+00, 
 1DIAGNOSTIC,    57, -8.685445189476e-01, 3.393543693164e-06, 2.0931e+02, 2.3606e+00, 
 1DIAGNOSTIC,    58, -8.685621619225e-01, 3.136055056530e-06, 2.1167e+02, 2.3586e+00, 
 1DIAGNOSTIC,    59, -8.685843944550e-01, 2.928907861133e-06, 2.1401e+02, 2.3447e+00, 
 1DIAGNOSTIC,    60, -8.686037063599e-01, 2.751392230493e-06, 2.1637e+02, 2.3615e+00, 
 1DIAGNOSTIC,    61, -8.686159253120e-01, 2.611139734654e-06, 2.1874e+02, 2.3652e+00, 
 1DIAGNOSTIC,    62, -8.686349987984e-01, 2.516659151297e-06, 2.2114e+02, 2.4005e+00, 
 1DIAGNOSTIC,    63, -8.686477541924e-01, 2.418851863695e-06, 2.2351e+02, 2.3704e+00, 
 1DIAGNOSTIC,    64, -8.686640262604e-01, 2.311988964721e-06, 2.2587e+02, 2.3622e+00, 
 1DIAGNOSTIC,    65, -8.686754703522e-01, 2.194759872509e-06, 2.2823e+02, 2.3578e+00, 
 1DIAGNOSTIC,    66, -8.686902523041e-01, 2.094963519994e-06, 2.3059e+02, 2.3645e+00, 
 1DIAGNOSTIC,    67, -8.686991930008e-01, 1.966267745956e-06, 2.3295e+02, 2.3605e+00, 
 1DIAGNOSTIC,    68, -8.687121272087e-01, 1.843063387241e-06, 2.3543e+02, 2.4716e+00, 
 1DIAGNOSTIC,    69, -8.687207698822e-01, 1.735433102112e-06, 2.3780e+02, 2.3713e+00, 
 1DIAGNOSTIC,    70, -8.687365055084e-01, 1.671521317803e-06, 2.4017e+02, 2.3734e+00, 
 1DIAGNOSTIC,    71, -8.687441349030e-01, 1.581100946169e-06, 2.4255e+02, 2.3742e+00, 
 1DIAGNOSTIC,    72, -8.687518835068e-01, 1.505595037088e-06, 2.4491e+02, 2.3644e+00, 
 1DIAGNOSTIC,    73, -8.687649369240e-01, 1.444461872779e-06, 2.4726e+02, 2.3513e+00, 
 1DIAGNOSTIC,    74, -8.687703013420e-01, 1.381790298183e-06, 2.4965e+02, 2.3908e+00, 
 1DIAGNOSTIC,    75, -8.687844276428e-01, 1.339487653240e-06, 2.5202e+02, 2.3637e+00, 
 1DIAGNOSTIC,    76, -8.687874674797e-01, 1.285616690438e-06, 2.5438e+02, 2.3623e+00, 
 1DIAGNOSTIC,    77, -8.687951564789e-01, 1.220134436153e-06, 2.5676e+02, 2.3810e+00, 
 1DIAGNOSTIC,    78, -8.688004612923e-01, 1.154506094281e-06, 2.5912e+02, 2.3655e+00, 
 1DIAGNOSTIC,    79, -8.688108325005e-01, 1.095618017644e-06, 2.6150e+02, 2.3787e+00, 
 1DIAGNOSTIC,    80, -8.688138723373e-01, 1.047111481967e-06, 2.6386e+02, 2.3546e+00, 
 1DIAGNOSTIC,    81, -8.688206672668e-01, 9.955787163562e-07, 2.6621e+02, 2.3509e+00, 
 1DIAGNOSTIC,    82, -8.688280582428e-01, 9.467469226365e-07, 2.6856e+02, 2.3555e+00, 
 1DIAGNOSTIC,    83, -8.688309788704e-01, 9.075860134544e-07, 2.7093e+02, 2.3683e+00, 
 1DIAGNOSTIC,    84, -8.688348531723e-01, 8.535146207578e-07, 2.7337e+02, 2.4427e+00, 
 1DIAGNOSTIC,    85, -8.688377737999e-01, 8.207180144382e-07, 2.7576e+02, 2.3876e+00, 
 1DIAGNOSTIC,    86, -8.688381910324e-01, 7.582758030367e-07, 2.7813e+02, 2.3687e+00, 
 1DIAGNOSTIC,    87, -8.688467144966e-01, 7.206755867628e-07, 2.8051e+02, 2.3808e+00, 
 1DIAGNOSTIC,    88, -8.688499331474e-01, 6.798052822887e-07, 2.8288e+02, 2.3636e+00, 
 1DIAGNOSTIC,    89, -8.688579797745e-01, 6.771330731681e-07, 2.8523e+02, 2.3586e+00, 
 1DIAGNOSTIC,    90, -8.688669800758e-01, 6.868694413242e-07, 2.8758e+02, 2.3430e+00, 
 1DIAGNOSTIC,    91, -8.688640594482e-01, 6.771800826755e-07, 2.8992e+02, 2.3475e+00, 
 1DIAGNOSTIC,    92, -8.688630461693e-01, 6.594190722353e-07, 2.9229e+02, 2.3611e+00, 
 1DIAGNOSTIC,    93, -8.688731193542e-01, 6.573856694558e-07, 2.9463e+02, 2.3443e+00, 
 1DIAGNOSTIC,    94, -8.688757419586e-01, 6.459578116846e-07, 2.9697e+02, 2.3379e+00, 
 1DIAGNOSTIC,    95, -8.688807487488e-01, 6.324212336040e-07, 2.9931e+02, 2.3456e+00, 
 1DIAGNOSTIC,    96, -8.688799142838e-01, 5.889917815693e-07, 3.0165e+02, 2.3375e+00, 
 1DIAGNOSTIC,    97, -8.688876628876e-01, 5.774597866548e-07, 3.0404e+02, 2.3898e+00, 
 1DIAGNOSTIC,    98, -8.688845038414e-01, 5.406070044955e-07, 3.0638e+02, 2.3421e+00, 
 1DIAGNOSTIC,    99, -8.688950538635e-01, 5.444002226795e-07, 3.0873e+02, 2.3455e+00, 
 1DIAGNOSTIC,   100, -8.688943386078e-01, 5.534961360354e-07, 3.1120e+02, 2.4679e+00, 
XXDIAGNOSTIC,Iteration,metricValue,convergenceValue,ITERATION_TIME_INDEX,SINCE_LAST
 1DIAGNOSTIC,     1, -7.399796843529e-01, inf, 3.3115e+02, 1.9953e+01, 
 1DIAGNOSTIC,     2, -7.417096495628e-01, inf, 3.5021e+02, 1.9062e+01, 
 1DIAGNOSTIC,     3, -7.436683773994e-01, inf, 3.6972e+02, 1.9511e+01, 
 1DIAGNOSTIC,     4, -7.454881668091e-01, inf, 3.8908e+02, 1.9354e+01, 
 1DIAGNOSTIC,     5, -7.471585273743e-01, inf, 4.0817e+02, 1.9097e+01, 
 1DIAGNOSTIC,     6, -7.487089633942e-01, inf, 4.2743e+02, 1.9254e+01, 
 1DIAGNOSTIC,     7, -7.501482963562e-01, inf, 4.4658e+02, 1.9151e+01, 
 1DIAGNOSTIC,     8, -7.514206171036e-01, inf, 4.6634e+02, 1.9759e+01, 
 1DIAGNOSTIC,     9, -7.526589035988e-01, inf, 4.8680e+02, 2.0465e+01, 
 1DIAGNOSTIC,    10, -7.536679506302e-01, 1.186783309095e-03, 5.0721e+02, 2.0411e+01, 
 1DIAGNOSTIC,    11, -7.546122670174e-01, 1.001023571007e-03, 5.2767e+02, 2.0457e+01, 
 1DIAGNOSTIC,    12, -7.554870247841e-01, 8.382037049159e-04, 5.4809e+02, 2.0421e+01, 
 1DIAGNOSTIC,    13, -7.563021183014e-01, 7.050950080156e-04, 5.6852e+02, 2.0423e+01, 
 1DIAGNOSTIC,    14, -7.570694684982e-01, 5.965094314888e-04, 5.8854e+02, 2.0022e+01, 
 1DIAGNOSTIC,    15, -7.577877044678e-01, 5.078565445729e-04, 6.0891e+02, 2.0376e+01, 
 1DIAGNOSTIC,    16, -7.584563493729e-01, 4.358801816124e-04, 6.2957e+02, 2.0653e+01, 
 1DIAGNOSTIC,    17, -7.590775489807e-01, 3.778191166930e-04, 6.4991e+02, 2.0346e+01, 
 1DIAGNOSTIC,    18, -7.596647739410e-01, 3.300586540718e-04, 6.7015e+02, 2.0234e+01, 
 1DIAGNOSTIC,    19, -7.602163553238e-01, 2.921454724856e-04, 6.9032e+02, 2.0173e+01, 
 1DIAGNOSTIC,    20, -7.607426643372e-01, 2.596984559204e-04, 7.1134e+02, 2.1018e+01, 
 1DIAGNOSTIC,    21, -7.612183094025e-01, 2.315315359738e-04, 7.3188e+02, 2.0542e+01, 
 1DIAGNOSTIC,    22, -7.616762518883e-01, 2.070583286695e-04, 7.5226e+02, 2.0384e+01, 
 1DIAGNOSTIC,    23, -7.621062994003e-01, 1.856584858615e-04, 7.7297e+02, 2.0709e+01, 
 1DIAGNOSTIC,    24, -7.625198364258e-01, 1.670988567639e-04, 7.9307e+02, 2.0103e+01, 
 1DIAGNOSTIC,    25, -7.629151344299e-01, 1.510431320639e-04, 8.1329e+02, 2.0214e+01, 
 1DIAGNOSTIC,    26, -7.632870674133e-01, 1.370364334434e-04, 8.3343e+02, 2.0139e+01, 
 1DIAGNOSTIC,    27, -7.636408805847e-01, 1.247141190106e-04, 8.5387e+02, 2.0445e+01, 
 1DIAGNOSTIC,    28, -7.639696598053e-01, 1.137855942943e-04, 8.7415e+02, 2.0283e+01, 
 1DIAGNOSTIC,    29, -7.642846703529e-01, 1.040766874212e-04, 8.9460e+02, 2.0449e+01, 
 1DIAGNOSTIC,    30, -7.645801901817e-01, 9.545952343615e-05, 9.1566e+02, 2.1053e+01, 
 1DIAGNOSTIC,    31, -7.648618221283e-01, 8.753385918681e-05, 9.3649e+02, 2.0837e+01, 
 1DIAGNOSTIC,    32, -7.651300430298e-01, 8.033370977500e-05, 9.5711e+02, 2.0617e+01, 
 1DIAGNOSTIC,    33, -7.653875350952e-01, 7.377726433333e-05, 9.7810e+02, 2.0985e+01, 
 1DIAGNOSTIC,    34, -7.656316161156e-01, 6.786864105379e-05, 9.9885e+02, 2.0750e+01, 
 1DIAGNOSTIC,    35, -7.658650875092e-01, 6.260099326028e-05, 1.0198e+03, 2.0998e+01, 
 1DIAGNOSTIC,    36, -7.660872936249e-01, 5.787740883534e-05, 1.0405e+03, 2.0671e+01, 
 1DIAGNOSTIC,    37, -7.662982940674e-01, 5.364375101635e-05, 1.0611e+03, 2.0621e+01, 
 1DIAGNOSTIC,    38, -7.664921283722e-01, 4.969953806722e-05, 1.0820e+03, 2.0845e+01, 
 1DIAGNOSTIC,    39, -7.666840553284e-01, 4.611781696440e-05, 1.1026e+03, 2.0613e+01, 
 1DIAGNOSTIC,    40, -7.668731212616e-01, 4.288049240131e-05, 1.1235e+03, 2.0949e+01, 
 1DIAGNOSTIC,    41, -7.670476436615e-01, 3.990092591266e-05, 1.1441e+03, 2.0556e+01, 
 1DIAGNOSTIC,    42, -7.672085762024e-01, 3.710889723152e-05, 1.1648e+03, 2.0730e+01, 
 1DIAGNOSTIC,    43, -7.673647403717e-01, 3.453632234596e-05, 1.1853e+03, 2.0442e+01, 
 1DIAGNOSTIC,    44, -7.675094008446e-01, 3.211725925212e-05, 1.2057e+03, 2.0428e+01, 
 1DIAGNOSTIC,    45, -7.676563262939e-01, 2.992804547830e-05, 1.2260e+03, 2.0255e+01, 
 1DIAGNOSTIC,    46, -7.677977085114e-01, 2.795820182655e-05, 1.2465e+03, 2.0506e+01, 
 1DIAGNOSTIC,    47, -7.679305672646e-01, 2.616799247335e-05, 1.2667e+03, 2.0208e+01, 
 1DIAGNOSTIC,    48, -7.680583596230e-01, 2.448811937938e-05, 1.2871e+03, 2.0442e+01, 
 1DIAGNOSTIC,    49, -7.681837081909e-01, 2.298552863067e-05, 1.3075e+03, 2.0390e+01, 
 1DIAGNOSTIC,    50, -7.683041691780e-01, 2.168772698496e-05, 1.3277e+03, 2.0155e+01, 
 1DIAGNOSTIC,    51, -7.684224843979e-01, 2.054230026260e-05, 1.3481e+03, 2.0397e+01, 
 1DIAGNOSTIC,    52, -7.685303688049e-01, 1.943777533597e-05, 1.3684e+03, 2.0369e+01, 
 1DIAGNOSTIC,    53, -7.686352729797e-01, 1.838903881435e-05, 1.3888e+03, 2.0347e+01, 
 1DIAGNOSTIC,    54, -7.687397003174e-01, 1.737337333907e-05, 1.4092e+03, 2.0390e+01, 
 1DIAGNOSTIC,    55, -7.688329219818e-01, 1.639196852921e-05, 1.4294e+03, 2.0211e+01, 
 1DIAGNOSTIC,    56, -7.689252495766e-01, 1.546704334032e-05, 1.4498e+03, 2.0416e+01, 
 1DIAGNOSTIC,    57, -7.690111994743e-01, 1.455924666516e-05, 1.4703e+03, 2.0468e+01, 
 1DIAGNOSTIC,    58, -7.691020965576e-01, 1.372819860990e-05, 1.4906e+03, 2.0396e+01, 
 1DIAGNOSTIC,    59, -7.691873311996e-01, 1.297279504797e-05, 1.5112e+03, 2.0577e+01, 
 1DIAGNOSTIC,    60, -7.692635059357e-01, 1.225379764946e-05, 1.5317e+03, 2.0437e+01, 
 1DIAGNOSTIC,    61, -7.693415880203e-01, 1.161982891063e-05, 1.5521e+03, 2.0477e+01, 
 1DIAGNOSTIC,    62, -7.694135308266e-01, 1.100695499190e-05, 1.5729e+03, 2.0749e+01, 
 1DIAGNOSTIC,    63, -7.694855928421e-01, 1.043728025252e-05, 1.5932e+03, 2.0361e+01, 
 1DIAGNOSTIC,    64, -7.695599198341e-01, 9.958626833395e-06, 1.6135e+03, 2.0212e+01, 
 1DIAGNOSTIC,    65, -7.696273326874e-01, 9.493273864791e-06, 1.6338e+03, 2.0343e+01, 
 1DIAGNOSTIC,    66, -7.696931362152e-01, 9.058677278517e-06, 1.6542e+03, 2.0393e+01, 
 1DIAGNOSTIC,    67, -7.697592973709e-01, 8.646390597278e-06, 1.6747e+03, 2.0501e+01, 
 1DIAGNOSTIC,    68, -7.698218822479e-01, 8.289268407680e-06, 1.6951e+03, 2.0427e+01, 
 1DIAGNOSTIC,    69, -7.698769569397e-01, 7.937177542772e-06, 1.7155e+03, 2.0351e+01, 
 1DIAGNOSTIC,    70, -7.699317336082e-01, 7.563235158159e-06, 1.7358e+03, 2.0311e+01, 
XXDIAGNOSTIC,Iteration,metricValue,convergenceValue,ITERATION_TIME_INDEX,SINCE_LAST
 1DIAGNOSTIC,     1, -4.599371552467e-01, inf, 1.9033e+03, 1.6756e+02, 
 1DIAGNOSTIC,     2, -4.615695476532e-01, inf, 2.0685e+03, 1.6512e+02, 
 1DIAGNOSTIC,     3, -4.635888040066e-01, inf, 2.2342e+03, 1.6577e+02, 
 1DIAGNOSTIC,     4, -4.656517803669e-01, inf, 2.4005e+03, 1.6623e+02, 
 1DIAGNOSTIC,     5, -4.674211740494e-01, inf, 2.5662e+03, 1.6569e+02, 
 1DIAGNOSTIC,     6, -4.691294431686e-01, inf, 2.7309e+03, 1.6474e+02, 
 1DIAGNOSTIC,     7, -4.708173274994e-01, inf, 2.8948e+03, 1.6388e+02, 
 1DIAGNOSTIC,     8, -4.724974632263e-01, inf, 3.0584e+03, 1.6364e+02, 
 1DIAGNOSTIC,     9, -4.741837978363e-01, inf, 3.2251e+03, 1.6674e+02, 
 1DIAGNOSTIC,    10, -4.758483171463e-01, 2.181803341955e-03, 3.3898e+03, 1.6464e+02, 
 1DIAGNOSTIC,    11, -4.773497581482e-01, 1.938552362844e-03, 3.5545e+03, 1.6472e+02, 
 1DIAGNOSTIC,    12, -4.787288904190e-01, 1.712618046440e-03, 3.7183e+03, 1.6377e+02, 
 1DIAGNOSTIC,    13, -4.800244569778e-01, 1.519520301372e-03, 3.8821e+03, 1.6381e+02, 
 1DIAGNOSTIC,    14, -4.811617732048e-01, 1.352870720439e-03, 4.0462e+03, 1.6412e+02, 
 1DIAGNOSTIC,    15, -4.823465347290e-01, 1.202714280225e-03, 4.2104e+03, 1.6418e+02, 
 1DIAGNOSTIC,    16, -4.834251403809e-01, 1.064978190698e-03, 4.3759e+03, 1.6548e+02, 
 1DIAGNOSTIC,    17, -4.846001267433e-01, 9.458874701522e-04, 4.5403e+03, 1.6445e+02, 
 1DIAGNOSTIC,    18, -4.856309890747e-01, 8.422127575614e-04, 4.7073e+03, 1.6698e+02, 
 1DIAGNOSTIC,    19, -4.866730570793e-01, 7.567555876449e-04, 4.8718e+03, 1.6449e+02, 
 1DIAGNOSTIC,    20, -4.875736534595e-01, 6.856367108412e-04, 5.0367e+03, 1.6488e+02, 
  Elapsed time (stage 2): 5039


Total elapsed time: 5070
Using single precision for computations.
Input scalar image: /home/mpib/nemecz/Projects/miniTRK/Results/01_MRI/GroupTempl/T1w/T_template0sub-457424_T1wRepaired.nii.gz
Reference image: /home/mpib/nemecz/Projects/miniTRK/Results/01_MRI/GroupTempl/T1w/T_template0.nii.gz
=============================================================================
The composite transform comprises the following transforms (in order): 
  1. /home/mpib/nemecz/Projects/miniTRK/Results/01_MRI/GroupTempl/T1w/T_sub-457424_T1w130GenericAffine.mat (type = AffineTransform)
  2. /home/mpib/nemecz/Projects/miniTRK/Results/01_MRI/GroupTempl/T1w/T_sub-457424_T1w131Warp.nii.gz (type = DisplacementFieldTransform)
=============================================================================
Default pixel value: 0
Interpolation type: LinearInterpolateImageFunction
Output warped image: /home/mpib/nemecz/Projects/miniTRK/Results/01_MRI/GroupTempl/T1w/T_template0sub-457424_T1w13WarpedToTemplate.nii.gz
