
Running N4 for 3-dimensional images.

Mask not read.  Using the entire image as the mask.

Original intensity range:  [0, 859]

***********************************************************
Warning:  Your input image contains nonpositive values
which could cause failure or problematic results.  A
possible workaround would be to:
   1. rescale your image to positive values e.g., [10,100].
   2. run N4 on your rescaled image.
   3. (optional) rescale the N4 output to the original
      intensity range.
***********************************************************

Specified spline distance: 200mm
  original image size:  [192, 256, 256]
  padded image size:  [201, 401, 401]
  number of control points:  [4, 5, 5]

Current level = 1
  Iteration 1 (of 50).   Current convergence value = 0.00042656 (threshold = 1e-08)
  Iteration 2 (of 50).   Current convergence value = 0.000278209 (threshold = 1e-08)
  Iteration 3 (of 50).   Current convergence value = 0.000186564 (threshold = 1e-08)
  Iteration 4 (of 50).   Current convergence value = 0.000135018 (threshold = 1e-08)
  Iteration 5 (of 50).   Current convergence value = 0.000110682 (threshold = 1e-08)
  Iteration 6 (of 50).   Current convergence value = 0.000102015 (threshold = 1e-08)
  Iteration 7 (of 50).   Current convergence value = 0.000100619 (threshold = 1e-08)
  Iteration 8 (of 50).   Current convergence value = 0.000101635 (threshold = 1e-08)
  Iteration 9 (of 50).   Current convergence value = 0.000103119 (threshold = 1e-08)
  Iteration 10 (of 50).   Current convergence value = 0.000104542 (threshold = 1e-08)
  Iteration 11 (of 50).   Current convergence value = 0.000105396 (threshold = 1e-08)
  Iteration 12 (of 50).   Current convergence value = 0.000105986 (threshold = 1e-08)
  Iteration 13 (of 50).   Current convergence value = 0.000106101 (threshold = 1e-08)
  Iteration 14 (of 50).   Current convergence value = 0.000105985 (threshold = 1e-08)
  Iteration 15 (of 50).   Current convergence value = 0.000105794 (threshold = 1e-08)
  Iteration 16 (of 50).   Current convergence value = 0.000105438 (threshold = 1e-08)
  Iteration 17 (of 50).   Current convergence value = 0.000104943 (threshold = 1e-08)
  Iteration 18 (of 50).   Current convergence value = 0.000104354 (threshold = 1e-08)
  Iteration 19 (of 50).   Current convergence value = 0.000103696 (threshold = 1e-08)
  Iteration 20 (of 50).   Current convergence value = 0.000103119 (threshold = 1e-08)
  Iteration 21 (of 50).   Current convergence value = 0.000102564 (threshold = 1e-08)
  Iteration 22 (of 50).   Current convergence value = 0.000101789 (threshold = 1e-08)
  Iteration 23 (of 50).   Current convergence value = 0.000101006 (threshold = 1e-08)
  Iteration 24 (of 50).   Current convergence value = 0.000100177 (threshold = 1e-08)
  Iteration 25 (of 50).   Current convergence value = 9.96308e-05 (threshold = 1e-08)
  Iteration 26 (of 50).   Current convergence value = 9.90454e-05 (threshold = 1e-08)
  Iteration 27 (of 50).   Current convergence value = 9.84219e-05 (threshold = 1e-08)
  Iteration 28 (of 50).   Current convergence value = 9.78068e-05 (threshold = 1e-08)
  Iteration 29 (of 50).   Current convergence value = 9.71903e-05 (threshold = 1e-08)
  Iteration 30 (of 50).   Current convergence value = 9.66634e-05 (threshold = 1e-08)
  Iteration 31 (of 50).   Current convergence value = 9.61993e-05 (threshold = 1e-08)
  Iteration 32 (of 50).   Current convergence value = 9.56132e-05 (threshold = 1e-08)
  Iteration 33 (of 50).   Current convergence value = 9.51048e-05 (threshold = 1e-08)
  Iteration 34 (of 50).   Current convergence value = 9.46498e-05 (threshold = 1e-08)
  Iteration 35 (of 50).   Current convergence value = 9.40395e-05 (threshold = 1e-08)
  Iteration 36 (of 50).   Current convergence value = 9.35947e-05 (threshold = 1e-08)
  Iteration 37 (of 50).   Current convergence value = 9.31169e-05 (threshold = 1e-08)
  Iteration 38 (of 50).   Current convergence value = 9.25504e-05 (threshold = 1e-08)
  Iteration 39 (of 50).   Current convergence value = 9.20516e-05 (threshold = 1e-08)
  Iteration 40 (of 50).   Current convergence value = 9.1579e-05 (threshold = 1e-08)
  Iteration 41 (of 50).   Current convergence value = 9.10705e-05 (threshold = 1e-08)
  Iteration 42 (of 50).   Current convergence value = 9.07302e-05 (threshold = 1e-08)
  Iteration 43 (of 50).   Current convergence value = 9.02463e-05 (threshold = 1e-08)
  Iteration 44 (of 50).   Current convergence value = 8.9796e-05 (threshold = 1e-08)
  Iteration 45 (of 50).   Current convergence value = 8.94175e-05 (threshold = 1e-08)
  Iteration 46 (of 50).   Current convergence value = 8.89724e-05 (threshold = 1e-08)
  Iteration 47 (of 50).   Current convergence value = 8.86066e-05 (threshold = 1e-08)
  Iteration 48 (of 50).   Current convergence value = 8.82249e-05 (threshold = 1e-08)
  Iteration 49 (of 50).   Current convergence value = 8.76896e-05 (threshold = 1e-08)
  Iteration 50 (of 50).   Current convergence value = 8.72445e-05 (threshold = 1e-08)
Current level = 2
  Iteration 1 (of 50).   Current convergence value = 0.000575512 (threshold = 1e-08)
  Iteration 2 (of 50).   Current convergence value = 0.000474269 (threshold = 1e-08)
  Iteration 3 (of 50).   Current convergence value = 0.000402928 (threshold = 1e-08)
  Iteration 4 (of 50).   Current convergence value = 0.000346598 (threshold = 1e-08)
  Iteration 5 (of 50).   Current convergence value = 0.000300148 (threshold = 1e-08)
  Iteration 6 (of 50).   Current convergence value = 0.000262085 (threshold = 1e-08)
  Iteration 7 (of 50).   Current convergence value = 0.000230929 (threshold = 1e-08)
  Iteration 8 (of 50).   Current convergence value = 0.000209911 (threshold = 1e-08)
  Iteration 9 (of 50).   Current convergence value = 0.00018894 (threshold = 1e-08)
  Iteration 10 (of 50).   Current convergence value = 0.000170078 (threshold = 1e-08)
  Iteration 11 (of 50).   Current convergence value = 0.000154174 (threshold = 1e-08)
  Iteration 12 (of 50).   Current convergence value = 0.000140218 (threshold = 1e-08)
  Iteration 13 (of 50).   Current convergence value = 0.000128421 (threshold = 1e-08)
  Iteration 14 (of 50).   Current convergence value = 0.000118351 (threshold = 1e-08)
  Iteration 15 (of 50).   Current convergence value = 0.000111954 (threshold = 1e-08)
  Iteration 16 (of 50).   Current convergence value = 0.000107365 (threshold = 1e-08)
  Iteration 17 (of 50).   Current convergence value = 0.000103543 (threshold = 1e-08)
  Iteration 18 (of 50).   Current convergence value = 0.000100773 (threshold = 1e-08)
  Iteration 19 (of 50).   Current convergence value = 9.84046e-05 (threshold = 1e-08)
  Iteration 20 (of 50).   Current convergence value = 9.65114e-05 (threshold = 1e-08)
  Iteration 21 (of 50).   Current convergence value = 9.49435e-05 (threshold = 1e-08)
  Iteration 22 (of 50).   Current convergence value = 9.36013e-05 (threshold = 1e-08)
  Iteration 23 (of 50).   Current convergence value = 9.2323e-05 (threshold = 1e-08)
  Iteration 24 (of 50).   Current convergence value = 9.10997e-05 (threshold = 1e-08)
  Iteration 25 (of 50).   Current convergence value = 9.00362e-05 (threshold = 1e-08)
  Iteration 26 (of 50).   Current convergence value = 8.90782e-05 (threshold = 1e-08)
  Iteration 27 (of 50).   Current convergence value = 8.79621e-05 (threshold = 1e-08)
  Iteration 28 (of 50).   Current convergence value = 8.69593e-05 (threshold = 1e-08)
  Iteration 29 (of 50).   Current convergence value = 8.59742e-05 (threshold = 1e-08)
  Iteration 30 (of 50).   Current convergence value = 8.51898e-05 (threshold = 1e-08)
  Iteration 31 (of 50).   Current convergence value = 8.42051e-05 (threshold = 1e-08)
  Iteration 32 (of 50).   Current convergence value = 8.32659e-05 (threshold = 1e-08)
  Iteration 33 (of 50).   Current convergence value = 8.23557e-05 (threshold = 1e-08)
  Iteration 34 (of 50).   Current convergence value = 8.15514e-05 (threshold = 1e-08)
  Iteration 35 (of 50).   Current convergence value = 8.07647e-05 (threshold = 1e-08)
  Iteration 36 (of 50).   Current convergence value = 8.00338e-05 (threshold = 1e-08)
  Iteration 37 (of 50).   Current convergence value = 7.9159e-05 (threshold = 1e-08)
  Iteration 38 (of 50).   Current convergence value = 7.84191e-05 (threshold = 1e-08)
  Iteration 39 (of 50).   Current convergence value = 7.76666e-05 (threshold = 1e-08)
  Iteration 40 (of 50).   Current convergence value = 7.69515e-05 (threshold = 1e-08)
  Iteration 41 (of 50).   Current convergence value = 7.6041e-05 (threshold = 1e-08)
  Iteration 42 (of 50).   Current convergence value = 7.53192e-05 (threshold = 1e-08)
  Iteration 43 (of 50).   Current convergence value = 7.46419e-05 (threshold = 1e-08)
  Iteration 44 (of 50).   Current convergence value = 7.37851e-05 (threshold = 1e-08)
  Iteration 45 (of 50).   Current convergence value = 7.28813e-05 (threshold = 1e-08)
  Iteration 46 (of 50).   Current convergence value = 7.23411e-05 (threshold = 1e-08)
  Iteration 47 (of 50).   Current convergence value = 7.16379e-05 (threshold = 1e-08)
  Iteration 48 (of 50).   Current convergence value = 7.08301e-05 (threshold = 1e-08)
  Iteration 49 (of 50).   Current convergence value = 7.01614e-05 (threshold = 1e-08)
  Iteration 50 (of 50).   Current convergence value = 6.93967e-05 (threshold = 1e-08)
Current level = 3
  Iteration 1 (of 40).   Current convergence value = 0.00165292 (threshold = 1e-08)
  Iteration 2 (of 40).   Current convergence value = 0.00118117 (threshold = 1e-08)
  Iteration 3 (of 40).   Current convergence value = 0.0009362 (threshold = 1e-08)
  Iteration 4 (of 40).   Current convergence value = 0.00078156 (threshold = 1e-08)
  Iteration 5 (of 40).   Current convergence value = 0.000679765 (threshold = 1e-08)
  Iteration 6 (of 40).   Current convergence value = 0.000604411 (threshold = 1e-08)
  Iteration 7 (of 40).   Current convergence value = 0.000548099 (threshold = 1e-08)
  Iteration 8 (of 40).   Current convergence value = 0.000505725 (threshold = 1e-08)
  Iteration 9 (of 40).   Current convergence value = 0.000471304 (threshold = 1e-08)
  Iteration 10 (of 40).   Current convergence value = 0.000443492 (threshold = 1e-08)
  Iteration 11 (of 40).   Current convergence value = 0.000420519 (threshold = 1e-08)
  Iteration 12 (of 40).   Current convergence value = 0.000401444 (threshold = 1e-08)
  Iteration 13 (of 40).   Current convergence value = 0.000384947 (threshold = 1e-08)
  Iteration 14 (of 40).   Current convergence value = 0.000370993 (threshold = 1e-08)
  Iteration 15 (of 40).   Current convergence value = 0.000358713 (threshold = 1e-08)
  Iteration 16 (of 40).   Current convergence value = 0.000347843 (threshold = 1e-08)
  Iteration 17 (of 40).   Current convergence value = 0.00033819 (threshold = 1e-08)
  Iteration 18 (of 40).   Current convergence value = 0.000329518 (threshold = 1e-08)
  Iteration 19 (of 40).   Current convergence value = 0.000321598 (threshold = 1e-08)
  Iteration 20 (of 40).   Current convergence value = 0.000314194 (threshold = 1e-08)
  Iteration 21 (of 40).   Current convergence value = 0.000308444 (threshold = 1e-08)
  Iteration 22 (of 40).   Current convergence value = 0.00030313 (threshold = 1e-08)
  Iteration 23 (of 40).   Current convergence value = 0.000298217 (threshold = 1e-08)
  Iteration 24 (of 40).   Current convergence value = 0.000293845 (threshold = 1e-08)
  Iteration 25 (of 40).   Current convergence value = 0.000289594 (threshold = 1e-08)
  Iteration 26 (of 40).   Current convergence value = 0.000285715 (threshold = 1e-08)
  Iteration 27 (of 40).   Current convergence value = 0.000282037 (threshold = 1e-08)
  Iteration 28 (of 40).   Current convergence value = 0.000278465 (threshold = 1e-08)
  Iteration 29 (of 40).   Current convergence value = 0.000275093 (threshold = 1e-08)
  Iteration 30 (of 40).   Current convergence value = 0.00027152 (threshold = 1e-08)
  Iteration 31 (of 40).   Current convergence value = 0.000268442 (threshold = 1e-08)
  Iteration 32 (of 40).   Current convergence value = 0.000265464 (threshold = 1e-08)
  Iteration 33 (of 40).   Current convergence value = 0.000262773 (threshold = 1e-08)
  Iteration 34 (of 40).   Current convergence value = 0.000260242 (threshold = 1e-08)
  Iteration 35 (of 40).   Current convergence value = 0.000257665 (threshold = 1e-08)
  Iteration 36 (of 40).   Current convergence value = 0.000255251 (threshold = 1e-08)
  Iteration 37 (of 40).   Current convergence value = 0.000252958 (threshold = 1e-08)
  Iteration 38 (of 40).   Current convergence value = 0.000250631 (threshold = 1e-08)
  Iteration 39 (of 40).   Current convergence value = 0.000248376 (threshold = 1e-08)
  Iteration 40 (of 40).   Current convergence value = 0.000246292 (threshold = 1e-08)
Current level = 4
  Iteration 1 (of 30).   Current convergence value = 0.00178105 (threshold = 1e-08)
  Iteration 2 (of 30).   Current convergence value = 0.00158134 (threshold = 1e-08)
  Iteration 3 (of 30).   Current convergence value = 0.00148391 (threshold = 1e-08)
  Iteration 4 (of 30).   Current convergence value = 0.00140429 (threshold = 1e-08)
  Iteration 5 (of 30).   Current convergence value = 0.00132502 (threshold = 1e-08)
  Iteration 6 (of 30).   Current convergence value = 0.00128325 (threshold = 1e-08)
  Iteration 7 (of 30).   Current convergence value = 0.00125245 (threshold = 1e-08)
  Iteration 8 (of 30).   Current convergence value = 0.00122466 (threshold = 1e-08)
  Iteration 9 (of 30).   Current convergence value = 0.00119804 (threshold = 1e-08)
  Iteration 10 (of 30).   Current convergence value = 0.00117203 (threshold = 1e-08)
  Iteration 11 (of 30).   Current convergence value = 0.00114586 (threshold = 1e-08)
  Iteration 12 (of 30).   Current convergence value = 0.00111465 (threshold = 1e-08)
  Iteration 13 (of 30).   Current convergence value = 0.00108915 (threshold = 1e-08)
  Iteration 14 (of 30).   Current convergence value = 0.00106916 (threshold = 1e-08)
  Iteration 15 (of 30).   Current convergence value = 0.00105308 (threshold = 1e-08)
  Iteration 16 (of 30).   Current convergence value = 0.00104344 (threshold = 1e-08)
  Iteration 17 (of 30).   Current convergence value = 0.00106341 (threshold = 1e-08)
  Iteration 18 (of 30).   Current convergence value = 0.00109128 (threshold = 1e-08)
  Iteration 19 (of 30).   Current convergence value = 0.00111627 (threshold = 1e-08)
  Iteration 20 (of 30).   Current convergence value = 0.00114043 (threshold = 1e-08)
  Iteration 21 (of 30).   Current convergence value = 0.00116806 (threshold = 1e-08)
  Iteration 22 (of 30).   Current convergence value = 0.00119806 (threshold = 1e-08)
  Iteration 23 (of 30).   Current convergence value = 0.00122781 (threshold = 1e-08)
  Iteration 24 (of 30).   Current convergence value = 0.00120782 (threshold = 1e-08)
  Iteration 25 (of 30).   Current convergence value = 0.00118828 (threshold = 1e-08)
  Iteration 26 (of 30).   Current convergence value = 0.00117199 (threshold = 1e-08)
  Iteration 27 (of 30).   Current convergence value = 0.00115123 (threshold = 1e-08)
  Iteration 28 (of 30).   Current convergence value = 0.00113977 (threshold = 1e-08)
  Iteration 29 (of 30).   Current convergence value = 0.00112928 (threshold = 1e-08)
  Iteration 30 (of 30).   Current convergence value = 0.00111788 (threshold = 1e-08)
   N4BiasFieldCorrectionImageFilter (0x556272cdae20)
     RTTI typeinfo:   itk::N4BiasFieldCorrectionImageFilter<itk::Image<float, 3u>, itk::Image<float, 3u>, itk::Image<float, 3u> >
     Reference Count: 1
     Modified Time: 565
     Debug: Off
     Object Name: 
     Observers: 
       IterationEvent(Command)
     Inputs: 
       ConfidenceImage: (0)
       MaskImage: (0x556272d055d0)
       Primary: (0x556272d009b0) *
     Indexed Inputs: 
       0: Primary (0x556272d009b0)
       1: MaskImage (0x556272d055d0)
       2: ConfidenceImage (0)
     Required Input Names: Primary
     NumberOfRequiredInputs: 1
     Outputs: 
       Primary: (0x556272ceaef0)
     Indexed Outputs: 
       0: Primary (0x556272ceaef0)
     NumberOfRequiredOutputs: 1
     Number Of Work Units: 32
     ReleaseDataFlag: Off
     ReleaseDataBeforeUpdateFlag: Off
     AbortGenerateData: Off
     Progress: 0
     Multithreader: 
       RTTI typeinfo:   itk::PoolMultiThreader
       Reference Count: 1
       Modified Time: 144
       Debug: Off
       Object Name: 
       Observers: 
         none
       Number of Work Units: 32
       Number of Threads: 8
       Global Maximum Number Of Threads: 128
       Global Default Number Of Threads: 8
       Global Default Threader Type: itk::MultiThreaderBaseEnums::Threader::Pool
       SingleMethod: 0
       SingleData: 0
     DynamicMultiThreading: On
     CoordinateTolerance: 1e-06
     DirectionTolerance: 1e-06
     Use Mask Label: 0
     Mask label: 1
     Number of histogram bins: 200
     Wiener filter noise: 0.01
     Bias field FWHM: 0.15
     Maximum number of iterations: [50, 50, 40, 30]
     Convergence threshold: 1e-08
     Spline order: 3
     Number of fitting levels: [4, 4, 4]
     Number of control points: [4, 5, 5]
     CurrentConvergenceMeasurement: 0.00111788
     CurrentLevel: 4
     ElapsedIterations: 31
     LogBiasFieldControlPointLattice: 
       Image (0x5562797e62d0)
         RTTI typeinfo:   itk::Image<itk::Vector<float, 1u>, 3u>
         Reference Count: 1
         Modified Time: 343560
         Debug: Off
         Object Name: 
         Observers: 
           none
         Source: (none)
         Source output name: (none)
         Release Data: Off
         Data Released: False
         Global Release Data: Off
         PipelineMTime: 0
         UpdateMTime: 0
         RealTimeStamp: 0 seconds 
         LargestPossibleRegion: 
           Dimension: 3
           Index: [0, 0, 0]
           Size: [11, 19, 19]
         BufferedRegion: 
           Dimension: 3
           Index: [0, 0, 0]
           Size: [11, 19, 19]
         RequestedRegion: 
           Dimension: 3
           Index: [0, 0, 0]
           Size: [11, 19, 19]
         Spacing: [24.75, 24.875, 24.875]
         Origin: [25.7792, 22.5226, -26.0434]
         Direction: 
-0.999355 -0.0352593 -0.00675763
0.034812 -0.997729 0.05766
-0.00877534 0.0573875 0.998313

         IndexToPointMatrix: 
-24.734 -0.877075 -0.168096
0.861598 -24.8185 1.43429
-0.21719 1.42751 24.833

         PointToIndexMatrix: 
-0.040378 0.00140655 -0.000354559
-0.00141746 -0.0401097 0.00230704
-0.000271664 0.00231799 0.0401332

         Inverse Direction: 
-0.999355 0.034812 -0.00877534
-0.0352593 -0.997729 0.0573876
-0.00675764 0.0576599 0.998313

         PixelContainer: 
           ImportImageContainer (0x55627ec7f780)
             RTTI typeinfo:   itk::ImportImageContainer<unsigned long, itk::Vector<float, 1u> >
             Reference Count: 1
             Modified Time: 343561
             Debug: Off
             Object Name: 
             Observers: 
               none
             Pointer: 0x55627cea3580
             Container manages memory: true
             Size: 3971
             Capacity: 3971
Elapsed time: 268.177
All_Command_lines_OK
Using single precision for computations.
=============================================================================
The composite transform comprises the following transforms (in order): 
  1. Center of mass alignment using fixed image: /home/mpib/nemecz/Projects/miniTRK/Results/01_MRI/GroupTempl/T1w/T_template0.nii.gz and moving image: /home/mpib/nemecz/Projects/miniTRK/Analysis/01_MRI/Preproc/GroupTempl/T1w/sub-112188_T1w.nii.gz (type = Euler3DTransform)
=============================================================================
  number of levels = 4
  number of levels = 4
  number of levels = 4
  fixed image: /home/mpib/nemecz/Projects/miniTRK/Results/01_MRI/GroupTempl/T1w/T_template0.nii.gz
  moving image: /home/mpib/nemecz/Projects/miniTRK/Results/01_MRI/GroupTempl/T1w/T_template0sub-112188_T1wRepaired.nii.gz
  fixed image: /home/mpib/nemecz/Projects/miniTRK/Results/01_MRI/GroupTempl/T1w/T_template0.nii.gz
  moving image: /home/mpib/nemecz/Projects/miniTRK/Results/01_MRI/GroupTempl/T1w/T_template0sub-112188_T1wRepaired.nii.gz
  fixed image: /home/mpib/nemecz/Projects/miniTRK/Results/01_MRI/GroupTempl/T1w/T_template0.nii.gz
  moving image: /home/mpib/nemecz/Projects/miniTRK/Results/01_MRI/GroupTempl/T1w/T_template0sub-112188_T1wRepaired.nii.gz
Dimension = 3
Number of stages = 3
Use Histogram Matching true
Winsorize image intensities true
Lower quantile = 0.01
Upper quantile = 0.99
Stage 1 State
   Image metric = Mattes
     Fixed image = Image (0x557e13079ad0)
  RTTI typeinfo:   itk::Image<float, 3u>
  Reference Count: 2
  Modified Time: 1721
  Debug: Off
  Object Name: 
  Observers: 
    none
  Source: (none)
  Source output name: (none)
  Release Data: Off
  Data Released: False
  Global Release Data: Off
  PipelineMTime: 0
  UpdateMTime: 1506
  RealTimeStamp: 0 seconds 
  LargestPossibleRegion: 
    Dimension: 3
    Index: [0, 0, 0]
    Size: [192, 256, 256]
  BufferedRegion: 
    Dimension: 3
    Index: [0, 0, 0]
    Size: [192, 256, 256]
  RequestedRegion: 
    Dimension: 3
    Index: [0, 0, 0]
    Size: [192, 256, 256]
  Spacing: [1, 1, 1]
  Origin: [95.0313, 100.538, -154.123]
  Direction: 
-0.999853 -0.014134 -0.00966312
0.014129 -0.9999 0.000586045
-0.00967044 0.000449429 0.999953

  IndexToPointMatrix: 
-0.999853 -0.014134 -0.00966312
0.014129 -0.9999 0.000586045
-0.00967044 0.000449429 0.999953

  PointToIndexMatrix: 
-0.999853 0.014129 -0.00967044
-0.014134 -0.9999 0.000449429
-0.00966312 0.000586045 0.999953

  Inverse Direction: 
-0.999853 0.014129 -0.00967044
-0.014134 -0.9999 0.000449429
-0.00966312 0.000586045 0.999953

  PixelContainer: 
    ImportImageContainer (0x557e13081c80)
      RTTI typeinfo:   itk::ImportImageContainer<unsigned long, float>
      Reference Count: 1
      Modified Time: 1503
      Debug: Off
      Object Name: 
      Observers: 
        none
      Pointer: 0x7efcc8fd3010
      Container manages memory: true
      Size: 12582912
      Capacity: 12582912

     Moving image = Image (0x557e1307abc0)
  RTTI typeinfo:   itk::Image<float, 3u>
  Reference Count: 2
  Modified Time: 1722
  Debug: Off
  Object Name: 
  Observers: 
    none
  Source: (none)
  Source output name: (none)
  Release Data: Off
  Data Released: False
  Global Release Data: Off
  PipelineMTime: 0
  UpdateMTime: 1719
  RealTimeStamp: 0 seconds 
  LargestPossibleRegion: 
    Dimension: 3
    Index: [0, 0, 0]
    Size: [192, 256, 256]
  BufferedRegion: 
    Dimension: 3
    Index: [0, 0, 0]
    Size: [192, 256, 256]
  RequestedRegion: 
    Dimension: 3
    Index: [0, 0, 0]
    Size: [192, 256, 256]
  Spacing: [1, 1, 1]
  Origin: [98.7312, 89.1745, -145.61]
  Direction: 
-0.999355 -0.0352593 -0.00675763
0.034812 -0.997729 0.05766
-0.00877534 0.0573876 0.998313

  IndexToPointMatrix: 
-0.999355 -0.0352593 -0.00675763
0.034812 -0.997729 0.05766
-0.00877534 0.0573876 0.998313

  PointToIndexMatrix: 
-0.999355 0.034812 -0.00877534
-0.0352593 -0.997729 0.0573876
-0.00675763 0.05766 0.998313

  Inverse Direction: 
-0.999355 0.034812 -0.00877534
-0.0352593 -0.997729 0.0573876
-0.00675763 0.05766 0.998313

  PixelContainer: 
    ImportImageContainer (0x557e13086100)
      RTTI typeinfo:   itk::ImportImageContainer<unsigned long, float>
      Reference Count: 1
      Modified Time: 1716
      Debug: Off
      Object Name: 
      Observers: 
        none
      Pointer: 0x7efcc5fd2010
      Container manages memory: true
      Size: 12582912
      Capacity: 12582912

     Weighting = 1
     Sampling strategy = regular
     Number of bins = 32
     Radius = 4
     Sampling percentage  = 0.25
   Transform = Rigid
     Gradient step = 0.1
     Update field sigma (voxel space) = 0
     Total field sigma (voxel space) = 0
     Update field time sigma = 0
     Total field time sigma  = 0
     Number of time indices = 0
     Number of time point samples = 0
Stage 2 State
   Image metric = Mattes
     Fixed image = Image (0x557e13092870)
  RTTI typeinfo:   itk::Image<float, 3u>
  Reference Count: 2
  Modified Time: 2149
  Debug: Off
  Object Name: 
  Observers: 
    none
  Source: (none)
  Source output name: (none)
  Release Data: Off
  Data Released: False
  Global Release Data: Off
  PipelineMTime: 0
  UpdateMTime: 1934
  RealTimeStamp: 0 seconds 
  LargestPossibleRegion: 
    Dimension: 3
    Index: [0, 0, 0]
    Size: [192, 256, 256]
  BufferedRegion: 
    Dimension: 3
    Index: [0, 0, 0]
    Size: [192, 256, 256]
  RequestedRegion: 
    Dimension: 3
    Index: [0, 0, 0]
    Size: [192, 256, 256]
  Spacing: [1, 1, 1]
  Origin: [95.0313, 100.538, -154.123]
  Direction: 
-0.999853 -0.014134 -0.00966312
0.014129 -0.9999 0.000586045
-0.00967044 0.000449429 0.999953

  IndexToPointMatrix: 
-0.999853 -0.014134 -0.00966312
0.014129 -0.9999 0.000586045
-0.00967044 0.000449429 0.999953

  PointToIndexMatrix: 
-0.999853 0.014129 -0.00967044
-0.014134 -0.9999 0.000449429
-0.00966312 0.000586045 0.999953

  Inverse Direction: 
-0.999853 0.014129 -0.00967044
-0.014134 -0.9999 0.000449429
-0.00966312 0.000586045 0.999953

  PixelContainer: 
    ImportImageContainer (0x557e1307d6d0)
      RTTI typeinfo:   itk::ImportImageContainer<unsigned long, float>
      Reference Count: 1
      Modified Time: 1931
      Debug: Off
      Object Name: 
      Observers: 
        none
      Pointer: 0x7efcc2fd1010
      Container manages memory: true
      Size: 12582912
      Capacity: 12582912

     Moving image = Image (0x557e130924c0)
  RTTI typeinfo:   itk::Image<float, 3u>
  Reference Count: 2
  Modified Time: 2150
  Debug: Off
  Object Name: 
  Observers: 
    none
  Source: (none)
  Source output name: (none)
  Release Data: Off
  Data Released: False
  Global Release Data: Off
  PipelineMTime: 0
  UpdateMTime: 2147
  RealTimeStamp: 0 seconds 
  LargestPossibleRegion: 
    Dimension: 3
    Index: [0, 0, 0]
    Size: [192, 256, 256]
  BufferedRegion: 
    Dimension: 3
    Index: [0, 0, 0]
    Size: [192, 256, 256]
  RequestedRegion: 
    Dimension: 3
    Index: [0, 0, 0]
    Size: [192, 256, 256]
  Spacing: [1, 1, 1]
  Origin: [98.7312, 89.1745, -145.61]
  Direction: 
-0.999355 -0.0352593 -0.00675763
0.034812 -0.997729 0.05766
-0.00877534 0.0573876 0.998313

  IndexToPointMatrix: 
-0.999355 -0.0352593 -0.00675763
0.034812 -0.997729 0.05766
-0.00877534 0.0573876 0.998313

  PointToIndexMatrix: 
-0.999355 0.034812 -0.00877534
-0.0352593 -0.997729 0.0573876
-0.00675763 0.05766 0.998313

  Inverse Direction: 
-0.999355 0.034812 -0.00877534
-0.0352593 -0.997729 0.0573876
-0.00675763 0.05766 0.998313

  PixelContainer: 
    ImportImageContainer (0x557e130938c0)
      RTTI typeinfo:   itk::ImportImageContainer<unsigned long, float>
      Reference Count: 1
      Modified Time: 2144
      Debug: Off
      Object Name: 
      Observers: 
        none
      Pointer: 0x7efcbffd0010
      Container manages memory: true
      Size: 12582912
      Capacity: 12582912

     Weighting = 1
     Sampling strategy = regular
     Number of bins = 32
     Radius = 4
     Sampling percentage  = 0.25
   Transform = Affine
     Gradient step = 0.1
     Update field sigma (voxel space) = 0
     Total field sigma (voxel space) = 0
     Update field time sigma = 0
     Total field time sigma  = 0
     Number of time indices = 0
     Number of time point samples = 0
Stage 3 State
   Image metric = CC
     Fixed image = Image (0x557e13099960)
  RTTI typeinfo:   itk::Image<float, 3u>
  Reference Count: 2
  Modified Time: 2577
  Debug: Off
  Object Name: 
  Observers: 
    none
  Source: (none)
  Source output name: (none)
  Release Data: Off
  Data Released: False
  Global Release Data: Off
  PipelineMTime: 0
  UpdateMTime: 2362
  RealTimeStamp: 0 seconds 
  LargestPossibleRegion: 
    Dimension: 3
    Index: [0, 0, 0]
    Size: [192, 256, 256]
  BufferedRegion: 
    Dimension: 3
    Index: [0, 0, 0]
    Size: [192, 256, 256]
  RequestedRegion: 
    Dimension: 3
    Index: [0, 0, 0]
    Size: [192, 256, 256]
  Spacing: [1, 1, 1]
  Origin: [95.0313, 100.538, -154.123]
  Direction: 
-0.999853 -0.014134 -0.00966312
0.014129 -0.9999 0.000586045
-0.00967044 0.000449429 0.999953

  IndexToPointMatrix: 
-0.999853 -0.014134 -0.00966312
0.014129 -0.9999 0.000586045
-0.00967044 0.000449429 0.999953

  PointToIndexMatrix: 
-0.999853 0.014129 -0.00967044
-0.014134 -0.9999 0.000449429
-0.00966312 0.000586045 0.999953

  Inverse Direction: 
-0.999853 0.014129 -0.00967044
-0.014134 -0.9999 0.000449429
-0.00966312 0.000586045 0.999953

  PixelContainer: 
    ImportImageContainer (0x557e1307a660)
      RTTI typeinfo:   itk::ImportImageContainer<unsigned long, float>
      Reference Count: 1
      Modified Time: 2359
      Debug: Off
      Object Name: 
      Observers: 
        none
      Pointer: 0x7efcbcfcf010
      Container manages memory: true
      Size: 12582912
      Capacity: 12582912

     Moving image = Image (0x557e1309b840)
  RTTI typeinfo:   itk::Image<float, 3u>
  Reference Count: 2
  Modified Time: 2578
  Debug: Off
  Object Name: 
  Observers: 
    none
  Source: (none)
  Source output name: (none)
  Release Data: Off
  Data Released: False
  Global Release Data: Off
  PipelineMTime: 0
  UpdateMTime: 2575
  RealTimeStamp: 0 seconds 
  LargestPossibleRegion: 
    Dimension: 3
    Index: [0, 0, 0]
    Size: [192, 256, 256]
  BufferedRegion: 
    Dimension: 3
    Index: [0, 0, 0]
    Size: [192, 256, 256]
  RequestedRegion: 
    Dimension: 3
    Index: [0, 0, 0]
    Size: [192, 256, 256]
  Spacing: [1, 1, 1]
  Origin: [98.7312, 89.1745, -145.61]
  Direction: 
-0.999355 -0.0352593 -0.00675763
0.034812 -0.997729 0.05766
-0.00877534 0.0573876 0.998313

  IndexToPointMatrix: 
-0.999355 -0.0352593 -0.00675763
0.034812 -0.997729 0.05766
-0.00877534 0.0573876 0.998313

  PointToIndexMatrix: 
-0.999355 0.034812 -0.00877534
-0.0352593 -0.997729 0.0573876
-0.00675763 0.05766 0.998313

  Inverse Direction: 
-0.999355 0.034812 -0.00877534
-0.0352593 -0.997729 0.0573876
-0.00675763 0.05766 0.998313

  PixelContainer: 
    ImportImageContainer (0x557e13098660)
      RTTI typeinfo:   itk::ImportImageContainer<unsigned long, float>
      Reference Count: 1
      Modified Time: 2572
      Debug: Off
      Object Name: 
      Observers: 
        none
      Pointer: 0x7efcb9fce010
      Container manages memory: true
      Size: 12582912
      Capacity: 12582912

     Weighting = 1
     Sampling strategy = none
     Number of bins = 32
     Radius = 4
     Sampling percentage  = 1
   Transform = SyN
     Gradient step = 0.1
     Update field sigma (voxel space) = 3
     Total field sigma (voxel space) = 0
     Update field time sigma = 0
     Total field time sigma  = 0
     Number of time indices = 0
     Number of time point samples = 0
Registration using 3 total stages.

Stage 0
  iterations = 1000x500x250x0
  convergence threshold = 1e-06
  convergence window size = 10
  number of levels = 4
  using the Mattes MI metric (number of bins = 32, weight = 1)
  preprocessing:  winsorizing the image intensities
  preprocessing:  histogram matching the images
  Shrink factors (level 1 out of 4): [6, 6, 6]
  Shrink factors (level 2 out of 4): [4, 4, 4]
  Shrink factors (level 3 out of 4): [2, 2, 2]
  Shrink factors (level 4 out of 4): [1, 1, 1]
  smoothing sigmas per level: [4, 2, 1, 0]
  regular sampling (percentage = 0.25)

*** Running Euler3DTransform registration ***

DIAGNOSTIC,Iteration,metricValue,convergenceValue,ITERATION_TIME_INDEX,SINCE_LAST
 2DIAGNOSTIC,     1, -7.411479949951e-01, inf, 6.5865e-01, 6.5865e-01, 
 2DIAGNOSTIC,     2, -7.422842383385e-01, inf, 6.6800e-01, 9.3489e-03, 
 2DIAGNOSTIC,     3, -7.438735365868e-01, inf, 6.7755e-01, 9.5541e-03, 
 2DIAGNOSTIC,     4, -7.459951639175e-01, inf, 6.8656e-01, 9.0110e-03, 
 2DIAGNOSTIC,     5, -7.478720545769e-01, inf, 6.9544e-01, 8.8751e-03, 
 2DIAGNOSTIC,     6, -7.494254708290e-01, inf, 7.0373e-01, 8.2879e-03, 
 2DIAGNOSTIC,     7, -7.512325048447e-01, inf, 7.1165e-01, 7.9229e-03, 
 2DIAGNOSTIC,     8, -7.543935179710e-01, inf, 7.1970e-01, 8.0469e-03, 
 2DIAGNOSTIC,     9, -7.570455670357e-01, inf, 7.3143e-01, 1.1729e-02, 
 2DIAGNOSTIC,    10, -7.575935125351e-01, 1.499156001955e-03, 7.4102e-01, 9.5899e-03, 
 2DIAGNOSTIC,    11, -7.582545280457e-01, 1.348575926386e-03, 7.5027e-01, 9.2559e-03, 
 2DIAGNOSTIC,    12, -7.593045830727e-01, 1.171438256279e-03, 7.5860e-01, 8.3230e-03, 
 2DIAGNOSTIC,    13, -7.595908641815e-01, 9.681531228125e-04, 7.6682e-01, 8.2221e-03, 
 2DIAGNOSTIC,    14, -7.600495815277e-01, 7.748618372716e-04, 7.7606e-01, 9.2449e-03, 
 2DIAGNOSTIC,    15, -7.609131336212e-01, 6.064363988116e-04, 7.8675e-01, 1.0688e-02, 
 2DIAGNOSTIC,    16, -7.621252536774e-01, 4.690352943726e-04, 7.9468e-01, 7.9250e-03, 
 2DIAGNOSTIC,    17, -7.623169422150e-01, 3.473949909676e-04, 8.0272e-01, 8.0400e-03, 
 2DIAGNOSTIC,    18, -7.627797722816e-01, 2.824107941706e-04, 8.1099e-01, 8.2700e-03, 
 2DIAGNOSTIC,    19, -7.639209032059e-01, 2.736343012657e-04, 8.2328e-01, 1.2293e-02, 
 2DIAGNOSTIC,    20, -7.641986012459e-01, 2.551486250013e-04, 8.3125e-01, 7.9751e-03, 
 2DIAGNOSTIC,    21, -7.642297148705e-01, 2.266916562803e-04, 8.3932e-01, 8.0700e-03, 
 2DIAGNOSTIC,    22, -7.642580270767e-01, 1.986554125324e-04, 8.4830e-01, 8.9800e-03, 
 2DIAGNOSTIC,    23, -7.643430829048e-01, 1.608422608115e-04, 8.5626e-01, 7.9579e-03, 
 2DIAGNOSTIC,    24, -7.644195556641e-01, 1.191673654830e-04, 8.6636e-01, 1.0103e-02, 
 2DIAGNOSTIC,    25, -7.644850015640e-01, 8.322838402819e-05, 8.7550e-01, 9.1310e-03, 
 2DIAGNOSTIC,    26, -7.645143270493e-01, 6.054663026589e-05, 8.8603e-01, 1.0534e-02, 
 2DIAGNOSTIC,    27, -7.645667791367e-01, 3.744124478544e-05, 8.9582e-01, 9.7950e-03, 
 2DIAGNOSTIC,    28, -7.646334767342e-01, 1.926258300955e-05, 9.0510e-01, 9.2721e-03, 
 2DIAGNOSTIC,    29, -7.646673321724e-01, 1.570155109221e-05, 9.1417e-01, 9.0690e-03, 
 2DIAGNOSTIC,    30, -7.647305130959e-01, 1.525918924017e-05, 9.2307e-01, 8.9011e-03, 
 2DIAGNOSTIC,    31, -7.647548913956e-01, 1.417599378328e-05, 9.3194e-01, 8.8699e-03, 
 2DIAGNOSTIC,    32, -7.647995352745e-01, 1.275743397855e-05, 9.4286e-01, 1.0921e-02, 
 2DIAGNOSTIC,    33, -7.648234367371e-01, 1.152083950728e-05, 9.5073e-01, 7.8759e-03, 
 2DIAGNOSTIC,    34, -7.648677229881e-01, 1.066976710717e-05, 9.5963e-01, 8.8990e-03, 
 2DIAGNOSTIC,    35, -7.648726105690e-01, 9.688835234556e-06, 9.6730e-01, 7.6718e-03, 
 2DIAGNOSTIC,    36, -7.648796439171e-01, 8.304739822051e-06, 9.7498e-01, 7.6761e-03, 
 2DIAGNOSTIC,    37, -7.648874521255e-01, 6.891480552440e-06, 9.8383e-01, 8.8460e-03, 
 2DIAGNOSTIC,    38, -7.649476528168e-01, 6.222634965525e-06, 9.9256e-01, 8.7330e-03, 
 2DIAGNOSTIC,    39, -7.649858593941e-01, 5.736518687627e-06, 1.0035e+00, 1.0981e-02, 
 2DIAGNOSTIC,    40, -7.650422453880e-01, 5.921364845562e-06, 1.0114e+00, 7.8509e-03, 
 2DIAGNOSTIC,    41, -7.650437355042e-01, 5.838917786605e-06, 1.0203e+00, 8.9049e-03, 
 2DIAGNOSTIC,    42, -7.650463581085e-01, 5.705413059331e-06, 1.0282e+00, 7.9491e-03, 
 2DIAGNOSTIC,    43, -7.650497555733e-01, 5.330894055078e-06, 1.0374e+00, 9.1860e-03, 
 2DIAGNOSTIC,    44, -7.650789618492e-01, 5.150455308467e-06, 1.0453e+00, 7.8261e-03, 
 2DIAGNOSTIC,    45, -7.650817036629e-01, 4.610352334566e-06, 1.0540e+00, 8.7872e-03, 
 2DIAGNOSTIC,    46, -7.650830745697e-01, 3.798875468419e-06, 1.0628e+00, 8.7130e-03, 
 2DIAGNOSTIC,    47, -7.651145458221e-01, 3.037784154003e-06, 1.0727e+00, 9.9761e-03, 
 2DIAGNOSTIC,    48, -7.651153802872e-01, 2.546915084167e-06, 1.0804e+00, 7.6399e-03, 
 2DIAGNOSTIC,    49, -7.651428580284e-01, 2.383806531725e-06, 1.0881e+00, 7.7441e-03, 
 2DIAGNOSTIC,    50, -7.651441097260e-01, 2.489037342457e-06, 1.0957e+00, 7.6230e-03, 
 2DIAGNOSTIC,    51, -7.651743292809e-01, 2.649351927175e-06, 1.1037e+00, 7.9141e-03, 
 2DIAGNOSTIC,    52, -7.652065753937e-01, 2.855254251699e-06, 1.1144e+00, 1.0711e-02, 
 2DIAGNOSTIC,    53, -7.652087211609e-01, 2.866456043193e-06, 1.1233e+00, 8.9750e-03, 
 2DIAGNOSTIC,    54, -7.652077078819e-01, 2.860431550289e-06, 1.1322e+00, 8.8699e-03, 
 2DIAGNOSTIC,    55, -7.652087807655e-01, 2.667417675184e-06, 1.1409e+00, 8.7380e-03, 
 2DIAGNOSTIC,    56, -7.652086019516e-01, 2.281630486323e-06, 1.1508e+00, 9.8631e-03, 
 2DIAGNOSTIC,    57, -7.652091979980e-01, 1.952824959517e-06, 1.1596e+00, 8.8010e-03, 
 2DIAGNOSTIC,    58, -7.652095556259e-01, 1.506477133262e-06, 1.1684e+00, 8.7960e-03, 
 2DIAGNOSTIC,    59, -7.652095556259e-01, 1.162659145848e-06, 1.1772e+00, 8.8060e-03, 
DIAGNOSTIC,Iteration,metricValue,convergenceValue,ITERATION_TIME_INDEX,SINCE_LAST
 2DIAGNOSTIC,     1, -5.766035914421e-01, inf, 1.8849e+00, 7.0767e-01, 
 2DIAGNOSTIC,     2, -5.769812464714e-01, inf, 1.9199e+00, 3.4983e-02, 
 2DIAGNOSTIC,     3, -5.774427056313e-01, inf, 1.9540e+00, 3.4137e-02, 
 2DIAGNOSTIC,     4, -5.778115987778e-01, inf, 1.9871e+00, 3.3107e-02, 
 2DIAGNOSTIC,     5, -5.780485868454e-01, inf, 2.0200e+00, 3.2902e-02, 
 2DIAGNOSTIC,     6, -5.784312486649e-01, inf, 2.0523e+00, 3.2323e-02, 
 2DIAGNOSTIC,     7, -5.789952874184e-01, inf, 2.1003e+00, 4.7986e-02, 
 2DIAGNOSTIC,     8, -5.791099071503e-01, inf, 2.1312e+00, 3.0831e-02, 
 2DIAGNOSTIC,     9, -5.791591405869e-01, inf, 2.1666e+00, 3.5465e-02, 
 2DIAGNOSTIC,    10, -5.792234539986e-01, 3.132994752377e-04, 2.1977e+00, 3.1046e-02, 
 2DIAGNOSTIC,    11, -5.793495774269e-01, 2.467863087077e-04, 2.2323e+00, 3.4687e-02, 
 2DIAGNOSTIC,    12, -5.794786214828e-01, 1.895071618492e-04, 2.2627e+00, 3.0375e-02, 
 2DIAGNOSTIC,    13, -5.796432495117e-01, 1.475867757108e-04, 2.3057e+00, 4.3003e-02, 
 2DIAGNOSTIC,    14, -5.796741247177e-01, 1.126671704696e-04, 2.3375e+00, 3.1758e-02, 
 2DIAGNOSTIC,    15, -5.797688364983e-01, 8.316765888594e-05, 2.3734e+00, 3.5927e-02, 
 2DIAGNOSTIC,    16, -5.798144936562e-01, 6.257135828491e-05, 2.4308e+00, 5.7356e-02, 
 2DIAGNOSTIC,    17, -5.798225402832e-01, 5.521849379875e-05, 2.4616e+00, 3.0851e-02, 
 2DIAGNOSTIC,    18, -5.798460245132e-01, 4.752095992444e-05, 2.4972e+00, 3.5567e-02, 
 2DIAGNOSTIC,    19, -5.798605680466e-01, 3.805544838542e-05, 2.5361e+00, 3.8932e-02, 
 2DIAGNOSTIC,    20, -5.798572301865e-01, 2.762348958640e-05, 2.5719e+00, 3.5828e-02, 
 2DIAGNOSTIC,    21, -5.798538923264e-01, 1.859180156316e-05, 2.6074e+00, 3.5477e-02, 
 2DIAGNOSTIC,    22, -5.798456668854e-01, 1.141890516010e-05, 2.6428e+00, 3.5415e-02, 
 2DIAGNOSTIC,    23, -5.798476338387e-01, 7.506898327847e-06, 2.6791e+00, 3.6250e-02, 
 2DIAGNOSTIC,    24, -5.798479914665e-01, 3.933704647352e-06, 2.7152e+00, 3.6150e-02, 
 2DIAGNOSTIC,    25, -5.798469185829e-01, 2.221760269094e-06, 2.7507e+00, 3.5458e-02, 
 2DIAGNOSTIC,    26, -5.798486471176e-01, 1.455514166082e-06, 2.7815e+00, 3.0830e-02, 
DIAGNOSTIC,Iteration,metricValue,convergenceValue,ITERATION_TIME_INDEX,SINCE_LAST
 2DIAGNOSTIC,     1, -5.213773250580e-01, inf, 3.8125e+00, 1.0310e+00, 
 2DIAGNOSTIC,     2, -5.217067599297e-01, inf, 4.0335e+00, 2.2094e-01, 
 2DIAGNOSTIC,     3, -5.220271945000e-01, inf, 4.2547e+00, 2.2123e-01, 
 2DIAGNOSTIC,     4, -5.222195982933e-01, inf, 4.4755e+00, 2.2082e-01, 
 2DIAGNOSTIC,     5, -5.223298668861e-01, inf, 4.6973e+00, 2.2183e-01, 
 2DIAGNOSTIC,     6, -5.224348902702e-01, inf, 4.9165e+00, 2.1914e-01, 
 2DIAGNOSTIC,     7, -5.224954485893e-01, inf, 5.1352e+00, 2.1876e-01, 
 2DIAGNOSTIC,     8, -5.226269960403e-01, inf, 5.3554e+00, 2.2020e-01, 
 2DIAGNOSTIC,     9, -5.227876305580e-01, inf, 5.6880e+00, 3.3256e-01, 
 2DIAGNOSTIC,    10, -5.228160619736e-01, 1.637245295569e-04, 5.9359e+00, 2.4792e-01, 
 2DIAGNOSTIC,    11, -5.228237509727e-01, 1.193188945763e-04, 6.1833e+00, 2.4739e-01, 
 2DIAGNOSTIC,    12, -5.228296518326e-01, 8.689388050698e-05, 6.4012e+00, 2.1787e-01, 
 2DIAGNOSTIC,    13, -5.228340029716e-01, 6.523254705826e-05, 6.6489e+00, 2.4770e-01, 
 2DIAGNOSTIC,    14, -5.228418111801e-01, 4.858437750954e-05, 6.8973e+00, 2.4846e-01, 
 2DIAGNOSTIC,    15, -5.228452086449e-01, 3.400400601095e-05, 7.1168e+00, 2.1947e-01, 
 2DIAGNOSTIC,    16, -5.228599309921e-01, 2.247234260722e-05, 7.4230e+00, 3.0615e-01, 
 2DIAGNOSTIC,    17, -5.228610634804e-01, 1.232986778632e-05, 7.6761e+00, 2.5312e-01, 
 2DIAGNOSTIC,    18, -5.228614807129e-01, 6.213825599843e-06, 7.9288e+00, 2.5275e-01, 
 2DIAGNOSTIC,    19, -5.228619575500e-01, 4.926361270918e-06, 8.1757e+00, 2.4689e-01, 
 2DIAGNOSTIC,    20, -5.228651762009e-01, 4.320563675719e-06, 8.4234e+00, 2.4763e-01, 
 2DIAGNOSTIC,    21, -5.228622555733e-01, 3.633098685896e-06, 8.6425e+00, 2.1911e-01, 
 2DIAGNOSTIC,    22, -5.228672027588e-01, 3.080565420532e-06, 8.8606e+00, 2.1812e-01, 
 2DIAGNOSTIC,    23, -5.228726863861e-01, 2.653875526448e-06, 9.1650e+00, 3.0446e-01, 
 2DIAGNOSTIC,    24, -5.228736400604e-01, 2.340696710235e-06, 9.4124e+00, 2.4733e-01, 
 2DIAGNOSTIC,    25, -5.228738784790e-01, 2.029275492532e-06, 9.6838e+00, 2.7148e-01, 
 2DIAGNOSTIC,    26, -5.228745341301e-01, 1.994271542571e-06, 9.9807e+00, 2.9689e-01, 
 2DIAGNOSTIC,    27, -5.228753089905e-01, 1.926774757521e-06, 1.0222e+01, 2.4099e-01, 
 2DIAGNOSTIC,    28, -5.228741765022e-01, 1.776783847163e-06, 1.0466e+01, 2.4389e-01, 
 2DIAGNOSTIC,    29, -5.228736400604e-01, 1.574959242134e-06, 1.0743e+01, 2.7692e-01, 
 2DIAGNOSTIC,    30, -5.228739380836e-01, 1.409474180036e-06, 1.0991e+01, 2.4808e-01, 
 2DIAGNOSTIC,    31, -5.228736400604e-01, 1.163298975371e-06, 1.1385e+01, 3.9485e-01, 
 2DIAGNOSTIC,    32, -5.228735804558e-01, 1.000060933620e-06, 1.1633e+01, 2.4771e-01, 
DIAGNOSTIC,Iteration,metricValue,convergenceValue,ITERATION_TIME_INDEX,SINCE_LAST
 2DIAGNOSTIC,     1, -4.853358566761e-01, inf, 1.4100e+01, 2.4669e+00, 
  Elapsed time (stage 0): 1.5199e+01


Stage 1
  iterations = 1000x500x250x0
  convergence threshold = 1.0000e-06
  convergence window size = 10
  number of levels = 4
  using the Mattes MI metric (number of bins = 32, weight = 1.0000e+00)
  preprocessing:  winsorizing the image intensities
  preprocessing:  histogram matching the images
  Shrink factors (level 1 out of 4): [6, 6, 6]
  Shrink factors (level 2 out of 4): [4, 4, 4]
  Shrink factors (level 3 out of 4): [2, 2, 2]
  Shrink factors (level 4 out of 4): [1, 1, 1]
  smoothing sigmas per level: [4, 2, 1, 0]
  regular sampling (percentage = 2.5000e-01)

*** Running AffineTransform registration ***

DIAGNOSTIC,Iteration,metricValue,convergenceValue,ITERATION_TIME_INDEX,SINCE_LAST
 2DIAGNOSTIC,     1, -7.520419955254e-01, inf, 6.6437e-01, 6.6437e-01, 
 2DIAGNOSTIC,     2, -7.554975152016e-01, inf, 6.7553e-01, 1.1166e-02, 
 2DIAGNOSTIC,     3, -7.611787915230e-01, inf, 6.8651e-01, 1.0973e-02, 
 2DIAGNOSTIC,     4, -7.715523838997e-01, inf, 6.9746e-01, 1.0952e-02, 
 2DIAGNOSTIC,     5, -7.888995409012e-01, inf, 7.0801e-01, 1.0556e-02, 
 2DIAGNOSTIC,     6, -8.178867101669e-01, inf, 7.1757e-01, 9.5570e-03, 
 2DIAGNOSTIC,     7, -8.637369275093e-01, inf, 7.2740e-01, 9.8281e-03, 
 2DIAGNOSTIC,     8, -9.339609742165e-01, inf, 7.3969e-01, 1.2293e-02, 
 2DIAGNOSTIC,     9, -9.943284392357e-01, inf, 7.5117e-01, 1.1476e-02, 
 2DIAGNOSTIC,    10, -1.015594959259e+00, 2.156208269298e-02, 7.6312e-01, 1.1948e-02, 
 2DIAGNOSTIC,    11, -1.019313573837e+00, 2.153587341309e-02, 7.7378e-01, 1.0665e-02, 
 2DIAGNOSTIC,    12, -1.026150345802e+00, 1.988522708416e-02, 7.8521e-01, 1.1433e-02, 
 2DIAGNOSTIC,    13, -1.028994441032e+00, 1.693812757730e-02, 7.9858e-01, 1.3369e-02, 
 2DIAGNOSTIC,    14, -1.029385805130e+00, 1.318054925650e-02, 8.0804e-01, 9.4550e-03, 
 2DIAGNOSTIC,    15, -1.030449509621e+00, 9.193721227348e-03, 8.1821e-01, 1.0173e-02, 
 2DIAGNOSTIC,    16, -1.031270027161e+00, 5.519569851458e-03, 8.2779e-01, 9.5780e-03, 
 2DIAGNOSTIC,    17, -1.032011032104e+00, 2.651707734913e-03, 8.3731e-01, 9.5172e-03, 
 2DIAGNOSTIC,    18, -1.033994078636e+00, 1.100110472180e-03, 8.4965e-01, 1.2339e-02, 
 2DIAGNOSTIC,    19, -1.034587264061e+00, 5.979842389934e-04, 8.6293e-01, 1.3284e-02, 
 2DIAGNOSTIC,    20, -1.034734129906e+00, 4.209282633383e-04, 8.7294e-01, 1.0008e-02, 
 2DIAGNOSTIC,    21, -1.035063266754e+00, 2.796328335535e-04, 8.8240e-01, 9.4662e-03, 
 2DIAGNOSTIC,    22, -1.035319805145e+00, 2.222454786533e-04, 8.9190e-01, 9.4981e-03, 
 2DIAGNOSTIC,    23, -1.035490751266e+00, 1.886094978545e-04, 9.0115e-01, 9.2452e-03, 
 2DIAGNOSTIC,    24, -1.035561323166e+00, 1.459901104681e-04, 9.1373e-01, 1.2587e-02, 
 2DIAGNOSTIC,    25, -1.035579085350e+00, 1.065645628842e-04, 9.2352e-01, 9.7890e-03, 
 2DIAGNOSTIC,    26, -1.035588860512e+00, 7.009384717094e-05, 9.3431e-01, 1.0789e-02, 
 2DIAGNOSTIC,    27, -1.035594940186e+00, 3.766076406464e-05, 9.4498e-01, 1.0667e-02, 
 2DIAGNOSTIC,    28, -1.035598635674e+00, 2.502654569980e-05, 9.5714e-01, 1.2163e-02, 
 2DIAGNOSTIC,    29, -1.035601496696e+00, 1.713737947284e-05, 9.6991e-01, 1.2766e-02, 
 2DIAGNOSTIC,    30, -1.035601973534e+00, 9.702067472972e-06, 9.8183e-01, 1.1918e-02, 
 2DIAGNOSTIC,    31, -1.035601615906e+00, 5.027012775827e-06, 9.9234e-01, 1.0516e-02, 
 2DIAGNOSTIC,    32, -1.035601735115e+00, 2.594666511868e-06, 1.0025e+00, 1.0154e-02, 
 2DIAGNOSTIC,    33, -1.035602211952e+00, 1.669896960266e-06, 1.0129e+00, 1.0377e-02, 
 2DIAGNOSTIC,    34, -1.035602331161e+00, 1.342366772406e-06, 1.0252e+00, 1.2328e-02, 
 2DIAGNOSTIC,    35, -1.035601854324e+00, 1.143206759480e-06, 1.0345e+00, 9.3021e-03, 
 2DIAGNOSTIC,    36, -1.035602807999e+00, 1.024266339300e-06, 1.0445e+00, 1.0043e-02, 
DIAGNOSTIC,Iteration,metricValue,convergenceValue,ITERATION_TIME_INDEX,SINCE_LAST
 2DIAGNOSTIC,     1, -8.239643573761e-01, inf, 1.7764e+00, 7.3187e-01, 
 2DIAGNOSTIC,     2, -8.257942795753e-01, inf, 1.8173e+00, 4.0834e-02, 
 2DIAGNOSTIC,     3, -8.276677727699e-01, inf, 1.8567e+00, 3.9438e-02, 
 2DIAGNOSTIC,     4, -8.291948437691e-01, inf, 1.8961e+00, 3.9453e-02, 
 2DIAGNOSTIC,     5, -8.305079936981e-01, inf, 1.9328e+00, 3.6685e-02, 
 2DIAGNOSTIC,     6, -8.318371772766e-01, inf, 1.9689e+00, 3.6072e-02, 
 2DIAGNOSTIC,     7, -8.329340815544e-01, inf, 2.0200e+00, 5.1086e-02, 
 2DIAGNOSTIC,     8, -8.334354162216e-01, inf, 2.1153e+00, 9.5350e-02, 
 2DIAGNOSTIC,     9, -8.334442377090e-01, inf, 2.1505e+00, 3.5178e-02, 
 2DIAGNOSTIC,    10, -8.334468603134e-01, 7.624835125171e-04, 2.1861e+00, 3.5579e-02, 
 2DIAGNOSTIC,    11, -8.334515690804e-01, 5.391486920416e-04, 2.2217e+00, 3.5609e-02, 
 2DIAGNOSTIC,    12, -8.334505558014e-01, 3.561107150745e-04, 2.2576e+00, 3.5873e-02, 
 2DIAGNOSTIC,    13, -8.334636688232e-01, 2.185526973335e-04, 2.2939e+00, 3.6299e-02, 
 2DIAGNOSTIC,    14, -8.334847092628e-01, 1.187403686345e-04, 2.3294e+00, 3.5516e-02, 
 2DIAGNOSTIC,    15, -8.335145711899e-01, 5.185748523218e-05, 2.3645e+00, 3.5096e-02, 
 2DIAGNOSTIC,    16, -8.335524797440e-01, 1.745289227983e-05, 2.3985e+00, 3.4064e-02, 
 2DIAGNOSTIC,    17, -8.335982561111e-01, 8.360654646822e-06, 2.4383e+00, 3.9726e-02, 
 2DIAGNOSTIC,    18, -8.336231708527e-01, 9.657416740083e-06, 2.4734e+00, 3.5132e-02, 
 2DIAGNOSTIC,    19, -8.336735367775e-01, 1.114929182222e-05, 2.5095e+00, 3.6142e-02, 
 2DIAGNOSTIC,    20, -8.337386846542e-01, 1.275122303923e-05, 2.5447e+00, 3.5168e-02, 
 2DIAGNOSTIC,    21, -8.338183164597e-01, 1.451260777685e-05, 2.5793e+00, 3.4558e-02, 
 2DIAGNOSTIC,    22, -8.338981866837e-01, 1.610414255993e-05, 2.6136e+00, 3.4362e-02, 
 2DIAGNOSTIC,    23, -8.339701294899e-01, 1.743891880324e-05, 2.6663e+00, 5.2672e-02, 
 2DIAGNOSTIC,    24, -8.339910507202e-01, 1.774553675205e-05, 2.7014e+00, 3.5128e-02, 
 2DIAGNOSTIC,    25, -8.339995145798e-01, 1.700754546619e-05, 2.7419e+00, 4.0470e-02, 
 2DIAGNOSTIC,    26, -8.340124487877e-01, 1.550275192130e-05, 2.7821e+00, 4.0239e-02, 
 2DIAGNOSTIC,    27, -8.340178728104e-01, 1.340115977655e-05, 2.8238e+00, 4.1687e-02, 
 2DIAGNOSTIC,    28, -8.340210914612e-01, 1.063045237970e-05, 2.8636e+00, 3.9747e-02, 
 2DIAGNOSTIC,    29, -8.340209722519e-01, 7.745338734821e-06, 2.9069e+00, 4.3341e-02, 
 2DIAGNOSTIC,    30, -8.340244889259e-01, 5.202521151659e-06, 2.9465e+00, 3.9597e-02, 
 2DIAGNOSTIC,    31, -8.340256810188e-01, 3.306638518552e-06, 2.9855e+00, 3.8974e-02, 
 2DIAGNOSTIC,    32, -8.340284228325e-01, 2.175280087613e-06, 3.0253e+00, 3.9804e-02, 
 2DIAGNOSTIC,    33, -8.340293765068e-01, 1.750847445692e-06, 3.0658e+00, 4.0494e-02, 
 2DIAGNOSTIC,    34, -8.340308666229e-01, 1.501857241237e-06, 3.1070e+00, 4.1248e-02, 
 2DIAGNOSTIC,    35, -8.340302705765e-01, 1.287211375711e-06, 3.1427e+00, 3.5623e-02, 
 2DIAGNOSTIC,    36, -8.340312838554e-01, 1.179810737995e-06, 3.1825e+00, 3.9806e-02, 
 2DIAGNOSTIC,    37, -8.340313434601e-01, 1.099785322367e-06, 3.2213e+00, 3.8803e-02, 
 2DIAGNOSTIC,    38, -8.340322971344e-01, 1.039002427206e-06, 3.2602e+00, 3.8943e-02, 
DIAGNOSTIC,Iteration,metricValue,convergenceValue,ITERATION_TIME_INDEX,SINCE_LAST
 2DIAGNOSTIC,     1, -7.362868189812e-01, inf, 4.3072e+00, 1.0470e+00, 
 2DIAGNOSTIC,     2, -7.371023297310e-01, inf, 4.5666e+00, 2.5939e-01, 
 2DIAGNOSTIC,     3, -7.375715970993e-01, inf, 4.8265e+00, 2.5990e-01, 
 2DIAGNOSTIC,     4, -7.379120588303e-01, inf, 5.0864e+00, 2.5993e-01, 
 2DIAGNOSTIC,     5, -7.383272647858e-01, inf, 5.3433e+00, 2.5689e-01, 
 2DIAGNOSTIC,     6, -7.386152148247e-01, inf, 5.6292e+00, 2.8591e-01, 
 2DIAGNOSTIC,     7, -7.387492060661e-01, inf, 6.0083e+00, 3.7903e-01, 
 2DIAGNOSTIC,     8, -7.388253808022e-01, inf, 6.2673e+00, 2.5905e-01, 
 2DIAGNOSTIC,     9, -7.388539314270e-01, inf, 6.5264e+00, 2.5912e-01, 
 2DIAGNOSTIC,    10, -7.389042973518e-01, 2.136635885108e-04, 6.7830e+00, 2.5653e-01, 
 2DIAGNOSTIC,    11, -7.389702796936e-01, 1.410826080246e-04, 7.0721e+00, 2.8918e-01, 
 2DIAGNOSTIC,    12, -7.389988899231e-01, 9.507546928944e-05, 7.3921e+00, 3.1994e-01, 
 2DIAGNOSTIC,    13, -7.390186190605e-01, 6.225385004655e-05, 7.6817e+00, 2.8961e-01, 
 2DIAGNOSTIC,    14, -7.390355467796e-01, 3.834491872112e-05, 7.9379e+00, 2.5617e-01, 
 2DIAGNOSTIC,    15, -7.391343116760e-01, 2.735772068263e-05, 8.2553e+00, 3.1742e-01, 
 2DIAGNOSTIC,    16, -7.392039299011e-01, 2.388363100181e-05, 8.5425e+00, 2.8717e-01, 
 2DIAGNOSTIC,    17, -7.392141222954e-01, 2.201397364843e-05, 8.8025e+00, 2.6005e-01, 
 2DIAGNOSTIC,    18, -7.392143607140e-01, 2.017913175223e-05, 9.2882e+00, 4.8568e-01, 
 2DIAGNOSTIC,    19, -7.392149567604e-01, 1.742875610944e-05, 9.6093e+00, 3.2114e-01, 
 2DIAGNOSTIC,    20, -7.392145991325e-01, 1.439300558559e-05, 9.9011e+00, 2.9173e-01, 
 2DIAGNOSTIC,    21, -7.392146587372e-01, 1.162991793535e-05, 1.0159e+01, 2.5829e-01, 
 2DIAGNOSTIC,    22, -7.392139434814e-01, 8.676071956870e-06, 1.0448e+01, 2.8872e-01, 
 2DIAGNOSTIC,    23, -7.392145395279e-01, 5.673218765878e-06, 1.0738e+01, 2.8992e-01, 
 2DIAGNOSTIC,    24, -7.392130494118e-01, 2.736354190347e-06, 1.1026e+01, 2.8754e-01, 
 2DIAGNOSTIC,    25, -7.392132878304e-01, 1.397612322762e-06, 1.1349e+01, 3.2326e-01, 
 2DIAGNOSTIC,    26, -7.392129302025e-01, 1.170729319711e-06, 1.1641e+01, 2.9238e-01, 
 2DIAGNOSTIC,    27, -7.392133474350e-01, 1.116769112741e-06, 1.1930e+01, 2.8849e-01, 
 2DIAGNOSTIC,    28, -7.392131090164e-01, 1.072046416084e-06, 1.2217e+01, 2.8767e-01, 
 2DIAGNOSTIC,    29, -7.392135262489e-01, 1.050321202456e-06, 1.2500e+01, 2.8316e-01, 
 2DIAGNOSTIC,    30, -7.392131090164e-01, 1.024497692015e-06, 1.2819e+01, 3.1886e-01, 
 2DIAGNOSTIC,    31, -7.392130494118e-01, 1.004035425467e-06, 1.3105e+01, 2.8532e-01, 
DIAGNOSTIC,Iteration,metricValue,convergenceValue,ITERATION_TIME_INDEX,SINCE_LAST
 2DIAGNOSTIC,     1, -6.661818027496e-01, inf, 1.5889e+01, 2.7844e+00, 
  Elapsed time (stage 1): 1.6945e+01


Stage 2
  iterations = 100x100x70x20
  convergence threshold = 1.0000e-09
  convergence window size = 10
  number of levels = 4
  using the CC metric (radius = 4, weight = 1.0000e+00)
  preprocessing:  winsorizing the image intensities
  preprocessing:  histogram matching the images
  Shrink factors (level 1 out of 4): [6, 6, 6]
  Shrink factors (level 2 out of 4): [4, 4, 4]
  Shrink factors (level 3 out of 4): [2, 2, 2]
  Shrink factors (level 4 out of 4): [1, 1, 1]
  smoothing sigmas per level: [3, 2, 1, 0]
  Using default NONE metricSamplingStrategy 

*** Running SyN registration (varianceForUpdateField = 3.0000e+00, varianceForTotalField = 0.0000e+00) ***

XXDIAGNOSTIC,Iteration,metricValue,convergenceValue,ITERATION_TIME_INDEX,SINCE_LAST
 1DIAGNOSTIC,     1, -9.075082540512e-01, inf, 1.3837e+00, 1.3837e+00, 
 1DIAGNOSTIC,     2, -9.145205616951e-01, inf, 2.1804e+00, 7.9671e-01, 
 1DIAGNOSTIC,     3, -9.226242303848e-01, inf, 3.0064e+00, 8.2594e-01, 
 1DIAGNOSTIC,     4, -9.289995431900e-01, inf, 3.7960e+00, 7.8962e-01, 
 1DIAGNOSTIC,     5, -9.349575638771e-01, inf, 4.6223e+00, 8.2635e-01, 
 1DIAGNOSTIC,     6, -9.401017427444e-01, inf, 5.4356e+00, 8.1322e-01, 
 1DIAGNOSTIC,     7, -9.441885352135e-01, inf, 6.2333e+00, 7.9771e-01, 
 1DIAGNOSTIC,     8, -9.471739530563e-01, inf, 7.0659e+00, 8.3260e-01, 
 1DIAGNOSTIC,     9, -9.494134187698e-01, inf, 7.8453e+00, 7.7945e-01, 
 1DIAGNOSTIC,    10, -9.510643482208e-01, 3.022089134902e-03, 8.6596e+00, 8.1429e-01, 
 1DIAGNOSTIC,    11, -9.523686766624e-01, 2.305895555764e-03, 9.4619e+00, 8.0227e-01, 
 1DIAGNOSTIC,    12, -9.534250497818e-01, 1.705081434920e-03, 1.0265e+01, 8.0348e-01, 
 1DIAGNOSTIC,    13, -9.542965888977e-01, 1.251599751413e-03, 1.1057e+01, 7.9190e-01, 
 1DIAGNOSTIC,    14, -9.550280570984e-01, 9.021743317135e-04, 1.1888e+01, 8.3122e-01, 
 1DIAGNOSTIC,    15, -9.556503295898e-01, 6.488015060313e-04, 1.2704e+01, 8.1556e-01, 
 1DIAGNOSTIC,    16, -9.561846852303e-01, 4.740759322885e-04, 1.3495e+01, 7.9077e-01, 
 1DIAGNOSTIC,    17, -9.566487073898e-01, 3.565407823771e-04, 1.4319e+01, 8.2382e-01, 
 1DIAGNOSTIC,    18, -9.570562839508e-01, 2.756068424787e-04, 1.5145e+01, 8.2596e-01, 
 1DIAGNOSTIC,    19, -9.574233293533e-01, 2.187763602706e-04, 1.5924e+01, 7.7905e-01, 
 1DIAGNOSTIC,    20, -9.577455520630e-01, 1.768644287949e-04, 1.6758e+01, 8.3447e-01, 
 1DIAGNOSTIC,    21, -9.580342769623e-01, 1.452092692489e-04, 1.7579e+01, 8.2088e-01, 
 1DIAGNOSTIC,    22, -9.582943916321e-01, 1.208221074194e-04, 1.8396e+01, 8.1710e-01, 
 1DIAGNOSTIC,    23, -9.585243463516e-01, 1.016231690301e-04, 1.9214e+01, 8.1834e-01, 
 1DIAGNOSTIC,    24, -9.587398171425e-01, 8.634914411232e-05, 1.9995e+01, 7.8019e-01, 
 1DIAGNOSTIC,    25, -9.589344859123e-01, 7.401204493362e-05, 2.0767e+01, 7.7202e-01, 
 1DIAGNOSTIC,    26, -9.591097235680e-01, 6.387953180820e-05, 2.1568e+01, 8.0084e-01, 
 1DIAGNOSTIC,    27, -9.592751860619e-01, 5.551108188229e-05, 2.2397e+01, 8.2937e-01, 
 1DIAGNOSTIC,    28, -9.594267010689e-01, 4.853096834267e-05, 2.3202e+01, 8.0498e-01, 
 1DIAGNOSTIC,    29, -9.595656394958e-01, 4.272396836313e-05, 2.4004e+01, 8.0216e-01, 
 1DIAGNOSTIC,    30, -9.596967697144e-01, 3.784184082178e-05, 2.4809e+01, 8.0537e-01, 
 1DIAGNOSTIC,    31, -9.598186016083e-01, 3.371185448486e-05, 2.5629e+01, 8.1922e-01, 
 1DIAGNOSTIC,    32, -9.599315524101e-01, 3.019247924385e-05, 2.6440e+01, 8.1104e-01, 
 1DIAGNOSTIC,    33, -9.600306749344e-01, 2.706357918214e-05, 2.7255e+01, 8.1517e-01, 
 1DIAGNOSTIC,    34, -9.601296782494e-01, 2.437683724565e-05, 2.8071e+01, 8.1584e-01, 
 1DIAGNOSTIC,    35, -9.602228403091e-01, 2.204641350545e-05, 2.8873e+01, 8.0280e-01, 
 1DIAGNOSTIC,    36, -9.603095054626e-01, 1.998245170398e-05, 2.9681e+01, 8.0781e-01, 
 1DIAGNOSTIC,    37, -9.603909254074e-01, 1.818328564696e-05, 3.0494e+01, 8.1283e-01, 
 1DIAGNOSTIC,    38, -9.604672193527e-01, 1.660019006522e-05, 3.1318e+01, 8.2426e-01, 
 1DIAGNOSTIC,    39, -9.605393409729e-01, 1.519319266663e-05, 3.2122e+01, 8.0315e-01, 
 1DIAGNOSTIC,    40, -9.606070518494e-01, 1.395124036208e-05, 3.2930e+01, 8.0814e-01, 
 1DIAGNOSTIC,    41, -9.606692790985e-01, 1.283818619413e-05, 3.3724e+01, 7.9483e-01, 
 1DIAGNOSTIC,    42, -9.607638120651e-01, 1.208795038110e-05, 3.4560e+01, 8.3570e-01, 
 1DIAGNOSTIC,    43, -9.608530402184e-01, 1.157679253083e-05, 3.5358e+01, 7.9831e-01, 
 1DIAGNOSTIC,    44, -9.608996510506e-01, 1.102420901589e-05, 3.6195e+01, 8.3699e-01, 
 1DIAGNOSTIC,    45, -9.609783887863e-01, 1.064675325324e-05, 3.6983e+01, 7.8719e-01, 
 1DIAGNOSTIC,    46, -9.610517621040e-01, 1.035874174704e-05, 3.7821e+01, 8.3863e-01, 
 1DIAGNOSTIC,    47, -9.611146450043e-01, 1.005585545499e-05, 3.8642e+01, 8.2066e-01, 
 1DIAGNOSTIC,    48, -9.611786603928e-01, 9.727338692755e-06, 3.9429e+01, 7.8735e-01, 
 1DIAGNOSTIC,    49, -9.612036943436e-01, 9.129453246715e-06, 4.0246e+01, 8.1695e-01, 
 1DIAGNOSTIC,    50, -9.612304568291e-01, 8.306928066304e-06, 4.1037e+01, 7.9028e-01, 
 1DIAGNOSTIC,    51, -9.612563848495e-01, 7.284688763320e-06, 4.1817e+01, 7.8031e-01, 
 1DIAGNOSTIC,    52, -9.612826108932e-01, 6.342051619868e-06, 4.2626e+01, 8.0959e-01, 
 1DIAGNOSTIC,    53, -9.613086581230e-01, 5.530126145459e-06, 4.3431e+01, 8.0493e-01, 
 1DIAGNOSTIC,    54, -9.613339304924e-01, 4.665864253184e-06, 4.4227e+01, 7.9613e-01, 
 1DIAGNOSTIC,    55, -9.613587856293e-01, 3.997909061582e-06, 4.5034e+01, 8.0694e-01, 
 1DIAGNOSTIC,    56, -9.613832235336e-01, 3.539221552273e-06, 4.5828e+01, 7.9372e-01, 
 1DIAGNOSTIC,    57, -9.614074230194e-01, 3.257343450969e-06, 4.6649e+01, 8.2106e-01, 
 1DIAGNOSTIC,    58, -9.614307880402e-01, 3.171456910422e-06, 4.7471e+01, 8.2194e-01, 
 1DIAGNOSTIC,    59, -9.614537358284e-01, 3.075513859585e-06, 4.8298e+01, 8.2651e-01, 
 1DIAGNOSTIC,    60, -9.614759683609e-01, 2.979239297929e-06, 4.9110e+01, 8.1192e-01, 
 1DIAGNOSTIC,    61, -9.614976048470e-01, 2.879913836296e-06, 4.9902e+01, 7.9240e-01, 
 1DIAGNOSTIC,    62, -9.615144729614e-01, 2.761064479273e-06, 5.0716e+01, 8.1353e-01, 
 1DIAGNOSTIC,    63, -9.615343809128e-01, 2.644756932568e-06, 5.1539e+01, 8.2325e-01, 
 1DIAGNOSTIC,    64, -9.615513682365e-01, 2.520009275031e-06, 5.2364e+01, 8.2484e-01, 
 1DIAGNOSTIC,    65, -9.615706801414e-01, 2.404195356576e-06, 5.3164e+01, 7.9998e-01, 
 1DIAGNOSTIC,    66, -9.615873098373e-01, 2.290200654897e-06, 5.3963e+01, 7.9973e-01, 
 1DIAGNOSTIC,    67, -9.616051912308e-01, 2.190494342358e-06, 5.4775e+01, 8.1152e-01, 
 1DIAGNOSTIC,    68, -9.616231322289e-01, 2.107092086590e-06, 5.5571e+01, 7.9590e-01, 
 1DIAGNOSTIC,    69, -9.616398811340e-01, 2.036980959019e-06, 5.6347e+01, 7.7617e-01, 
 1DIAGNOSTIC,    70, -9.616560935974e-01, 1.978268528546e-06, 5.7144e+01, 7.9683e-01, 
 1DIAGNOSTIC,    71, -9.616717100143e-01, 1.928987330757e-06, 5.7942e+01, 7.9802e-01, 
 1DIAGNOSTIC,    72, -9.616852402687e-01, 1.862067392722e-06, 5.8748e+01, 8.0676e-01, 
 1DIAGNOSTIC,    73, -9.616998434067e-01, 1.799287815629e-06, 5.9555e+01, 8.0672e-01, 
 1DIAGNOSTIC,    74, -9.617141485214e-01, 1.730646999931e-06, 6.0366e+01, 8.1112e-01, 
 1DIAGNOSTIC,    75, -9.617280364037e-01, 1.668583877290e-06, 6.1186e+01, 8.1984e-01, 
 1DIAGNOSTIC,    76, -9.617413282394e-01, 1.603738269296e-06, 6.1995e+01, 8.0853e-01, 
 1DIAGNOSTIC,    77, -9.617545604706e-01, 1.545009013171e-06, 6.2780e+01, 7.8481e-01, 
 1DIAGNOSTIC,    78, -9.617670774460e-01, 1.493299009780e-06, 6.3585e+01, 8.0558e-01, 
 1DIAGNOSTIC,    79, -9.617798924446e-01, 1.447999807169e-06, 6.4352e+01, 7.6728e-01, 
 1DIAGNOSTIC,    80, -9.617919921875e-01, 1.406769229106e-06, 6.5173e+01, 8.2037e-01, 
 1DIAGNOSTIC,    81, -9.618034958839e-01, 1.367648451378e-06, 6.5959e+01, 7.8603e-01, 
 1DIAGNOSTIC,    82, -9.618147015572e-01, 1.323938477071e-06, 6.6786e+01, 8.2701e-01, 
 1DIAGNOSTIC,    83, -9.618253707886e-01, 1.280310925722e-06, 6.7612e+01, 8.2584e-01, 
 1DIAGNOSTIC,    84, -9.618360400200e-01, 1.238398454007e-06, 6.8421e+01, 8.0939e-01, 
 1DIAGNOSTIC,    85, -9.618465304375e-01, 1.198652057610e-06, 6.9222e+01, 8.0103e-01, 
 1DIAGNOSTIC,    86, -9.618553519249e-01, 1.155631480287e-06, 7.0044e+01, 8.2198e-01, 
 1DIAGNOSTIC,    87, -9.618651866913e-01, 1.115740133173e-06, 7.0865e+01, 8.2087e-01, 
 1DIAGNOSTIC,    88, -9.618749022484e-01, 1.078390482689e-06, 7.1660e+01, 7.9464e-01, 
 1DIAGNOSTIC,    89, -9.618858695030e-01, 1.051045046552e-06, 7.2471e+01, 8.1121e-01, 
 1DIAGNOSTIC,    90, -9.618946313858e-01, 1.025180949910e-06, 7.3255e+01, 7.8435e-01, 
 1DIAGNOSTIC,    91, -9.619034528732e-01, 1.000703491627e-06, 7.4062e+01, 8.0661e-01, 
 1DIAGNOSTIC,    92, -9.619115591049e-01, 9.755530072653e-07, 7.4853e+01, 7.9147e-01, 
 1DIAGNOSTIC,    93, -9.619199037552e-01, 9.500147371000e-07, 7.5665e+01, 8.1157e-01, 
 1DIAGNOSTIC,    94, -9.619278907776e-01, 9.243440217688e-07, 7.6474e+01, 8.0937e-01, 
 1DIAGNOSTIC,    95, -9.619355797768e-01, 8.988445756586e-07, 7.7285e+01, 8.1122e-01, 
 1DIAGNOSTIC,    96, -9.619432687759e-01, 8.698987130629e-07, 7.8084e+01, 7.9827e-01, 
 1DIAGNOSTIC,    97, -9.619506001472e-01, 8.414626222475e-07, 7.8911e+01, 8.2736e-01, 
 1DIAGNOSTIC,    98, -9.619578123093e-01, 8.145098604473e-07, 7.9725e+01, 8.1380e-01, 
 1DIAGNOSTIC,    99, -9.619647264481e-01, 7.938014618958e-07, 8.0539e+01, 8.1416e-01, 
 1DIAGNOSTIC,   100, -9.619714617729e-01, 7.732838298580e-07, 8.1353e+01, 8.1444e-01, 
XXDIAGNOSTIC,Iteration,metricValue,convergenceValue,ITERATION_TIME_INDEX,SINCE_LAST
 1DIAGNOSTIC,     1, -9.202123284340e-01, inf, 8.4579e+01, 3.2258e+00, 
 1DIAGNOSTIC,     2, -9.212493896484e-01, inf, 8.7179e+01, 2.6002e+00, 
 1DIAGNOSTIC,     3, -9.223644733429e-01, inf, 8.9783e+01, 2.6032e+00, 
 1DIAGNOSTIC,     4, -9.233700633049e-01, inf, 9.2378e+01, 2.5956e+00, 
 1DIAGNOSTIC,     5, -9.242043495178e-01, inf, 9.4983e+01, 2.6049e+00, 
 1DIAGNOSTIC,     6, -9.249972105026e-01, inf, 9.7581e+01, 2.5982e+00, 
 1DIAGNOSTIC,     7, -9.257339239120e-01, inf, 1.0018e+02, 2.5966e+00, 
 1DIAGNOSTIC,     8, -9.264082908630e-01, inf, 1.0276e+02, 2.5828e+00, 
 1DIAGNOSTIC,     9, -9.270291328430e-01, inf, 1.0538e+02, 2.6220e+00, 
 1DIAGNOSTIC,    10, -9.275439977646e-01, 5.091339116916e-04, 1.0801e+02, 2.6238e+00, 
 1DIAGNOSTIC,    11, -9.279420971870e-01, 4.202858544886e-04, 1.1062e+02, 2.6144e+00, 
 1DIAGNOSTIC,    12, -9.283055663109e-01, 3.442393208388e-04, 1.1323e+02, 2.6066e+00, 
 1DIAGNOSTIC,    13, -9.286350011826e-01, 2.827622811310e-04, 1.1583e+02, 2.5987e+00, 
 1DIAGNOSTIC,    14, -9.289388656616e-01, 2.330145798624e-04, 1.1844e+02, 2.6107e+00, 
 1DIAGNOSTIC,    15, -9.292209744453e-01, 1.914191379910e-04, 1.2104e+02, 2.6013e+00, 
 1DIAGNOSTIC,    16, -9.294762611389e-01, 1.575625210535e-04, 1.2365e+02, 2.6123e+00, 
 1DIAGNOSTIC,    17, -9.297128915787e-01, 1.307485072175e-04, 1.2627e+02, 2.6200e+00, 
 1DIAGNOSTIC,    18, -9.299336671829e-01, 1.100679655792e-04, 1.2888e+02, 2.6053e+00, 
 1DIAGNOSTIC,    19, -9.301347732544e-01, 9.463298192713e-05, 1.3148e+02, 2.6074e+00, 
 1DIAGNOSTIC,    20, -9.303206801414e-01, 8.273634011857e-05, 1.3410e+02, 2.6180e+00, 
 1DIAGNOSTIC,    21, -9.305034875870e-01, 7.279709825525e-05, 1.3671e+02, 2.6072e+00, 
 1DIAGNOSTIC,    22, -9.306635856628e-01, 6.431263318518e-05, 1.3931e+02, 2.5971e+00, 
 1DIAGNOSTIC,    23, -9.308131337166e-01, 5.699238681700e-05, 1.4193e+02, 2.6198e+00, 
 1DIAGNOSTIC,    24, -9.309546947479e-01, 5.069042163086e-05, 1.4454e+02, 2.6114e+00, 
 1DIAGNOSTIC,    25, -9.310839176178e-01, 4.523870302364e-05, 1.4715e+02, 2.6143e+00, 
 1DIAGNOSTIC,    26, -9.312069416046e-01, 4.047466063639e-05, 1.4975e+02, 2.6035e+00, 
 1DIAGNOSTIC,    27, -9.313209056854e-01, 3.629490674939e-05, 1.5235e+02, 2.5938e+00, 
 1DIAGNOSTIC,    28, -9.314295649529e-01, 3.266417115810e-05, 1.5495e+02, 2.6058e+00, 
 1DIAGNOSTIC,    29, -9.315324425697e-01, 2.947878056148e-05, 1.5757e+02, 2.6175e+00, 
 1DIAGNOSTIC,    30, -9.316259622574e-01, 2.663629129529e-05, 1.6018e+02, 2.6039e+00, 
 1DIAGNOSTIC,    31, -9.317174553871e-01, 2.423533260298e-05, 1.6278e+02, 2.6039e+00, 
 1DIAGNOSTIC,    32, -9.318015575409e-01, 2.209274316556e-05, 1.6540e+02, 2.6167e+00, 
 1DIAGNOSTIC,    33, -9.318844079971e-01, 2.020811007242e-05, 1.6801e+02, 2.6136e+00, 
 1DIAGNOSTIC,    34, -9.319626688957e-01, 1.856231756392e-05, 1.7062e+02, 2.6099e+00, 
 1DIAGNOSTIC,    35, -9.320338964462e-01, 1.706662078504e-05, 1.7324e+02, 2.6216e+00, 
 1DIAGNOSTIC,    36, -9.321013689041e-01, 1.571825305291e-05, 1.7587e+02, 2.6271e+00, 
 1DIAGNOSTIC,    37, -9.321651458740e-01, 1.448293278372e-05, 1.7848e+02, 2.6105e+00, 
 1DIAGNOSTIC,    38, -9.322211742401e-01, 1.332394003839e-05, 1.8109e+02, 2.6147e+00, 
 1DIAGNOSTIC,    39, -9.322804808617e-01, 1.229248755408e-05, 1.8369e+02, 2.5971e+00, 
 1DIAGNOSTIC,    40, -9.323354363441e-01, 1.133869409387e-05, 1.8629e+02, 2.5986e+00, 
 1DIAGNOSTIC,    41, -9.323890805244e-01, 1.049552156474e-05, 1.8888e+02, 2.5909e+00, 
 1DIAGNOSTIC,    42, -9.324383139610e-01, 9.723205039336e-06, 1.9149e+02, 2.6139e+00, 
 1DIAGNOSTIC,    43, -9.324864745140e-01, 9.051206689037e-06, 1.9411e+02, 2.6166e+00, 
 1DIAGNOSTIC,    44, -9.325349330902e-01, 8.485691068927e-06, 1.9672e+02, 2.6109e+00, 
 1DIAGNOSTIC,    45, -9.325779080391e-01, 7.968228601385e-06, 1.9932e+02, 2.6013e+00, 
 1DIAGNOSTIC,    46, -9.326184988022e-01, 7.488043593185e-06, 2.0192e+02, 2.6008e+00, 
 1DIAGNOSTIC,    47, -9.326586127281e-01, 7.046774953778e-06, 2.0453e+02, 2.6054e+00, 
 1DIAGNOSTIC,    48, -9.326962828636e-01, 6.602510438825e-06, 2.0712e+02, 2.5918e+00, 
 1DIAGNOSTIC,    49, -9.327337145805e-01, 6.203368684510e-06, 2.0972e+02, 2.6025e+00, 
 1DIAGNOSTIC,    50, -9.327688217163e-01, 5.831357611896e-06, 2.1233e+02, 2.6062e+00, 
 1DIAGNOSTIC,    51, -9.327988624573e-01, 5.471627446241e-06, 2.1493e+02, 2.6002e+00, 
 1DIAGNOSTIC,    52, -9.328275322914e-01, 5.113492534292e-06, 2.1754e+02, 2.6078e+00, 
 1DIAGNOSTIC,    53, -9.328582286835e-01, 4.785856617673e-06, 2.2015e+02, 2.6104e+00, 
 1DIAGNOSTIC,    54, -9.328862428665e-01, 4.495612756727e-06, 2.2276e+02, 2.6116e+00, 
 1DIAGNOSTIC,    55, -9.329135417938e-01, 4.226508735883e-06, 2.2536e+02, 2.6055e+00, 
 1DIAGNOSTIC,    56, -9.329426288605e-01, 3.992683559773e-06, 2.2797e+02, 2.6079e+00, 
 1DIAGNOSTIC,    57, -9.329670071602e-01, 3.779466851483e-06, 2.3057e+02, 2.5980e+00, 
 1DIAGNOSTIC,    58, -9.329919815063e-01, 3.589914513213e-06, 2.3318e+02, 2.6100e+00, 
 1DIAGNOSTIC,    59, -9.330163002014e-01, 3.430025799389e-06, 2.3579e+02, 2.6081e+00, 
 1DIAGNOSTIC,    60, -9.330391883850e-01, 3.289349479019e-06, 2.3843e+02, 2.6444e+00, 
 1DIAGNOSTIC,    61, -9.330608844757e-01, 3.143883532175e-06, 2.4103e+02, 2.5986e+00, 
 1DIAGNOSTIC,    62, -9.330808520317e-01, 2.987261495946e-06, 2.4365e+02, 2.6145e+00, 
 1DIAGNOSTIC,    63, -9.330999851227e-01, 2.836557086994e-06, 2.4626e+02, 2.6125e+00, 
 1DIAGNOSTIC,    64, -9.331202507019e-01, 2.693853275559e-06, 2.4886e+02, 2.6040e+00, 
 1DIAGNOSTIC,    65, -9.331395626068e-01, 2.559755102993e-06, 2.5148e+02, 2.6126e+00, 
 1DIAGNOSTIC,    66, -9.331569671631e-01, 2.443117409712e-06, 2.5407e+02, 2.5914e+00, 
 1DIAGNOSTIC,    67, -9.331755638123e-01, 2.334847067686e-06, 2.5667e+02, 2.6061e+00, 
 1DIAGNOSTIC,    68, -9.331930279732e-01, 2.238743491034e-06, 2.5929e+02, 2.6163e+00, 
 1DIAGNOSTIC,    69, -9.332082271576e-01, 2.147305622202e-06, 2.6188e+02, 2.5913e+00, 
 1DIAGNOSTIC,    70, -9.332246780396e-01, 2.065622311420e-06, 2.6449e+02, 2.6048e+00, 
 1DIAGNOSTIC,    71, -9.332377910614e-01, 1.978745103770e-06, 2.6709e+02, 2.6079e+00, 
 1DIAGNOSTIC,    72, -9.332520365715e-01, 1.890298563012e-06, 2.6968e+02, 2.5889e+00, 
 1DIAGNOSTIC,    73, -9.332669973373e-01, 1.805288320611e-06, 2.7228e+02, 2.5992e+00, 
 1DIAGNOSTIC,    74, -9.332807064056e-01, 1.728782876853e-06, 2.7489e+02, 2.6110e+00, 
 1DIAGNOSTIC,    75, -9.332930445671e-01, 1.656464633015e-06, 2.7750e+02, 2.6109e+00, 
 1DIAGNOSTIC,    76, -9.333059787750e-01, 1.587643964740e-06, 2.8012e+02, 2.6137e+00, 
 1DIAGNOSTIC,    77, -9.333176612854e-01, 1.526334472146e-06, 2.8272e+02, 2.6044e+00, 
 1DIAGNOSTIC,    78, -9.333310127258e-01, 1.478405692978e-06, 2.8532e+02, 2.6008e+00, 
 1DIAGNOSTIC,    79, -9.333444237709e-01, 1.437224796064e-06, 2.8794e+02, 2.6174e+00, 
 1DIAGNOSTIC,    80, -9.333567023277e-01, 1.405711145708e-06, 2.9054e+02, 2.5979e+00, 
 1DIAGNOSTIC,    81, -9.333684444427e-01, 1.370271093037e-06, 2.9314e+02, 2.5998e+00, 
 1DIAGNOSTIC,    82, -9.333797693253e-01, 1.335295905847e-06, 2.9574e+02, 2.6044e+00, 
 1DIAGNOSTIC,    83, -9.333908557892e-01, 1.304256102230e-06, 2.9835e+02, 2.6055e+00, 
 1DIAGNOSTIC,    84, -9.334021806717e-01, 1.274829401154e-06, 3.0093e+02, 2.5877e+00, 
 1DIAGNOSTIC,    85, -9.334129095078e-01, 1.241234940608e-06, 3.0353e+02, 2.6000e+00, 
 1DIAGNOSTIC,    86, -9.334208965302e-01, 1.198110794576e-06, 3.0614e+02, 2.6003e+00, 
 1DIAGNOSTIC,    87, -9.334314465523e-01, 1.153225184680e-06, 3.0873e+02, 2.5977e+00, 
 1DIAGNOSTIC,    88, -9.334400892258e-01, 1.108348328671e-06, 3.1133e+02, 2.6012e+00, 
 1DIAGNOSTIC,    89, -9.334486722946e-01, 1.066752361112e-06, 3.1394e+02, 2.6077e+00, 
 1DIAGNOSTIC,    90, -9.334583282471e-01, 1.031099714055e-06, 3.1656e+02, 2.6164e+00, 
 1DIAGNOSTIC,    91, -9.334657788277e-01, 9.942641554517e-07, 3.1917e+02, 2.6157e+00, 
 1DIAGNOSTIC,    92, -9.334745407104e-01, 9.618785270504e-07, 3.2178e+02, 2.6049e+00, 
 1DIAGNOSTIC,    93, -9.334819316864e-01, 9.303339538747e-07, 3.2439e+02, 2.6083e+00, 
 1DIAGNOSTIC,    94, -9.334902763367e-01, 9.056819862963e-07, 3.2700e+02, 2.6091e+00, 
 1DIAGNOSTIC,    95, -9.334955215454e-01, 8.774110824561e-07, 3.2961e+02, 2.6095e+00, 
 1DIAGNOSTIC,    96, -9.335033893585e-01, 8.470942134409e-07, 3.3221e+02, 2.6093e+00, 
 1DIAGNOSTIC,    97, -9.335122108459e-01, 8.277978622573e-07, 3.3482e+02, 2.6084e+00, 
 1DIAGNOSTIC,    98, -9.335193634033e-01, 8.089064635897e-07, 3.3742e+02, 2.5978e+00, 
 1DIAGNOSTIC,    99, -9.335231184959e-01, 7.809696853656e-07, 3.4000e+02, 2.5830e+00, 
 1DIAGNOSTIC,   100, -9.335261583328e-01, 7.478371344405e-07, 3.4261e+02, 2.6084e+00, 
XXDIAGNOSTIC,Iteration,metricValue,convergenceValue,ITERATION_TIME_INDEX,SINCE_LAST
 1DIAGNOSTIC,     1, -8.499402999878e-01, inf, 3.6499e+02, 2.2378e+01, 
 1DIAGNOSTIC,     2, -8.519697189331e-01, inf, 3.8631e+02, 2.1322e+01, 
 1DIAGNOSTIC,     3, -8.537228107452e-01, inf, 4.0746e+02, 2.1149e+01, 
 1DIAGNOSTIC,     4, -8.553552627563e-01, inf, 4.2851e+02, 2.1051e+01, 
 1DIAGNOSTIC,     5, -8.567860126495e-01, inf, 4.4974e+02, 2.1225e+01, 
 1DIAGNOSTIC,     6, -8.580562472343e-01, inf, 4.7101e+02, 2.1274e+01, 
 1DIAGNOSTIC,     7, -8.591147661209e-01, inf, 4.9203e+02, 2.1017e+01, 
 1DIAGNOSTIC,     8, -8.601212501526e-01, inf, 5.1295e+02, 2.0925e+01, 
 1DIAGNOSTIC,     9, -8.609781861305e-01, inf, 5.3420e+02, 2.1244e+01, 
 1DIAGNOSTIC,    10, -8.617554306984e-01, 8.703739149496e-04, 5.5540e+02, 2.1204e+01, 
 1DIAGNOSTIC,    11, -8.623938560486e-01, 6.997323362157e-04, 5.7668e+02, 2.1277e+01, 
 1DIAGNOSTIC,    12, -8.629776239395e-01, 5.665724165738e-04, 5.9811e+02, 2.1430e+01, 
 1DIAGNOSTIC,    13, -8.635132312775e-01, 4.606568545569e-04, 6.1957e+02, 2.1466e+01, 
 1DIAGNOSTIC,    14, -8.640071749687e-01, 3.779711842071e-04, 6.4074e+02, 2.1163e+01, 
 1DIAGNOSTIC,    15, -8.644633293152e-01, 3.131683042739e-04, 6.6210e+02, 2.1365e+01, 
 1DIAGNOSTIC,    16, -8.648862242699e-01, 2.626096538734e-04, 6.8326e+02, 2.1160e+01, 
 1DIAGNOSTIC,    17, -8.652777671814e-01, 2.218813315267e-04, 7.0465e+02, 2.1387e+01, 
 1DIAGNOSTIC,    18, -8.656430244446e-01, 1.902648946270e-04, 7.2613e+02, 2.1484e+01, 
 1DIAGNOSTIC,    19, -8.659833073616e-01, 1.650705089560e-04, 7.4733e+02, 2.1198e+01, 
 1DIAGNOSTIC,    20, -8.663007020950e-01, 1.450962299714e-04, 7.6872e+02, 2.1384e+01, 
 1DIAGNOSTIC,    21, -8.665969967842e-01, 1.281821459997e-04, 7.9010e+02, 2.1383e+01, 
 1DIAGNOSTIC,    22, -8.668695092201e-01, 1.136763385148e-04, 8.1136e+02, 2.1265e+01, 
 1DIAGNOSTIC,    23, -8.671298027039e-01, 1.012185821310e-04, 8.3284e+02, 2.1477e+01, 
 1DIAGNOSTIC,    24, -8.673771619797e-01, 9.050959488377e-05, 8.5430e+02, 2.1456e+01, 
 1DIAGNOSTIC,    25, -8.676056861877e-01, 8.120580605464e-05, 8.7552e+02, 2.1223e+01, 
 1DIAGNOSTIC,    26, -8.678238391876e-01, 7.313470996451e-05, 8.9669e+02, 2.1172e+01, 
 1DIAGNOSTIC,    27, -8.680272102356e-01, 6.606534589082e-05, 9.1797e+02, 2.1279e+01, 
 1DIAGNOSTIC,    28, -8.682196736336e-01, 5.986691030557e-05, 9.3927e+02, 2.1301e+01, 
 1DIAGNOSTIC,    29, -8.683996200562e-01, 5.438767402666e-05, 9.6063e+02, 2.1354e+01, 
 1DIAGNOSTIC,    30, -8.685705661774e-01, 4.953252209816e-05, 9.8183e+02, 2.1203e+01, 
 1DIAGNOSTIC,    31, -8.687290549278e-01, 4.517709021457e-05, 1.0033e+03, 2.1466e+01, 
 1DIAGNOSTIC,    32, -8.688883781433e-01, 4.130122397328e-05, 1.0247e+03, 2.1445e+01, 
 1DIAGNOSTIC,    33, -8.690333366394e-01, 3.782825660892e-05, 1.0460e+03, 2.1220e+01, 
 1DIAGNOSTIC,    34, -8.691719770432e-01, 3.475282574072e-05, 1.0671e+03, 2.1187e+01, 
 1DIAGNOSTIC,    35, -8.693010807037e-01, 3.196178658982e-05, 1.0884e+03, 2.1224e+01, 
 1DIAGNOSTIC,    36, -8.694273829460e-01, 2.948401925096e-05, 1.1096e+03, 2.1276e+01, 
 1DIAGNOSTIC,    37, -8.695480227470e-01, 2.726273487497e-05, 1.1310e+03, 2.1352e+01, 
 1DIAGNOSTIC,    38, -8.696620464325e-01, 2.526358002797e-05, 1.1522e+03, 2.1243e+01, 
 1DIAGNOSTIC,    39, -8.697685003281e-01, 2.342510197195e-05, 1.1736e+03, 2.1357e+01, 
 1DIAGNOSTIC,    40, -8.698737621307e-01, 2.176765883632e-05, 1.1950e+03, 2.1379e+01, 
 1DIAGNOSTIC,    41, -8.699755668640e-01, 2.024941386480e-05, 1.2162e+03, 2.1266e+01, 
 1DIAGNOSTIC,    42, -8.700709342957e-01, 1.891263491416e-05, 1.2375e+03, 2.1295e+01, 
 1DIAGNOSTIC,    43, -8.701612949371e-01, 1.768027868820e-05, 1.2590e+03, 2.1437e+01, 
 1DIAGNOSTIC,    44, -8.702480792999e-01, 1.654916377447e-05, 1.2804e+03, 2.1439e+01, 
 1DIAGNOSTIC,    45, -8.703327178955e-01, 1.549603803142e-05, 1.3015e+03, 2.1065e+01, 
 1DIAGNOSTIC,    46, -8.704155683517e-01, 1.454827543057e-05, 1.3229e+03, 2.1383e+01, 
 1DIAGNOSTIC,    47, -8.704953789711e-01, 1.369790697936e-05, 1.3441e+03, 2.1213e+01, 
 1DIAGNOSTIC,    48, -8.705718517303e-01, 1.292439264944e-05, 1.3653e+03, 2.1271e+01, 
 1DIAGNOSTIC,    49, -8.706431984901e-01, 1.218458510266e-05, 1.3866e+03, 2.1272e+01, 
 1DIAGNOSTIC,    50, -8.707120418549e-01, 1.149802483269e-05, 1.4079e+03, 2.1274e+01, 
 1DIAGNOSTIC,    51, -8.707749843597e-01, 1.084413361241e-05, 1.4290e+03, 2.1103e+01, 
 1DIAGNOSTIC,    52, -8.708387017250e-01, 1.022746164381e-05, 1.4502e+03, 2.1161e+01, 
 1DIAGNOSTIC,    53, -8.709011077881e-01, 9.645830687077e-06, 1.4714e+03, 2.1278e+01, 
 1DIAGNOSTIC,    54, -8.709566593170e-01, 9.071413842321e-06, 1.4926e+03, 2.1183e+01, 
 1DIAGNOSTIC,    55, -8.710152506828e-01, 8.548475307180e-06, 1.5137e+03, 2.1098e+01, 
 1DIAGNOSTIC,    56, -8.710713982582e-01, 8.083047760010e-06, 1.5350e+03, 2.1239e+01, 
 1DIAGNOSTIC,    57, -8.711231946945e-01, 7.659542461624e-06, 1.5561e+03, 2.1193e+01, 
 1DIAGNOSTIC,    58, -8.711740970612e-01, 7.280041245394e-06, 1.5773e+03, 2.1190e+01, 
 1DIAGNOSTIC,    59, -8.712210655212e-01, 6.915968242538e-06, 1.5985e+03, 2.1153e+01, 
 1DIAGNOSTIC,    60, -8.712682723999e-01, 6.578194188478e-06, 1.6197e+03, 2.1246e+01, 
 1DIAGNOSTIC,    61, -8.713129162788e-01, 6.240343282116e-06, 1.6410e+03, 2.1292e+01, 
 1DIAGNOSTIC,    62, -8.713573813438e-01, 5.928195150773e-06, 1.6623e+03, 2.1261e+01, 
 1DIAGNOSTIC,    63, -8.713994026184e-01, 5.642421911034e-06, 1.6835e+03, 2.1185e+01, 
 1DIAGNOSTIC,    64, -8.714413642883e-01, 5.364297066990e-06, 1.7049e+03, 2.1376e+01, 
 1DIAGNOSTIC,    65, -8.714814782143e-01, 5.117693945067e-06, 1.7262e+03, 2.1319e+01, 
 1DIAGNOSTIC,    66, -8.715195655823e-01, 4.895260644844e-06, 1.7474e+03, 2.1274e+01, 
 1DIAGNOSTIC,    67, -8.715596199036e-01, 4.698358225141e-06, 1.7689e+03, 2.1470e+01, 
 1DIAGNOSTIC,    68, -8.715976476669e-01, 4.523705229076e-06, 1.7902e+03, 2.1273e+01, 
 1DIAGNOSTIC,    69, -8.716332912445e-01, 4.350585186330e-06, 1.8116e+03, 2.1435e+01, 
 1DIAGNOSTIC,    70, -8.716682195663e-01, 4.187724698568e-06, 1.8328e+03, 2.1169e+01, 
XXDIAGNOSTIC,Iteration,metricValue,convergenceValue,ITERATION_TIME_INDEX,SINCE_LAST
 1DIAGNOSTIC,     1, -6.887744665146e-01, inf, 2.0045e+03, 1.7168e+02, 
 1DIAGNOSTIC,     2, -6.903004646301e-01, inf, 2.1757e+03, 1.7119e+02, 
 1DIAGNOSTIC,     3, -6.922333240509e-01, inf, 2.3474e+03, 1.7170e+02, 
 1DIAGNOSTIC,     4, -6.941586732864e-01, inf, 2.5196e+03, 1.7226e+02, 
 1DIAGNOSTIC,     5, -6.961047649384e-01, inf, 2.6909e+03, 1.7130e+02, 
 1DIAGNOSTIC,     6, -6.978158950806e-01, inf, 2.8614e+03, 1.7051e+02, 
 1DIAGNOSTIC,     7, -6.994574069977e-01, inf, 3.0322e+03, 1.7077e+02, 
 1DIAGNOSTIC,     8, -7.009502649307e-01, inf, 3.2023e+03, 1.7013e+02, 
 1DIAGNOSTIC,     9, -7.023081779480e-01, inf, 3.3737e+03, 1.7131e+02, 
 1DIAGNOSTIC,    10, -7.035580277443e-01, 1.396564883180e-03, 3.5467e+03, 1.7306e+02, 
 1DIAGNOSTIC,    11, -7.046253681183e-01, 1.206145738252e-03, 3.7163e+03, 1.6963e+02, 
 1DIAGNOSTIC,    12, -7.055370211601e-01, 1.021449221298e-03, 3.8871e+03, 1.7079e+02, 
 1DIAGNOSTIC,    13, -7.064552903175e-01, 8.616446284577e-04, 4.0596e+03, 1.7247e+02, 
 1DIAGNOSTIC,    14, -7.072302699089e-01, 7.241282146424e-04, 4.2296e+03, 1.7001e+02, 
 1DIAGNOSTIC,    15, -7.080301046371e-01, 6.127448868938e-04, 4.4001e+03, 1.7046e+02, 
 1DIAGNOSTIC,    16, -7.087076306343e-01, 5.192346288823e-04, 4.5719e+03, 1.7187e+02, 
 1DIAGNOSTIC,    17, -7.093392014503e-01, 4.428409447428e-04, 4.7416e+03, 1.6970e+02, 
 1DIAGNOSTIC,    18, -7.100085616112e-01, 3.824116720352e-04, 4.9126e+03, 1.7100e+02, 
 1DIAGNOSTIC,    19, -7.105693817139e-01, 3.334466309752e-04, 5.0841e+03, 1.7144e+02, 
 1DIAGNOSTIC,    20, -7.110960483551e-01, 2.941291313618e-04, 5.2546e+03, 1.7046e+02, 
  Elapsed time (stage 2): 5256


Total elapsed time: 5289
Using single precision for computations.
Input scalar image: /home/mpib/nemecz/Projects/miniTRK/Results/01_MRI/GroupTempl/T1w/T_template0sub-112188_T1wRepaired.nii.gz
Reference image: /home/mpib/nemecz/Projects/miniTRK/Results/01_MRI/GroupTempl/T1w/T_template0.nii.gz
=============================================================================
The composite transform comprises the following transforms (in order): 
  1. /home/mpib/nemecz/Projects/miniTRK/Results/01_MRI/GroupTempl/T1w/T_sub-112188_T1w10GenericAffine.mat (type = AffineTransform)
  2. /home/mpib/nemecz/Projects/miniTRK/Results/01_MRI/GroupTempl/T1w/T_sub-112188_T1w11Warp.nii.gz (type = DisplacementFieldTransform)
=============================================================================
Default pixel value: 0
Interpolation type: LinearInterpolateImageFunction
Output warped image: /home/mpib/nemecz/Projects/miniTRK/Results/01_MRI/GroupTempl/T1w/T_template0sub-112188_T1w1WarpedToTemplate.nii.gz
