
Running N4 for 3-dimensional images.

Mask not read.  Using the entire image as the mask.

Original intensity range:  [0, 782]

***********************************************************
Warning:  Your input image contains nonpositive values
which could cause failure or problematic results.  A
possible workaround would be to:
   1. rescale your image to positive values e.g., [10,100].
   2. run N4 on your rescaled image.
   3. (optional) rescale the N4 output to the original
      intensity range.
***********************************************************

Specified spline distance: 200mm
  original image size:  [192, 256, 256]
  padded image size:  [201, 401, 401]
  number of control points:  [4, 5, 5]

Current level = 1
  Iteration 1 (of 50).   Current convergence value = 0.000383118 (threshold = 1e-08)
  Iteration 2 (of 50).   Current convergence value = 0.000267653 (threshold = 1e-08)
  Iteration 3 (of 50).   Current convergence value = 0.000241521 (threshold = 1e-08)
  Iteration 4 (of 50).   Current convergence value = 0.000253083 (threshold = 1e-08)
  Iteration 5 (of 50).   Current convergence value = 0.000256731 (threshold = 1e-08)
  Iteration 6 (of 50).   Current convergence value = 0.000222322 (threshold = 1e-08)
  Iteration 7 (of 50).   Current convergence value = 0.00018761 (threshold = 1e-08)
  Iteration 8 (of 50).   Current convergence value = 0.000159567 (threshold = 1e-08)
  Iteration 9 (of 50).   Current convergence value = 0.000137111 (threshold = 1e-08)
  Iteration 10 (of 50).   Current convergence value = 0.000119537 (threshold = 1e-08)
  Iteration 11 (of 50).   Current convergence value = 0.000105289 (threshold = 1e-08)
  Iteration 12 (of 50).   Current convergence value = 9.38748e-05 (threshold = 1e-08)
  Iteration 13 (of 50).   Current convergence value = 8.42026e-05 (threshold = 1e-08)
  Iteration 14 (of 50).   Current convergence value = 7.62015e-05 (threshold = 1e-08)
  Iteration 15 (of 50).   Current convergence value = 6.95326e-05 (threshold = 1e-08)
  Iteration 16 (of 50).   Current convergence value = 6.39167e-05 (threshold = 1e-08)
  Iteration 17 (of 50).   Current convergence value = 5.92933e-05 (threshold = 1e-08)
  Iteration 18 (of 50).   Current convergence value = 5.53041e-05 (threshold = 1e-08)
  Iteration 19 (of 50).   Current convergence value = 5.19887e-05 (threshold = 1e-08)
  Iteration 20 (of 50).   Current convergence value = 4.94099e-05 (threshold = 1e-08)
  Iteration 21 (of 50).   Current convergence value = 4.70919e-05 (threshold = 1e-08)
  Iteration 22 (of 50).   Current convergence value = 4.5166e-05 (threshold = 1e-08)
  Iteration 23 (of 50).   Current convergence value = 4.35279e-05 (threshold = 1e-08)
  Iteration 24 (of 50).   Current convergence value = 4.22101e-05 (threshold = 1e-08)
  Iteration 25 (of 50).   Current convergence value = 4.11824e-05 (threshold = 1e-08)
  Iteration 26 (of 50).   Current convergence value = 4.01703e-05 (threshold = 1e-08)
  Iteration 27 (of 50).   Current convergence value = 3.9523e-05 (threshold = 1e-08)
  Iteration 28 (of 50).   Current convergence value = 3.88592e-05 (threshold = 1e-08)
  Iteration 29 (of 50).   Current convergence value = 3.84594e-05 (threshold = 1e-08)
  Iteration 30 (of 50).   Current convergence value = 3.81687e-05 (threshold = 1e-08)
  Iteration 31 (of 50).   Current convergence value = 3.78897e-05 (threshold = 1e-08)
  Iteration 32 (of 50).   Current convergence value = 3.77059e-05 (threshold = 1e-08)
  Iteration 33 (of 50).   Current convergence value = 3.75614e-05 (threshold = 1e-08)
  Iteration 34 (of 50).   Current convergence value = 3.76486e-05 (threshold = 1e-08)
  Iteration 35 (of 50).   Current convergence value = 3.76627e-05 (threshold = 1e-08)
  Iteration 36 (of 50).   Current convergence value = 3.77423e-05 (threshold = 1e-08)
  Iteration 37 (of 50).   Current convergence value = 3.79941e-05 (threshold = 1e-08)
  Iteration 38 (of 50).   Current convergence value = 3.80562e-05 (threshold = 1e-08)
  Iteration 39 (of 50).   Current convergence value = 3.83269e-05 (threshold = 1e-08)
  Iteration 40 (of 50).   Current convergence value = 3.86517e-05 (threshold = 1e-08)
  Iteration 41 (of 50).   Current convergence value = 3.88719e-05 (threshold = 1e-08)
  Iteration 42 (of 50).   Current convergence value = 3.89787e-05 (threshold = 1e-08)
  Iteration 43 (of 50).   Current convergence value = 3.92525e-05 (threshold = 1e-08)
  Iteration 44 (of 50).   Current convergence value = 3.94258e-05 (threshold = 1e-08)
  Iteration 45 (of 50).   Current convergence value = 3.96496e-05 (threshold = 1e-08)
  Iteration 46 (of 50).   Current convergence value = 4.00052e-05 (threshold = 1e-08)
  Iteration 47 (of 50).   Current convergence value = 4.03073e-05 (threshold = 1e-08)
  Iteration 48 (of 50).   Current convergence value = 4.0613e-05 (threshold = 1e-08)
  Iteration 49 (of 50).   Current convergence value = 4.09363e-05 (threshold = 1e-08)
  Iteration 50 (of 50).   Current convergence value = 4.1275e-05 (threshold = 1e-08)
Current level = 2
  Iteration 1 (of 50).   Current convergence value = 0.000479881 (threshold = 1e-08)
  Iteration 2 (of 50).   Current convergence value = 0.000454696 (threshold = 1e-08)
  Iteration 3 (of 50).   Current convergence value = 0.000434712 (threshold = 1e-08)
  Iteration 4 (of 50).   Current convergence value = 0.000425602 (threshold = 1e-08)
  Iteration 5 (of 50).   Current convergence value = 0.000418433 (threshold = 1e-08)
  Iteration 6 (of 50).   Current convergence value = 0.000411495 (threshold = 1e-08)
  Iteration 7 (of 50).   Current convergence value = 0.000404568 (threshold = 1e-08)
  Iteration 8 (of 50).   Current convergence value = 0.000397604 (threshold = 1e-08)
  Iteration 9 (of 50).   Current convergence value = 0.000390441 (threshold = 1e-08)
  Iteration 10 (of 50).   Current convergence value = 0.000382997 (threshold = 1e-08)
  Iteration 11 (of 50).   Current convergence value = 0.000375909 (threshold = 1e-08)
  Iteration 12 (of 50).   Current convergence value = 0.00036897 (threshold = 1e-08)
  Iteration 13 (of 50).   Current convergence value = 0.000362735 (threshold = 1e-08)
  Iteration 14 (of 50).   Current convergence value = 0.000356277 (threshold = 1e-08)
  Iteration 15 (of 50).   Current convergence value = 0.00035022 (threshold = 1e-08)
  Iteration 16 (of 50).   Current convergence value = 0.000344008 (threshold = 1e-08)
  Iteration 17 (of 50).   Current convergence value = 0.00033836 (threshold = 1e-08)
  Iteration 18 (of 50).   Current convergence value = 0.000332879 (threshold = 1e-08)
  Iteration 19 (of 50).   Current convergence value = 0.000327408 (threshold = 1e-08)
  Iteration 20 (of 50).   Current convergence value = 0.000322385 (threshold = 1e-08)
  Iteration 21 (of 50).   Current convergence value = 0.0003183 (threshold = 1e-08)
  Iteration 22 (of 50).   Current convergence value = 0.000313985 (threshold = 1e-08)
  Iteration 23 (of 50).   Current convergence value = 0.00031054 (threshold = 1e-08)
  Iteration 24 (of 50).   Current convergence value = 0.000306426 (threshold = 1e-08)
  Iteration 25 (of 50).   Current convergence value = 0.000303392 (threshold = 1e-08)
  Iteration 26 (of 50).   Current convergence value = 0.000299716 (threshold = 1e-08)
  Iteration 27 (of 50).   Current convergence value = 0.000296303 (threshold = 1e-08)
  Iteration 28 (of 50).   Current convergence value = 0.000292796 (threshold = 1e-08)
  Iteration 29 (of 50).   Current convergence value = 0.000289918 (threshold = 1e-08)
  Iteration 30 (of 50).   Current convergence value = 0.000286365 (threshold = 1e-08)
  Iteration 31 (of 50).   Current convergence value = 0.000283223 (threshold = 1e-08)
  Iteration 32 (of 50).   Current convergence value = 0.000280381 (threshold = 1e-08)
  Iteration 33 (of 50).   Current convergence value = 0.000277272 (threshold = 1e-08)
  Iteration 34 (of 50).   Current convergence value = 0.000274363 (threshold = 1e-08)
  Iteration 35 (of 50).   Current convergence value = 0.000271396 (threshold = 1e-08)
  Iteration 36 (of 50).   Current convergence value = 0.00026858 (threshold = 1e-08)
  Iteration 37 (of 50).   Current convergence value = 0.000265841 (threshold = 1e-08)
  Iteration 38 (of 50).   Current convergence value = 0.000263241 (threshold = 1e-08)
  Iteration 39 (of 50).   Current convergence value = 0.000260377 (threshold = 1e-08)
  Iteration 40 (of 50).   Current convergence value = 0.000257788 (threshold = 1e-08)
  Iteration 41 (of 50).   Current convergence value = 0.000255202 (threshold = 1e-08)
  Iteration 42 (of 50).   Current convergence value = 0.000253113 (threshold = 1e-08)
  Iteration 43 (of 50).   Current convergence value = 0.000250807 (threshold = 1e-08)
  Iteration 44 (of 50).   Current convergence value = 0.000248555 (threshold = 1e-08)
  Iteration 45 (of 50).   Current convergence value = 0.000246422 (threshold = 1e-08)
  Iteration 46 (of 50).   Current convergence value = 0.000244365 (threshold = 1e-08)
  Iteration 47 (of 50).   Current convergence value = 0.000242182 (threshold = 1e-08)
  Iteration 48 (of 50).   Current convergence value = 0.000240255 (threshold = 1e-08)
  Iteration 49 (of 50).   Current convergence value = 0.000238216 (threshold = 1e-08)
  Iteration 50 (of 50).   Current convergence value = 0.000236117 (threshold = 1e-08)
Current level = 3
  Iteration 1 (of 40).   Current convergence value = 0.0013184 (threshold = 1e-08)
  Iteration 2 (of 40).   Current convergence value = 0.00126544 (threshold = 1e-08)
  Iteration 3 (of 40).   Current convergence value = 0.00125363 (threshold = 1e-08)
  Iteration 4 (of 40).   Current convergence value = 0.00123922 (threshold = 1e-08)
  Iteration 5 (of 40).   Current convergence value = 0.00124735 (threshold = 1e-08)
  Iteration 6 (of 40).   Current convergence value = 0.00125038 (threshold = 1e-08)
  Iteration 7 (of 40).   Current convergence value = 0.00124861 (threshold = 1e-08)
  Iteration 8 (of 40).   Current convergence value = 0.0012454 (threshold = 1e-08)
  Iteration 9 (of 40).   Current convergence value = 0.00124149 (threshold = 1e-08)
  Iteration 10 (of 40).   Current convergence value = 0.00122503 (threshold = 1e-08)
  Iteration 11 (of 40).   Current convergence value = 0.00120488 (threshold = 1e-08)
  Iteration 12 (of 40).   Current convergence value = 0.00118375 (threshold = 1e-08)
  Iteration 13 (of 40).   Current convergence value = 0.00116142 (threshold = 1e-08)
  Iteration 14 (of 40).   Current convergence value = 0.00113781 (threshold = 1e-08)
  Iteration 15 (of 40).   Current convergence value = 0.00111585 (threshold = 1e-08)
  Iteration 16 (of 40).   Current convergence value = 0.00108209 (threshold = 1e-08)
  Iteration 17 (of 40).   Current convergence value = 0.00105261 (threshold = 1e-08)
  Iteration 18 (of 40).   Current convergence value = 0.00102817 (threshold = 1e-08)
  Iteration 19 (of 40).   Current convergence value = 0.00100776 (threshold = 1e-08)
  Iteration 20 (of 40).   Current convergence value = 0.000990159 (threshold = 1e-08)
  Iteration 21 (of 40).   Current convergence value = 0.00097534 (threshold = 1e-08)
  Iteration 22 (of 40).   Current convergence value = 0.000962012 (threshold = 1e-08)
  Iteration 23 (of 40).   Current convergence value = 0.000942476 (threshold = 1e-08)
  Iteration 24 (of 40).   Current convergence value = 0.000914518 (threshold = 1e-08)
  Iteration 25 (of 40).   Current convergence value = 0.00088636 (threshold = 1e-08)
  Iteration 26 (of 40).   Current convergence value = 0.000842121 (threshold = 1e-08)
  Iteration 27 (of 40).   Current convergence value = 0.000757829 (threshold = 1e-08)
  Iteration 28 (of 40).   Current convergence value = 0.000677072 (threshold = 1e-08)
  Iteration 29 (of 40).   Current convergence value = 0.000610283 (threshold = 1e-08)
  Iteration 30 (of 40).   Current convergence value = 0.000556755 (threshold = 1e-08)
  Iteration 31 (of 40).   Current convergence value = 0.000511197 (threshold = 1e-08)
  Iteration 32 (of 40).   Current convergence value = 0.000472846 (threshold = 1e-08)
  Iteration 33 (of 40).   Current convergence value = 0.000440325 (threshold = 1e-08)
  Iteration 34 (of 40).   Current convergence value = 0.000412564 (threshold = 1e-08)
  Iteration 35 (of 40).   Current convergence value = 0.000389247 (threshold = 1e-08)
  Iteration 36 (of 40).   Current convergence value = 0.000368128 (threshold = 1e-08)
  Iteration 37 (of 40).   Current convergence value = 0.00034971 (threshold = 1e-08)
  Iteration 38 (of 40).   Current convergence value = 0.000333496 (threshold = 1e-08)
  Iteration 39 (of 40).   Current convergence value = 0.000319103 (threshold = 1e-08)
  Iteration 40 (of 40).   Current convergence value = 0.000306206 (threshold = 1e-08)
Current level = 4
  Iteration 1 (of 30).   Current convergence value = 0.00168717 (threshold = 1e-08)
  Iteration 2 (of 30).   Current convergence value = 0.00164703 (threshold = 1e-08)
  Iteration 3 (of 30).   Current convergence value = 0.00172053 (threshold = 1e-08)
  Iteration 4 (of 30).   Current convergence value = 0.00179108 (threshold = 1e-08)
  Iteration 5 (of 30).   Current convergence value = 0.00185175 (threshold = 1e-08)
  Iteration 6 (of 30).   Current convergence value = 0.00181792 (threshold = 1e-08)
  Iteration 7 (of 30).   Current convergence value = 0.00176145 (threshold = 1e-08)
  Iteration 8 (of 30).   Current convergence value = 0.00170909 (threshold = 1e-08)
  Iteration 9 (of 30).   Current convergence value = 0.00166339 (threshold = 1e-08)
  Iteration 10 (of 30).   Current convergence value = 0.0016254 (threshold = 1e-08)
  Iteration 11 (of 30).   Current convergence value = 0.00159889 (threshold = 1e-08)
  Iteration 12 (of 30).   Current convergence value = 0.00157253 (threshold = 1e-08)
  Iteration 13 (of 30).   Current convergence value = 0.00154036 (threshold = 1e-08)
  Iteration 14 (of 30).   Current convergence value = 0.0015031 (threshold = 1e-08)
  Iteration 15 (of 30).   Current convergence value = 0.00146378 (threshold = 1e-08)
  Iteration 16 (of 30).   Current convergence value = 0.00143358 (threshold = 1e-08)
  Iteration 17 (of 30).   Current convergence value = 0.00139739 (threshold = 1e-08)
  Iteration 18 (of 30).   Current convergence value = 0.00136209 (threshold = 1e-08)
  Iteration 19 (of 30).   Current convergence value = 0.00132407 (threshold = 1e-08)
  Iteration 20 (of 30).   Current convergence value = 0.00128501 (threshold = 1e-08)
  Iteration 21 (of 30).   Current convergence value = 0.00124488 (threshold = 1e-08)
  Iteration 22 (of 30).   Current convergence value = 0.00110033 (threshold = 1e-08)
  Iteration 23 (of 30).   Current convergence value = 0.00097034 (threshold = 1e-08)
  Iteration 24 (of 30).   Current convergence value = 0.000865505 (threshold = 1e-08)
  Iteration 25 (of 30).   Current convergence value = 0.000791976 (threshold = 1e-08)
  Iteration 26 (of 30).   Current convergence value = 0.0007016 (threshold = 1e-08)
  Iteration 27 (of 30).   Current convergence value = 0.000661525 (threshold = 1e-08)
  Iteration 28 (of 30).   Current convergence value = 0.0006753 (threshold = 1e-08)
  Iteration 29 (of 30).   Current convergence value = 0.000721059 (threshold = 1e-08)
  Iteration 30 (of 30).   Current convergence value = 0.0007701 (threshold = 1e-08)
   N4BiasFieldCorrectionImageFilter (0x55562697be20)
     RTTI typeinfo:   itk::N4BiasFieldCorrectionImageFilter<itk::Image<float, 3u>, itk::Image<float, 3u>, itk::Image<float, 3u> >
     Reference Count: 1
     Modified Time: 579
     Debug: Off
     Object Name: 
     Observers: 
       IterationEvent(Command)
     Inputs: 
       ConfidenceImage: (0)
       MaskImage: (0x5556269a65f0)
       Primary: (0x5556269a1ac0) *
     Indexed Inputs: 
       0: Primary (0x5556269a1ac0)
       1: MaskImage (0x5556269a65f0)
       2: ConfidenceImage (0)
     Required Input Names: Primary
     NumberOfRequiredInputs: 1
     Outputs: 
       Primary: (0x55562698bef0)
     Indexed Outputs: 
       0: Primary (0x55562698bef0)
     NumberOfRequiredOutputs: 1
     Number Of Work Units: 32
     ReleaseDataFlag: Off
     ReleaseDataBeforeUpdateFlag: Off
     AbortGenerateData: Off
     Progress: 0
     Multithreader: 
       RTTI typeinfo:   itk::PoolMultiThreader
       Reference Count: 1
       Modified Time: 144
       Debug: Off
       Object Name: 
       Observers: 
         none
       Number of Work Units: 32
       Number of Threads: 8
       Global Maximum Number Of Threads: 128
       Global Default Number Of Threads: 8
       Global Default Threader Type: itk::MultiThreaderBaseEnums::Threader::Pool
       SingleMethod: 0
       SingleData: 0
     DynamicMultiThreading: On
     CoordinateTolerance: 1e-06
     DirectionTolerance: 1e-06
     Use Mask Label: 0
     Mask label: 1
     Number of histogram bins: 200
     Wiener filter noise: 0.01
     Bias field FWHM: 0.15
     Maximum number of iterations: [50, 50, 40, 30]
     Convergence threshold: 1e-08
     Spline order: 3
     Number of fitting levels: [4, 4, 4]
     Number of control points: [4, 5, 5]
     CurrentConvergenceMeasurement: 0.0007701
     CurrentLevel: 4
     ElapsedIterations: 31
     LogBiasFieldControlPointLattice: 
       Image (0x5556319d7590)
         RTTI typeinfo:   itk::Image<itk::Vector<float, 1u>, 3u>
         Reference Count: 1
         Modified Time: 343574
         Debug: Off
         Object Name: 
         Observers: 
           none
         Source: (none)
         Source output name: (none)
         Release Data: Off
         Data Released: False
         Global Release Data: Off
         PipelineMTime: 0
         UpdateMTime: 0
         RealTimeStamp: 0 seconds 
         LargestPossibleRegion: 
           Dimension: 3
           Index: [0, 0, 0]
           Size: [11, 19, 19]
         BufferedRegion: 
           Dimension: 3
           Index: [0, 0, 0]
           Size: [11, 19, 19]
         RequestedRegion: 
           Dimension: 3
           Index: [0, 0, 0]
           Size: [11, 19, 19]
         Spacing: [24.756, 24.875, 24.875]
         Origin: [25.3657, 22.4199, -26.5391]
         Direction: 
-0.999761 -0.00311297 -0.0216341
0.001082 -0.995641 0.0932629
-0.0218301 0.0932172 0.995406

         IndexToPointMatrix: 
-24.7501 -0.0774351 -0.538149
0.026786 -24.7666 2.31992
-0.540427 2.31878 24.7607

         PointToIndexMatrix: 
-0.0403846 4.37065e-05 -0.000881812
-0.000125145 -0.0400258 0.00374743
-0.000869713 0.00374926 0.0400163

         Inverse Direction: 
-0.999761 0.001082 -0.0218301
-0.00311297 -0.995641 0.0932173
-0.0216341 0.0932629 0.995406

         PixelContainer: 
           ImportImageContainer (0x5556319d3a20)
             RTTI typeinfo:   itk::ImportImageContainer<unsigned long, itk::Vector<float, 1u> >
             Reference Count: 1
             Modified Time: 343575
             Debug: Off
             Object Name: 
             Observers: 
               none
             Pointer: 0x555630b179d0
             Container manages memory: true
             Size: 3971
             Capacity: 3971
Elapsed time: 281.742
All_Command_lines_OK
Using single precision for computations.
=============================================================================
The composite transform comprises the following transforms (in order): 
  1. Center of mass alignment using fixed image: /home/mpib/nemecz/Projects/miniTRK/Results/01_MRI/GroupTempl/T1w/T_template0.nii.gz and moving image: /home/mpib/nemecz/Projects/miniTRK/Analysis/01_MRI/Preproc/GroupTempl/T1w/sub-275592_T1w.nii.gz (type = Euler3DTransform)
=============================================================================
  number of levels = 4
  number of levels = 4
  number of levels = 4
  fixed image: /home/mpib/nemecz/Projects/miniTRK/Results/01_MRI/GroupTempl/T1w/T_template0.nii.gz
  moving image: /home/mpib/nemecz/Projects/miniTRK/Results/01_MRI/GroupTempl/T1w/T_template0sub-275592_T1wRepaired.nii.gz
  fixed image: /home/mpib/nemecz/Projects/miniTRK/Results/01_MRI/GroupTempl/T1w/T_template0.nii.gz
  moving image: /home/mpib/nemecz/Projects/miniTRK/Results/01_MRI/GroupTempl/T1w/T_template0sub-275592_T1wRepaired.nii.gz
  fixed image: /home/mpib/nemecz/Projects/miniTRK/Results/01_MRI/GroupTempl/T1w/T_template0.nii.gz
  moving image: /home/mpib/nemecz/Projects/miniTRK/Results/01_MRI/GroupTempl/T1w/T_template0sub-275592_T1wRepaired.nii.gz
Dimension = 3
Number of stages = 3
Use Histogram Matching true
Winsorize image intensities true
Lower quantile = 0.01
Upper quantile = 0.99
Stage 1 State
   Image metric = Mattes
     Fixed image = Image (0x564b9fbcbad0)
  RTTI typeinfo:   itk::Image<float, 3u>
  Reference Count: 2
  Modified Time: 1725
  Debug: Off
  Object Name: 
  Observers: 
    none
  Source: (none)
  Source output name: (none)
  Release Data: Off
  Data Released: False
  Global Release Data: Off
  PipelineMTime: 0
  UpdateMTime: 1508
  RealTimeStamp: 0 seconds 
  LargestPossibleRegion: 
    Dimension: 3
    Index: [0, 0, 0]
    Size: [192, 256, 256]
  BufferedRegion: 
    Dimension: 3
    Index: [0, 0, 0]
    Size: [192, 256, 256]
  RequestedRegion: 
    Dimension: 3
    Index: [0, 0, 0]
    Size: [192, 256, 256]
  Spacing: [1, 1, 1]
  Origin: [95.0313, 100.538, -154.123]
  Direction: 
-0.999853 -0.014134 -0.00966312
0.014129 -0.9999 0.000586045
-0.00967044 0.000449429 0.999953

  IndexToPointMatrix: 
-0.999853 -0.014134 -0.00966312
0.014129 -0.9999 0.000586045
-0.00967044 0.000449429 0.999953

  PointToIndexMatrix: 
-0.999853 0.014129 -0.00967044
-0.014134 -0.9999 0.000449429
-0.00966312 0.000586045 0.999953

  Inverse Direction: 
-0.999853 0.014129 -0.00967044
-0.014134 -0.9999 0.000449429
-0.00966312 0.000586045 0.999953

  PixelContainer: 
    ImportImageContainer (0x564b9fbd3c80)
      RTTI typeinfo:   itk::ImportImageContainer<unsigned long, float>
      Reference Count: 1
      Modified Time: 1505
      Debug: Off
      Object Name: 
      Observers: 
        none
      Pointer: 0x7f5a6a816010
      Container manages memory: true
      Size: 12582912
      Capacity: 12582912

     Moving image = Image (0x564b9fbccb40)
  RTTI typeinfo:   itk::Image<float, 3u>
  Reference Count: 2
  Modified Time: 1726
  Debug: Off
  Object Name: 
  Observers: 
    none
  Source: (none)
  Source output name: (none)
  Release Data: Off
  Data Released: False
  Global Release Data: Off
  PipelineMTime: 0
  UpdateMTime: 1723
  RealTimeStamp: 0 seconds 
  LargestPossibleRegion: 
    Dimension: 3
    Index: [0, 0, 0]
    Size: [192, 256, 256]
  BufferedRegion: 
    Dimension: 3
    Index: [0, 0, 0]
    Size: [192, 256, 256]
  RequestedRegion: 
    Dimension: 3
    Index: [0, 0, 0]
    Size: [192, 256, 256]
  Spacing: [1.00024, 1, 1]
  Origin: [96.0152, 94.7497, -169.062]
  Direction: 
-0.999761 -0.00311297 -0.0216341
0.001082 -0.995641 0.0932629
-0.0218301 0.0932172 0.995406

  IndexToPointMatrix: 
-1 -0.00311297 -0.0216341
0.00108226 -0.995641 0.0932629
-0.0218354 0.0932172 0.995406

  PointToIndexMatrix: 
-0.999519 0.00108174 -0.0218248
-0.00311297 -0.995641 0.0932172
-0.0216341 0.0932629 0.995406

  Inverse Direction: 
-0.999761 0.001082 -0.0218301
-0.00311297 -0.995641 0.0932172
-0.0216341 0.0932629 0.995406

  PixelContainer: 
    ImportImageContainer (0x564b9fbcf610)
      RTTI typeinfo:   itk::ImportImageContainer<unsigned long, float>
      Reference Count: 1
      Modified Time: 1720
      Debug: Off
      Object Name: 
      Observers: 
        none
      Pointer: 0x7f5a67815010
      Container manages memory: true
      Size: 12582912
      Capacity: 12582912

     Weighting = 1
     Sampling strategy = regular
     Number of bins = 32
     Radius = 4
     Sampling percentage  = 0.25
   Transform = Rigid
     Gradient step = 0.1
     Update field sigma (voxel space) = 0
     Total field sigma (voxel space) = 0
     Update field time sigma = 0
     Total field time sigma  = 0
     Number of time indices = 0
     Number of time point samples = 0
Stage 2 State
   Image metric = Mattes
     Fixed image = Image (0x564b9fbe48a0)
  RTTI typeinfo:   itk::Image<float, 3u>
  Reference Count: 2
  Modified Time: 2155
  Debug: Off
  Object Name: 
  Observers: 
    none
  Source: (none)
  Source output name: (none)
  Release Data: Off
  Data Released: False
  Global Release Data: Off
  PipelineMTime: 0
  UpdateMTime: 1938
  RealTimeStamp: 0 seconds 
  LargestPossibleRegion: 
    Dimension: 3
    Index: [0, 0, 0]
    Size: [192, 256, 256]
  BufferedRegion: 
    Dimension: 3
    Index: [0, 0, 0]
    Size: [192, 256, 256]
  RequestedRegion: 
    Dimension: 3
    Index: [0, 0, 0]
    Size: [192, 256, 256]
  Spacing: [1, 1, 1]
  Origin: [95.0313, 100.538, -154.123]
  Direction: 
-0.999853 -0.014134 -0.00966312
0.014129 -0.9999 0.000586045
-0.00967044 0.000449429 0.999953

  IndexToPointMatrix: 
-0.999853 -0.014134 -0.00966312
0.014129 -0.9999 0.000586045
-0.00967044 0.000449429 0.999953

  PointToIndexMatrix: 
-0.999853 0.014129 -0.00967044
-0.014134 -0.9999 0.000449429
-0.00966312 0.000586045 0.999953

  Inverse Direction: 
-0.999853 0.014129 -0.00967044
-0.014134 -0.9999 0.000449429
-0.00966312 0.000586045 0.999953

  PixelContainer: 
    ImportImageContainer (0x564b9fbd46a0)
      RTTI typeinfo:   itk::ImportImageContainer<unsigned long, float>
      Reference Count: 1
      Modified Time: 1935
      Debug: Off
      Object Name: 
      Observers: 
        none
      Pointer: 0x7f5a64814010
      Container manages memory: true
      Size: 12582912
      Capacity: 12582912

     Moving image = Image (0x564b9fbe44d0)
  RTTI typeinfo:   itk::Image<float, 3u>
  Reference Count: 2
  Modified Time: 2156
  Debug: Off
  Object Name: 
  Observers: 
    none
  Source: (none)
  Source output name: (none)
  Release Data: Off
  Data Released: False
  Global Release Data: Off
  PipelineMTime: 0
  UpdateMTime: 2153
  RealTimeStamp: 0 seconds 
  LargestPossibleRegion: 
    Dimension: 3
    Index: [0, 0, 0]
    Size: [192, 256, 256]
  BufferedRegion: 
    Dimension: 3
    Index: [0, 0, 0]
    Size: [192, 256, 256]
  RequestedRegion: 
    Dimension: 3
    Index: [0, 0, 0]
    Size: [192, 256, 256]
  Spacing: [1.00024, 1, 1]
  Origin: [96.0152, 94.7497, -169.062]
  Direction: 
-0.999761 -0.00311297 -0.0216341
0.001082 -0.995641 0.0932629
-0.0218301 0.0932172 0.995406

  IndexToPointMatrix: 
-1 -0.00311297 -0.0216341
0.00108226 -0.995641 0.0932629
-0.0218354 0.0932172 0.995406

  PointToIndexMatrix: 
-0.999519 0.00108174 -0.0218248
-0.00311297 -0.995641 0.0932172
-0.0216341 0.0932629 0.995406

  Inverse Direction: 
-0.999761 0.001082 -0.0218301
-0.00311297 -0.995641 0.0932172
-0.0216341 0.0932629 0.995406

  PixelContainer: 
    ImportImageContainer (0x564b9fbe62b0)
      RTTI typeinfo:   itk::ImportImageContainer<unsigned long, float>
      Reference Count: 1
      Modified Time: 2150
      Debug: Off
      Object Name: 
      Observers: 
        none
      Pointer: 0x7f5a61813010
      Container manages memory: true
      Size: 12582912
      Capacity: 12582912

     Weighting = 1
     Sampling strategy = regular
     Number of bins = 32
     Radius = 4
     Sampling percentage  = 0.25
   Transform = Affine
     Gradient step = 0.1
     Update field sigma (voxel space) = 0
     Total field sigma (voxel space) = 0
     Update field time sigma = 0
     Total field time sigma  = 0
     Number of time indices = 0
     Number of time point samples = 0
Stage 3 State
   Image metric = CC
     Fixed image = Image (0x564b9fbeba10)
  RTTI typeinfo:   itk::Image<float, 3u>
  Reference Count: 2
  Modified Time: 2585
  Debug: Off
  Object Name: 
  Observers: 
    none
  Source: (none)
  Source output name: (none)
  Release Data: Off
  Data Released: False
  Global Release Data: Off
  PipelineMTime: 0
  UpdateMTime: 2368
  RealTimeStamp: 0 seconds 
  LargestPossibleRegion: 
    Dimension: 3
    Index: [0, 0, 0]
    Size: [192, 256, 256]
  BufferedRegion: 
    Dimension: 3
    Index: [0, 0, 0]
    Size: [192, 256, 256]
  RequestedRegion: 
    Dimension: 3
    Index: [0, 0, 0]
    Size: [192, 256, 256]
  Spacing: [1, 1, 1]
  Origin: [95.0313, 100.538, -154.123]
  Direction: 
-0.999853 -0.014134 -0.00966312
0.014129 -0.9999 0.000586045
-0.00967044 0.000449429 0.999953

  IndexToPointMatrix: 
-0.999853 -0.014134 -0.00966312
0.014129 -0.9999 0.000586045
-0.00967044 0.000449429 0.999953

  PointToIndexMatrix: 
-0.999853 0.014129 -0.00967044
-0.014134 -0.9999 0.000449429
-0.00966312 0.000586045 0.999953

  Inverse Direction: 
-0.999853 0.014129 -0.00967044
-0.014134 -0.9999 0.000449429
-0.00966312 0.000586045 0.999953

  PixelContainer: 
    ImportImageContainer (0x564b9fa40bf0)
      RTTI typeinfo:   itk::ImportImageContainer<unsigned long, float>
      Reference Count: 1
      Modified Time: 2365
      Debug: Off
      Object Name: 
      Observers: 
        none
      Pointer: 0x7f5a5e812010
      Container manages memory: true
      Size: 12582912
      Capacity: 12582912

     Moving image = Image (0x564b9fbe3880)
  RTTI typeinfo:   itk::Image<float, 3u>
  Reference Count: 2
  Modified Time: 2586
  Debug: Off
  Object Name: 
  Observers: 
    none
  Source: (none)
  Source output name: (none)
  Release Data: Off
  Data Released: False
  Global Release Data: Off
  PipelineMTime: 0
  UpdateMTime: 2583
  RealTimeStamp: 0 seconds 
  LargestPossibleRegion: 
    Dimension: 3
    Index: [0, 0, 0]
    Size: [192, 256, 256]
  BufferedRegion: 
    Dimension: 3
    Index: [0, 0, 0]
    Size: [192, 256, 256]
  RequestedRegion: 
    Dimension: 3
    Index: [0, 0, 0]
    Size: [192, 256, 256]
  Spacing: [1.00024, 1, 1]
  Origin: [96.0152, 94.7497, -169.062]
  Direction: 
-0.999761 -0.00311297 -0.0216341
0.001082 -0.995641 0.0932629
-0.0218301 0.0932172 0.995406

  IndexToPointMatrix: 
-1 -0.00311297 -0.0216341
0.00108226 -0.995641 0.0932629
-0.0218354 0.0932172 0.995406

  PointToIndexMatrix: 
-0.999519 0.00108174 -0.0218248
-0.00311297 -0.995641 0.0932172
-0.0216341 0.0932629 0.995406

  Inverse Direction: 
-0.999761 0.001082 -0.0218301
-0.00311297 -0.995641 0.0932172
-0.0216341 0.0932629 0.995406

  PixelContainer: 
    ImportImageContainer (0x564b9fbea8d0)
      RTTI typeinfo:   itk::ImportImageContainer<unsigned long, float>
      Reference Count: 1
      Modified Time: 2580
      Debug: Off
      Object Name: 
      Observers: 
        none
      Pointer: 0x7f5a5b811010
      Container manages memory: true
      Size: 12582912
      Capacity: 12582912

     Weighting = 1
     Sampling strategy = none
     Number of bins = 32
     Radius = 4
     Sampling percentage  = 1
   Transform = SyN
     Gradient step = 0.1
     Update field sigma (voxel space) = 3
     Total field sigma (voxel space) = 0
     Update field time sigma = 0
     Total field time sigma  = 0
     Number of time indices = 0
     Number of time point samples = 0
Registration using 3 total stages.

Stage 0
  iterations = 1000x500x250x0
  convergence threshold = 1e-06
  convergence window size = 10
  number of levels = 4
  using the Mattes MI metric (number of bins = 32, weight = 1)
  preprocessing:  winsorizing the image intensities
  preprocessing:  histogram matching the images
  Shrink factors (level 1 out of 4): [6, 6, 6]
  Shrink factors (level 2 out of 4): [4, 4, 4]
  Shrink factors (level 3 out of 4): [2, 2, 2]
  Shrink factors (level 4 out of 4): [1, 1, 1]
  smoothing sigmas per level: [4, 2, 1, 0]
  regular sampling (percentage = 0.25)

*** Running Euler3DTransform registration ***

DIAGNOSTIC,Iteration,metricValue,convergenceValue,ITERATION_TIME_INDEX,SINCE_LAST
 2DIAGNOSTIC,     1, -8.350093364716e-01, inf, 9.4494e-01, 9.4494e-01, 
 2DIAGNOSTIC,     2, -8.363621234894e-01, inf, 9.6491e-01, 1.9965e-02, 
 2DIAGNOSTIC,     3, -8.383717536926e-01, inf, 9.8227e-01, 1.7365e-02, 
 2DIAGNOSTIC,     4, -8.413047790527e-01, inf, 9.9987e-01, 1.7592e-02, 
 2DIAGNOSTIC,     5, -8.449227809906e-01, inf, 1.0177e+00, 1.7789e-02, 
 2DIAGNOSTIC,     6, -8.490540385246e-01, inf, 1.0344e+00, 1.6730e-02, 
 2DIAGNOSTIC,     7, -8.536127805710e-01, inf, 1.0504e+00, 1.5992e-02, 
 2DIAGNOSTIC,     8, -8.605791926384e-01, inf, 1.0681e+00, 1.7745e-02, 
 2DIAGNOSTIC,     9, -8.687152266502e-01, inf, 1.0842e+00, 1.6103e-02, 
 2DIAGNOSTIC,    10, -8.759018778801e-01, 3.050429746509e-03, 1.1176e+00, 3.3410e-02, 
 2DIAGNOSTIC,    11, -8.778268098831e-01, 3.079539863393e-03, 1.1344e+00, 1.6794e-02, 
 2DIAGNOSTIC,    12, -8.791167140007e-01, 2.903599757701e-03, 1.1512e+00, 1.6800e-02, 
 2DIAGNOSTIC,    13, -8.808907866478e-01, 2.589297248051e-03, 1.1739e+00, 2.2715e-02, 
 2DIAGNOSTIC,    14, -8.816524744034e-01, 2.169657731429e-03, 1.1900e+00, 1.6037e-02, 
 2DIAGNOSTIC,    15, -8.822495937347e-01, 1.700648805127e-03, 1.2060e+00, 1.5984e-02, 
 2DIAGNOSTIC,    16, -8.828849196434e-01, 1.235230709426e-03, 1.2209e+00, 1.4904e-02, 
 2DIAGNOSTIC,    17, -8.837497234344e-01, 8.171143126674e-04, 1.2354e+00, 1.4575e-02, 
 2DIAGNOSTIC,    18, -8.848155736923e-01, 5.150829092599e-04, 1.2616e+00, 2.6194e-02, 
 2DIAGNOSTIC,    19, -8.852781653404e-01, 3.433368692640e-04, 1.2812e+00, 1.9516e-02, 
 2DIAGNOSTIC,    20, -8.853197693825e-01, 2.757874026429e-04, 1.2992e+00, 1.8004e-02, 
 2DIAGNOSTIC,    21, -8.853051066399e-01, 2.191377134295e-04, 1.3137e+00, 1.4561e-02, 
 2DIAGNOSTIC,    22, -8.852671980858e-01, 1.654128136579e-04, 1.3286e+00, 1.4911e-02, 
 2DIAGNOSTIC,    23, -8.852642774582e-01, 1.259474811377e-04, 1.3456e+00, 1.6998e-02, 
 2DIAGNOSTIC,    24, -8.852795958519e-01, 8.863929542713e-05, 1.3622e+00, 1.6528e-02, 
 2DIAGNOSTIC,    25, -8.852676749229e-01, 5.390220030677e-05, 1.3769e+00, 1.4732e-02, 
 2DIAGNOSTIC,    26, -8.852649927139e-01, 2.483290700184e-05, 1.3917e+00, 1.4851e-02, 
 2DIAGNOSTIC,    27, -8.854438662529e-01, 8.056907063292e-06, 1.4059e+00, 1.4148e-02, 
 2DIAGNOSTIC,    28, -8.855578303337e-01, 5.375904947869e-06, 1.4224e+00, 1.6478e-02, 
 2DIAGNOSTIC,    29, -8.856654167175e-01, 8.852703103912e-06, 1.4372e+00, 1.4863e-02, 
 2DIAGNOSTIC,    30, -8.858137726784e-01, 1.343871917925e-05, 1.4566e+00, 1.9385e-02, 
 2DIAGNOSTIC,    31, -8.858895897865e-01, 1.719303145364e-05, 1.4733e+00, 1.6713e-02, 
 2DIAGNOSTIC,    32, -8.859617114067e-01, 1.950707519427e-05, 1.4881e+00, 1.4784e-02, 
 2DIAGNOSTIC,    33, -8.860769271851e-01, 2.100833262375e-05, 1.5078e+00, 1.9663e-02, 
 2DIAGNOSTIC,    34, -8.860666155815e-01, 2.055971162918e-05, 1.5243e+00, 1.6531e-02, 
 2DIAGNOSTIC,    35, -8.860703110695e-01, 1.823280217650e-05, 1.5413e+00, 1.6946e-02, 
 2DIAGNOSTIC,    36, -8.860742449760e-01, 1.438014260202e-05, 1.5566e+00, 1.5381e-02, 
 2DIAGNOSTIC,    37, -8.861339688301e-01, 1.153416724264e-05, 1.5715e+00, 1.4903e-02, 
 2DIAGNOSTIC,    38, -8.861694335938e-01, 9.068203326024e-06, 1.5864e+00, 1.4847e-02, 
 2DIAGNOSTIC,    39, -8.862053155899e-01, 7.118480880308e-06, 1.6034e+00, 1.7010e-02, 
 2DIAGNOSTIC,    40, -8.862103819847e-01, 5.919072918914e-06, 1.6287e+00, 2.5326e-02, 
 2DIAGNOSTIC,    41, -8.862112164497e-01, 4.894954145129e-06, 1.6480e+00, 1.9302e-02, 
 2DIAGNOSTIC,    42, -8.862113356590e-01, 4.055335466546e-06, 1.6647e+00, 1.6639e-02, 
 2DIAGNOSTIC,    43, -8.861837983131e-01, 3.598454895837e-06, 1.6813e+00, 1.6610e-02, 
 2DIAGNOSTIC,    44, -8.861839771271e-01, 2.822560645654e-06, 1.6988e+00, 1.7493e-02, 
 2DIAGNOSTIC,    45, -8.861841559410e-01, 1.913879714266e-06, 1.7157e+00, 1.6909e-02, 
DIAGNOSTIC,Iteration,metricValue,convergenceValue,ITERATION_TIME_INDEX,SINCE_LAST
 2DIAGNOSTIC,     1, -6.473216414452e-01, inf, 2.6987e+00, 9.8306e-01, 
 2DIAGNOSTIC,     2, -6.478672027588e-01, inf, 2.7528e+00, 5.4038e-02, 
 2DIAGNOSTIC,     3, -6.485035419464e-01, inf, 2.8056e+00, 5.2872e-02, 
 2DIAGNOSTIC,     4, -6.492716670036e-01, inf, 2.8542e+00, 4.8576e-02, 
 2DIAGNOSTIC,     5, -6.500841379166e-01, inf, 2.9019e+00, 4.7709e-02, 
 2DIAGNOSTIC,     6, -6.504997014999e-01, inf, 2.9696e+00, 6.7676e-02, 
 2DIAGNOSTIC,     7, -6.505074501038e-01, inf, 3.0384e+00, 6.8760e-02, 
 2DIAGNOSTIC,     8, -6.505042910576e-01, inf, 3.0990e+00, 6.0657e-02, 
 2DIAGNOSTIC,     9, -6.505022644997e-01, inf, 3.1533e+00, 5.4261e-02, 
 2DIAGNOSTIC,    10, -6.504933834076e-01, 3.323955461383e-04, 3.2072e+00, 5.3905e-02, 
 2DIAGNOSTIC,    11, -6.504912376404e-01, 2.186085184803e-04, 3.2549e+00, 4.7702e-02, 
 2DIAGNOSTIC,    12, -6.504905819893e-01, 1.244241429958e-04, 3.3161e+00, 6.1216e-02, 
 2DIAGNOSTIC,    13, -6.504912376404e-01, 5.499687176780e-05, 3.3784e+00, 6.2317e-02, 
 2DIAGNOSTIC,    14, -6.504917144775e-01, 1.417012117599e-05, 3.4321e+00, 5.3636e-02, 
DIAGNOSTIC,Iteration,metricValue,convergenceValue,ITERATION_TIME_INDEX,SINCE_LAST
 2DIAGNOSTIC,     1, -5.697741508484e-01, inf, 4.7993e+00, 1.3673e+00, 
 2DIAGNOSTIC,     2, -5.701265335083e-01, inf, 5.1026e+00, 3.0323e-01, 
 2DIAGNOSTIC,     3, -5.704905390739e-01, inf, 5.4061e+00, 3.0358e-01, 
 2DIAGNOSTIC,     4, -5.707854032516e-01, inf, 5.7113e+00, 3.0516e-01, 
 2DIAGNOSTIC,     5, -5.709371566772e-01, inf, 6.1927e+00, 4.8135e-01, 
 2DIAGNOSTIC,     6, -5.709382891655e-01, inf, 6.7184e+00, 5.2577e-01, 
 2DIAGNOSTIC,     7, -5.709366798401e-01, inf, 7.0688e+00, 3.5036e-01, 
 2DIAGNOSTIC,     8, -5.709362030029e-01, inf, 7.4173e+00, 3.4846e-01, 
 2DIAGNOSTIC,     9, -5.709348917007e-01, inf, 7.9881e+00, 5.7089e-01, 
 2DIAGNOSTIC,    10, -5.709351897240e-01, 1.152829063358e-04, 8.3362e+00, 3.4808e-01, 
 2DIAGNOSTIC,    11, -5.709348917007e-01, 6.179464253364e-05, 8.6845e+00, 3.4831e-01, 
 2DIAGNOSTIC,    12, -5.709348917007e-01, 2.638431760715e-05, 9.0833e+00, 3.9873e-01, 
 2DIAGNOSTIC,    13, -5.709347128868e-01, 7.964997166710e-06, 9.4305e+00, 3.4724e-01, 
 2DIAGNOSTIC,    14, -5.709346532822e-01, 2.008029468925e-06, 9.7767e+00, 3.4622e-01, 
 2DIAGNOSTIC,    15, -5.709346532822e-01, 1.905454837470e-06, 1.0126e+01, 3.4924e-01, 
 2DIAGNOSTIC,    16, -5.709343552589e-01, 1.862068302216e-06, 1.0476e+01, 3.4993e-01, 
 2DIAGNOSTIC,    17, -5.709344148636e-01, 1.790405008251e-06, 1.0825e+01, 3.4901e-01, 
 2DIAGNOSTIC,    18, -5.709345936775e-01, 1.726917162159e-06, 1.1215e+01, 3.9033e-01, 
 2DIAGNOSTIC,    19, -5.709345340729e-01, 1.637446189307e-06, 1.1564e+01, 3.4870e-01, 
 2DIAGNOSTIC,    20, -5.709341168404e-01, 1.557703399158e-06, 1.2042e+01, 4.7849e-01, 
 2DIAGNOSTIC,    21, -5.709341764450e-01, 1.483366418142e-06, 1.2390e+01, 3.4752e-01, 
 2DIAGNOSTIC,    22, -5.709340572357e-01, 1.415964902662e-06, 1.2738e+01, 3.4769e-01, 
 2DIAGNOSTIC,    23, -5.709339380264e-01, 1.350611341877e-06, 1.3086e+01, 3.4832e-01, 
 2DIAGNOSTIC,    24, -5.709341168404e-01, 1.296289042330e-06, 1.3431e+01, 3.4476e-01, 
 2DIAGNOSTIC,    25, -5.709341168404e-01, 1.249284764526e-06, 1.3782e+01, 3.5111e-01, 
 2DIAGNOSTIC,    26, -5.709339976311e-01, 1.200115661959e-06, 1.4141e+01, 3.5922e-01, 
 2DIAGNOSTIC,    27, -5.709340572357e-01, 1.158930444944e-06, 1.4445e+01, 3.0348e-01, 
 2DIAGNOSTIC,    28, -5.709341168404e-01, 1.126691586251e-06, 1.4836e+01, 3.9167e-01, 
 2DIAGNOSTIC,    29, -5.709341764450e-01, 1.097669155570e-06, 1.5183e+01, 3.4640e-01, 
 2DIAGNOSTIC,    30, -5.709340572357e-01, 1.061533339453e-06, 1.5530e+01, 3.4726e-01, 
 2DIAGNOSTIC,    31, -5.709339976311e-01, 1.027819621413e-06, 1.5875e+01, 3.4517e-01, 
DIAGNOSTIC,Iteration,metricValue,convergenceValue,ITERATION_TIME_INDEX,SINCE_LAST
 2DIAGNOSTIC,     1, -5.221126079559e-01, inf, 1.8556e+01, 2.6813e+00, 
  Elapsed time (stage 0): 1.9882e+01


Stage 1
  iterations = 1000x500x250x0
  convergence threshold = 1.0000e-06
  convergence window size = 10
  number of levels = 4
  using the Mattes MI metric (number of bins = 32, weight = 1.0000e+00)
  preprocessing:  winsorizing the image intensities
  preprocessing:  histogram matching the images
  Shrink factors (level 1 out of 4): [6, 6, 6]
  Shrink factors (level 2 out of 4): [4, 4, 4]
  Shrink factors (level 3 out of 4): [2, 2, 2]
  Shrink factors (level 4 out of 4): [1, 1, 1]
  smoothing sigmas per level: [4, 2, 1, 0]
  regular sampling (percentage = 2.5000e-01)

*** Running AffineTransform registration ***

DIAGNOSTIC,Iteration,metricValue,convergenceValue,ITERATION_TIME_INDEX,SINCE_LAST
 2DIAGNOSTIC,     1, -8.754241466522e-01, inf, 9.1315e-01, 9.1315e-01, 
 2DIAGNOSTIC,     2, -8.793340921402e-01, inf, 9.3082e-01, 1.7669e-02, 
 2DIAGNOSTIC,     3, -8.859632015228e-01, inf, 9.4853e-01, 1.7716e-02, 
 2DIAGNOSTIC,     4, -8.970652222633e-01, inf, 9.6634e-01, 1.7811e-02, 
 2DIAGNOSTIC,     5, -9.151060581207e-01, inf, 9.8376e-01, 1.7416e-02, 
 2DIAGNOSTIC,     6, -9.438046813011e-01, inf, 1.0012e+00, 1.7453e-02, 
 2DIAGNOSTIC,     7, -9.846423864365e-01, inf, 1.0176e+00, 1.6351e-02, 
 2DIAGNOSTIC,     8, -1.043144822121e+00, inf, 1.0333e+00, 1.5773e-02, 
 2DIAGNOSTIC,     9, -1.072085976601e+00, inf, 1.0587e+00, 2.5397e-02, 
 2DIAGNOSTIC,    10, -1.076937556267e+00, 1.561537850648e-02, 1.0753e+00, 1.6520e-02, 
 2DIAGNOSTIC,    11, -1.078677773476e+00, 1.482651382685e-02, 1.0964e+00, 2.1147e-02, 
 2DIAGNOSTIC,    12, -1.079408884048e+00, 1.297050062567e-02, 1.1223e+00, 2.5945e-02, 
 2DIAGNOSTIC,    13, -1.079454302788e+00, 1.039591990411e-02, 1.1390e+00, 1.6647e-02, 
 2DIAGNOSTIC,    14, -1.079892754555e+00, 7.515760138631e-03, 1.1563e+00, 1.7284e-02, 
 2DIAGNOSTIC,    15, -1.080145478249e+00, 4.724510014057e-03, 1.1744e+00, 1.8164e-02, 
 2DIAGNOSTIC,    16, -1.080226898193e+00, 2.386883366853e-03, 1.1930e+00, 1.8548e-02, 
 2DIAGNOSTIC,    17, -1.080322384834e+00, 7.836524746381e-04, 1.2100e+00, 1.6987e-02, 
 2DIAGNOSTIC,    18, -1.080266594887e+00, 1.991661265492e-04, 1.2254e+00, 1.5385e-02, 
 2DIAGNOSTIC,    19, -1.080350041389e+00, 8.787697879598e-05, 1.2408e+00, 1.5428e-02, 
 2DIAGNOSTIC,    20, -1.080448746681e+00, 4.880478081759e-05, 1.2563e+00, 1.5488e-02, 
 2DIAGNOSTIC,    21, -1.080874443054e+00, 3.773693242692e-05, 1.2714e+00, 1.5124e-02, 
 2DIAGNOSTIC,    22, -1.081347346306e+00, 3.950943937525e-05, 1.2867e+00, 1.5287e-02, 
 2DIAGNOSTIC,    23, -1.081964254379e+00, 4.536649794318e-05, 1.3020e+00, 1.5264e-02, 
 2DIAGNOSTIC,    24, -1.082364916801e+00, 5.612823224510e-05, 1.3175e+00, 1.5586e-02, 
 2DIAGNOSTIC,    25, -1.083049654961e+00, 7.116736378521e-05, 1.3460e+00, 2.8503e-02, 
 2DIAGNOSTIC,    26, -1.083102822304e+00, 7.969214493642e-05, 1.3613e+00, 1.5236e-02, 
 2DIAGNOSTIC,    27, -1.083327651024e+00, 8.349693234777e-05, 1.3762e+00, 1.4910e-02, 
 2DIAGNOSTIC,    28, -1.083428859711e+00, 7.969038415467e-05, 1.3938e+00, 1.7640e-02, 
 2DIAGNOSTIC,    29, -1.083356499672e+00, 6.885089533171e-05, 1.4091e+00, 1.5309e-02, 
 2DIAGNOSTIC,    30, -1.083452343941e+00, 5.411847087089e-05, 1.4263e+00, 1.7133e-02, 
 2DIAGNOSTIC,    31, -1.083543062210e+00, 3.985803414253e-05, 1.4440e+00, 1.7699e-02, 
 2DIAGNOSTIC,    32, -1.083547234535e+00, 2.684243736439e-05, 1.4616e+00, 1.7655e-02, 
 2DIAGNOSTIC,    33, -1.083552718163e+00, 1.731777956593e-05, 1.4788e+00, 1.7155e-02, 
 2DIAGNOSTIC,    34, -1.083640575409e+00, 1.062613591785e-05, 1.4956e+00, 1.6805e-02, 
 2DIAGNOSTIC,    35, -1.083641529083e+00, 8.726625310373e-06, 1.5111e+00, 1.5487e-02, 
 2DIAGNOSTIC,    36, -1.083685874939e+00, 6.877543910377e-06, 1.5284e+00, 1.7308e-02, 
 2DIAGNOSTIC,    37, -1.083729624748e+00, 6.514825599879e-06, 1.5437e+00, 1.5349e-02, 
 2DIAGNOSTIC,    38, -1.083730816841e+00, 6.391918759618e-06, 1.5616e+00, 1.7869e-02, 
 2DIAGNOSTIC,    39, -1.083773970604e+00, 5.533433522942e-06, 1.5792e+00, 1.7615e-02, 
 2DIAGNOSTIC,    40, -1.083775162697e+00, 4.904671641270e-06, 1.5958e+00, 1.6613e-02, 
 2DIAGNOSTIC,    41, -1.083732008934e+00, 4.237935172569e-06, 1.6132e+00, 1.7330e-02, 
 2DIAGNOSTIC,    42, -1.083731651306e+00, 3.312938815725e-06, 1.6307e+00, 1.7583e-02, 
 2DIAGNOSTIC,    43, -1.083731770515e+00, 2.209077820226e-06, 1.6480e+00, 1.7261e-02, 
 2DIAGNOSTIC,    44, -1.083731889725e+00, 1.556330289532e-06, 1.6674e+00, 1.9415e-02, 
DIAGNOSTIC,Iteration,metricValue,convergenceValue,ITERATION_TIME_INDEX,SINCE_LAST
 2DIAGNOSTIC,     1, -8.704011440277e-01, inf, 2.6240e+00, 9.5658e-01, 
 2DIAGNOSTIC,     2, -8.724426031113e-01, inf, 2.6779e+00, 5.3937e-02, 
 2DIAGNOSTIC,     3, -8.746519088745e-01, inf, 2.7283e+00, 5.0422e-02, 
 2DIAGNOSTIC,     4, -8.768339753151e-01, inf, 2.7781e+00, 4.9710e-02, 
 2DIAGNOSTIC,     5, -8.787527680397e-01, inf, 2.8253e+00, 4.7232e-02, 
 2DIAGNOSTIC,     6, -8.803342580795e-01, inf, 2.8736e+00, 4.8325e-02, 
 2DIAGNOSTIC,     7, -8.810055255890e-01, inf, 2.9575e+00, 8.3852e-02, 
 2DIAGNOSTIC,     8, -8.809782266617e-01, inf, 3.0199e+00, 6.2428e-02, 
 2DIAGNOSTIC,     9, -8.809724450111e-01, inf, 3.0747e+00, 5.4762e-02, 
 2DIAGNOSTIC,    10, -8.809664845467e-01, 8.019211236387e-04, 3.1302e+00, 5.5498e-02, 
 2DIAGNOSTIC,    11, -8.809708356857e-01, 5.355220055208e-04, 3.2144e+00, 8.4220e-02, 
 2DIAGNOSTIC,    12, -8.809708952904e-01, 3.203428350389e-04, 3.2764e+00, 6.2048e-02, 
 2DIAGNOSTIC,    13, -8.809708356857e-01, 1.642736024223e-04, 3.3319e+00, 5.5514e-02, 
 2DIAGNOSTIC,    14, -8.809608221054e-01, 6.547642988153e-05, 3.3939e+00, 6.1992e-02, 
 2DIAGNOSTIC,    15, -8.809610605240e-01, 1.468597110943e-05, 3.4492e+00, 5.5320e-02, 
DIAGNOSTIC,Iteration,metricValue,convergenceValue,ITERATION_TIME_INDEX,SINCE_LAST
 2DIAGNOSTIC,     1, -7.800124883652e-01, inf, 4.8357e+00, 1.3865e+00, 
 2DIAGNOSTIC,     2, -7.808295488358e-01, inf, 5.1610e+00, 3.2523e-01, 
 2DIAGNOSTIC,     3, -7.818506956100e-01, inf, 5.4856e+00, 3.2465e-01, 
 2DIAGNOSTIC,     4, -7.828063368797e-01, inf, 5.8097e+00, 3.2410e-01, 
 2DIAGNOSTIC,     5, -7.833469510078e-01, inf, 6.1768e+00, 3.6709e-01, 
 2DIAGNOSTIC,     6, -7.834312915802e-01, inf, 6.5413e+00, 3.6450e-01, 
 2DIAGNOSTIC,     7, -7.834565043449e-01, inf, 6.9552e+00, 4.1386e-01, 
 2DIAGNOSTIC,     8, -7.834572196007e-01, inf, 7.5430e+00, 5.8788e-01, 
 2DIAGNOSTIC,     9, -7.834578156471e-01, inf, 7.9090e+00, 3.6594e-01, 
 2DIAGNOSTIC,    10, -7.834587097168e-01, 2.642087056302e-04, 8.2739e+00, 3.6493e-01, 
 2DIAGNOSTIC,    11, -7.834568023682e-01, 1.529305300210e-04, 8.6373e+00, 3.6337e-01, 
 2DIAGNOSTIC,    12, -7.834570407867e-01, 7.120230293367e-05, 9.0972e+00, 4.5995e-01, 
 2DIAGNOSTIC,    13, -7.834562063217e-01, 2.381617559877e-05, 9.6121e+00, 5.1481e-01, 
 2DIAGNOSTIC,    14, -7.834559679031e-01, 5.673804935213e-06, 9.9726e+00, 3.6053e-01, 
 2DIAGNOSTIC,    15, -7.834560871124e-01, 2.677339125512e-06, 1.0381e+01, 4.0828e-01, 
 2DIAGNOSTIC,    16, -7.834560871124e-01, 1.902499093376e-06, 1.0744e+01, 3.6325e-01, 
 2DIAGNOSTIC,    17, -7.834559082985e-01, 1.761531166267e-06, 1.1112e+01, 3.6825e-01, 
 2DIAGNOSTIC,    18, -7.834559082985e-01, 1.660568955231e-06, 1.1482e+01, 3.6971e-01, 
 2DIAGNOSTIC,    19, -7.834560871124e-01, 1.594255650161e-06, 1.1848e+01, 3.6612e-01, 
 2DIAGNOSTIC,    20, -7.834559679031e-01, 1.556789243295e-06, 1.2210e+01, 3.6152e-01, 
 2DIAGNOSTIC,    21, -7.834559082985e-01, 1.491857801739e-06, 1.2576e+01, 3.6634e-01, 
 2DIAGNOSTIC,    22, -7.834558486938e-01, 1.438474782844e-06, 1.3030e+01, 4.5357e-01, 
 2DIAGNOSTIC,    23, -7.834556698799e-01, 1.374623820993e-06, 1.3393e+01, 3.6379e-01, 
 2DIAGNOSTIC,    24, -7.834557294846e-01, 1.314158907917e-06, 1.3763e+01, 3.6962e-01, 
 2DIAGNOSTIC,    25, -7.834557294846e-01, 1.261297825295e-06, 1.4131e+01, 3.6791e-01, 
 2DIAGNOSTIC,    26, -7.834556698799e-01, 1.212873257828e-06, 1.4502e+01, 3.7084e-01, 
 2DIAGNOSTIC,    27, -7.834556698799e-01, 1.166743004433e-06, 1.4871e+01, 3.6932e-01, 
 2DIAGNOSTIC,    28, -7.834556698799e-01, 1.124960931520e-06, 1.5234e+01, 3.6263e-01, 
 2DIAGNOSTIC,    29, -7.834556102753e-01, 1.088648787118e-06, 1.5598e+01, 3.6474e-01, 
 2DIAGNOSTIC,    30, -7.834557890892e-01, 1.056294763657e-06, 1.5969e+01, 3.7067e-01, 
 2DIAGNOSTIC,    31, -7.834557294846e-01, 1.025001211019e-06, 1.6334e+01, 3.6472e-01, 
DIAGNOSTIC,Iteration,metricValue,convergenceValue,ITERATION_TIME_INDEX,SINCE_LAST
 2DIAGNOSTIC,     1, -7.061139941216e-01, inf, 1.9175e+01, 2.8411e+00, 
  Elapsed time (stage 1): 2.0473e+01


Stage 2
  iterations = 100x100x70x20
  convergence threshold = 1.0000e-09
  convergence window size = 10
  number of levels = 4
  using the CC metric (radius = 4, weight = 1.0000e+00)
  preprocessing:  winsorizing the image intensities
  preprocessing:  histogram matching the images
  Shrink factors (level 1 out of 4): [6, 6, 6]
  Shrink factors (level 2 out of 4): [4, 4, 4]
  Shrink factors (level 3 out of 4): [2, 2, 2]
  Shrink factors (level 4 out of 4): [1, 1, 1]
  smoothing sigmas per level: [3, 2, 1, 0]
  Using default NONE metricSamplingStrategy 

*** Running SyN registration (varianceForUpdateField = 3.0000e+00, varianceForTotalField = 0.0000e+00) ***

XXDIAGNOSTIC,Iteration,metricValue,convergenceValue,ITERATION_TIME_INDEX,SINCE_LAST
 1DIAGNOSTIC,     1, -9.143191576004e-01, inf, 1.7427e+00, 1.7427e+00, 
 1DIAGNOSTIC,     2, -9.243478178978e-01, inf, 2.6041e+00, 8.6146e-01, 
 1DIAGNOSTIC,     3, -9.334441423416e-01, inf, 3.4821e+00, 8.7794e-01, 
 1DIAGNOSTIC,     4, -9.404727816582e-01, inf, 4.3188e+00, 8.3671e-01, 
 1DIAGNOSTIC,     5, -9.460211992264e-01, inf, 5.1459e+00, 8.2711e-01, 
 1DIAGNOSTIC,     6, -9.502128958702e-01, inf, 5.9901e+00, 8.4423e-01, 
 1DIAGNOSTIC,     7, -9.533326625824e-01, inf, 6.8205e+00, 8.3034e-01, 
 1DIAGNOSTIC,     8, -9.558938741684e-01, inf, 7.6862e+00, 8.6575e-01, 
 1DIAGNOSTIC,     9, -9.576890468597e-01, inf, 8.5598e+00, 8.7357e-01, 
 1DIAGNOSTIC,    10, -9.588975906372e-01, 2.900040242821e-03, 9.4248e+00, 8.6504e-01, 
 1DIAGNOSTIC,    11, -9.598920345306e-01, 2.053378149867e-03, 1.0288e+01, 8.6284e-01, 
 1DIAGNOSTIC,    12, -9.606484174728e-01, 1.432409742847e-03, 1.1117e+01, 8.2903e-01, 
 1DIAGNOSTIC,    13, -9.612717032433e-01, 1.000898540951e-03, 1.1959e+01, 8.4210e-01, 
 1DIAGNOSTIC,    14, -9.618012905121e-01, 7.010073750280e-04, 1.2833e+01, 8.7426e-01, 
 1DIAGNOSTIC,    15, -9.622660875320e-01, 4.965597181581e-04, 1.3664e+01, 8.3093e-01, 
 1DIAGNOSTIC,    16, -9.626615047455e-01, 3.574991133064e-04, 1.4525e+01, 8.6147e-01, 
 1DIAGNOSTIC,    17, -9.629983901978e-01, 2.622203028295e-04, 1.5393e+01, 8.6800e-01, 
 1DIAGNOSTIC,    18, -9.632940292358e-01, 2.004668494919e-04, 1.6274e+01, 8.8008e-01, 
 1DIAGNOSTIC,    19, -9.635515809059e-01, 1.587981241755e-04, 1.7126e+01, 8.5227e-01, 
 1DIAGNOSTIC,    20, -9.637731909752e-01, 1.277992996620e-04, 1.7966e+01, 8.3977e-01, 
 1DIAGNOSTIC,    21, -9.639703035355e-01, 1.047562327585e-04, 1.8813e+01, 8.4705e-01, 
 1DIAGNOSTIC,    22, -9.641494154930e-01, 8.671779505676e-05, 1.9691e+01, 8.7866e-01, 
 1DIAGNOSTIC,    23, -9.642932415009e-01, 7.210059993668e-05, 2.0502e+01, 8.1116e-01, 
 1DIAGNOSTIC,    24, -9.644391536713e-01, 6.036659033271e-05, 2.1350e+01, 8.4806e-01, 
 1DIAGNOSTIC,    25, -9.645612239838e-01, 5.093634899822e-05, 2.2204e+01, 8.5365e-01, 
 1DIAGNOSTIC,    26, -9.646718502045e-01, 4.328937211540e-05, 2.3052e+01, 8.4740e-01, 
 1DIAGNOSTIC,    27, -9.647504091263e-01, 3.677007043734e-05, 2.3924e+01, 8.7208e-01, 
 1DIAGNOSTIC,    28, -9.648621082306e-01, 3.164647205267e-05, 2.4763e+01, 8.3969e-01, 
 1DIAGNOSTIC,    29, -9.649169445038e-01, 2.714966103667e-05, 2.5630e+01, 8.6694e-01, 
 1DIAGNOSTIC,    30, -9.649971723557e-01, 2.345128268644e-05, 2.6481e+01, 8.5113e-01, 
 1DIAGNOSTIC,    31, -9.650574922562e-01, 2.030841460510e-05, 2.7334e+01, 8.5256e-01, 
 1DIAGNOSTIC,    32, -9.651038050652e-01, 1.760688610375e-05, 2.8206e+01, 8.7239e-01, 
 1DIAGNOSTIC,    33, -9.651662111282e-01, 1.532748501631e-05, 2.9068e+01, 8.6136e-01, 
 1DIAGNOSTIC,    34, -9.651991724968e-01, 1.335756041954e-05, 2.9928e+01, 8.5983e-01, 
 1DIAGNOSTIC,    35, -9.652554988861e-01, 1.182006781164e-05, 3.0801e+01, 8.7390e-01, 
 1DIAGNOSTIC,    36, -9.652771353722e-01, 1.040761071636e-05, 3.1617e+01, 8.1528e-01, 
 1DIAGNOSTIC,    37, -9.653152823448e-01, 9.086780664802e-06, 3.2472e+01, 8.5513e-01, 
 1DIAGNOSTIC,    38, -9.653562307358e-01, 8.237304427894e-06, 3.3349e+01, 8.7758e-01, 
 1DIAGNOSTIC,    39, -9.653829336166e-01, 7.330317657761e-06, 3.4178e+01, 8.2849e-01, 
 1DIAGNOSTIC,    40, -9.654024839401e-01, 6.580583431059e-06, 3.5039e+01, 8.6128e-01, 
 1DIAGNOSTIC,    41, -9.654413461685e-01, 6.030681561242e-06, 3.5923e+01, 8.8379e-01, 
 1DIAGNOSTIC,    42, -9.654249548912e-01, 5.204392437008e-06, 3.6780e+01, 8.5737e-01, 
 1DIAGNOSTIC,    43, -9.654700160027e-01, 4.735655693366e-06, 3.7650e+01, 8.6989e-01, 
 1DIAGNOSTIC,    44, -9.654833078384e-01, 4.203033768135e-06, 3.8486e+01, 8.3591e-01, 
 1DIAGNOSTIC,    45, -9.654890298843e-01, 3.769102022488e-06, 3.9330e+01, 8.4384e-01, 
 1DIAGNOSTIC,    46, -9.655249714851e-01, 3.431591721892e-06, 4.0186e+01, 8.5581e-01, 
 1DIAGNOSTIC,    47, -9.655119776726e-01, 2.996822331625e-06, 4.1026e+01, 8.3993e-01, 
 1DIAGNOSTIC,    48, -9.655418992043e-01, 2.797148908940e-06, 4.1897e+01, 8.7085e-01, 
 1DIAGNOSTIC,    49, -9.655279517174e-01, 2.471351081113e-06, 4.2760e+01, 8.6321e-01, 
 1DIAGNOSTIC,    50, -9.655581712723e-01, 2.277133489770e-06, 4.3642e+01, 8.8254e-01, 
 1DIAGNOSTIC,    51, -9.655451178551e-01, 2.083966592181e-06, 4.4469e+01, 8.2678e-01, 
 1DIAGNOSTIC,    52, -9.655610918999e-01, 1.752970661073e-06, 4.5297e+01, 8.2809e-01, 
 1DIAGNOSTIC,    53, -9.655585885048e-01, 1.561532826599e-06, 4.6168e+01, 8.7043e-01, 
 1DIAGNOSTIC,    54, -9.655890464783e-01, 1.525583911643e-06, 4.7017e+01, 8.4891e-01, 
 1DIAGNOSTIC,    55, -9.655704498291e-01, 1.322660637015e-06, 4.7907e+01, 8.9041e-01, 
 1DIAGNOSTIC,    56, -9.655969738960e-01, 1.393216734868e-06, 4.8739e+01, 8.3178e-01, 
 1DIAGNOSTIC,    57, -9.655791521072e-01, 1.215975316882e-06, 4.9598e+01, 8.5914e-01, 
 1DIAGNOSTIC,    58, -9.655874967575e-01, 1.181849938803e-06, 5.0467e+01, 8.6895e-01, 
 1DIAGNOSTIC,    59, -9.655815958977e-01, 9.826429732129e-07, 5.1324e+01, 8.5761e-01, 
 1DIAGNOSTIC,    60, -9.656023979187e-01, 1.002136627903e-06, 5.2198e+01, 8.7337e-01, 
 1DIAGNOSTIC,    61, -9.655866622925e-01, 8.322407438754e-07, 5.3060e+01, 8.6268e-01, 
 1DIAGNOSTIC,    62, -9.655963182449e-01, 7.647371376152e-07, 5.3926e+01, 8.6535e-01, 
 1DIAGNOSTIC,    63, -9.655783772469e-01, 5.754889116361e-07, 5.4802e+01, 8.7663e-01, 
 1DIAGNOSTIC,    64, -9.656106233597e-01, 6.795120839342e-07, 5.5671e+01, 8.6867e-01, 
 1DIAGNOSTIC,    65, -9.655829071999e-01, 5.428366307569e-07, 5.6541e+01, 8.7001e-01, 
 1DIAGNOSTIC,    66, -9.656093120575e-01, 6.493821729237e-07, 5.7413e+01, 8.7203e-01, 
 1DIAGNOSTIC,    67, -9.655908942223e-01, 5.744169015998e-07, 5.8253e+01, 8.4019e-01, 
 1DIAGNOSTIC,    68, -9.655865430832e-01, 5.126601081429e-07, 5.9119e+01, 8.6533e-01, 
 1DIAGNOSTIC,    69, -9.656063914299e-01, 5.054367306911e-07, 6.0004e+01, 8.8566e-01, 
 1DIAGNOSTIC,    70, -9.655835032463e-01, 4.838337304136e-07, 6.0873e+01, 8.6900e-01, 
 1DIAGNOSTIC,    71, -9.655941724777e-01, 4.415226442234e-07, 6.1729e+01, 8.5540e-01, 
 1DIAGNOSTIC,    72, -9.655816555023e-01, 3.911812029855e-07, 6.2566e+01, 8.3702e-01, 
 1DIAGNOSTIC,    73, -9.656060338020e-01, 3.707052940172e-07, 6.3405e+01, 8.3955e-01, 
 1DIAGNOSTIC,    74, -9.655820727348e-01, 3.899341152191e-07, 6.4264e+01, 8.5835e-01, 
 1DIAGNOSTIC,    75, -9.655831456184e-01, 3.076883388076e-07, 6.5097e+01, 8.3331e-01, 
 1DIAGNOSTIC,    76, -9.656057357788e-01, 4.326850557845e-07, 6.5936e+01, 8.3886e-01, 
 1DIAGNOSTIC,    77, -9.655800461769e-01, 3.803354786669e-07, 6.6784e+01, 8.4782e-01, 
 1DIAGNOSTIC,    78, -9.655693173409e-01, 2.758352195542e-07, 6.7614e+01, 8.3069e-01, 
 1DIAGNOSTIC,    79, -9.655913114548e-01, 3.480156465230e-07, 6.8463e+01, 8.4912e-01, 
 1DIAGNOSTIC,    80, -9.655681848526e-01, 2.492996600267e-07, 6.9310e+01, 8.4630e-01, 
 1DIAGNOSTIC,    81, -9.655609130859e-01, 1.825266053856e-07, 7.0175e+01, 8.6560e-01, 
 1DIAGNOSTIC,    82, -9.655929803848e-01, 2.071779618973e-07, 7.1000e+01, 8.2480e-01, 
 1DIAGNOSTIC,    83, -9.655607938766e-01, 2.206281379813e-07, 7.1845e+01, 8.4485e-01, 
 1DIAGNOSTIC,    84, -9.655597209930e-01, 1.642837190730e-07, 7.2719e+01, 8.7428e-01, 
 1DIAGNOSTIC,    85, -9.655835628510e-01, 2.144745394617e-07, 7.3589e+01, 8.7022e-01, 
 1DIAGNOSTIC,    86, -9.655538797379e-01, 2.541426624703e-07, 7.4443e+01, 8.5398e-01, 
 1DIAGNOSTIC,    87, -9.655566215515e-01, 2.294440832884e-07, 7.5322e+01, 8.7820e-01, 
 1DIAGNOSTIC,    88, -9.655724763870e-01, 2.336095121791e-07, 7.6177e+01, 8.5548e-01, 
 1DIAGNOSTIC,    89, -9.655491113663e-01, 2.464219619469e-07, 7.7044e+01, 8.6694e-01, 
 1DIAGNOSTIC,    90, -9.655487537384e-01, 1.950061943035e-07, 7.7902e+01, 8.5760e-01, 
 1DIAGNOSTIC,    91, -9.655703902245e-01, 2.037169366531e-07, 7.8770e+01, 8.6793e-01, 
 1DIAGNOSTIC,    92, -9.655426740646e-01, 2.413836739379e-07, 7.9653e+01, 8.8362e-01, 
 1DIAGNOSTIC,    93, -9.655468463898e-01, 2.017032301183e-07, 8.0524e+01, 8.7125e-01, 
 1DIAGNOSTIC,    94, -9.655623435974e-01, 2.194556003587e-07, 8.1389e+01, 8.6480e-01, 
 1DIAGNOSTIC,    95, -9.655410051346e-01, 2.571894412995e-07, 8.2238e+01, 8.4888e-01, 
 1DIAGNOSTIC,    96, -9.655412435532e-01, 2.122400957205e-07, 8.3063e+01, 8.2486e-01, 
 1DIAGNOSTIC,    97, -9.655635356903e-01, 2.548572695105e-07, 8.3927e+01, 8.6415e-01, 
 1DIAGNOSTIC,    98, -9.655343294144e-01, 2.635921987348e-07, 8.4766e+01, 8.3926e-01, 
 1DIAGNOSTIC,    99, -9.655404686928e-01, 2.289612268669e-07, 8.5633e+01, 8.6669e-01, 
 1DIAGNOSTIC,   100, -9.655421376228e-01, 2.057108332565e-07, 8.6513e+01, 8.8029e-01, 
XXDIAGNOSTIC,Iteration,metricValue,convergenceValue,ITERATION_TIME_INDEX,SINCE_LAST
 1DIAGNOSTIC,     1, -9.176626205444e-01, inf, 9.0132e+01, 3.6191e+00, 
 1DIAGNOSTIC,     2, -9.193397760391e-01, inf, 9.2864e+01, 2.7311e+00, 
 1DIAGNOSTIC,     3, -9.208123683929e-01, inf, 9.5587e+01, 2.7237e+00, 
 1DIAGNOSTIC,     4, -9.219930171967e-01, inf, 9.8317e+01, 2.7294e+00, 
 1DIAGNOSTIC,     5, -9.229948520660e-01, inf, 1.0103e+02, 2.7153e+00, 
 1DIAGNOSTIC,     6, -9.238395690918e-01, inf, 1.0375e+02, 2.7220e+00, 
 1DIAGNOSTIC,     7, -9.245507717133e-01, inf, 1.0647e+02, 2.7160e+00, 
 1DIAGNOSTIC,     8, -9.251965880394e-01, inf, 1.0924e+02, 2.7712e+00, 
 1DIAGNOSTIC,     9, -9.257841110229e-01, inf, 1.1198e+02, 2.7368e+00, 
 1DIAGNOSTIC,    10, -9.262384772301e-01, 5.765504320152e-04, 1.1471e+02, 2.7365e+00, 
 1DIAGNOSTIC,    11, -9.266045689583e-01, 4.454333393369e-04, 1.1744e+02, 2.7285e+00, 
 1DIAGNOSTIC,    12, -9.269502758980e-01, 3.478125145193e-04, 1.2020e+02, 2.7534e+00, 
 1DIAGNOSTIC,    13, -9.272040724754e-01, 2.744413795881e-04, 1.2293e+02, 2.7382e+00, 
 1DIAGNOSTIC,    14, -9.273928403854e-01, 2.165747428080e-04, 1.2568e+02, 2.7465e+00, 
 1DIAGNOSTIC,    15, -9.276564121246e-01, 1.725598267512e-04, 1.2840e+02, 2.7200e+00, 
 1DIAGNOSTIC,    16, -9.277703762054e-01, 1.366028736811e-04, 1.3115e+02, 2.7440e+00, 
 1DIAGNOSTIC,    17, -9.280338883400e-01, 1.099549190258e-04, 1.3390e+02, 2.7500e+00, 
 1DIAGNOSTIC,    18, -9.281051158905e-01, 8.830484875944e-05, 1.3664e+02, 2.7427e+00, 
 1DIAGNOSTIC,    19, -9.283114671707e-01, 7.367738726316e-05, 1.3938e+02, 2.7399e+00, 
 1DIAGNOSTIC,    20, -9.284101128578e-01, 6.219063652679e-05, 1.4209e+02, 2.7135e+00, 
 1DIAGNOSTIC,    21, -9.285563230515e-01, 5.354910535971e-05, 1.4484e+02, 2.7533e+00, 
 1DIAGNOSTIC,    22, -9.286496639252e-01, 4.689004708780e-05, 1.4757e+02, 2.7245e+00, 
 1DIAGNOSTIC,    23, -9.287698864937e-01, 4.151824032306e-05, 1.5032e+02, 2.7516e+00, 
 1DIAGNOSTIC,    24, -9.287899136543e-01, 3.542890044628e-05, 1.5307e+02, 2.7455e+00, 
 1DIAGNOSTIC,    25, -9.289811253548e-01, 3.221580846002e-05, 1.5580e+02, 2.7292e+00, 
 1DIAGNOSTIC,    26, -9.289579391479e-01, 2.729710649874e-05, 1.5852e+02, 2.7283e+00, 
 1DIAGNOSTIC,    27, -9.291394948959e-01, 2.537815453252e-05, 1.6129e+02, 2.7612e+00, 
 1DIAGNOSTIC,    28, -9.288374781609e-01, 1.870765117928e-05, 1.6400e+02, 2.7178e+00, 
 1DIAGNOSTIC,    29, -9.290240406990e-01, 1.509536286903e-05, 1.6673e+02, 2.7248e+00, 
 1DIAGNOSTIC,    30, -9.289692640305e-01, 1.074434112525e-05, 1.6947e+02, 2.7468e+00, 
 1DIAGNOSTIC,    31, -9.291346073151e-01, 8.811246516416e-06, 1.7221e+02, 2.7329e+00, 
 1DIAGNOSTIC,    32, -9.291024208069e-01, 6.807160389144e-06, 1.7496e+02, 2.7527e+00, 
 1DIAGNOSTIC,    33, -9.292534589767e-01, 6.960489372432e-06, 1.7773e+02, 2.7665e+00, 
 1DIAGNOSTIC,    34, -9.291743040085e-01, 5.942804364167e-06, 1.8049e+02, 2.7632e+00, 
 1DIAGNOSTIC,    35, -9.293351173401e-01, 7.601495781273e-06, 1.8320e+02, 2.7059e+00, 
 1DIAGNOSTIC,    36, -9.292690753937e-01, 7.674941116420e-06, 1.8593e+02, 2.7340e+00, 
 1DIAGNOSTIC,    37, -9.294148683548e-01, 9.909452273860e-06, 1.8866e+02, 2.7326e+00, 
 1DIAGNOSTIC,    38, -9.293610453606e-01, 8.230781531893e-06, 1.9142e+02, 2.7569e+00, 
 1DIAGNOSTIC,    39, -9.294742345810e-01, 8.332703146152e-06, 1.9416e+02, 2.7440e+00, 
 1DIAGNOSTIC,    40, -9.294339418411e-01, 6.935722922208e-06, 1.9688e+02, 2.7131e+00, 
 1DIAGNOSTIC,    41, -9.295787811279e-01, 7.362977157754e-06, 1.9962e+02, 2.7393e+00, 
 1DIAGNOSTIC,    42, -9.295201897621e-01, 6.424250841519e-06, 2.0235e+02, 2.7319e+00, 
 1DIAGNOSTIC,    43, -9.296376109123e-01, 6.943011158000e-06, 2.0511e+02, 2.7596e+00, 
 1DIAGNOSTIC,    44, -9.296346306801e-01, 6.229481641640e-06, 2.0781e+02, 2.7065e+00, 
 1DIAGNOSTIC,    45, -9.296705722809e-01, 6.381770162989e-06, 2.1055e+02, 2.7405e+00, 
 1DIAGNOSTIC,    46, -9.296579360962e-01, 5.432466878119e-06, 2.1330e+02, 2.7492e+00, 
 1DIAGNOSTIC,    47, -9.297619462013e-01, 5.718054580939e-06, 2.1603e+02, 2.7314e+00, 
 1DIAGNOSTIC,    48, -9.297803640366e-01, 5.246918590274e-06, 2.1877e+02, 2.7308e+00, 
 1DIAGNOSTIC,    49, -9.298049211502e-01, 5.229388079897e-06, 2.2150e+02, 2.7324e+00, 
 1DIAGNOSTIC,    50, -9.297699928284e-01, 4.298814928916e-06, 2.2424e+02, 2.7443e+00, 
 1DIAGNOSTIC,    51, -9.298560619354e-01, 4.466777227208e-06, 2.2698e+02, 2.7341e+00, 
 1DIAGNOSTIC,    52, -9.298438429832e-01, 3.800901367867e-06, 2.2974e+02, 2.7626e+00, 
 1DIAGNOSTIC,    53, -9.299633502960e-01, 4.225591965223e-06, 2.3250e+02, 2.7590e+00, 
 1DIAGNOSTIC,    54, -9.298927783966e-01, 3.858058335027e-06, 2.3529e+02, 2.7906e+00, 
 1DIAGNOSTIC,    55, -9.300139546394e-01, 4.094874839211e-06, 2.3803e+02, 2.7382e+00, 
 1DIAGNOSTIC,    56, -9.299139976501e-01, 3.336902636875e-06, 2.4076e+02, 2.7384e+00, 
 1DIAGNOSTIC,    57, -9.297744631767e-01, 2.158439428968e-06, 2.4349e+02, 2.7291e+00, 
 1DIAGNOSTIC,    58, -9.296729564667e-01, 4.458552211872e-07, 2.4627e+02, 2.7765e+00, 
 1DIAGNOSTIC,    59, -9.297892451286e-01, -4.585993735873e-07, 2.4903e+02, 2.7558e+00, 
XXDIAGNOSTIC,Iteration,metricValue,convergenceValue,ITERATION_TIME_INDEX,SINCE_LAST
 1DIAGNOSTIC,     1, -8.426198959351e-01, inf, 2.7265e+02, 2.3626e+01, 
 1DIAGNOSTIC,     2, -8.459980487823e-01, inf, 2.9494e+02, 2.2288e+01, 
 1DIAGNOSTIC,     3, -8.496118187904e-01, inf, 3.1729e+02, 2.2347e+01, 
 1DIAGNOSTIC,     4, -8.523998260498e-01, inf, 3.3958e+02, 2.2297e+01, 
 1DIAGNOSTIC,     5, -8.548985719681e-01, inf, 3.6202e+02, 2.2439e+01, 
 1DIAGNOSTIC,     6, -8.571192622185e-01, inf, 3.8465e+02, 2.2632e+01, 
 1DIAGNOSTIC,     7, -8.590707778931e-01, inf, 4.0716e+02, 2.2510e+01, 
 1DIAGNOSTIC,     8, -8.607818484306e-01, inf, 4.2977e+02, 2.2610e+01, 
 1DIAGNOSTIC,     9, -8.623124957085e-01, inf, 4.5248e+02, 2.2709e+01, 
 1DIAGNOSTIC,    10, -8.636944293976e-01, 1.554166316055e-03, 4.7499e+02, 2.2506e+01, 
 1DIAGNOSTIC,    11, -8.648978471756e-01, 1.247753971256e-03, 4.9755e+02, 2.2565e+01, 
 1DIAGNOSTIC,    12, -8.659371733665e-01, 1.001509139314e-03, 5.1988e+02, 2.2327e+01, 
 1DIAGNOSTIC,    13, -8.669410943985e-01, 8.198658470064e-04, 5.4251e+02, 2.2630e+01, 
 1DIAGNOSTIC,    14, -8.678607940674e-01, 6.768062012270e-04, 5.6535e+02, 2.2840e+01, 
 1DIAGNOSTIC,    15, -8.687103986740e-01, 5.643739714287e-04, 5.8806e+02, 2.2715e+01, 
 1DIAGNOSTIC,    16, -8.694717288017e-01, 4.754728579428e-04, 6.1112e+02, 2.3051e+01, 
 1DIAGNOSTIC,    17, -8.701575398445e-01, 4.042377986480e-04, 6.3353e+02, 2.2410e+01, 
 1DIAGNOSTIC,    18, -8.708002567291e-01, 3.465016197879e-04, 6.5617e+02, 2.2647e+01, 
 1DIAGNOSTIC,    19, -8.713901042938e-01, 2.993108064402e-04, 6.7876e+02, 2.2583e+01, 
 1DIAGNOSTIC,    20, -8.719186186790e-01, 2.603460743558e-04, 7.0116e+02, 2.2402e+01, 
 1DIAGNOSTIC,    21, -8.724198341370e-01, 2.274951111758e-04, 7.2380e+02, 2.2645e+01, 
 1DIAGNOSTIC,    22, -8.728776574135e-01, 1.987037394429e-04, 7.4608e+02, 2.2278e+01, 
 1DIAGNOSTIC,    23, -8.733053207397e-01, 1.742324238876e-04, 7.6890e+02, 2.2822e+01, 
 1DIAGNOSTIC,    24, -8.736918568611e-01, 1.533046306577e-04, 7.9143e+02, 2.2525e+01, 
 1DIAGNOSTIC,    25, -8.740651011467e-01, 1.357006549370e-04, 8.1417e+02, 2.2742e+01, 
 1DIAGNOSTIC,    26, -8.743886947632e-01, 1.203749052365e-04, 8.3651e+02, 2.2340e+01, 
 1DIAGNOSTIC,    27, -8.747150301933e-01, 1.071461083484e-04, 8.5958e+02, 2.3074e+01, 
 1DIAGNOSTIC,    28, -8.750031590462e-01, 9.565938671585e-05, 8.8210e+02, 2.2521e+01, 
 1DIAGNOSTIC,    29, -8.752834200859e-01, 8.578589768149e-05, 9.0472e+02, 2.2618e+01, 
 1DIAGNOSTIC,    30, -8.755339980125e-01, 7.698679110035e-05, 9.2745e+02, 2.2732e+01, 
 1DIAGNOSTIC,    31, -8.757886886597e-01, 6.948378722882e-05, 9.4986e+02, 2.2406e+01, 
 1DIAGNOSTIC,    32, -8.760082721710e-01, 6.282101821853e-05, 9.7228e+02, 2.2417e+01, 
 1DIAGNOSTIC,    33, -8.762350082397e-01, 5.713083010050e-05, 9.9508e+02, 2.2805e+01, 
 1DIAGNOSTIC,    34, -8.764240741730e-01, 5.192122262088e-05, 1.0177e+03, 2.2663e+01, 
 1DIAGNOSTIC,    35, -8.766276836395e-01, 4.751408050652e-05, 1.0405e+03, 2.2709e+01, 
 1DIAGNOSTIC,    36, -8.768018484116e-01, 4.338743383414e-05, 1.0628e+03, 2.2333e+01, 
 1DIAGNOSTIC,    37, -8.769895434380e-01, 3.994112194050e-05, 1.0856e+03, 2.2843e+01, 
 1DIAGNOSTIC,    38, -8.771421313286e-01, 3.670114529086e-05, 1.1081e+03, 2.2480e+01, 
 1DIAGNOSTIC,    39, -8.772981166840e-01, 3.383469811524e-05, 1.1308e+03, 2.2660e+01, 
 1DIAGNOSTIC,    40, -8.774284720421e-01, 3.103791095782e-05, 1.1535e+03, 2.2753e+01, 
 1DIAGNOSTIC,    41, -8.775799274445e-01, 2.870066600735e-05, 1.1762e+03, 2.2687e+01, 
 1DIAGNOSTIC,    42, -8.776986598969e-01, 2.640201273607e-05, 1.1985e+03, 2.2281e+01, 
 1DIAGNOSTIC,    43, -8.778376579285e-01, 2.451715045027e-05, 1.2212e+03, 2.2706e+01, 
 1DIAGNOSTIC,    44, -8.779379725456e-01, 2.256378684251e-05, 1.2436e+03, 2.2439e+01, 
 1DIAGNOSTIC,    45, -8.780627846718e-01, 2.097461765516e-05, 1.2661e+03, 2.2499e+01, 
 1DIAGNOSTIC,    46, -8.781503438950e-01, 1.934327883646e-05, 1.2886e+03, 2.2429e+01, 
 1DIAGNOSTIC,    47, -8.782635927200e-01, 1.806937325455e-05, 1.3113e+03, 2.2767e+01, 
 1DIAGNOSTIC,    48, -8.783453106880e-01, 1.675290877756e-05, 1.3338e+03, 2.2437e+01, 
 1DIAGNOSTIC,    49, -8.784528970718e-01, 1.569155028847e-05, 1.3563e+03, 2.2497e+01, 
 1DIAGNOSTIC,    50, -8.785274028778e-01, 1.454539415136e-05, 1.3793e+03, 2.3032e+01, 
 1DIAGNOSTIC,    51, -8.786282539368e-01, 1.371377675241e-05, 1.4017e+03, 2.2436e+01, 
 1DIAGNOSTIC,    52, -8.786883354187e-01, 1.275957401958e-05, 1.4240e+03, 2.2263e+01, 
 1DIAGNOSTIC,    53, -8.787866234779e-01, 1.212860479427e-05, 1.4465e+03, 2.2482e+01, 
 1DIAGNOSTIC,    54, -8.788433074951e-01, 1.134238300438e-05, 1.4690e+03, 2.2556e+01, 
 1DIAGNOSTIC,    55, -8.789234161377e-01, 1.076052285498e-05, 1.4915e+03, 2.2428e+01, 
 1DIAGNOSTIC,    56, -8.789734840393e-01, 1.000776865112e-05, 1.5137e+03, 2.2287e+01, 
 1DIAGNOSTIC,    57, -8.790454864502e-01, 9.428420526092e-06, 1.5361e+03, 2.2315e+01, 
 1DIAGNOSTIC,    58, -8.790983557701e-01, 8.758006515563e-06, 1.5585e+03, 2.2389e+01, 
 1DIAGNOSTIC,    59, -8.791818022728e-01, 8.369472197955e-06, 1.5811e+03, 2.2669e+01, 
 1DIAGNOSTIC,    60, -8.792175650597e-01, 7.824700333003e-06, 1.6035e+03, 2.2415e+01, 
 1DIAGNOSTIC,    61, -8.792889714241e-01, 7.515970082750e-06, 1.6261e+03, 2.2592e+01, 
 1DIAGNOSTIC,    62, -8.793314695358e-01, 7.069699222484e-06, 1.6485e+03, 2.2376e+01, 
 1DIAGNOSTIC,    63, -8.793955445290e-01, 6.841091817478e-06, 1.6708e+03, 2.2259e+01, 
 1DIAGNOSTIC,    64, -8.794190287590e-01, 6.405847216229e-06, 1.6934e+03, 2.2664e+01, 
 1DIAGNOSTIC,    65, -8.794939517975e-01, 6.191897227836e-06, 1.7161e+03, 2.2641e+01, 
 1DIAGNOSTIC,    66, -8.795219063759e-01, 5.808863079437e-06, 1.7388e+03, 2.2734e+01, 
 1DIAGNOSTIC,    67, -8.795801997185e-01, 5.554572453548e-06, 1.7610e+03, 2.2208e+01, 
 1DIAGNOSTIC,    68, -8.796095252037e-01, 5.201550720813e-06, 1.7838e+03, 2.2763e+01, 
 1DIAGNOSTIC,    69, -8.796597123146e-01, 5.033148681832e-06, 1.8063e+03, 2.2565e+01, 
 1DIAGNOSTIC,    70, -8.796942830086e-01, 4.746576905745e-06, 1.8288e+03, 2.2437e+01, 
XXDIAGNOSTIC,Iteration,metricValue,convergenceValue,ITERATION_TIME_INDEX,SINCE_LAST
 1DIAGNOSTIC,     1, -7.063242793083e-01, inf, 2.0112e+03, 1.8240e+02, 
 1DIAGNOSTIC,     2, -7.080251574516e-01, inf, 2.1881e+03, 1.7695e+02, 
 1DIAGNOSTIC,     3, -7.099176049232e-01, inf, 2.3690e+03, 1.8089e+02, 
 1DIAGNOSTIC,     4, -7.117071747780e-01, inf, 2.5491e+03, 1.8007e+02, 
 1DIAGNOSTIC,     5, -7.135800123215e-01, inf, 2.7249e+03, 1.7580e+02, 
 1DIAGNOSTIC,     6, -7.151166200638e-01, inf, 2.9003e+03, 1.7543e+02, 
 1DIAGNOSTIC,     7, -7.166086435318e-01, inf, 3.0757e+03, 1.7537e+02, 
 1DIAGNOSTIC,     8, -7.180869579315e-01, inf, 3.2468e+03, 1.7110e+02, 
 1DIAGNOSTIC,     9, -7.195076942444e-01, inf, 3.4175e+03, 1.7069e+02, 
 1DIAGNOSTIC,    10, -7.208070158958e-01, 1.308528822847e-03, 3.5854e+03, 1.6788e+02, 
 1DIAGNOSTIC,    11, -7.219204902649e-01, 1.132121891715e-03, 3.7529e+03, 1.6759e+02, 
 1DIAGNOSTIC,    12, -7.228870391846e-01, 9.713860345073e-04, 3.9220e+03, 1.6902e+02, 
 1DIAGNOSTIC,    13, -7.238172292709e-01, 8.333344012499e-04, 4.0912e+03, 1.6926e+02, 
 1DIAGNOSTIC,    14, -7.247292995453e-01, 7.150755845942e-04, 4.2596e+03, 1.6835e+02, 
 1DIAGNOSTIC,    15, -7.256233692169e-01, 6.199135677889e-04, 4.4283e+03, 1.6873e+02, 
 1DIAGNOSTIC,    16, -7.264873385429e-01, 5.388293066062e-04, 4.5988e+03, 1.7052e+02, 
 1DIAGNOSTIC,    17, -7.272986173630e-01, 4.709500644822e-04, 4.7683e+03, 1.6946e+02, 
 1DIAGNOSTIC,    18, -7.280715107918e-01, 4.162066907156e-04, 4.9365e+03, 1.6817e+02, 
 1DIAGNOSTIC,    19, -7.288249731064e-01, 3.735106438398e-04, 5.1044e+03, 1.6791e+02, 
 1DIAGNOSTIC,    20, -7.295547723770e-01, 3.401334397495e-04, 5.2722e+03, 1.6787e+02, 
  Elapsed time (stage 2): 5274


Total elapsed time: 5315
Using single precision for computations.
Input scalar image: /home/mpib/nemecz/Projects/miniTRK/Results/01_MRI/GroupTempl/T1w/T_template0sub-275592_T1wRepaired.nii.gz
Reference image: /home/mpib/nemecz/Projects/miniTRK/Results/01_MRI/GroupTempl/T1w/T_template0.nii.gz
=============================================================================
The composite transform comprises the following transforms (in order): 
  1. /home/mpib/nemecz/Projects/miniTRK/Results/01_MRI/GroupTempl/T1w/T_sub-275592_T1w40GenericAffine.mat (type = AffineTransform)
  2. /home/mpib/nemecz/Projects/miniTRK/Results/01_MRI/GroupTempl/T1w/T_sub-275592_T1w41Warp.nii.gz (type = DisplacementFieldTransform)
=============================================================================
Default pixel value: 0
Interpolation type: LinearInterpolateImageFunction
Output warped image: /home/mpib/nemecz/Projects/miniTRK/Results/01_MRI/GroupTempl/T1w/T_template0sub-275592_T1w4WarpedToTemplate.nii.gz
