
Running N4 for 3-dimensional images.

Mask not read.  Using the entire image as the mask.

Original intensity range:  [0, 754]

***********************************************************
Warning:  Your input image contains nonpositive values
which could cause failure or problematic results.  A
possible workaround would be to:
   1. rescale your image to positive values e.g., [10,100].
   2. run N4 on your rescaled image.
   3. (optional) rescale the N4 output to the original
      intensity range.
***********************************************************

Specified spline distance: 200mm
  original image size:  [192, 256, 256]
  padded image size:  [201, 401, 401]
  number of control points:  [4, 5, 5]

Current level = 1
  Iteration 1 (of 50).   Current convergence value = 0.000274625 (threshold = 1e-08)
  Iteration 2 (of 50).   Current convergence value = 0.000221148 (threshold = 1e-08)
  Iteration 3 (of 50).   Current convergence value = 0.000150971 (threshold = 1e-08)
  Iteration 4 (of 50).   Current convergence value = 0.000119456 (threshold = 1e-08)
  Iteration 5 (of 50).   Current convergence value = 0.000105761 (threshold = 1e-08)
  Iteration 6 (of 50).   Current convergence value = 9.84375e-05 (threshold = 1e-08)
  Iteration 7 (of 50).   Current convergence value = 9.47462e-05 (threshold = 1e-08)
  Iteration 8 (of 50).   Current convergence value = 9.36214e-05 (threshold = 1e-08)
  Iteration 9 (of 50).   Current convergence value = 9.3107e-05 (threshold = 1e-08)
  Iteration 10 (of 50).   Current convergence value = 9.13757e-05 (threshold = 1e-08)
  Iteration 11 (of 50).   Current convergence value = 8.84311e-05 (threshold = 1e-08)
  Iteration 12 (of 50).   Current convergence value = 8.61215e-05 (threshold = 1e-08)
  Iteration 13 (of 50).   Current convergence value = 8.35751e-05 (threshold = 1e-08)
  Iteration 14 (of 50).   Current convergence value = 8.11627e-05 (threshold = 1e-08)
  Iteration 15 (of 50).   Current convergence value = 7.84461e-05 (threshold = 1e-08)
  Iteration 16 (of 50).   Current convergence value = 7.5893e-05 (threshold = 1e-08)
  Iteration 17 (of 50).   Current convergence value = 7.31372e-05 (threshold = 1e-08)
  Iteration 18 (of 50).   Current convergence value = 7.01961e-05 (threshold = 1e-08)
  Iteration 19 (of 50).   Current convergence value = 6.62958e-05 (threshold = 1e-08)
  Iteration 20 (of 50).   Current convergence value = 6.2527e-05 (threshold = 1e-08)
  Iteration 21 (of 50).   Current convergence value = 5.95387e-05 (threshold = 1e-08)
  Iteration 22 (of 50).   Current convergence value = 5.69244e-05 (threshold = 1e-08)
  Iteration 23 (of 50).   Current convergence value = 5.43137e-05 (threshold = 1e-08)
  Iteration 24 (of 50).   Current convergence value = 5.18071e-05 (threshold = 1e-08)
  Iteration 25 (of 50).   Current convergence value = 4.94796e-05 (threshold = 1e-08)
  Iteration 26 (of 50).   Current convergence value = 4.72112e-05 (threshold = 1e-08)
  Iteration 27 (of 50).   Current convergence value = 4.49571e-05 (threshold = 1e-08)
  Iteration 28 (of 50).   Current convergence value = 4.29073e-05 (threshold = 1e-08)
  Iteration 29 (of 50).   Current convergence value = 4.09164e-05 (threshold = 1e-08)
  Iteration 30 (of 50).   Current convergence value = 3.89449e-05 (threshold = 1e-08)
  Iteration 31 (of 50).   Current convergence value = 3.70283e-05 (threshold = 1e-08)
  Iteration 32 (of 50).   Current convergence value = 3.51194e-05 (threshold = 1e-08)
  Iteration 33 (of 50).   Current convergence value = 3.32189e-05 (threshold = 1e-08)
  Iteration 34 (of 50).   Current convergence value = 3.12899e-05 (threshold = 1e-08)
  Iteration 35 (of 50).   Current convergence value = 2.94825e-05 (threshold = 1e-08)
  Iteration 36 (of 50).   Current convergence value = 2.79643e-05 (threshold = 1e-08)
  Iteration 37 (of 50).   Current convergence value = 2.63747e-05 (threshold = 1e-08)
  Iteration 38 (of 50).   Current convergence value = 2.50428e-05 (threshold = 1e-08)
  Iteration 39 (of 50).   Current convergence value = 2.35727e-05 (threshold = 1e-08)
  Iteration 40 (of 50).   Current convergence value = 2.22228e-05 (threshold = 1e-08)
  Iteration 41 (of 50).   Current convergence value = 2.10216e-05 (threshold = 1e-08)
  Iteration 42 (of 50).   Current convergence value = 1.99172e-05 (threshold = 1e-08)
  Iteration 43 (of 50).   Current convergence value = 1.88166e-05 (threshold = 1e-08)
  Iteration 44 (of 50).   Current convergence value = 1.7845e-05 (threshold = 1e-08)
  Iteration 45 (of 50).   Current convergence value = 1.70218e-05 (threshold = 1e-08)
  Iteration 46 (of 50).   Current convergence value = 1.62141e-05 (threshold = 1e-08)
  Iteration 47 (of 50).   Current convergence value = 1.55202e-05 (threshold = 1e-08)
  Iteration 48 (of 50).   Current convergence value = 1.49059e-05 (threshold = 1e-08)
  Iteration 49 (of 50).   Current convergence value = 1.43494e-05 (threshold = 1e-08)
  Iteration 50 (of 50).   Current convergence value = 1.38914e-05 (threshold = 1e-08)
Current level = 2
  Iteration 1 (of 50).   Current convergence value = 0.000386144 (threshold = 1e-08)
  Iteration 2 (of 50).   Current convergence value = 0.000375551 (threshold = 1e-08)
  Iteration 3 (of 50).   Current convergence value = 0.000367024 (threshold = 1e-08)
  Iteration 4 (of 50).   Current convergence value = 0.000361902 (threshold = 1e-08)
  Iteration 5 (of 50).   Current convergence value = 0.000361379 (threshold = 1e-08)
  Iteration 6 (of 50).   Current convergence value = 0.00035989 (threshold = 1e-08)
  Iteration 7 (of 50).   Current convergence value = 0.000357496 (threshold = 1e-08)
  Iteration 8 (of 50).   Current convergence value = 0.000354296 (threshold = 1e-08)
  Iteration 9 (of 50).   Current convergence value = 0.00035119 (threshold = 1e-08)
  Iteration 10 (of 50).   Current convergence value = 0.000348198 (threshold = 1e-08)
  Iteration 11 (of 50).   Current convergence value = 0.000345497 (threshold = 1e-08)
  Iteration 12 (of 50).   Current convergence value = 0.000343137 (threshold = 1e-08)
  Iteration 13 (of 50).   Current convergence value = 0.000340786 (threshold = 1e-08)
  Iteration 14 (of 50).   Current convergence value = 0.000338569 (threshold = 1e-08)
  Iteration 15 (of 50).   Current convergence value = 0.000336725 (threshold = 1e-08)
  Iteration 16 (of 50).   Current convergence value = 0.000334965 (threshold = 1e-08)
  Iteration 17 (of 50).   Current convergence value = 0.000333169 (threshold = 1e-08)
  Iteration 18 (of 50).   Current convergence value = 0.000331346 (threshold = 1e-08)
  Iteration 19 (of 50).   Current convergence value = 0.000328234 (threshold = 1e-08)
  Iteration 20 (of 50).   Current convergence value = 0.000324406 (threshold = 1e-08)
  Iteration 21 (of 50).   Current convergence value = 0.000320106 (threshold = 1e-08)
  Iteration 22 (of 50).   Current convergence value = 0.000315628 (threshold = 1e-08)
  Iteration 23 (of 50).   Current convergence value = 0.000310997 (threshold = 1e-08)
  Iteration 24 (of 50).   Current convergence value = 0.000306564 (threshold = 1e-08)
  Iteration 25 (of 50).   Current convergence value = 0.000302434 (threshold = 1e-08)
  Iteration 26 (of 50).   Current convergence value = 0.000298365 (threshold = 1e-08)
  Iteration 27 (of 50).   Current convergence value = 0.000294458 (threshold = 1e-08)
  Iteration 28 (of 50).   Current convergence value = 0.000290244 (threshold = 1e-08)
  Iteration 29 (of 50).   Current convergence value = 0.000284453 (threshold = 1e-08)
  Iteration 30 (of 50).   Current convergence value = 0.000279307 (threshold = 1e-08)
  Iteration 31 (of 50).   Current convergence value = 0.000274165 (threshold = 1e-08)
  Iteration 32 (of 50).   Current convergence value = 0.000269268 (threshold = 1e-08)
  Iteration 33 (of 50).   Current convergence value = 0.00026465 (threshold = 1e-08)
  Iteration 34 (of 50).   Current convergence value = 0.000260269 (threshold = 1e-08)
  Iteration 35 (of 50).   Current convergence value = 0.000256141 (threshold = 1e-08)
  Iteration 36 (of 50).   Current convergence value = 0.000252261 (threshold = 1e-08)
  Iteration 37 (of 50).   Current convergence value = 0.000248502 (threshold = 1e-08)
  Iteration 38 (of 50).   Current convergence value = 0.000245006 (threshold = 1e-08)
  Iteration 39 (of 50).   Current convergence value = 0.00024169 (threshold = 1e-08)
  Iteration 40 (of 50).   Current convergence value = 0.000238514 (threshold = 1e-08)
  Iteration 41 (of 50).   Current convergence value = 0.000235363 (threshold = 1e-08)
  Iteration 42 (of 50).   Current convergence value = 0.000232228 (threshold = 1e-08)
  Iteration 43 (of 50).   Current convergence value = 0.000229317 (threshold = 1e-08)
  Iteration 44 (of 50).   Current convergence value = 0.00022653 (threshold = 1e-08)
  Iteration 45 (of 50).   Current convergence value = 0.000223811 (threshold = 1e-08)
  Iteration 46 (of 50).   Current convergence value = 0.000221215 (threshold = 1e-08)
  Iteration 47 (of 50).   Current convergence value = 0.000218748 (threshold = 1e-08)
  Iteration 48 (of 50).   Current convergence value = 0.000216313 (threshold = 1e-08)
  Iteration 49 (of 50).   Current convergence value = 0.000214017 (threshold = 1e-08)
  Iteration 50 (of 50).   Current convergence value = 0.000211844 (threshold = 1e-08)
Current level = 3
  Iteration 1 (of 40).   Current convergence value = 0.00157621 (threshold = 1e-08)
  Iteration 2 (of 40).   Current convergence value = 0.00150706 (threshold = 1e-08)
  Iteration 3 (of 40).   Current convergence value = 0.00149924 (threshold = 1e-08)
  Iteration 4 (of 40).   Current convergence value = 0.0015054 (threshold = 1e-08)
  Iteration 5 (of 40).   Current convergence value = 0.00152493 (threshold = 1e-08)
  Iteration 6 (of 40).   Current convergence value = 0.00146555 (threshold = 1e-08)
  Iteration 7 (of 40).   Current convergence value = 0.00142577 (threshold = 1e-08)
  Iteration 8 (of 40).   Current convergence value = 0.00138783 (threshold = 1e-08)
  Iteration 9 (of 40).   Current convergence value = 0.00136172 (threshold = 1e-08)
  Iteration 10 (of 40).   Current convergence value = 0.00134534 (threshold = 1e-08)
  Iteration 11 (of 40).   Current convergence value = 0.00133463 (threshold = 1e-08)
  Iteration 12 (of 40).   Current convergence value = 0.00132642 (threshold = 1e-08)
  Iteration 13 (of 40).   Current convergence value = 0.00132487 (threshold = 1e-08)
  Iteration 14 (of 40).   Current convergence value = 0.00132799 (threshold = 1e-08)
  Iteration 15 (of 40).   Current convergence value = 0.00128177 (threshold = 1e-08)
  Iteration 16 (of 40).   Current convergence value = 0.00122288 (threshold = 1e-08)
  Iteration 17 (of 40).   Current convergence value = 0.00117738 (threshold = 1e-08)
  Iteration 18 (of 40).   Current convergence value = 0.00112726 (threshold = 1e-08)
  Iteration 19 (of 40).   Current convergence value = 0.00107645 (threshold = 1e-08)
  Iteration 20 (of 40).   Current convergence value = 0.00103623 (threshold = 1e-08)
  Iteration 21 (of 40).   Current convergence value = 0.0010042 (threshold = 1e-08)
  Iteration 22 (of 40).   Current convergence value = 0.000978516 (threshold = 1e-08)
  Iteration 23 (of 40).   Current convergence value = 0.000957615 (threshold = 1e-08)
  Iteration 24 (of 40).   Current convergence value = 0.000941145 (threshold = 1e-08)
  Iteration 25 (of 40).   Current convergence value = 0.000928586 (threshold = 1e-08)
  Iteration 26 (of 40).   Current convergence value = 0.000918902 (threshold = 1e-08)
  Iteration 27 (of 40).   Current convergence value = 0.000911899 (threshold = 1e-08)
  Iteration 28 (of 40).   Current convergence value = 0.000906945 (threshold = 1e-08)
  Iteration 29 (of 40).   Current convergence value = 0.000903751 (threshold = 1e-08)
  Iteration 30 (of 40).   Current convergence value = 0.000902214 (threshold = 1e-08)
  Iteration 31 (of 40).   Current convergence value = 0.000902349 (threshold = 1e-08)
  Iteration 32 (of 40).   Current convergence value = 0.000887093 (threshold = 1e-08)
  Iteration 33 (of 40).   Current convergence value = 0.000840474 (threshold = 1e-08)
  Iteration 34 (of 40).   Current convergence value = 0.000803177 (threshold = 1e-08)
  Iteration 35 (of 40).   Current convergence value = 0.000772204 (threshold = 1e-08)
  Iteration 36 (of 40).   Current convergence value = 0.000745534 (threshold = 1e-08)
  Iteration 37 (of 40).   Current convergence value = 0.000722324 (threshold = 1e-08)
  Iteration 38 (of 40).   Current convergence value = 0.000702447 (threshold = 1e-08)
  Iteration 39 (of 40).   Current convergence value = 0.00068529 (threshold = 1e-08)
  Iteration 40 (of 40).   Current convergence value = 0.000670085 (threshold = 1e-08)
Current level = 4
  Iteration 1 (of 30).   Current convergence value = 0.00210971 (threshold = 1e-08)
  Iteration 2 (of 30).   Current convergence value = 0.00179144 (threshold = 1e-08)
  Iteration 3 (of 30).   Current convergence value = 0.00165431 (threshold = 1e-08)
  Iteration 4 (of 30).   Current convergence value = 0.00157136 (threshold = 1e-08)
  Iteration 5 (of 30).   Current convergence value = 0.00151221 (threshold = 1e-08)
  Iteration 6 (of 30).   Current convergence value = 0.00146885 (threshold = 1e-08)
  Iteration 7 (of 30).   Current convergence value = 0.00143567 (threshold = 1e-08)
  Iteration 8 (of 30).   Current convergence value = 0.00141099 (threshold = 1e-08)
  Iteration 9 (of 30).   Current convergence value = 0.00132788 (threshold = 1e-08)
  Iteration 10 (of 30).   Current convergence value = 0.0012219 (threshold = 1e-08)
  Iteration 11 (of 30).   Current convergence value = 0.00113546 (threshold = 1e-08)
  Iteration 12 (of 30).   Current convergence value = 0.00106231 (threshold = 1e-08)
  Iteration 13 (of 30).   Current convergence value = 0.000998373 (threshold = 1e-08)
  Iteration 14 (of 30).   Current convergence value = 0.00094223 (threshold = 1e-08)
  Iteration 15 (of 30).   Current convergence value = 0.00089253 (threshold = 1e-08)
  Iteration 16 (of 30).   Current convergence value = 0.000848009 (threshold = 1e-08)
  Iteration 17 (of 30).   Current convergence value = 0.000808142 (threshold = 1e-08)
  Iteration 18 (of 30).   Current convergence value = 0.000773297 (threshold = 1e-08)
  Iteration 19 (of 30).   Current convergence value = 0.000740346 (threshold = 1e-08)
  Iteration 20 (of 30).   Current convergence value = 0.000705622 (threshold = 1e-08)
  Iteration 21 (of 30).   Current convergence value = 0.000675341 (threshold = 1e-08)
  Iteration 22 (of 30).   Current convergence value = 0.000648836 (threshold = 1e-08)
  Iteration 23 (of 30).   Current convergence value = 0.000625743 (threshold = 1e-08)
  Iteration 24 (of 30).   Current convergence value = 0.000605675 (threshold = 1e-08)
  Iteration 25 (of 30).   Current convergence value = 0.000588465 (threshold = 1e-08)
  Iteration 26 (of 30).   Current convergence value = 0.000573764 (threshold = 1e-08)
  Iteration 27 (of 30).   Current convergence value = 0.000562217 (threshold = 1e-08)
  Iteration 28 (of 30).   Current convergence value = 0.000552437 (threshold = 1e-08)
  Iteration 29 (of 30).   Current convergence value = 0.000544924 (threshold = 1e-08)
  Iteration 30 (of 30).   Current convergence value = 0.000539801 (threshold = 1e-08)
   N4BiasFieldCorrectionImageFilter (0x557d9b841e20)
     RTTI typeinfo:   itk::N4BiasFieldCorrectionImageFilter<itk::Image<float, 3u>, itk::Image<float, 3u>, itk::Image<float, 3u> >
     Reference Count: 1
     Modified Time: 565
     Debug: Off
     Object Name: 
     Observers: 
       IterationEvent(Command)
     Inputs: 
       ConfidenceImage: (0)
       MaskImage: (0x557d9b86c5d0)
       Primary: (0x557d9b867aa0) *
     Indexed Inputs: 
       0: Primary (0x557d9b867aa0)
       1: MaskImage (0x557d9b86c5d0)
       2: ConfidenceImage (0)
     Required Input Names: Primary
     NumberOfRequiredInputs: 1
     Outputs: 
       Primary: (0x557d9b851ef0)
     Indexed Outputs: 
       0: Primary (0x557d9b851ef0)
     NumberOfRequiredOutputs: 1
     Number Of Work Units: 32
     ReleaseDataFlag: Off
     ReleaseDataBeforeUpdateFlag: Off
     AbortGenerateData: Off
     Progress: 0
     Multithreader: 
       RTTI typeinfo:   itk::PoolMultiThreader
       Reference Count: 1
       Modified Time: 144
       Debug: Off
       Object Name: 
       Observers: 
         none
       Number of Work Units: 32
       Number of Threads: 8
       Global Maximum Number Of Threads: 128
       Global Default Number Of Threads: 8
       Global Default Threader Type: itk::MultiThreaderBaseEnums::Threader::Pool
       SingleMethod: 0
       SingleData: 0
     DynamicMultiThreading: On
     CoordinateTolerance: 1e-06
     DirectionTolerance: 1e-06
     Use Mask Label: 0
     Mask label: 1
     Number of histogram bins: 200
     Wiener filter noise: 0.01
     Bias field FWHM: 0.15
     Maximum number of iterations: [50, 50, 40, 30]
     Convergence threshold: 1e-08
     Spline order: 3
     Number of fitting levels: [4, 4, 4]
     Number of control points: [4, 5, 5]
     CurrentConvergenceMeasurement: 0.000539801
     CurrentLevel: 4
     ElapsedIterations: 31
     LogBiasFieldControlPointLattice: 
       Image (0x557da234b600)
         RTTI typeinfo:   itk::Image<itk::Vector<float, 1u>, 3u>
         Reference Count: 1
         Modified Time: 343560
         Debug: Off
         Object Name: 
         Observers: 
           none
         Source: (none)
         Source output name: (none)
         Release Data: Off
         Data Released: False
         Global Release Data: Off
         PipelineMTime: 0
         UpdateMTime: 0
         RealTimeStamp: 0 seconds 
         LargestPossibleRegion: 
           Dimension: 3
           Index: [0, 0, 0]
           Size: [11, 19, 19]
         BufferedRegion: 
           Dimension: 3
           Index: [0, 0, 0]
           Size: [11, 19, 19]
         RequestedRegion: 
           Dimension: 3
           Index: [0, 0, 0]
           Size: [11, 19, 19]
         Spacing: [24.75, 24.875, 24.875]
         Origin: [26.4027, 20.1251, -27.3491]
         Direction: 
-0.998477 -0.053144 -0.0148125
0.0507629 -0.990137 0.130582
-0.0216061 0.129631 0.991327

         IndexToPointMatrix: 
-24.7123 -1.32196 -0.368461
1.25638 -24.6297 3.24823
-0.53475 3.22457 24.6593

         PointToIndexMatrix: 
-0.0403425 0.00205103 -0.000872972
-0.00213644 -0.0398045 0.0052113
-0.000595478 0.00524952 0.0398523

         Inverse Direction: 
-0.998477 0.0507629 -0.0216061
-0.053144 -0.990137 0.129631
-0.0148125 0.130582 0.991327

         PixelContainer: 
           ImportImageContainer (0x557da7b27460)
             RTTI typeinfo:   itk::ImportImageContainer<unsigned long, itk::Vector<float, 1u> >
             Reference Count: 1
             Modified Time: 343561
             Debug: Off
             Object Name: 
             Observers: 
               none
             Pointer: 0x557da5a0b0f0
             Container manages memory: true
             Size: 3971
             Capacity: 3971
Elapsed time: 316.376
All_Command_lines_OK
Using single precision for computations.
=============================================================================
The composite transform comprises the following transforms (in order): 
  1. Center of mass alignment using fixed image: /home/mpib/nemecz/Projects/miniTRK/Results/01_MRI/GroupTempl/T1w/T_template0.nii.gz and moving image: /home/mpib/nemecz/Projects/miniTRK/Analysis/01_MRI/Preproc/GroupTempl/T1w/sub-991905_T1w.nii.gz (type = Euler3DTransform)
=============================================================================
  number of levels = 4
  number of levels = 4
  number of levels = 4
  fixed image: /home/mpib/nemecz/Projects/miniTRK/Results/01_MRI/GroupTempl/T1w/T_template0.nii.gz
  moving image: /home/mpib/nemecz/Projects/miniTRK/Results/01_MRI/GroupTempl/T1w/T_template0sub-991905_T1wRepaired.nii.gz
  fixed image: /home/mpib/nemecz/Projects/miniTRK/Results/01_MRI/GroupTempl/T1w/T_template0.nii.gz
  moving image: /home/mpib/nemecz/Projects/miniTRK/Results/01_MRI/GroupTempl/T1w/T_template0sub-991905_T1wRepaired.nii.gz
  fixed image: /home/mpib/nemecz/Projects/miniTRK/Results/01_MRI/GroupTempl/T1w/T_template0.nii.gz
  moving image: /home/mpib/nemecz/Projects/miniTRK/Results/01_MRI/GroupTempl/T1w/T_template0sub-991905_T1wRepaired.nii.gz
Dimension = 3
Number of stages = 3
Use Histogram Matching true
Winsorize image intensities true
Lower quantile = 0.01
Upper quantile = 0.99
Stage 1 State
   Image metric = Mattes
     Fixed image = Image (0x55828b4b5ad0)
  RTTI typeinfo:   itk::Image<float, 3u>
  Reference Count: 2
  Modified Time: 1721
  Debug: Off
  Object Name: 
  Observers: 
    none
  Source: (none)
  Source output name: (none)
  Release Data: Off
  Data Released: False
  Global Release Data: Off
  PipelineMTime: 0
  UpdateMTime: 1506
  RealTimeStamp: 0 seconds 
  LargestPossibleRegion: 
    Dimension: 3
    Index: [0, 0, 0]
    Size: [192, 256, 256]
  BufferedRegion: 
    Dimension: 3
    Index: [0, 0, 0]
    Size: [192, 256, 256]
  RequestedRegion: 
    Dimension: 3
    Index: [0, 0, 0]
    Size: [192, 256, 256]
  Spacing: [1, 1, 1]
  Origin: [95.0313, 100.538, -154.123]
  Direction: 
-0.999853 -0.014134 -0.00966312
0.014129 -0.9999 0.000586045
-0.00967044 0.000449429 0.999953

  IndexToPointMatrix: 
-0.999853 -0.014134 -0.00966312
0.014129 -0.9999 0.000586045
-0.00967044 0.000449429 0.999953

  PointToIndexMatrix: 
-0.999853 0.014129 -0.00967044
-0.014134 -0.9999 0.000449429
-0.00966312 0.000586045 0.999953

  Inverse Direction: 
-0.999853 0.014129 -0.00967044
-0.014134 -0.9999 0.000449429
-0.00966312 0.000586045 0.999953

  PixelContainer: 
    ImportImageContainer (0x55828b4bdc80)
      RTTI typeinfo:   itk::ImportImageContainer<unsigned long, float>
      Reference Count: 1
      Modified Time: 1503
      Debug: Off
      Object Name: 
      Observers: 
        none
      Pointer: 0x7ff13ce16010
      Container manages memory: true
      Size: 12582912
      Capacity: 12582912

     Moving image = Image (0x55828b4b6bc0)
  RTTI typeinfo:   itk::Image<float, 3u>
  Reference Count: 2
  Modified Time: 1722
  Debug: Off
  Object Name: 
  Observers: 
    none
  Source: (none)
  Source output name: (none)
  Release Data: Off
  Data Released: False
  Global Release Data: Off
  PipelineMTime: 0
  UpdateMTime: 1719
  RealTimeStamp: 0 seconds 
  LargestPossibleRegion: 
    Dimension: 3
    Index: [0, 0, 0]
    Size: [192, 256, 256]
  BufferedRegion: 
    Dimension: 3
    Index: [0, 0, 0]
    Size: [192, 256, 256]
  RequestedRegion: 
    Dimension: 3
    Index: [0, 0, 0]
    Size: [192, 256, 256]
  Spacing: [1, 1, 1]
  Origin: [103.132, 80.3468, -182.437]
  Direction: 
-0.998477 -0.053144 -0.0148125
0.0507629 -0.990137 0.130582
-0.0216061 0.129631 0.991327

  IndexToPointMatrix: 
-0.998477 -0.053144 -0.0148125
0.0507629 -0.990137 0.130582
-0.0216061 0.129631 0.991327

  PointToIndexMatrix: 
-0.998477 0.0507629 -0.0216061
-0.053144 -0.990137 0.129631
-0.0148125 0.130582 0.991327

  Inverse Direction: 
-0.998477 0.0507629 -0.0216061
-0.053144 -0.990137 0.129631
-0.0148125 0.130582 0.991327

  PixelContainer: 
    ImportImageContainer (0x55828b4c2100)
      RTTI typeinfo:   itk::ImportImageContainer<unsigned long, float>
      Reference Count: 1
      Modified Time: 1716
      Debug: Off
      Object Name: 
      Observers: 
        none
      Pointer: 0x7ff139e15010
      Container manages memory: true
      Size: 12582912
      Capacity: 12582912

     Weighting = 1
     Sampling strategy = regular
     Number of bins = 32
     Radius = 4
     Sampling percentage  = 0.25
   Transform = Rigid
     Gradient step = 0.1
     Update field sigma (voxel space) = 0
     Total field sigma (voxel space) = 0
     Update field time sigma = 0
     Total field time sigma  = 0
     Number of time indices = 0
     Number of time point samples = 0
Stage 2 State
   Image metric = Mattes
     Fixed image = Image (0x55828b4ce870)
  RTTI typeinfo:   itk::Image<float, 3u>
  Reference Count: 2
  Modified Time: 2149
  Debug: Off
  Object Name: 
  Observers: 
    none
  Source: (none)
  Source output name: (none)
  Release Data: Off
  Data Released: False
  Global Release Data: Off
  PipelineMTime: 0
  UpdateMTime: 1934
  RealTimeStamp: 0 seconds 
  LargestPossibleRegion: 
    Dimension: 3
    Index: [0, 0, 0]
    Size: [192, 256, 256]
  BufferedRegion: 
    Dimension: 3
    Index: [0, 0, 0]
    Size: [192, 256, 256]
  RequestedRegion: 
    Dimension: 3
    Index: [0, 0, 0]
    Size: [192, 256, 256]
  Spacing: [1, 1, 1]
  Origin: [95.0313, 100.538, -154.123]
  Direction: 
-0.999853 -0.014134 -0.00966312
0.014129 -0.9999 0.000586045
-0.00967044 0.000449429 0.999953

  IndexToPointMatrix: 
-0.999853 -0.014134 -0.00966312
0.014129 -0.9999 0.000586045
-0.00967044 0.000449429 0.999953

  PointToIndexMatrix: 
-0.999853 0.014129 -0.00967044
-0.014134 -0.9999 0.000449429
-0.00966312 0.000586045 0.999953

  Inverse Direction: 
-0.999853 0.014129 -0.00967044
-0.014134 -0.9999 0.000449429
-0.00966312 0.000586045 0.999953

  PixelContainer: 
    ImportImageContainer (0x55828b4b96d0)
      RTTI typeinfo:   itk::ImportImageContainer<unsigned long, float>
      Reference Count: 1
      Modified Time: 1931
      Debug: Off
      Object Name: 
      Observers: 
        none
      Pointer: 0x7ff136e14010
      Container manages memory: true
      Size: 12582912
      Capacity: 12582912

     Moving image = Image (0x55828b4ce4c0)
  RTTI typeinfo:   itk::Image<float, 3u>
  Reference Count: 2
  Modified Time: 2150
  Debug: Off
  Object Name: 
  Observers: 
    none
  Source: (none)
  Source output name: (none)
  Release Data: Off
  Data Released: False
  Global Release Data: Off
  PipelineMTime: 0
  UpdateMTime: 2147
  RealTimeStamp: 0 seconds 
  LargestPossibleRegion: 
    Dimension: 3
    Index: [0, 0, 0]
    Size: [192, 256, 256]
  BufferedRegion: 
    Dimension: 3
    Index: [0, 0, 0]
    Size: [192, 256, 256]
  RequestedRegion: 
    Dimension: 3
    Index: [0, 0, 0]
    Size: [192, 256, 256]
  Spacing: [1, 1, 1]
  Origin: [103.132, 80.3468, -182.437]
  Direction: 
-0.998477 -0.053144 -0.0148125
0.0507629 -0.990137 0.130582
-0.0216061 0.129631 0.991327

  IndexToPointMatrix: 
-0.998477 -0.053144 -0.0148125
0.0507629 -0.990137 0.130582
-0.0216061 0.129631 0.991327

  PointToIndexMatrix: 
-0.998477 0.0507629 -0.0216061
-0.053144 -0.990137 0.129631
-0.0148125 0.130582 0.991327

  Inverse Direction: 
-0.998477 0.0507629 -0.0216061
-0.053144 -0.990137 0.129631
-0.0148125 0.130582 0.991327

  PixelContainer: 
    ImportImageContainer (0x55828b4cf8c0)
      RTTI typeinfo:   itk::ImportImageContainer<unsigned long, float>
      Reference Count: 1
      Modified Time: 2144
      Debug: Off
      Object Name: 
      Observers: 
        none
      Pointer: 0x7ff133e13010
      Container manages memory: true
      Size: 12582912
      Capacity: 12582912

     Weighting = 1
     Sampling strategy = regular
     Number of bins = 32
     Radius = 4
     Sampling percentage  = 0.25
   Transform = Affine
     Gradient step = 0.1
     Update field sigma (voxel space) = 0
     Total field sigma (voxel space) = 0
     Update field time sigma = 0
     Total field time sigma  = 0
     Number of time indices = 0
     Number of time point samples = 0
Stage 3 State
   Image metric = CC
     Fixed image = Image (0x55828b4d5960)
  RTTI typeinfo:   itk::Image<float, 3u>
  Reference Count: 2
  Modified Time: 2577
  Debug: Off
  Object Name: 
  Observers: 
    none
  Source: (none)
  Source output name: (none)
  Release Data: Off
  Data Released: False
  Global Release Data: Off
  PipelineMTime: 0
  UpdateMTime: 2362
  RealTimeStamp: 0 seconds 
  LargestPossibleRegion: 
    Dimension: 3
    Index: [0, 0, 0]
    Size: [192, 256, 256]
  BufferedRegion: 
    Dimension: 3
    Index: [0, 0, 0]
    Size: [192, 256, 256]
  RequestedRegion: 
    Dimension: 3
    Index: [0, 0, 0]
    Size: [192, 256, 256]
  Spacing: [1, 1, 1]
  Origin: [95.0313, 100.538, -154.123]
  Direction: 
-0.999853 -0.014134 -0.00966312
0.014129 -0.9999 0.000586045
-0.00967044 0.000449429 0.999953

  IndexToPointMatrix: 
-0.999853 -0.014134 -0.00966312
0.014129 -0.9999 0.000586045
-0.00967044 0.000449429 0.999953

  PointToIndexMatrix: 
-0.999853 0.014129 -0.00967044
-0.014134 -0.9999 0.000449429
-0.00966312 0.000586045 0.999953

  Inverse Direction: 
-0.999853 0.014129 -0.00967044
-0.014134 -0.9999 0.000449429
-0.00966312 0.000586045 0.999953

  PixelContainer: 
    ImportImageContainer (0x55828b4b6660)
      RTTI typeinfo:   itk::ImportImageContainer<unsigned long, float>
      Reference Count: 1
      Modified Time: 2359
      Debug: Off
      Object Name: 
      Observers: 
        none
      Pointer: 0x7ff130e12010
      Container manages memory: true
      Size: 12582912
      Capacity: 12582912

     Moving image = Image (0x55828b4d7840)
  RTTI typeinfo:   itk::Image<float, 3u>
  Reference Count: 2
  Modified Time: 2578
  Debug: Off
  Object Name: 
  Observers: 
    none
  Source: (none)
  Source output name: (none)
  Release Data: Off
  Data Released: False
  Global Release Data: Off
  PipelineMTime: 0
  UpdateMTime: 2575
  RealTimeStamp: 0 seconds 
  LargestPossibleRegion: 
    Dimension: 3
    Index: [0, 0, 0]
    Size: [192, 256, 256]
  BufferedRegion: 
    Dimension: 3
    Index: [0, 0, 0]
    Size: [192, 256, 256]
  RequestedRegion: 
    Dimension: 3
    Index: [0, 0, 0]
    Size: [192, 256, 256]
  Spacing: [1, 1, 1]
  Origin: [103.132, 80.3468, -182.437]
  Direction: 
-0.998477 -0.053144 -0.0148125
0.0507629 -0.990137 0.130582
-0.0216061 0.129631 0.991327

  IndexToPointMatrix: 
-0.998477 -0.053144 -0.0148125
0.0507629 -0.990137 0.130582
-0.0216061 0.129631 0.991327

  PointToIndexMatrix: 
-0.998477 0.0507629 -0.0216061
-0.053144 -0.990137 0.129631
-0.0148125 0.130582 0.991327

  Inverse Direction: 
-0.998477 0.0507629 -0.0216061
-0.053144 -0.990137 0.129631
-0.0148125 0.130582 0.991327

  PixelContainer: 
    ImportImageContainer (0x55828b4d4660)
      RTTI typeinfo:   itk::ImportImageContainer<unsigned long, float>
      Reference Count: 1
      Modified Time: 2572
      Debug: Off
      Object Name: 
      Observers: 
        none
      Pointer: 0x7ff12de11010
      Container manages memory: true
      Size: 12582912
      Capacity: 12582912

     Weighting = 1
     Sampling strategy = none
     Number of bins = 32
     Radius = 4
     Sampling percentage  = 1
   Transform = SyN
     Gradient step = 0.1
     Update field sigma (voxel space) = 3
     Total field sigma (voxel space) = 0
     Update field time sigma = 0
     Total field time sigma  = 0
     Number of time indices = 0
     Number of time point samples = 0
Registration using 3 total stages.

Stage 0
  iterations = 1000x500x250x0
  convergence threshold = 1e-06
  convergence window size = 10
  number of levels = 4
  using the Mattes MI metric (number of bins = 32, weight = 1)
  preprocessing:  winsorizing the image intensities
  preprocessing:  histogram matching the images
  Shrink factors (level 1 out of 4): [6, 6, 6]
  Shrink factors (level 2 out of 4): [4, 4, 4]
  Shrink factors (level 3 out of 4): [2, 2, 2]
  Shrink factors (level 4 out of 4): [1, 1, 1]
  smoothing sigmas per level: [4, 2, 1, 0]
  regular sampling (percentage = 0.25)

*** Running Euler3DTransform registration ***

DIAGNOSTIC,Iteration,metricValue,convergenceValue,ITERATION_TIME_INDEX,SINCE_LAST
 2DIAGNOSTIC,     1, -9.863588809967e-01, inf, 6.5377e-01, 6.5377e-01, 
 2DIAGNOSTIC,     2, -9.875048398972e-01, inf, 6.6300e-01, 9.2351e-03, 
 2DIAGNOSTIC,     3, -9.892678856850e-01, inf, 6.7099e-01, 7.9861e-03, 
 2DIAGNOSTIC,     4, -9.905729889870e-01, inf, 6.7859e-01, 7.6051e-03, 
 2DIAGNOSTIC,     5, -9.915342330933e-01, inf, 6.8629e-01, 7.6919e-03, 
 2DIAGNOSTIC,     6, -9.935691356659e-01, inf, 6.9433e-01, 8.0390e-03, 
 2DIAGNOSTIC,     7, -9.966636896133e-01, inf, 7.0208e-01, 7.7541e-03, 
 2DIAGNOSTIC,     8, -1.006247758865e+00, inf, 7.1563e-01, 1.3555e-02, 
 2DIAGNOSTIC,     9, -1.007974028587e+00, inf, 7.2865e-01, 1.3015e-02, 
 2DIAGNOSTIC,    10, -1.009034872055e+00, 1.591654727235e-03, 7.3810e-01, 9.4531e-03, 
 2DIAGNOSTIC,    11, -1.009798645973e+00, 1.535807969049e-03, 7.4645e-01, 8.3461e-03, 
 2DIAGNOSTIC,    12, -1.010780692101e+00, 1.400175038725e-03, 7.5591e-01, 9.4628e-03, 
 2DIAGNOSTIC,    13, -1.011864542961e+00, 1.217967714183e-03, 7.7358e-01, 1.7665e-02, 
 2DIAGNOSTIC,    14, -1.011836647987e+00, 9.771382901818e-04, 7.8114e-01, 7.5591e-03, 
 2DIAGNOSTIC,    15, -1.011844992638e+00, 7.008014363237e-04, 7.8931e-01, 8.1780e-03, 
 2DIAGNOSTIC,    16, -1.011947751045e+00, 4.341514140833e-04, 7.9824e-01, 8.9269e-03, 
 2DIAGNOSTIC,    17, -1.011942148209e+00, 2.065430162475e-04, 8.0714e-01, 8.8980e-03, 
 2DIAGNOSTIC,    18, -1.012004137039e+00, 1.367344666505e-04, 8.1605e-01, 8.9121e-03, 
 2DIAGNOSTIC,    19, -1.012007474899e+00, 8.749128028285e-05, 8.2489e-01, 8.8348e-03, 
 2DIAGNOSTIC,    20, -1.011995434761e+00, 5.020161188440e-05, 8.3247e-01, 7.5819e-03, 
 2DIAGNOSTIC,    21, -1.011983275414e+00, 2.188176767959e-05, 8.4030e-01, 7.8290e-03, 
 2DIAGNOSTIC,    22, -1.012006282806e+00, 6.775907877454e-06, 8.4796e-01, 7.6599e-03, 
 2DIAGNOSTIC,    23, -1.012040495872e+00, 6.251779723243e-06, 8.5554e-01, 7.5791e-03, 
 2DIAGNOSTIC,    24, -1.012081861496e+00, 5.472209068103e-06, 8.6330e-01, 7.7691e-03, 
 2DIAGNOSTIC,    25, -1.012125730515e+00, 4.932898718835e-06, 8.7689e-01, 1.3582e-02, 
 2DIAGNOSTIC,    26, -1.012130975723e+00, 5.275985586195e-06, 8.8528e-01, 8.3919e-03, 
 2DIAGNOSTIC,    27, -1.012097239494e+00, 4.786812041857e-06, 8.9300e-01, 7.7188e-03, 
 2DIAGNOSTIC,    28, -1.012101650238e+00, 4.667937446357e-06, 9.0205e-01, 9.0489e-03, 
 2DIAGNOSTIC,    29, -1.012107372284e+00, 4.304266894906e-06, 9.1134e-01, 9.2950e-03, 
 2DIAGNOSTIC,    30, -1.012037634850e+00, 2.888991275540e-06, 9.2033e-01, 8.9931e-03, 
DIAGNOSTIC,Iteration,metricValue,convergenceValue,ITERATION_TIME_INDEX,SINCE_LAST
 2DIAGNOSTIC,     1, -7.933133840561e-01, inf, 1.4306e+00, 5.1030e-01, 
 2DIAGNOSTIC,     2, -7.941582202911e-01, inf, 1.4617e+00, 3.1051e-02, 
 2DIAGNOSTIC,     3, -7.948350906372e-01, inf, 1.4912e+00, 2.9525e-02, 
 2DIAGNOSTIC,     4, -7.951192259789e-01, inf, 1.5243e+00, 3.3098e-02, 
 2DIAGNOSTIC,     5, -7.951890826225e-01, inf, 1.5628e+00, 3.8546e-02, 
 2DIAGNOSTIC,     6, -7.951849102974e-01, inf, 1.6047e+00, 4.1896e-02, 
 2DIAGNOSTIC,     7, -7.951823472977e-01, inf, 1.6393e+00, 3.4544e-02, 
 2DIAGNOSTIC,     8, -7.951692938805e-01, inf, 1.6725e+00, 3.3200e-02, 
 2DIAGNOSTIC,     9, -7.951650023460e-01, inf, 1.7074e+00, 3.4932e-02, 
 2DIAGNOSTIC,    10, -7.951592803001e-01, 1.100518129533e-04, 1.7419e+00, 3.4435e-02, 
 2DIAGNOSTIC,    11, -7.951448559761e-01, 4.489923230722e-05, 1.7749e+00, 3.3080e-02, 
 2DIAGNOSTIC,    12, -7.951465249062e-01, 1.163332217402e-05, 1.8081e+00, 3.3162e-02, 
 2DIAGNOSTIC,    13, -7.951480746269e-01, 1.129444967773e-06, 1.8376e+00, 2.9487e-02, 
DIAGNOSTIC,Iteration,metricValue,convergenceValue,ITERATION_TIME_INDEX,SINCE_LAST
 2DIAGNOSTIC,     1, -6.955484151840e-01, inf, 2.8268e+00, 9.8923e-01, 
 2DIAGNOSTIC,     2, -6.956959962845e-01, inf, 3.0301e+00, 2.0333e-01, 
 2DIAGNOSTIC,     3, -6.957840919495e-01, inf, 3.2496e+00, 2.1950e-01, 
 2DIAGNOSTIC,     4, -6.958475708961e-01, inf, 3.4526e+00, 2.0294e-01, 
 2DIAGNOSTIC,     5, -6.958936452866e-01, inf, 3.7088e+00, 2.5625e-01, 
 2DIAGNOSTIC,     6, -6.959149837494e-01, inf, 4.0215e+00, 3.1269e-01, 
 2DIAGNOSTIC,     7, -6.959157586098e-01, inf, 4.2275e+00, 2.0594e-01, 
 2DIAGNOSTIC,     8, -6.959242820740e-01, inf, 4.4353e+00, 2.0784e-01, 
 2DIAGNOSTIC,     9, -6.959285140038e-01, inf, 4.6682e+00, 2.3293e-01, 
 2DIAGNOSTIC,    10, -6.959329247475e-01, 3.264721817686e-05, 4.9500e+00, 2.8179e-01, 
 2DIAGNOSTIC,    11, -6.959319710732e-01, 1.912765401357e-05, 5.1848e+00, 2.3481e-01, 
 2DIAGNOSTIC,    12, -6.959311366081e-01, 1.136702121585e-05, 5.4270e+00, 2.4221e-01, 
 2DIAGNOSTIC,    13, -6.959295868874e-01, 6.701303846057e-06, 5.6580e+00, 2.3101e-01, 
 2DIAGNOSTIC,    14, -6.959316134453e-01, 4.193169843347e-06, 5.8894e+00, 2.3135e-01, 
 2DIAGNOSTIC,    15, -6.959351897240e-01, 3.178584165653e-06, 6.1486e+00, 2.5926e-01, 
 2DIAGNOSTIC,    16, -6.959367990494e-01, 2.780863269436e-06, 6.4317e+00, 2.8307e-01, 
 2DIAGNOSTIC,    17, -6.959366798401e-01, 2.371092932663e-06, 6.6660e+00, 2.3432e-01, 
 2DIAGNOSTIC,    18, -6.959362626076e-01, 2.145048256352e-06, 6.9073e+00, 2.4129e-01, 
 2DIAGNOSTIC,    19, -6.959362626076e-01, 1.995399770749e-06, 7.1406e+00, 2.3328e-01, 
 2DIAGNOSTIC,    20, -6.959353089333e-01, 1.899662606775e-06, 7.4030e+00, 2.6238e-01, 
 2DIAGNOSTIC,    21, -6.959362626076e-01, 1.784615051292e-06, 7.6376e+00, 2.3456e-01, 
 2DIAGNOSTIC,    22, -6.959362626076e-01, 1.640945470172e-06, 7.8740e+00, 2.3643e-01, 
 2DIAGNOSTIC,    23, -6.959356069565e-01, 1.452630613130e-06, 8.1084e+00, 2.3442e-01, 
 2DIAGNOSTIC,    24, -6.959353685379e-01, 1.303146405007e-06, 8.3090e+00, 2.0060e-01, 
 2DIAGNOSTIC,    25, -6.959360837936e-01, 1.237125161424e-06, 8.5154e+00, 2.0640e-01, 
 2DIAGNOSTIC,    26, -6.959362626076e-01, 1.206839101542e-06, 8.7271e+00, 2.1169e-01, 
 2DIAGNOSTIC,    27, -6.959372758865e-01, 1.193814455291e-06, 8.9639e+00, 2.3683e-01, 
 2DIAGNOSTIC,    28, -6.959366798401e-01, 1.165481421594e-06, 9.2191e+00, 2.5521e-01, 
 2DIAGNOSTIC,    29, -6.959360837936e-01, 1.128989879362e-06, 9.4820e+00, 2.6284e-01, 
 2DIAGNOSTIC,    30, -6.959356069565e-01, 1.072107693290e-06, 9.7099e+00, 2.2794e-01, 
 2DIAGNOSTIC,    31, -6.959347128868e-01, 1.018247530737e-06, 9.9761e+00, 2.6623e-01, 
DIAGNOSTIC,Iteration,metricValue,convergenceValue,ITERATION_TIME_INDEX,SINCE_LAST
 2DIAGNOSTIC,     1, -6.278246641159e-01, inf, 1.2559e+01, 2.5832e+00, 
  Elapsed time (stage 0): 1.3864e+01


Stage 1
  iterations = 1000x500x250x0
  convergence threshold = 1.0000e-06
  convergence window size = 10
  number of levels = 4
  using the Mattes MI metric (number of bins = 32, weight = 1.0000e+00)
  preprocessing:  winsorizing the image intensities
  preprocessing:  histogram matching the images
  Shrink factors (level 1 out of 4): [6, 6, 6]
  Shrink factors (level 2 out of 4): [4, 4, 4]
  Shrink factors (level 3 out of 4): [2, 2, 2]
  Shrink factors (level 4 out of 4): [1, 1, 1]
  smoothing sigmas per level: [4, 2, 1, 0]
  regular sampling (percentage = 2.5000e-01)

*** Running AffineTransform registration ***

DIAGNOSTIC,Iteration,metricValue,convergenceValue,ITERATION_TIME_INDEX,SINCE_LAST
 2DIAGNOSTIC,     1, -1.006460189819e+00, inf, 7.6534e-01, 7.6534e-01, 
 2DIAGNOSTIC,     2, -1.008513450623e+00, inf, 7.7799e-01, 1.2646e-02, 
 2DIAGNOSTIC,     3, -1.011741638184e+00, inf, 7.8898e-01, 1.0993e-02, 
 2DIAGNOSTIC,     4, -1.015992403030e+00, inf, 7.9804e-01, 9.0640e-03, 
 2DIAGNOSTIC,     5, -1.021598219872e+00, inf, 8.0684e-01, 8.7929e-03, 
 2DIAGNOSTIC,     6, -1.028391003609e+00, inf, 8.1530e-01, 8.4670e-03, 
 2DIAGNOSTIC,     7, -1.033995509148e+00, inf, 8.2365e-01, 8.3439e-03, 
 2DIAGNOSTIC,     8, -1.036383986473e+00, inf, 8.3478e-01, 1.1132e-02, 
 2DIAGNOSTIC,     9, -1.036579489708e+00, inf, 8.4444e-01, 9.6612e-03, 
 2DIAGNOSTIC,    10, -1.036840200424e+00, 2.272301819175e-03, 8.5529e-01, 1.0848e-02, 
 2DIAGNOSTIC,    11, -1.037087202072e+00, 1.837786170654e-03, 8.6406e-01, 8.7712e-03, 
 2DIAGNOSTIC,    12, -1.037665843964e+00, 1.370979472995e-03, 8.7354e-01, 9.4831e-03, 
 2DIAGNOSTIC,    13, -1.037917971611e+00, 9.270730661228e-04, 8.8193e-01, 8.3919e-03, 
 2DIAGNOSTIC,    14, -1.038002610207e+00, 5.490013863891e-04, 8.9278e-01, 1.0846e-02, 
 2DIAGNOSTIC,    15, -1.038078069687e+00, 2.750585845206e-04, 9.0235e-01, 9.5689e-03, 
 2DIAGNOSTIC,    16, -1.038162827492e+00, 1.270799984923e-04, 9.1205e-01, 9.6991e-03, 
 2DIAGNOSTIC,    17, -1.038208246231e+00, 7.570205343654e-05, 9.2187e-01, 9.8221e-03, 
 2DIAGNOSTIC,    18, -1.038564443588e+00, 6.527118239319e-05, 9.3083e-01, 8.9550e-03, 
 2DIAGNOSTIC,    19, -1.038765311241e+00, 5.573244925472e-05, 9.4326e-01, 1.2430e-02, 
 2DIAGNOSTIC,    20, -1.038932204247e+00, 4.804776108358e-05, 9.5308e-01, 9.8269e-03, 
 2DIAGNOSTIC,    21, -1.038964986801e+00, 4.030770651298e-05, 9.6326e-01, 1.0174e-02, 
 2DIAGNOSTIC,    22, -1.038841843605e+00, 3.532246410032e-05, 9.7332e-01, 1.0065e-02, 
 2DIAGNOSTIC,    23, -1.038882255554e+00, 3.110373654636e-05, 9.8265e-01, 9.3260e-03, 
 2DIAGNOSTIC,    24, -1.038853883743e+00, 2.500984737708e-05, 9.9226e-01, 9.6090e-03, 
 2DIAGNOSTIC,    25, -1.038886189461e+00, 1.836510637077e-05, 1.0006e+00, 8.3461e-03, 
 2DIAGNOSTIC,    26, -1.038883328438e+00, 1.154724031949e-05, 1.0102e+00, 9.6409e-03, 
 2DIAGNOSTIC,    27, -1.038821101189e+00, 4.061281288159e-06, 1.0187e+00, 8.4209e-03, 
DIAGNOSTIC,Iteration,metricValue,convergenceValue,ITERATION_TIME_INDEX,SINCE_LAST
 2DIAGNOSTIC,     1, -8.074709177017e-01, inf, 1.5119e+00, 4.9326e-01, 
 2DIAGNOSTIC,     2, -8.086534142494e-01, inf, 1.5439e+00, 3.1961e-02, 
 2DIAGNOSTIC,     3, -8.100941181183e-01, inf, 1.5773e+00, 3.3390e-02, 
 2DIAGNOSTIC,     4, -8.112738132477e-01, inf, 1.6094e+00, 3.2135e-02, 
 2DIAGNOSTIC,     5, -8.121410608292e-01, inf, 1.6416e+00, 3.2189e-02, 
 2DIAGNOSTIC,     6, -8.132568597794e-01, inf, 1.6732e+00, 3.1627e-02, 
 2DIAGNOSTIC,     7, -8.142395615578e-01, inf, 1.7053e+00, 3.2118e-02, 
 2DIAGNOSTIC,     8, -8.152558803558e-01, inf, 1.7491e+00, 4.3759e-02, 
 2DIAGNOSTIC,     9, -8.154490590096e-01, inf, 1.7820e+00, 3.2876e-02, 
 2DIAGNOSTIC,    10, -8.157064318657e-01, 6.806975579821e-04, 1.8147e+00, 3.2690e-02, 
 2DIAGNOSTIC,    11, -8.171256780624e-01, 5.726421368308e-04, 1.8599e+00, 4.5209e-02, 
 2DIAGNOSTIC,    12, -8.174824714661e-01, 4.743443278130e-04, 1.8959e+00, 3.5993e-02, 
 2DIAGNOSTIC,    13, -8.178076148033e-01, 3.956941072829e-04, 1.9399e+00, 4.4051e-02, 
 2DIAGNOSTIC,    14, -8.178337216377e-01, 3.230745205656e-04, 1.9747e+00, 3.4784e-02, 
 2DIAGNOSTIC,    15, -8.178434967995e-01, 2.511998754926e-04, 2.0235e+00, 4.8758e-02, 
 2DIAGNOSTIC,    16, -8.178491592407e-01, 1.892419531941e-04, 2.0590e+00, 3.5561e-02, 
 2DIAGNOSTIC,    17, -8.178378343582e-01, 1.365915959468e-04, 2.0931e+00, 3.4040e-02, 
 2DIAGNOSTIC,    18, -8.178350329399e-01, 9.729134035297e-05, 2.1284e+00, 3.5344e-02, 
 2DIAGNOSTIC,    19, -8.178331255913e-01, 5.705931107514e-05, 2.1588e+00, 3.0362e-02, 
 2DIAGNOSTIC,    20, -8.178331851959e-01, 1.965751653188e-05, 2.1948e+00, 3.6010e-02, 
 2DIAGNOSTIC,    21, -8.178408145905e-01, 7.736267434666e-06, 2.2264e+00, 3.1600e-02, 
 2DIAGNOSTIC,    22, -8.178265690804e-01, 1.608281536392e-06, 2.2617e+00, 3.5298e-02, 
DIAGNOSTIC,Iteration,metricValue,convergenceValue,ITERATION_TIME_INDEX,SINCE_LAST
 2DIAGNOSTIC,     1, -7.094715833664e-01, inf, 3.2734e+00, 1.0118e+00, 
 2DIAGNOSTIC,     2, -7.098736166954e-01, inf, 3.5235e+00, 2.5002e-01, 
 2DIAGNOSTIC,     3, -7.101741433144e-01, inf, 3.7605e+00, 2.3702e-01, 
 2DIAGNOSTIC,     4, -7.103893160820e-01, inf, 4.0088e+00, 2.4829e-01, 
 2DIAGNOSTIC,     5, -7.105371952057e-01, inf, 4.2867e+00, 2.7789e-01, 
 2DIAGNOSTIC,     6, -7.106553912163e-01, inf, 4.6408e+00, 3.5412e-01, 
 2DIAGNOSTIC,     7, -7.106457352638e-01, inf, 4.9185e+00, 2.7772e-01, 
 2DIAGNOSTIC,     8, -7.106436491013e-01, inf, 5.3407e+00, 4.2224e-01, 
 2DIAGNOSTIC,     9, -7.106449604034e-01, inf, 5.6322e+00, 2.9143e-01, 
 2DIAGNOSTIC,    10, -7.106440663338e-01, 9.581051563146e-05, 5.9157e+00, 2.8358e-01, 
 2DIAGNOSTIC,    11, -7.106426954269e-01, 5.407265416579e-05, 6.1895e+00, 2.7378e-01, 
 2DIAGNOSTIC,    12, -7.106428742409e-01, 2.798578134389e-05, 6.5360e+00, 3.4644e-01, 
 2DIAGNOSTIC,    13, -7.106431126595e-01, 1.280685592064e-05, 6.7988e+00, 2.6282e-01, 
 2DIAGNOSTIC,    14, -7.106419205666e-01, 4.884428562946e-06, 7.0567e+00, 2.5797e-01, 
 2DIAGNOSTIC,    15, -7.106418013573e-01, 1.627858409847e-06, 7.3179e+00, 2.6111e-01, 
 2DIAGNOSTIC,    16, -7.106410264969e-01, 1.766755190147e-06, 7.6618e+00, 3.4398e-01, 
 2DIAGNOSTIC,    17, -7.106412649155e-01, 1.689623331913e-06, 7.8978e+00, 2.3597e-01, 
 2DIAGNOSTIC,    18, -7.106412053108e-01, 1.588209102010e-06, 8.1638e+00, 2.6603e-01, 
 2DIAGNOSTIC,    19, -7.106411457062e-01, 1.540945277156e-06, 8.4592e+00, 2.9540e-01, 
 2DIAGNOSTIC,    20, -7.106399536133e-01, 1.470292886552e-06, 8.7291e+00, 2.6987e-01, 
 2DIAGNOSTIC,    21, -7.106401324272e-01, 1.395333583787e-06, 8.9944e+00, 2.6534e-01, 
 2DIAGNOSTIC,    22, -7.106391787529e-01, 1.323469746239e-06, 9.2576e+00, 2.6319e-01, 
 2DIAGNOSTIC,    23, -7.106395959854e-01, 1.281266349906e-06, 9.5196e+00, 2.6201e-01, 
 2DIAGNOSTIC,    24, -7.106391191483e-01, 1.224046627613e-06, 9.7869e+00, 2.6722e-01, 
 2DIAGNOSTIC,    25, -7.106388211250e-01, 1.175018269350e-06, 1.0071e+01, 2.8420e-01, 
 2DIAGNOSTIC,    26, -7.106390595436e-01, 1.130779764935e-06, 1.0332e+01, 2.6132e-01, 
 2DIAGNOSTIC,    27, -7.106392979622e-01, 1.105291175918e-06, 1.0593e+01, 2.6062e-01, 
 2DIAGNOSTIC,    28, -7.106390595436e-01, 1.083964889403e-06, 1.0853e+01, 2.5967e-01, 
 2DIAGNOSTIC,    29, -7.106391787529e-01, 1.070445591722e-06, 1.1112e+01, 2.5944e-01, 
 2DIAGNOSTIC,    30, -7.106391787529e-01, 1.044364012159e-06, 1.1433e+01, 3.2085e-01, 
 2DIAGNOSTIC,    31, -7.106391191483e-01, 1.023264417199e-06, 1.1695e+01, 2.6204e-01, 
DIAGNOSTIC,Iteration,metricValue,convergenceValue,ITERATION_TIME_INDEX,SINCE_LAST
 2DIAGNOSTIC,     1, -6.374107003212e-01, inf, 1.4569e+01, 2.8738e+00, 
  Elapsed time (stage 1): 1.5723e+01


Stage 2
  iterations = 100x100x70x20
  convergence threshold = 1.0000e-09
  convergence window size = 10
  number of levels = 4
  using the CC metric (radius = 4, weight = 1.0000e+00)
  preprocessing:  winsorizing the image intensities
  preprocessing:  histogram matching the images
  Shrink factors (level 1 out of 4): [6, 6, 6]
  Shrink factors (level 2 out of 4): [4, 4, 4]
  Shrink factors (level 3 out of 4): [2, 2, 2]
  Shrink factors (level 4 out of 4): [1, 1, 1]
  smoothing sigmas per level: [3, 2, 1, 0]
  Using default NONE metricSamplingStrategy 

*** Running SyN registration (varianceForUpdateField = 3.0000e+00, varianceForTotalField = 0.0000e+00) ***

XXDIAGNOSTIC,Iteration,metricValue,convergenceValue,ITERATION_TIME_INDEX,SINCE_LAST
 1DIAGNOSTIC,     1, -8.917594552040e-01, inf, 1.3298e+00, 1.3298e+00, 
 1DIAGNOSTIC,     2, -8.985778093338e-01, inf, 2.0547e+00, 7.2497e-01, 
 1DIAGNOSTIC,     3, -9.055814146996e-01, inf, 2.8024e+00, 7.4763e-01, 
 1DIAGNOSTIC,     4, -9.106200933456e-01, inf, 3.5460e+00, 7.4367e-01, 
 1DIAGNOSTIC,     5, -9.147326946259e-01, inf, 4.2913e+00, 7.4524e-01, 
 1DIAGNOSTIC,     6, -9.178032875061e-01, inf, 5.0160e+00, 7.2468e-01, 
 1DIAGNOSTIC,     7, -9.203814864159e-01, inf, 5.7709e+00, 7.5496e-01, 
 1DIAGNOSTIC,     8, -9.224611520767e-01, inf, 6.5314e+00, 7.6051e-01, 
 1DIAGNOSTIC,     9, -9.242255687714e-01, inf, 7.2744e+00, 7.4301e-01, 
 1DIAGNOSTIC,    10, -9.257435798645e-01, 2.284671412781e-03, 8.0067e+00, 7.3229e-01, 
 1DIAGNOSTIC,    11, -9.270681738853e-01, 1.689428114332e-03, 8.7690e+00, 7.6225e-01, 
 1DIAGNOSTIC,    12, -9.281626343727e-01, 1.244902960025e-03, 9.5229e+00, 7.5391e-01, 
 1DIAGNOSTIC,    13, -9.291081428528e-01, 9.450485813431e-04, 1.0279e+01, 7.5595e-01, 
 1DIAGNOSTIC,    14, -9.299742579460e-01, 7.319920696318e-04, 1.1023e+01, 7.4427e-01, 
 1DIAGNOSTIC,    15, -9.307341575623e-01, 5.804821848869e-04, 1.1753e+01, 7.3010e-01, 
 1DIAGNOSTIC,    16, -9.314373731613e-01, 4.671295464505e-04, 1.2496e+01, 7.4265e-01, 
 1DIAGNOSTIC,    17, -9.320690035820e-01, 3.821257851087e-04, 1.3262e+01, 7.6584e-01, 
 1DIAGNOSTIC,    18, -9.326405525208e-01, 3.165030793753e-04, 1.4025e+01, 7.6316e-01, 
 1DIAGNOSTIC,    19, -9.331709742546e-01, 2.655230055097e-04, 1.4775e+01, 7.5059e-01, 
 1DIAGNOSTIC,    20, -9.336450695992e-01, 2.254989958601e-04, 1.5529e+01, 7.5375e-01, 
 1DIAGNOSTIC,    21, -9.340960979462e-01, 1.942265807884e-04, 1.6291e+01, 7.6146e-01, 
 1DIAGNOSTIC,    22, -9.344977140427e-01, 1.685277675278e-04, 1.7059e+01, 7.6810e-01, 
 1DIAGNOSTIC,    23, -9.348738193512e-01, 1.469251146773e-04, 1.7818e+01, 7.5924e-01, 
 1DIAGNOSTIC,    24, -9.352191686630e-01, 1.288462808589e-04, 1.8551e+01, 7.3333e-01, 
 1DIAGNOSTIC,    25, -9.355413913727e-01, 1.133985642809e-04, 1.9295e+01, 7.4334e-01, 
 1DIAGNOSTIC,    26, -9.358268380165e-01, 1.001488635666e-04, 2.0056e+01, 7.6144e-01, 
 1DIAGNOSTIC,    27, -9.361022710800e-01, 8.877275104169e-05, 2.0826e+01, 7.7039e-01, 
 1DIAGNOSTIC,    28, -9.363484382629e-01, 7.881050987635e-05, 2.1593e+01, 7.6637e-01, 
 1DIAGNOSTIC,    29, -9.365900754929e-01, 7.028350955807e-05, 2.2364e+01, 7.7163e-01, 
 1DIAGNOSTIC,    30, -9.368016719818e-01, 6.270916492213e-05, 2.3105e+01, 7.4044e-01, 
 1DIAGNOSTIC,    31, -9.370040893555e-01, 5.618474824587e-05, 2.3835e+01, 7.3024e-01, 
 1DIAGNOSTIC,    32, -9.371874928474e-01, 5.038202289143e-05, 2.4605e+01, 7.6937e-01, 
 1DIAGNOSTIC,    33, -9.373705983162e-01, 4.538169741863e-05, 2.5363e+01, 7.5830e-01, 
 1DIAGNOSTIC,    34, -9.375371932983e-01, 4.101452577743e-05, 2.6124e+01, 7.6149e-01, 
 1DIAGNOSTIC,    35, -9.376801848412e-01, 3.711392491823e-05, 2.6875e+01, 7.5088e-01, 
 1DIAGNOSTIC,    36, -9.378381967545e-01, 3.371962520760e-05, 2.7618e+01, 7.4273e-01, 
 1DIAGNOSTIC,    37, -9.379752278328e-01, 3.075499262195e-05, 2.8369e+01, 7.5131e-01, 
 1DIAGNOSTIC,    38, -9.381074905396e-01, 2.810763726302e-05, 2.9119e+01, 7.4958e-01, 
 1DIAGNOSTIC,    39, -9.382225275040e-01, 2.576404767751e-05, 2.9866e+01, 7.4671e-01, 
 1DIAGNOSTIC,    40, -9.383535385132e-01, 2.375177427894e-05, 3.0582e+01, 7.1673e-01, 
 1DIAGNOSTIC,    41, -9.384607672691e-01, 2.192639294663e-05, 3.1330e+01, 7.4812e-01, 
 1DIAGNOSTIC,    42, -9.385596513748e-01, 2.019617568294e-05, 3.2071e+01, 7.4076e-01, 
 1DIAGNOSTIC,    43, -9.386653900146e-01, 1.872215943877e-05, 3.2800e+01, 7.2840e-01, 
 1DIAGNOSTIC,    44, -9.387546181679e-01, 1.735356272548e-05, 3.3549e+01, 7.4900e-01, 
 1DIAGNOSTIC,    45, -9.388326406479e-01, 1.593371052877e-05, 3.4292e+01, 7.4392e-01, 
 1DIAGNOSTIC,    46, -9.389180541039e-01, 1.471916857554e-05, 3.5045e+01, 7.5252e-01, 
 1DIAGNOSTIC,    47, -9.389984607697e-01, 1.360924579785e-05, 3.5786e+01, 7.4109e-01, 
 1DIAGNOSTIC,    48, -9.390691518784e-01, 1.258334305021e-05, 3.6533e+01, 7.4673e-01, 
 1DIAGNOSTIC,    49, -9.391360878944e-01, 1.157491988124e-05, 3.7279e+01, 7.4636e-01, 
 1DIAGNOSTIC,    50, -9.391868114471e-01, 1.065833930625e-05, 3.8027e+01, 7.4821e-01, 
 1DIAGNOSTIC,    51, -9.392589330673e-01, 9.880875040835e-06, 3.8777e+01, 7.5005e-01, 
 1DIAGNOSTIC,    52, -9.393123984337e-01, 9.122444680543e-06, 3.9531e+01, 7.5315e-01, 
 1DIAGNOSTIC,    53, -9.393597245216e-01, 8.447284926660e-06, 4.0275e+01, 7.4396e-01, 
 1DIAGNOSTIC,    54, -9.394049644470e-01, 7.798311344231e-06, 4.1006e+01, 7.3145e-01, 
 1DIAGNOSTIC,    55, -9.394540786743e-01, 7.177602128650e-06, 4.1752e+01, 7.4565e-01, 
 1DIAGNOSTIC,    56, -9.395003318787e-01, 6.651472176600e-06, 4.2502e+01, 7.4995e-01, 
 1DIAGNOSTIC,    57, -9.395379424095e-01, 6.181761818880e-06, 4.3242e+01, 7.4043e-01, 
 1DIAGNOSTIC,    58, -9.395855665207e-01, 5.804716238345e-06, 4.3982e+01, 7.4034e-01, 
 1DIAGNOSTIC,    59, -9.396264553070e-01, 5.487455837283e-06, 4.4725e+01, 7.4267e-01, 
 1DIAGNOSTIC,    60, -9.396629333496e-01, 5.139072527527e-06, 4.5463e+01, 7.3819e-01, 
 1DIAGNOSTIC,    61, -9.396972060204e-01, 4.885137968813e-06, 4.6200e+01, 7.3710e-01, 
 1DIAGNOSTIC,    62, -9.397326707840e-01, 4.652642928704e-06, 4.6946e+01, 7.4517e-01, 
 1DIAGNOSTIC,    63, -9.397617578506e-01, 4.393887138576e-06, 4.7682e+01, 7.3652e-01, 
 1DIAGNOSTIC,    64, -9.397966265678e-01, 4.145290404267e-06, 4.8433e+01, 7.5085e-01, 
 1DIAGNOSTIC,    65, -9.398270249367e-01, 3.920996732631e-06, 4.9171e+01, 7.3816e-01, 
 1DIAGNOSTIC,    66, -9.398543238640e-01, 3.709663360496e-06, 4.9933e+01, 7.6239e-01, 
 1DIAGNOSTIC,    67, -9.398818016052e-01, 3.485478828225e-06, 5.0673e+01, 7.4001e-01, 
 1DIAGNOSTIC,    68, -9.399038553238e-01, 3.286110995759e-06, 5.1421e+01, 7.4751e-01, 
 1DIAGNOSTIC,    69, -9.399275779724e-01, 3.103110429947e-06, 5.2150e+01, 7.2889e-01, 
 1DIAGNOSTIC,    70, -9.399524927139e-01, 2.934485110018e-06, 5.2900e+01, 7.5009e-01, 
 1DIAGNOSTIC,    71, -9.399722814560e-01, 2.759934886853e-06, 5.3654e+01, 7.5398e-01, 
 1DIAGNOSTIC,    72, -9.399942159653e-01, 2.608318709463e-06, 5.4379e+01, 7.2540e-01, 
 1DIAGNOSTIC,    73, -9.400159120560e-01, 2.460804353177e-06, 5.5104e+01, 7.2486e-01, 
 1DIAGNOSTIC,    74, -9.400383830070e-01, 2.355075594096e-06, 5.5851e+01, 7.4707e-01, 
 1DIAGNOSTIC,    75, -9.400575160980e-01, 2.264769818794e-06, 5.6594e+01, 7.4281e-01, 
 1DIAGNOSTIC,    76, -9.400738477707e-01, 2.171845380872e-06, 5.7338e+01, 7.4386e-01, 
 1DIAGNOSTIC,    77, -9.400914907455e-01, 2.089284180329e-06, 5.8076e+01, 7.3856e-01, 
 1DIAGNOSTIC,    78, -9.401071667671e-01, 1.992118768612e-06, 5.8806e+01, 7.2967e-01, 
 1DIAGNOSTIC,    79, -9.401206970215e-01, 1.885721076178e-06, 5.9553e+01, 7.4723e-01, 
 1DIAGNOSTIC,    80, -9.401361942291e-01, 1.791386011973e-06, 6.0286e+01, 7.3279e-01, 
 1DIAGNOSTIC,    81, -9.401488900185e-01, 1.685305505816e-06, 6.1031e+01, 7.4492e-01, 
 1DIAGNOSTIC,    82, -9.401612281799e-01, 1.582741333550e-06, 6.1760e+01, 7.2866e-01, 
 1DIAGNOSTIC,    83, -9.401747584343e-01, 1.494740786256e-06, 6.2502e+01, 7.4258e-01, 
 1DIAGNOSTIC,    84, -9.401880502701e-01, 1.429502503925e-06, 6.3247e+01, 7.4469e-01, 
 1DIAGNOSTIC,    85, -9.402024149895e-01, 1.382924779136e-06, 6.3969e+01, 7.2186e-01, 
 1DIAGNOSTIC,    86, -9.402146935463e-01, 1.339698542324e-06, 6.4698e+01, 7.2947e-01, 
 1DIAGNOSTIC,    87, -9.402263164520e-01, 1.305115802097e-06, 6.5436e+01, 7.3778e-01, 
 1DIAGNOSTIC,    88, -9.402374625206e-01, 1.272399003938e-06, 6.6184e+01, 7.4771e-01, 
 1DIAGNOSTIC,    89, -9.402470588684e-01, 1.230146267517e-06, 6.6928e+01, 7.4417e-01, 
 1DIAGNOSTIC,    90, -9.402585625648e-01, 1.194842752739e-06, 6.7647e+01, 7.1934e-01, 
 1DIAGNOSTIC,    91, -9.402683973312e-01, 1.153325342784e-06, 6.8389e+01, 7.4179e-01, 
 1DIAGNOSTIC,    92, -9.402791857719e-01, 1.110660036829e-06, 6.9143e+01, 7.5433e-01, 
 1DIAGNOSTIC,    93, -9.402875304222e-01, 1.065657102117e-06, 6.9888e+01, 7.4455e-01, 
 1DIAGNOSTIC,    94, -9.402977228165e-01, 1.026813833960e-06, 7.0627e+01, 7.3946e-01, 
 1DIAGNOSTIC,    95, -9.403059482574e-01, 9.935955631590e-07, 7.1382e+01, 7.5423e-01, 
 1DIAGNOSTIC,    96, -9.403120279312e-01, 9.547345598548e-07, 7.2212e+01, 8.3068e-01, 
 1DIAGNOSTIC,    97, -9.403198957443e-01, 9.170003067993e-07, 7.2959e+01, 7.4707e-01, 
 1DIAGNOSTIC,    98, -9.403277039528e-01, 8.812723990559e-07, 7.3710e+01, 7.5063e-01, 
 1DIAGNOSTIC,    99, -9.403347969055e-01, 8.428259548054e-07, 7.4453e+01, 7.4312e-01, 
 1DIAGNOSTIC,   100, -9.403420090675e-01, 8.110676503748e-07, 7.5185e+01, 7.3228e-01, 
XXDIAGNOSTIC,Iteration,metricValue,convergenceValue,ITERATION_TIME_INDEX,SINCE_LAST
 1DIAGNOSTIC,     1, -8.622369170189e-01, inf, 7.8096e+01, 2.9108e+00, 
 1DIAGNOSTIC,     2, -8.634271621704e-01, inf, 8.0408e+01, 2.3117e+00, 
 1DIAGNOSTIC,     3, -8.646678924561e-01, inf, 8.2725e+01, 2.3175e+00, 
 1DIAGNOSTIC,     4, -8.658168315887e-01, inf, 8.5043e+01, 2.3176e+00, 
 1DIAGNOSTIC,     5, -8.667773008347e-01, inf, 8.7356e+01, 2.3128e+00, 
 1DIAGNOSTIC,     6, -8.676626682281e-01, inf, 8.9674e+01, 2.3185e+00, 
 1DIAGNOSTIC,     7, -8.684683442116e-01, inf, 9.1976e+01, 2.3018e+00, 
 1DIAGNOSTIC,     8, -8.691360354424e-01, inf, 9.4290e+01, 2.3133e+00, 
 1DIAGNOSTIC,     9, -8.697403073311e-01, inf, 9.6608e+01, 2.3184e+00, 
 1DIAGNOSTIC,    10, -8.702976107597e-01, 5.965429008938e-04, 9.8938e+01, 2.3302e+00, 
 1DIAGNOSTIC,    11, -8.707382082939e-01, 4.861088527832e-04, 1.0126e+02, 2.3229e+00, 
 1DIAGNOSTIC,    12, -8.711442947388e-01, 3.938182489946e-04, 1.0358e+02, 2.3196e+00, 
 1DIAGNOSTIC,    13, -8.715158700943e-01, 3.205605607945e-04, 1.0604e+02, 2.4594e+00, 
 1DIAGNOSTIC,    14, -8.718549609184e-01, 2.633170224726e-04, 1.0835e+02, 2.3057e+00, 
 1DIAGNOSTIC,    15, -8.721643090248e-01, 2.172493550461e-04, 1.1066e+02, 2.3136e+00, 
 1DIAGNOSTIC,    16, -8.724548816681e-01, 1.809801324271e-04, 1.1312e+02, 2.4569e+00, 
 1DIAGNOSTIC,    17, -8.727217316628e-01, 1.529307046439e-04, 1.1549e+02, 2.3730e+00, 
 1DIAGNOSTIC,    18, -8.729732036591e-01, 1.305465266341e-04, 1.1781e+02, 2.3188e+00, 
 1DIAGNOSTIC,    19, -8.732017278671e-01, 1.127278301283e-04, 1.2012e+02, 2.3163e+00, 
 1DIAGNOSTIC,    20, -8.734195828438e-01, 9.891138324747e-05, 1.2244e+02, 2.3151e+00, 
 1DIAGNOSTIC,    21, -8.736228346825e-01, 8.724510553293e-05, 1.2475e+02, 2.3130e+00, 
 1DIAGNOSTIC,    22, -8.738091588020e-01, 7.732675294392e-05, 1.2709e+02, 2.3340e+00, 
 1DIAGNOSTIC,    23, -8.739860653877e-01, 6.887087511132e-05, 1.2942e+02, 2.3294e+00, 
 1DIAGNOSTIC,    24, -8.741508126259e-01, 6.157015741337e-05, 1.3173e+02, 2.3174e+00, 
 1DIAGNOSTIC,    25, -8.742976784706e-01, 5.508210233529e-05, 1.3405e+02, 2.3129e+00, 
 1DIAGNOSTIC,    26, -8.744423389435e-01, 4.943529711454e-05, 1.3635e+02, 2.3041e+00, 
 1DIAGNOSTIC,    27, -8.745846748352e-01, 4.455268935999e-05, 1.3866e+02, 2.3072e+00, 
 1DIAGNOSTIC,    28, -8.747094273567e-01, 4.025862654089e-05, 1.4098e+02, 2.3228e+00, 
 1DIAGNOSTIC,    29, -8.748268485069e-01, 3.641267539933e-05, 1.4339e+02, 2.4124e+00, 
 1DIAGNOSTIC,    30, -8.749419450760e-01, 3.306447251816e-05, 1.4571e+02, 2.3148e+00, 
 1DIAGNOSTIC,    31, -8.750472068787e-01, 3.010984801222e-05, 1.4812e+02, 2.4165e+00, 
 1DIAGNOSTIC,    32, -8.751443624496e-01, 2.743588993326e-05, 1.5050e+02, 2.3725e+00, 
 1DIAGNOSTIC,    33, -8.752392530441e-01, 2.507053795853e-05, 1.5291e+02, 2.4126e+00, 
 1DIAGNOSTIC,    34, -8.753267526627e-01, 2.294861587870e-05, 1.5522e+02, 2.3064e+00, 
 1DIAGNOSTIC,    35, -8.754096627235e-01, 2.097023207170e-05, 1.5753e+02, 2.3180e+00, 
 1DIAGNOSTIC,    36, -8.754935264587e-01, 1.923708077811e-05, 1.5985e+02, 2.3203e+00, 
 1DIAGNOSTIC,    37, -8.755695819855e-01, 1.775236705726e-05, 1.6224e+02, 2.3834e+00, 
 1DIAGNOSTIC,    38, -8.756365776062e-01, 1.636196429899e-05, 1.6463e+02, 2.3895e+00, 
 1DIAGNOSTIC,    39, -8.757063150406e-01, 1.510927268100e-05, 1.6698e+02, 2.3540e+00, 
 1DIAGNOSTIC,    40, -8.757734894753e-01, 1.402287307428e-05, 1.6931e+02, 2.3252e+00, 
 1DIAGNOSTIC,    41, -8.758347034454e-01, 1.303310182266e-05, 1.7166e+02, 2.3567e+00, 
 1DIAGNOSTIC,    42, -8.758923411369e-01, 1.210605751112e-05, 1.7396e+02, 2.2967e+00, 
 1DIAGNOSTIC,    43, -8.759499192238e-01, 1.128106123360e-05, 1.7632e+02, 2.3641e+00, 
 1DIAGNOSTIC,    44, -8.760037422180e-01, 1.051953859132e-05, 1.7863e+02, 2.3082e+00, 
 1DIAGNOSTIC,    45, -8.760555982590e-01, 9.816807505558e-06, 1.8096e+02, 2.3255e+00, 
 1DIAGNOSTIC,    46, -8.761026859283e-01, 9.188878721034e-06, 1.8326e+02, 2.3056e+00, 
 1DIAGNOSTIC,    47, -8.761523365974e-01, 8.636894563097e-06, 1.8559e+02, 2.3252e+00, 
 1DIAGNOSTIC,    48, -8.761951923370e-01, 8.080299267021e-06, 1.8796e+02, 2.3759e+00, 
 1DIAGNOSTIC,    49, -8.762419223785e-01, 7.600438493682e-06, 1.9033e+02, 2.3681e+00, 
 1DIAGNOSTIC,    50, -8.762806057930e-01, 7.154014383559e-06, 1.9265e+02, 2.3168e+00, 
 1DIAGNOSTIC,    51, -8.763232827187e-01, 6.756493803550e-06, 1.9496e+02, 2.3101e+00, 
 1DIAGNOSTIC,    52, -8.763628005981e-01, 6.386115728674e-06, 1.9732e+02, 2.3649e+00, 
 1DIAGNOSTIC,    53, -8.764014244080e-01, 6.059151473892e-06, 1.9962e+02, 2.3001e+00, 
 1DIAGNOSTIC,    54, -8.764386773109e-01, 5.762571163359e-06, 2.0204e+02, 2.4166e+00, 
 1DIAGNOSTIC,    55, -8.764718174934e-01, 5.477234935825e-06, 2.0435e+02, 2.3064e+00, 
 1DIAGNOSTIC,    56, -8.765063285828e-01, 5.199926818023e-06, 2.0676e+02, 2.4168e+00, 
 1DIAGNOSTIC,    57, -8.765379190445e-01, 4.945632099407e-06, 2.0908e+02, 2.3155e+00, 
 1DIAGNOSTIC,    58, -8.765681385994e-01, 4.682554845203e-06, 2.1138e+02, 2.3046e+00, 
 1DIAGNOSTIC,    59, -8.766000866890e-01, 4.460740910872e-06, 2.1368e+02, 2.3001e+00, 
 1DIAGNOSTIC,    60, -8.766301870346e-01, 4.236998393026e-06, 2.1607e+02, 2.3885e+00, 
 1DIAGNOSTIC,    61, -8.766557574272e-01, 4.023510882689e-06, 2.1842e+02, 2.3501e+00, 
 1DIAGNOSTIC,    62, -8.766829967499e-01, 3.826465672319e-06, 2.2074e+02, 2.3177e+00, 
 1DIAGNOSTIC,    63, -8.767092823982e-01, 3.647757921499e-06, 2.2303e+02, 2.2909e+00, 
 1DIAGNOSTIC,    64, -8.767337203026e-01, 3.481728072074e-06, 2.2533e+02, 2.3001e+00, 
 1DIAGNOSTIC,    65, -8.767561316490e-01, 3.307619408588e-06, 2.2764e+02, 2.3129e+00, 
 1DIAGNOSTIC,    66, -8.767790794373e-01, 3.147744337184e-06, 2.2995e+02, 2.3098e+00, 
 1DIAGNOSTIC,    67, -8.768006563187e-01, 2.990963366756e-06, 2.3227e+02, 2.3132e+00, 
 1DIAGNOSTIC,    68, -8.768208026886e-01, 2.833753342202e-06, 2.3458e+02, 2.3139e+00, 
 1DIAGNOSTIC,    69, -8.768416643143e-01, 2.699028527786e-06, 2.3690e+02, 2.3181e+00, 
 1DIAGNOSTIC,    70, -8.768590092659e-01, 2.570448486949e-06, 2.3920e+02, 2.3001e+00, 
 1DIAGNOSTIC,    71, -8.768734335899e-01, 2.422302486593e-06, 2.4152e+02, 2.3162e+00, 
 1DIAGNOSTIC,    72, -8.768903017044e-01, 2.284999027324e-06, 2.4384e+02, 2.3272e+00, 
 1DIAGNOSTIC,    73, -8.769054412842e-01, 2.155697529815e-06, 2.4614e+02, 2.3010e+00, 
 1DIAGNOSTIC,    74, -8.769211769104e-01, 2.038372031166e-06, 2.4847e+02, 2.3228e+00, 
 1DIAGNOSTIC,    75, -8.769353032112e-01, 1.925347532961e-06, 2.5076e+02, 2.2982e+00, 
 1DIAGNOSTIC,    76, -8.769493103027e-01, 1.826996253840e-06, 2.5314e+02, 2.3761e+00, 
 1DIAGNOSTIC,    77, -8.769633769989e-01, 1.744092173794e-06, 2.5550e+02, 2.3631e+00, 
 1DIAGNOSTIC,    78, -8.769755363464e-01, 1.667327524046e-06, 2.5783e+02, 2.3214e+00, 
 1DIAGNOSTIC,    79, -8.769884705544e-01, 1.608511297491e-06, 2.6012e+02, 2.2955e+00, 
 1DIAGNOSTIC,    80, -8.770003318787e-01, 1.552227331558e-06, 2.6245e+02, 2.3295e+00, 
 1DIAGNOSTIC,    81, -8.770114183426e-01, 1.486783958171e-06, 2.6477e+02, 2.3201e+00, 
 1DIAGNOSTIC,    82, -8.770210742950e-01, 1.421234060217e-06, 2.6710e+02, 2.3281e+00, 
 1DIAGNOSTIC,    83, -8.770313262939e-01, 1.355742824671e-06, 2.6940e+02, 2.2998e+00, 
 1DIAGNOSTIC,    84, -8.770411610603e-01, 1.295658421441e-06, 2.7173e+02, 2.3295e+00, 
 1DIAGNOSTIC,    85, -8.770507574081e-01, 1.237918695551e-06, 2.7404e+02, 2.3139e+00, 
 1DIAGNOSTIC,    86, -8.770587444305e-01, 1.180097569886e-06, 2.7635e+02, 2.3039e+00, 
 1DIAGNOSTIC,    87, -8.770684003830e-01, 1.133251544161e-06, 2.7867e+02, 2.3239e+00, 
 1DIAGNOSTIC,    88, -8.770753741264e-01, 1.082823246179e-06, 2.8102e+02, 2.3533e+00, 
 1DIAGNOSTIC,    89, -8.770818710327e-01, 1.033921876115e-06, 2.8334e+02, 2.3179e+00, 
 1DIAGNOSTIC,    90, -8.770909309387e-01, 9.955521136362e-07, 2.8565e+02, 2.3095e+00, 
 1DIAGNOSTIC,    91, -8.770959973335e-01, 9.527254292152e-07, 2.8798e+02, 2.3292e+00, 
 1DIAGNOSTIC,    92, -8.771038055420e-01, 9.136514336205e-07, 2.9031e+02, 2.3347e+00, 
 1DIAGNOSTIC,    93, -8.771097660065e-01, 8.763988716964e-07, 2.9262e+02, 2.3025e+00, 
 1DIAGNOSTIC,    94, -8.771170973778e-01, 8.470091188428e-07, 2.9492e+02, 2.3024e+00, 
 1DIAGNOSTIC,    95, -8.771245479584e-01, 8.266949862445e-07, 2.9722e+02, 2.2993e+00, 
 1DIAGNOSTIC,    96, -8.771311044693e-01, 8.076067388174e-07, 2.9952e+02, 2.3032e+00, 
 1DIAGNOSTIC,    97, -8.771361708641e-01, 7.917801667645e-07, 3.0196e+02, 2.4384e+00, 
 1DIAGNOSTIC,    98, -8.771421909332e-01, 7.742052616777e-07, 3.0429e+02, 2.3289e+00, 
 1DIAGNOSTIC,    99, -8.771460056305e-01, 7.465488920388e-07, 3.0666e+02, 2.3714e+00, 
 1DIAGNOSTIC,   100, -8.771483898163e-01, 7.152446528380e-07, 3.0904e+02, 2.3840e+00, 
XXDIAGNOSTIC,Iteration,metricValue,convergenceValue,ITERATION_TIME_INDEX,SINCE_LAST
 1DIAGNOSTIC,     1, -7.303421497345e-01, inf, 3.2861e+02, 1.9563e+01, 
 1DIAGNOSTIC,     2, -7.320349216461e-01, inf, 3.4732e+02, 1.8713e+01, 
 1DIAGNOSTIC,     3, -7.338154911995e-01, inf, 3.6640e+02, 1.9080e+01, 
 1DIAGNOSTIC,     4, -7.355047464371e-01, inf, 3.8510e+02, 1.8697e+01, 
 1DIAGNOSTIC,     5, -7.370800971985e-01, inf, 4.0426e+02, 1.9161e+01, 
 1DIAGNOSTIC,     6, -7.385442852974e-01, inf, 4.2335e+02, 1.9097e+01, 
 1DIAGNOSTIC,     7, -7.399142384529e-01, inf, 4.4229e+02, 1.8935e+01, 
 1DIAGNOSTIC,     8, -7.411138415337e-01, inf, 4.6158e+02, 1.9291e+01, 
 1DIAGNOSTIC,     9, -7.422378063202e-01, inf, 4.8034e+02, 1.8755e+01, 
 1DIAGNOSTIC,    10, -7.432110905647e-01, 1.128911972046e-03, 5.0010e+02, 1.9767e+01, 
 1DIAGNOSTIC,    11, -7.441254258156e-01, 9.529107483104e-04, 5.1908e+02, 1.8979e+01, 
 1DIAGNOSTIC,    12, -7.449837923050e-01, 8.019839297049e-04, 5.3808e+02, 1.8998e+01, 
 1DIAGNOSTIC,    13, -7.457851171494e-01, 6.776851951145e-04, 5.5687e+02, 1.8786e+01, 
 1DIAGNOSTIC,    14, -7.465323209763e-01, 5.760125932284e-04, 5.7608e+02, 1.9213e+01, 
 1DIAGNOSTIC,    15, -7.472274303436e-01, 4.930524155498e-04, 5.9516e+02, 1.9084e+01, 
 1DIAGNOSTIC,    16, -7.478942871094e-01, 4.260132554919e-04, 6.1390e+02, 1.8735e+01, 
 1DIAGNOSTIC,    17, -7.485182285309e-01, 3.723325498868e-04, 6.3290e+02, 1.8999e+01, 
 1DIAGNOSTIC,    18, -7.491116523743e-01, 3.281309618615e-04, 6.5185e+02, 1.8954e+01, 
 1DIAGNOSTIC,    19, -7.496693134308e-01, 2.918954123743e-04, 6.7113e+02, 1.9277e+01, 
 1DIAGNOSTIC,    20, -7.501975893974e-01, 2.607456117403e-04, 6.8973e+02, 1.8604e+01, 
 1DIAGNOSTIC,    21, -7.506946325302e-01, 2.338497433811e-04, 7.0866e+02, 1.8930e+01, 
 1DIAGNOSTIC,    22, -7.511694431305e-01, 2.106222236762e-04, 7.2756e+02, 1.8903e+01, 
 1DIAGNOSTIC,    23, -7.516157627106e-01, 1.903454685817e-04, 7.4612e+02, 1.8555e+01, 
 1DIAGNOSTIC,    24, -7.520391941071e-01, 1.724762405502e-04, 7.6494e+02, 1.8819e+01, 
 1DIAGNOSTIC,    25, -7.524400949478e-01, 1.565163256600e-04, 7.8374e+02, 1.8799e+01, 
 1DIAGNOSTIC,    26, -7.528234720230e-01, 1.424301881343e-04, 8.0262e+02, 1.8883e+01, 
 1DIAGNOSTIC,    27, -7.531833052635e-01, 1.298283896176e-04, 8.2122e+02, 1.8600e+01, 
 1DIAGNOSTIC,    28, -7.535224556923e-01, 1.185512010125e-04, 8.3983e+02, 1.8606e+01, 
 1DIAGNOSTIC,    29, -7.538464069366e-01, 1.084220857592e-04, 8.5880e+02, 1.8973e+01, 
 1DIAGNOSTIC,    30, -7.541552782059e-01, 9.933368710335e-05, 8.7766e+02, 1.8864e+01, 
 1DIAGNOSTIC,    31, -7.544525265694e-01, 9.117587615037e-05, 8.9662e+02, 1.8956e+01, 
 1DIAGNOSTIC,    32, -7.547352313995e-01, 8.389636786887e-05, 9.1541e+02, 1.8797e+01, 
 1DIAGNOSTIC,    33, -7.550055384636e-01, 7.736730913166e-05, 9.3482e+02, 1.9406e+01, 
 1DIAGNOSTIC,    34, -7.552602887154e-01, 7.147224823711e-05, 9.5348e+02, 1.8661e+01, 
 1DIAGNOSTIC,    35, -7.555060386658e-01, 6.615834718104e-05, 9.7284e+02, 1.9355e+01, 
 1DIAGNOSTIC,    36, -7.557456493378e-01, 6.143945938675e-05, 9.9141e+02, 1.8576e+01, 
 1DIAGNOSTIC,    37, -7.559671998024e-01, 5.711489211535e-05, 1.0100e+03, 1.8589e+01, 
 1DIAGNOSTIC,    38, -7.561860084534e-01, 5.317772229319e-05, 1.0290e+03, 1.9029e+01, 
 1DIAGNOSTIC,    39, -7.563917040825e-01, 4.955400436302e-05, 1.0481e+03, 1.9057e+01, 
 1DIAGNOSTIC,    40, -7.565891742706e-01, 4.621505649993e-05, 1.0670e+03, 1.8929e+01, 
 1DIAGNOSTIC,    41, -7.567796707153e-01, 4.316903869039e-05, 1.0857e+03, 1.8641e+01, 
 1DIAGNOSTIC,    42, -7.569629549980e-01, 4.038243787363e-05, 1.1043e+03, 1.8665e+01, 
 1DIAGNOSTIC,    43, -7.571404576302e-01, 3.784690488828e-05, 1.1232e+03, 1.8916e+01, 
 1DIAGNOSTIC,    44, -7.573071122169e-01, 3.547008600435e-05, 1.1422e+03, 1.8944e+01, 
 1DIAGNOSTIC,    45, -7.574658393860e-01, 3.324487261125e-05, 1.1624e+03, 2.0266e+01, 
 1DIAGNOSTIC,    46, -7.576220631599e-01, 3.123040369246e-05, 1.1828e+03, 2.0328e+01, 
 1DIAGNOSTIC,    47, -7.577705979347e-01, 2.932631468866e-05, 1.2024e+03, 1.9592e+01, 
 1DIAGNOSTIC,    48, -7.579101324081e-01, 2.755402238108e-05, 1.2222e+03, 1.9790e+01, 
 1DIAGNOSTIC,    49, -7.580516338348e-01, 2.593284807517e-05, 1.2417e+03, 1.9523e+01, 
 1DIAGNOSTIC,    50, -7.581830620766e-01, 2.441523247398e-05, 1.2609e+03, 1.9194e+01, 
 1DIAGNOSTIC,    51, -7.583084106445e-01, 2.299501284142e-05, 1.2813e+03, 2.0411e+01, 
 1DIAGNOSTIC,    52, -7.584329247475e-01, 2.169892650272e-05, 1.3014e+03, 2.0157e+01, 
 1DIAGNOSTIC,    53, -7.585487365723e-01, 2.049885733868e-05, 1.3205e+03, 1.9012e+01, 
 1DIAGNOSTIC,    54, -7.586567401886e-01, 1.933586827363e-05, 1.3396e+03, 1.9135e+01, 
 1DIAGNOSTIC,    55, -7.587668895721e-01, 1.824381797633e-05, 1.3592e+03, 1.9564e+01, 
 1DIAGNOSTIC,    56, -7.588685154915e-01, 1.721507760521e-05, 1.3787e+03, 1.9513e+01, 
 1DIAGNOSTIC,    57, -7.589681744576e-01, 1.625159893592e-05, 1.3978e+03, 1.9114e+01, 
 1DIAGNOSTIC,    58, -7.590636610985e-01, 1.532662827231e-05, 1.4168e+03, 1.8998e+01, 
 1DIAGNOSTIC,    59, -7.591547966003e-01, 1.448664988857e-05, 1.4358e+03, 1.9004e+01, 
 1DIAGNOSTIC,    60, -7.592393755913e-01, 1.367867571389e-05, 1.4552e+03, 1.9380e+01, 
 1DIAGNOSTIC,    61, -7.593218684196e-01, 1.290478394367e-05, 1.4748e+03, 1.9664e+01, 
 1DIAGNOSTIC,    62, -7.594025135040e-01, 1.220073772856e-05, 1.4954e+03, 2.0542e+01, 
 1DIAGNOSTIC,    63, -7.594832777977e-01, 1.155997142632e-05, 1.5153e+03, 1.9946e+01, 
 1DIAGNOSTIC,    64, -7.595574855804e-01, 1.093669379770e-05, 1.5349e+03, 1.9542e+01, 
 1DIAGNOSTIC,    65, -7.596314549446e-01, 1.038623031491e-05, 1.5541e+03, 1.9245e+01, 
 1DIAGNOSTIC,    66, -7.597035169601e-01, 9.881799087452e-06, 1.5732e+03, 1.9117e+01, 
 1DIAGNOSTIC,    67, -7.597706913948e-01, 9.415651220479e-06, 1.5926e+03, 1.9371e+01, 
 1DIAGNOSTIC,    68, -7.598395347595e-01, 9.003604645841e-06, 1.6120e+03, 1.9417e+01, 
 1DIAGNOSTIC,    69, -7.598963379860e-01, 8.580404028180e-06, 1.6310e+03, 1.9022e+01, 
 1DIAGNOSTIC,    70, -7.599550485611e-01, 8.151499059750e-06, 1.6505e+03, 1.9438e+01, 
XXDIAGNOSTIC,Iteration,metricValue,convergenceValue,ITERATION_TIME_INDEX,SINCE_LAST
 1DIAGNOSTIC,     1, -4.453799724579e-01, inf, 1.8090e+03, 1.5856e+02, 
 1DIAGNOSTIC,     2, -4.472124576569e-01, inf, 1.9667e+03, 1.5767e+02, 
 1DIAGNOSTIC,     3, -4.492254257202e-01, inf, 2.1221e+03, 1.5540e+02, 
 1DIAGNOSTIC,     4, -4.515061974525e-01, inf, 2.2772e+03, 1.5507e+02, 
 1DIAGNOSTIC,     5, -4.533973336220e-01, inf, 2.4316e+03, 1.5440e+02, 
 1DIAGNOSTIC,     6, -4.551565945148e-01, inf, 2.5896e+03, 1.5802e+02, 
 1DIAGNOSTIC,     7, -4.568051099777e-01, inf, 2.7458e+03, 1.5619e+02, 
 1DIAGNOSTIC,     8, -4.582082033157e-01, inf, 2.9005e+03, 1.5479e+02, 
 1DIAGNOSTIC,     9, -4.595873951912e-01, inf, 3.0577e+03, 1.5719e+02, 
 1DIAGNOSTIC,    10, -4.611393511295e-01, 2.235561842099e-03, 3.2143e+03, 1.5660e+02, 
 1DIAGNOSTIC,    11, -4.624186754227e-01, 1.924510113895e-03, 3.3719e+03, 1.5760e+02, 
 1DIAGNOSTIC,    12, -4.637336134911e-01, 1.655637053773e-03, 3.5295e+03, 1.5755e+02, 
 1DIAGNOSTIC,    13, -4.649717509747e-01, 1.433181925677e-03, 3.6863e+03, 1.5683e+02, 
 1DIAGNOSTIC,    14, -4.660891294479e-01, 1.262401579879e-03, 3.8416e+03, 1.5525e+02, 
 1DIAGNOSTIC,    15, -4.671635031700e-01, 1.120974076912e-03, 3.9953e+03, 1.5375e+02, 
 1DIAGNOSTIC,    16, -4.681620001793e-01, 1.000469783321e-03, 4.1509e+03, 1.5562e+02, 
 1DIAGNOSTIC,    17, -4.691056013107e-01, 8.959975093603e-04, 4.3048e+03, 1.5385e+02, 
 1DIAGNOSTIC,    18, -4.698676764965e-01, 7.942916708998e-04, 4.4615e+03, 1.5667e+02, 
 1DIAGNOSTIC,    19, -4.707246422768e-01, 7.018734468147e-04, 4.6184e+03, 1.5699e+02, 
 1DIAGNOSTIC,    20, -4.714220762253e-01, 6.224534590729e-04, 4.7740e+03, 1.5551e+02, 
  Elapsed time (stage 2): 4776


Total elapsed time: 4806
Using single precision for computations.
Input scalar image: /home/mpib/nemecz/Projects/miniTRK/Results/01_MRI/GroupTempl/T1w/T_template0sub-991905_T1wRepaired.nii.gz
Reference image: /home/mpib/nemecz/Projects/miniTRK/Results/01_MRI/GroupTempl/T1w/T_template0.nii.gz
=============================================================================
The composite transform comprises the following transforms (in order): 
  1. /home/mpib/nemecz/Projects/miniTRK/Results/01_MRI/GroupTempl/T1w/T_sub-991905_T1w380GenericAffine.mat (type = AffineTransform)
  2. /home/mpib/nemecz/Projects/miniTRK/Results/01_MRI/GroupTempl/T1w/T_sub-991905_T1w381Warp.nii.gz (type = DisplacementFieldTransform)
=============================================================================
Default pixel value: 0
Interpolation type: LinearInterpolateImageFunction
Output warped image: /home/mpib/nemecz/Projects/miniTRK/Results/01_MRI/GroupTempl/T1w/T_template0sub-991905_T1w38WarpedToTemplate.nii.gz
