
Running N4 for 3-dimensional images.

Mask not read.  Using the entire image as the mask.

Original intensity range:  [0, 796]

***********************************************************
Warning:  Your input image contains nonpositive values
which could cause failure or problematic results.  A
possible workaround would be to:
   1. rescale your image to positive values e.g., [10,100].
   2. run N4 on your rescaled image.
   3. (optional) rescale the N4 output to the original
      intensity range.
***********************************************************

Specified spline distance: 200mm
  original image size:  [192, 256, 256]
  padded image size:  [201, 401, 401]
  number of control points:  [4, 5, 5]

Current level = 1
  Iteration 1 (of 50).   Current convergence value = 0.000504197 (threshold = 1e-08)
  Iteration 2 (of 50).   Current convergence value = 0.000342305 (threshold = 1e-08)
  Iteration 3 (of 50).   Current convergence value = 0.000232119 (threshold = 1e-08)
  Iteration 4 (of 50).   Current convergence value = 0.000160439 (threshold = 1e-08)
  Iteration 5 (of 50).   Current convergence value = 0.000117683 (threshold = 1e-08)
  Iteration 6 (of 50).   Current convergence value = 9.60244e-05 (threshold = 1e-08)
  Iteration 7 (of 50).   Current convergence value = 8.90548e-05 (threshold = 1e-08)
  Iteration 8 (of 50).   Current convergence value = 8.97341e-05 (threshold = 1e-08)
  Iteration 9 (of 50).   Current convergence value = 9.28211e-05 (threshold = 1e-08)
  Iteration 10 (of 50).   Current convergence value = 9.62416e-05 (threshold = 1e-08)
  Iteration 11 (of 50).   Current convergence value = 9.91049e-05 (threshold = 1e-08)
  Iteration 12 (of 50).   Current convergence value = 0.000101075 (threshold = 1e-08)
  Iteration 13 (of 50).   Current convergence value = 0.000102367 (threshold = 1e-08)
  Iteration 14 (of 50).   Current convergence value = 0.000103062 (threshold = 1e-08)
  Iteration 15 (of 50).   Current convergence value = 0.000103338 (threshold = 1e-08)
  Iteration 16 (of 50).   Current convergence value = 0.000103215 (threshold = 1e-08)
  Iteration 17 (of 50).   Current convergence value = 0.000103008 (threshold = 1e-08)
  Iteration 18 (of 50).   Current convergence value = 0.000102429 (threshold = 1e-08)
  Iteration 19 (of 50).   Current convergence value = 0.000101837 (threshold = 1e-08)
  Iteration 20 (of 50).   Current convergence value = 0.000101164 (threshold = 1e-08)
  Iteration 21 (of 50).   Current convergence value = 0.000100344 (threshold = 1e-08)
  Iteration 22 (of 50).   Current convergence value = 9.87818e-05 (threshold = 1e-08)
  Iteration 23 (of 50).   Current convergence value = 9.71329e-05 (threshold = 1e-08)
  Iteration 24 (of 50).   Current convergence value = 9.56447e-05 (threshold = 1e-08)
  Iteration 25 (of 50).   Current convergence value = 9.43477e-05 (threshold = 1e-08)
  Iteration 26 (of 50).   Current convergence value = 9.31477e-05 (threshold = 1e-08)
  Iteration 27 (of 50).   Current convergence value = 9.18254e-05 (threshold = 1e-08)
  Iteration 28 (of 50).   Current convergence value = 9.06301e-05 (threshold = 1e-08)
  Iteration 29 (of 50).   Current convergence value = 8.9569e-05 (threshold = 1e-08)
  Iteration 30 (of 50).   Current convergence value = 8.84587e-05 (threshold = 1e-08)
  Iteration 31 (of 50).   Current convergence value = 8.73578e-05 (threshold = 1e-08)
  Iteration 32 (of 50).   Current convergence value = 8.63671e-05 (threshold = 1e-08)
  Iteration 33 (of 50).   Current convergence value = 8.54695e-05 (threshold = 1e-08)
  Iteration 34 (of 50).   Current convergence value = 8.45423e-05 (threshold = 1e-08)
  Iteration 35 (of 50).   Current convergence value = 8.35438e-05 (threshold = 1e-08)
  Iteration 36 (of 50).   Current convergence value = 8.25982e-05 (threshold = 1e-08)
  Iteration 37 (of 50).   Current convergence value = 8.18839e-05 (threshold = 1e-08)
  Iteration 38 (of 50).   Current convergence value = 8.09699e-05 (threshold = 1e-08)
  Iteration 39 (of 50).   Current convergence value = 8.00129e-05 (threshold = 1e-08)
  Iteration 40 (of 50).   Current convergence value = 7.90797e-05 (threshold = 1e-08)
  Iteration 41 (of 50).   Current convergence value = 7.84499e-05 (threshold = 1e-08)
  Iteration 42 (of 50).   Current convergence value = 7.75603e-05 (threshold = 1e-08)
  Iteration 43 (of 50).   Current convergence value = 7.66348e-05 (threshold = 1e-08)
  Iteration 44 (of 50).   Current convergence value = 7.58892e-05 (threshold = 1e-08)
  Iteration 45 (of 50).   Current convergence value = 7.51741e-05 (threshold = 1e-08)
  Iteration 46 (of 50).   Current convergence value = 7.45345e-05 (threshold = 1e-08)
  Iteration 47 (of 50).   Current convergence value = 7.37496e-05 (threshold = 1e-08)
  Iteration 48 (of 50).   Current convergence value = 7.28434e-05 (threshold = 1e-08)
  Iteration 49 (of 50).   Current convergence value = 7.21488e-05 (threshold = 1e-08)
  Iteration 50 (of 50).   Current convergence value = 7.14328e-05 (threshold = 1e-08)
Current level = 2
  Iteration 1 (of 50).   Current convergence value = 0.000432535 (threshold = 1e-08)
  Iteration 2 (of 50).   Current convergence value = 0.000358402 (threshold = 1e-08)
  Iteration 3 (of 50).   Current convergence value = 0.000309099 (threshold = 1e-08)
  Iteration 4 (of 50).   Current convergence value = 0.000267265 (threshold = 1e-08)
  Iteration 5 (of 50).   Current convergence value = 0.00023283 (threshold = 1e-08)
  Iteration 6 (of 50).   Current convergence value = 0.000204995 (threshold = 1e-08)
  Iteration 7 (of 50).   Current convergence value = 0.000184317 (threshold = 1e-08)
  Iteration 8 (of 50).   Current convergence value = 0.000172576 (threshold = 1e-08)
  Iteration 9 (of 50).   Current convergence value = 0.000156446 (threshold = 1e-08)
  Iteration 10 (of 50).   Current convergence value = 0.000142614 (threshold = 1e-08)
  Iteration 11 (of 50).   Current convergence value = 0.000130606 (threshold = 1e-08)
  Iteration 12 (of 50).   Current convergence value = 0.000120366 (threshold = 1e-08)
  Iteration 13 (of 50).   Current convergence value = 0.000111566 (threshold = 1e-08)
  Iteration 14 (of 50).   Current convergence value = 0.000104319 (threshold = 1e-08)
  Iteration 15 (of 50).   Current convergence value = 9.78386e-05 (threshold = 1e-08)
  Iteration 16 (of 50).   Current convergence value = 9.19648e-05 (threshold = 1e-08)
  Iteration 17 (of 50).   Current convergence value = 8.6939e-05 (threshold = 1e-08)
  Iteration 18 (of 50).   Current convergence value = 8.45715e-05 (threshold = 1e-08)
  Iteration 19 (of 50).   Current convergence value = 8.53276e-05 (threshold = 1e-08)
  Iteration 20 (of 50).   Current convergence value = 8.67334e-05 (threshold = 1e-08)
  Iteration 21 (of 50).   Current convergence value = 8.82761e-05 (threshold = 1e-08)
  Iteration 22 (of 50).   Current convergence value = 8.99242e-05 (threshold = 1e-08)
  Iteration 23 (of 50).   Current convergence value = 9.16644e-05 (threshold = 1e-08)
  Iteration 24 (of 50).   Current convergence value = 9.35808e-05 (threshold = 1e-08)
  Iteration 25 (of 50).   Current convergence value = 9.50713e-05 (threshold = 1e-08)
  Iteration 26 (of 50).   Current convergence value = 9.67611e-05 (threshold = 1e-08)
  Iteration 27 (of 50).   Current convergence value = 9.83088e-05 (threshold = 1e-08)
  Iteration 28 (of 50).   Current convergence value = 9.96843e-05 (threshold = 1e-08)
  Iteration 29 (of 50).   Current convergence value = 0.000101003 (threshold = 1e-08)
  Iteration 30 (of 50).   Current convergence value = 0.000102262 (threshold = 1e-08)
  Iteration 31 (of 50).   Current convergence value = 0.000103265 (threshold = 1e-08)
  Iteration 32 (of 50).   Current convergence value = 0.000104221 (threshold = 1e-08)
  Iteration 33 (of 50).   Current convergence value = 0.000105158 (threshold = 1e-08)
  Iteration 34 (of 50).   Current convergence value = 0.000106001 (threshold = 1e-08)
  Iteration 35 (of 50).   Current convergence value = 0.000106781 (threshold = 1e-08)
  Iteration 36 (of 50).   Current convergence value = 0.000107528 (threshold = 1e-08)
  Iteration 37 (of 50).   Current convergence value = 0.000108283 (threshold = 1e-08)
  Iteration 38 (of 50).   Current convergence value = 0.000108659 (threshold = 1e-08)
  Iteration 39 (of 50).   Current convergence value = 0.000109273 (threshold = 1e-08)
  Iteration 40 (of 50).   Current convergence value = 0.000109684 (threshold = 1e-08)
  Iteration 41 (of 50).   Current convergence value = 0.000110141 (threshold = 1e-08)
  Iteration 42 (of 50).   Current convergence value = 0.000110441 (threshold = 1e-08)
  Iteration 43 (of 50).   Current convergence value = 0.000110849 (threshold = 1e-08)
  Iteration 44 (of 50).   Current convergence value = 0.000110908 (threshold = 1e-08)
  Iteration 45 (of 50).   Current convergence value = 0.000111038 (threshold = 1e-08)
  Iteration 46 (of 50).   Current convergence value = 0.000111279 (threshold = 1e-08)
  Iteration 47 (of 50).   Current convergence value = 0.000111228 (threshold = 1e-08)
  Iteration 48 (of 50).   Current convergence value = 0.000111364 (threshold = 1e-08)
  Iteration 49 (of 50).   Current convergence value = 0.000111278 (threshold = 1e-08)
  Iteration 50 (of 50).   Current convergence value = 0.000111087 (threshold = 1e-08)
Current level = 3
  Iteration 1 (of 40).   Current convergence value = 0.00100649 (threshold = 1e-08)
  Iteration 2 (of 40).   Current convergence value = 0.000862841 (threshold = 1e-08)
  Iteration 3 (of 40).   Current convergence value = 0.000769258 (threshold = 1e-08)
  Iteration 4 (of 40).   Current convergence value = 0.000687994 (threshold = 1e-08)
  Iteration 5 (of 40).   Current convergence value = 0.000634782 (threshold = 1e-08)
  Iteration 6 (of 40).   Current convergence value = 0.000602409 (threshold = 1e-08)
  Iteration 7 (of 40).   Current convergence value = 0.000577405 (threshold = 1e-08)
  Iteration 8 (of 40).   Current convergence value = 0.000557547 (threshold = 1e-08)
  Iteration 9 (of 40).   Current convergence value = 0.000539469 (threshold = 1e-08)
  Iteration 10 (of 40).   Current convergence value = 0.000521718 (threshold = 1e-08)
  Iteration 11 (of 40).   Current convergence value = 0.000505956 (threshold = 1e-08)
  Iteration 12 (of 40).   Current convergence value = 0.0004915 (threshold = 1e-08)
  Iteration 13 (of 40).   Current convergence value = 0.000478474 (threshold = 1e-08)
  Iteration 14 (of 40).   Current convergence value = 0.000466192 (threshold = 1e-08)
  Iteration 15 (of 40).   Current convergence value = 0.000455465 (threshold = 1e-08)
  Iteration 16 (of 40).   Current convergence value = 0.00044557 (threshold = 1e-08)
  Iteration 17 (of 40).   Current convergence value = 0.000436319 (threshold = 1e-08)
  Iteration 18 (of 40).   Current convergence value = 0.000427445 (threshold = 1e-08)
  Iteration 19 (of 40).   Current convergence value = 0.000418983 (threshold = 1e-08)
  Iteration 20 (of 40).   Current convergence value = 0.000411365 (threshold = 1e-08)
  Iteration 21 (of 40).   Current convergence value = 0.000403949 (threshold = 1e-08)
  Iteration 22 (of 40).   Current convergence value = 0.000397217 (threshold = 1e-08)
  Iteration 23 (of 40).   Current convergence value = 0.000390236 (threshold = 1e-08)
  Iteration 24 (of 40).   Current convergence value = 0.000383644 (threshold = 1e-08)
  Iteration 25 (of 40).   Current convergence value = 0.000377269 (threshold = 1e-08)
  Iteration 26 (of 40).   Current convergence value = 0.000371164 (threshold = 1e-08)
  Iteration 27 (of 40).   Current convergence value = 0.000365144 (threshold = 1e-08)
  Iteration 28 (of 40).   Current convergence value = 0.00035914 (threshold = 1e-08)
  Iteration 29 (of 40).   Current convergence value = 0.00035342 (threshold = 1e-08)
  Iteration 30 (of 40).   Current convergence value = 0.000347837 (threshold = 1e-08)
  Iteration 31 (of 40).   Current convergence value = 0.00034252 (threshold = 1e-08)
  Iteration 32 (of 40).   Current convergence value = 0.00033734 (threshold = 1e-08)
  Iteration 33 (of 40).   Current convergence value = 0.000332148 (threshold = 1e-08)
  Iteration 34 (of 40).   Current convergence value = 0.000327058 (threshold = 1e-08)
  Iteration 35 (of 40).   Current convergence value = 0.000322073 (threshold = 1e-08)
  Iteration 36 (of 40).   Current convergence value = 0.000317181 (threshold = 1e-08)
  Iteration 37 (of 40).   Current convergence value = 0.000312293 (threshold = 1e-08)
  Iteration 38 (of 40).   Current convergence value = 0.000307493 (threshold = 1e-08)
  Iteration 39 (of 40).   Current convergence value = 0.00030275 (threshold = 1e-08)
  Iteration 40 (of 40).   Current convergence value = 0.000298066 (threshold = 1e-08)
Current level = 4
  Iteration 1 (of 30).   Current convergence value = 0.00200145 (threshold = 1e-08)
  Iteration 2 (of 30).   Current convergence value = 0.00175899 (threshold = 1e-08)
  Iteration 3 (of 30).   Current convergence value = 0.00168431 (threshold = 1e-08)
  Iteration 4 (of 30).   Current convergence value = 0.00162652 (threshold = 1e-08)
  Iteration 5 (of 30).   Current convergence value = 0.0015681 (threshold = 1e-08)
  Iteration 6 (of 30).   Current convergence value = 0.0015064 (threshold = 1e-08)
  Iteration 7 (of 30).   Current convergence value = 0.00141377 (threshold = 1e-08)
  Iteration 8 (of 30).   Current convergence value = 0.00133204 (threshold = 1e-08)
  Iteration 9 (of 30).   Current convergence value = 0.00126576 (threshold = 1e-08)
  Iteration 10 (of 30).   Current convergence value = 0.00121022 (threshold = 1e-08)
  Iteration 11 (of 30).   Current convergence value = 0.00116159 (threshold = 1e-08)
  Iteration 12 (of 30).   Current convergence value = 0.00111909 (threshold = 1e-08)
  Iteration 13 (of 30).   Current convergence value = 0.00107941 (threshold = 1e-08)
  Iteration 14 (of 30).   Current convergence value = 0.00104241 (threshold = 1e-08)
  Iteration 15 (of 30).   Current convergence value = 0.00100718 (threshold = 1e-08)
  Iteration 16 (of 30).   Current convergence value = 0.000973836 (threshold = 1e-08)
  Iteration 17 (of 30).   Current convergence value = 0.000941739 (threshold = 1e-08)
  Iteration 18 (of 30).   Current convergence value = 0.000910101 (threshold = 1e-08)
  Iteration 19 (of 30).   Current convergence value = 0.000879351 (threshold = 1e-08)
  Iteration 20 (of 30).   Current convergence value = 0.000848575 (threshold = 1e-08)
  Iteration 21 (of 30).   Current convergence value = 0.000818261 (threshold = 1e-08)
  Iteration 22 (of 30).   Current convergence value = 0.000789201 (threshold = 1e-08)
  Iteration 23 (of 30).   Current convergence value = 0.000760445 (threshold = 1e-08)
  Iteration 24 (of 30).   Current convergence value = 0.000732287 (threshold = 1e-08)
  Iteration 25 (of 30).   Current convergence value = 0.000705078 (threshold = 1e-08)
  Iteration 26 (of 30).   Current convergence value = 0.000678988 (threshold = 1e-08)
  Iteration 27 (of 30).   Current convergence value = 0.000655362 (threshold = 1e-08)
  Iteration 28 (of 30).   Current convergence value = 0.000633007 (threshold = 1e-08)
  Iteration 29 (of 30).   Current convergence value = 0.000610976 (threshold = 1e-08)
  Iteration 30 (of 30).   Current convergence value = 0.000589546 (threshold = 1e-08)
   N4BiasFieldCorrectionImageFilter (0x55c12cb17e20)
     RTTI typeinfo:   itk::N4BiasFieldCorrectionImageFilter<itk::Image<float, 3u>, itk::Image<float, 3u>, itk::Image<float, 3u> >
     Reference Count: 1
     Modified Time: 565
     Debug: Off
     Object Name: 
     Observers: 
       IterationEvent(Command)
     Inputs: 
       ConfidenceImage: (0)
       MaskImage: (0x55c12cb425e0)
       Primary: (0x55c12cb3db30) *
     Indexed Inputs: 
       0: Primary (0x55c12cb3db30)
       1: MaskImage (0x55c12cb425e0)
       2: ConfidenceImage (0)
     Required Input Names: Primary
     NumberOfRequiredInputs: 1
     Outputs: 
       Primary: (0x55c12cb27ef0)
     Indexed Outputs: 
       0: Primary (0x55c12cb27ef0)
     NumberOfRequiredOutputs: 1
     Number Of Work Units: 32
     ReleaseDataFlag: Off
     ReleaseDataBeforeUpdateFlag: Off
     AbortGenerateData: Off
     Progress: 0
     Multithreader: 
       RTTI typeinfo:   itk::PoolMultiThreader
       Reference Count: 1
       Modified Time: 144
       Debug: Off
       Object Name: 
       Observers: 
         none
       Number of Work Units: 32
       Number of Threads: 8
       Global Maximum Number Of Threads: 128
       Global Default Number Of Threads: 8
       Global Default Threader Type: itk::MultiThreaderBaseEnums::Threader::Pool
       SingleMethod: 0
       SingleData: 0
     DynamicMultiThreading: On
     CoordinateTolerance: 1e-06
     DirectionTolerance: 1e-06
     Use Mask Label: 0
     Mask label: 1
     Number of histogram bins: 200
     Wiener filter noise: 0.01
     Bias field FWHM: 0.15
     Maximum number of iterations: [50, 50, 40, 30]
     Convergence threshold: 1e-08
     Spline order: 3
     Number of fitting levels: [4, 4, 4]
     Number of control points: [4, 5, 5]
     CurrentConvergenceMeasurement: 0.000589546
     CurrentLevel: 4
     ElapsedIterations: 31
     LogBiasFieldControlPointLattice: 
       Image (0x55c1336296d0)
         RTTI typeinfo:   itk::Image<itk::Vector<float, 1u>, 3u>
         Reference Count: 1
         Modified Time: 343560
         Debug: Off
         Object Name: 
         Observers: 
           none
         Source: (none)
         Source output name: (none)
         Release Data: Off
         Data Released: False
         Global Release Data: Off
         PipelineMTime: 0
         UpdateMTime: 0
         RealTimeStamp: 0 seconds 
         LargestPossibleRegion: 
           Dimension: 3
           Index: [0, 0, 0]
           Size: [11, 19, 19]
         BufferedRegion: 
           Dimension: 3
           Index: [0, 0, 0]
           Size: [11, 19, 19]
         RequestedRegion: 
           Dimension: 3
           Index: [0, 0, 0]
           Size: [11, 19, 19]
         Spacing: [24.75, 24.875, 24.875]
         Origin: [26.2705, 17.606, -29.1545]
         Direction: 
-0.998965 -0.0227992 -0.0393569
0.012314 -0.968549 0.248518
-0.0437851 0.247776 0.967827

         IndexToPointMatrix: 
-24.7244 -0.56713 -0.979003
0.304771 -24.0927 6.18189
-1.08368 6.16343 24.0747

         PointToIndexMatrix: 
-0.0403622 0.000497535 -0.0017691
-0.000916551 -0.0389366 0.00996085
-0.00158219 0.00999067 0.0389076

         Inverse Direction: 
-0.998965 0.012314 -0.0437851
-0.0227992 -0.968549 0.247776
-0.0393569 0.248518 0.967827

         PixelContainer: 
           ImportImageContainer (0x55c138abae00)
             RTTI typeinfo:   itk::ImportImageContainer<unsigned long, itk::Vector<float, 1u> >
             Reference Count: 1
             Modified Time: 343561
             Debug: Off
             Object Name: 
             Observers: 
               none
             Pointer: 0x55c136cb7310
             Container manages memory: true
             Size: 3971
             Capacity: 3971
Elapsed time: 267.8
All_Command_lines_OK
Using single precision for computations.
=============================================================================
The composite transform comprises the following transforms (in order): 
  1. Center of mass alignment using fixed image: /home/mpib/nemecz/Projects/miniTRK/Results/01_MRI/GroupTempl/T1w/T_template0.nii.gz and moving image: /home/mpib/nemecz/Projects/miniTRK/Analysis/01_MRI/Preproc/GroupTempl/T1w/sub-940925_T1w.nii.gz (type = Euler3DTransform)
=============================================================================
  number of levels = 4
  number of levels = 4
  number of levels = 4
  fixed image: /home/mpib/nemecz/Projects/miniTRK/Results/01_MRI/GroupTempl/T1w/T_template0.nii.gz
  moving image: /home/mpib/nemecz/Projects/miniTRK/Results/01_MRI/GroupTempl/T1w/T_template0sub-940925_T1wRepaired.nii.gz
  fixed image: /home/mpib/nemecz/Projects/miniTRK/Results/01_MRI/GroupTempl/T1w/T_template0.nii.gz
  moving image: /home/mpib/nemecz/Projects/miniTRK/Results/01_MRI/GroupTempl/T1w/T_template0sub-940925_T1wRepaired.nii.gz
  fixed image: /home/mpib/nemecz/Projects/miniTRK/Results/01_MRI/GroupTempl/T1w/T_template0.nii.gz
  moving image: /home/mpib/nemecz/Projects/miniTRK/Results/01_MRI/GroupTempl/T1w/T_template0sub-940925_T1wRepaired.nii.gz
Dimension = 3
Number of stages = 3
Use Histogram Matching true
Winsorize image intensities true
Lower quantile = 0.01
Upper quantile = 0.99
Stage 1 State
   Image metric = Mattes
     Fixed image = Image (0x55ca2b00bad0)
  RTTI typeinfo:   itk::Image<float, 3u>
  Reference Count: 2
  Modified Time: 1721
  Debug: Off
  Object Name: 
  Observers: 
    none
  Source: (none)
  Source output name: (none)
  Release Data: Off
  Data Released: False
  Global Release Data: Off
  PipelineMTime: 0
  UpdateMTime: 1506
  RealTimeStamp: 0 seconds 
  LargestPossibleRegion: 
    Dimension: 3
    Index: [0, 0, 0]
    Size: [192, 256, 256]
  BufferedRegion: 
    Dimension: 3
    Index: [0, 0, 0]
    Size: [192, 256, 256]
  RequestedRegion: 
    Dimension: 3
    Index: [0, 0, 0]
    Size: [192, 256, 256]
  Spacing: [1, 1, 1]
  Origin: [95.0313, 100.538, -154.123]
  Direction: 
-0.999853 -0.014134 -0.00966312
0.014129 -0.9999 0.000586045
-0.00967044 0.000449429 0.999953

  IndexToPointMatrix: 
-0.999853 -0.014134 -0.00966312
0.014129 -0.9999 0.000586045
-0.00967044 0.000449429 0.999953

  PointToIndexMatrix: 
-0.999853 0.014129 -0.00967044
-0.014134 -0.9999 0.000449429
-0.00966312 0.000586045 0.999953

  Inverse Direction: 
-0.999853 0.014129 -0.00967044
-0.014134 -0.9999 0.000449429
-0.00966312 0.000586045 0.999953

  PixelContainer: 
    ImportImageContainer (0x55ca2b013c80)
      RTTI typeinfo:   itk::ImportImageContainer<unsigned long, float>
      Reference Count: 1
      Modified Time: 1503
      Debug: Off
      Object Name: 
      Observers: 
        none
      Pointer: 0x7f3460216010
      Container manages memory: true
      Size: 12582912
      Capacity: 12582912

     Moving image = Image (0x55ca2b00cbc0)
  RTTI typeinfo:   itk::Image<float, 3u>
  Reference Count: 2
  Modified Time: 1722
  Debug: Off
  Object Name: 
  Observers: 
    none
  Source: (none)
  Source output name: (none)
  Release Data: Off
  Data Released: False
  Global Release Data: Off
  PipelineMTime: 0
  UpdateMTime: 1719
  RealTimeStamp: 0 seconds 
  LargestPossibleRegion: 
    Dimension: 3
    Index: [0, 0, 0]
    Size: [192, 256, 256]
  BufferedRegion: 
    Dimension: 3
    Index: [0, 0, 0]
    Size: [192, 256, 256]
  RequestedRegion: 
    Dimension: 3
    Index: [0, 0, 0]
    Size: [192, 256, 256]
  Spacing: [1, 1, 1]
  Origin: [101.939, 55.8649, -183.884]
  Direction: 
-0.998965 -0.0227992 -0.0393569
0.012314 -0.968549 0.248518
-0.0437851 0.247776 0.967827

  IndexToPointMatrix: 
-0.998965 -0.0227992 -0.0393569
0.012314 -0.968549 0.248518
-0.0437851 0.247776 0.967827

  PointToIndexMatrix: 
-0.998965 0.012314 -0.0437851
-0.0227992 -0.968549 0.247776
-0.0393569 0.248518 0.967827

  Inverse Direction: 
-0.998965 0.012314 -0.0437851
-0.0227992 -0.968549 0.247776
-0.0393569 0.248518 0.967827

  PixelContainer: 
    ImportImageContainer (0x55ca2b018100)
      RTTI typeinfo:   itk::ImportImageContainer<unsigned long, float>
      Reference Count: 1
      Modified Time: 1716
      Debug: Off
      Object Name: 
      Observers: 
        none
      Pointer: 0x7f345d215010
      Container manages memory: true
      Size: 12582912
      Capacity: 12582912

     Weighting = 1
     Sampling strategy = regular
     Number of bins = 32
     Radius = 4
     Sampling percentage  = 0.25
   Transform = Rigid
     Gradient step = 0.1
     Update field sigma (voxel space) = 0
     Total field sigma (voxel space) = 0
     Update field time sigma = 0
     Total field time sigma  = 0
     Number of time indices = 0
     Number of time point samples = 0
Stage 2 State
   Image metric = Mattes
     Fixed image = Image (0x55ca2b024870)
  RTTI typeinfo:   itk::Image<float, 3u>
  Reference Count: 2
  Modified Time: 2149
  Debug: Off
  Object Name: 
  Observers: 
    none
  Source: (none)
  Source output name: (none)
  Release Data: Off
  Data Released: False
  Global Release Data: Off
  PipelineMTime: 0
  UpdateMTime: 1934
  RealTimeStamp: 0 seconds 
  LargestPossibleRegion: 
    Dimension: 3
    Index: [0, 0, 0]
    Size: [192, 256, 256]
  BufferedRegion: 
    Dimension: 3
    Index: [0, 0, 0]
    Size: [192, 256, 256]
  RequestedRegion: 
    Dimension: 3
    Index: [0, 0, 0]
    Size: [192, 256, 256]
  Spacing: [1, 1, 1]
  Origin: [95.0313, 100.538, -154.123]
  Direction: 
-0.999853 -0.014134 -0.00966312
0.014129 -0.9999 0.000586045
-0.00967044 0.000449429 0.999953

  IndexToPointMatrix: 
-0.999853 -0.014134 -0.00966312
0.014129 -0.9999 0.000586045
-0.00967044 0.000449429 0.999953

  PointToIndexMatrix: 
-0.999853 0.014129 -0.00967044
-0.014134 -0.9999 0.000449429
-0.00966312 0.000586045 0.999953

  Inverse Direction: 
-0.999853 0.014129 -0.00967044
-0.014134 -0.9999 0.000449429
-0.00966312 0.000586045 0.999953

  PixelContainer: 
    ImportImageContainer (0x55ca2b00f6d0)
      RTTI typeinfo:   itk::ImportImageContainer<unsigned long, float>
      Reference Count: 1
      Modified Time: 1931
      Debug: Off
      Object Name: 
      Observers: 
        none
      Pointer: 0x7f345a214010
      Container manages memory: true
      Size: 12582912
      Capacity: 12582912

     Moving image = Image (0x55ca2b0244c0)
  RTTI typeinfo:   itk::Image<float, 3u>
  Reference Count: 2
  Modified Time: 2150
  Debug: Off
  Object Name: 
  Observers: 
    none
  Source: (none)
  Source output name: (none)
  Release Data: Off
  Data Released: False
  Global Release Data: Off
  PipelineMTime: 0
  UpdateMTime: 2147
  RealTimeStamp: 0 seconds 
  LargestPossibleRegion: 
    Dimension: 3
    Index: [0, 0, 0]
    Size: [192, 256, 256]
  BufferedRegion: 
    Dimension: 3
    Index: [0, 0, 0]
    Size: [192, 256, 256]
  RequestedRegion: 
    Dimension: 3
    Index: [0, 0, 0]
    Size: [192, 256, 256]
  Spacing: [1, 1, 1]
  Origin: [101.939, 55.8649, -183.884]
  Direction: 
-0.998965 -0.0227992 -0.0393569
0.012314 -0.968549 0.248518
-0.0437851 0.247776 0.967827

  IndexToPointMatrix: 
-0.998965 -0.0227992 -0.0393569
0.012314 -0.968549 0.248518
-0.0437851 0.247776 0.967827

  PointToIndexMatrix: 
-0.998965 0.012314 -0.0437851
-0.0227992 -0.968549 0.247776
-0.0393569 0.248518 0.967827

  Inverse Direction: 
-0.998965 0.012314 -0.0437851
-0.0227992 -0.968549 0.247776
-0.0393569 0.248518 0.967827

  PixelContainer: 
    ImportImageContainer (0x55ca2b0258c0)
      RTTI typeinfo:   itk::ImportImageContainer<unsigned long, float>
      Reference Count: 1
      Modified Time: 2144
      Debug: Off
      Object Name: 
      Observers: 
        none
      Pointer: 0x7f3457213010
      Container manages memory: true
      Size: 12582912
      Capacity: 12582912

     Weighting = 1
     Sampling strategy = regular
     Number of bins = 32
     Radius = 4
     Sampling percentage  = 0.25
   Transform = Affine
     Gradient step = 0.1
     Update field sigma (voxel space) = 0
     Total field sigma (voxel space) = 0
     Update field time sigma = 0
     Total field time sigma  = 0
     Number of time indices = 0
     Number of time point samples = 0
Stage 3 State
   Image metric = CC
     Fixed image = Image (0x55ca2b02b960)
  RTTI typeinfo:   itk::Image<float, 3u>
  Reference Count: 2
  Modified Time: 2577
  Debug: Off
  Object Name: 
  Observers: 
    none
  Source: (none)
  Source output name: (none)
  Release Data: Off
  Data Released: False
  Global Release Data: Off
  PipelineMTime: 0
  UpdateMTime: 2362
  RealTimeStamp: 0 seconds 
  LargestPossibleRegion: 
    Dimension: 3
    Index: [0, 0, 0]
    Size: [192, 256, 256]
  BufferedRegion: 
    Dimension: 3
    Index: [0, 0, 0]
    Size: [192, 256, 256]
  RequestedRegion: 
    Dimension: 3
    Index: [0, 0, 0]
    Size: [192, 256, 256]
  Spacing: [1, 1, 1]
  Origin: [95.0313, 100.538, -154.123]
  Direction: 
-0.999853 -0.014134 -0.00966312
0.014129 -0.9999 0.000586045
-0.00967044 0.000449429 0.999953

  IndexToPointMatrix: 
-0.999853 -0.014134 -0.00966312
0.014129 -0.9999 0.000586045
-0.00967044 0.000449429 0.999953

  PointToIndexMatrix: 
-0.999853 0.014129 -0.00967044
-0.014134 -0.9999 0.000449429
-0.00966312 0.000586045 0.999953

  Inverse Direction: 
-0.999853 0.014129 -0.00967044
-0.014134 -0.9999 0.000449429
-0.00966312 0.000586045 0.999953

  PixelContainer: 
    ImportImageContainer (0x55ca2b00c660)
      RTTI typeinfo:   itk::ImportImageContainer<unsigned long, float>
      Reference Count: 1
      Modified Time: 2359
      Debug: Off
      Object Name: 
      Observers: 
        none
      Pointer: 0x7f3454212010
      Container manages memory: true
      Size: 12582912
      Capacity: 12582912

     Moving image = Image (0x55ca2b02d840)
  RTTI typeinfo:   itk::Image<float, 3u>
  Reference Count: 2
  Modified Time: 2578
  Debug: Off
  Object Name: 
  Observers: 
    none
  Source: (none)
  Source output name: (none)
  Release Data: Off
  Data Released: False
  Global Release Data: Off
  PipelineMTime: 0
  UpdateMTime: 2575
  RealTimeStamp: 0 seconds 
  LargestPossibleRegion: 
    Dimension: 3
    Index: [0, 0, 0]
    Size: [192, 256, 256]
  BufferedRegion: 
    Dimension: 3
    Index: [0, 0, 0]
    Size: [192, 256, 256]
  RequestedRegion: 
    Dimension: 3
    Index: [0, 0, 0]
    Size: [192, 256, 256]
  Spacing: [1, 1, 1]
  Origin: [101.939, 55.8649, -183.884]
  Direction: 
-0.998965 -0.0227992 -0.0393569
0.012314 -0.968549 0.248518
-0.0437851 0.247776 0.967827

  IndexToPointMatrix: 
-0.998965 -0.0227992 -0.0393569
0.012314 -0.968549 0.248518
-0.0437851 0.247776 0.967827

  PointToIndexMatrix: 
-0.998965 0.012314 -0.0437851
-0.0227992 -0.968549 0.247776
-0.0393569 0.248518 0.967827

  Inverse Direction: 
-0.998965 0.012314 -0.0437851
-0.0227992 -0.968549 0.247776
-0.0393569 0.248518 0.967827

  PixelContainer: 
    ImportImageContainer (0x55ca2b02a660)
      RTTI typeinfo:   itk::ImportImageContainer<unsigned long, float>
      Reference Count: 1
      Modified Time: 2572
      Debug: Off
      Object Name: 
      Observers: 
        none
      Pointer: 0x7f3451211010
      Container manages memory: true
      Size: 12582912
      Capacity: 12582912

     Weighting = 1
     Sampling strategy = none
     Number of bins = 32
     Radius = 4
     Sampling percentage  = 1
   Transform = SyN
     Gradient step = 0.1
     Update field sigma (voxel space) = 3
     Total field sigma (voxel space) = 0
     Update field time sigma = 0
     Total field time sigma  = 0
     Number of time indices = 0
     Number of time point samples = 0
Registration using 3 total stages.

Stage 0
  iterations = 1000x500x250x0
  convergence threshold = 1e-06
  convergence window size = 10
  number of levels = 4
  using the Mattes MI metric (number of bins = 32, weight = 1)
  preprocessing:  winsorizing the image intensities
  preprocessing:  histogram matching the images
  Shrink factors (level 1 out of 4): [6, 6, 6]
  Shrink factors (level 2 out of 4): [4, 4, 4]
  Shrink factors (level 3 out of 4): [2, 2, 2]
  Shrink factors (level 4 out of 4): [1, 1, 1]
  smoothing sigmas per level: [4, 2, 1, 0]
  regular sampling (percentage = 0.25)

*** Running Euler3DTransform registration ***

DIAGNOSTIC,Iteration,metricValue,convergenceValue,ITERATION_TIME_INDEX,SINCE_LAST
 2DIAGNOSTIC,     1, -8.142421841621e-01, inf, 5.7744e-01, 5.7744e-01, 
 2DIAGNOSTIC,     2, -8.183292150497e-01, inf, 5.8786e-01, 1.0420e-02, 
 2DIAGNOSTIC,     3, -8.249915838242e-01, inf, 5.9775e-01, 9.8891e-03, 
 2DIAGNOSTIC,     4, -8.349668979645e-01, inf, 6.0711e-01, 9.3589e-03, 
 2DIAGNOSTIC,     5, -8.486035466194e-01, inf, 6.1686e-01, 9.7542e-03, 
 2DIAGNOSTIC,     6, -8.654584884644e-01, inf, 6.2631e-01, 9.4430e-03, 
 2DIAGNOSTIC,     7, -8.803945779800e-01, inf, 6.3602e-01, 9.7120e-03, 
 2DIAGNOSTIC,     8, -8.894233107567e-01, inf, 6.4570e-01, 9.6869e-03, 
 2DIAGNOSTIC,     9, -8.941375613213e-01, inf, 6.5829e-01, 1.2583e-02, 
 2DIAGNOSTIC,    10, -8.983957767487e-01, 7.287140935659e-03, 6.7025e-01, 1.1958e-02, 
 2DIAGNOSTIC,    11, -9.041096568108e-01, 6.392600946128e-03, 6.7982e-01, 9.5711e-03, 
 2DIAGNOSTIC,    12, -9.195948839188e-01, 5.604674108326e-03, 6.8936e-01, 9.5470e-03, 
 2DIAGNOSTIC,    13, -9.310174584389e-01, 4.881387110800e-03, 7.0074e-01, 1.1374e-02, 
 2DIAGNOSTIC,    14, -9.315956830978e-01, 4.068797919899e-03, 7.1027e-01, 9.5360e-03, 
 2DIAGNOSTIC,    15, -9.317383766174e-01, 3.300600685179e-03, 7.1917e-01, 8.8959e-03, 
 2DIAGNOSTIC,    16, -9.318193793297e-01, 2.668847097084e-03, 7.2828e-01, 9.1140e-03, 
 2DIAGNOSTIC,    17, -9.318710565567e-01, 2.145149046555e-03, 7.3765e-01, 9.3648e-03, 
 2DIAGNOSTIC,    18, -9.319178462029e-01, 1.642186893150e-03, 7.4559e-01, 7.9448e-03, 
 2DIAGNOSTIC,    19, -9.319785833359e-01, 1.125731505454e-03, 7.5469e-01, 9.0950e-03, 
 2DIAGNOSTIC,    20, -9.321394562721e-01, 6.326325237751e-04, 7.6258e-01, 7.8890e-03, 
 2DIAGNOSTIC,    21, -9.323164224625e-01, 2.144115278497e-04, 7.7050e-01, 7.9260e-03, 
 2DIAGNOSTIC,    22, -9.327355027199e-01, 4.059651473654e-05, 7.7927e-01, 8.7709e-03, 
 2DIAGNOSTIC,    23, -9.328973889351e-01, 3.801551065408e-05, 7.8776e-01, 8.4851e-03, 
 2DIAGNOSTIC,    24, -9.333714842796e-01, 4.608363087755e-05, 7.9537e-01, 7.6079e-03, 
 2DIAGNOSTIC,    25, -9.335166215897e-01, 5.280667755869e-05, 8.0394e-01, 8.5731e-03, 
 2DIAGNOSTIC,    26, -9.337766170502e-01, 5.828060966451e-05, 8.1831e-01, 1.4367e-02, 
 2DIAGNOSTIC,    27, -9.338231086731e-01, 5.906629667152e-05, 8.2678e-01, 8.4760e-03, 
 2DIAGNOSTIC,    28, -9.337977170944e-01, 5.459767635330e-05, 8.3427e-01, 7.4840e-03, 
 2DIAGNOSTIC,    29, -9.337568283081e-01, 4.563013862935e-05, 8.4210e-01, 7.8311e-03, 
 2DIAGNOSTIC,    30, -9.337364435196e-01, 3.453453246038e-05, 8.5062e-01, 8.5199e-03, 
 2DIAGNOSTIC,    31, -9.336781501770e-01, 2.213475090684e-05, 8.5810e-01, 7.4799e-03, 
 2DIAGNOSTIC,    32, -9.336810708046e-01, 1.269029780815e-05, 8.6556e-01, 7.4639e-03, 
 2DIAGNOSTIC,    33, -9.336858987808e-01, 4.229864316585e-06, 8.7291e-01, 7.3519e-03, 
DIAGNOSTIC,Iteration,metricValue,convergenceValue,ITERATION_TIME_INDEX,SINCE_LAST
 2DIAGNOSTIC,     1, -7.294920682907e-01, inf, 1.3710e+00, 4.9808e-01, 
 2DIAGNOSTIC,     2, -7.316759824753e-01, inf, 1.3998e+00, 2.8805e-02, 
 2DIAGNOSTIC,     3, -7.338055372238e-01, inf, 1.4284e+00, 2.8555e-02, 
 2DIAGNOSTIC,     4, -7.351551651955e-01, inf, 1.4570e+00, 2.8628e-02, 
 2DIAGNOSTIC,     5, -7.356733679771e-01, inf, 1.4850e+00, 2.8055e-02, 
 2DIAGNOSTIC,     6, -7.359172105789e-01, inf, 1.5172e+00, 3.2179e-02, 
 2DIAGNOSTIC,     7, -7.359590530396e-01, inf, 1.5507e+00, 3.3480e-02, 
 2DIAGNOSTIC,     8, -7.360373139381e-01, inf, 1.5849e+00, 3.4205e-02, 
 2DIAGNOSTIC,     9, -7.362219095230e-01, inf, 1.6193e+00, 3.4415e-02, 
 2DIAGNOSTIC,    10, -7.366475462914e-01, 5.103297298774e-04, 1.6623e+00, 4.2953e-02, 
 2DIAGNOSTIC,    11, -7.368033528328e-01, 3.030142979696e-04, 1.6970e+00, 3.4707e-02, 
 2DIAGNOSTIC,    12, -7.371869683266e-01, 1.850414992077e-04, 1.7317e+00, 3.4704e-02, 
 2DIAGNOSTIC,    13, -7.372142076492e-01, 1.319617003901e-04, 1.7669e+00, 3.5213e-02, 
 2DIAGNOSTIC,    14, -7.372296452522e-01, 1.121352906921e-04, 1.7978e+00, 3.0905e-02, 
 2DIAGNOSTIC,    15, -7.372137904167e-01, 9.767850860953e-05, 1.8331e+00, 3.5280e-02, 
 2DIAGNOSTIC,    16, -7.372379899025e-01, 8.269991667476e-05, 1.8660e+00, 3.2922e-02, 
 2DIAGNOSTIC,    17, -7.372444868088e-01, 6.313696940197e-05, 1.8946e+00, 2.8622e-02, 
 2DIAGNOSTIC,    18, -7.372377514839e-01, 4.163390622125e-05, 1.9272e+00, 3.2616e-02, 
 2DIAGNOSTIC,    19, -7.372465729713e-01, 2.256133848277e-05, 1.9600e+00, 3.2780e-02, 
 2DIAGNOSTIC,    20, -7.372573018074e-01, 1.189463364426e-05, 1.9890e+00, 2.8964e-02, 
 2DIAGNOSTIC,    21, -7.372729778290e-01, 4.235116193740e-06, 2.0329e+00, 4.3968e-02, 
 2DIAGNOSTIC,    22, -7.372837066650e-01, 3.919512437278e-06, 2.0617e+00, 2.8739e-02, 
 2DIAGNOSTIC,    23, -7.372983098030e-01, 4.100478236069e-06, 2.0944e+00, 3.2715e-02, 
 2DIAGNOSTIC,    24, -7.372993826866e-01, 4.287978299544e-06, 2.1272e+00, 3.2825e-02, 
 2DIAGNOSTIC,    25, -7.373012304306e-01, 3.955692591262e-06, 2.1621e+00, 3.4831e-02, 
 2DIAGNOSTIC,    26, -7.373027801514e-01, 3.775111508730e-06, 2.1967e+00, 3.4635e-02, 
 2DIAGNOSTIC,    27, -7.372954487801e-01, 3.358336471138e-06, 2.2274e+00, 3.0722e-02, 
 2DIAGNOSTIC,    28, -7.373006343842e-01, 2.745904112089e-06, 2.2625e+00, 3.5054e-02, 
 2DIAGNOSTIC,    29, -7.373107075691e-01, 2.272219717270e-06, 2.2974e+00, 3.4901e-02, 
 2DIAGNOSTIC,    30, -7.372803688049e-01, 1.460871089876e-06, 2.3277e+00, 3.0378e-02, 
DIAGNOSTIC,Iteration,metricValue,convergenceValue,ITERATION_TIME_INDEX,SINCE_LAST
 2DIAGNOSTIC,     1, -6.496373414993e-01, inf, 3.2250e+00, 8.9724e-01, 
 2DIAGNOSTIC,     2, -6.499934792519e-01, inf, 3.4382e+00, 2.1322e-01, 
 2DIAGNOSTIC,     3, -6.502200365067e-01, inf, 3.6531e+00, 2.1488e-01, 
 2DIAGNOSTIC,     4, -6.505074501038e-01, inf, 3.8664e+00, 2.1336e-01, 
 2DIAGNOSTIC,     5, -6.509584188461e-01, inf, 4.0858e+00, 2.1939e-01, 
 2DIAGNOSTIC,     6, -6.522728204727e-01, inf, 4.3641e+00, 2.7828e-01, 
 2DIAGNOSTIC,     7, -6.527618169785e-01, inf, 4.6414e+00, 2.7727e-01, 
 2DIAGNOSTIC,     8, -6.527971029282e-01, inf, 4.8884e+00, 2.4700e-01, 
 2DIAGNOSTIC,     9, -6.528109312057e-01, inf, 5.1712e+00, 2.8283e-01, 
 2DIAGNOSTIC,    10, -6.528149843216e-01, 3.835092647932e-04, 5.3923e+00, 2.2112e-01, 
 2DIAGNOSTIC,    11, -6.528171896935e-01, 3.061185125262e-04, 5.6391e+00, 2.4680e-01, 
 2DIAGNOSTIC,    12, -6.528238654137e-01, 2.273303834954e-04, 5.8937e+00, 2.5456e-01, 
 2DIAGNOSTIC,    13, -6.528265476227e-01, 1.486267865403e-04, 6.1426e+00, 2.4894e-01, 
 2DIAGNOSTIC,    14, -6.528273820877e-01, 7.721314614173e-05, 6.3921e+00, 2.4953e-01, 
 2DIAGNOSTIC,    15, -6.528319716454e-01, 2.082609353238e-05, 6.6700e+00, 2.7784e-01, 
 2DIAGNOSTIC,    16, -6.528359055519e-01, 5.330890871846e-06, 6.9184e+00, 2.4839e-01, 
 2DIAGNOSTIC,    17, -6.528354287148e-01, 3.854700480588e-06, 7.1699e+00, 2.5149e-01, 
 2DIAGNOSTIC,    18, -6.528357863426e-01, 3.216741788492e-06, 7.4195e+00, 2.4961e-01, 
 2DIAGNOSTIC,    19, -6.528354287148e-01, 2.821474254233e-06, 7.6753e+00, 2.5586e-01, 
 2DIAGNOSTIC,    20, -6.528361439705e-01, 2.462643806211e-06, 7.9247e+00, 2.4937e-01, 
 2DIAGNOSTIC,    21, -6.528362631798e-01, 2.100062147292e-06, 8.1775e+00, 2.5279e-01, 
 2DIAGNOSTIC,    22, -6.528362631798e-01, 1.848181454989e-06, 8.4293e+00, 2.5184e-01, 
 2DIAGNOSTIC,    23, -6.528358459473e-01, 1.625630829949e-06, 8.8375e+00, 4.0813e-01, 
 2DIAGNOSTIC,    24, -6.528359055519e-01, 1.413871018485e-06, 9.0970e+00, 2.5954e-01, 
 2DIAGNOSTIC,    25, -6.528358459473e-01, 1.287541749662e-06, 9.3864e+00, 2.8937e-01, 
 2DIAGNOSTIC,    26, -6.528357863426e-01, 1.234589262822e-06, 9.6395e+00, 2.5310e-01, 
 2DIAGNOSTIC,    27, -6.528353691101e-01, 1.170182599708e-06, 9.8877e+00, 2.4825e-01, 
 2DIAGNOSTIC,    28, -6.528353691101e-01, 1.117370857173e-06, 1.0172e+01, 2.8420e-01, 
 2DIAGNOSTIC,    29, -6.528352499008e-01, 1.062521619133e-06, 1.0421e+01, 2.4864e-01, 
 2DIAGNOSTIC,    30, -6.528351902962e-01, 1.023994286697e-06, 1.0682e+01, 2.6181e-01, 
DIAGNOSTIC,Iteration,metricValue,convergenceValue,ITERATION_TIME_INDEX,SINCE_LAST
 2DIAGNOSTIC,     1, -5.903545022011e-01, inf, 1.3138e+01, 2.4556e+00, 
  Elapsed time (stage 0): 1.4346e+01


Stage 1
  iterations = 1000x500x250x0
  convergence threshold = 1.0000e-06
  convergence window size = 10
  number of levels = 4
  using the Mattes MI metric (number of bins = 32, weight = 1.0000e+00)
  preprocessing:  winsorizing the image intensities
  preprocessing:  histogram matching the images
  Shrink factors (level 1 out of 4): [6, 6, 6]
  Shrink factors (level 2 out of 4): [4, 4, 4]
  Shrink factors (level 3 out of 4): [2, 2, 2]
  Shrink factors (level 4 out of 4): [1, 1, 1]
  smoothing sigmas per level: [4, 2, 1, 0]
  regular sampling (percentage = 2.5000e-01)

*** Running AffineTransform registration ***

DIAGNOSTIC,Iteration,metricValue,convergenceValue,ITERATION_TIME_INDEX,SINCE_LAST
 2DIAGNOSTIC,     1, -9.254019260406e-01, inf, 5.8004e-01, 5.8004e-01, 
 2DIAGNOSTIC,     2, -9.283589124680e-01, inf, 5.9085e-01, 1.0812e-02, 
 2DIAGNOSTIC,     3, -9.331162571907e-01, inf, 6.0136e-01, 1.0507e-02, 
 2DIAGNOSTIC,     4, -9.410291314125e-01, inf, 6.1127e-01, 9.9120e-03, 
 2DIAGNOSTIC,     5, -9.531592726707e-01, inf, 6.2092e-01, 9.6478e-03, 
 2DIAGNOSTIC,     6, -9.700421690941e-01, inf, 6.3048e-01, 9.5561e-03, 
 2DIAGNOSTIC,     7, -9.874402880669e-01, inf, 6.3971e-01, 9.2330e-03, 
 2DIAGNOSTIC,     8, -1.016227841377e+00, inf, 6.4944e-01, 9.7270e-03, 
 2DIAGNOSTIC,     9, -1.023410081863e+00, inf, 6.6381e-01, 1.4368e-02, 
 2DIAGNOSTIC,    10, -1.023742675781e+00, 7.742424495518e-03, 6.7406e-01, 1.0258e-02, 
 2DIAGNOSTIC,    11, -1.024062156677e+00, 7.025599945337e-03, 6.8310e-01, 9.0380e-03, 
 2DIAGNOSTIC,    12, -1.024535894394e+00, 5.884665064514e-03, 6.9212e-01, 9.0148e-03, 
 2DIAGNOSTIC,    13, -1.025149226189e+00, 4.508178681135e-03, 7.0072e-01, 8.6060e-03, 
 2DIAGNOSTIC,    14, -1.025994420052e+00, 3.106362186372e-03, 7.0931e-01, 8.5919e-03, 
 2DIAGNOSTIC,    15, -1.027304768562e+00, 1.876305323094e-03, 7.1828e-01, 8.9619e-03, 
 2DIAGNOSTIC,    16, -1.028814315796e+00, 9.626897517592e-04, 7.2923e-01, 1.0958e-02, 
 2DIAGNOSTIC,    17, -1.028752923012e+00, 3.511764516588e-04, 7.4175e-01, 1.2519e-02, 
 2DIAGNOSTIC,    18, -1.029555678368e+00, 2.443974663038e-04, 7.5115e-01, 9.3989e-03, 
 2DIAGNOSTIC,    19, -1.029679894447e+00, 2.361129154451e-04, 7.5938e-01, 8.2290e-03, 
 2DIAGNOSTIC,    20, -1.031060934067e+00, 2.310280688107e-04, 7.7049e-01, 1.1108e-02, 
 2DIAGNOSTIC,    21, -1.031334280968e+00, 2.124809980160e-04, 7.7855e-01, 8.0571e-03, 
 2DIAGNOSTIC,    22, -1.031357765198e+00, 1.826368097682e-04, 7.8664e-01, 8.0891e-03, 
 2DIAGNOSTIC,    23, -1.031440377235e+00, 1.474459277233e-04, 7.9685e-01, 1.0211e-02, 
 2DIAGNOSTIC,    24, -1.031443715096e+00, 1.112665559049e-04, 8.0630e-01, 9.4500e-03, 
 2DIAGNOSTIC,    25, -1.031445384026e+00, 8.196786075132e-05, 8.1472e-01, 8.4190e-03, 
 2DIAGNOSTIC,    26, -1.031448125839e+00, 6.388012116076e-05, 8.2424e-01, 9.5210e-03, 
 2DIAGNOSTIC,    27, -1.031487345695e+00, 4.103137689526e-05, 8.3482e-01, 1.0585e-02, 
 2DIAGNOSTIC,    28, -1.031492352486e+00, 2.438305637043e-05, 8.4425e-01, 9.4268e-03, 
 2DIAGNOSTIC,    29, -1.031455159187e+00, 7.213583103294e-06, 8.5572e-01, 1.1474e-02, 
 2DIAGNOSTIC,    30, -1.031495094299e+00, 3.928015303245e-06, 8.6520e-01, 9.4810e-03, 
 2DIAGNOSTIC,    31, -1.031494140625e+00, 3.049250381082e-06, 8.7478e-01, 9.5811e-03, 
 2DIAGNOSTIC,    32, -1.031494259834e+00, 2.217154360551e-06, 8.8417e-01, 9.3839e-03, 
 2DIAGNOSTIC,    33, -1.031494975090e+00, 2.036167643382e-06, 8.9271e-01, 8.5452e-03, 
 2DIAGNOSTIC,    34, -1.031497001648e+00, 1.819036356210e-06, 9.0111e-01, 8.3950e-03, 
 2DIAGNOSTIC,    35, -1.031498670578e+00, 1.558275926072e-06, 9.1038e-01, 9.2740e-03, 
 2DIAGNOSTIC,    36, -1.031537771225e+00, 1.563940941196e-06, 9.1982e-01, 9.4342e-03, 
 2DIAGNOSTIC,    37, -1.031538367271e+00, 1.800124096007e-06, 9.3016e-01, 1.0347e-02, 
 2DIAGNOSTIC,    38, -1.031539797783e+00, 1.997737854254e-06, 9.4068e-01, 1.0513e-02, 
 2DIAGNOSTIC,    39, -1.031539678574e+00, 1.803603709050e-06, 9.5006e-01, 9.3858e-03, 
 2DIAGNOSTIC,    40, -1.031539678574e+00, 1.805162810342e-06, 9.5947e-01, 9.4118e-03, 
 2DIAGNOSTIC,    41, -1.031500935555e+00, 1.436435240976e-06, 9.6893e-01, 9.4519e-03, 
 2DIAGNOSTIC,    42, -1.031500697136e+00, 1.029343820846e-06, 9.7825e-01, 9.3250e-03, 
DIAGNOSTIC,Iteration,metricValue,convergenceValue,ITERATION_TIME_INDEX,SINCE_LAST
 2DIAGNOSTIC,     1, -8.074760437012e-01, inf, 1.4728e+00, 4.9456e-01, 
 2DIAGNOSTIC,     2, -8.089010119438e-01, inf, 1.5060e+00, 3.3210e-02, 
 2DIAGNOSTIC,     3, -8.105044364929e-01, inf, 1.5394e+00, 3.3387e-02, 
 2DIAGNOSTIC,     4, -8.123473525047e-01, inf, 1.5727e+00, 3.3253e-02, 
 2DIAGNOSTIC,     5, -8.140112757683e-01, inf, 1.6059e+00, 3.3242e-02, 
 2DIAGNOSTIC,     6, -8.155720829964e-01, inf, 1.6390e+00, 3.3065e-02, 
 2DIAGNOSTIC,     7, -8.166714906693e-01, inf, 1.6877e+00, 4.8705e-02, 
 2DIAGNOSTIC,     8, -8.169708251953e-01, inf, 1.7352e+00, 4.7480e-02, 
 2DIAGNOSTIC,     9, -8.170263171196e-01, inf, 1.7714e+00, 3.6252e-02, 
 2DIAGNOSTIC,    10, -8.170629143715e-01, 8.241080213338e-04, 1.8079e+00, 3.6498e-02, 
 2DIAGNOSTIC,    11, -8.170682787895e-01, 5.979175330140e-04, 1.8396e+00, 3.1694e-02, 
 2DIAGNOSTIC,    12, -8.170793652534e-01, 3.973843413405e-04, 1.8712e+00, 3.1638e-02, 
 2DIAGNOSTIC,    13, -8.171190619469e-01, 2.358379424550e-04, 1.9030e+00, 3.1725e-02, 
 2DIAGNOSTIC,    14, -8.171947002411e-01, 1.237055112142e-04, 1.9351e+00, 3.2102e-02, 
 2DIAGNOSTIC,    15, -8.172988295555e-01, 5.592381785391e-05, 1.9679e+00, 3.2847e-02, 
 2DIAGNOSTIC,    16, -8.173938393593e-01, 2.717078496062e-05, 2.0010e+00, 3.3068e-02, 
 2DIAGNOSTIC,    17, -8.175894618034e-01, 2.589098767203e-05, 2.0337e+00, 3.2772e-02, 
 2DIAGNOSTIC,    18, -8.178277015686e-01, 3.285303682787e-05, 2.0711e+00, 3.7317e-02, 
 2DIAGNOSTIC,    19, -8.180101513863e-01, 4.046324829687e-05, 2.1045e+00, 3.3393e-02, 
 2DIAGNOSTIC,    20, -8.181129693985e-01, 4.611934855347e-05, 2.1464e+00, 4.1900e-02, 
 2DIAGNOSTIC,    21, -8.183557987213e-01, 5.123508890392e-05, 2.2023e+00, 5.5937e-02, 
 2DIAGNOSTIC,    22, -8.184143304825e-01, 5.225323184277e-05, 2.2402e+00, 3.7862e-02, 
 2DIAGNOSTIC,    23, -8.184105753899e-01, 4.894587254967e-05, 2.2763e+00, 3.6124e-02, 
 2DIAGNOSTIC,    24, -8.183979988098e-01, 4.239806366968e-05, 2.3079e+00, 3.1661e-02, 
 2DIAGNOSTIC,    25, -8.184533715248e-01, 3.476144411252e-05, 2.3388e+00, 3.0840e-02, 
 2DIAGNOSTIC,    26, -8.185197710991e-01, 2.664249768713e-05, 2.3746e+00, 3.5854e-02, 
 2DIAGNOSTIC,    27, -8.185683488846e-01, 1.980080378416e-05, 2.4065e+00, 3.1824e-02, 
 2DIAGNOSTIC,    28, -8.186231851578e-01, 1.533900649520e-05, 2.4384e+00, 3.1897e-02, 
 2DIAGNOSTIC,    29, -8.187091946602e-01, 1.307971342612e-05, 2.4706e+00, 3.2242e-02, 
 2DIAGNOSTIC,    30, -8.188503384590e-01, 1.257091935258e-05, 2.5108e+00, 4.0174e-02, 
 2DIAGNOSTIC,    31, -8.190193176270e-01, 1.556664392410e-05, 2.5654e+00, 5.4669e-02, 
 2DIAGNOSTIC,    32, -8.191036581993e-01, 1.852743298514e-05, 2.6073e+00, 4.1863e-02, 
 2DIAGNOSTIC,    33, -8.190879821777e-01, 1.946820339072e-05, 2.6447e+00, 3.7374e-02, 
 2DIAGNOSTIC,    34, -8.190708756447e-01, 1.831419831433e-05, 2.6820e+00, 3.7314e-02, 
 2DIAGNOSTIC,    35, -8.190801739693e-01, 1.619742033654e-05, 2.7192e+00, 3.7214e-02, 
 2DIAGNOSTIC,    36, -8.190643787384e-01, 1.319770854025e-05, 2.7567e+00, 3.7519e-02, 
 2DIAGNOSTIC,    37, -8.190723061562e-01, 9.720621164888e-06, 2.7898e+00, 3.3036e-02, 
 2DIAGNOSTIC,    38, -8.190849423409e-01, 6.216835572559e-06, 2.8276e+00, 3.7787e-02, 
 2DIAGNOSTIC,    39, -8.190959095955e-01, 3.237981218263e-06, 2.8639e+00, 3.6330e-02, 
 2DIAGNOSTIC,    40, -8.190937638283e-01, 1.350077809548e-06, 2.8997e+00, 3.5817e-02, 
DIAGNOSTIC,Iteration,metricValue,convergenceValue,ITERATION_TIME_INDEX,SINCE_LAST
 2DIAGNOSTIC,     1, -7.272774577141e-01, inf, 3.8028e+00, 9.0313e-01, 
 2DIAGNOSTIC,     2, -7.280304431915e-01, inf, 4.0429e+00, 2.4010e-01, 
 2DIAGNOSTIC,     3, -7.288668751717e-01, inf, 4.2785e+00, 2.3561e-01, 
 2DIAGNOSTIC,     4, -7.297964096069e-01, inf, 4.5173e+00, 2.3876e-01, 
 2DIAGNOSTIC,     5, -7.305512428284e-01, inf, 4.7585e+00, 2.4117e-01, 
 2DIAGNOSTIC,     6, -7.311851978302e-01, inf, 5.0604e+00, 3.0192e-01, 
 2DIAGNOSTIC,     7, -7.313596606255e-01, inf, 5.4024e+00, 3.4198e-01, 
 2DIAGNOSTIC,     8, -7.315428256989e-01, inf, 5.6471e+00, 2.4471e-01, 
 2DIAGNOSTIC,     9, -7.316507697105e-01, inf, 5.8911e+00, 2.4398e-01, 
 2DIAGNOSTIC,    10, -7.322923541069e-01, 4.270517383702e-04, 6.1628e+00, 2.7173e-01, 
 2DIAGNOSTIC,    11, -7.323505282402e-01, 3.249990695622e-04, 6.4114e+00, 2.4859e-01, 
 2DIAGNOSTIC,    12, -7.324769496918e-01, 2.396689669695e-04, 6.7507e+00, 3.3929e-01, 
 2DIAGNOSTIC,    13, -7.326115965843e-01, 1.750365627231e-04, 7.0278e+00, 2.7710e-01, 
 2DIAGNOSTIC,    14, -7.326224446297e-01, 1.296201371588e-04, 7.3268e+00, 2.9899e-01, 
 2DIAGNOSTIC,    15, -7.326312065125e-01, 9.789186151465e-05, 7.6035e+00, 2.7679e-01, 
 2DIAGNOSTIC,    16, -7.326298952103e-01, 7.665898010600e-05, 7.9995e+00, 3.9591e-01, 
 2DIAGNOSTIC,    17, -7.326301336288e-01, 5.514110671356e-05, 8.3056e+00, 3.0614e-01, 
 2DIAGNOSTIC,    18, -7.326295375824e-01, 3.510326132528e-05, 8.5776e+00, 2.7198e-01, 
 2DIAGNOSTIC,    19, -7.326296567917e-01, 1.596536640136e-05, 8.8534e+00, 2.7577e-01, 
 2DIAGNOSTIC,    20, -7.326294183731e-01, 9.913500434777e-06, 9.1878e+00, 3.3440e-01, 
 2DIAGNOSTIC,    21, -7.326295375824e-01, 4.708398137154e-06, 9.4631e+00, 2.7537e-01, 
 2DIAGNOSTIC,    22, -7.326294779778e-01, 1.847393946264e-06, 9.7661e+00, 3.0300e-01, 
 2DIAGNOSTIC,    23, -7.326294183731e-01, 1.467770857744e-06, 1.0040e+01, 2.7414e-01, 
 2DIAGNOSTIC,    24, -7.326294183731e-01, 1.283463802793e-06, 1.0281e+01, 2.4041e-01, 
 2DIAGNOSTIC,    25, -7.326293587685e-01, 1.253745949725e-06, 1.0558e+01, 2.7716e-01, 
 2DIAGNOSTIC,    26, -7.326292395592e-01, 1.206675506182e-06, 1.0859e+01, 3.0092e-01, 
 2DIAGNOSTIC,    27, -7.326294183731e-01, 1.171085955320e-06, 1.1136e+01, 2.7681e-01, 
 2DIAGNOSTIC,    28, -7.326292991638e-01, 1.128774442805e-06, 1.1406e+01, 2.7014e-01, 
 2DIAGNOSTIC,    29, -7.326283454895e-01, 1.079177422980e-06, 1.1683e+01, 2.7691e-01, 
 2DIAGNOSTIC,    30, -7.326283454895e-01, 1.031922238326e-06, 1.1953e+01, 2.6989e-01, 
DIAGNOSTIC,Iteration,metricValue,convergenceValue,ITERATION_TIME_INDEX,SINCE_LAST
 2DIAGNOSTIC,     1, -6.572488546371e-01, inf, 1.4551e+01, 2.5987e+00, 
  Elapsed time (stage 1): 1.5723e+01


Stage 2
  iterations = 100x100x70x20
  convergence threshold = 1.0000e-09
  convergence window size = 10
  number of levels = 4
  using the CC metric (radius = 4, weight = 1.0000e+00)
  preprocessing:  winsorizing the image intensities
  preprocessing:  histogram matching the images
  Shrink factors (level 1 out of 4): [6, 6, 6]
  Shrink factors (level 2 out of 4): [4, 4, 4]
  Shrink factors (level 3 out of 4): [2, 2, 2]
  Shrink factors (level 4 out of 4): [1, 1, 1]
  smoothing sigmas per level: [3, 2, 1, 0]
  Using default NONE metricSamplingStrategy 

*** Running SyN registration (varianceForUpdateField = 3.0000e+00, varianceForTotalField = 0.0000e+00) ***

XXDIAGNOSTIC,Iteration,metricValue,convergenceValue,ITERATION_TIME_INDEX,SINCE_LAST
 1DIAGNOSTIC,     1, -8.527704477310e-01, inf, 1.3427e+00, 1.3427e+00, 
 1DIAGNOSTIC,     2, -8.690624237061e-01, inf, 2.1675e+00, 8.2482e-01, 
 1DIAGNOSTIC,     3, -8.832202553749e-01, inf, 2.9780e+00, 8.1048e-01, 
 1DIAGNOSTIC,     4, -8.951442241669e-01, inf, 3.7734e+00, 7.9540e-01, 
 1DIAGNOSTIC,     5, -9.048476219177e-01, inf, 4.5819e+00, 8.0847e-01, 
 1DIAGNOSTIC,     6, -9.129341840744e-01, inf, 5.3981e+00, 8.1622e-01, 
 1DIAGNOSTIC,     7, -9.192239046097e-01, inf, 6.1927e+00, 7.9457e-01, 
 1DIAGNOSTIC,     8, -9.247308969498e-01, inf, 6.9752e+00, 7.8255e-01, 
 1DIAGNOSTIC,     9, -9.290825724602e-01, inf, 7.7673e+00, 7.9213e-01, 
 1DIAGNOSTIC,    10, -9.328402280807e-01, 5.490522366017e-03, 8.5644e+00, 7.9707e-01, 
 1DIAGNOSTIC,    11, -9.358667135239e-01, 4.120726138353e-03, 9.3678e+00, 8.0338e-01, 
 1DIAGNOSTIC,    12, -9.384847283363e-01, 3.104537958279e-03, 1.0194e+01, 8.2574e-01, 
 1DIAGNOSTIC,    13, -9.408203363419e-01, 2.360817510635e-03, 1.0961e+01, 7.6773e-01, 
 1DIAGNOSTIC,    14, -9.428768157959e-01, 1.819685101509e-03, 1.1774e+01, 8.1272e-01, 
 1DIAGNOSTIC,    15, -9.447501897812e-01, 1.423874171451e-03, 1.2592e+01, 8.1773e-01, 
 1DIAGNOSTIC,    16, -9.466434121132e-01, 1.140000531450e-03, 1.3389e+01, 7.9690e-01, 
 1DIAGNOSTIC,    17, -9.483215808868e-01, 9.289102745242e-04, 1.4179e+01, 7.9043e-01, 
 1DIAGNOSTIC,    18, -9.498074054718e-01, 7.749671349302e-04, 1.4984e+01, 8.0532e-01, 
 1DIAGNOSTIC,    19, -9.513189792633e-01, 6.600936176255e-04, 1.5807e+01, 8.2252e-01, 
 1DIAGNOSTIC,    20, -9.524962306023e-01, 5.709041142836e-04, 1.6603e+01, 7.9585e-01, 
 1DIAGNOSTIC,    21, -9.535534977913e-01, 4.964908584952e-04, 1.7406e+01, 8.0375e-01, 
 1DIAGNOSTIC,    22, -9.543251991272e-01, 4.295280377846e-04, 1.8200e+01, 7.9362e-01, 
 1DIAGNOSTIC,    23, -9.551692605019e-01, 3.704603586812e-04, 1.9005e+01, 8.0526e-01, 
 1DIAGNOSTIC,    24, -9.557061195374e-01, 3.144896181766e-04, 1.9832e+01, 8.2676e-01, 
 1DIAGNOSTIC,    25, -9.562624692917e-01, 2.630551171023e-04, 2.0619e+01, 7.8693e-01, 
 1DIAGNOSTIC,    26, -9.568322896957e-01, 2.196961140726e-04, 2.1383e+01, 7.6426e-01, 
 1DIAGNOSTIC,    27, -9.573699235916e-01, 1.838061871240e-04, 2.2186e+01, 8.0220e-01, 
 1DIAGNOSTIC,    28, -9.577555656433e-01, 1.533683243906e-04, 2.2994e+01, 8.0844e-01, 
 1DIAGNOSTIC,    29, -9.582563042641e-01, 1.316502020927e-04, 2.3802e+01, 8.0818e-01, 
 1DIAGNOSTIC,    30, -9.586876034737e-01, 1.151683682110e-04, 2.4605e+01, 8.0331e-01, 
 1DIAGNOSTIC,    31, -9.590397477150e-01, 1.026326790452e-04, 2.5427e+01, 8.2115e-01, 
 1DIAGNOSTIC,    32, -9.593378901482e-01, 9.125920041697e-05, 2.6265e+01, 8.3816e-01, 
 1DIAGNOSTIC,    33, -9.596139788628e-01, 8.226998761529e-05, 2.7048e+01, 7.8320e-01, 
 1DIAGNOSTIC,    34, -9.598953723907e-01, 7.331261440413e-05, 2.7884e+01, 8.3569e-01, 
 1DIAGNOSTIC,    35, -9.603154659271e-01, 6.633825250901e-05, 2.8704e+01, 8.2063e-01, 
 1DIAGNOSTIC,    36, -9.607043266296e-01, 6.147535896162e-05, 2.9531e+01, 8.2672e-01, 
 1DIAGNOSTIC,    37, -9.610394239426e-01, 5.819951911690e-05, 3.0351e+01, 8.1952e-01, 
 1DIAGNOSTIC,    38, -9.612680673599e-01, 5.446508657769e-05, 3.1179e+01, 8.2872e-01, 
 1DIAGNOSTIC,    39, -9.615225791931e-01, 5.161862645764e-05, 3.1949e+01, 7.6929e-01, 
 1DIAGNOSTIC,    40, -9.618772268295e-01, 4.992970934836e-05, 3.2757e+01, 8.0815e-01, 
 1DIAGNOSTIC,    41, -9.620534777641e-01, 4.743144017993e-05, 3.3577e+01, 8.2039e-01, 
 1DIAGNOSTIC,    42, -9.622533321381e-01, 4.416404044605e-05, 3.4379e+01, 8.0152e-01, 
 1DIAGNOSTIC,    43, -9.624247550964e-01, 4.004229049315e-05, 3.5182e+01, 8.0364e-01, 
 1DIAGNOSTIC,    44, -9.625734686852e-01, 3.524907879182e-05, 3.6022e+01, 8.3937e-01, 
 1DIAGNOSTIC,    45, -9.628018736839e-01, 3.164864756400e-05, 3.6813e+01, 7.9100e-01, 
 1DIAGNOSTIC,    46, -9.631729125977e-01, 3.016005030076e-05, 3.7635e+01, 8.2274e-01, 
 1DIAGNOSTIC,    47, -9.634262323380e-01, 2.963521546917e-05, 3.8441e+01, 8.0526e-01, 
 1DIAGNOSTIC,    48, -9.636406898499e-01, 2.911723640864e-05, 3.9253e+01, 8.1248e-01, 
 1DIAGNOSTIC,    49, -9.637616872787e-01, 2.816535015882e-05, 4.0070e+01, 8.1722e-01, 
 1DIAGNOSTIC,    50, -9.638843536377e-01, 2.747191319941e-05, 4.0875e+01, 8.0430e-01, 
 1DIAGNOSTIC,    51, -9.640044569969e-01, 2.593452700239e-05, 4.1685e+01, 8.1086e-01, 
 1DIAGNOSTIC,    52, -9.642436504364e-01, 2.453335946484e-05, 4.2515e+01, 8.2940e-01, 
 1DIAGNOSTIC,    53, -9.643620252609e-01, 2.251199475722e-05, 4.3322e+01, 8.0730e-01, 
 1DIAGNOSTIC,    54, -9.644733667374e-01, 1.991162389459e-05, 4.4111e+01, 7.8862e-01, 
 1DIAGNOSTIC,    55, -9.645613431931e-01, 1.725265974528e-05, 4.4897e+01, 7.8658e-01, 
 1DIAGNOSTIC,    56, -9.646402001381e-01, 1.547121064505e-05, 4.5718e+01, 8.2076e-01, 
 1DIAGNOSTIC,    57, -9.647791981697e-01, 1.434960995539e-05, 4.6520e+01, 8.0168e-01, 
 1DIAGNOSTIC,    58, -9.648526310921e-01, 1.340534890915e-05, 4.7307e+01, 7.8747e-01, 
 1DIAGNOSTIC,    59, -9.649215340614e-01, 1.222338232765e-05, 4.8106e+01, 7.9861e-01, 
 1DIAGNOSTIC,    60, -9.650667309761e-01, 1.129805241362e-05, 4.8896e+01, 7.8963e-01, 
 1DIAGNOSTIC,    61, -9.651288986206e-01, 1.022474589263e-05, 4.9708e+01, 8.1235e-01, 
 1DIAGNOSTIC,    62, -9.651876091957e-01, 9.680823495728e-06, 5.0502e+01, 7.9446e-01, 
 1DIAGNOSTIC,    63, -9.653315544128e-01, 9.512564247416e-06, 5.1304e+01, 8.0168e-01, 
 1DIAGNOSTIC,    64, -9.653839468956e-01, 9.231729563908e-06, 5.2116e+01, 8.1177e-01, 
 1DIAGNOSTIC,    65, -9.654312729836e-01, 8.736964446143e-06, 5.2939e+01, 8.2291e-01, 
 1DIAGNOSTIC,    66, -9.655183553696e-01, 8.206062375393e-06, 5.3765e+01, 8.2591e-01, 
 1DIAGNOSTIC,    67, -9.656170010567e-01, 8.000807611097e-06, 5.4543e+01, 7.7837e-01, 
 1DIAGNOSTIC,    68, -9.657123088837e-01, 7.805664608895e-06, 5.5360e+01, 8.1753e-01, 
 1DIAGNOSTIC,    69, -9.657673835754e-01, 7.428727712977e-06, 5.6184e+01, 8.2347e-01, 
 1DIAGNOSTIC,    70, -9.658176898956e-01, 7.231184554257e-06, 5.7005e+01, 8.2123e-01, 
 1DIAGNOSTIC,    71, -9.658564329147e-01, 6.809794285800e-06, 5.7814e+01, 8.0884e-01, 
 1DIAGNOSTIC,    72, -9.658955931664e-01, 6.174052941788e-06, 5.8622e+01, 8.0838e-01, 
 1DIAGNOSTIC,    73, -9.660129547119e-01, 6.066439709684e-06, 5.9427e+01, 8.0501e-01, 
 1DIAGNOSTIC,    74, -9.660473465919e-01, 5.759552550444e-06, 6.0240e+01, 8.1290e-01, 
 1DIAGNOSTIC,    75, -9.660813808441e-01, 5.271593636280e-06, 6.1056e+01, 8.1576e-01, 
 1DIAGNOSTIC,    76, -9.661695957184e-01, 5.016193881602e-06, 6.1869e+01, 8.1261e-01, 
 1DIAGNOSTIC,    77, -9.661831855774e-01, 4.743580120703e-06, 6.2659e+01, 7.9023e-01, 
 1DIAGNOSTIC,    78, -9.662308096886e-01, 4.602025455824e-06, 6.3464e+01, 8.0539e-01, 
 1DIAGNOSTIC,    79, -9.662598967552e-01, 4.372748662718e-06, 6.4285e+01, 8.2054e-01, 
 1DIAGNOSTIC,    80, -9.662842154503e-01, 4.045376499562e-06, 6.5075e+01, 7.9017e-01, 
 1DIAGNOSTIC,    81, -9.663547277451e-01, 3.775184268306e-06, 6.5902e+01, 8.2653e-01, 
 1DIAGNOSTIC,    82, -9.663366079330e-01, 3.245987954870e-06, 6.6716e+01, 8.1426e-01, 
 1DIAGNOSTIC,    83, -9.664048552513e-01, 3.126650199192e-06, 6.7529e+01, 8.1272e-01, 
 1DIAGNOSTIC,    84, -9.663682579994e-01, 2.732542725425e-06, 6.8330e+01, 8.0169e-01, 
 1DIAGNOSTIC,    85, -9.664800763130e-01, 2.629330992932e-06, 6.9137e+01, 8.0643e-01, 
 1DIAGNOSTIC,    86, -9.664594531059e-01, 2.534558007028e-06, 6.9916e+01, 7.7949e-01, 
 1DIAGNOSTIC,    87, -9.664989113808e-01, 2.416558800178e-06, 7.0749e+01, 8.3312e-01, 
 1DIAGNOSTIC,    88, -9.665225744247e-01, 2.345094344491e-06, 7.1572e+01, 8.2289e-01, 
 1DIAGNOSTIC,    89, -9.665536880493e-01, 2.282849891344e-06, 7.2409e+01, 8.3657e-01, 
 1DIAGNOSTIC,    90, -9.667258858681e-01, 2.677268184925e-06, 7.3184e+01, 7.7520e-01, 
 1DIAGNOSTIC,    91, -9.667066931725e-01, 2.994569967996e-06, 7.3969e+01, 7.8463e-01, 
 1DIAGNOSTIC,    92, -9.667412638664e-01, 3.108742248514e-06, 7.4769e+01, 8.0026e-01, 
 1DIAGNOSTIC,    93, -9.667873382568e-01, 3.328963202875e-06, 7.5553e+01, 7.8425e-01, 
 1DIAGNOSTIC,    94, -9.668291211128e-01, 3.255499905208e-06, 7.6349e+01, 7.9606e-01, 
 1DIAGNOSTIC,    95, -9.668037891388e-01, 3.167696831952e-06, 7.7145e+01, 7.9631e-01, 
 1DIAGNOSTIC,    96, -9.668347835541e-01, 2.843779839168e-06, 7.7963e+01, 8.1734e-01, 
 1DIAGNOSTIC,    97, -9.668526649475e-01, 2.463697910571e-06, 7.8776e+01, 8.1363e-01, 
 1DIAGNOSTIC,    98, -9.668940305710e-01, 2.080210833810e-06, 7.9601e+01, 8.2478e-01, 
 1DIAGNOSTIC,    99, -9.669402837753e-01, 1.749813577590e-06, 8.0404e+01, 8.0245e-01, 
 1DIAGNOSTIC,   100, -9.669535160065e-01, 1.843584186645e-06, 8.1236e+01, 8.3257e-01, 
XXDIAGNOSTIC,Iteration,metricValue,convergenceValue,ITERATION_TIME_INDEX,SINCE_LAST
 1DIAGNOSTIC,     1, -9.254148006439e-01, inf, 8.4353e+01, 3.1165e+00, 
 1DIAGNOSTIC,     2, -9.264211654663e-01, inf, 8.6947e+01, 2.5942e+00, 
 1DIAGNOSTIC,     3, -9.276890754700e-01, inf, 8.9531e+01, 2.5843e+00, 
 1DIAGNOSTIC,     4, -9.288759827614e-01, inf, 9.2118e+01, 2.5869e+00, 
 1DIAGNOSTIC,     5, -9.299736022949e-01, inf, 9.4699e+01, 2.5812e+00, 
 1DIAGNOSTIC,     6, -9.308214187622e-01, inf, 9.7293e+01, 2.5938e+00, 
 1DIAGNOSTIC,     7, -9.316122531891e-01, inf, 9.9875e+01, 2.5824e+00, 
 1DIAGNOSTIC,     8, -9.325135350227e-01, inf, 1.0247e+02, 2.5965e+00, 
 1DIAGNOSTIC,     9, -9.331553578377e-01, inf, 1.0508e+02, 2.6070e+00, 
 1DIAGNOSTIC,    10, -9.336069822311e-01, 5.801541847177e-04, 1.0767e+02, 2.5953e+00, 
 1DIAGNOSTIC,    11, -9.339851140976e-01, 4.765249323100e-04, 1.1026e+02, 2.5904e+00, 
 1DIAGNOSTIC,    12, -9.343449473381e-01, 3.820474375971e-04, 1.1286e+02, 2.5964e+00, 
 1DIAGNOSTIC,    13, -9.347263574600e-01, 3.060243907385e-04, 1.1546e+02, 2.5971e+00, 
 1DIAGNOSTIC,    14, -9.350708127022e-01, 2.461742842570e-04, 1.1805e+02, 2.5893e+00, 
 1DIAGNOSTIC,    15, -9.353191256523e-01, 1.992239122046e-04, 1.2064e+02, 2.5962e+00, 
 1DIAGNOSTIC,    16, -9.356424808502e-01, 1.622743438929e-04, 1.2323e+02, 2.5912e+00, 
 1DIAGNOSTIC,    17, -9.358844161034e-01, 1.330949598923e-04, 1.2581e+02, 2.5770e+00, 
 1DIAGNOSTIC,    18, -9.360482692719e-01, 1.128379662987e-04, 1.2841e+02, 2.5995e+00, 
 1DIAGNOSTIC,    19, -9.361975789070e-01, 9.700615191832e-05, 1.3100e+02, 2.5920e+00, 
 1DIAGNOSTIC,    20, -9.363435506821e-01, 8.293022983707e-05, 1.3360e+02, 2.5972e+00, 
 1DIAGNOSTIC,    21, -9.364464282990e-01, 6.949939415790e-05, 1.3620e+02, 2.5980e+00, 
 1DIAGNOSTIC,    22, -9.364817738533e-01, 5.631706517306e-05, 1.3879e+02, 2.5948e+00, 
 1DIAGNOSTIC,    23, -9.366047978401e-01, 4.578894368024e-05, 1.4139e+02, 2.5945e+00, 
 1DIAGNOSTIC,    24, -9.367296695709e-01, 3.787881360040e-05, 1.4398e+02, 2.5934e+00, 
 1DIAGNOSTIC,    25, -9.368495345116e-01, 3.155105878250e-05, 1.4656e+02, 2.5802e+00, 
 1DIAGNOSTIC,    26, -9.369472265244e-01, 2.773754022201e-05, 1.4916e+02, 2.6015e+00, 
 1DIAGNOSTIC,    27, -9.370534420013e-01, 2.562104964454e-05, 1.5177e+02, 2.6025e+00, 
 1DIAGNOSTIC,    28, -9.371715188026e-01, 2.437839430058e-05, 1.5438e+02, 2.6166e+00, 
 1DIAGNOSTIC,    29, -9.372526407242e-01, 2.338332160434e-05, 1.5698e+02, 2.6023e+00, 
 1DIAGNOSTIC,    30, -9.373323321342e-01, 2.261096415168e-05, 1.5961e+02, 2.6268e+00, 
 1DIAGNOSTIC,    31, -9.374306201935e-01, 2.182949174312e-05, 1.6221e+02, 2.5998e+00, 
 1DIAGNOSTIC,    32, -9.375169873238e-01, 2.025278445217e-05, 1.6480e+02, 2.5911e+00, 
 1DIAGNOSTIC,    33, -9.376133084297e-01, 1.893765147543e-05, 1.6740e+02, 2.5983e+00, 
 1DIAGNOSTIC,    34, -9.376807808876e-01, 1.769008304109e-05, 1.6999e+02, 2.5917e+00, 
 1DIAGNOSTIC,    35, -9.377544522285e-01, 1.659549525357e-05, 1.7259e+02, 2.5940e+00, 
 1DIAGNOSTIC,    36, -9.378436207771e-01, 1.562934266985e-05, 1.7518e+02, 2.5949e+00, 
 1DIAGNOSTIC,    37, -9.379431605339e-01, 1.497159973951e-05, 1.7778e+02, 2.6041e+00, 
 1DIAGNOSTIC,    38, -9.379956722260e-01, 1.434939349565e-05, 1.8039e+02, 2.6067e+00, 
 1DIAGNOSTIC,    39, -9.380517005920e-01, 1.353826701234e-05, 1.8300e+02, 2.6062e+00, 
 1DIAGNOSTIC,    40, -9.381406903267e-01, 1.282606717723e-05, 1.8561e+02, 2.6143e+00, 
 1DIAGNOSTIC,    41, -9.381849765778e-01, 1.203277315653e-05, 1.8822e+02, 2.6101e+00, 
 1DIAGNOSTIC,    42, -9.382701516151e-01, 1.142784822150e-05, 1.9082e+02, 2.5954e+00, 
 1DIAGNOSTIC,    43, -9.382916092873e-01, 1.065365086106e-05, 1.9341e+02, 2.5966e+00, 
 1DIAGNOSTIC,    44, -9.383705258369e-01, 9.979972674046e-06, 1.9599e+02, 2.5789e+00, 
 1DIAGNOSTIC,    45, -9.383966326714e-01, 9.104782293434e-06, 1.9860e+02, 2.6048e+00, 
 1DIAGNOSTIC,    46, -9.384145140648e-01, 8.157247975760e-06, 2.0118e+02, 2.5860e+00, 
 1DIAGNOSTIC,    47, -9.384860992432e-01, 7.641968295502e-06, 2.0378e+02, 2.5969e+00, 
 1DIAGNOSTIC,    48, -9.385369420052e-01, 7.121549515432e-06, 2.0636e+02, 2.5809e+00, 
 1DIAGNOSTIC,    49, -9.385638237000e-01, 6.502643373096e-06, 2.0895e+02, 2.5842e+00, 
 1DIAGNOSTIC,    50, -9.386270642281e-01, 6.274346105783e-06, 2.1154e+02, 2.5906e+00, 
 1DIAGNOSTIC,    51, -9.386637806892e-01, 5.983719802316e-06, 2.1413e+02, 2.5903e+00, 
 1DIAGNOSTIC,    52, -9.387032985687e-01, 5.915331257711e-06, 2.1672e+02, 2.5902e+00, 
 1DIAGNOSTIC,    53, -9.387651085854e-01, 5.803288786410e-06, 2.1931e+02, 2.5914e+00, 
 1DIAGNOSTIC,    54, -9.387844204903e-01, 5.743183464801e-06, 2.2188e+02, 2.5765e+00, 
 1DIAGNOSTIC,    55, -9.388139247894e-01, 5.501422037923e-06, 2.2449e+02, 2.6059e+00, 
 1DIAGNOSTIC,    56, -9.388144612312e-01, 4.886688657280e-06, 2.2708e+02, 2.5913e+00, 
 1DIAGNOSTIC,    57, -9.388378858566e-01, 4.382248334878e-06, 2.2967e+02, 2.5886e+00, 
 1DIAGNOSTIC,    58, -9.388563632965e-01, 3.886192644131e-06, 2.3226e+02, 2.5858e+00, 
 1DIAGNOSTIC,    59, -9.389029741287e-01, 3.455965952526e-06, 2.3486e+02, 2.5991e+00, 
 1DIAGNOSTIC,    60, -9.389262199402e-01, 3.192912572558e-06, 2.3745e+02, 2.5994e+00, 
 1DIAGNOSTIC,    61, -9.389347434044e-01, 2.907192993007e-06, 2.4006e+02, 2.6046e+00, 
 1DIAGNOSTIC,    62, -9.389798045158e-01, 2.811782451317e-06, 2.4266e+02, 2.6001e+00, 
 1DIAGNOSTIC,    63, -9.390136003494e-01, 2.951323494926e-06, 2.4527e+02, 2.6068e+00, 
 1DIAGNOSTIC,    64, -9.390298128128e-01, 3.011557964783e-06, 2.4786e+02, 2.5904e+00, 
 1DIAGNOSTIC,    65, -9.390496015549e-01, 3.061083361899e-06, 2.5044e+02, 2.5818e+00, 
 1DIAGNOSTIC,    66, -9.390940666199e-01, 3.068844080190e-06, 2.5304e+02, 2.5983e+00, 
 1DIAGNOSTIC,    67, -9.391146898270e-01, 3.020979647772e-06, 2.5562e+02, 2.5865e+00, 
 1DIAGNOSTIC,    68, -9.391542077065e-01, 2.981607622132e-06, 2.5823e+02, 2.6068e+00, 
 1DIAGNOSTIC,    69, -9.391477108002e-01, 2.875578957173e-06, 2.6082e+02, 2.5939e+00, 
 1DIAGNOSTIC,    70, -9.391720294952e-01, 2.751665988399e-06, 2.6342e+02, 2.5984e+00, 
 1DIAGNOSTIC,    71, -9.391899704933e-01, 2.515876531106e-06, 2.6601e+02, 2.5846e+00, 
 1DIAGNOSTIC,    72, -9.391744732857e-01, 2.205837745350e-06, 2.6858e+02, 2.5754e+00, 
 1DIAGNOSTIC,    73, -9.391859173775e-01, 1.925747028508e-06, 2.7117e+02, 2.5850e+00, 
 1DIAGNOSTIC,    74, -9.391751289368e-01, 1.531633529339e-06, 2.7378e+02, 2.6117e+00, 
 1DIAGNOSTIC,    75, -9.392006993294e-01, 1.222719674843e-06, 2.7638e+02, 2.6016e+00, 
 1DIAGNOSTIC,    76, -9.392199516296e-01, 1.094406002267e-06, 2.7898e+02, 2.5980e+00, 
 1DIAGNOSTIC,    77, -9.392403960228e-01, 1.061817670234e-06, 2.8157e+02, 2.5915e+00, 
 1DIAGNOSTIC,    78, -9.392561316490e-01, 1.185305336548e-06, 2.8417e+02, 2.5978e+00, 
 1DIAGNOSTIC,    79, -9.392981529236e-01, 1.364840727547e-06, 2.8677e+02, 2.6004e+00, 
 1DIAGNOSTIC,    80, -9.392880797386e-01, 1.494771595389e-06, 2.8936e+02, 2.5958e+00, 
 1DIAGNOSTIC,    81, -9.392983913422e-01, 1.624982701287e-06, 2.9197e+02, 2.6020e+00, 
 1DIAGNOSTIC,    82, -9.393276572227e-01, 1.683047003098e-06, 2.9457e+02, 2.6074e+00, 
 1DIAGNOSTIC,    83, -9.393458366394e-01, 1.721270450616e-06, 2.9716e+02, 2.5857e+00, 
 1DIAGNOSTIC,    84, -9.393794536591e-01, 1.708538661660e-06, 2.9975e+02, 2.5954e+00, 
 1DIAGNOSTIC,    85, -9.394071102142e-01, 1.756349320203e-06, 3.0236e+02, 2.6053e+00, 
 1DIAGNOSTIC,    86, -9.394302368164e-01, 1.818798295972e-06, 3.0496e+02, 2.6024e+00, 
 1DIAGNOSTIC,    87, -9.394486546516e-01, 1.873561245702e-06, 3.0756e+02, 2.5980e+00, 
 1DIAGNOSTIC,    88, -9.394485354424e-01, 1.829995312619e-06, 3.1015e+02, 2.5909e+00, 
 1DIAGNOSTIC,    89, -9.394829273224e-01, 1.908399553940e-06, 3.1274e+02, 2.5933e+00, 
 1DIAGNOSTIC,    90, -9.394893646240e-01, 1.819462340791e-06, 3.1533e+02, 2.5841e+00, 
 1DIAGNOSTIC,    91, -9.395015239716e-01, 1.664269120738e-06, 3.1792e+02, 2.5959e+00, 
 1DIAGNOSTIC,    92, -9.395106434822e-01, 1.512610879217e-06, 3.2053e+02, 2.6024e+00, 
 1DIAGNOSTIC,    93, -9.395534992218e-01, 1.448894408895e-06, 3.2313e+02, 2.6079e+00, 
 1DIAGNOSTIC,    94, -9.395583868027e-01, 1.398109816364e-06, 3.2573e+02, 2.5933e+00, 
 1DIAGNOSTIC,    95, -9.395868182182e-01, 1.424278934792e-06, 3.2832e+02, 2.5943e+00, 
 1DIAGNOSTIC,    96, -9.396162033081e-01, 1.509463800176e-06, 3.3092e+02, 2.6023e+00, 
 1DIAGNOSTIC,    97, -9.396242499352e-01, 1.560836381032e-06, 3.3354e+02, 2.6134e+00, 
 1DIAGNOSTIC,    98, -9.396538734436e-01, 1.580364369147e-06, 3.3614e+02, 2.5990e+00, 
 1DIAGNOSTIC,    99, -9.396687150002e-01, 1.627186634323e-06, 3.3872e+02, 2.5832e+00, 
 1DIAGNOSTIC,   100, -9.396302700043e-01, 1.449399746889e-06, 3.4131e+02, 2.5910e+00, 
XXDIAGNOSTIC,Iteration,metricValue,convergenceValue,ITERATION_TIME_INDEX,SINCE_LAST
 1DIAGNOSTIC,     1, -8.630771636963e-01, inf, 3.6296e+02, 2.1652e+01, 
 1DIAGNOSTIC,     2, -8.654795885086e-01, inf, 3.8405e+02, 2.1090e+01, 
 1DIAGNOSTIC,     3, -8.681474924088e-01, inf, 4.0510e+02, 2.1044e+01, 
 1DIAGNOSTIC,     4, -8.704826831818e-01, inf, 4.2610e+02, 2.1006e+01, 
 1DIAGNOSTIC,     5, -8.727433681488e-01, inf, 4.4733e+02, 2.1231e+01, 
 1DIAGNOSTIC,     6, -8.745000362396e-01, inf, 4.6845e+02, 2.1114e+01, 
 1DIAGNOSTIC,     7, -8.762601017952e-01, inf, 4.8960e+02, 2.1150e+01, 
 1DIAGNOSTIC,     8, -8.776590228081e-01, inf, 5.1066e+02, 2.1058e+01, 
 1DIAGNOSTIC,     9, -8.788497447968e-01, inf, 5.3200e+02, 2.1346e+01, 
 1DIAGNOSTIC,    10, -8.798859119415e-01, 1.245739054866e-03, 5.5326e+02, 2.1261e+01, 
 1DIAGNOSTIC,    11, -8.807289004326e-01, 1.007600687444e-03, 5.7450e+02, 2.1235e+01, 
 1DIAGNOSTIC,    12, -8.814893364906e-01, 8.038529776968e-04, 5.9567e+02, 2.1175e+01, 
 1DIAGNOSTIC,    13, -8.821679949760e-01, 6.419987767003e-04, 6.1672e+02, 2.1044e+01, 
 1DIAGNOSTIC,    14, -8.827830553055e-01, 5.128541961312e-04, 6.3774e+02, 2.1027e+01, 
 1DIAGNOSTIC,    15, -8.833500742912e-01, 4.150216700509e-04, 6.5893e+02, 2.1185e+01, 
 1DIAGNOSTIC,    16, -8.838679790497e-01, 3.371009370312e-04, 6.7993e+02, 2.1003e+01, 
 1DIAGNOSTIC,    17, -8.843465447426e-01, 2.797798952088e-04, 7.0107e+02, 2.1135e+01, 
 1DIAGNOSTIC,    18, -8.847863674164e-01, 2.358994388487e-04, 7.2224e+02, 2.1179e+01, 
 1DIAGNOSTIC,    19, -8.851878046989e-01, 2.017706283368e-04, 7.4335e+02, 2.1106e+01, 
 1DIAGNOSTIC,    20, -8.855476379395e-01, 1.748257927829e-04, 7.6455e+02, 2.1204e+01, 
 1DIAGNOSTIC,    21, -8.858891725540e-01, 1.523602113593e-04, 7.8572e+02, 2.1170e+01, 
 1DIAGNOSTIC,    22, -8.862056136131e-01, 1.335077395197e-04, 8.0675e+02, 2.1030e+01, 
 1DIAGNOSTIC,    23, -8.865033388138e-01, 1.175088546006e-04, 8.2794e+02, 2.1182e+01, 
 1DIAGNOSTIC,    24, -8.867712020874e-01, 1.037109541357e-04, 8.4903e+02, 2.1096e+01, 
 1DIAGNOSTIC,    25, -8.870280385017e-01, 9.193544974551e-05, 8.7023e+02, 2.1196e+01, 
 1DIAGNOSTIC,    26, -8.872549533844e-01, 8.168289787136e-05, 8.9164e+02, 2.1415e+01, 
 1DIAGNOSTIC,    27, -8.874680399895e-01, 7.278630073415e-05, 9.1290e+02, 2.1258e+01, 
 1DIAGNOSTIC,    28, -8.876814246178e-01, 6.521546310978e-05, 9.3419e+02, 2.1291e+01, 
 1DIAGNOSTIC,    29, -8.878734707832e-01, 5.864107151865e-05, 9.5532e+02, 2.1126e+01, 
 1DIAGNOSTIC,    30, -8.880606293678e-01, 5.287789463182e-05, 9.7655e+02, 2.1230e+01, 
 1DIAGNOSTIC,    31, -8.882381320000e-01, 4.792024628841e-05, 9.9761e+02, 2.1066e+01, 
 1DIAGNOSTIC,    32, -8.883952498436e-01, 4.354290649644e-05, 1.0190e+03, 2.1425e+01, 
 1DIAGNOSTIC,    33, -8.885419368744e-01, 3.968743840232e-05, 1.0405e+03, 2.1412e+01, 
 1DIAGNOSTIC,    34, -8.886897563934e-01, 3.627498517744e-05, 1.0617e+03, 2.1217e+01, 
 1DIAGNOSTIC,    35, -8.888190388680e-01, 3.321141048218e-05, 1.0830e+03, 2.1315e+01, 
 1DIAGNOSTIC,    36, -8.889373540878e-01, 3.029974322999e-05, 1.1041e+03, 2.1122e+01, 
 1DIAGNOSTIC,    37, -8.890597820282e-01, 2.763325210253e-05, 1.1253e+03, 2.1178e+01, 
 1DIAGNOSTIC,    38, -8.891652226448e-01, 2.522722024878e-05, 1.1464e+03, 2.1137e+01, 
 1DIAGNOSTIC,    39, -8.892776966095e-01, 2.310401578143e-05, 1.1677e+03, 2.1314e+01, 
 1DIAGNOSTIC,    40, -8.893757462502e-01, 2.122622026945e-05, 1.1891e+03, 2.1350e+01, 
 1DIAGNOSTIC,    41, -8.894526362419e-01, 1.946493648575e-05, 1.2105e+03, 2.1393e+01, 
 1DIAGNOSTIC,    42, -8.895419836044e-01, 1.787397013686e-05, 1.2316e+03, 2.1104e+01, 
 1DIAGNOSTIC,    43, -8.896322250366e-01, 1.646966848057e-05, 1.2528e+03, 2.1260e+01, 
 1DIAGNOSTIC,    44, -8.897047638893e-01, 1.521412559669e-05, 1.2741e+03, 2.1226e+01, 
 1DIAGNOSTIC,    45, -8.897938728333e-01, 1.417521161784e-05, 1.2953e+03, 2.1250e+01, 
 1DIAGNOSTIC,    46, -8.898700475693e-01, 1.323487049376e-05, 1.3165e+03, 2.1161e+01, 
 1DIAGNOSTIC,    47, -8.899476528168e-01, 1.248831995326e-05, 1.3378e+03, 2.1285e+01, 
 1DIAGNOSTIC,    48, -8.900127410889e-01, 1.176583555207e-05, 1.3591e+03, 2.1339e+01, 
 1DIAGNOSTIC,    49, -8.900829553604e-01, 1.119480293710e-05, 1.3801e+03, 2.1039e+01, 
 1DIAGNOSTIC,    50, -8.901489377022e-01, 1.067988432624e-05, 1.4014e+03, 2.1230e+01, 
 1DIAGNOSTIC,    51, -8.902143836021e-01, 1.010564392345e-05, 1.4227e+03, 2.1315e+01, 
 1DIAGNOSTIC,    52, -8.902739286423e-01, 9.551842595101e-06, 1.4440e+03, 2.1275e+01, 
 1DIAGNOSTIC,    53, -8.903322219849e-01, 9.054234396899e-06, 1.4654e+03, 2.1415e+01, 
 1DIAGNOSTIC,    54, -8.903754353523e-01, 8.441028512607e-06, 1.4869e+03, 2.1566e+01, 
 1DIAGNOSTIC,    55, -8.904268741608e-01, 7.909305168141e-06, 1.5082e+03, 2.1273e+01, 
 1DIAGNOSTIC,    56, -8.904727101326e-01, 7.381761406577e-06, 1.5295e+03, 2.1323e+01, 
 1DIAGNOSTIC,    57, -8.905239105225e-01, 6.936149475223e-06, 1.5507e+03, 2.1155e+01, 
 1DIAGNOSTIC,    58, -8.905746936798e-01, 6.525846856675e-06, 1.5720e+03, 2.1274e+01, 
 1DIAGNOSTIC,    59, -8.906214833260e-01, 6.184359790495e-06, 1.5932e+03, 2.1275e+01, 
 1DIAGNOSTIC,    60, -8.906560540199e-01, 5.842681275681e-06, 1.6146e+03, 2.1332e+01, 
 1DIAGNOSTIC,    61, -8.907000422478e-01, 5.571741439780e-06, 1.6359e+03, 2.1340e+01, 
 1DIAGNOSTIC,    62, -8.907449245453e-01, 5.356078872865e-06, 1.6570e+03, 2.1043e+01, 
 1DIAGNOSTIC,    63, -8.907824158669e-01, 5.162771230971e-06, 1.6782e+03, 2.1229e+01, 
 1DIAGNOSTIC,    64, -8.908228874207e-01, 4.941856332152e-06, 1.6995e+03, 2.1274e+01, 
 1DIAGNOSTIC,    65, -8.908650875092e-01, 4.758420345752e-06, 1.7206e+03, 2.1148e+01, 
 1DIAGNOSTIC,    66, -8.908993601799e-01, 4.552983682515e-06, 1.7418e+03, 2.1228e+01, 
 1DIAGNOSTIC,    67, -8.909332156181e-01, 4.363215794001e-06, 1.7630e+03, 2.1130e+01, 
 1DIAGNOSTIC,    68, -8.909676671028e-01, 4.201797310088e-06, 1.7840e+03, 2.1016e+01, 
 1DIAGNOSTIC,    69, -8.909981250763e-01, 4.041090960527e-06, 1.8051e+03, 2.1068e+01, 
 1DIAGNOSTIC,    70, -8.910295963287e-01, 3.838054453809e-06, 1.8263e+03, 2.1279e+01, 
XXDIAGNOSTIC,Iteration,metricValue,convergenceValue,ITERATION_TIME_INDEX,SINCE_LAST
 1DIAGNOSTIC,     1, -7.176496982574e-01, inf, 1.9984e+03, 1.7209e+02, 
 1DIAGNOSTIC,     2, -7.198978066444e-01, inf, 2.1679e+03, 1.6945e+02, 
 1DIAGNOSTIC,     3, -7.224771976471e-01, inf, 2.3387e+03, 1.7079e+02, 
 1DIAGNOSTIC,     4, -7.249577045441e-01, inf, 2.5077e+03, 1.6903e+02, 
 1DIAGNOSTIC,     5, -7.270887494087e-01, inf, 2.6776e+03, 1.6995e+02, 
 1DIAGNOSTIC,     6, -7.289942502975e-01, inf, 2.8475e+03, 1.6987e+02, 
 1DIAGNOSTIC,     7, -7.308650016785e-01, inf, 3.0183e+03, 1.7082e+02, 
 1DIAGNOSTIC,     8, -7.323580980301e-01, inf, 3.1892e+03, 1.7083e+02, 
 1DIAGNOSTIC,     9, -7.337486147881e-01, inf, 3.3592e+03, 1.7000e+02, 
 1DIAGNOSTIC,    10, -7.350395917892e-01, 1.546729472466e-03, 3.5301e+03, 1.7093e+02, 
 1DIAGNOSTIC,    11, -7.362545132637e-01, 1.290022861212e-03, 3.6998e+03, 1.6968e+02, 
 1DIAGNOSTIC,    12, -7.373856306076e-01, 1.069284975529e-03, 3.8692e+03, 1.6939e+02, 
 1DIAGNOSTIC,    13, -7.384028434753e-01, 8.928821189329e-04, 4.0391e+03, 1.6991e+02, 
 1DIAGNOSTIC,    14, -7.393264770508e-01, 7.546857814305e-04, 4.2101e+03, 1.7106e+02, 
 1DIAGNOSTIC,    15, -7.400654554367e-01, 6.399417179637e-04, 4.3814e+03, 1.7130e+02, 
 1DIAGNOSTIC,    16, -7.408423423767e-01, 5.454886122607e-04, 4.5517e+03, 1.7025e+02, 
 1DIAGNOSTIC,    17, -7.414561510086e-01, 4.682934377342e-04, 4.7222e+03, 1.7051e+02, 
 1DIAGNOSTIC,    18, -7.421267032623e-01, 4.027777758893e-04, 4.8934e+03, 1.7125e+02, 
 1DIAGNOSTIC,    19, -7.426533699036e-01, 3.456934355199e-04, 5.0649e+03, 1.7149e+02, 
 1DIAGNOSTIC,    20, -7.431524395943e-01, 2.967045002151e-04, 5.2361e+03, 1.7117e+02, 
  Elapsed time (stage 2): 5238


Total elapsed time: 5268
Using single precision for computations.
Input scalar image: /home/mpib/nemecz/Projects/miniTRK/Results/01_MRI/GroupTempl/T1w/T_template0sub-940925_T1wRepaired.nii.gz
Reference image: /home/mpib/nemecz/Projects/miniTRK/Results/01_MRI/GroupTempl/T1w/T_template0.nii.gz
=============================================================================
The composite transform comprises the following transforms (in order): 
  1. /home/mpib/nemecz/Projects/miniTRK/Results/01_MRI/GroupTempl/T1w/T_sub-940925_T1w350GenericAffine.mat (type = AffineTransform)
  2. /home/mpib/nemecz/Projects/miniTRK/Results/01_MRI/GroupTempl/T1w/T_sub-940925_T1w351Warp.nii.gz (type = DisplacementFieldTransform)
=============================================================================
Default pixel value: 0
Interpolation type: LinearInterpolateImageFunction
Output warped image: /home/mpib/nemecz/Projects/miniTRK/Results/01_MRI/GroupTempl/T1w/T_template0sub-940925_T1w35WarpedToTemplate.nii.gz
