
Running N4 for 3-dimensional images.

Mask not read.  Using the entire image as the mask.

Original intensity range:  [0, 862]

***********************************************************
Warning:  Your input image contains nonpositive values
which could cause failure or problematic results.  A
possible workaround would be to:
   1. rescale your image to positive values e.g., [10,100].
   2. run N4 on your rescaled image.
   3. (optional) rescale the N4 output to the original
      intensity range.
***********************************************************

Specified spline distance: 200mm
  original image size:  [192, 256, 256]
  padded image size:  [201, 401, 401]
  number of control points:  [4, 5, 5]

Current level = 1
  Iteration 1 (of 50).   Current convergence value = 0.000477535 (threshold = 1e-08)
  Iteration 2 (of 50).   Current convergence value = 0.000427143 (threshold = 1e-08)
  Iteration 3 (of 50).   Current convergence value = 0.000418638 (threshold = 1e-08)
  Iteration 4 (of 50).   Current convergence value = 0.000412508 (threshold = 1e-08)
  Iteration 5 (of 50).   Current convergence value = 0.000401537 (threshold = 1e-08)
  Iteration 6 (of 50).   Current convergence value = 0.000381494 (threshold = 1e-08)
  Iteration 7 (of 50).   Current convergence value = 0.000348409 (threshold = 1e-08)
  Iteration 8 (of 50).   Current convergence value = 0.000310354 (threshold = 1e-08)
  Iteration 9 (of 50).   Current convergence value = 0.000275332 (threshold = 1e-08)
  Iteration 10 (of 50).   Current convergence value = 0.000246136 (threshold = 1e-08)
  Iteration 11 (of 50).   Current convergence value = 0.000222333 (threshold = 1e-08)
  Iteration 12 (of 50).   Current convergence value = 0.000202806 (threshold = 1e-08)
  Iteration 13 (of 50).   Current convergence value = 0.000186303 (threshold = 1e-08)
  Iteration 14 (of 50).   Current convergence value = 0.000172785 (threshold = 1e-08)
  Iteration 15 (of 50).   Current convergence value = 0.000161186 (threshold = 1e-08)
  Iteration 16 (of 50).   Current convergence value = 0.000151114 (threshold = 1e-08)
  Iteration 17 (of 50).   Current convergence value = 0.000142613 (threshold = 1e-08)
  Iteration 18 (of 50).   Current convergence value = 0.000135027 (threshold = 1e-08)
  Iteration 19 (of 50).   Current convergence value = 0.000128424 (threshold = 1e-08)
  Iteration 20 (of 50).   Current convergence value = 0.000122717 (threshold = 1e-08)
  Iteration 21 (of 50).   Current convergence value = 0.000117819 (threshold = 1e-08)
  Iteration 22 (of 50).   Current convergence value = 0.000113676 (threshold = 1e-08)
  Iteration 23 (of 50).   Current convergence value = 0.000109972 (threshold = 1e-08)
  Iteration 24 (of 50).   Current convergence value = 0.000107298 (threshold = 1e-08)
  Iteration 25 (of 50).   Current convergence value = 0.00010495 (threshold = 1e-08)
  Iteration 26 (of 50).   Current convergence value = 0.000102829 (threshold = 1e-08)
  Iteration 27 (of 50).   Current convergence value = 0.000101048 (threshold = 1e-08)
  Iteration 28 (of 50).   Current convergence value = 9.96259e-05 (threshold = 1e-08)
  Iteration 29 (of 50).   Current convergence value = 9.83165e-05 (threshold = 1e-08)
  Iteration 30 (of 50).   Current convergence value = 9.71654e-05 (threshold = 1e-08)
  Iteration 31 (of 50).   Current convergence value = 9.58184e-05 (threshold = 1e-08)
  Iteration 32 (of 50).   Current convergence value = 9.47211e-05 (threshold = 1e-08)
  Iteration 33 (of 50).   Current convergence value = 9.35133e-05 (threshold = 1e-08)
  Iteration 34 (of 50).   Current convergence value = 9.26073e-05 (threshold = 1e-08)
  Iteration 35 (of 50).   Current convergence value = 9.15208e-05 (threshold = 1e-08)
  Iteration 36 (of 50).   Current convergence value = 9.04797e-05 (threshold = 1e-08)
  Iteration 37 (of 50).   Current convergence value = 8.97138e-05 (threshold = 1e-08)
  Iteration 38 (of 50).   Current convergence value = 8.88229e-05 (threshold = 1e-08)
  Iteration 39 (of 50).   Current convergence value = 8.78996e-05 (threshold = 1e-08)
  Iteration 40 (of 50).   Current convergence value = 8.69354e-05 (threshold = 1e-08)
  Iteration 41 (of 50).   Current convergence value = 8.62184e-05 (threshold = 1e-08)
  Iteration 42 (of 50).   Current convergence value = 8.55674e-05 (threshold = 1e-08)
  Iteration 43 (of 50).   Current convergence value = 8.48769e-05 (threshold = 1e-08)
  Iteration 44 (of 50).   Current convergence value = 8.42742e-05 (threshold = 1e-08)
  Iteration 45 (of 50).   Current convergence value = 8.37919e-05 (threshold = 1e-08)
  Iteration 46 (of 50).   Current convergence value = 8.3369e-05 (threshold = 1e-08)
  Iteration 47 (of 50).   Current convergence value = 8.29499e-05 (threshold = 1e-08)
  Iteration 48 (of 50).   Current convergence value = 8.2476e-05 (threshold = 1e-08)
  Iteration 49 (of 50).   Current convergence value = 8.21428e-05 (threshold = 1e-08)
  Iteration 50 (of 50).   Current convergence value = 8.18851e-05 (threshold = 1e-08)
Current level = 2
  Iteration 1 (of 50).   Current convergence value = 0.000539941 (threshold = 1e-08)
  Iteration 2 (of 50).   Current convergence value = 0.000496687 (threshold = 1e-08)
  Iteration 3 (of 50).   Current convergence value = 0.00046259 (threshold = 1e-08)
  Iteration 4 (of 50).   Current convergence value = 0.000435539 (threshold = 1e-08)
  Iteration 5 (of 50).   Current convergence value = 0.0004135 (threshold = 1e-08)
  Iteration 6 (of 50).   Current convergence value = 0.000394671 (threshold = 1e-08)
  Iteration 7 (of 50).   Current convergence value = 0.00037826 (threshold = 1e-08)
  Iteration 8 (of 50).   Current convergence value = 0.000363477 (threshold = 1e-08)
  Iteration 9 (of 50).   Current convergence value = 0.00034969 (threshold = 1e-08)
  Iteration 10 (of 50).   Current convergence value = 0.000336569 (threshold = 1e-08)
  Iteration 11 (of 50).   Current convergence value = 0.000325018 (threshold = 1e-08)
  Iteration 12 (of 50).   Current convergence value = 0.000314118 (threshold = 1e-08)
  Iteration 13 (of 50).   Current convergence value = 0.00030446 (threshold = 1e-08)
  Iteration 14 (of 50).   Current convergence value = 0.000295362 (threshold = 1e-08)
  Iteration 15 (of 50).   Current convergence value = 0.000287075 (threshold = 1e-08)
  Iteration 16 (of 50).   Current convergence value = 0.000279491 (threshold = 1e-08)
  Iteration 17 (of 50).   Current convergence value = 0.000272186 (threshold = 1e-08)
  Iteration 18 (of 50).   Current convergence value = 0.000265532 (threshold = 1e-08)
  Iteration 19 (of 50).   Current convergence value = 0.000259337 (threshold = 1e-08)
  Iteration 20 (of 50).   Current convergence value = 0.000253812 (threshold = 1e-08)
  Iteration 21 (of 50).   Current convergence value = 0.000248852 (threshold = 1e-08)
  Iteration 22 (of 50).   Current convergence value = 0.000243875 (threshold = 1e-08)
  Iteration 23 (of 50).   Current convergence value = 0.000239206 (threshold = 1e-08)
  Iteration 24 (of 50).   Current convergence value = 0.000234957 (threshold = 1e-08)
  Iteration 25 (of 50).   Current convergence value = 0.00023076 (threshold = 1e-08)
  Iteration 26 (of 50).   Current convergence value = 0.000226846 (threshold = 1e-08)
  Iteration 27 (of 50).   Current convergence value = 0.000222956 (threshold = 1e-08)
  Iteration 28 (of 50).   Current convergence value = 0.000219209 (threshold = 1e-08)
  Iteration 29 (of 50).   Current convergence value = 0.000215546 (threshold = 1e-08)
  Iteration 30 (of 50).   Current convergence value = 0.000212145 (threshold = 1e-08)
  Iteration 31 (of 50).   Current convergence value = 0.000208894 (threshold = 1e-08)
  Iteration 32 (of 50).   Current convergence value = 0.000205919 (threshold = 1e-08)
  Iteration 33 (of 50).   Current convergence value = 0.000203026 (threshold = 1e-08)
  Iteration 34 (of 50).   Current convergence value = 0.000200252 (threshold = 1e-08)
  Iteration 35 (of 50).   Current convergence value = 0.000197873 (threshold = 1e-08)
  Iteration 36 (of 50).   Current convergence value = 0.000195367 (threshold = 1e-08)
  Iteration 37 (of 50).   Current convergence value = 0.000192827 (threshold = 1e-08)
  Iteration 38 (of 50).   Current convergence value = 0.000190508 (threshold = 1e-08)
  Iteration 39 (of 50).   Current convergence value = 0.0001881 (threshold = 1e-08)
  Iteration 40 (of 50).   Current convergence value = 0.000185978 (threshold = 1e-08)
  Iteration 41 (of 50).   Current convergence value = 0.000183791 (threshold = 1e-08)
  Iteration 42 (of 50).   Current convergence value = 0.000181682 (threshold = 1e-08)
  Iteration 43 (of 50).   Current convergence value = 0.000179609 (threshold = 1e-08)
  Iteration 44 (of 50).   Current convergence value = 0.000177534 (threshold = 1e-08)
  Iteration 45 (of 50).   Current convergence value = 0.000175599 (threshold = 1e-08)
  Iteration 46 (of 50).   Current convergence value = 0.000173707 (threshold = 1e-08)
  Iteration 47 (of 50).   Current convergence value = 0.000171844 (threshold = 1e-08)
  Iteration 48 (of 50).   Current convergence value = 0.00017004 (threshold = 1e-08)
  Iteration 49 (of 50).   Current convergence value = 0.000168367 (threshold = 1e-08)
  Iteration 50 (of 50).   Current convergence value = 0.000166543 (threshold = 1e-08)
Current level = 3
  Iteration 1 (of 40).   Current convergence value = 0.00153864 (threshold = 1e-08)
  Iteration 2 (of 40).   Current convergence value = 0.00147945 (threshold = 1e-08)
  Iteration 3 (of 40).   Current convergence value = 0.00146798 (threshold = 1e-08)
  Iteration 4 (of 40).   Current convergence value = 0.00145385 (threshold = 1e-08)
  Iteration 5 (of 40).   Current convergence value = 0.00143095 (threshold = 1e-08)
  Iteration 6 (of 40).   Current convergence value = 0.00142054 (threshold = 1e-08)
  Iteration 7 (of 40).   Current convergence value = 0.00140992 (threshold = 1e-08)
  Iteration 8 (of 40).   Current convergence value = 0.00140113 (threshold = 1e-08)
  Iteration 9 (of 40).   Current convergence value = 0.00139671 (threshold = 1e-08)
  Iteration 10 (of 40).   Current convergence value = 0.00139698 (threshold = 1e-08)
  Iteration 11 (of 40).   Current convergence value = 0.00139582 (threshold = 1e-08)
  Iteration 12 (of 40).   Current convergence value = 0.00139724 (threshold = 1e-08)
  Iteration 13 (of 40).   Current convergence value = 0.00132715 (threshold = 1e-08)
  Iteration 14 (of 40).   Current convergence value = 0.00124546 (threshold = 1e-08)
  Iteration 15 (of 40).   Current convergence value = 0.00118191 (threshold = 1e-08)
  Iteration 16 (of 40).   Current convergence value = 0.00113177 (threshold = 1e-08)
  Iteration 17 (of 40).   Current convergence value = 0.00109099 (threshold = 1e-08)
  Iteration 18 (of 40).   Current convergence value = 0.00105774 (threshold = 1e-08)
  Iteration 19 (of 40).   Current convergence value = 0.00103136 (threshold = 1e-08)
  Iteration 20 (of 40).   Current convergence value = 0.00101085 (threshold = 1e-08)
  Iteration 21 (of 40).   Current convergence value = 0.000995331 (threshold = 1e-08)
  Iteration 22 (of 40).   Current convergence value = 0.000984521 (threshold = 1e-08)
  Iteration 23 (of 40).   Current convergence value = 0.000978122 (threshold = 1e-08)
  Iteration 24 (of 40).   Current convergence value = 0.000975453 (threshold = 1e-08)
  Iteration 25 (of 40).   Current convergence value = 0.000975818 (threshold = 1e-08)
  Iteration 26 (of 40).   Current convergence value = 0.000978467 (threshold = 1e-08)
  Iteration 27 (of 40).   Current convergence value = 0.000946898 (threshold = 1e-08)
  Iteration 28 (of 40).   Current convergence value = 0.000891251 (threshold = 1e-08)
  Iteration 29 (of 40).   Current convergence value = 0.000846039 (threshold = 1e-08)
  Iteration 30 (of 40).   Current convergence value = 0.000808542 (threshold = 1e-08)
  Iteration 31 (of 40).   Current convergence value = 0.000777534 (threshold = 1e-08)
  Iteration 32 (of 40).   Current convergence value = 0.000751169 (threshold = 1e-08)
  Iteration 33 (of 40).   Current convergence value = 0.00071718 (threshold = 1e-08)
  Iteration 34 (of 40).   Current convergence value = 0.000682983 (threshold = 1e-08)
  Iteration 35 (of 40).   Current convergence value = 0.000654406 (threshold = 1e-08)
  Iteration 36 (of 40).   Current convergence value = 0.000630131 (threshold = 1e-08)
  Iteration 37 (of 40).   Current convergence value = 0.0006095 (threshold = 1e-08)
  Iteration 38 (of 40).   Current convergence value = 0.000591926 (threshold = 1e-08)
  Iteration 39 (of 40).   Current convergence value = 0.000577088 (threshold = 1e-08)
  Iteration 40 (of 40).   Current convergence value = 0.000564515 (threshold = 1e-08)
Current level = 4
  Iteration 1 (of 30).   Current convergence value = 0.00202692 (threshold = 1e-08)
  Iteration 2 (of 30).   Current convergence value = 0.00169988 (threshold = 1e-08)
  Iteration 3 (of 30).   Current convergence value = 0.00157642 (threshold = 1e-08)
  Iteration 4 (of 30).   Current convergence value = 0.00145508 (threshold = 1e-08)
  Iteration 5 (of 30).   Current convergence value = 0.00137534 (threshold = 1e-08)
  Iteration 6 (of 30).   Current convergence value = 0.00131668 (threshold = 1e-08)
  Iteration 7 (of 30).   Current convergence value = 0.00126631 (threshold = 1e-08)
  Iteration 8 (of 30).   Current convergence value = 0.00119931 (threshold = 1e-08)
  Iteration 9 (of 30).   Current convergence value = 0.0011333 (threshold = 1e-08)
  Iteration 10 (of 30).   Current convergence value = 0.00108056 (threshold = 1e-08)
  Iteration 11 (of 30).   Current convergence value = 0.00103486 (threshold = 1e-08)
  Iteration 12 (of 30).   Current convergence value = 0.000993502 (threshold = 1e-08)
  Iteration 13 (of 30).   Current convergence value = 0.000955969 (threshold = 1e-08)
  Iteration 14 (of 30).   Current convergence value = 0.000921736 (threshold = 1e-08)
  Iteration 15 (of 30).   Current convergence value = 0.000890158 (threshold = 1e-08)
  Iteration 16 (of 30).   Current convergence value = 0.000860742 (threshold = 1e-08)
  Iteration 17 (of 30).   Current convergence value = 0.000833111 (threshold = 1e-08)
  Iteration 18 (of 30).   Current convergence value = 0.000807225 (threshold = 1e-08)
  Iteration 19 (of 30).   Current convergence value = 0.000782898 (threshold = 1e-08)
  Iteration 20 (of 30).   Current convergence value = 0.000759346 (threshold = 1e-08)
  Iteration 21 (of 30).   Current convergence value = 0.000736355 (threshold = 1e-08)
  Iteration 22 (of 30).   Current convergence value = 0.000713879 (threshold = 1e-08)
  Iteration 23 (of 30).   Current convergence value = 0.000691876 (threshold = 1e-08)
  Iteration 24 (of 30).   Current convergence value = 0.000670263 (threshold = 1e-08)
  Iteration 25 (of 30).   Current convergence value = 0.000649589 (threshold = 1e-08)
  Iteration 26 (of 30).   Current convergence value = 0.00062943 (threshold = 1e-08)
  Iteration 27 (of 30).   Current convergence value = 0.000610052 (threshold = 1e-08)
  Iteration 28 (of 30).   Current convergence value = 0.000591839 (threshold = 1e-08)
  Iteration 29 (of 30).   Current convergence value = 0.000574099 (threshold = 1e-08)
  Iteration 30 (of 30).   Current convergence value = 0.000557346 (threshold = 1e-08)
   N4BiasFieldCorrectionImageFilter (0x56051ca67e20)
     RTTI typeinfo:   itk::N4BiasFieldCorrectionImageFilter<itk::Image<float, 3u>, itk::Image<float, 3u>, itk::Image<float, 3u> >
     Reference Count: 1
     Modified Time: 565
     Debug: Off
     Object Name: 
     Observers: 
       IterationEvent(Command)
     Inputs: 
       ConfidenceImage: (0)
       MaskImage: (0x56051ca92660)
       Primary: (0x56051ca8da80) *
     Indexed Inputs: 
       0: Primary (0x56051ca8da80)
       1: MaskImage (0x56051ca92660)
       2: ConfidenceImage (0)
     Required Input Names: Primary
     NumberOfRequiredInputs: 1
     Outputs: 
       Primary: (0x56051ca77ef0)
     Indexed Outputs: 
       0: Primary (0x56051ca77ef0)
     NumberOfRequiredOutputs: 1
     Number Of Work Units: 32
     ReleaseDataFlag: Off
     ReleaseDataBeforeUpdateFlag: Off
     AbortGenerateData: Off
     Progress: 0
     Multithreader: 
       RTTI typeinfo:   itk::PoolMultiThreader
       Reference Count: 1
       Modified Time: 144
       Debug: Off
       Object Name: 
       Observers: 
         none
       Number of Work Units: 32
       Number of Threads: 8
       Global Maximum Number Of Threads: 128
       Global Default Number Of Threads: 8
       Global Default Threader Type: itk::MultiThreaderBaseEnums::Threader::Pool
       SingleMethod: 0
       SingleData: 0
     DynamicMultiThreading: On
     CoordinateTolerance: 1e-06
     DirectionTolerance: 1e-06
     Use Mask Label: 0
     Mask label: 1
     Number of histogram bins: 200
     Wiener filter noise: 0.01
     Bias field FWHM: 0.15
     Maximum number of iterations: [50, 50, 40, 30]
     Convergence threshold: 1e-08
     Spline order: 3
     Number of fitting levels: [4, 4, 4]
     Number of control points: [4, 5, 5]
     CurrentConvergenceMeasurement: 0.000557346
     CurrentLevel: 4
     ElapsedIterations: 31
     LogBiasFieldControlPointLattice: 
       Image (0x560523571280)
         RTTI typeinfo:   itk::Image<itk::Vector<float, 1u>, 3u>
         Reference Count: 1
         Modified Time: 343560
         Debug: Off
         Object Name: 
         Observers: 
           none
         Source: (none)
         Source output name: (none)
         Release Data: Off
         Data Released: False
         Global Release Data: Off
         PipelineMTime: 0
         UpdateMTime: 0
         RealTimeStamp: 0 seconds 
         LargestPossibleRegion: 
           Dimension: 3
           Index: [0, 0, 0]
           Size: [11, 19, 19]
         BufferedRegion: 
           Dimension: 3
           Index: [0, 0, 0]
           Size: [11, 19, 19]
         RequestedRegion: 
           Dimension: 3
           Index: [0, 0, 0]
           Size: [11, 19, 19]
         Spacing: [24.75, 24.875, 24.875]
         Origin: [26.0709, 23.344, -25.0092]
         Direction: 
-0.998839 -0.00653922 -0.047718
0.00385499 -0.998416 0.0561286
-0.0480094 0.0558795 0.997283

         IndexToPointMatrix: 
-24.7213 -0.162663 -1.18698
0.0954111 -24.8356 1.3962
-1.18823 1.39 24.8074

         PointToIndexMatrix: 
-0.0403571 0.000155757 -0.00193978
-0.000262883 -0.0401373 0.00224641
-0.00191831 0.00225643 0.0400918

         Inverse Direction: 
-0.998839 0.00385499 -0.0480094
-0.00653922 -0.998416 0.0558795
-0.047718 0.0561286 0.997283

         PixelContainer: 
           ImportImageContainer (0x560523575c10)
             RTTI typeinfo:   itk::ImportImageContainer<unsigned long, itk::Vector<float, 1u> >
             Reference Count: 1
             Modified Time: 343561
             Debug: Off
             Object Name: 
             Observers: 
               none
             Pointer: 0x560526c03ef0
             Container manages memory: true
             Size: 3971
             Capacity: 3971
Elapsed time: 303.429
All_Command_lines_OK
Using single precision for computations.
=============================================================================
The composite transform comprises the following transforms (in order): 
  1. Center of mass alignment using fixed image: /home/mpib/nemecz/Projects/miniTRK/Results/01_MRI/GroupTempl/T1w/T_template0.nii.gz and moving image: /home/mpib/nemecz/Projects/miniTRK/Analysis/01_MRI/Preproc/GroupTempl/T1w/sub-782818_T1w.nii.gz (type = Euler3DTransform)
=============================================================================
  number of levels = 4
  number of levels = 4
  number of levels = 4
  fixed image: /home/mpib/nemecz/Projects/miniTRK/Results/01_MRI/GroupTempl/T1w/T_template0.nii.gz
  moving image: /home/mpib/nemecz/Projects/miniTRK/Results/01_MRI/GroupTempl/T1w/T_template0sub-782818_T1wRepaired.nii.gz
  fixed image: /home/mpib/nemecz/Projects/miniTRK/Results/01_MRI/GroupTempl/T1w/T_template0.nii.gz
  moving image: /home/mpib/nemecz/Projects/miniTRK/Results/01_MRI/GroupTempl/T1w/T_template0sub-782818_T1wRepaired.nii.gz
  fixed image: /home/mpib/nemecz/Projects/miniTRK/Results/01_MRI/GroupTempl/T1w/T_template0.nii.gz
  moving image: /home/mpib/nemecz/Projects/miniTRK/Results/01_MRI/GroupTempl/T1w/T_template0sub-782818_T1wRepaired.nii.gz
Dimension = 3
Number of stages = 3
Use Histogram Matching true
Winsorize image intensities true
Lower quantile = 0.01
Upper quantile = 0.99
Stage 1 State
   Image metric = Mattes
     Fixed image = Image (0x5654a1824ad0)
  RTTI typeinfo:   itk::Image<float, 3u>
  Reference Count: 2
  Modified Time: 1721
  Debug: Off
  Object Name: 
  Observers: 
    none
  Source: (none)
  Source output name: (none)
  Release Data: Off
  Data Released: False
  Global Release Data: Off
  PipelineMTime: 0
  UpdateMTime: 1506
  RealTimeStamp: 0 seconds 
  LargestPossibleRegion: 
    Dimension: 3
    Index: [0, 0, 0]
    Size: [192, 256, 256]
  BufferedRegion: 
    Dimension: 3
    Index: [0, 0, 0]
    Size: [192, 256, 256]
  RequestedRegion: 
    Dimension: 3
    Index: [0, 0, 0]
    Size: [192, 256, 256]
  Spacing: [1, 1, 1]
  Origin: [95.0313, 100.538, -154.123]
  Direction: 
-0.999853 -0.014134 -0.00966312
0.014129 -0.9999 0.000586045
-0.00967044 0.000449429 0.999953

  IndexToPointMatrix: 
-0.999853 -0.014134 -0.00966312
0.014129 -0.9999 0.000586045
-0.00967044 0.000449429 0.999953

  PointToIndexMatrix: 
-0.999853 0.014129 -0.00967044
-0.014134 -0.9999 0.000449429
-0.00966312 0.000586045 0.999953

  Inverse Direction: 
-0.999853 0.014129 -0.00967044
-0.014134 -0.9999 0.000449429
-0.00966312 0.000586045 0.999953

  PixelContainer: 
    ImportImageContainer (0x5654a182cc80)
      RTTI typeinfo:   itk::ImportImageContainer<unsigned long, float>
      Reference Count: 1
      Modified Time: 1503
      Debug: Off
      Object Name: 
      Observers: 
        none
      Pointer: 0x7f58bc816010
      Container manages memory: true
      Size: 12582912
      Capacity: 12582912

     Moving image = Image (0x5654a1825bc0)
  RTTI typeinfo:   itk::Image<float, 3u>
  Reference Count: 2
  Modified Time: 1722
  Debug: Off
  Object Name: 
  Observers: 
    none
  Source: (none)
  Source output name: (none)
  Release Data: Off
  Data Released: False
  Global Release Data: Off
  PipelineMTime: 0
  UpdateMTime: 1719
  RealTimeStamp: 0 seconds 
  LargestPossibleRegion: 
    Dimension: 3
    Index: [0, 0, 0]
    Size: [192, 256, 256]
  BufferedRegion: 
    Dimension: 3
    Index: [0, 0, 0]
    Size: [192, 256, 256]
  RequestedRegion: 
    Dimension: 3
    Index: [0, 0, 0]
    Size: [192, 256, 256]
  Spacing: [1, 1, 1]
  Origin: [99.1239, 89.813, -147.258]
  Direction: 
-0.998839 -0.00653922 -0.047718
0.00385499 -0.998416 0.0561286
-0.0480094 0.0558795 0.997283

  IndexToPointMatrix: 
-0.998839 -0.00653922 -0.047718
0.00385499 -0.998416 0.0561286
-0.0480094 0.0558795 0.997283

  PointToIndexMatrix: 
-0.998839 0.00385499 -0.0480094
-0.00653922 -0.998416 0.0558795
-0.047718 0.0561286 0.997283

  Inverse Direction: 
-0.998839 0.00385499 -0.0480094
-0.00653922 -0.998416 0.0558795
-0.047718 0.0561286 0.997283

  PixelContainer: 
    ImportImageContainer (0x5654a1831100)
      RTTI typeinfo:   itk::ImportImageContainer<unsigned long, float>
      Reference Count: 1
      Modified Time: 1716
      Debug: Off
      Object Name: 
      Observers: 
        none
      Pointer: 0x7f58b9815010
      Container manages memory: true
      Size: 12582912
      Capacity: 12582912

     Weighting = 1
     Sampling strategy = regular
     Number of bins = 32
     Radius = 4
     Sampling percentage  = 0.25
   Transform = Rigid
     Gradient step = 0.1
     Update field sigma (voxel space) = 0
     Total field sigma (voxel space) = 0
     Update field time sigma = 0
     Total field time sigma  = 0
     Number of time indices = 0
     Number of time point samples = 0
Stage 2 State
   Image metric = Mattes
     Fixed image = Image (0x5654a183d870)
  RTTI typeinfo:   itk::Image<float, 3u>
  Reference Count: 2
  Modified Time: 2149
  Debug: Off
  Object Name: 
  Observers: 
    none
  Source: (none)
  Source output name: (none)
  Release Data: Off
  Data Released: False
  Global Release Data: Off
  PipelineMTime: 0
  UpdateMTime: 1934
  RealTimeStamp: 0 seconds 
  LargestPossibleRegion: 
    Dimension: 3
    Index: [0, 0, 0]
    Size: [192, 256, 256]
  BufferedRegion: 
    Dimension: 3
    Index: [0, 0, 0]
    Size: [192, 256, 256]
  RequestedRegion: 
    Dimension: 3
    Index: [0, 0, 0]
    Size: [192, 256, 256]
  Spacing: [1, 1, 1]
  Origin: [95.0313, 100.538, -154.123]
  Direction: 
-0.999853 -0.014134 -0.00966312
0.014129 -0.9999 0.000586045
-0.00967044 0.000449429 0.999953

  IndexToPointMatrix: 
-0.999853 -0.014134 -0.00966312
0.014129 -0.9999 0.000586045
-0.00967044 0.000449429 0.999953

  PointToIndexMatrix: 
-0.999853 0.014129 -0.00967044
-0.014134 -0.9999 0.000449429
-0.00966312 0.000586045 0.999953

  Inverse Direction: 
-0.999853 0.014129 -0.00967044
-0.014134 -0.9999 0.000449429
-0.00966312 0.000586045 0.999953

  PixelContainer: 
    ImportImageContainer (0x5654a18286d0)
      RTTI typeinfo:   itk::ImportImageContainer<unsigned long, float>
      Reference Count: 1
      Modified Time: 1931
      Debug: Off
      Object Name: 
      Observers: 
        none
      Pointer: 0x7f58b6814010
      Container manages memory: true
      Size: 12582912
      Capacity: 12582912

     Moving image = Image (0x5654a183d4c0)
  RTTI typeinfo:   itk::Image<float, 3u>
  Reference Count: 2
  Modified Time: 2150
  Debug: Off
  Object Name: 
  Observers: 
    none
  Source: (none)
  Source output name: (none)
  Release Data: Off
  Data Released: False
  Global Release Data: Off
  PipelineMTime: 0
  UpdateMTime: 2147
  RealTimeStamp: 0 seconds 
  LargestPossibleRegion: 
    Dimension: 3
    Index: [0, 0, 0]
    Size: [192, 256, 256]
  BufferedRegion: 
    Dimension: 3
    Index: [0, 0, 0]
    Size: [192, 256, 256]
  RequestedRegion: 
    Dimension: 3
    Index: [0, 0, 0]
    Size: [192, 256, 256]
  Spacing: [1, 1, 1]
  Origin: [99.1239, 89.813, -147.258]
  Direction: 
-0.998839 -0.00653922 -0.047718
0.00385499 -0.998416 0.0561286
-0.0480094 0.0558795 0.997283

  IndexToPointMatrix: 
-0.998839 -0.00653922 -0.047718
0.00385499 -0.998416 0.0561286
-0.0480094 0.0558795 0.997283

  PointToIndexMatrix: 
-0.998839 0.00385499 -0.0480094
-0.00653922 -0.998416 0.0558795
-0.047718 0.0561286 0.997283

  Inverse Direction: 
-0.998839 0.00385499 -0.0480094
-0.00653922 -0.998416 0.0558795
-0.047718 0.0561286 0.997283

  PixelContainer: 
    ImportImageContainer (0x5654a183e8c0)
      RTTI typeinfo:   itk::ImportImageContainer<unsigned long, float>
      Reference Count: 1
      Modified Time: 2144
      Debug: Off
      Object Name: 
      Observers: 
        none
      Pointer: 0x7f58b3813010
      Container manages memory: true
      Size: 12582912
      Capacity: 12582912

     Weighting = 1
     Sampling strategy = regular
     Number of bins = 32
     Radius = 4
     Sampling percentage  = 0.25
   Transform = Affine
     Gradient step = 0.1
     Update field sigma (voxel space) = 0
     Total field sigma (voxel space) = 0
     Update field time sigma = 0
     Total field time sigma  = 0
     Number of time indices = 0
     Number of time point samples = 0
Stage 3 State
   Image metric = CC
     Fixed image = Image (0x5654a1844960)
  RTTI typeinfo:   itk::Image<float, 3u>
  Reference Count: 2
  Modified Time: 2577
  Debug: Off
  Object Name: 
  Observers: 
    none
  Source: (none)
  Source output name: (none)
  Release Data: Off
  Data Released: False
  Global Release Data: Off
  PipelineMTime: 0
  UpdateMTime: 2362
  RealTimeStamp: 0 seconds 
  LargestPossibleRegion: 
    Dimension: 3
    Index: [0, 0, 0]
    Size: [192, 256, 256]
  BufferedRegion: 
    Dimension: 3
    Index: [0, 0, 0]
    Size: [192, 256, 256]
  RequestedRegion: 
    Dimension: 3
    Index: [0, 0, 0]
    Size: [192, 256, 256]
  Spacing: [1, 1, 1]
  Origin: [95.0313, 100.538, -154.123]
  Direction: 
-0.999853 -0.014134 -0.00966312
0.014129 -0.9999 0.000586045
-0.00967044 0.000449429 0.999953

  IndexToPointMatrix: 
-0.999853 -0.014134 -0.00966312
0.014129 -0.9999 0.000586045
-0.00967044 0.000449429 0.999953

  PointToIndexMatrix: 
-0.999853 0.014129 -0.00967044
-0.014134 -0.9999 0.000449429
-0.00966312 0.000586045 0.999953

  Inverse Direction: 
-0.999853 0.014129 -0.00967044
-0.014134 -0.9999 0.000449429
-0.00966312 0.000586045 0.999953

  PixelContainer: 
    ImportImageContainer (0x5654a1825660)
      RTTI typeinfo:   itk::ImportImageContainer<unsigned long, float>
      Reference Count: 1
      Modified Time: 2359
      Debug: Off
      Object Name: 
      Observers: 
        none
      Pointer: 0x7f58b0812010
      Container manages memory: true
      Size: 12582912
      Capacity: 12582912

     Moving image = Image (0x5654a1846840)
  RTTI typeinfo:   itk::Image<float, 3u>
  Reference Count: 2
  Modified Time: 2578
  Debug: Off
  Object Name: 
  Observers: 
    none
  Source: (none)
  Source output name: (none)
  Release Data: Off
  Data Released: False
  Global Release Data: Off
  PipelineMTime: 0
  UpdateMTime: 2575
  RealTimeStamp: 0 seconds 
  LargestPossibleRegion: 
    Dimension: 3
    Index: [0, 0, 0]
    Size: [192, 256, 256]
  BufferedRegion: 
    Dimension: 3
    Index: [0, 0, 0]
    Size: [192, 256, 256]
  RequestedRegion: 
    Dimension: 3
    Index: [0, 0, 0]
    Size: [192, 256, 256]
  Spacing: [1, 1, 1]
  Origin: [99.1239, 89.813, -147.258]
  Direction: 
-0.998839 -0.00653922 -0.047718
0.00385499 -0.998416 0.0561286
-0.0480094 0.0558795 0.997283

  IndexToPointMatrix: 
-0.998839 -0.00653922 -0.047718
0.00385499 -0.998416 0.0561286
-0.0480094 0.0558795 0.997283

  PointToIndexMatrix: 
-0.998839 0.00385499 -0.0480094
-0.00653922 -0.998416 0.0558795
-0.047718 0.0561286 0.997283

  Inverse Direction: 
-0.998839 0.00385499 -0.0480094
-0.00653922 -0.998416 0.0558795
-0.047718 0.0561286 0.997283

  PixelContainer: 
    ImportImageContainer (0x5654a1843660)
      RTTI typeinfo:   itk::ImportImageContainer<unsigned long, float>
      Reference Count: 1
      Modified Time: 2572
      Debug: Off
      Object Name: 
      Observers: 
        none
      Pointer: 0x7f58ad811010
      Container manages memory: true
      Size: 12582912
      Capacity: 12582912

     Weighting = 1
     Sampling strategy = none
     Number of bins = 32
     Radius = 4
     Sampling percentage  = 1
   Transform = SyN
     Gradient step = 0.1
     Update field sigma (voxel space) = 3
     Total field sigma (voxel space) = 0
     Update field time sigma = 0
     Total field time sigma  = 0
     Number of time indices = 0
     Number of time point samples = 0
Registration using 3 total stages.

Stage 0
  iterations = 1000x500x250x0
  convergence threshold = 1e-06
  convergence window size = 10
  number of levels = 4
  using the Mattes MI metric (number of bins = 32, weight = 1)
  preprocessing:  winsorizing the image intensities
  preprocessing:  histogram matching the images
  Shrink factors (level 1 out of 4): [6, 6, 6]
  Shrink factors (level 2 out of 4): [4, 4, 4]
  Shrink factors (level 3 out of 4): [2, 2, 2]
  Shrink factors (level 4 out of 4): [1, 1, 1]
  smoothing sigmas per level: [4, 2, 1, 0]
  regular sampling (percentage = 0.25)

*** Running Euler3DTransform registration ***

DIAGNOSTIC,Iteration,metricValue,convergenceValue,ITERATION_TIME_INDEX,SINCE_LAST
 2DIAGNOSTIC,     1, -8.451717495918e-01, inf, 8.4407e-01, 8.4407e-01, 
 2DIAGNOSTIC,     2, -8.472583889961e-01, inf, 8.5343e-01, 9.3639e-03, 
 2DIAGNOSTIC,     3, -8.505638837814e-01, inf, 8.6311e-01, 9.6841e-03, 
 2DIAGNOSTIC,     4, -8.553556203842e-01, inf, 8.7226e-01, 9.1479e-03, 
 2DIAGNOSTIC,     5, -8.606814742088e-01, inf, 8.8160e-01, 9.3410e-03, 
 2DIAGNOSTIC,     6, -8.663087487221e-01, inf, 8.9059e-01, 8.9848e-03, 
 2DIAGNOSTIC,     7, -8.711702227592e-01, inf, 8.9976e-01, 9.1691e-03, 
 2DIAGNOSTIC,     8, -8.758797049522e-01, inf, 9.0921e-01, 9.4490e-03, 
 2DIAGNOSTIC,     9, -8.847472071648e-01, inf, 9.1854e-01, 9.3341e-03, 
 2DIAGNOSTIC,    10, -8.926574587822e-01, 3.496673656628e-03, 9.3292e-01, 1.4381e-02, 
 2DIAGNOSTIC,    11, -8.964489102364e-01, 3.411736572161e-03, 9.4254e-01, 9.6231e-03, 
 2DIAGNOSTIC,    12, -8.980331420898e-01, 3.137647407129e-03, 9.5188e-01, 9.3398e-03, 
 2DIAGNOSTIC,    13, -9.029550552368e-01, 2.829940523952e-03, 9.6240e-01, 1.0518e-02, 
 2DIAGNOSTIC,    14, -9.064012169838e-01, 2.495743334293e-03, 9.7687e-01, 1.4471e-02, 
 2DIAGNOSTIC,    15, -9.066791534424e-01, 2.096704440191e-03, 9.8603e-01, 9.1569e-03, 
 2DIAGNOSTIC,    16, -9.081406593323e-01, 1.702016685158e-03, 9.9743e-01, 1.1400e-02, 
 2DIAGNOSTIC,    17, -9.083924889565e-01, 1.297128968872e-03, 1.0085e+00, 1.1045e-02, 
 2DIAGNOSTIC,    18, -9.086417555809e-01, 9.045132319443e-04, 1.0179e+00, 9.4059e-03, 
 2DIAGNOSTIC,    19, -9.090636968613e-01, 6.244444521144e-04, 1.0292e+00, 1.1285e-02, 
 2DIAGNOSTIC,    20, -9.093645811081e-01, 4.465647798497e-04, 1.0389e+00, 9.6972e-03, 
 2DIAGNOSTIC,    21, -9.096514582634e-01, 3.076113935094e-04, 1.0486e+00, 9.6960e-03, 
 2DIAGNOSTIC,    22, -9.099064469337e-01, 1.783303450793e-04, 1.0608e+00, 1.2257e-02, 
 2DIAGNOSTIC,    23, -9.100216031075e-01, 1.130200980697e-04, 1.0732e+00, 1.2337e-02, 
 2DIAGNOSTIC,    24, -9.101322889328e-01, 9.031069203047e-05, 1.0828e+00, 9.6681e-03, 
 2DIAGNOSTIC,    25, -9.104793667793e-01, 6.858145206934e-05, 1.0946e+00, 1.1829e-02, 
 2DIAGNOSTIC,    26, -9.106034040451e-01, 6.155616574688e-05, 1.1053e+00, 1.0656e-02, 
 2DIAGNOSTIC,    27, -9.105949997902e-01, 5.225401400821e-05, 1.1149e+00, 9.5470e-03, 
 2DIAGNOSTIC,    28, -9.105918407440e-01, 4.162091499893e-05, 1.1245e+00, 9.6810e-03, 
 2DIAGNOSTIC,    29, -9.105125069618e-01, 3.164857844240e-05, 1.1329e+00, 8.3630e-03, 
 2DIAGNOSTIC,    30, -9.105291962624e-01, 2.275178485434e-05, 1.1424e+00, 9.4721e-03, 
 2DIAGNOSTIC,    31, -9.105803370476e-01, 1.576333670528e-05, 1.1518e+00, 9.4671e-03, 
 2DIAGNOSTIC,    32, -9.105331897736e-01, 9.897186828312e-06, 1.1615e+00, 9.6481e-03, 
 2DIAGNOSTIC,    33, -9.105245471001e-01, 4.629589057004e-06, 1.1696e+00, 8.1489e-03, 
DIAGNOSTIC,Iteration,metricValue,convergenceValue,ITERATION_TIME_INDEX,SINCE_LAST
 2DIAGNOSTIC,     1, -7.184199690819e-01, inf, 1.8697e+00, 7.0005e-01, 
 2DIAGNOSTIC,     2, -7.192083597183e-01, inf, 1.9006e+00, 3.0912e-02, 
 2DIAGNOSTIC,     3, -7.197122573853e-01, inf, 1.9315e+00, 3.0914e-02, 
 2DIAGNOSTIC,     4, -7.199167609215e-01, inf, 1.9683e+00, 3.6784e-02, 
 2DIAGNOSTIC,     5, -7.199624180794e-01, inf, 2.0024e+00, 3.4140e-02, 
 2DIAGNOSTIC,     6, -7.199686169624e-01, inf, 2.0364e+00, 3.3952e-02, 
 2DIAGNOSTIC,     7, -7.200380563736e-01, inf, 2.0746e+00, 3.8174e-02, 
 2DIAGNOSTIC,     8, -7.200370430946e-01, inf, 2.1053e+00, 3.0694e-02, 
 2DIAGNOSTIC,     9, -7.200578451157e-01, inf, 2.1347e+00, 2.9444e-02, 
 2DIAGNOSTIC,    10, -7.201260328293e-01, 1.111343299272e-04, 2.1686e+00, 3.3881e-02, 
 2DIAGNOSTIC,    11, -7.202632427216e-01, 5.895088543184e-05, 2.2051e+00, 3.6494e-02, 
 2DIAGNOSTIC,    12, -7.204777002335e-01, 4.293866004446e-05, 2.2725e+00, 6.7389e-02, 
 2DIAGNOSTIC,    13, -7.204976081848e-01, 4.139135853620e-05, 2.3089e+00, 3.6466e-02, 
 2DIAGNOSTIC,    14, -7.204775810242e-01, 4.183022974757e-05, 2.3502e+00, 4.1272e-02, 
 2DIAGNOSTIC,    15, -7.204744219780e-01, 3.980223118560e-05, 2.3919e+00, 4.1678e-02, 
 2DIAGNOSTIC,    16, -7.204896211624e-01, 3.498042860883e-05, 2.4289e+00, 3.7050e-02, 
 2DIAGNOSTIC,    17, -7.205022573471e-01, 2.951089118142e-05, 2.4759e+00, 4.6950e-02, 
 2DIAGNOSTIC,    18, -7.205066084862e-01, 2.219503767265e-05, 2.5233e+00, 4.7387e-02, 
 2DIAGNOSTIC,    19, -7.205020785332e-01, 1.417276689608e-05, 2.5736e+00, 5.0311e-02, 
 2DIAGNOSTIC,    20, -7.204962372780e-01, 7.011055458861e-06, 2.6146e+00, 4.1045e-02, 
 2DIAGNOSTIC,    21, -7.204967141151e-01, 2.495272156011e-06, 2.6613e+00, 4.6675e-02, 
 2DIAGNOSTIC,    22, -7.204974293709e-01, 2.135262775482e-06, 2.7027e+00, 4.1425e-02, 
 2DIAGNOSTIC,    23, -7.204844951630e-01, 1.871603558357e-06, 2.7429e+00, 4.0178e-02, 
 2DIAGNOSTIC,    24, -7.204847931862e-01, 1.275366344089e-06, 2.7788e+00, 3.5878e-02, 
DIAGNOSTIC,Iteration,metricValue,convergenceValue,ITERATION_TIME_INDEX,SINCE_LAST
 2DIAGNOSTIC,     1, -6.365361809731e-01, inf, 3.9408e+00, 1.1620e+00, 
 2DIAGNOSTIC,     2, -6.367062330246e-01, inf, 4.1785e+00, 2.3769e-01, 
 2DIAGNOSTIC,     3, -6.367372274399e-01, inf, 4.4623e+00, 2.8381e-01, 
 2DIAGNOSTIC,     4, -6.367387175560e-01, inf, 4.7335e+00, 2.7121e-01, 
 2DIAGNOSTIC,     5, -6.367421150208e-01, inf, 4.9612e+00, 2.2763e-01, 
 2DIAGNOSTIC,     6, -6.367459297180e-01, inf, 5.2255e+00, 2.6431e-01, 
 2DIAGNOSTIC,     7, -6.367530226707e-01, inf, 5.4584e+00, 2.3292e-01, 
 2DIAGNOSTIC,     8, -6.367780566216e-01, inf, 5.6907e+00, 2.3233e-01, 
 2DIAGNOSTIC,     9, -6.368021965027e-01, inf, 5.9227e+00, 2.3197e-01, 
 2DIAGNOSTIC,    10, -6.368520259857e-01, 2.262640555273e-05, 6.3275e+00, 4.0485e-01, 
 2DIAGNOSTIC,    11, -6.368541717529e-01, 1.550092929392e-05, 6.5966e+00, 2.6903e-01, 
 2DIAGNOSTIC,    12, -6.368532776833e-01, 1.472035546612e-05, 6.8932e+00, 2.9664e-01, 
 2DIAGNOSTIC,    13, -6.368509531021e-01, 1.396769312123e-05, 7.1982e+00, 3.0501e-01, 
 2DIAGNOSTIC,    14, -6.368496417999e-01, 1.226487165695e-05, 7.4743e+00, 2.7611e-01, 
 2DIAGNOSTIC,    15, -6.368500590324e-01, 9.973721716960e-06, 7.7314e+00, 2.5704e-01, 
 2DIAGNOSTIC,    16, -6.368493437767e-01, 7.341102445935e-06, 7.9603e+00, 2.2891e-01, 
 2DIAGNOSTIC,    17, -6.368499994278e-01, 4.739538326248e-06, 8.2174e+00, 2.5714e-01, 
 2DIAGNOSTIC,    18, -6.368514895439e-01, 2.819043174895e-06, 8.4825e+00, 2.6505e-01, 
 2DIAGNOSTIC,    19, -6.368500590324e-01, 1.503015482740e-06, 8.7410e+00, 2.5850e-01, 
 2DIAGNOSTIC,    20, -6.368499994278e-01, 1.444278609597e-06, 9.0001e+00, 2.5915e-01, 
 2DIAGNOSTIC,    21, -6.368502378464e-01, 1.455292363062e-06, 9.2584e+00, 2.5827e-01, 
 2DIAGNOSTIC,    22, -6.368494033813e-01, 1.436063371330e-06, 9.6021e+00, 3.4376e-01, 
 2DIAGNOSTIC,    23, -6.368490457535e-01, 1.368060907225e-06, 9.8562e+00, 2.5407e-01, 
 2DIAGNOSTIC,    24, -6.368489861488e-01, 1.281885943172e-06, 1.0114e+01, 2.5734e-01, 
 2DIAGNOSTIC,    25, -6.368487477303e-01, 1.210644086314e-06, 1.0460e+01, 3.4636e-01, 
 2DIAGNOSTIC,    26, -6.368486881256e-01, 1.136976493399e-06, 1.0718e+01, 2.5759e-01, 
 2DIAGNOSTIC,    27, -6.368486285210e-01, 1.085969188352e-06, 1.0976e+01, 2.5832e-01, 
 2DIAGNOSTIC,    28, -6.368487477303e-01, 1.073766156878e-06, 1.1235e+01, 2.5962e-01, 
 2DIAGNOSTIC,    29, -6.368486285210e-01, 1.044278178597e-06, 1.1504e+01, 2.6874e-01, 
 2DIAGNOSTIC,    30, -6.368485689163e-01, 1.019749674924e-06, 1.1800e+01, 2.9592e-01, 
 2DIAGNOSTIC,    31, -6.368485689163e-01, 1.004414230010e-06, 1.2056e+01, 2.5611e-01, 
DIAGNOSTIC,Iteration,metricValue,convergenceValue,ITERATION_TIME_INDEX,SINCE_LAST
 2DIAGNOSTIC,     1, -5.781412124634e-01, inf, 1.4702e+01, 2.6462e+00, 
  Elapsed time (stage 0): 1.5985e+01


Stage 1
  iterations = 1000x500x250x0
  convergence threshold = 1.0000e-06
  convergence window size = 10
  number of levels = 4
  using the Mattes MI metric (number of bins = 32, weight = 1.0000e+00)
  preprocessing:  winsorizing the image intensities
  preprocessing:  histogram matching the images
  Shrink factors (level 1 out of 4): [6, 6, 6]
  Shrink factors (level 2 out of 4): [4, 4, 4]
  Shrink factors (level 3 out of 4): [2, 2, 2]
  Shrink factors (level 4 out of 4): [1, 1, 1]
  smoothing sigmas per level: [4, 2, 1, 0]
  regular sampling (percentage = 2.5000e-01)

*** Running AffineTransform registration ***

DIAGNOSTIC,Iteration,metricValue,convergenceValue,ITERATION_TIME_INDEX,SINCE_LAST
 2DIAGNOSTIC,     1, -9.116454124451e-01, inf, 8.0099e-01, 8.0099e-01, 
 2DIAGNOSTIC,     2, -9.135401844978e-01, inf, 8.1070e-01, 9.7070e-03, 
 2DIAGNOSTIC,     3, -9.166862368584e-01, inf, 8.2002e-01, 9.3260e-03, 
 2DIAGNOSTIC,     4, -9.219245314598e-01, inf, 8.2993e-01, 9.9089e-03, 
 2DIAGNOSTIC,     5, -9.301255941391e-01, inf, 8.3954e-01, 9.6068e-03, 
 2DIAGNOSTIC,     6, -9.421762228012e-01, inf, 8.4916e-01, 9.6240e-03, 
 2DIAGNOSTIC,     7, -9.560438394547e-01, inf, 8.6019e-01, 1.1026e-02, 
 2DIAGNOSTIC,     8, -9.771611094475e-01, inf, 8.7280e-01, 1.2615e-02, 
 2DIAGNOSTIC,     9, -9.827515482903e-01, inf, 8.8829e-01, 1.5489e-02, 
 2DIAGNOSTIC,    10, -9.828346967697e-01, 5.787882953882e-03, 9.0062e-01, 1.2323e-02, 
 2DIAGNOSTIC,    11, -9.827784895897e-01, 5.295069422573e-03, 9.1037e-01, 9.7542e-03, 
 2DIAGNOSTIC,    12, -9.827586412430e-01, 4.457002971321e-03, 9.2038e-01, 1.0009e-02, 
 2DIAGNOSTIC,    13, -9.827592968941e-01, 3.416569670662e-03, 9.3160e-01, 1.1221e-02, 
 2DIAGNOSTIC,    14, -9.827198386192e-01, 2.329471986741e-03, 9.4220e-01, 1.0602e-02, 
 2DIAGNOSTIC,    15, -9.827029705048e-01, 1.344218268059e-03, 9.5262e-01, 1.0417e-02, 
 2DIAGNOSTIC,    16, -9.826902747154e-01, 5.846219719388e-04, 9.6179e-01, 9.1741e-03, 
 2DIAGNOSTIC,    17, -9.826933741570e-01, 9.527621296002e-05, 9.7181e-01, 1.0012e-02, 
DIAGNOSTIC,Iteration,metricValue,convergenceValue,ITERATION_TIME_INDEX,SINCE_LAST
 2DIAGNOSTIC,     1, -7.722170948982e-01, inf, 1.7169e+00, 7.4509e-01, 
 2DIAGNOSTIC,     2, -7.731227874756e-01, inf, 1.7526e+00, 3.5686e-02, 
 2DIAGNOSTIC,     3, -7.741827368736e-01, inf, 1.7877e+00, 3.5140e-02, 
 2DIAGNOSTIC,     4, -7.749506831169e-01, inf, 1.8265e+00, 3.8777e-02, 
 2DIAGNOSTIC,     5, -7.750979065895e-01, inf, 1.8739e+00, 4.7420e-02, 
 2DIAGNOSTIC,     6, -7.750837802887e-01, inf, 1.9121e+00, 3.8213e-02, 
 2DIAGNOSTIC,     7, -7.750604152679e-01, inf, 1.9464e+00, 3.4220e-02, 
 2DIAGNOSTIC,     8, -7.750331163406e-01, inf, 1.9861e+00, 3.9777e-02, 
 2DIAGNOSTIC,     9, -7.749938368797e-01, inf, 2.0377e+00, 5.1609e-02, 
 2DIAGNOSTIC,    10, -7.749907374382e-01, 1.886554236989e-04, 2.0745e+00, 3.6728e-02, 
 2DIAGNOSTIC,    11, -7.749701738358e-01, 8.793927554507e-05, 2.1142e+00, 3.9692e-02, 
 2DIAGNOSTIC,    12, -7.749605178833e-01, 2.323291846551e-05, 2.1506e+00, 3.6460e-02, 
DIAGNOSTIC,Iteration,metricValue,convergenceValue,ITERATION_TIME_INDEX,SINCE_LAST
 2DIAGNOSTIC,     1, -6.788474321365e-01, inf, 3.4136e+00, 1.2629e+00, 
 2DIAGNOSTIC,     2, -6.788472533226e-01, inf, 3.7108e+00, 2.9722e-01, 
 2DIAGNOSTIC,     3, -6.788533926010e-01, inf, 3.9652e+00, 2.5438e-01, 
 2DIAGNOSTIC,     4, -6.788828372955e-01, inf, 4.2517e+00, 2.8652e-01, 
 2DIAGNOSTIC,     5, -6.788926124573e-01, inf, 4.5379e+00, 2.8621e-01, 
 2DIAGNOSTIC,     6, -6.788979172707e-01, inf, 4.8846e+00, 3.4676e-01, 
 2DIAGNOSTIC,     7, -6.789018511772e-01, inf, 5.1717e+00, 2.8703e-01, 
 2DIAGNOSTIC,     8, -6.788961887360e-01, inf, 5.5253e+00, 3.5358e-01, 
 2DIAGNOSTIC,     9, -6.788975596428e-01, inf, 5.8831e+00, 3.5783e-01, 
 2DIAGNOSTIC,    10, -6.788954734802e-01, 8.698406418262e-06, 6.1701e+00, 2.8702e-01, 
 2DIAGNOSTIC,    11, -6.788956522942e-01, 6.614601261390e-06, 6.4858e+00, 3.1566e-01, 
 2DIAGNOSTIC,    12, -6.788944602013e-01, 4.505749075179e-06, 6.7699e+00, 2.8415e-01, 
 2DIAGNOSTIC,    13, -6.788933873177e-01, 2.698910520849e-06, 7.0546e+00, 2.8471e-01, 
 2DIAGNOSTIC,    14, -6.788929104805e-01, 1.989742713704e-06, 7.3110e+00, 2.5632e-01, 
 2DIAGNOSTIC,    15, -6.788921952248e-01, 1.648570673751e-06, 7.5972e+00, 2.8628e-01, 
 2DIAGNOSTIC,    16, -6.788927316666e-01, 1.542193672321e-06, 7.8863e+00, 2.8904e-01, 
 2DIAGNOSTIC,    17, -6.788914203644e-01, 1.557337327540e-06, 8.1843e+00, 2.9804e-01, 
 2DIAGNOSTIC,    18, -6.788937449455e-01, 1.522044271951e-06, 8.4780e+00, 2.9371e-01, 
 2DIAGNOSTIC,    19, -6.788934469223e-01, 1.536470335850e-06, 8.7697e+00, 2.9173e-01, 
 2DIAGNOSTIC,    20, -6.788923144341e-01, 1.494672346780e-06, 9.0683e+00, 2.9855e-01, 
 2DIAGNOSTIC,    21, -6.788930892944e-01, 1.486363998993e-06, 9.4094e+00, 3.4110e-01, 
 2DIAGNOSTIC,    22, -6.788936257362e-01, 1.468682398809e-06, 9.7184e+00, 3.0905e-01, 
 2DIAGNOSTIC,    23, -6.788932681084e-01, 1.423573394277e-06, 1.0019e+01, 3.0070e-01, 
 2DIAGNOSTIC,    24, -6.788907051086e-01, 1.326020651504e-06, 1.0355e+01, 3.3581e-01, 
 2DIAGNOSTIC,    25, -6.788907647133e-01, 1.226940298693e-06, 1.0646e+01, 2.9113e-01, 
 2DIAGNOSTIC,    26, -6.788895726204e-01, 1.129387214860e-06, 1.0945e+01, 2.9902e-01, 
 2DIAGNOSTIC,    27, -6.788904070854e-01, 1.038879076987e-06, 1.1245e+01, 2.9991e-01, 
DIAGNOSTIC,Iteration,metricValue,convergenceValue,ITERATION_TIME_INDEX,SINCE_LAST
 2DIAGNOSTIC,     1, -6.071759462357e-01, inf, 1.4037e+01, 2.7919e+00, 
  Elapsed time (stage 1): 1.5254e+01


Stage 2
  iterations = 100x100x70x20
  convergence threshold = 1.0000e-09
  convergence window size = 10
  number of levels = 4
  using the CC metric (radius = 4, weight = 1.0000e+00)
  preprocessing:  winsorizing the image intensities
  preprocessing:  histogram matching the images
  Shrink factors (level 1 out of 4): [6, 6, 6]
  Shrink factors (level 2 out of 4): [4, 4, 4]
  Shrink factors (level 3 out of 4): [2, 2, 2]
  Shrink factors (level 4 out of 4): [1, 1, 1]
  smoothing sigmas per level: [3, 2, 1, 0]
  Using default NONE metricSamplingStrategy 

*** Running SyN registration (varianceForUpdateField = 3.0000e+00, varianceForTotalField = 0.0000e+00) ***

XXDIAGNOSTIC,Iteration,metricValue,convergenceValue,ITERATION_TIME_INDEX,SINCE_LAST
 1DIAGNOSTIC,     1, -8.552948236465e-01, inf, 1.5394e+00, 1.5394e+00, 
 1DIAGNOSTIC,     2, -8.642383217812e-01, inf, 2.3326e+00, 7.9325e-01, 
 1DIAGNOSTIC,     3, -8.735740184784e-01, inf, 3.1040e+00, 7.7141e-01, 
 1DIAGNOSTIC,     4, -8.795889616013e-01, inf, 3.8811e+00, 7.7711e-01, 
 1DIAGNOSTIC,     5, -8.845331668854e-01, inf, 4.6625e+00, 7.8138e-01, 
 1DIAGNOSTIC,     6, -8.885187506676e-01, inf, 5.4523e+00, 7.8981e-01, 
 1DIAGNOSTIC,     7, -8.917653560638e-01, inf, 6.2459e+00, 7.9352e-01, 
 1DIAGNOSTIC,     8, -8.943085670471e-01, inf, 7.0051e+00, 7.5925e-01, 
 1DIAGNOSTIC,     9, -8.964266777039e-01, inf, 7.7997e+00, 7.9455e-01, 
 1DIAGNOSTIC,    10, -8.982403278351e-01, 2.964468440041e-03, 8.5961e+00, 7.9647e-01, 
 1DIAGNOSTIC,    11, -8.998156785965e-01, 2.166643040255e-03, 9.3799e+00, 7.8374e-01, 
 1DIAGNOSTIC,    12, -9.011865854263e-01, 1.580999232829e-03, 1.0170e+01, 7.9051e-01, 
 1DIAGNOSTIC,    13, -9.023905396461e-01, 1.201795763336e-03, 1.0963e+01, 7.9225e-01, 
 1DIAGNOSTIC,    14, -9.034532904625e-01, 9.286191198044e-04, 1.1730e+01, 7.6763e-01, 
 1DIAGNOSTIC,    15, -9.043964147568e-01, 7.318635471165e-04, 1.2526e+01, 7.9602e-01, 
 1DIAGNOSTIC,    16, -9.052441716194e-01, 5.884516285732e-04, 1.3312e+01, 7.8578e-01, 
 1DIAGNOSTIC,    17, -9.060050249100e-01, 4.825279174838e-04, 1.4122e+01, 8.0988e-01, 
 1DIAGNOSTIC,    18, -9.066936373711e-01, 4.007051466033e-04, 1.4905e+01, 7.8277e-01, 
 1DIAGNOSTIC,    19, -9.073112010956e-01, 3.359612601344e-04, 1.5685e+01, 7.8079e-01, 
 1DIAGNOSTIC,    20, -9.078737497330e-01, 2.840754750650e-04, 1.6466e+01, 7.8063e-01, 
 1DIAGNOSTIC,    21, -9.083908796310e-01, 2.421879617032e-04, 1.7252e+01, 7.8587e-01, 
 1DIAGNOSTIC,    22, -9.088647961617e-01, 2.080087433569e-04, 1.8020e+01, 7.6761e-01, 
 1DIAGNOSTIC,    23, -9.093058109283e-01, 1.799495075829e-04, 1.8786e+01, 7.6612e-01, 
 1DIAGNOSTIC,    24, -9.096934795380e-01, 1.564629783388e-04, 1.9562e+01, 7.7664e-01, 
 1DIAGNOSTIC,    25, -9.100635647774e-01, 1.367732184008e-04, 2.0357e+01, 7.9470e-01, 
 1DIAGNOSTIC,    26, -9.104019403458e-01, 1.201537670568e-04, 2.1134e+01, 7.7683e-01, 
 1DIAGNOSTIC,    27, -9.107198119164e-01, 1.060758149833e-04, 2.1909e+01, 7.7469e-01, 
 1DIAGNOSTIC,    28, -9.110166430473e-01, 9.412792860530e-05, 2.2691e+01, 7.8258e-01, 
 1DIAGNOSTIC,    29, -9.113014936447e-01, 8.396047633141e-05, 2.3494e+01, 8.0304e-01, 
 1DIAGNOSTIC,    30, -9.115635156631e-01, 7.522950909333e-05, 2.4257e+01, 7.6269e-01, 
 1DIAGNOSTIC,    31, -9.118047356606e-01, 6.768546154490e-05, 2.5031e+01, 7.7443e-01, 
 1DIAGNOSTIC,    32, -9.120306968689e-01, 6.112701521488e-05, 2.5824e+01, 7.9312e-01, 
 1DIAGNOSTIC,    33, -9.122374653816e-01, 5.539425546885e-05, 2.6605e+01, 7.8070e-01, 
 1DIAGNOSTIC,    34, -9.124343395233e-01, 5.019415038987e-05, 2.7380e+01, 7.7522e-01, 
 1DIAGNOSTIC,    35, -9.126220941544e-01, 4.558275759337e-05, 2.8161e+01, 7.8033e-01, 
 1DIAGNOSTIC,    36, -9.127988219261e-01, 4.144049307797e-05, 2.8955e+01, 7.9477e-01, 
 1DIAGNOSTIC,    37, -9.129706621170e-01, 3.778927566600e-05, 2.9753e+01, 7.9747e-01, 
 1DIAGNOSTIC,    38, -9.131274223328e-01, 3.453011959209e-05, 3.0550e+01, 7.9738e-01, 
 1DIAGNOSTIC,    39, -9.132766723633e-01, 3.169474075548e-05, 3.1337e+01, 7.8644e-01, 
 1DIAGNOSTIC,    40, -9.134178757668e-01, 2.919507460319e-05, 3.2122e+01, 7.8543e-01, 
 1DIAGNOSTIC,    41, -9.135517477989e-01, 2.695360490179e-05, 3.2913e+01, 7.9058e-01, 
 1DIAGNOSTIC,    42, -9.136788249016e-01, 2.493502870493e-05, 3.3722e+01, 8.0962e-01, 
 1DIAGNOSTIC,    43, -9.137994050980e-01, 2.306842725375e-05, 3.4498e+01, 7.7526e-01, 
 1DIAGNOSTIC,    44, -9.139138460159e-01, 2.135280738003e-05, 3.5298e+01, 8.0006e-01, 
 1DIAGNOSTIC,    45, -9.140207767487e-01, 1.977646206797e-05, 3.6084e+01, 7.8631e-01, 
 1DIAGNOSTIC,    46, -9.141247272491e-01, 1.833972419263e-05, 3.6854e+01, 7.7007e-01, 
 1DIAGNOSTIC,    47, -9.142242670059e-01, 1.706914190436e-05, 3.7638e+01, 7.8389e-01, 
 1DIAGNOSTIC,    48, -9.143187403679e-01, 1.590703868715e-05, 3.8398e+01, 7.5959e-01, 
 1DIAGNOSTIC,    49, -9.144033193588e-01, 1.481349227106e-05, 3.9182e+01, 7.8467e-01, 
 1DIAGNOSTIC,    50, -9.144852161407e-01, 1.379240529786e-05, 3.9974e+01, 7.9157e-01, 
 1DIAGNOSTIC,    51, -9.145654439926e-01, 1.285316648136e-05, 4.0757e+01, 7.8365e-01, 
 1DIAGNOSTIC,    52, -9.146426916122e-01, 1.199555299536e-05, 4.1525e+01, 7.6748e-01, 
 1DIAGNOSTIC,    53, -9.147163033485e-01, 1.121438617702e-05, 4.2334e+01, 8.0877e-01, 
 1DIAGNOSTIC,    54, -9.147858023643e-01, 1.050083028531e-05, 4.3121e+01, 7.8744e-01, 
 1DIAGNOSTIC,    55, -9.148538112640e-01, 9.848551599134e-06, 4.3879e+01, 7.5809e-01, 
 1DIAGNOSTIC,    56, -9.149191975594e-01, 9.266348570236e-06, 4.4673e+01, 7.9354e-01, 
 1DIAGNOSTIC,    57, -9.149820208549e-01, 8.751230780035e-06, 4.5458e+01, 7.8565e-01, 
 1DIAGNOSTIC,    58, -9.150418639183e-01, 8.291701306007e-06, 4.6244e+01, 7.8574e-01, 
 1DIAGNOSTIC,    59, -9.150994420052e-01, 7.850393558329e-06, 4.7028e+01, 7.8386e-01, 
 1DIAGNOSTIC,    60, -9.151545763016e-01, 7.428349363181e-06, 4.7812e+01, 7.8351e-01, 
 1DIAGNOSTIC,    61, -9.152074456215e-01, 7.032438588794e-06, 4.8597e+01, 7.8553e-01, 
 1DIAGNOSTIC,    62, -9.152582883835e-01, 6.662814939773e-06, 4.9388e+01, 7.9085e-01, 
 1DIAGNOSTIC,    63, -9.153060913086e-01, 6.310147909971e-06, 5.0180e+01, 7.9259e-01, 
 1DIAGNOSTIC,    64, -9.153528213501e-01, 5.972187864245e-06, 5.0987e+01, 8.0678e-01, 
 1DIAGNOSTIC,    65, -9.153976440430e-01, 5.654914275510e-06, 5.1782e+01, 7.9465e-01, 
 1DIAGNOSTIC,    66, -9.154388904572e-01, 5.349815637601e-06, 5.2583e+01, 8.0118e-01, 
 1DIAGNOSTIC,    67, -9.154758453369e-01, 5.045995294495e-06, 5.3380e+01, 7.9660e-01, 
 1DIAGNOSTIC,    68, -9.155153632164e-01, 4.763497599924e-06, 5.4158e+01, 7.7783e-01, 
 1DIAGNOSTIC,    69, -9.155541062355e-01, 4.506987352215e-06, 5.4938e+01, 7.8069e-01, 
 1DIAGNOSTIC,    70, -9.155911207199e-01, 4.274803359294e-06, 5.5716e+01, 7.7729e-01, 
 1DIAGNOSTIC,    71, -9.156265258789e-01, 4.065703251399e-06, 5.6522e+01, 8.0626e-01, 
 1DIAGNOSTIC,    72, -9.156596660614e-01, 3.874945377902e-06, 5.7316e+01, 7.9432e-01, 
 1DIAGNOSTIC,    73, -9.156925678253e-01, 3.700377646965e-06, 5.8115e+01, 7.9917e-01, 
 1DIAGNOSTIC,    74, -9.157245159149e-01, 3.544046421666e-06, 5.8896e+01, 7.8023e-01, 
 1DIAGNOSTIC,    75, -9.157547950745e-01, 3.401010872039e-06, 5.9687e+01, 7.9192e-01, 
 1DIAGNOSTIC,    76, -9.157846570015e-01, 3.264398856118e-06, 6.0480e+01, 7.9225e-01, 
 1DIAGNOSTIC,    77, -9.158132076263e-01, 3.119664825135e-06, 6.1272e+01, 7.9267e-01, 
 1DIAGNOSTIC,    78, -9.158403873444e-01, 2.981740180985e-06, 6.2056e+01, 7.8400e-01, 
 1DIAGNOSTIC,    79, -9.158670306206e-01, 2.854730610125e-06, 6.2857e+01, 8.0017e-01, 
 1DIAGNOSTIC,    80, -9.158927202225e-01, 2.736432861639e-06, 6.3629e+01, 7.7277e-01, 
 1DIAGNOSTIC,    81, -9.159153103828e-01, 2.616541678435e-06, 6.4426e+01, 7.9701e-01, 
 1DIAGNOSTIC,    82, -9.159392118454e-01, 2.500023128960e-06, 6.5201e+01, 7.7429e-01, 
 1DIAGNOSTIC,    83, -9.159610271454e-01, 2.385925654380e-06, 6.5986e+01, 7.8525e-01, 
 1DIAGNOSTIC,    84, -9.159831404686e-01, 2.280055014126e-06, 6.6774e+01, 7.8797e-01, 
 1DIAGNOSTIC,    85, -9.159977436066e-01, 2.155797801606e-06, 6.7561e+01, 7.8673e-01, 
 1DIAGNOSTIC,    86, -9.160147905350e-01, 2.031466010521e-06, 6.8356e+01, 7.9504e-01, 
 1DIAGNOSTIC,    87, -9.160348773003e-01, 1.922345290950e-06, 6.9159e+01, 8.0323e-01, 
 1DIAGNOSTIC,    88, -9.160521030426e-01, 1.820461079660e-06, 6.9953e+01, 7.9409e-01, 
 1DIAGNOSTIC,    89, -9.160708189011e-01, 1.737346792652e-06, 7.0767e+01, 8.1378e-01, 
 1DIAGNOSTIC,    90, -9.160788655281e-01, 1.638620915401e-06, 7.1562e+01, 7.9513e-01, 
 1DIAGNOSTIC,    91, -9.160963892937e-01, 1.555034259582e-06, 7.2367e+01, 8.0482e-01, 
 1DIAGNOSTIC,    92, -9.161128401756e-01, 1.491588591307e-06, 7.3162e+01, 7.9574e-01, 
 1DIAGNOSTIC,    93, -9.161293506622e-01, 1.445122961741e-06, 7.3954e+01, 7.9120e-01, 
 1DIAGNOSTIC,    94, -9.161451458931e-01, 1.418168153577e-06, 7.4756e+01, 8.0292e-01, 
 1DIAGNOSTIC,    95, -9.161602258682e-01, 1.384374968438e-06, 7.5547e+01, 7.9084e-01, 
 1DIAGNOSTIC,    96, -9.161748290062e-01, 1.351523224002e-06, 7.6333e+01, 7.8559e-01, 
 1DIAGNOSTIC,    97, -9.161889553070e-01, 1.329294036623e-06, 7.7119e+01, 7.8564e-01, 
 1DIAGNOSTIC,    98, -9.162069559097e-01, 1.321335389548e-06, 7.7903e+01, 7.8477e-01, 
 1DIAGNOSTIC,    99, -9.162203073502e-01, 1.317621808994e-06, 7.8702e+01, 7.9886e-01, 
 1DIAGNOSTIC,   100, -9.162330627441e-01, 1.281611162085e-06, 7.9495e+01, 7.9318e-01, 
XXDIAGNOSTIC,Iteration,metricValue,convergenceValue,ITERATION_TIME_INDEX,SINCE_LAST
 1DIAGNOSTIC,     1, -8.319667577744e-01, inf, 8.2801e+01, 3.3056e+00, 
 1DIAGNOSTIC,     2, -8.337140679359e-01, inf, 8.5282e+01, 2.4810e+00, 
 1DIAGNOSTIC,     3, -8.362405300140e-01, inf, 8.7773e+01, 2.4909e+00, 
 1DIAGNOSTIC,     4, -8.380677700043e-01, inf, 9.0300e+01, 2.5269e+00, 
 1DIAGNOSTIC,     5, -8.396959304810e-01, inf, 9.2796e+01, 2.4964e+00, 
 1DIAGNOSTIC,     6, -8.411235213280e-01, inf, 9.5309e+01, 2.5127e+00, 
 1DIAGNOSTIC,     7, -8.423273563385e-01, inf, 9.7827e+01, 2.5183e+00, 
 1DIAGNOSTIC,     8, -8.432638645172e-01, inf, 1.0032e+02, 2.4964e+00, 
 1DIAGNOSTIC,     9, -8.441011309624e-01, inf, 1.0285e+02, 2.5267e+00, 
 1DIAGNOSTIC,    10, -8.448610901833e-01, 9.891262743622e-04, 1.0538e+02, 2.5313e+00, 
 1DIAGNOSTIC,    11, -8.455538749695e-01, 7.862855563872e-04, 1.0788e+02, 2.4981e+00, 
 1DIAGNOSTIC,    12, -8.461667299271e-01, 6.123049533926e-04, 1.1039e+02, 2.5105e+00, 
 1DIAGNOSTIC,    13, -8.467326164246e-01, 4.898238112219e-04, 1.1293e+02, 2.5352e+00, 
 1DIAGNOSTIC,    14, -8.472463488579e-01, 3.964913485106e-04, 1.1543e+02, 2.5005e+00, 
 1DIAGNOSTIC,    15, -8.477292060852e-01, 3.265858686063e-04, 1.1798e+02, 2.5492e+00, 
 1DIAGNOSTIC,    16, -8.481602072716e-01, 2.743987715803e-04, 1.2052e+02, 2.5415e+00, 
 1DIAGNOSTIC,    17, -8.485708236694e-01, 2.349993155804e-04, 1.2301e+02, 2.4945e+00, 
 1DIAGNOSTIC,    18, -8.489449024200e-01, 2.027213340625e-04, 1.2552e+02, 2.5086e+00, 
 1DIAGNOSTIC,    19, -8.492885231972e-01, 1.759291189956e-04, 1.2804e+02, 2.5177e+00, 
 1DIAGNOSTIC,    20, -8.496153354645e-01, 1.537219213787e-04, 1.3055e+02, 2.5139e+00, 
 1DIAGNOSTIC,    21, -8.499035835266e-01, 1.350128877675e-04, 1.3306e+02, 2.5049e+00, 
 1DIAGNOSTIC,    22, -8.501901626587e-01, 1.191521369037e-04, 1.3559e+02, 2.5321e+00, 
 1DIAGNOSTIC,    23, -8.504388928413e-01, 1.054368040059e-04, 1.3815e+02, 2.5616e+00, 
 1DIAGNOSTIC,    24, -8.506873250008e-01, 9.367368329549e-05, 1.4063e+02, 2.4779e+00, 
 1DIAGNOSTIC,    25, -8.509206771851e-01, 8.370778232347e-05, 1.4313e+02, 2.4999e+00, 
 1DIAGNOSTIC,    26, -8.511256575584e-01, 7.487784750992e-05, 1.4562e+02, 2.4909e+00, 
 1DIAGNOSTIC,    27, -8.513340950012e-01, 6.738931551808e-05, 1.4817e+02, 2.5559e+00, 
 1DIAGNOSTIC,    28, -8.515148162842e-01, 6.076945646782e-05, 1.5068e+02, 2.5042e+00, 
 1DIAGNOSTIC,    29, -8.516956567764e-01, 5.497927850229e-05, 1.5319e+02, 2.5083e+00, 
 1DIAGNOSTIC,    30, -8.518621325493e-01, 4.994047776563e-05, 1.5569e+02, 2.5010e+00, 
 1DIAGNOSTIC,    31, -8.520135879517e-01, 4.530250953394e-05, 1.5819e+02, 2.5032e+00, 
 1DIAGNOSTIC,    32, -8.521655201912e-01, 4.131396781304e-05, 1.6070e+02, 2.5088e+00, 
 1DIAGNOSTIC,    33, -8.522958755493e-01, 3.754791396204e-05, 1.6324e+02, 2.5358e+00, 
 1DIAGNOSTIC,    34, -8.524278998375e-01, 3.424276292208e-05, 1.6577e+02, 2.5324e+00, 
 1DIAGNOSTIC,    35, -8.525448441505e-01, 3.128191747237e-05, 1.6825e+02, 2.4857e+00, 
 1DIAGNOSTIC,    36, -8.526699542999e-01, 2.863587542379e-05, 1.7078e+02, 2.5312e+00, 
 1DIAGNOSTIC,    37, -8.527741432190e-01, 2.629201117088e-05, 1.7335e+02, 2.5610e+00, 
 1DIAGNOSTIC,    38, -8.528933525085e-01, 2.426670107525e-05, 1.7585e+02, 2.5070e+00, 
 1DIAGNOSTIC,    39, -8.529909253120e-01, 2.247526208521e-05, 1.7837e+02, 2.5216e+00, 
 1DIAGNOSTIC,    40, -8.530935645103e-01, 2.093961302307e-05, 1.8088e+02, 2.5034e+00, 
 1DIAGNOSTIC,    41, -8.531876206398e-01, 1.953719947778e-05, 1.8340e+02, 2.5196e+00, 
 1DIAGNOSTIC,    42, -8.532689809799e-01, 1.825068284234e-05, 1.8595e+02, 2.5506e+00, 
 1DIAGNOSTIC,    43, -8.533490300179e-01, 1.697294101177e-05, 1.8846e+02, 2.5083e+00, 
 1DIAGNOSTIC,    44, -8.534525036812e-01, 1.597747359483e-05, 1.9096e+02, 2.5050e+00, 
 1DIAGNOSTIC,    45, -8.534952998161e-01, 1.473125303164e-05, 1.9348e+02, 2.5223e+00, 
 1DIAGNOSTIC,    46, -8.535698056221e-01, 1.364506533719e-05, 1.9602e+02, 2.5397e+00, 
 1DIAGNOSTIC,    47, -8.536704182625e-01, 1.280721971852e-05, 1.9860e+02, 2.5733e+00, 
 1DIAGNOSTIC,    48, -8.537015914917e-01, 1.186896133731e-05, 2.0113e+02, 2.5369e+00, 
 1DIAGNOSTIC,    49, -8.537893891335e-01, 1.115474879043e-05, 2.0364e+02, 2.5082e+00, 
 1DIAGNOSTIC,    50, -8.538259267807e-01, 1.037923266267e-05, 2.0614e+02, 2.4941e+00, 
 1DIAGNOSTIC,    51, -8.539032936096e-01, 9.819342267292e-06, 2.0866e+02, 2.5259e+00, 
 1DIAGNOSTIC,    52, -8.539423942566e-01, 9.156840860669e-06, 2.1119e+02, 2.5243e+00, 
 1DIAGNOSTIC,    53, -8.540104031563e-01, 8.621753295301e-06, 2.1373e+02, 2.5477e+00, 
 1DIAGNOSTIC,    54, -8.540465831757e-01, 8.198419891414e-06, 2.1626e+02, 2.5302e+00, 
 1DIAGNOSTIC,    55, -8.541110157967e-01, 7.705042662565e-06, 2.1875e+02, 2.4811e+00, 
 1DIAGNOSTIC,    56, -8.541468381882e-01, 7.186563834694e-06, 2.2126e+02, 2.5145e+00, 
 1DIAGNOSTIC,    57, -8.542101383209e-01, 7.012130026851e-06, 2.2375e+02, 2.4914e+00, 
 1DIAGNOSTIC,    58, -8.542404174805e-01, 6.563249371538e-06, 2.2624e+02, 2.4917e+00, 
 1DIAGNOSTIC,    59, -8.542985916138e-01, 6.378582384059e-06, 2.2876e+02, 2.5197e+00, 
 1DIAGNOSTIC,    60, -8.543221950531e-01, 5.961392162135e-06, 2.3127e+02, 2.5042e+00, 
 1DIAGNOSTIC,    61, -8.543748855591e-01, 5.747222530772e-06, 2.3376e+02, 2.4908e+00, 
 1DIAGNOSTIC,    62, -8.544080853462e-01, 5.416261956270e-06, 2.3627e+02, 2.5089e+00, 
 1DIAGNOSTIC,    63, -8.544228672981e-01, 5.060527655587e-06, 2.3878e+02, 2.5129e+00, 
 1DIAGNOSTIC,    64, -8.544836044312e-01, 4.780081326317e-06, 2.4128e+02, 2.5041e+00, 
 1DIAGNOSTIC,    65, -8.545111417770e-01, 4.560866727843e-06, 2.4378e+02, 2.4997e+00, 
 1DIAGNOSTIC,    66, -8.545168042183e-01, 4.159315722063e-06, 2.4629e+02, 2.5102e+00, 
 1DIAGNOSTIC,    67, -8.545795083046e-01, 4.047180937050e-06, 2.4879e+02, 2.4927e+00, 
 1DIAGNOSTIC,    68, -8.546037673950e-01, 3.850572738884e-06, 2.5128e+02, 2.4926e+00, 
 1DIAGNOSTIC,    69, -8.546118736267e-01, 3.652324039649e-06, 2.5380e+02, 2.5174e+00, 
 1DIAGNOSTIC,    70, -8.546656966209e-01, 3.519550318742e-06, 2.5632e+02, 2.5207e+00, 
 1DIAGNOSTIC,    71, -8.546779751778e-01, 3.395007297513e-06, 2.5884e+02, 2.5234e+00, 
 1DIAGNOSTIC,    72, -8.547165393829e-01, 3.323034206915e-06, 2.6136e+02, 2.5181e+00, 
 1DIAGNOSTIC,    73, -8.547226786613e-01, 3.061578809138e-06, 2.6384e+02, 2.4838e+00, 
 1DIAGNOSTIC,    74, -8.547587394714e-01, 2.992714598804e-06, 2.6635e+02, 2.5057e+00, 
 1DIAGNOSTIC,    75, -8.547861576080e-01, 2.921911573139e-06, 2.6885e+02, 2.5057e+00, 
 1DIAGNOSTIC,    76, -8.548118472099e-01, 2.740312311289e-06, 2.7138e+02, 2.5255e+00, 
 1DIAGNOSTIC,    77, -8.548274636269e-01, 2.678153578017e-06, 2.7387e+02, 2.4945e+00, 
 1DIAGNOSTIC,    78, -8.548557162285e-01, 2.626266223160e-06, 2.7639e+02, 2.5145e+00, 
 1DIAGNOSTIC,    79, -8.548560142517e-01, 2.389977453277e-06, 2.7890e+02, 2.5133e+00, 
 1DIAGNOSTIC,    80, -8.548948764801e-01, 2.355217702643e-06, 2.8139e+02, 2.4838e+00, 
 1DIAGNOSTIC,    81, -8.549185395241e-01, 2.273616246384e-06, 2.8391e+02, 2.5293e+00, 
 1DIAGNOSTIC,    82, -8.549304008484e-01, 2.217958581241e-06, 2.8641e+02, 2.4910e+00, 
 1DIAGNOSTIC,    83, -8.549453616142e-01, 2.070891923722e-06, 2.8889e+02, 2.4868e+00, 
 1DIAGNOSTIC,    84, -8.549674749374e-01, 1.994140347961e-06, 2.9141e+02, 2.5168e+00, 
 1DIAGNOSTIC,    85, -8.549890518188e-01, 1.951379545062e-06, 2.9393e+02, 2.5192e+00, 
 1DIAGNOSTIC,    86, -8.550018072128e-01, 1.903456677610e-06, 2.9643e+02, 2.5039e+00, 
 1DIAGNOSTIC,    87, -8.550283312798e-01, 1.869218522188e-06, 2.9892e+02, 2.4905e+00, 
 1DIAGNOSTIC,    88, -8.550376892090e-01, 1.834004592638e-06, 3.0145e+02, 2.5253e+00, 
 1DIAGNOSTIC,    89, -8.550546169281e-01, 1.718607791190e-06, 3.0395e+02, 2.4992e+00, 
 1DIAGNOSTIC,    90, -8.550716638565e-01, 1.678943704064e-06, 3.0647e+02, 2.5248e+00, 
 1DIAGNOSTIC,    91, -8.550835251808e-01, 1.641181825107e-06, 3.0896e+02, 2.4869e+00, 
 1DIAGNOSTIC,    92, -8.550965785980e-01, 1.569091750753e-06, 3.1147e+02, 2.5129e+00, 
 1DIAGNOSTIC,    93, -8.551111221313e-01, 1.484634140070e-06, 3.1397e+02, 2.4953e+00, 
 1DIAGNOSTIC,    94, -8.551324009895e-01, 1.443894916520e-06, 3.1650e+02, 2.5340e+00, 
 1DIAGNOSTIC,    95, -8.551344871521e-01, 1.378497131554e-06, 3.1904e+02, 2.5362e+00, 
 1DIAGNOSTIC,    96, -8.551520109177e-01, 1.317962187386e-06, 3.2155e+02, 2.5172e+00, 
 1DIAGNOSTIC,    97, -8.551633358002e-01, 1.292703132094e-06, 3.2405e+02, 2.4956e+00, 
 1DIAGNOSTIC,    98, -8.551785945892e-01, 1.256667019334e-06, 3.2656e+02, 2.5061e+00, 
 1DIAGNOSTIC,    99, -8.551876544952e-01, 1.216913119606e-06, 3.2908e+02, 2.5203e+00, 
 1DIAGNOSTIC,   100, -8.552062511444e-01, 1.210224809256e-06, 3.3158e+02, 2.4988e+00, 
XXDIAGNOSTIC,Iteration,metricValue,convergenceValue,ITERATION_TIME_INDEX,SINCE_LAST
 1DIAGNOSTIC,     1, -7.154379487038e-01, inf, 3.5265e+02, 2.1071e+01, 
 1DIAGNOSTIC,     2, -7.176022529602e-01, inf, 3.7270e+02, 2.0049e+01, 
 1DIAGNOSTIC,     3, -7.199690341949e-01, inf, 3.9285e+02, 2.0153e+01, 
 1DIAGNOSTIC,     4, -7.222267985344e-01, inf, 4.1304e+02, 2.0188e+01, 
 1DIAGNOSTIC,     5, -7.243586182594e-01, inf, 4.3349e+02, 2.0455e+01, 
 1DIAGNOSTIC,     6, -7.263347506523e-01, inf, 4.5353e+02, 2.0042e+01, 
 1DIAGNOSTIC,     7, -7.281455993652e-01, inf, 4.7382e+02, 2.0289e+01, 
 1DIAGNOSTIC,     8, -7.298963069916e-01, inf, 4.9414e+02, 2.0320e+01, 
 1DIAGNOSTIC,     9, -7.313628196716e-01, inf, 5.1460e+02, 2.0455e+01, 
 1DIAGNOSTIC,    10, -7.326133847237e-01, 1.542525831610e-03, 5.3472e+02, 2.0117e+01, 
 1DIAGNOSTIC,    11, -7.336834073067e-01, 1.299964264035e-03, 5.5480e+02, 2.0079e+01, 
 1DIAGNOSTIC,    12, -7.346869707108e-01, 1.083858544007e-03, 5.7489e+02, 2.0097e+01, 
 1DIAGNOSTIC,    13, -7.356297373772e-01, 9.019236895256e-04, 5.9555e+02, 2.0655e+01, 
 1DIAGNOSTIC,    14, -7.365077137947e-01, 7.509000715800e-04, 6.1615e+02, 2.0599e+01, 
 1DIAGNOSTIC,    15, -7.373321056366e-01, 6.279147346504e-04, 6.3656e+02, 2.0417e+01, 
 1DIAGNOSTIC,    16, -7.381066679955e-01, 5.293758586049e-04, 6.5676e+02, 2.0201e+01, 
 1DIAGNOSTIC,    17, -7.388474345207e-01, 4.517066117842e-04, 6.7706e+02, 2.0296e+01, 
 1DIAGNOSTIC,    18, -7.395341396332e-01, 3.932692925446e-04, 6.9722e+02, 2.0160e+01, 
 1DIAGNOSTIC,    19, -7.401959300041e-01, 3.478270373307e-04, 7.1773e+02, 2.0513e+01, 
 1DIAGNOSTIC,    20, -7.408260107040e-01, 3.109550452791e-04, 7.3814e+02, 2.0405e+01, 
 1DIAGNOSTIC,    21, -7.414311766624e-01, 2.794291940518e-04, 7.5865e+02, 2.0509e+01, 
 1DIAGNOSTIC,    22, -7.419955134392e-01, 2.521811402403e-04, 7.7891e+02, 2.0265e+01, 
 1DIAGNOSTIC,    23, -7.425590753555e-01, 2.289858821314e-04, 7.9914e+02, 2.0227e+01, 
 1DIAGNOSTIC,    24, -7.430655956268e-01, 2.085009909933e-04, 8.1954e+02, 2.0400e+01, 
 1DIAGNOSTIC,    25, -7.435874938965e-01, 1.908493286464e-04, 8.3973e+02, 2.0193e+01, 
 1DIAGNOSTIC,    26, -7.440404891968e-01, 1.747897185851e-04, 8.5989e+02, 2.0162e+01, 
 1DIAGNOSTIC,    27, -7.445005178452e-01, 1.606109435670e-04, 8.8024e+02, 2.0345e+01, 
 1DIAGNOSTIC,    28, -7.449083328247e-01, 1.473531010561e-04, 9.0069e+02, 2.0446e+01, 
 1DIAGNOSTIC,    29, -7.453499436378e-01, 1.357584551442e-04, 9.2124e+02, 2.0558e+01, 
 1DIAGNOSTIC,    30, -7.457349896431e-01, 1.251175126527e-04, 9.4138e+02, 2.0139e+01, 
 1DIAGNOSTIC,    31, -7.461330890656e-01, 1.157929436886e-04, 9.6167e+02, 2.0288e+01, 
 1DIAGNOSTIC,    32, -7.464694380760e-01, 1.069111312972e-04, 9.8195e+02, 2.0275e+01, 
 1DIAGNOSTIC,    33, -7.468506693840e-01, 9.946988575393e-05, 1.0025e+03, 2.0562e+01, 
 1DIAGNOSTIC,    34, -7.471563816071e-01, 9.219565981766e-05, 1.0229e+03, 2.0375e+01, 
 1DIAGNOSTIC,    35, -7.475001811981e-01, 8.611283556093e-05, 1.0431e+03, 2.0260e+01, 
 1DIAGNOSTIC,    36, -7.477861642838e-01, 8.007444557734e-05, 1.0633e+03, 2.0198e+01, 
 1DIAGNOSTIC,    37, -7.481114864349e-01, 7.493150769733e-05, 1.0839e+03, 2.0570e+01, 
 1DIAGNOSTIC,    38, -7.483683228493e-01, 6.964078056626e-05, 1.1041e+03, 2.0203e+01, 
 1DIAGNOSTIC,    39, -7.486622333527e-01, 6.525888602482e-05, 1.1240e+03, 1.9927e+01, 
 1DIAGNOSTIC,    40, -7.489017248154e-01, 6.087712608860e-05, 1.1444e+03, 2.0343e+01, 
 1DIAGNOSTIC,    41, -7.491688728333e-01, 5.716262603528e-05, 1.1647e+03, 2.0271e+01, 
 1DIAGNOSTIC,    42, -7.493810653687e-01, 5.318548937794e-05, 1.1850e+03, 2.0298e+01, 
 1DIAGNOSTIC,    43, -7.496339678764e-01, 5.000957753509e-05, 1.2053e+03, 2.0326e+01, 
 1DIAGNOSTIC,    44, -7.498110532761e-01, 4.641788109438e-05, 1.2256e+03, 2.0281e+01, 
 1DIAGNOSTIC,    45, -7.500542998314e-01, 4.359132071841e-05, 1.2458e+03, 2.0199e+01, 
 1DIAGNOSTIC,    46, -7.502324581146e-01, 4.059387720190e-05, 1.2664e+03, 2.0612e+01, 
 1DIAGNOSTIC,    47, -7.504367232323e-01, 3.819580524578e-05, 1.2873e+03, 2.0884e+01, 
 1DIAGNOSTIC,    48, -7.506036758423e-01, 3.564353028196e-05, 1.3078e+03, 2.0550e+01, 
 1DIAGNOSTIC,    49, -7.508099079132e-01, 3.372904757271e-05, 1.3285e+03, 2.0708e+01, 
 1DIAGNOSTIC,    50, -7.509508132935e-01, 3.158823528793e-05, 1.3490e+03, 2.0450e+01, 
 1DIAGNOSTIC,    51, -7.511478066444e-01, 3.002901576110e-05, 1.3691e+03, 2.0161e+01, 
 1DIAGNOSTIC,    52, -7.512919902802e-01, 2.829138247762e-05, 1.3896e+03, 2.0473e+01, 
 1DIAGNOSTIC,    53, -7.514519691467e-01, 2.692956331884e-05, 1.4105e+03, 2.0861e+01, 
 1DIAGNOSTIC,    54, -7.515878677368e-01, 2.527298420318e-05, 1.4312e+03, 2.0749e+01, 
 1DIAGNOSTIC,    55, -7.517494559288e-01, 2.410463275737e-05, 1.4519e+03, 2.0647e+01, 
 1DIAGNOSTIC,    56, -7.518631815910e-01, 2.268039679620e-05, 1.4726e+03, 2.0705e+01, 
 1DIAGNOSTIC,    57, -7.520269155502e-01, 2.163627141272e-05, 1.4929e+03, 2.0337e+01, 
 1DIAGNOSTIC,    58, -7.521373033524e-01, 2.039856008196e-05, 1.5133e+03, 2.0393e+01, 
 1DIAGNOSTIC,    59, -7.522952556610e-01, 1.964466719073e-05, 1.5339e+03, 2.0592e+01, 
 1DIAGNOSTIC,    60, -7.523869872093e-01, 1.852855166362e-05, 1.5548e+03, 2.0955e+01, 
 1DIAGNOSTIC,    61, -7.525415420532e-01, 1.791112117644e-05, 1.5753e+03, 2.0493e+01, 
 1DIAGNOSTIC,    62, -7.526227235794e-01, 1.700312168396e-05, 1.5961e+03, 2.0808e+01, 
 1DIAGNOSTIC,    63, -7.527746558189e-01, 1.641853486944e-05, 1.6167e+03, 2.0536e+01, 
 1DIAGNOSTIC,    64, -7.528573870659e-01, 1.559832708153e-05, 1.6373e+03, 2.0641e+01, 
 1DIAGNOSTIC,    65, -7.529780268669e-01, 1.500178404967e-05, 1.6581e+03, 2.0750e+01, 
 1DIAGNOSTIC,    66, -7.530591487885e-01, 1.413154859620e-05, 1.6787e+03, 2.0627e+01, 
 1DIAGNOSTIC,    67, -7.531842589378e-01, 1.361048816761e-05, 1.6990e+03, 2.0333e+01, 
 1DIAGNOSTIC,    68, -7.532513141632e-01, 1.281033200939e-05, 1.7196e+03, 2.0571e+01, 
 1DIAGNOSTIC,    69, -7.533853054047e-01, 1.245572275366e-05, 1.7400e+03, 2.0440e+01, 
 1DIAGNOSTIC,    70, -7.534384727478e-01, 1.172110296466e-05, 1.7604e+03, 2.0354e+01, 
XXDIAGNOSTIC,Iteration,metricValue,convergenceValue,ITERATION_TIME_INDEX,SINCE_LAST
 1DIAGNOSTIC,     1, -4.404952526093e-01, inf, 1.9294e+03, 1.6897e+02, 
 1DIAGNOSTIC,     2, -4.417120218277e-01, inf, 2.0944e+03, 1.6505e+02, 
 1DIAGNOSTIC,     3, -4.428938031197e-01, inf, 2.2600e+03, 1.6558e+02, 
 1DIAGNOSTIC,     4, -4.441713988781e-01, inf, 2.4269e+03, 1.6689e+02, 
 1DIAGNOSTIC,     5, -4.453320503235e-01, inf, 2.5917e+03, 1.6486e+02, 
 1DIAGNOSTIC,     6, -4.464573860168e-01, inf, 2.7585e+03, 1.6674e+02, 
 1DIAGNOSTIC,     7, -4.476073980331e-01, inf, 2.9237e+03, 1.6525e+02, 
 1DIAGNOSTIC,     8, -4.486712515354e-01, inf, 3.0883e+03, 1.6456e+02, 
 1DIAGNOSTIC,     9, -4.498711228371e-01, inf, 3.2534e+03, 1.6516e+02, 
 1DIAGNOSTIC,    10, -4.510417282581e-01, 1.502606901340e-03, 3.4182e+03, 1.6474e+02, 
 1DIAGNOSTIC,    11, -4.524883627892e-01, 1.371360616758e-03, 3.5831e+03, 1.6489e+02, 
 1DIAGNOSTIC,    12, -4.538781642914e-01, 1.275644404814e-03, 3.7486e+03, 1.6555e+02, 
 1DIAGNOSTIC,    13, -4.553385972977e-01, 1.207138178870e-03, 3.9137e+03, 1.6508e+02, 
 1DIAGNOSTIC,    14, -4.567813873291e-01, 1.160820946097e-03, 4.0787e+03, 1.6501e+02, 
 1DIAGNOSTIC,    15, -4.580273628235e-01, 1.115184510127e-03, 4.2423e+03, 1.6361e+02, 
 1DIAGNOSTIC,    16, -4.592704176903e-01, 1.065669697709e-03, 4.4032e+03, 1.6085e+02, 
 1DIAGNOSTIC,    17, -4.602466225624e-01, 1.002076314762e-03, 4.5635e+03, 1.6027e+02, 
 1DIAGNOSTIC,    18, -4.612903296947e-01, 9.262476232834e-04, 4.7240e+03, 1.6051e+02, 
 1DIAGNOSTIC,    19, -4.622210860252e-01, 8.426685817540e-04, 4.8853e+03, 1.6132e+02, 
 1DIAGNOSTIC,    20, -4.631696343422e-01, 7.551792077720e-04, 5.0467e+03, 1.6136e+02, 
  Elapsed time (stage 2): 5049


Total elapsed time: 5080
Using single precision for computations.
Input scalar image: /home/mpib/nemecz/Projects/miniTRK/Results/01_MRI/GroupTempl/T1w/T_template0sub-782818_T1wRepaired.nii.gz
Reference image: /home/mpib/nemecz/Projects/miniTRK/Results/01_MRI/GroupTempl/T1w/T_template0.nii.gz
=============================================================================
The composite transform comprises the following transforms (in order): 
  1. /home/mpib/nemecz/Projects/miniTRK/Results/01_MRI/GroupTempl/T1w/T_sub-782818_T1w300GenericAffine.mat (type = AffineTransform)
  2. /home/mpib/nemecz/Projects/miniTRK/Results/01_MRI/GroupTempl/T1w/T_sub-782818_T1w301Warp.nii.gz (type = DisplacementFieldTransform)
=============================================================================
Default pixel value: 0
Interpolation type: LinearInterpolateImageFunction
Output warped image: /home/mpib/nemecz/Projects/miniTRK/Results/01_MRI/GroupTempl/T1w/T_template0sub-782818_T1w30WarpedToTemplate.nii.gz
