
Running N4 for 3-dimensional images.

Mask not read.  Using the entire image as the mask.

Original intensity range:  [0, 888]

***********************************************************
Warning:  Your input image contains nonpositive values
which could cause failure or problematic results.  A
possible workaround would be to:
   1. rescale your image to positive values e.g., [10,100].
   2. run N4 on your rescaled image.
   3. (optional) rescale the N4 output to the original
      intensity range.
***********************************************************

Specified spline distance: 200mm
  original image size:  [192, 256, 256]
  padded image size:  [201, 401, 401]
  number of control points:  [4, 5, 5]

Current level = 1
  Iteration 1 (of 50).   Current convergence value = 0.000551757 (threshold = 1e-08)
  Iteration 2 (of 50).   Current convergence value = 0.000380136 (threshold = 1e-08)
  Iteration 3 (of 50).   Current convergence value = 0.000280082 (threshold = 1e-08)
  Iteration 4 (of 50).   Current convergence value = 0.000229525 (threshold = 1e-08)
  Iteration 5 (of 50).   Current convergence value = 0.000188618 (threshold = 1e-08)
  Iteration 6 (of 50).   Current convergence value = 0.000149466 (threshold = 1e-08)
  Iteration 7 (of 50).   Current convergence value = 0.000119877 (threshold = 1e-08)
  Iteration 8 (of 50).   Current convergence value = 9.92081e-05 (threshold = 1e-08)
  Iteration 9 (of 50).   Current convergence value = 8.53099e-05 (threshold = 1e-08)
  Iteration 10 (of 50).   Current convergence value = 7.62481e-05 (threshold = 1e-08)
  Iteration 11 (of 50).   Current convergence value = 7.02946e-05 (threshold = 1e-08)
  Iteration 12 (of 50).   Current convergence value = 6.60326e-05 (threshold = 1e-08)
  Iteration 13 (of 50).   Current convergence value = 6.28128e-05 (threshold = 1e-08)
  Iteration 14 (of 50).   Current convergence value = 6.02139e-05 (threshold = 1e-08)
  Iteration 15 (of 50).   Current convergence value = 5.78487e-05 (threshold = 1e-08)
  Iteration 16 (of 50).   Current convergence value = 5.56899e-05 (threshold = 1e-08)
  Iteration 17 (of 50).   Current convergence value = 5.37184e-05 (threshold = 1e-08)
  Iteration 18 (of 50).   Current convergence value = 5.18552e-05 (threshold = 1e-08)
  Iteration 19 (of 50).   Current convergence value = 5.00806e-05 (threshold = 1e-08)
  Iteration 20 (of 50).   Current convergence value = 4.82655e-05 (threshold = 1e-08)
  Iteration 21 (of 50).   Current convergence value = 4.65544e-05 (threshold = 1e-08)
  Iteration 22 (of 50).   Current convergence value = 4.49658e-05 (threshold = 1e-08)
  Iteration 23 (of 50).   Current convergence value = 4.34711e-05 (threshold = 1e-08)
  Iteration 24 (of 50).   Current convergence value = 4.20611e-05 (threshold = 1e-08)
  Iteration 25 (of 50).   Current convergence value = 4.07501e-05 (threshold = 1e-08)
  Iteration 26 (of 50).   Current convergence value = 3.96044e-05 (threshold = 1e-08)
  Iteration 27 (of 50).   Current convergence value = 3.85904e-05 (threshold = 1e-08)
  Iteration 28 (of 50).   Current convergence value = 3.76815e-05 (threshold = 1e-08)
  Iteration 29 (of 50).   Current convergence value = 3.68735e-05 (threshold = 1e-08)
  Iteration 30 (of 50).   Current convergence value = 3.61766e-05 (threshold = 1e-08)
  Iteration 31 (of 50).   Current convergence value = 3.56e-05 (threshold = 1e-08)
  Iteration 32 (of 50).   Current convergence value = 3.51241e-05 (threshold = 1e-08)
  Iteration 33 (of 50).   Current convergence value = 3.47567e-05 (threshold = 1e-08)
  Iteration 34 (of 50).   Current convergence value = 3.44794e-05 (threshold = 1e-08)
  Iteration 35 (of 50).   Current convergence value = 3.42609e-05 (threshold = 1e-08)
  Iteration 36 (of 50).   Current convergence value = 3.40794e-05 (threshold = 1e-08)
  Iteration 37 (of 50).   Current convergence value = 3.3973e-05 (threshold = 1e-08)
  Iteration 38 (of 50).   Current convergence value = 3.40598e-05 (threshold = 1e-08)
  Iteration 39 (of 50).   Current convergence value = 3.41131e-05 (threshold = 1e-08)
  Iteration 40 (of 50).   Current convergence value = 3.42615e-05 (threshold = 1e-08)
  Iteration 41 (of 50).   Current convergence value = 3.45031e-05 (threshold = 1e-08)
  Iteration 42 (of 50).   Current convergence value = 3.46982e-05 (threshold = 1e-08)
  Iteration 43 (of 50).   Current convergence value = 3.50038e-05 (threshold = 1e-08)
  Iteration 44 (of 50).   Current convergence value = 3.52183e-05 (threshold = 1e-08)
  Iteration 45 (of 50).   Current convergence value = 3.55166e-05 (threshold = 1e-08)
  Iteration 46 (of 50).   Current convergence value = 3.59223e-05 (threshold = 1e-08)
  Iteration 47 (of 50).   Current convergence value = 3.61914e-05 (threshold = 1e-08)
  Iteration 48 (of 50).   Current convergence value = 3.64611e-05 (threshold = 1e-08)
  Iteration 49 (of 50).   Current convergence value = 3.66998e-05 (threshold = 1e-08)
  Iteration 50 (of 50).   Current convergence value = 3.69822e-05 (threshold = 1e-08)
Current level = 2
  Iteration 1 (of 50).   Current convergence value = 0.000488292 (threshold = 1e-08)
  Iteration 2 (of 50).   Current convergence value = 0.000467605 (threshold = 1e-08)
  Iteration 3 (of 50).   Current convergence value = 0.000457674 (threshold = 1e-08)
  Iteration 4 (of 50).   Current convergence value = 0.00044893 (threshold = 1e-08)
  Iteration 5 (of 50).   Current convergence value = 0.000439387 (threshold = 1e-08)
  Iteration 6 (of 50).   Current convergence value = 0.000428787 (threshold = 1e-08)
  Iteration 7 (of 50).   Current convergence value = 0.000417472 (threshold = 1e-08)
  Iteration 8 (of 50).   Current convergence value = 0.000405402 (threshold = 1e-08)
  Iteration 9 (of 50).   Current convergence value = 0.000393244 (threshold = 1e-08)
  Iteration 10 (of 50).   Current convergence value = 0.000381461 (threshold = 1e-08)
  Iteration 11 (of 50).   Current convergence value = 0.000370072 (threshold = 1e-08)
  Iteration 12 (of 50).   Current convergence value = 0.000359059 (threshold = 1e-08)
  Iteration 13 (of 50).   Current convergence value = 0.000348796 (threshold = 1e-08)
  Iteration 14 (of 50).   Current convergence value = 0.000339347 (threshold = 1e-08)
  Iteration 15 (of 50).   Current convergence value = 0.000330337 (threshold = 1e-08)
  Iteration 16 (of 50).   Current convergence value = 0.000322363 (threshold = 1e-08)
  Iteration 17 (of 50).   Current convergence value = 0.0003146 (threshold = 1e-08)
  Iteration 18 (of 50).   Current convergence value = 0.000307567 (threshold = 1e-08)
  Iteration 19 (of 50).   Current convergence value = 0.000300681 (threshold = 1e-08)
  Iteration 20 (of 50).   Current convergence value = 0.000294073 (threshold = 1e-08)
  Iteration 21 (of 50).   Current convergence value = 0.000287998 (threshold = 1e-08)
  Iteration 22 (of 50).   Current convergence value = 0.000282282 (threshold = 1e-08)
  Iteration 23 (of 50).   Current convergence value = 0.000276846 (threshold = 1e-08)
  Iteration 24 (of 50).   Current convergence value = 0.000271642 (threshold = 1e-08)
  Iteration 25 (of 50).   Current convergence value = 0.000266953 (threshold = 1e-08)
  Iteration 26 (of 50).   Current convergence value = 0.000262202 (threshold = 1e-08)
  Iteration 27 (of 50).   Current convergence value = 0.000257731 (threshold = 1e-08)
  Iteration 28 (of 50).   Current convergence value = 0.000253656 (threshold = 1e-08)
  Iteration 29 (of 50).   Current convergence value = 0.00024988 (threshold = 1e-08)
  Iteration 30 (of 50).   Current convergence value = 0.000246378 (threshold = 1e-08)
  Iteration 31 (of 50).   Current convergence value = 0.000242803 (threshold = 1e-08)
  Iteration 32 (of 50).   Current convergence value = 0.000239548 (threshold = 1e-08)
  Iteration 33 (of 50).   Current convergence value = 0.00023636 (threshold = 1e-08)
  Iteration 34 (of 50).   Current convergence value = 0.000233351 (threshold = 1e-08)
  Iteration 35 (of 50).   Current convergence value = 0.000230528 (threshold = 1e-08)
  Iteration 36 (of 50).   Current convergence value = 0.000227645 (threshold = 1e-08)
  Iteration 37 (of 50).   Current convergence value = 0.000224942 (threshold = 1e-08)
  Iteration 38 (of 50).   Current convergence value = 0.00022231 (threshold = 1e-08)
  Iteration 39 (of 50).   Current convergence value = 0.000219655 (threshold = 1e-08)
  Iteration 40 (of 50).   Current convergence value = 0.000217144 (threshold = 1e-08)
  Iteration 41 (of 50).   Current convergence value = 0.000214685 (threshold = 1e-08)
  Iteration 42 (of 50).   Current convergence value = 0.000212203 (threshold = 1e-08)
  Iteration 43 (of 50).   Current convergence value = 0.000209879 (threshold = 1e-08)
  Iteration 44 (of 50).   Current convergence value = 0.000207548 (threshold = 1e-08)
  Iteration 45 (of 50).   Current convergence value = 0.00020542 (threshold = 1e-08)
  Iteration 46 (of 50).   Current convergence value = 0.000203143 (threshold = 1e-08)
  Iteration 47 (of 50).   Current convergence value = 0.000201164 (threshold = 1e-08)
  Iteration 48 (of 50).   Current convergence value = 0.000199104 (threshold = 1e-08)
  Iteration 49 (of 50).   Current convergence value = 0.000197069 (threshold = 1e-08)
  Iteration 50 (of 50).   Current convergence value = 0.000195234 (threshold = 1e-08)
Current level = 3
  Iteration 1 (of 40).   Current convergence value = 0.00149235 (threshold = 1e-08)
  Iteration 2 (of 40).   Current convergence value = 0.00145403 (threshold = 1e-08)
  Iteration 3 (of 40).   Current convergence value = 0.00139619 (threshold = 1e-08)
  Iteration 4 (of 40).   Current convergence value = 0.00135989 (threshold = 1e-08)
  Iteration 5 (of 40).   Current convergence value = 0.00136583 (threshold = 1e-08)
  Iteration 6 (of 40).   Current convergence value = 0.00134223 (threshold = 1e-08)
  Iteration 7 (of 40).   Current convergence value = 0.00131782 (threshold = 1e-08)
  Iteration 8 (of 40).   Current convergence value = 0.00129672 (threshold = 1e-08)
  Iteration 9 (of 40).   Current convergence value = 0.00127785 (threshold = 1e-08)
  Iteration 10 (of 40).   Current convergence value = 0.00125869 (threshold = 1e-08)
  Iteration 11 (of 40).   Current convergence value = 0.00121982 (threshold = 1e-08)
  Iteration 12 (of 40).   Current convergence value = 0.00118838 (threshold = 1e-08)
  Iteration 13 (of 40).   Current convergence value = 0.00116019 (threshold = 1e-08)
  Iteration 14 (of 40).   Current convergence value = 0.00113579 (threshold = 1e-08)
  Iteration 15 (of 40).   Current convergence value = 0.00111771 (threshold = 1e-08)
  Iteration 16 (of 40).   Current convergence value = 0.00110494 (threshold = 1e-08)
  Iteration 17 (of 40).   Current convergence value = 0.00109663 (threshold = 1e-08)
  Iteration 18 (of 40).   Current convergence value = 0.00108394 (threshold = 1e-08)
  Iteration 19 (of 40).   Current convergence value = 0.00106098 (threshold = 1e-08)
  Iteration 20 (of 40).   Current convergence value = 0.000988422 (threshold = 1e-08)
  Iteration 21 (of 40).   Current convergence value = 0.000920854 (threshold = 1e-08)
  Iteration 22 (of 40).   Current convergence value = 0.000864956 (threshold = 1e-08)
  Iteration 23 (of 40).   Current convergence value = 0.000817977 (threshold = 1e-08)
  Iteration 24 (of 40).   Current convergence value = 0.000778118 (threshold = 1e-08)
  Iteration 25 (of 40).   Current convergence value = 0.000744378 (threshold = 1e-08)
  Iteration 26 (of 40).   Current convergence value = 0.000715938 (threshold = 1e-08)
  Iteration 27 (of 40).   Current convergence value = 0.000691579 (threshold = 1e-08)
  Iteration 28 (of 40).   Current convergence value = 0.000671338 (threshold = 1e-08)
  Iteration 29 (of 40).   Current convergence value = 0.00065462 (threshold = 1e-08)
  Iteration 30 (of 40).   Current convergence value = 0.000640884 (threshold = 1e-08)
  Iteration 31 (of 40).   Current convergence value = 0.000629771 (threshold = 1e-08)
  Iteration 32 (of 40).   Current convergence value = 0.000620854 (threshold = 1e-08)
  Iteration 33 (of 40).   Current convergence value = 0.000614181 (threshold = 1e-08)
  Iteration 34 (of 40).   Current convergence value = 0.000609282 (threshold = 1e-08)
  Iteration 35 (of 40).   Current convergence value = 0.000605991 (threshold = 1e-08)
  Iteration 36 (of 40).   Current convergence value = 0.00060366 (threshold = 1e-08)
  Iteration 37 (of 40).   Current convergence value = 0.000602642 (threshold = 1e-08)
  Iteration 38 (of 40).   Current convergence value = 0.000602573 (threshold = 1e-08)
  Iteration 39 (of 40).   Current convergence value = 0.000602861 (threshold = 1e-08)
  Iteration 40 (of 40).   Current convergence value = 0.000603432 (threshold = 1e-08)
Current level = 4
  Iteration 1 (of 30).   Current convergence value = 0.00222105 (threshold = 1e-08)
  Iteration 2 (of 30).   Current convergence value = 0.00187943 (threshold = 1e-08)
  Iteration 3 (of 30).   Current convergence value = 0.00177239 (threshold = 1e-08)
  Iteration 4 (of 30).   Current convergence value = 0.00183099 (threshold = 1e-08)
  Iteration 5 (of 30).   Current convergence value = 0.00185394 (threshold = 1e-08)
  Iteration 6 (of 30).   Current convergence value = 0.00184455 (threshold = 1e-08)
  Iteration 7 (of 30).   Current convergence value = 0.00184135 (threshold = 1e-08)
  Iteration 8 (of 30).   Current convergence value = 0.00183319 (threshold = 1e-08)
  Iteration 9 (of 30).   Current convergence value = 0.00185584 (threshold = 1e-08)
  Iteration 10 (of 30).   Current convergence value = 0.00189784 (threshold = 1e-08)
  Iteration 11 (of 30).   Current convergence value = 0.00180953 (threshold = 1e-08)
  Iteration 12 (of 30).   Current convergence value = 0.00172836 (threshold = 1e-08)
  Iteration 13 (of 30).   Current convergence value = 0.00165701 (threshold = 1e-08)
  Iteration 14 (of 30).   Current convergence value = 0.0015856 (threshold = 1e-08)
  Iteration 15 (of 30).   Current convergence value = 0.0015737 (threshold = 1e-08)
  Iteration 16 (of 30).   Current convergence value = 0.00159138 (threshold = 1e-08)
  Iteration 17 (of 30).   Current convergence value = 0.00161487 (threshold = 1e-08)
  Iteration 18 (of 30).   Current convergence value = 0.00164044 (threshold = 1e-08)
  Iteration 19 (of 30).   Current convergence value = 0.00166055 (threshold = 1e-08)
  Iteration 20 (of 30).   Current convergence value = 0.00167496 (threshold = 1e-08)
  Iteration 21 (of 30).   Current convergence value = 0.0016786 (threshold = 1e-08)
  Iteration 22 (of 30).   Current convergence value = 0.00166699 (threshold = 1e-08)
  Iteration 23 (of 30).   Current convergence value = 0.00163638 (threshold = 1e-08)
  Iteration 24 (of 30).   Current convergence value = 0.00159453 (threshold = 1e-08)
  Iteration 25 (of 30).   Current convergence value = 0.00158658 (threshold = 1e-08)
  Iteration 26 (of 30).   Current convergence value = 0.00156317 (threshold = 1e-08)
  Iteration 27 (of 30).   Current convergence value = 0.00152017 (threshold = 1e-08)
  Iteration 28 (of 30).   Current convergence value = 0.00145552 (threshold = 1e-08)
  Iteration 29 (of 30).   Current convergence value = 0.00137464 (threshold = 1e-08)
  Iteration 30 (of 30).   Current convergence value = 0.00128579 (threshold = 1e-08)
   N4BiasFieldCorrectionImageFilter (0x55a5b5c65e20)
     RTTI typeinfo:   itk::N4BiasFieldCorrectionImageFilter<itk::Image<float, 3u>, itk::Image<float, 3u>, itk::Image<float, 3u> >
     Reference Count: 1
     Modified Time: 565
     Debug: Off
     Object Name: 
     Observers: 
       IterationEvent(Command)
     Inputs: 
       ConfidenceImage: (0)
       MaskImage: (0x55a5b5c90620)
       Primary: (0x55a5b5c8bb20) *
     Indexed Inputs: 
       0: Primary (0x55a5b5c8bb20)
       1: MaskImage (0x55a5b5c90620)
       2: ConfidenceImage (0)
     Required Input Names: Primary
     NumberOfRequiredInputs: 1
     Outputs: 
       Primary: (0x55a5b5c75ef0)
     Indexed Outputs: 
       0: Primary (0x55a5b5c75ef0)
     NumberOfRequiredOutputs: 1
     Number Of Work Units: 32
     ReleaseDataFlag: Off
     ReleaseDataBeforeUpdateFlag: Off
     AbortGenerateData: Off
     Progress: 0
     Multithreader: 
       RTTI typeinfo:   itk::PoolMultiThreader
       Reference Count: 1
       Modified Time: 144
       Debug: Off
       Object Name: 
       Observers: 
         none
       Number of Work Units: 32
       Number of Threads: 8
       Global Maximum Number Of Threads: 128
       Global Default Number Of Threads: 8
       Global Default Threader Type: itk::MultiThreaderBaseEnums::Threader::Pool
       SingleMethod: 0
       SingleData: 0
     DynamicMultiThreading: On
     CoordinateTolerance: 1e-06
     DirectionTolerance: 1e-06
     Use Mask Label: 0
     Mask label: 1
     Number of histogram bins: 200
     Wiener filter noise: 0.01
     Bias field FWHM: 0.15
     Maximum number of iterations: [50, 50, 40, 30]
     Convergence threshold: 1e-08
     Spline order: 3
     Number of fitting levels: [4, 4, 4]
     Number of control points: [4, 5, 5]
     CurrentConvergenceMeasurement: 0.00128579
     CurrentLevel: 4
     ElapsedIterations: 31
     LogBiasFieldControlPointLattice: 
       Image (0x55a5c1f4b4b0)
         RTTI typeinfo:   itk::Image<itk::Vector<float, 1u>, 3u>
         Reference Count: 1
         Modified Time: 343560
         Debug: Off
         Object Name: 
         Observers: 
           none
         Source: (none)
         Source output name: (none)
         Release Data: Off
         Data Released: False
         Global Release Data: Off
         PipelineMTime: 0
         UpdateMTime: 0
         RealTimeStamp: 0 seconds 
         LargestPossibleRegion: 
           Dimension: 3
           Index: [0, 0, 0]
           Size: [11, 19, 19]
         BufferedRegion: 
           Dimension: 3
           Index: [0, 0, 0]
           Size: [11, 19, 19]
         RequestedRegion: 
           Dimension: 3
           Index: [0, 0, 0]
           Size: [11, 19, 19]
         Spacing: [24.75, 24.875, 24.875]
         Origin: [25.0699, 17.9087, -30.0145]
         Direction: 
-0.999945 -0.00276527 -0.0101499
0.000156045 -0.968626 0.248522
-0.0105187 0.248507 0.968573

         IndexToPointMatrix: 
-24.7486 -0.0687861 -0.252479
0.00386211 -24.0946 6.18199
-0.260338 6.18161 24.0933

         PointToIndexMatrix: 
-0.0404018 6.30483e-06 -0.000424998
-0.000111166 -0.0389397 0.00999022
-0.000408036 0.00999085 0.0389376

         Inverse Direction: 
-0.999945 0.000156045 -0.0105187
-0.00276527 -0.968626 0.248507
-0.0101499 0.248522 0.968573

         PixelContainer: 
           ImportImageContainer (0x55a5bc772ac0)
             RTTI typeinfo:   itk::ImportImageContainer<unsigned long, itk::Vector<float, 1u> >
             Reference Count: 1
             Modified Time: 343561
             Debug: Off
             Object Name: 
             Observers: 
               none
             Pointer: 0x55a5bfe03f90
             Container manages memory: true
             Size: 3971
             Capacity: 3971
Elapsed time: 269.631
All_Command_lines_OK
Using single precision for computations.
=============================================================================
The composite transform comprises the following transforms (in order): 
  1. Center of mass alignment using fixed image: /home/mpib/nemecz/Projects/miniTRK/Results/01_MRI/GroupTempl/T1w/T_template0.nii.gz and moving image: /home/mpib/nemecz/Projects/miniTRK/Analysis/01_MRI/Preproc/GroupTempl/T1w/sub-828626_T1w.nii.gz (type = Euler3DTransform)
=============================================================================
  number of levels = 4
  number of levels = 4
  number of levels = 4
  fixed image: /home/mpib/nemecz/Projects/miniTRK/Results/01_MRI/GroupTempl/T1w/T_template0.nii.gz
  moving image: /home/mpib/nemecz/Projects/miniTRK/Results/01_MRI/GroupTempl/T1w/T_template0sub-828626_T1wRepaired.nii.gz
  fixed image: /home/mpib/nemecz/Projects/miniTRK/Results/01_MRI/GroupTempl/T1w/T_template0.nii.gz
  moving image: /home/mpib/nemecz/Projects/miniTRK/Results/01_MRI/GroupTempl/T1w/T_template0sub-828626_T1wRepaired.nii.gz
  fixed image: /home/mpib/nemecz/Projects/miniTRK/Results/01_MRI/GroupTempl/T1w/T_template0.nii.gz
  moving image: /home/mpib/nemecz/Projects/miniTRK/Results/01_MRI/GroupTempl/T1w/T_template0sub-828626_T1wRepaired.nii.gz
Dimension = 3
Number of stages = 3
Use Histogram Matching true
Winsorize image intensities true
Lower quantile = 0.01
Upper quantile = 0.99
Stage 1 State
   Image metric = Mattes
     Fixed image = Image (0x560f627b4ad0)
  RTTI typeinfo:   itk::Image<float, 3u>
  Reference Count: 2
  Modified Time: 1721
  Debug: Off
  Object Name: 
  Observers: 
    none
  Source: (none)
  Source output name: (none)
  Release Data: Off
  Data Released: False
  Global Release Data: Off
  PipelineMTime: 0
  UpdateMTime: 1506
  RealTimeStamp: 0 seconds 
  LargestPossibleRegion: 
    Dimension: 3
    Index: [0, 0, 0]
    Size: [192, 256, 256]
  BufferedRegion: 
    Dimension: 3
    Index: [0, 0, 0]
    Size: [192, 256, 256]
  RequestedRegion: 
    Dimension: 3
    Index: [0, 0, 0]
    Size: [192, 256, 256]
  Spacing: [1, 1, 1]
  Origin: [95.0313, 100.538, -154.123]
  Direction: 
-0.999853 -0.014134 -0.00966312
0.014129 -0.9999 0.000586045
-0.00967044 0.000449429 0.999953

  IndexToPointMatrix: 
-0.999853 -0.014134 -0.00966312
0.014129 -0.9999 0.000586045
-0.00967044 0.000449429 0.999953

  PointToIndexMatrix: 
-0.999853 0.014129 -0.00967044
-0.014134 -0.9999 0.000449429
-0.00966312 0.000586045 0.999953

  Inverse Direction: 
-0.999853 0.014129 -0.00967044
-0.014134 -0.9999 0.000449429
-0.00966312 0.000586045 0.999953

  PixelContainer: 
    ImportImageContainer (0x560f627bcc80)
      RTTI typeinfo:   itk::ImportImageContainer<unsigned long, float>
      Reference Count: 1
      Modified Time: 1503
      Debug: Off
      Object Name: 
      Observers: 
        none
      Pointer: 0x7fde56416010
      Container manages memory: true
      Size: 12582912
      Capacity: 12582912

     Moving image = Image (0x560f627b5b40)
  RTTI typeinfo:   itk::Image<float, 3u>
  Reference Count: 2
  Modified Time: 1722
  Debug: Off
  Object Name: 
  Observers: 
    none
  Source: (none)
  Source output name: (none)
  Release Data: Off
  Data Released: False
  Global Release Data: Off
  PipelineMTime: 0
  UpdateMTime: 1719
  RealTimeStamp: 0 seconds 
  LargestPossibleRegion: 
    Dimension: 3
    Index: [0, 0, 0]
    Size: [192, 256, 256]
  BufferedRegion: 
    Dimension: 3
    Index: [0, 0, 0]
    Size: [192, 256, 256]
  RequestedRegion: 
    Dimension: 3
    Index: [0, 0, 0]
    Size: [192, 256, 256]
  Spacing: [1, 1, 1]
  Origin: [95.3806, 56.2858, -166.728]
  Direction: 
-0.999945 -0.00276527 -0.0101499
0.000156045 -0.968626 0.248522
-0.0105187 0.248507 0.968573

  IndexToPointMatrix: 
-0.999945 -0.00276527 -0.0101499
0.000156045 -0.968626 0.248522
-0.0105187 0.248507 0.968573

  PointToIndexMatrix: 
-0.999945 0.000156045 -0.0105187
-0.00276527 -0.968626 0.248507
-0.0101499 0.248522 0.968573

  Inverse Direction: 
-0.999945 0.000156045 -0.0105187
-0.00276527 -0.968626 0.248507
-0.0101499 0.248522 0.968573

  PixelContainer: 
    ImportImageContainer (0x560f627b8610)
      RTTI typeinfo:   itk::ImportImageContainer<unsigned long, float>
      Reference Count: 1
      Modified Time: 1716
      Debug: Off
      Object Name: 
      Observers: 
        none
      Pointer: 0x7fde53415010
      Container manages memory: true
      Size: 12582912
      Capacity: 12582912

     Weighting = 1
     Sampling strategy = regular
     Number of bins = 32
     Radius = 4
     Sampling percentage  = 0.25
   Transform = Rigid
     Gradient step = 0.1
     Update field sigma (voxel space) = 0
     Total field sigma (voxel space) = 0
     Update field time sigma = 0
     Total field time sigma  = 0
     Number of time indices = 0
     Number of time point samples = 0
Stage 2 State
   Image metric = Mattes
     Fixed image = Image (0x560f627cd8a0)
  RTTI typeinfo:   itk::Image<float, 3u>
  Reference Count: 2
  Modified Time: 2149
  Debug: Off
  Object Name: 
  Observers: 
    none
  Source: (none)
  Source output name: (none)
  Release Data: Off
  Data Released: False
  Global Release Data: Off
  PipelineMTime: 0
  UpdateMTime: 1934
  RealTimeStamp: 0 seconds 
  LargestPossibleRegion: 
    Dimension: 3
    Index: [0, 0, 0]
    Size: [192, 256, 256]
  BufferedRegion: 
    Dimension: 3
    Index: [0, 0, 0]
    Size: [192, 256, 256]
  RequestedRegion: 
    Dimension: 3
    Index: [0, 0, 0]
    Size: [192, 256, 256]
  Spacing: [1, 1, 1]
  Origin: [95.0313, 100.538, -154.123]
  Direction: 
-0.999853 -0.014134 -0.00966312
0.014129 -0.9999 0.000586045
-0.00967044 0.000449429 0.999953

  IndexToPointMatrix: 
-0.999853 -0.014134 -0.00966312
0.014129 -0.9999 0.000586045
-0.00967044 0.000449429 0.999953

  PointToIndexMatrix: 
-0.999853 0.014129 -0.00967044
-0.014134 -0.9999 0.000449429
-0.00966312 0.000586045 0.999953

  Inverse Direction: 
-0.999853 0.014129 -0.00967044
-0.014134 -0.9999 0.000449429
-0.00966312 0.000586045 0.999953

  PixelContainer: 
    ImportImageContainer (0x560f627bd6a0)
      RTTI typeinfo:   itk::ImportImageContainer<unsigned long, float>
      Reference Count: 1
      Modified Time: 1931
      Debug: Off
      Object Name: 
      Observers: 
        none
      Pointer: 0x7fde50414010
      Container manages memory: true
      Size: 12582912
      Capacity: 12582912

     Moving image = Image (0x560f627cd510)
  RTTI typeinfo:   itk::Image<float, 3u>
  Reference Count: 2
  Modified Time: 2150
  Debug: Off
  Object Name: 
  Observers: 
    none
  Source: (none)
  Source output name: (none)
  Release Data: Off
  Data Released: False
  Global Release Data: Off
  PipelineMTime: 0
  UpdateMTime: 2147
  RealTimeStamp: 0 seconds 
  LargestPossibleRegion: 
    Dimension: 3
    Index: [0, 0, 0]
    Size: [192, 256, 256]
  BufferedRegion: 
    Dimension: 3
    Index: [0, 0, 0]
    Size: [192, 256, 256]
  RequestedRegion: 
    Dimension: 3
    Index: [0, 0, 0]
    Size: [192, 256, 256]
  Spacing: [1, 1, 1]
  Origin: [95.3806, 56.2858, -166.728]
  Direction: 
-0.999945 -0.00276527 -0.0101499
0.000156045 -0.968626 0.248522
-0.0105187 0.248507 0.968573

  IndexToPointMatrix: 
-0.999945 -0.00276527 -0.0101499
0.000156045 -0.968626 0.248522
-0.0105187 0.248507 0.968573

  PointToIndexMatrix: 
-0.999945 0.000156045 -0.0105187
-0.00276527 -0.968626 0.248507
-0.0101499 0.248522 0.968573

  Inverse Direction: 
-0.999945 0.000156045 -0.0105187
-0.00276527 -0.968626 0.248507
-0.0101499 0.248522 0.968573

  PixelContainer: 
    ImportImageContainer (0x560f627cebb0)
      RTTI typeinfo:   itk::ImportImageContainer<unsigned long, float>
      Reference Count: 1
      Modified Time: 2144
      Debug: Off
      Object Name: 
      Observers: 
        none
      Pointer: 0x7fde4d413010
      Container manages memory: true
      Size: 12582912
      Capacity: 12582912

     Weighting = 1
     Sampling strategy = regular
     Number of bins = 32
     Radius = 4
     Sampling percentage  = 0.25
   Transform = Affine
     Gradient step = 0.1
     Update field sigma (voxel space) = 0
     Total field sigma (voxel space) = 0
     Update field time sigma = 0
     Total field time sigma  = 0
     Number of time indices = 0
     Number of time point samples = 0
Stage 3 State
   Image metric = CC
     Fixed image = Image (0x560f627d4990)
  RTTI typeinfo:   itk::Image<float, 3u>
  Reference Count: 2
  Modified Time: 2577
  Debug: Off
  Object Name: 
  Observers: 
    none
  Source: (none)
  Source output name: (none)
  Release Data: Off
  Data Released: False
  Global Release Data: Off
  PipelineMTime: 0
  UpdateMTime: 2362
  RealTimeStamp: 0 seconds 
  LargestPossibleRegion: 
    Dimension: 3
    Index: [0, 0, 0]
    Size: [192, 256, 256]
  BufferedRegion: 
    Dimension: 3
    Index: [0, 0, 0]
    Size: [192, 256, 256]
  RequestedRegion: 
    Dimension: 3
    Index: [0, 0, 0]
    Size: [192, 256, 256]
  Spacing: [1, 1, 1]
  Origin: [95.0313, 100.538, -154.123]
  Direction: 
-0.999853 -0.014134 -0.00966312
0.014129 -0.9999 0.000586045
-0.00967044 0.000449429 0.999953

  IndexToPointMatrix: 
-0.999853 -0.014134 -0.00966312
0.014129 -0.9999 0.000586045
-0.00967044 0.000449429 0.999953

  PointToIndexMatrix: 
-0.999853 0.014129 -0.00967044
-0.014134 -0.9999 0.000449429
-0.00966312 0.000586045 0.999953

  Inverse Direction: 
-0.999853 0.014129 -0.00967044
-0.014134 -0.9999 0.000449429
-0.00966312 0.000586045 0.999953

  PixelContainer: 
    ImportImageContainer (0x560f62629bf0)
      RTTI typeinfo:   itk::ImportImageContainer<unsigned long, float>
      Reference Count: 1
      Modified Time: 2359
      Debug: Off
      Object Name: 
      Observers: 
        none
      Pointer: 0x7fde4a412010
      Container manages memory: true
      Size: 12582912
      Capacity: 12582912

     Moving image = Image (0x560f627cc2d0)
  RTTI typeinfo:   itk::Image<float, 3u>
  Reference Count: 2
  Modified Time: 2578
  Debug: Off
  Object Name: 
  Observers: 
    none
  Source: (none)
  Source output name: (none)
  Release Data: Off
  Data Released: False
  Global Release Data: Off
  PipelineMTime: 0
  UpdateMTime: 2575
  RealTimeStamp: 0 seconds 
  LargestPossibleRegion: 
    Dimension: 3
    Index: [0, 0, 0]
    Size: [192, 256, 256]
  BufferedRegion: 
    Dimension: 3
    Index: [0, 0, 0]
    Size: [192, 256, 256]
  RequestedRegion: 
    Dimension: 3
    Index: [0, 0, 0]
    Size: [192, 256, 256]
  Spacing: [1, 1, 1]
  Origin: [95.3806, 56.2858, -166.728]
  Direction: 
-0.999945 -0.00276527 -0.0101499
0.000156045 -0.968626 0.248522
-0.0105187 0.248507 0.968573

  IndexToPointMatrix: 
-0.999945 -0.00276527 -0.0101499
0.000156045 -0.968626 0.248522
-0.0105187 0.248507 0.968573

  PointToIndexMatrix: 
-0.999945 0.000156045 -0.0105187
-0.00276527 -0.968626 0.248507
-0.0101499 0.248522 0.968573

  Inverse Direction: 
-0.999945 0.000156045 -0.0105187
-0.00276527 -0.968626 0.248507
-0.0101499 0.248522 0.968573

  PixelContainer: 
    ImportImageContainer (0x560f627d36b0)
      RTTI typeinfo:   itk::ImportImageContainer<unsigned long, float>
      Reference Count: 1
      Modified Time: 2572
      Debug: Off
      Object Name: 
      Observers: 
        none
      Pointer: 0x7fde47411010
      Container manages memory: true
      Size: 12582912
      Capacity: 12582912

     Weighting = 1
     Sampling strategy = none
     Number of bins = 32
     Radius = 4
     Sampling percentage  = 1
   Transform = SyN
     Gradient step = 0.1
     Update field sigma (voxel space) = 3
     Total field sigma (voxel space) = 0
     Update field time sigma = 0
     Total field time sigma  = 0
     Number of time indices = 0
     Number of time point samples = 0
Registration using 3 total stages.

Stage 0
  iterations = 1000x500x250x0
  convergence threshold = 1e-06
  convergence window size = 10
  number of levels = 4
  using the Mattes MI metric (number of bins = 32, weight = 1)
  preprocessing:  winsorizing the image intensities
  preprocessing:  histogram matching the images
  Shrink factors (level 1 out of 4): [6, 6, 6]
  Shrink factors (level 2 out of 4): [4, 4, 4]
  Shrink factors (level 3 out of 4): [2, 2, 2]
  Shrink factors (level 4 out of 4): [1, 1, 1]
  smoothing sigmas per level: [4, 2, 1, 0]
  regular sampling (percentage = 0.25)

*** Running Euler3DTransform registration ***

DIAGNOSTIC,Iteration,metricValue,convergenceValue,ITERATION_TIME_INDEX,SINCE_LAST
 2DIAGNOSTIC,     1, -9.405714273453e-01, inf, 5.9347e-01, 5.9347e-01, 
 2DIAGNOSTIC,     2, -9.417902827263e-01, inf, 6.0264e-01, 9.1619e-03, 
 2DIAGNOSTIC,     3, -9.433357119560e-01, inf, 6.1214e-01, 9.5029e-03, 
 2DIAGNOSTIC,     4, -9.451577663422e-01, inf, 6.2139e-01, 9.2530e-03, 
 2DIAGNOSTIC,     5, -9.471088647842e-01, inf, 6.3068e-01, 9.2869e-03, 
 2DIAGNOSTIC,     6, -9.489471912384e-01, inf, 6.3958e-01, 8.8971e-03, 
 2DIAGNOSTIC,     7, -9.513635039330e-01, inf, 6.4846e-01, 8.8820e-03, 
 2DIAGNOSTIC,     8, -9.542719721794e-01, inf, 6.5871e-01, 1.0252e-02, 
 2DIAGNOSTIC,     9, -9.558773636818e-01, inf, 6.7252e-01, 1.3805e-02, 
 2DIAGNOSTIC,    10, -9.569426774979e-01, 1.188434893265e-03, 6.8177e-01, 9.2559e-03, 
 2DIAGNOSTIC,    11, -9.575662016869e-01, 1.062470488250e-03, 6.9061e-01, 8.8360e-03, 
 2DIAGNOSTIC,    12, -9.582480788231e-01, 9.093625121750e-04, 7.0117e-01, 1.0560e-02, 
 2DIAGNOSTIC,    13, -9.585505723953e-01, 7.393358391710e-04, 7.0963e-01, 8.4660e-03, 
 2DIAGNOSTIC,    14, -9.587987661362e-01, 5.704927025363e-04, 7.1929e-01, 9.6562e-03, 
 2DIAGNOSTIC,    15, -9.592075943947e-01, 4.195485089440e-04, 7.2771e-01, 8.4240e-03, 
 2DIAGNOSTIC,    16, -9.593591690063e-01, 2.859249943867e-04, 7.3716e-01, 9.4471e-03, 
 2DIAGNOSTIC,    17, -9.594878554344e-01, 1.856607705122e-04, 7.4678e-01, 9.6219e-03, 
 2DIAGNOSTIC,    18, -9.593979716301e-01, 1.258903066628e-04, 7.5893e-01, 1.2148e-02, 
 2DIAGNOSTIC,    19, -9.593981504440e-01, 8.595217514085e-05, 7.6701e-01, 8.0831e-03, 
 2DIAGNOSTIC,    20, -9.593852162361e-01, 5.770326242782e-05, 7.7510e-01, 8.0910e-03, 
 2DIAGNOSTIC,    21, -9.593516588211e-01, 3.505573477014e-05, 7.8430e-01, 9.1920e-03, 
 2DIAGNOSTIC,    22, -9.593182802200e-01, 2.011919059441e-05, 7.9235e-01, 8.0500e-03, 
 2DIAGNOSTIC,    23, -9.592988491058e-01, 8.428182809439e-06, 8.0059e-01, 8.2390e-03, 
DIAGNOSTIC,Iteration,metricValue,convergenceValue,ITERATION_TIME_INDEX,SINCE_LAST
 2DIAGNOSTIC,     1, -7.591034770012e-01, inf, 1.3172e+00, 5.1659e-01, 
 2DIAGNOSTIC,     2, -7.603269815445e-01, inf, 1.3466e+00, 2.9426e-02, 
 2DIAGNOSTIC,     3, -7.618401646614e-01, inf, 1.3762e+00, 2.9597e-02, 
 2DIAGNOSTIC,     4, -7.632883191109e-01, inf, 1.4057e+00, 2.9477e-02, 
 2DIAGNOSTIC,     5, -7.639217376709e-01, inf, 1.4413e+00, 3.5588e-02, 
 2DIAGNOSTIC,     6, -7.645988464355e-01, inf, 1.4719e+00, 3.0656e-02, 
 2DIAGNOSTIC,     7, -7.656038403511e-01, inf, 1.5033e+00, 3.1352e-02, 
 2DIAGNOSTIC,     8, -7.667607069016e-01, inf, 1.5336e+00, 3.0340e-02, 
 2DIAGNOSTIC,     9, -7.672836184502e-01, inf, 1.5751e+00, 4.1484e-02, 
 2DIAGNOSTIC,    10, -7.675186991692e-01, 7.151830941439e-04, 1.6037e+00, 2.8628e-02, 
 2DIAGNOSTIC,    11, -7.675955891609e-01, 5.615199916065e-04, 1.6342e+00, 3.0495e-02, 
 2DIAGNOSTIC,    12, -7.677460312843e-01, 4.251093487255e-04, 1.6614e+00, 2.7190e-02, 
 2DIAGNOSTIC,    13, -7.678840756416e-01, 3.174628654961e-04, 1.6958e+00, 3.4352e-02, 
 2DIAGNOSTIC,    14, -7.679721117020e-01, 2.371787122684e-04, 1.7444e+00, 4.8656e-02, 
 2DIAGNOSTIC,    15, -7.679740190506e-01, 1.620985276531e-04, 1.7749e+00, 3.0485e-02, 
 2DIAGNOSTIC,    16, -7.680167555809e-01, 9.833654621616e-05, 1.8054e+00, 3.0476e-02, 
 2DIAGNOSTIC,    17, -7.680144309998e-01, 5.455553764477e-05, 1.8394e+00, 3.4061e-02, 
 2DIAGNOSTIC,    18, -7.680131196976e-01, 3.433619349380e-05, 1.8697e+00, 3.0240e-02, 
 2DIAGNOSTIC,    19, -7.680033445358e-01, 2.316520112799e-05, 1.8965e+00, 2.6814e-02, 
 2DIAGNOSTIC,    20, -7.680031061172e-01, 1.550377237436e-05, 1.9239e+00, 2.7414e-02, 
 2DIAGNOSTIC,    21, -7.680115103722e-01, 8.748631444178e-06, 1.9510e+00, 2.7084e-02, 
 2DIAGNOSTIC,    22, -7.680237889290e-01, 4.620726031135e-06, 1.9812e+00, 3.0170e-02, 
 2DIAGNOSTIC,    23, -7.680306434631e-01, 2.860556605810e-06, 2.0079e+00, 2.6772e-02, 
 2DIAGNOSTIC,    24, -7.680467963219e-01, 2.729802190515e-06, 2.0362e+00, 2.8235e-02, 
 2DIAGNOSTIC,    25, -7.680527567863e-01, 2.573212441348e-06, 2.0684e+00, 3.2273e-02, 
 2DIAGNOSTIC,    26, -7.680557370186e-01, 2.956350726890e-06, 2.1039e+00, 3.5493e-02, 
 2DIAGNOSTIC,    27, -7.680473923683e-01, 3.000209517268e-06, 2.1406e+00, 3.6698e-02, 
 2DIAGNOSTIC,    28, -7.680432796478e-01, 2.804948962876e-06, 2.1728e+00, 3.2171e-02, 
 2DIAGNOSTIC,    29, -7.680391073227e-01, 2.288167706865e-06, 2.2003e+00, 2.7485e-02, 
 2DIAGNOSTIC,    30, -7.680423259735e-01, 1.727567905618e-06, 2.2280e+00, 2.7685e-02, 
 2DIAGNOSTIC,    31, -7.680553793907e-01, 1.393732304678e-06, 2.2597e+00, 3.1755e-02, 
 2DIAGNOSTIC,    32, -7.680596709251e-01, 1.236193384102e-06, 2.2909e+00, 3.1140e-02, 
 2DIAGNOSTIC,    33, -7.680552601814e-01, 1.091297917810e-06, 2.3193e+00, 2.8481e-02, 
 2DIAGNOSTIC,    34, -7.680524587631e-01, 1.090650016522e-06, 2.3482e+00, 2.8838e-02, 
 2DIAGNOSTIC,    35, -7.680656313896e-01, 1.275457861993e-06, 2.3773e+00, 2.9136e-02, 
 2DIAGNOSTIC,    36, -7.680767178535e-01, 1.553789388709e-06, 2.4059e+00, 2.8541e-02, 
 2DIAGNOSTIC,    37, -7.680894732475e-01, 1.795682578631e-06, 2.4343e+00, 2.8437e-02, 
 2DIAGNOSTIC,    38, -7.680904269218e-01, 1.909135107780e-06, 2.4629e+00, 2.8650e-02, 
 2DIAGNOSTIC,    39, -7.681097388268e-01, 2.062883595499e-06, 2.4914e+00, 2.8430e-02, 
 2DIAGNOSTIC,    40, -7.681493163109e-01, 2.477438556525e-06, 2.5190e+00, 2.7632e-02, 
 2DIAGNOSTIC,    41, -7.681870460510e-01, 3.157684432153e-06, 2.5506e+00, 3.1571e-02, 
 2DIAGNOSTIC,    42, -7.681934237480e-01, 3.670170826808e-06, 2.5870e+00, 3.6404e-02, 
 2DIAGNOSTIC,    43, -7.681943178177e-01, 3.860650849674e-06, 2.6305e+00, 4.3552e-02, 
 2DIAGNOSTIC,    44, -7.682141065598e-01, 3.888543233188e-06, 2.6622e+00, 3.1664e-02, 
 2DIAGNOSTIC,    45, -7.682122588158e-01, 3.693573944474e-06, 2.6899e+00, 2.7728e-02, 
 2DIAGNOSTIC,    46, -7.682213187218e-01, 3.379278496141e-06, 2.7185e+00, 2.8550e-02, 
 2DIAGNOSTIC,    47, -7.682240009308e-01, 2.947881057480e-06, 2.7574e+00, 3.8880e-02, 
 2DIAGNOSTIC,    48, -7.682123780251e-01, 2.238019533252e-06, 2.7888e+00, 3.1470e-02, 
 2DIAGNOSTIC,    49, -7.682067751884e-01, 1.506974399490e-06, 2.8205e+00, 3.1652e-02, 
 2DIAGNOSTIC,    50, -7.682068347931e-01, 1.009274569697e-06, 2.8525e+00, 3.2057e-02, 
DIAGNOSTIC,Iteration,metricValue,convergenceValue,ITERATION_TIME_INDEX,SINCE_LAST
 2DIAGNOSTIC,     1, -6.813693642616e-01, inf, 3.7932e+00, 9.4068e-01, 
 2DIAGNOSTIC,     2, -6.818329095840e-01, inf, 4.0167e+00, 2.2354e-01, 
 2DIAGNOSTIC,     3, -6.820413470268e-01, inf, 4.2382e+00, 2.2142e-01, 
 2DIAGNOSTIC,     4, -6.821277737617e-01, inf, 4.4594e+00, 2.2124e-01, 
 2DIAGNOSTIC,     5, -6.822435855865e-01, inf, 4.6944e+00, 2.3502e-01, 
 2DIAGNOSTIC,     6, -6.823308467865e-01, inf, 4.9767e+00, 2.8230e-01, 
 2DIAGNOSTIC,     7, -6.823998093605e-01, inf, 5.1966e+00, 2.1993e-01, 
 2DIAGNOSTIC,     8, -6.824539899826e-01, inf, 5.4441e+00, 2.4744e-01, 
 2DIAGNOSTIC,     9, -6.827095746994e-01, inf, 5.7472e+00, 3.0315e-01, 
 2DIAGNOSTIC,    10, -6.827643513680e-01, 1.111596502597e-04, 5.9654e+00, 2.1819e-01, 
 2DIAGNOSTIC,    11, -6.827800869942e-01, 8.230145613197e-05, 6.2202e+00, 2.5476e-01, 
 2DIAGNOSTIC,    12, -6.827896833420e-01, 6.754717469448e-05, 6.4930e+00, 2.7279e-01, 
 2DIAGNOSTIC,    13, -6.828017830849e-01, 5.623931065202e-05, 6.7117e+00, 2.1877e-01, 
 2DIAGNOSTIC,    14, -6.828050017357e-01, 4.415550938575e-05, 6.9571e+00, 2.4536e-01, 
 2DIAGNOSTIC,    15, -6.828118562698e-01, 3.319616735098e-05, 7.2089e+00, 2.5185e-01, 
 2DIAGNOSTIC,    16, -6.828131079674e-01, 2.312376273039e-05, 7.4269e+00, 2.1794e-01, 
 2DIAGNOSTIC,    17, -6.828178763390e-01, 1.415272527083e-05, 7.6744e+00, 2.4756e-01, 
 2DIAGNOSTIC,    18, -6.828206181526e-01, 6.206982106960e-06, 8.0145e+00, 3.4008e-01, 
 2DIAGNOSTIC,    19, -6.828212738037e-01, 4.273126705812e-06, 8.2592e+00, 2.4472e-01, 
 2DIAGNOSTIC,    20, -6.828217506409e-01, 3.438015710344e-06, 8.5403e+00, 2.8106e-01, 
 2DIAGNOSTIC,    21, -6.828216314316e-01, 2.818051143549e-06, 8.8183e+00, 2.7801e-01, 
 2DIAGNOSTIC,    22, -6.828212738037e-01, 2.302559323653e-06, 9.0946e+00, 2.7624e-01, 
 2DIAGNOSTIC,    23, -6.828219890594e-01, 1.983105221370e-06, 9.3401e+00, 2.4557e-01, 
 2DIAGNOSTIC,    24, -6.828214526176e-01, 1.677953719081e-06, 9.5986e+00, 2.5846e-01, 
 2DIAGNOSTIC,    25, -6.828208565712e-01, 1.469640437790e-06, 9.8527e+00, 2.5408e-01, 
 2DIAGNOSTIC,    26, -6.828212738037e-01, 1.284466407014e-06, 1.0098e+01, 2.4543e-01, 
 2DIAGNOSTIC,    27, -6.828215122223e-01, 1.183174049402e-06, 1.0346e+01, 2.4773e-01, 
 2DIAGNOSTIC,    28, -6.828207969666e-01, 1.118293539548e-06, 1.0602e+01, 2.5647e-01, 
 2DIAGNOSTIC,    29, -6.828205585480e-01, 1.065847413884e-06, 1.0967e+01, 3.6489e-01, 
 2DIAGNOSTIC,    30, -6.828206777573e-01, 1.028462293107e-06, 1.1213e+01, 2.4546e-01, 
DIAGNOSTIC,Iteration,metricValue,convergenceValue,ITERATION_TIME_INDEX,SINCE_LAST
 2DIAGNOSTIC,     1, -6.282398104668e-01, inf, 1.3718e+01, 2.5055e+00, 
  Elapsed time (stage 0): 1.5208e+01


Stage 1
  iterations = 1000x500x250x0
  convergence threshold = 1.0000e-06
  convergence window size = 10
  number of levels = 4
  using the Mattes MI metric (number of bins = 32, weight = 1.0000e+00)
  preprocessing:  winsorizing the image intensities
  preprocessing:  histogram matching the images
  Shrink factors (level 1 out of 4): [6, 6, 6]
  Shrink factors (level 2 out of 4): [4, 4, 4]
  Shrink factors (level 3 out of 4): [2, 2, 2]
  Shrink factors (level 4 out of 4): [1, 1, 1]
  smoothing sigmas per level: [4, 2, 1, 0]
  regular sampling (percentage = 2.5000e-01)

*** Running AffineTransform registration ***

DIAGNOSTIC,Iteration,metricValue,convergenceValue,ITERATION_TIME_INDEX,SINCE_LAST
 2DIAGNOSTIC,     1, -9.639924764633e-01, inf, 6.1611e-01, 6.1611e-01, 
 2DIAGNOSTIC,     2, -9.664931893349e-01, inf, 6.2840e-01, 1.2284e-02, 
 2DIAGNOSTIC,     3, -9.706795811653e-01, inf, 6.3971e-01, 1.1311e-02, 
 2DIAGNOSTIC,     4, -9.774494767189e-01, inf, 6.5150e-01, 1.1791e-02, 
 2DIAGNOSTIC,     5, -9.879032373428e-01, inf, 6.6256e-01, 1.1058e-02, 
 2DIAGNOSTIC,     6, -1.002505540848e+00, inf, 6.7249e-01, 9.9299e-03, 
 2DIAGNOSTIC,     7, -1.021499276161e+00, inf, 6.8247e-01, 9.9888e-03, 
 2DIAGNOSTIC,     8, -1.045371532440e+00, inf, 6.9407e-01, 1.1599e-02, 
 2DIAGNOSTIC,     9, -1.051645517349e+00, inf, 7.0475e-01, 1.0675e-02, 
 2DIAGNOSTIC,    10, -1.052665114403e+00, 6.753973197192e-03, 7.2086e-01, 1.6114e-02, 
 2DIAGNOSTIC,    11, -1.052693009377e+00, 6.148960907012e-03, 7.3028e-01, 9.4190e-03, 
 2DIAGNOSTIC,    12, -1.053125143051e+00, 5.163074471056e-03, 7.3973e-01, 9.4440e-03, 
 2DIAGNOSTIC,    13, -1.053706407547e+00, 3.965556155890e-03, 7.4882e-01, 9.0909e-03, 
 2DIAGNOSTIC,    14, -1.054250955582e+00, 2.731366315857e-03, 7.5806e-01, 9.2399e-03, 
 2DIAGNOSTIC,    15, -1.054398894310e+00, 1.618346315809e-03, 7.6820e-01, 1.0145e-02, 
 2DIAGNOSTIC,    16, -1.054353594780e+00, 7.511368021369e-04, 7.7720e-01, 9.0029e-03, 
 2DIAGNOSTIC,    17, -1.054315447807e+00, 2.197731373599e-04, 7.8845e-01, 1.1245e-02, 
 2DIAGNOSTIC,    18, -1.054295539856e+00, 9.324669372290e-05, 7.9837e-01, 9.9199e-03, 
 2DIAGNOSTIC,    19, -1.054190874100e+00, 6.122211925685e-05, 8.0890e-01, 1.0527e-02, 
 2DIAGNOSTIC,    20, -1.054123163223e+00, 4.026297756354e-05, 8.1764e-01, 8.7411e-03, 
 2DIAGNOSTIC,    21, -1.054183006287e+00, 1.895926106954e-05, 8.2739e-01, 9.7501e-03, 
 2DIAGNOSTIC,    22, -1.054158687592e+00, 2.981936177093e-06, 8.3723e-01, 9.8410e-03, 
DIAGNOSTIC,Iteration,metricValue,convergenceValue,ITERATION_TIME_INDEX,SINCE_LAST
 2DIAGNOSTIC,     1, -8.276004791260e-01, inf, 1.3451e+00, 5.0789e-01, 
 2DIAGNOSTIC,     2, -8.290300965309e-01, inf, 1.3798e+00, 3.4692e-02, 
 2DIAGNOSTIC,     3, -8.307780623436e-01, inf, 1.4119e+00, 3.2104e-02, 
 2DIAGNOSTIC,     4, -8.322954773903e-01, inf, 1.4452e+00, 3.3279e-02, 
 2DIAGNOSTIC,     5, -8.333828449249e-01, inf, 1.4763e+00, 3.1092e-02, 
 2DIAGNOSTIC,     6, -8.341703414917e-01, inf, 1.5074e+00, 3.1096e-02, 
 2DIAGNOSTIC,     7, -8.349400758743e-01, inf, 1.5651e+00, 5.7763e-02, 
 2DIAGNOSTIC,     8, -8.349186182022e-01, inf, 1.5943e+00, 2.9108e-02, 
 2DIAGNOSTIC,     9, -8.348981738091e-01, inf, 1.6233e+00, 2.9057e-02, 
 2DIAGNOSTIC,    10, -8.348801136017e-01, 5.724249640480e-04, 1.6631e+00, 3.9820e-02, 
 2DIAGNOSTIC,    11, -8.348731994629e-01, 3.781976702157e-04, 1.6966e+00, 3.3504e-02, 
 2DIAGNOSTIC,    12, -8.348663449287e-01, 2.223565679742e-04, 1.7292e+00, 3.2585e-02, 
 2DIAGNOSTIC,    13, -8.348600864410e-01, 1.158766972367e-04, 1.7645e+00, 3.5241e-02, 
 2DIAGNOSTIC,    14, -8.348457813263e-01, 5.074303408037e-05, 1.7996e+00, 3.5174e-02, 
 2DIAGNOSTIC,    15, -8.348228335381e-01, 1.378779688821e-05, 1.8433e+00, 4.3623e-02, 
DIAGNOSTIC,Iteration,metricValue,convergenceValue,ITERATION_TIME_INDEX,SINCE_LAST
 2DIAGNOSTIC,     1, -7.262555360794e-01, inf, 2.9222e+00, 1.0790e+00, 
 2DIAGNOSTIC,     2, -7.262572050095e-01, inf, 3.3196e+00, 3.9732e-01, 
 2DIAGNOSTIC,     3, -7.262585163116e-01, inf, 3.7226e+00, 4.0307e-01, 
 2DIAGNOSTIC,     4, -7.262580990791e-01, inf, 4.0002e+00, 2.7760e-01, 
 2DIAGNOSTIC,     5, -7.262585163116e-01, inf, 4.2825e+00, 2.8224e-01, 
 2DIAGNOSTIC,     6, -7.262579798698e-01, inf, 4.5641e+00, 2.8161e-01, 
 2DIAGNOSTIC,     7, -7.262576818466e-01, inf, 4.8380e+00, 2.7390e-01, 
 2DIAGNOSTIC,     8, -7.262561917305e-01, inf, 5.0870e+00, 2.4906e-01, 
 2DIAGNOSTIC,     9, -7.262569069862e-01, inf, 5.3687e+00, 2.8171e-01, 
 2DIAGNOSTIC,    10, -7.262545824051e-01, 3.058510401388e-06, 5.6501e+00, 2.8134e-01, 
 2DIAGNOSTIC,    11, -7.262542843819e-01, 2.595527575977e-06, 5.9250e+00, 2.7491e-01, 
 2DIAGNOSTIC,    12, -7.262542843819e-01, 2.289689291501e-06, 6.2627e+00, 3.3770e-01, 
 2DIAGNOSTIC,    13, -7.262538075447e-01, 2.088338760586e-06, 6.5677e+00, 3.0498e-01, 
 2DIAGNOSTIC,    14, -7.262539863586e-01, 1.941314849319e-06, 6.8539e+00, 2.8620e-01, 
 2DIAGNOSTIC,    15, -7.262537479401e-01, 1.849133241194e-06, 7.1345e+00, 2.8064e-01, 
 2DIAGNOSTIC,    16, -7.262532711029e-01, 1.769011532815e-06, 7.4477e+00, 3.1320e-01, 
 2DIAGNOSTIC,    17, -7.262528538704e-01, 1.702713802842e-06, 7.7216e+00, 2.7386e-01, 
 2DIAGNOSTIC,    18, -7.262526750565e-01, 1.622109493837e-06, 7.9951e+00, 2.7352e-01, 
 2DIAGNOSTIC,    19, -7.262526750565e-01, 1.579302079335e-06, 8.2737e+00, 2.7860e-01, 
 2DIAGNOSTIC,    20, -7.262526750565e-01, 1.504049578216e-06, 8.5539e+00, 2.8019e-01, 
 2DIAGNOSTIC,    21, -7.262527346611e-01, 1.439662355551e-06, 8.8333e+00, 2.7945e-01, 
 2DIAGNOSTIC,    22, -7.262525558472e-01, 1.385310270052e-06, 9.1071e+00, 2.7377e-01, 
 2DIAGNOSTIC,    23, -7.262526154518e-01, 1.334163016509e-06, 9.4154e+00, 3.0829e-01, 
 2DIAGNOSTIC,    24, -7.262525558472e-01, 1.293673790315e-06, 9.6913e+00, 2.7589e-01, 
 2DIAGNOSTIC,    25, -7.262523174286e-01, 1.252018250852e-06, 9.9657e+00, 2.7447e-01, 
 2DIAGNOSTIC,    26, -7.262523770332e-01, 1.209452307194e-06, 1.0245e+01, 2.7922e-01, 
 2DIAGNOSTIC,    27, -7.262522578239e-01, 1.163614456345e-06, 1.0524e+01, 2.7943e-01, 
 2DIAGNOSTIC,    28, -7.262523770332e-01, 1.121603304455e-06, 1.0798e+01, 2.7341e-01, 
 2DIAGNOSTIC,    29, -7.262523174286e-01, 1.082991616386e-06, 1.1071e+01, 2.7341e-01, 
 2DIAGNOSTIC,    30, -7.262521982193e-01, 1.046743705047e-06, 1.1347e+01, 2.7629e-01, 
 2DIAGNOSTIC,    31, -7.262523770332e-01, 1.017254248836e-06, 1.1629e+01, 2.8120e-01, 
DIAGNOSTIC,Iteration,metricValue,convergenceValue,ITERATION_TIME_INDEX,SINCE_LAST
 2DIAGNOSTIC,     1, -6.459326148033e-01, inf, 1.4242e+01, 2.6136e+00, 
  Elapsed time (stage 1): 1.5590e+01


Stage 2
  iterations = 100x100x70x20
  convergence threshold = 1.0000e-09
  convergence window size = 10
  number of levels = 4
  using the CC metric (radius = 4, weight = 1.0000e+00)
  preprocessing:  winsorizing the image intensities
  preprocessing:  histogram matching the images
  Shrink factors (level 1 out of 4): [6, 6, 6]
  Shrink factors (level 2 out of 4): [4, 4, 4]
  Shrink factors (level 3 out of 4): [2, 2, 2]
  Shrink factors (level 4 out of 4): [1, 1, 1]
  smoothing sigmas per level: [3, 2, 1, 0]
  Using default NONE metricSamplingStrategy 

*** Running SyN registration (varianceForUpdateField = 3.0000e+00, varianceForTotalField = 0.0000e+00) ***

XXDIAGNOSTIC,Iteration,metricValue,convergenceValue,ITERATION_TIME_INDEX,SINCE_LAST
 1DIAGNOSTIC,     1, -8.813018202782e-01, inf, 1.2149e+00, 1.2149e+00, 
 1DIAGNOSTIC,     2, -8.892432451248e-01, inf, 2.0039e+00, 7.8904e-01, 
 1DIAGNOSTIC,     3, -8.973109722137e-01, inf, 2.7993e+00, 7.9535e-01, 
 1DIAGNOSTIC,     4, -9.027055501938e-01, inf, 3.6265e+00, 8.2722e-01, 
 1DIAGNOSTIC,     5, -9.067734479904e-01, inf, 4.4677e+00, 8.4125e-01, 
 1DIAGNOSTIC,     6, -9.099199175835e-01, inf, 5.2896e+00, 8.2184e-01, 
 1DIAGNOSTIC,     7, -9.124228954315e-01, inf, 6.0792e+00, 7.8959e-01, 
 1DIAGNOSTIC,     8, -9.145792722702e-01, inf, 6.8776e+00, 7.9847e-01, 
 1DIAGNOSTIC,     9, -9.165059328079e-01, inf, 7.7082e+00, 8.3059e-01, 
 1DIAGNOSTIC,    10, -9.180907011032e-01, 2.446326427162e-03, 8.5383e+00, 8.3013e-01, 
 1DIAGNOSTIC,    11, -9.196431636810e-01, 1.779134036042e-03, 9.3529e+00, 8.1458e-01, 
 1DIAGNOSTIC,    12, -9.210002422333e-01, 1.304061035626e-03, 1.0183e+01, 8.2987e-01, 
 1DIAGNOSTIC,    13, -9.222788810730e-01, 1.008070306852e-03, 1.0997e+01, 8.1413e-01, 
 1DIAGNOSTIC,    14, -9.233350753784e-01, 8.058510720730e-04, 1.1811e+01, 8.1424e-01, 
 1DIAGNOSTIC,    15, -9.243779778481e-01, 6.627885159105e-04, 1.2658e+01, 8.4647e-01, 
 1DIAGNOSTIC,    16, -9.252104759216e-01, 5.539138219319e-04, 1.3475e+01, 8.1748e-01, 
 1DIAGNOSTIC,    17, -9.259166717529e-01, 4.653101786971e-04, 1.4309e+01, 8.3396e-01, 
 1DIAGNOSTIC,    18, -9.267526268959e-01, 3.950356040150e-04, 1.5109e+01, 7.9947e-01, 
 1DIAGNOSTIC,    19, -9.274464845657e-01, 3.381881397218e-04, 1.5929e+01, 8.2074e-01, 
 1DIAGNOSTIC,    20, -9.280637502670e-01, 2.895930665545e-04, 1.6729e+01, 7.9927e-01, 
 1DIAGNOSTIC,    21, -9.285937547684e-01, 2.493334468454e-04, 1.7560e+01, 8.3133e-01, 
 1DIAGNOSTIC,    22, -9.293035268784e-01, 2.185035555158e-04, 1.8341e+01, 7.8094e-01, 
 1DIAGNOSTIC,    23, -9.299124479294e-01, 1.951722515514e-04, 1.9145e+01, 8.0379e-01, 
 1DIAGNOSTIC,    24, -9.304221272469e-01, 1.755418488756e-04, 1.9947e+01, 8.0195e-01, 
 1DIAGNOSTIC,    25, -9.309042692184e-01, 1.598910748726e-04, 2.0775e+01, 8.2856e-01, 
 1DIAGNOSTIC,    26, -9.313408732414e-01, 1.455329911551e-04, 2.1586e+01, 8.1133e-01, 
 1DIAGNOSTIC,    27, -9.318349361420e-01, 1.321875461144e-04, 2.2413e+01, 8.2680e-01, 
 1DIAGNOSTIC,    28, -9.323205947876e-01, 1.218337565660e-04, 2.3210e+01, 7.9643e-01, 
 1DIAGNOSTIC,    29, -9.327342510223e-01, 1.124711052398e-04, 2.4010e+01, 8.0076e-01, 
 1DIAGNOSTIC,    30, -9.331369400024e-01, 1.036516187014e-04, 2.4833e+01, 8.2254e-01, 
 1DIAGNOSTIC,    31, -9.335230588913e-01, 9.468317148276e-05, 2.5652e+01, 8.1947e-01, 
 1DIAGNOSTIC,    32, -9.339638948441e-01, 8.836636698106e-05, 2.6455e+01, 8.0259e-01, 
 1DIAGNOSTIC,    33, -9.343518018723e-01, 8.333453297382e-05, 2.7288e+01, 8.3248e-01, 
 1DIAGNOSTIC,    34, -9.347054362297e-01, 7.852169073885e-05, 2.8091e+01, 8.0301e-01, 
 1DIAGNOSTIC,    35, -9.349557161331e-01, 7.300956349354e-05, 2.8902e+01, 8.1109e-01, 
 1DIAGNOSTIC,    36, -9.352759718895e-01, 6.736442446709e-05, 2.9724e+01, 8.2206e-01, 
 1DIAGNOSTIC,    37, -9.354656934738e-01, 6.128699897090e-05, 3.0542e+01, 8.1856e-01, 
 1DIAGNOSTIC,    38, -9.357431530952e-01, 5.590094588115e-05, 3.1368e+01, 8.2533e-01, 
 1DIAGNOSTIC,    39, -9.359817504883e-01, 5.062911441200e-05, 3.2186e+01, 8.1829e-01, 
 1DIAGNOSTIC,    40, -9.361583590508e-01, 4.528081626631e-05, 3.3008e+01, 8.2190e-01, 
 1DIAGNOSTIC,    41, -9.365031123161e-01, 4.138390431763e-05, 3.3841e+01, 8.3306e-01, 
 1DIAGNOSTIC,    42, -9.366089105606e-01, 3.771253614104e-05, 3.4667e+01, 8.2615e-01, 
 1DIAGNOSTIC,    43, -9.368579387665e-01, 3.520774407662e-05, 3.5495e+01, 8.2825e-01, 
 1DIAGNOSTIC,    44, -9.368457198143e-01, 3.186623143847e-05, 3.6326e+01, 8.3124e-01, 
 1DIAGNOSTIC,    45, -9.370648860931e-01, 2.888550261559e-05, 3.7160e+01, 8.3313e-01, 
 1DIAGNOSTIC,    46, -9.370924234390e-01, 2.561327164585e-05, 3.7985e+01, 8.2506e-01, 
 1DIAGNOSTIC,    47, -9.374160766602e-01, 2.342076913919e-05, 3.8785e+01, 8.0003e-01, 
 1DIAGNOSTIC,    48, -9.374763965607e-01, 2.124598177033e-05, 3.9615e+01, 8.3045e-01, 
 1DIAGNOSTIC,    49, -9.376324415207e-01, 1.967295429495e-05, 4.0420e+01, 8.0518e-01, 
 1DIAGNOSTIC,    50, -9.377770423889e-01, 1.827028972912e-05, 4.1224e+01, 8.0369e-01, 
 1DIAGNOSTIC,    51, -9.379037618637e-01, 1.804432940844e-05, 4.2039e+01, 8.1526e-01, 
 1DIAGNOSTIC,    52, -9.379985332489e-01, 1.728747702145e-05, 4.2875e+01, 8.3531e-01, 
 1DIAGNOSTIC,    53, -9.380258321762e-01, 1.656879248912e-05, 4.3707e+01, 8.3203e-01, 
 1DIAGNOSTIC,    54, -9.382245540619e-01, 1.539400182082e-05, 4.4540e+01, 8.3340e-01, 
 1DIAGNOSTIC,    55, -9.383269548416e-01, 1.461507872591e-05, 4.5348e+01, 8.0842e-01, 
 1DIAGNOSTIC,    56, -9.383829832077e-01, 1.292384968110e-05, 4.6179e+01, 8.3039e-01, 
 1DIAGNOSTIC,    57, -9.384691715240e-01, 1.232552040165e-05, 4.7008e+01, 8.2920e-01, 
 1DIAGNOSTIC,    58, -9.386403560638e-01, 1.182747564599e-05, 4.7832e+01, 8.2414e-01, 
 1DIAGNOSTIC,    59, -9.385331869125e-01, 1.047563819156e-05, 4.8638e+01, 8.0617e-01, 
 1DIAGNOSTIC,    60, -9.386852979660e-01, 9.737243999552e-06, 4.9467e+01, 8.2899e-01, 
 1DIAGNOSTIC,    61, -9.386862516403e-01, 8.760450327827e-06, 5.0310e+01, 8.4230e-01, 
 1DIAGNOSTIC,    62, -9.388270378113e-01, 8.190913831641e-06, 5.1125e+01, 8.1543e-01, 
 1DIAGNOSTIC,    63, -9.387208223343e-01, 6.479675448645e-06, 5.1942e+01, 8.1693e-01, 
 1DIAGNOSTIC,    64, -9.389102458954e-01, 6.124341780378e-06, 5.2759e+01, 8.1697e-01, 
 1DIAGNOSTIC,    65, -9.387142062187e-01, 4.777696176461e-06, 5.3589e+01, 8.3044e-01, 
 1DIAGNOSTIC,    66, -9.389541149139e-01, 4.444164915185e-06, 5.4427e+01, 8.3734e-01, 
 1DIAGNOSTIC,    67, -9.388464689255e-01, 3.587551418605e-06, 5.5235e+01, 8.0801e-01, 
 1DIAGNOSTIC,    68, -9.390052556992e-01, 3.977352207585e-06, 5.6039e+01, 8.0442e-01, 
 1DIAGNOSTIC,    69, -9.389455318451e-01, 3.251878297306e-06, 5.6858e+01, 8.1836e-01, 
 1DIAGNOSTIC,    70, -9.390990734100e-01, 3.628405011114e-06, 5.7678e+01, 8.2050e-01, 
 1DIAGNOSTIC,    71, -9.389899373055e-01, 3.190080633431e-06, 5.8472e+01, 7.9356e-01, 
 1DIAGNOSTIC,    72, -9.391509890556e-01, 3.808180508713e-06, 5.9268e+01, 7.9598e-01, 
 1DIAGNOSTIC,    73, -9.390479326248e-01, 3.169988985974e-06, 6.0087e+01, 8.1953e-01, 
 1DIAGNOSTIC,    74, -9.392121434212e-01, 3.785523631450e-06, 6.0918e+01, 8.3072e-01, 
 1DIAGNOSTIC,    75, -9.391208291054e-01, 2.846707275239e-06, 6.1739e+01, 8.2144e-01, 
 1DIAGNOSTIC,    76, -9.392399787903e-01, 3.172621973135e-06, 6.2529e+01, 7.8981e-01, 
 1DIAGNOSTIC,    77, -9.392921924591e-01, 2.978830252687e-06, 6.3347e+01, 8.1771e-01, 
 1DIAGNOSTIC,    78, -9.394147992134e-01, 3.647040102805e-06, 6.4150e+01, 8.0328e-01, 
 1DIAGNOSTIC,    79, -9.392974376678e-01, 3.278030590081e-06, 6.4978e+01, 8.2744e-01, 
 1DIAGNOSTIC,    80, -9.394597411156e-01, 3.882462806359e-06, 6.5819e+01, 8.4109e-01, 
 1DIAGNOSTIC,    81, -9.393478631973e-01, 3.268510226917e-06, 6.6619e+01, 8.0085e-01, 
 1DIAGNOSTIC,    82, -9.394806623459e-01, 3.503953394102e-06, 6.7410e+01, 7.9078e-01, 
 1DIAGNOSTIC,    83, -9.393715262413e-01, 2.622725787660e-06, 6.8180e+01, 7.6973e-01, 
 1DIAGNOSTIC,    84, -9.395526647568e-01, 2.832547806975e-06, 6.8994e+01, 8.1369e-01, 
 1DIAGNOSTIC,    85, -9.394335746765e-01, 2.020282863668e-06, 6.9792e+01, 7.9825e-01, 
 1DIAGNOSTIC,    86, -9.395803809166e-01, 2.020988404183e-06, 7.0614e+01, 8.2160e-01, 
 1DIAGNOSTIC,    87, -9.394639730453e-01, 1.614965299268e-06, 7.1431e+01, 8.1782e-01, 
 1DIAGNOSTIC,    88, -9.396152496338e-01, 2.072272764053e-06, 7.2228e+01, 7.9676e-01, 
 1DIAGNOSTIC,    89, -9.395055174828e-01, 1.543836560813e-06, 7.3055e+01, 8.2713e-01, 
 1DIAGNOSTIC,    90, -9.396355748177e-01, 1.926571485455e-06, 7.3867e+01, 8.1212e-01, 
 1DIAGNOSTIC,    91, -9.395277500153e-01, 1.391587034050e-06, 7.4674e+01, 8.0700e-01, 
 1DIAGNOSTIC,    92, -9.396706819534e-01, 1.704950818748e-06, 7.5480e+01, 8.0564e-01, 
 1DIAGNOSTIC,    93, -9.395543336868e-01, 1.110996322495e-06, 7.6291e+01, 8.1119e-01, 
 1DIAGNOSTIC,    94, -9.396936893463e-01, 1.518818066870e-06, 7.7120e+01, 8.2921e-01, 
 1DIAGNOSTIC,    95, -9.395768642426e-01, 1.022789319904e-06, 7.7937e+01, 8.1663e-01, 
 1DIAGNOSTIC,    96, -9.397327303886e-01, 1.454861376260e-06, 7.8755e+01, 8.1809e-01, 
 1DIAGNOSTIC,    97, -9.396178126335e-01, 1.015355564959e-06, 7.9531e+01, 7.7580e-01, 
 1DIAGNOSTIC,    98, -9.397516250610e-01, 1.427165557288e-06, 8.0366e+01, 8.3481e-01, 
 1DIAGNOSTIC,    99, -9.396336674690e-01, 1.002246108328e-06, 8.1187e+01, 8.2107e-01, 
 1DIAGNOSTIC,   100, -9.397760033607e-01, 1.371091457258e-06, 8.1991e+01, 8.0451e-01, 
XXDIAGNOSTIC,Iteration,metricValue,convergenceValue,ITERATION_TIME_INDEX,SINCE_LAST
 1DIAGNOSTIC,     1, -8.626536130905e-01, inf, 8.5024e+01, 3.0324e+00, 
 1DIAGNOSTIC,     2, -8.629474043846e-01, inf, 8.7654e+01, 2.6299e+00, 
 1DIAGNOSTIC,     3, -8.636754155159e-01, inf, 9.0262e+01, 2.6084e+00, 
 1DIAGNOSTIC,     4, -8.643021583557e-01, inf, 9.2932e+01, 2.6702e+00, 
 1DIAGNOSTIC,     5, -8.648836612701e-01, inf, 9.5531e+01, 2.5989e+00, 
 1DIAGNOSTIC,     6, -8.654273152351e-01, inf, 9.8149e+01, 2.6174e+00, 
 1DIAGNOSTIC,     7, -8.659440279007e-01, inf, 1.0078e+02, 2.6335e+00, 
 1DIAGNOSTIC,     8, -8.664351105690e-01, inf, 1.0337e+02, 2.5925e+00, 
 1DIAGNOSTIC,     9, -8.668568134308e-01, inf, 1.0598e+02, 2.6044e+00, 
 1DIAGNOSTIC,    10, -8.672462105751e-01, 3.580771153793e-04, 1.0860e+02, 2.6173e+00, 
 1DIAGNOSTIC,    11, -8.675554990768e-01, 3.113778657280e-04, 1.1120e+02, 2.6064e+00, 
 1DIAGNOSTIC,    12, -8.677673339844e-01, 2.582831075415e-04, 1.1382e+02, 2.6127e+00, 
 1DIAGNOSTIC,    13, -8.680002093315e-01, 2.143136516679e-04, 1.1647e+02, 2.6572e+00, 
 1DIAGNOSTIC,    14, -8.682103753090e-01, 1.767589274095e-04, 1.1910e+02, 2.6275e+00, 
 1DIAGNOSTIC,    15, -8.683967590332e-01, 1.448682887712e-04, 1.2171e+02, 2.6077e+00, 
 1DIAGNOSTIC,    16, -8.685827255249e-01, 1.186735098599e-04, 1.2432e+02, 2.6147e+00, 
 1DIAGNOSTIC,    17, -8.687366247177e-01, 9.761620458448e-05, 1.2694e+02, 2.6157e+00, 
 1DIAGNOSTIC,    18, -8.688921928406e-01, 8.171697118087e-05, 1.2955e+02, 2.6093e+00, 
 1DIAGNOSTIC,    19, -8.690313100815e-01, 6.961858161958e-05, 1.3215e+02, 2.6019e+00, 
 1DIAGNOSTIC,    20, -8.691813945770e-01, 6.115467840573e-05, 1.3475e+02, 2.6015e+00, 
 1DIAGNOSTIC,    21, -8.693153262138e-01, 5.480293475557e-05, 1.3737e+02, 2.6195e+00, 
 1DIAGNOSTIC,    22, -8.694213032722e-01, 4.872044155491e-05, 1.4000e+02, 2.6292e+00, 
 1DIAGNOSTIC,    23, -8.695426583290e-01, 4.374486161396e-05, 1.4264e+02, 2.6396e+00, 
 1DIAGNOSTIC,    24, -8.696367740631e-01, 3.931382889277e-05, 1.4526e+02, 2.6187e+00, 
 1DIAGNOSTIC,    25, -8.697462677956e-01, 3.549741813913e-05, 1.4787e+02, 2.6089e+00, 
 1DIAGNOSTIC,    26, -8.698338866234e-01, 3.216048207833e-05, 1.5048e+02, 2.6167e+00, 
 1DIAGNOSTIC,    27, -8.699350357056e-01, 2.921941813838e-05, 1.5310e+02, 2.6157e+00, 
 1DIAGNOSTIC,    28, -8.700373172760e-01, 2.682794547582e-05, 1.5571e+02, 2.6123e+00, 
 1DIAGNOSTIC,    29, -8.701256513596e-01, 2.470319850545e-05, 1.5832e+02, 2.6127e+00, 
 1DIAGNOSTIC,    30, -8.701881766319e-01, 2.277985549881e-05, 1.6093e+02, 2.6076e+00, 
 1DIAGNOSTIC,    31, -8.702840805054e-01, 2.133891939593e-05, 1.6355e+02, 2.6181e+00, 
 1DIAGNOSTIC,    32, -8.703616857529e-01, 1.990635246329e-05, 1.6616e+02, 2.6120e+00, 
 1DIAGNOSTIC,    33, -8.704230189323e-01, 1.855588743638e-05, 1.6877e+02, 2.6123e+00, 
 1DIAGNOSTIC,    34, -8.704946041107e-01, 1.719355896057e-05, 1.7140e+02, 2.6235e+00, 
 1DIAGNOSTIC,    35, -8.705663681030e-01, 1.604694080015e-05, 1.7401e+02, 2.6080e+00, 
 1DIAGNOSTIC,    36, -8.706338405609e-01, 1.491186321800e-05, 1.7661e+02, 2.6043e+00, 
 1DIAGNOSTIC,    37, -8.707047104836e-01, 1.400188011758e-05, 1.7920e+02, 2.5949e+00, 
 1DIAGNOSTIC,    38, -8.707546591759e-01, 1.318374779657e-05, 1.8182e+02, 2.6120e+00, 
 1DIAGNOSTIC,    39, -8.708221912384e-01, 1.253456412087e-05, 1.8442e+02, 2.6057e+00, 
 1DIAGNOSTIC,    40, -8.708816766739e-01, 1.177649392048e-05, 1.8702e+02, 2.6011e+00, 
 1DIAGNOSTIC,    41, -8.709335327148e-01, 1.117063857237e-05, 1.8963e+02, 2.6095e+00, 
 1DIAGNOSTIC,    42, -8.709911704063e-01, 1.064702064468e-05, 1.9224e+02, 2.6045e+00, 
 1DIAGNOSTIC,    43, -8.710386753082e-01, 1.001990131044e-05, 1.9487e+02, 2.6274e+00, 
 1DIAGNOSTIC,    44, -8.710951805115e-01, 9.476067134528e-06, 1.9747e+02, 2.6006e+00, 
 1DIAGNOSTIC,    45, -8.711280822754e-01, 8.867196811480e-06, 2.0009e+02, 2.6205e+00, 
 1DIAGNOSTIC,    46, -8.711844086647e-01, 8.376579899050e-06, 2.0268e+02, 2.5925e+00, 
 1DIAGNOSTIC,    47, -8.712101578712e-01, 7.834872121748e-06, 2.0530e+02, 2.6212e+00, 
 1DIAGNOSTIC,    48, -8.712579607964e-01, 7.288849246834e-06, 2.0790e+02, 2.6041e+00, 
 1DIAGNOSTIC,    49, -8.713322877884e-01, 7.067091246427e-06, 2.1052e+02, 2.6111e+00, 
 1DIAGNOSTIC,    50, -8.714080452919e-01, 7.109903890523e-06, 2.1312e+02, 2.6067e+00, 
 1DIAGNOSTIC,    51, -8.714426159859e-01, 7.072935659380e-06, 2.1573e+02, 2.6117e+00, 
 1DIAGNOSTIC,    52, -8.714921474457e-01, 7.093869498931e-06, 2.1832e+02, 2.5882e+00, 
 1DIAGNOSTIC,    53, -8.715279102325e-01, 6.998112894507e-06, 2.2093e+02, 2.6032e+00, 
 1DIAGNOSTIC,    54, -8.715442419052e-01, 6.724280865456e-06, 2.2357e+02, 2.6488e+00, 
 1DIAGNOSTIC,    55, -8.715837597847e-01, 6.293348633335e-06, 2.2617e+02, 2.5919e+00, 
 1DIAGNOSTIC,    56, -8.716137409210e-01, 5.830811005580e-06, 2.2878e+02, 2.6159e+00, 
 1DIAGNOSTIC,    57, -8.716486692429e-01, 5.224377673585e-06, 2.3139e+02, 2.6104e+00, 
 1DIAGNOSTIC,    58, -8.716931343079e-01, 4.702119440481e-06, 2.3399e+02, 2.5996e+00, 
 1DIAGNOSTIC,    59, -8.717176318169e-01, 4.335564881330e-06, 2.3658e+02, 2.5892e+00, 
 1DIAGNOSTIC,    60, -8.717594146729e-01, 4.255276508047e-06, 2.3919e+02, 2.6138e+00, 
 1DIAGNOSTIC,    61, -8.717572093010e-01, 3.983790065831e-06, 2.4180e+02, 2.6097e+00, 
 1DIAGNOSTIC,    62, -8.718001842499e-01, 3.875239599438e-06, 2.4443e+02, 2.6273e+00, 
 1DIAGNOSTIC,    63, -8.718264102936e-01, 3.762778078453e-06, 2.4710e+02, 2.6643e+00, 
 1DIAGNOSTIC,    64, -8.718534708023e-01, 3.555706825864e-06, 2.4974e+02, 2.6438e+00, 
 1DIAGNOSTIC,    65, -8.718756437302e-01, 3.369449586899e-06, 2.5235e+02, 2.6082e+00, 
 1DIAGNOSTIC,    66, -8.718657493591e-01, 3.009870397364e-06, 2.5498e+02, 2.6342e+00, 
 1DIAGNOSTIC,    67, -8.718948960304e-01, 2.729527068368e-06, 2.5766e+02, 2.6797e+00, 
 1DIAGNOSTIC,    68, -8.719161748886e-01, 2.548843212935e-06, 2.6027e+02, 2.6103e+00, 
 1DIAGNOSTIC,    69, -8.719416856766e-01, 2.402257905487e-06, 2.6288e+02, 2.6075e+00, 
 1DIAGNOSTIC,    70, -8.719696998596e-01, 2.401297706456e-06, 2.6548e+02, 2.5969e+00, 
 1DIAGNOSTIC,    71, -8.719696402550e-01, 2.199321215812e-06, 2.6808e+02, 2.6042e+00, 
 1DIAGNOSTIC,    72, -8.719870448112e-01, 2.108865601258e-06, 2.7068e+02, 2.5955e+00, 
 1DIAGNOSTIC,    73, -8.720066547394e-01, 2.059604412352e-06, 2.7329e+02, 2.6142e+00, 
 1DIAGNOSTIC,    74, -8.720186352730e-01, 2.021952013820e-06, 2.7589e+02, 2.6037e+00, 
 1DIAGNOSTIC,    75, -8.720390796661e-01, 2.019972725975e-06, 2.7848e+02, 2.5810e+00, 
 1DIAGNOSTIC,    76, -8.720523715019e-01, 1.876755845842e-06, 2.8108e+02, 2.6042e+00, 
 1DIAGNOSTIC,    77, -8.720745444298e-01, 1.813669996409e-06, 2.8367e+02, 2.5886e+00, 
 1DIAGNOSTIC,    78, -8.720887899399e-01, 1.761751832419e-06, 2.8626e+02, 2.5957e+00, 
 1DIAGNOSTIC,    79, -8.721148371696e-01, 1.790381247702e-06, 2.8887e+02, 2.6015e+00, 
 1DIAGNOSTIC,    80, -8.721284270287e-01, 1.853727667367e-06, 2.9147e+02, 2.6009e+00, 
 1DIAGNOSTIC,    81, -8.721528053284e-01, 1.871805693554e-06, 2.9407e+02, 2.6015e+00, 
 1DIAGNOSTIC,    82, -8.721773624420e-01, 1.911092113005e-06, 2.9669e+02, 2.6174e+00, 
 1DIAGNOSTIC,    83, -8.721926212311e-01, 1.937616616488e-06, 2.9929e+02, 2.6071e+00, 
 1DIAGNOSTIC,    84, -8.722104430199e-01, 1.927877519847e-06, 3.0194e+02, 2.6489e+00, 
 1DIAGNOSTIC,    85, -8.722280859947e-01, 1.914182121254e-06, 3.0455e+02, 2.6050e+00, 
 1DIAGNOSTIC,    86, -8.722507357597e-01, 1.886092263703e-06, 3.0714e+02, 2.5980e+00, 
 1DIAGNOSTIC,    87, -8.722656369209e-01, 1.849121758823e-06, 3.0975e+02, 2.6067e+00, 
 1DIAGNOSTIC,    88, -8.722804188728e-01, 1.775605028342e-06, 3.1237e+02, 2.6173e+00, 
 1DIAGNOSTIC,    89, -8.723275661469e-01, 1.835649527493e-06, 3.1497e+02, 2.6056e+00, 
 1DIAGNOSTIC,    90, -8.723162412643e-01, 1.754116624397e-06, 3.1759e+02, 2.6113e+00, 
 1DIAGNOSTIC,    91, -8.723263740540e-01, 1.664232058829e-06, 3.2019e+02, 2.6084e+00, 
 1DIAGNOSTIC,    92, -8.723753690720e-01, 1.710302171887e-06, 3.2280e+02, 2.6065e+00, 
 1DIAGNOSTIC,    93, -8.723611235619e-01, 1.620396119506e-06, 3.2543e+02, 2.6268e+00, 
 1DIAGNOSTIC,    94, -8.724079132080e-01, 1.634475211176e-06, 3.2805e+02, 2.6196e+00, 
 1DIAGNOSTIC,    95, -8.723969459534e-01, 1.542526206322e-06, 3.3064e+02, 2.5944e+00, 
 1DIAGNOSTIC,    96, -8.724467754364e-01, 1.585079417055e-06, 3.3327e+02, 2.6299e+00, 
 1DIAGNOSTIC,    97, -8.724731206894e-01, 1.638755065869e-06, 3.3587e+02, 2.5971e+00, 
 1DIAGNOSTIC,    98, -8.724870681763e-01, 1.654295488152e-06, 3.3846e+02, 2.5969e+00, 
 1DIAGNOSTIC,    99, -8.724639415741e-01, 1.624295578040e-06, 3.4110e+02, 2.6371e+00, 
 1DIAGNOSTIC,   100, -8.725140094757e-01, 1.599022311893e-06, 3.4370e+02, 2.6009e+00, 
XXDIAGNOSTIC,Iteration,metricValue,convergenceValue,ITERATION_TIME_INDEX,SINCE_LAST
 1DIAGNOSTIC,     1, -7.441479563713e-01, inf, 3.6565e+02, 2.1947e+01, 
 1DIAGNOSTIC,     2, -7.467203140259e-01, inf, 3.8674e+02, 2.1089e+01, 
 1DIAGNOSTIC,     3, -7.493662238121e-01, inf, 4.0787e+02, 2.1132e+01, 
 1DIAGNOSTIC,     4, -7.518687248230e-01, inf, 4.2884e+02, 2.0966e+01, 
 1DIAGNOSTIC,     5, -7.541484236717e-01, inf, 4.4982e+02, 2.0981e+01, 
 1DIAGNOSTIC,     6, -7.562336921692e-01, inf, 4.7101e+02, 2.1188e+01, 
 1DIAGNOSTIC,     7, -7.581270933151e-01, inf, 4.9227e+02, 2.1261e+01, 
 1DIAGNOSTIC,     8, -7.598735690117e-01, inf, 5.1340e+02, 2.1135e+01, 
 1DIAGNOSTIC,     9, -7.614797949791e-01, inf, 5.3462e+02, 2.1218e+01, 
 1DIAGNOSTIC,    10, -7.628022432327e-01, 1.592539600097e-03, 5.5580e+02, 2.1178e+01, 
 1DIAGNOSTIC,    11, -7.640747427940e-01, 1.330963568762e-03, 5.7700e+02, 2.1200e+01, 
 1DIAGNOSTIC,    12, -7.651255130768e-01, 1.106307143345e-03, 5.9813e+02, 2.1132e+01, 
 1DIAGNOSTIC,    13, -7.660489082336e-01, 9.187182877213e-04, 6.1943e+02, 2.1300e+01, 
 1DIAGNOSTIC,    14, -7.669613361359e-01, 7.654221262783e-04, 6.4070e+02, 2.1265e+01, 
 1DIAGNOSTIC,    15, -7.677600383759e-01, 6.390787893906e-04, 6.6185e+02, 2.1156e+01, 
 1DIAGNOSTIC,    16, -7.685463428497e-01, 5.367258563638e-04, 6.8319e+02, 2.1340e+01, 
 1DIAGNOSTIC,    17, -7.692246437073e-01, 4.532211751211e-04, 7.0455e+02, 2.1358e+01, 
 1DIAGNOSTIC,    18, -7.699112892151e-01, 3.873573150486e-04, 7.2596e+02, 2.1406e+01, 
 1DIAGNOSTIC,    19, -7.704944610596e-01, 3.353361971676e-04, 7.4734e+02, 2.1380e+01, 
 1DIAGNOSTIC,    20, -7.711061835289e-01, 2.932097704615e-04, 7.6854e+02, 2.1208e+01, 
 1DIAGNOSTIC,    21, -7.716395854950e-01, 2.596816339064e-04, 7.8997e+02, 2.1428e+01, 
 1DIAGNOSTIC,    22, -7.721510529518e-01, 2.313216100447e-04, 8.1125e+02, 2.1277e+01, 
 1DIAGNOSTIC,    23, -7.726411819458e-01, 2.065667067654e-04, 8.3252e+02, 2.1273e+01, 
 1DIAGNOSTIC,    24, -7.730891704559e-01, 1.855349837570e-04, 8.5368e+02, 2.1153e+01, 
 1DIAGNOSTIC,    25, -7.735029459000e-01, 1.667283067945e-04, 8.7485e+02, 2.1172e+01, 
 1DIAGNOSTIC,    26, -7.739009857178e-01, 1.505884865765e-04, 8.9594e+02, 2.1092e+01, 
 1DIAGNOSTIC,    27, -7.742702960968e-01, 1.358285662718e-04, 9.1729e+02, 2.1353e+01, 
 1DIAGNOSTIC,    28, -7.746168971062e-01, 1.230039051734e-04, 9.3866e+02, 2.1366e+01, 
 1DIAGNOSTIC,    29, -7.749131321907e-01, 1.106737981900e-04, 9.5984e+02, 2.1183e+01, 
 1DIAGNOSTIC,    30, -7.752557396889e-01, 1.005138838082e-04, 9.8094e+02, 2.1102e+01, 
 1DIAGNOSTIC,    31, -7.755404114723e-01, 9.126311488217e-05, 1.0023e+03, 2.1381e+01, 
 1DIAGNOSTIC,    32, -7.758387923241e-01, 8.332347351825e-05, 1.0234e+03, 2.1121e+01, 
 1DIAGNOSTIC,    33, -7.760753631592e-01, 7.612915942445e-05, 1.0446e+03, 2.1122e+01, 
 1DIAGNOSTIC,    34, -7.763693332672e-01, 7.024266960798e-05, 1.0658e+03, 2.1232e+01, 
 1DIAGNOSTIC,    35, -7.766197323799e-01, 6.504129851237e-05, 1.0871e+03, 2.1316e+01, 
 1DIAGNOSTIC,    36, -7.768241763115e-01, 6.014842074364e-05, 1.1085e+03, 2.1375e+01, 
 1DIAGNOSTIC,    37, -7.770766615868e-01, 5.605096521322e-05, 1.1299e+03, 2.1404e+01, 
 1DIAGNOSTIC,    38, -7.772620320320e-01, 5.203606269788e-05, 1.1511e+03, 2.1162e+01, 
 1DIAGNOSTIC,    39, -7.774636149406e-01, 4.800752503797e-05, 1.1722e+03, 2.1152e+01, 
 1DIAGNOSTIC,    40, -7.776614427567e-01, 4.462543438422e-05, 1.1935e+03, 2.1270e+01, 
 1DIAGNOSTIC,    41, -7.778601646423e-01, 4.153202462476e-05, 1.2147e+03, 2.1221e+01, 
 1DIAGNOSTIC,    42, -7.780014872551e-01, 3.852583176922e-05, 1.2361e+03, 2.1429e+01, 
 1DIAGNOSTIC,    43, -7.782024741173e-01, 3.576996459742e-05, 1.2572e+03, 2.1100e+01, 
 1DIAGNOSTIC,    44, -7.783560752869e-01, 3.350044062245e-05, 1.2783e+03, 2.1116e+01, 
 1DIAGNOSTIC,    45, -7.784849405289e-01, 3.127799209324e-05, 1.2996e+03, 2.1254e+01, 
 1DIAGNOSTIC,    46, -7.786777019501e-01, 2.937926001323e-05, 1.3206e+03, 2.1040e+01, 
 1DIAGNOSTIC,    47, -7.788153886795e-01, 2.784328898997e-05, 1.3420e+03, 2.1400e+01, 
 1DIAGNOSTIC,    48, -7.789437770844e-01, 2.615241828607e-05, 1.3632e+03, 2.1136e+01, 
 1DIAGNOSTIC,    49, -7.790886163712e-01, 2.467175727361e-05, 1.3845e+03, 2.1348e+01, 
 1DIAGNOSTIC,    50, -7.791755795479e-01, 2.301753920619e-05, 1.4058e+03, 2.1226e+01, 
 1DIAGNOSTIC,    51, -7.793322205544e-01, 2.183947253798e-05, 1.4269e+03, 2.1128e+01, 
 1DIAGNOSTIC,    52, -7.794427871704e-01, 2.041404331976e-05, 1.4480e+03, 2.1165e+01, 
 1DIAGNOSTIC,    53, -7.795395851135e-01, 1.919593523780e-05, 1.4695e+03, 2.1497e+01, 
 1DIAGNOSTIC,    54, -7.796751260757e-01, 1.820447323553e-05, 1.4907e+03, 2.1188e+01, 
 1DIAGNOSTIC,    55, -7.797639966011e-01, 1.698240339465e-05, 1.5121e+03, 2.1333e+01, 
 1DIAGNOSTIC,    56, -7.798703908920e-01, 1.617987618374e-05, 1.5333e+03, 2.1254e+01, 
 1DIAGNOSTIC,    57, -7.799582481384e-01, 1.534420516691e-05, 1.5546e+03, 2.1307e+01, 
 1DIAGNOSTIC,    58, -7.800658345222e-01, 1.459741633880e-05, 1.5757e+03, 2.1122e+01, 
 1DIAGNOSTIC,    59, -7.801245450974e-01, 1.378378328809e-05, 1.5970e+03, 2.1236e+01, 
 1DIAGNOSTIC,    60, -7.802507281303e-01, 1.301440079260e-05, 1.6182e+03, 2.1211e+01, 
 1DIAGNOSTIC,    61, -7.803207039833e-01, 1.241731206392e-05, 1.6394e+03, 2.1217e+01, 
 1DIAGNOSTIC,    62, -7.804008722305e-01, 1.181902280223e-05, 1.6606e+03, 2.1198e+01, 
 1DIAGNOSTIC,    63, -7.804866433144e-01, 1.120219258155e-05, 1.6821e+03, 2.1516e+01, 
 1DIAGNOSTIC,    64, -7.805714607239e-01, 1.083064853447e-05, 1.7035e+03, 2.1347e+01, 
 1DIAGNOSTIC,    65, -7.806051969528e-01, 1.015342513710e-05, 1.7248e+03, 2.1370e+01, 
 1DIAGNOSTIC,    66, -7.807199358940e-01, 9.794764991966e-06, 1.7460e+03, 2.1205e+01, 
 1DIAGNOSTIC,    67, -7.807958126068e-01, 9.428391422261e-06, 1.7674e+03, 2.1336e+01, 
 1DIAGNOSTIC,    68, -7.808363437653e-01, 9.004395906231e-06, 1.7885e+03, 2.1124e+01, 
 1DIAGNOSTIC,    69, -7.809417247772e-01, 8.635662197776e-06, 1.8096e+03, 2.1066e+01, 
 1DIAGNOSTIC,    70, -7.809875011444e-01, 8.381214684050e-06, 1.8306e+03, 2.0985e+01, 
XXDIAGNOSTIC,Iteration,metricValue,convergenceValue,ITERATION_TIME_INDEX,SINCE_LAST
 1DIAGNOSTIC,     1, -4.865086376667e-01, inf, 2.0046e+03, 1.7405e+02, 
 1DIAGNOSTIC,     2, -4.879861772060e-01, inf, 2.1750e+03, 1.7036e+02, 
 1DIAGNOSTIC,     3, -4.895370006561e-01, inf, 2.3462e+03, 1.7124e+02, 
 1DIAGNOSTIC,     4, -4.911298155785e-01, inf, 2.5188e+03, 1.7260e+02, 
 1DIAGNOSTIC,     5, -4.928370714188e-01, inf, 2.6888e+03, 1.6999e+02, 
 1DIAGNOSTIC,     6, -4.944183826447e-01, inf, 2.8604e+03, 1.7161e+02, 
 1DIAGNOSTIC,     7, -4.960795640945e-01, inf, 3.0315e+03, 1.7111e+02, 
 1DIAGNOSTIC,     8, -4.976916313171e-01, inf, 3.2025e+03, 1.7097e+02, 
 1DIAGNOSTIC,     9, -4.993332922459e-01, inf, 3.3733e+03, 1.7081e+02, 
 1DIAGNOSTIC,    10, -5.007751584053e-01, 1.873055472970e-03, 3.5465e+03, 1.7319e+02, 
 1DIAGNOSTIC,    11, -5.021175146103e-01, 1.688252668828e-03, 3.7151e+03, 1.6865e+02, 
 1DIAGNOSTIC,    12, -5.032106637955e-01, 1.504965242930e-03, 3.8854e+03, 1.7026e+02, 
 1DIAGNOSTIC,    13, -5.042904019356e-01, 1.329262275249e-03, 4.0555e+03, 1.7008e+02, 
 1DIAGNOSTIC,    14, -5.052738189697e-01, 1.162329455838e-03, 4.2263e+03, 1.7087e+02, 
 1DIAGNOSTIC,    15, -5.062277913094e-01, 1.012330758385e-03, 4.3962e+03, 1.6988e+02, 
 1DIAGNOSTIC,    16, -5.071187615395e-01, 8.758830372244e-04, 4.5665e+03, 1.7026e+02, 
 1DIAGNOSTIC,    17, -5.079740881920e-01, 7.588038570248e-04, 4.7374e+03, 1.7088e+02, 
 1DIAGNOSTIC,    18, -5.087537169456e-01, 6.597411702387e-04, 4.9082e+03, 1.7083e+02, 
 1DIAGNOSTIC,    19, -5.096163153648e-01, 5.844674888067e-04, 5.0797e+03, 1.7152e+02, 
 1DIAGNOSTIC,    20, -5.103539228439e-01, 5.237529403530e-04, 5.2514e+03, 1.7170e+02, 
  Elapsed time (stage 2): 5255


Total elapsed time: 5286
Using single precision for computations.
Input scalar image: /home/mpib/nemecz/Projects/miniTRK/Results/01_MRI/GroupTempl/T1w/T_template0sub-828626_T1wRepaired.nii.gz
Reference image: /home/mpib/nemecz/Projects/miniTRK/Results/01_MRI/GroupTempl/T1w/T_template0.nii.gz
=============================================================================
The composite transform comprises the following transforms (in order): 
  1. /home/mpib/nemecz/Projects/miniTRK/Results/01_MRI/GroupTempl/T1w/T_sub-828626_T1w310GenericAffine.mat (type = AffineTransform)
  2. /home/mpib/nemecz/Projects/miniTRK/Results/01_MRI/GroupTempl/T1w/T_sub-828626_T1w311Warp.nii.gz (type = DisplacementFieldTransform)
=============================================================================
Default pixel value: 0
Interpolation type: LinearInterpolateImageFunction
Output warped image: /home/mpib/nemecz/Projects/miniTRK/Results/01_MRI/GroupTempl/T1w/T_template0sub-828626_T1w31WarpedToTemplate.nii.gz
